add_team: SUCCESS
add_team: SUCCESS
add_team: SUCCESS
add_team: SUCCESS
add_team: SUCCESS
add_team: SUCCESS
add_team: SUCCESS
add_team: SUCCESS
add_team: SUCCESS
add_team: SUCCESS
add_team: SUCCESS
add_team: SUCCESS
add_team: SUCCESS
add_team: SUCCESS
add_team: SUCCESS
add_team: SUCCESS
add_team: SUCCESS
add_team: SUCCESS
add_team: SUCCESS
add_team: SUCCESS
add_team: SUCCESS
add_team: SUCCESS
add_team: SUCCESS
add_team: SUCCESS
add_team: SUCCESS
add_team: SUCCESS
add_team: SUCCESS
add_team: SUCCESS
add_team: SUCCESS
add_team: SUCCESS
add_team: SUCCESS
add_team: SUCCESS
add_team: SUCCESS
add_team: SUCCESS
add_team: SUCCESS
add_team: SUCCESS
add_team: SUCCESS
add_team: SUCCESS
add_team: SUCCESS
add_team: SUCCESS
add_team: SUCCESS
add_team: SUCCESS
add_team: SUCCESS
add_team: SUCCESS
add_team: SUCCESS
add_team: SUCCESS
add_team: SUCCESS
add_team: SUCCESS
add_team: SUCCESS
add_team: SUCCESS
add_team: SUCCESS
add_team: SUCCESS
add_team: SUCCESS
add_team: SUCCESS
add_team: SUCCESS
add_team: SUCCESS
add_team: SUCCESS
add_team: SUCCESS
add_team: SUCCESS
add_team: SUCCESS
add_team: SUCCESS
add_team: SUCCESS
add_team: SUCCESS
add_team: SUCCESS
add_team: SUCCESS
add_team: SUCCESS
add_team: SUCCESS
add_team: SUCCESS
add_team: SUCCESS
add_team: SUCCESS
add_team: SUCCESS
add_team: SUCCESS
add_team: SUCCESS
add_team: SUCCESS
add_team: SUCCESS
add_team: SUCCESS
add_team: SUCCESS
add_team: SUCCESS
add_team: SUCCESS
add_team: SUCCESS
add_team: SUCCESS
add_team: SUCCESS
add_team: SUCCESS
add_team: SUCCESS
add_team: SUCCESS
add_team: SUCCESS
add_team: SUCCESS
add_team: SUCCESS
add_team: SUCCESS
add_team: SUCCESS
add_team: SUCCESS
add_team: SUCCESS
add_team: SUCCESS
add_team: SUCCESS
add_team: SUCCESS
add_team: SUCCESS
add_team: SUCCESS
add_team: SUCCESS
add_team: SUCCESS
add_team: SUCCESS
add_player: SUCCESS
add_player: SUCCESS
add_player: SUCCESS
add_player: SUCCESS
add_player: SUCCESS
add_player: SUCCESS
add_player: SUCCESS
add_player: SUCCESS
add_player: SUCCESS
add_player: SUCCESS
add_player: SUCCESS
add_player: SUCCESS
add_player: SUCCESS
add_player: SUCCESS
add_player: SUCCESS
add_player: SUCCESS
add_player: SUCCESS
add_player: SUCCESS
add_player: SUCCESS
add_player: SUCCESS
add_player: SUCCESS
add_player: SUCCESS
add_player: SUCCESS
add_player: SUCCESS
add_player: SUCCESS
add_player: SUCCESS
add_player: SUCCESS
add_player: SUCCESS
add_player: SUCCESS
add_player: SUCCESS
add_player: SUCCESS
add_player: SUCCESS
add_player: SUCCESS
add_player: SUCCESS
add_player: SUCCESS
add_player: SUCCESS
add_player: SUCCESS
add_player: SUCCESS
add_player: SUCCESS
add_player: SUCCESS
add_player: SUCCESS
add_player: SUCCESS
add_player: SUCCESS
add_player: SUCCESS
add_player: SUCCESS
add_player: SUCCESS
add_player: SUCCESS
add_player: SUCCESS
add_player: SUCCESS
add_player: SUCCESS
add_player: SUCCESS
add_player: SUCCESS
add_player: SUCCESS
add_player: SUCCESS
add_player: SUCCESS
add_player: SUCCESS
add_player: SUCCESS
add_player: SUCCESS
add_player: SUCCESS
add_player: SUCCESS
add_player: SUCCESS
add_player: SUCCESS
add_player: SUCCESS
add_player: SUCCESS
add_player: SUCCESS
add_player: SUCCESS
add_player: SUCCESS
add_player: SUCCESS
add_player: SUCCESS
add_player: SUCCESS
add_player: SUCCESS
add_player: SUCCESS
add_player: SUCCESS
add_player: SUCCESS
add_player: SUCCESS
add_player: SUCCESS
add_player: SUCCESS
add_player: SUCCESS
add_player: SUCCESS
add_player: SUCCESS
add_player: SUCCESS
add_player: SUCCESS
add_player: SUCCESS
add_player: SUCCESS
add_player: SUCCESS
add_player: SUCCESS
add_player: SUCCESS
add_player: SUCCESS
add_player: SUCCESS
add_player: SUCCESS
add_player: SUCCESS
add_player: SUCCESS
add_player: SUCCESS
add_player: SUCCESS
add_player: SUCCESS
add_player: SUCCESS
add_player: SUCCESS
add_player: SUCCESS
add_player: SUCCESS
add_player: SUCCESS
num_played_games_for_player: SUCCESS, 22
play_match: SUCCESS, 3
add_player: SUCCESS
add_player_cards: SUCCESS
add_player_cards: SUCCESS
add_player: SUCCESS
add_player: SUCCESS
remove_team: FAILURE
add_player: SUCCESS
get_player_cards: SUCCESS, 167
get_team_points: SUCCESS, 0
add_player: SUCCESS
add_team: SUCCESS
add_player: SUCCESS
add_player: SUCCESS
get_ith_pointless_ability: FAILURE
get_team_points: SUCCESS, 0
remove_team: FAILURE
get_ith_pointless_ability: FAILURE
remove_team: FAILURE
get_partial_spirit: SUCCESS, 1,2,3,4,5
add_player_cards: SUCCESS
num_played_games_for_player: SUCCESS, 22
get_partial_spirit: SUCCESS, 1,2,3,4,5
add_player: SUCCESS
remove_team: FAILURE
add_team: FAILURE
add_player: SUCCESS
get_partial_spirit: SUCCESS, 1,2,3,4,5
add_player: SUCCESS
get_team_points: SUCCESS, 0
add_player: SUCCESS
add_team: FAILURE
get_partial_spirit: SUCCESS, 1,2,3,4,5
remove_team: FAILURE
buy_team: SUCCESS
get_player_cards: SUCCESS, 124
get_team_points: SUCCESS, 0
get_player_cards: SUCCESS, 47
add_team: FAILURE
get_partial_spirit: SUCCESS, 1,2,3,4,5
get_partial_spirit: SUCCESS, 5,1,4,3,2
get_partial_spirit: SUCCESS, 3,2,1,4,5
add_player: SUCCESS
add_player: SUCCESS
num_played_games_for_player: SUCCESS, 22
get_player_cards: SUCCESS, 243
get_team_points: SUCCESS, 0
num_played_games_for_player: SUCCESS, 22
get_ith_pointless_ability: SUCCESS, 52
get_partial_spirit: SUCCESS, 1,2,3,4,5
num_played_games_for_player: SUCCESS, 22
add_player_cards: SUCCESS
get_partial_spirit: SUCCESS, 1,2,3,4,5
get_team_points: SUCCESS, 0
add_player_cards: SUCCESS
play_match: FAILURE
get_player_cards: SUCCESS, 130
add_player: SUCCESS
add_player: SUCCESS
remove_team: FAILURE
remove_team: FAILURE
buy_team: SUCCESS
add_player: SUCCESS
num_played_games_for_player: SUCCESS, 22
buy_team: SUCCESS
remove_team: FAILURE
add_player: SUCCESS
remove_team: FAILURE
add_player: SUCCESS
remove_team: FAILURE
get_ith_pointless_ability: SUCCESS, 53
play_match: FAILURE
get_partial_spirit: SUCCESS, 4,1,2,5,3
add_player_cards: SUCCESS
add_player: SUCCESS
get_team_points: SUCCESS, 0
get_ith_pointless_ability: SUCCESS, 39
get_ith_pointless_ability: FAILURE
play_match: FAILURE
get_partial_spirit: SUCCESS, 3,1,4,5,2
play_match: FAILURE
add_team: FAILURE
num_played_games_for_player: SUCCESS, 22
add_team: FAILURE
add_player_cards: SUCCESS
play_match: FAILURE
get_team_points: SUCCESS, 0
play_match: FAILURE
get_team_points: SUCCESS, 0
get_player_cards: SUCCESS, 183
buy_team: SUCCESS
play_match: SUCCESS, 3
add_team: FAILURE
get_team_points: SUCCESS, 0
num_played_games_for_player: SUCCESS, 22
num_played_games_for_player: SUCCESS, 22
add_player: SUCCESS
remove_team: FAILURE
add_player: SUCCESS
add_player: SUCCESS
add_player: SUCCESS
get_player_cards: SUCCESS, 74
add_team: FAILURE
get_partial_spirit: SUCCESS, 3,2,5,4,1
play_match: SUCCESS, 1
add_player_cards: SUCCESS
add_team: FAILURE
get_ith_pointless_ability: FAILURE
add_player: FAILURE
get_partial_spirit: SUCCESS, 3,4,1,2,5
remove_team: FAILURE
add_team: FAILURE
num_played_games_for_player: SUCCESS, 22
get_ith_pointless_ability: FAILURE
get_team_points: SUCCESS, 0
add_player: FAILURE
remove_team: FAILURE
get_ith_pointless_ability: SUCCESS, 3
get_player_cards: SUCCESS, 231
add_player: FAILURE
num_played_games_for_player: SUCCESS, 22
remove_team: FAILURE
get_ith_pointless_ability: FAILURE
add_player_cards: SUCCESS
remove_team: FAILURE
get_player_cards: SUCCESS, 80
add_player: FAILURE
num_played_games_for_player: SUCCESS, 22
buy_team: SUCCESS
get_partial_spirit: SUCCESS, 2,5,4,3,1
add_player: FAILURE
add_player: FAILURE
get_player_cards: SUCCESS, 270
add_player: FAILURE
num_played_games_for_player: SUCCESS, 22
get_team_points: SUCCESS, 0
add_player: FAILURE
add_player: FAILURE
add_player: FAILURE
add_player: FAILURE
add_team: FAILURE
get_ith_pointless_ability: SUCCESS, 45
buy_team: SUCCESS
buy_team: SUCCESS
add_player: FAILURE
add_player: FAILURE
get_ith_pointless_ability: SUCCESS, 28
get_team_points: SUCCESS, 3
add_team: FAILURE
add_player_cards: SUCCESS
get_ith_pointless_ability: SUCCESS, 3
add_team: FAILURE
buy_team: SUCCESS
add_team: FAILURE
add_player: FAILURE
add_player: FAILURE
get_player_cards: SUCCESS, 69
buy_team: SUCCESS
add_player: FAILURE
add_player: FAILURE
remove_team: FAILURE
add_player: FAILURE
buy_team: SUCCESS
get_team_points: SUCCESS, 0
add_team: FAILURE
play_match: SUCCESS, 3
get_team_points: SUCCESS, 0
play_match: SUCCESS, 3
get_ith_pointless_ability: FAILURE
get_partial_spirit: SUCCESS, 1,2,5,4,3
get_ith_pointless_ability: SUCCESS, 85
add_player: FAILURE
add_player_cards: SUCCESS
play_match: FAILURE
get_partial_spirit: SUCCESS, 1,2,3,4,5
get_ith_pointless_ability: SUCCESS, 30
add_player: FAILURE
add_player: FAILURE
add_team: FAILURE
play_match: FAILURE
get_player_cards: SUCCESS, 245
add_player: FAILURE
add_player_cards: SUCCESS
remove_team: FAILURE
num_played_games_for_player: SUCCESS, 22
num_played_games_for_player: SUCCESS, 22
add_player: FAILURE
play_match: FAILURE
add_team: FAILURE
add_player: FAILURE
add_player_cards: SUCCESS
get_partial_spirit: SUCCESS, 5,1,4,3,2
num_played_games_for_player: SUCCESS, 22
remove_team: FAILURE
num_played_games_for_player: SUCCESS, 22
get_team_points: SUCCESS, 0
num_played_games_for_player: SUCCESS, 22
get_partial_spirit: SUCCESS, 1,2,3,4,5
remove_team: FAILURE
add_player: FAILURE
get_ith_pointless_ability: SUCCESS, 63
add_player: FAILURE
add_player: FAILURE
num_played_games_for_player: SUCCESS, 22
remove_team: FAILURE
add_team: FAILURE
remove_team: FAILURE
get_team_points: SUCCESS, 0
add_player: FAILURE
add_player: FAILURE
add_player: FAILURE
remove_team: FAILURE
remove_team: FAILURE
buy_team: SUCCESS
add_player_cards: FAILURE
add_player: FAILURE
play_match: FAILURE
get_player_cards: SUCCESS, 268
add_player: FAILURE
play_match: FAILURE
add_player: FAILURE
add_player: FAILURE
remove_team: FAILURE
get_player_cards: SUCCESS, 63
play_match: FAILURE
add_player: FAILURE
get_ith_pointless_ability: SUCCESS, 53
add_player: FAILURE
add_player: FAILURE
add_player: FAILURE
add_player: FAILURE
buy_team: SUCCESS
get_partial_spirit: SUCCESS, 1,2,3,4,5
add_player: FAILURE
add_team: FAILURE
get_partial_spirit: SUCCESS, 1,2,3,4,5
get_partial_spirit: SUCCESS, 1,2,3,4,5
get_ith_pointless_ability: FAILURE
get_ith_pointless_ability: SUCCESS, 86
get_partial_spirit: SUCCESS, 1,2,5,4,3
add_player: FAILURE
num_played_games_for_player: SUCCESS, 22
get_player_cards: SUCCESS, 114
get_player_cards: SUCCESS, 49
get_partial_spirit: SUCCESS, 1,2,3,4,5
get_ith_pointless_ability: FAILURE
num_played_games_for_player: SUCCESS, 22
play_match: FAILURE
add_player: FAILURE
play_match: SUCCESS, 1
buy_team: SUCCESS
buy_team: SUCCESS
add_team: FAILURE
get_player_cards: SUCCESS, 165
buy_team: SUCCESS
remove_team: FAILURE
num_played_games_for_player: SUCCESS, 22
remove_team: FAILURE
get_player_cards: SUCCESS, 13
remove_team: FAILURE
add_player: FAILURE
get_partial_spirit: SUCCESS, 1,2,3,4,5
get_player_cards: SUCCESS, 259
add_player: FAILURE
num_played_games_for_player: SUCCESS, 22
get_ith_pointless_ability: SUCCESS, 30
get_ith_pointless_ability: SUCCESS, 77
add_player: FAILURE
add_player_cards: SUCCESS
add_team: FAILURE
buy_team: SUCCESS
add_player: FAILURE
add_player: FAILURE
buy_team: SUCCESS
remove_team: FAILURE
add_player_cards: SUCCESS
add_team: FAILURE
play_match: FAILURE
buy_team: SUCCESS
add_player: FAILURE
remove_team: FAILURE
add_team: FAILURE
add_player: FAILURE
get_team_points: SUCCESS, 0
add_player_cards: SUCCESS
get_partial_spirit: SUCCESS, 3,2,1,4,5
num_played_games_for_player: SUCCESS, 22
add_player: FAILURE
num_played_games_for_player: SUCCESS, 22
buy_team: SUCCESS
get_partial_spirit: SUCCESS, 1,2,3,4,5
add_player_cards: SUCCESS
get_player_cards: SUCCESS, 374
num_played_games_for_player: SUCCESS, 22
remove_team: FAILURE
num_played_games_for_player: SUCCESS, 22
get_team_points: SUCCESS, 0
play_match: FAILURE
buy_team: SUCCESS
get_ith_pointless_ability: FAILURE
get_partial_spirit: SUCCESS, 2,3,4,1,5
get_player_cards: SUCCESS, 53
get_partial_spirit: SUCCESS, 1,2,3,4,5
get_partial_spirit: SUCCESS, 1,3,4,2,5
get_partial_spirit: SUCCESS, 5,4,2,3,1
add_team: FAILURE
play_match: FAILURE
get_partial_spirit: SUCCESS, 2,3,4,5,1
add_player: FAILURE
add_player: FAILURE
add_player_cards: SUCCESS
add_player: FAILURE
add_player: FAILURE
get_partial_spirit: SUCCESS, 1,2,3,4,5
add_player: FAILURE
add_player: FAILURE
play_match: FAILURE
get_team_points: SUCCESS, 0
add_player: FAILURE
get_partial_spirit: SUCCESS, 1,2,3,4,5
add_player_cards: SUCCESS
add_team: FAILURE
num_played_games_for_player: SUCCESS, 22
add_team: FAILURE
add_team: FAILURE
get_team_points: SUCCESS, 0
add_player: FAILURE
add_player: FAILURE
remove_team: FAILURE
num_played_games_for_player: SUCCESS, 22
add_team: FAILURE
get_team_points: SUCCESS, 0
get_ith_pointless_ability: FAILURE
play_match: FAILURE
add_team: FAILURE
buy_team: SUCCESS
remove_team: FAILURE
get_ith_pointless_ability: FAILURE
get_player_cards: SUCCESS, 167
get_ith_pointless_ability: FAILURE
add_player: FAILURE
get_player_cards: SUCCESS, 199
remove_team: FAILURE
buy_team: SUCCESS
get_ith_pointless_ability: SUCCESS, 79
add_team: FAILURE
get_partial_spirit: SUCCESS, 1,2,3,5,4
add_team: FAILURE
add_player: FAILURE
get_ith_pointless_ability: FAILURE
play_match: SUCCESS, 1
add_player: FAILURE
remove_team: FAILURE
add_player: FAILURE
get_partial_spirit: SUCCESS, 1,2,3,4,5
add_player: FAILURE
add_player: FAILURE
add_player_cards: SUCCESS
add_player: FAILURE
get_partial_spirit: SUCCESS, 3,2,1,4,5
add_player: FAILURE
add_team: FAILURE
add_player_cards: SUCCESS
buy_team: SUCCESS
play_match: FAILURE
buy_team: SUCCESS
buy_team: SUCCESS
get_partial_spirit: SUCCESS, 1,2,3,4,5
get_team_points: SUCCESS, 0
add_player: FAILURE
add_team: FAILURE
add_player: FAILURE
add_player: FAILURE
add_player_cards: SUCCESS
get_player_cards: SUCCESS, 74
buy_team: SUCCESS
get_ith_pointless_ability: SUCCESS, 35
remove_team: FAILURE
remove_team: FAILURE
add_player_cards: SUCCESS
get_team_points: SUCCESS, 0
add_team: FAILURE
play_match: FAILURE
add_player: FAILURE
get_partial_spirit: SUCCESS, 4,2,1,3,5
remove_team: FAILURE
add_player: FAILURE
get_ith_pointless_ability: FAILURE
add_player: FAILURE
get_player_cards: SUCCESS, 47
buy_team: SUCCESS
play_match: FAILURE
add_team: FAILURE
buy_team: SUCCESS
num_played_games_for_player: SUCCESS, 22
get_partial_spirit: FAILURE
add_player: FAILURE
add_player: FAILURE
add_player_cards: SUCCESS
add_team: FAILURE
get_player_cards: SUCCESS, 74
get_partial_spirit: SUCCESS, 2,3,1,4,5
get_team_points: SUCCESS, 0
get_team_points: SUCCESS, 0
add_player: FAILURE
get_ith_pointless_ability: SUCCESS, 17
get_ith_pointless_ability: FAILURE
add_player: FAILURE
buy_team: SUCCESS
add_player: FAILURE
play_match: SUCCESS, 3
get_team_points: SUCCESS, 0
add_player_cards: SUCCESS
add_player: FAILURE
add_team: FAILURE
add_player: FAILURE
add_player_cards: SUCCESS
get_team_points: SUCCESS, 3
get_player_cards: SUCCESS, 226
add_player: FAILURE
num_played_games_for_player: SUCCESS, 22
add_player_cards: SUCCESS
get_player_cards: SUCCESS, 208
add_player_cards: SUCCESS
add_team: FAILURE
get_ith_pointless_ability: FAILURE
add_team: FAILURE
add_player: FAILURE
get_player_cards: SUCCESS, 151
get_player_cards: SUCCESS, 183
remove_team: FAILURE
add_player_cards: SUCCESS
buy_team: SUCCESS
play_match: FAILURE
play_match: FAILURE
add_player: FAILURE
get_ith_pointless_ability: SUCCESS, 94
add_player: FAILURE
get_partial_spirit: SUCCESS, 1,2,3,5,4
get_partial_spirit: SUCCESS, 4,1,2,5,3
add_player: FAILURE
add_player_cards: SUCCESS
add_team: FAILURE
get_player_cards: SUCCESS, 121
buy_team: SUCCESS
add_player_cards: SUCCESS
buy_team: SUCCESS
add_player: FAILURE
get_ith_pointless_ability: FAILURE
remove_team: FAILURE
remove_team: FAILURE
get_player_cards: SUCCESS, 270
get_player_cards: SUCCESS, 243
add_player_cards: SUCCESS
get_partial_spirit: SUCCESS, 2,3,4,1,5
add_player: FAILURE
add_player_cards: SUCCESS
get_team_points: SUCCESS, 0
get_ith_pointless_ability: SUCCESS, 30
add_player: FAILURE
get_partial_spirit: SUCCESS, 1,2,3,4,5
get_partial_spirit: SUCCESS, 2,5,4,1,3
add_player: FAILURE
add_team: FAILURE
get_team_points: FAILURE
add_player: FAILURE
play_match: FAILURE
buy_team: SUCCESS
get_player_cards: SUCCESS, 197
remove_team: FAILURE
get_team_points: SUCCESS, 0
add_player: FAILURE
num_played_games_for_player: SUCCESS, 22
num_played_games_for_player: SUCCESS, 22
buy_team: SUCCESS
get_ith_pointless_ability: SUCCESS, 63
get_player_cards: SUCCESS, 285
add_player: FAILURE
remove_team: FAILURE
add_player: FAILURE
add_player: FAILURE
get_player_cards: SUCCESS, 58
get_partial_spirit: SUCCESS, 1,5,4,3,2
add_player: FAILURE
add_player_cards: SUCCESS
add_player: FAILURE
get_team_points: SUCCESS, 0
num_played_games_for_player: SUCCESS, 22
add_player_cards: SUCCESS
add_team: FAILURE
get_ith_pointless_ability: SUCCESS, 27
get_partial_spirit: SUCCESS, 1,2,3,4,5
play_match: FAILURE
get_team_points: SUCCESS, 0
add_player: FAILURE
get_team_points: SUCCESS, 0
add_player: FAILURE
add_team: FAILURE
remove_team: FAILURE
num_played_games_for_player: SUCCESS, 22
add_player: FAILURE
play_match: FAILURE
get_ith_pointless_ability: SUCCESS, 91
remove_team: FAILURE
get_ith_pointless_ability: SUCCESS, 95
num_played_games_for_player: SUCCESS, 22
buy_team: SUCCESS
get_ith_pointless_ability: SUCCESS, 16
get_player_cards: SUCCESS, 43
add_team: FAILURE
get_ith_pointless_ability: FAILURE
get_team_points: SUCCESS, 0
num_played_games_for_player: SUCCESS, 22
play_match: SUCCESS, 3
buy_team: SUCCESS
num_played_games_for_player: SUCCESS, 22
add_team: FAILURE
remove_team: FAILURE
buy_team: SUCCESS
add_player: FAILURE
add_player_cards: SUCCESS
add_player: FAILURE
add_player: FAILURE
add_team: FAILURE
add_player: FAILURE
add_player: FAILURE
remove_team: FAILURE
add_player: FAILURE
get_ith_pointless_ability: FAILURE
add_team: FAILURE
get_partial_spirit: SUCCESS, 1,2,3,4,5
get_partial_spirit: SUCCESS, 1,2,3,4,5
get_team_points: SUCCESS, 0
buy_team: SUCCESS
add_player: FAILURE
num_played_games_for_player: SUCCESS, 22
num_played_games_for_player: SUCCESS, 22
get_player_cards: SUCCESS, 258
add_player_cards: SUCCESS
remove_team: FAILURE
add_player: FAILURE
add_player_cards: SUCCESS
add_player: FAILURE
get_ith_pointless_ability: SUCCESS, 28
add_player_cards: SUCCESS
remove_team: FAILURE
add_player: FAILURE
get_team_points: SUCCESS, 0
buy_team: SUCCESS
num_played_games_for_player: SUCCESS, 22
remove_team: FAILURE
num_played_games_for_player: SUCCESS, 22
get_team_points: SUCCESS, 0
add_player: FAILURE
buy_team: SUCCESS
add_player_cards: SUCCESS
get_ith_pointless_ability: SUCCESS, 35
get_partial_spirit: SUCCESS, 1,2,3,4,5
play_match: FAILURE
add_player: FAILURE
get_ith_pointless_ability: SUCCESS, 8
get_ith_pointless_ability: FAILURE
add_team: FAILURE
buy_team: SUCCESS
add_team: FAILURE
add_player: FAILURE
remove_team: FAILURE
add_player_cards: FAILURE
buy_team: SUCCESS
add_player: FAILURE
get_ith_pointless_ability: SUCCESS, 92
add_player_cards: FAILURE
get_team_points: SUCCESS, 0
add_player: FAILURE
get_partial_spirit: FAILURE
play_match: FAILURE
add_player_cards: SUCCESS
get_player_cards: SUCCESS, 166
get_player_cards: SUCCESS, 268
play_match: FAILURE
add_player: FAILURE
get_team_points: SUCCESS, 0
add_team: FAILURE
get_ith_pointless_ability: SUCCESS, 16
get_partial_spirit: SUCCESS, 3,1,4,5,2
play_match: FAILURE
get_player_cards: SUCCESS, 262
buy_team: SUCCESS
add_team: FAILURE
remove_team: FAILURE
add_player: FAILURE
add_player: FAILURE
add_player: FAILURE
remove_team: FAILURE
get_ith_pointless_ability: FAILURE
add_player: FAILURE
buy_team: SUCCESS
num_played_games_for_player: SUCCESS, 22
add_player_cards: SUCCESS
add_team: FAILURE
remove_team: FAILURE
add_player: FAILURE
get_ith_pointless_ability: FAILURE
add_player: FAILURE
add_player: FAILURE
remove_team: FAILURE
add_player: FAILURE
add_player_cards: SUCCESS
add_player: FAILURE
buy_team: SUCCESS
add_player: FAILURE
add_player_cards: SUCCESS
add_player: FAILURE
add_player: FAILURE
get_ith_pointless_ability: FAILURE
num_played_games_for_player: SUCCESS, 22
add_player: FAILURE
buy_team: SUCCESS
get_partial_spirit: SUCCESS, 1,2,3,4,5
remove_team: FAILURE
add_player: FAILURE
get_ith_pointless_ability: SUCCESS, 70
get_ith_pointless_ability: SUCCESS, 71
get_team_points: SUCCESS, 3
buy_team: SUCCESS
add_player_cards: SUCCESS
get_ith_pointless_ability: SUCCESS, 91
add_team: FAILURE
play_match: FAILURE
get_player_cards: SUCCESS, 243
buy_team: SUCCESS
remove_team: FAILURE
buy_team: SUCCESS
add_player_cards: SUCCESS
get_ith_pointless_ability: SUCCESS, 77
remove_team: FAILURE
get_player_cards: SUCCESS, 270
get_team_points: SUCCESS, 0
add_team: FAILURE
add_player: FAILURE
get_partial_spirit: SUCCESS, 1,2,3,4,5
add_player: FAILURE
remove_team: FAILURE
play_match: FAILURE
play_match: FAILURE
remove_team: FAILURE
add_player: FAILURE
play_match: SUCCESS, 1
get_partial_spirit: SUCCESS, 1,2,3,4,5
add_player: FAILURE
get_player_cards: SUCCESS, 325
get_team_points: SUCCESS, 0
add_team: FAILURE
remove_team: FAILURE
get_partial_spirit: SUCCESS, 1,2,3,4,5
add_player: FAILURE
num_played_games_for_player: SUCCESS, 22
play_match: FAILURE
add_player: FAILURE
add_player: FAILURE
get_team_points: SUCCESS, 0
play_match: FAILURE
remove_team: FAILURE
get_ith_pointless_ability: SUCCESS, 35
buy_team: SUCCESS
get_player_cards: SUCCESS, 76
remove_team: FAILURE
get_player_cards: SUCCESS, 74
buy_team: SUCCESS
add_player_cards: SUCCESS
get_player_cards: SUCCESS, 306
add_team: FAILURE
add_player_cards: SUCCESS
add_player: FAILURE
add_team: FAILURE
add_player_cards: FAILURE
add_team: FAILURE
play_match: FAILURE
add_player: FAILURE
buy_team: SUCCESS
remove_team: FAILURE
add_team: FAILURE
get_ith_pointless_ability: FAILURE
get_player_cards: SUCCESS, 106
remove_team: FAILURE
get_team_points: SUCCESS, 3
buy_team: SUCCESS
get_team_points: SUCCESS, 0
get_ith_pointless_ability: SUCCESS, 82
num_played_games_for_player: SUCCESS, 22
get_ith_pointless_ability: FAILURE
remove_team: FAILURE
get_team_points: SUCCESS, 3
get_ith_pointless_ability: FAILURE
add_team: FAILURE
add_player: FAILURE
get_team_points: SUCCESS, 0
play_match: FAILURE
add_team: FAILURE
buy_team: SUCCESS
add_player_cards: SUCCESS
buy_team: SUCCESS
get_player_cards: SUCCESS, 75
get_ith_pointless_ability: FAILURE
get_partial_spirit: SUCCESS, 1,2,3,4,5
add_player: FAILURE
get_ith_pointless_ability: SUCCESS, 86
get_ith_pointless_ability: SUCCESS, 63
add_player_cards: SUCCESS
play_match: FAILURE
add_player: FAILURE
get_partial_spirit: FAILURE
add_team: FAILURE
add_player: FAILURE
get_player_cards: SUCCESS, 187
get_player_cards: SUCCESS, 26
add_team: FAILURE
add_player: FAILURE
add_player: FAILURE
get_team_points: SUCCESS, 3
add_player_cards: SUCCESS
buy_team: SUCCESS
buy_team: SUCCESS
num_played_games_for_player: SUCCESS, 22
buy_team: SUCCESS
get_team_points: SUCCESS, 0
num_played_games_for_player: SUCCESS, 22
get_partial_spirit: FAILURE
get_player_cards: SUCCESS, 69
remove_team: FAILURE
get_team_points: SUCCESS, 0
buy_team: SUCCESS
get_team_points: SUCCESS, 0
get_team_points: SUCCESS, 0
get_partial_spirit: SUCCESS, 1,2,3,4,5
buy_team: SUCCESS
get_ith_pointless_ability: FAILURE
buy_team: SUCCESS
remove_team: FAILURE
get_player_cards: SUCCESS, 197
buy_team: SUCCESS
add_player: FAILURE
get_team_points: FAILURE
get_team_points: SUCCESS, 0
get_partial_spirit: SUCCESS, 1,3,4,2,5
remove_team: FAILURE
get_partial_spirit: FAILURE
add_player: FAILURE
get_ith_pointless_ability: FAILURE
get_partial_spirit: FAILURE
num_played_games_for_player: SUCCESS, 22
add_player_cards: FAILURE
num_played_games_for_player: SUCCESS, 22
get_team_points: SUCCESS, 0
add_player: FAILURE
play_match: FAILURE
play_match: FAILURE
buy_team: SUCCESS
add_player: FAILURE
buy_team: SUCCESS
add_team: FAILURE
get_ith_pointless_ability: FAILURE
add_player: FAILURE
remove_team: FAILURE
add_player: FAILURE
add_player: FAILURE
add_player: FAILURE
add_team: FAILURE
add_team: FAILURE
get_player_cards: SUCCESS, 277
add_player_cards: SUCCESS
get_partial_spirit: FAILURE
add_player_cards: SUCCESS
add_player: FAILURE
get_ith_pointless_ability: SUCCESS, 81
get_ith_pointless_ability: FAILURE
add_team: FAILURE
get_partial_spirit: SUCCESS, 3,1,4,5,2
buy_team: SUCCESS
num_played_games_for_player: SUCCESS, 22
remove_team: FAILURE
add_player_cards: SUCCESS
add_team: FAILURE
get_team_points: SUCCESS, 0
add_player: FAILURE
remove_team: FAILURE
add_player: FAILURE
add_player: FAILURE
get_partial_spirit: SUCCESS, 1,2,3,4,5
add_player_cards: SUCCESS
play_match: FAILURE
add_player: FAILURE
num_played_games_for_player: SUCCESS, 22
add_team: FAILURE
buy_team: SUCCESS
remove_team: FAILURE
add_team: FAILURE
add_team: FAILURE
remove_team: FAILURE
add_player_cards: SUCCESS
add_player: FAILURE
buy_team: SUCCESS
add_player: FAILURE
remove_team: FAILURE
get_partial_spirit: SUCCESS, 1,2,3,4,5
add_player_cards: FAILURE
get_player_cards: SUCCESS, 114
get_player_cards: SUCCESS, 151
remove_team: FAILURE
add_player: FAILURE
get_player_cards: SUCCESS, 381
get_ith_pointless_ability: FAILURE
add_player_cards: SUCCESS
get_partial_spirit: FAILURE
get_team_points: FAILURE
play_match: FAILURE
add_player: FAILURE
get_player_cards: SUCCESS, 165
add_team: FAILURE
get_player_cards: SUCCESS, 187
buy_team: SUCCESS
get_partial_spirit: SUCCESS, 4,1,2,5,3
add_player_cards: SUCCESS
num_played_games_for_player: SUCCESS, 22
get_player_cards: SUCCESS, 213
add_player: FAILURE
buy_team: SUCCESS
add_player: FAILURE
buy_team: SUCCESS
get_player_cards: SUCCESS, 95
add_player: FAILURE
add_team: FAILURE
add_player: FAILURE
buy_team: SUCCESS
get_team_points: SUCCESS, 0
add_player_cards: FAILURE
num_played_games_for_player: SUCCESS, 22
play_match: FAILURE
remove_team: FAILURE
num_played_games_for_player: SUCCESS, 22
add_player: FAILURE
add_player: FAILURE
add_player: FAILURE
get_player_cards: SUCCESS, 341
buy_team: SUCCESS
get_player_cards: SUCCESS, 275
add_player: FAILURE
num_played_games_for_player: SUCCESS, 22
add_player: FAILURE
get_ith_pointless_ability: FAILURE
add_player: FAILURE
get_team_points: SUCCESS, 3
num_played_games_for_player: SUCCESS, 22
add_player: FAILURE
add_player_cards: FAILURE
num_played_games_for_player: SUCCESS, 22
add_player: FAILURE
get_partial_spirit: SUCCESS, 4,2,1,3,5
add_player: FAILURE
num_played_games_for_player: SUCCESS, 22
add_player: FAILURE
add_player_cards: SUCCESS
add_player: FAILURE
play_match: FAILURE
remove_team: FAILURE
add_player_cards: SUCCESS
get_team_points: SUCCESS, 0
add_player: FAILURE
add_player: FAILURE
play_match: FAILURE
add_player: FAILURE
num_played_games_for_player: SUCCESS, 22
num_played_games_for_player: SUCCESS, 22
get_partial_spirit: SUCCESS, 5,4,2,3,1
get_team_points: SUCCESS, 3
num_played_games_for_player: SUCCESS, 22
get_player_cards: SUCCESS, 293
buy_team: SUCCESS
play_match: FAILURE
add_player: FAILURE
add_player_cards: SUCCESS
get_team_points: SUCCESS, 0
get_team_points: SUCCESS, 3
add_team: FAILURE
remove_team: FAILURE
add_player_cards: SUCCESS
num_played_games_for_player: SUCCESS, 22
get_player_cards: SUCCESS, 121
add_player: FAILURE
get_partial_spirit: SUCCESS, 4,1,2,5,3
play_match: FAILURE
get_player_cards: SUCCESS, 386
num_played_games_for_player: SUCCESS, 22
buy_team: SUCCESS
play_match: FAILURE
remove_team: FAILURE
get_player_cards: SUCCESS, 81
play_match: FAILURE
get_partial_spirit: FAILURE
remove_team: FAILURE
get_player_cards: SUCCESS, 734
add_player: FAILURE
add_team: FAILURE
remove_team: FAILURE
get_player_cards: SUCCESS, 220
remove_team: FAILURE
add_player: FAILURE
get_team_points: FAILURE
get_ith_pointless_ability: FAILURE
remove_team: FAILURE
add_player: FAILURE
num_played_games_for_player: SUCCESS, 22
get_ith_pointless_ability: SUCCESS, 30
num_played_games_for_player: SUCCESS, 22
get_partial_spirit: FAILURE
get_player_cards: SUCCESS, 81
get_team_points: SUCCESS, 0
add_player: FAILURE
add_player: FAILURE
add_team: FAILURE
get_ith_pointless_ability: FAILURE
add_player_cards: FAILURE
get_team_points: FAILURE
get_player_cards: SUCCESS, 40
add_player: FAILURE
buy_team: SUCCESS
add_player: FAILURE
num_played_games_for_player: SUCCESS, 22
buy_team: SUCCESS
add_player_cards: SUCCESS
play_match: FAILURE
add_player: FAILURE
buy_team: SUCCESS
buy_team: SUCCESS
add_team: FAILURE
add_team: FAILURE
add_team: FAILURE
get_partial_spirit: FAILURE
remove_team: FAILURE
play_match: FAILURE
get_player_cards: SUCCESS, 8
add_player: FAILURE
play_match: FAILURE
get_team_points: SUCCESS, 0
get_team_points: SUCCESS, 0
get_team_points: FAILURE
add_player: FAILURE
add_team: FAILURE
remove_team: FAILURE
get_team_points: FAILURE
get_ith_pointless_ability: SUCCESS, 81
get_partial_spirit: SUCCESS, 1,3,5,4,2
get_team_points: SUCCESS, 0
play_match: FAILURE
get_ith_pointless_ability: FAILURE
add_player: FAILURE
add_team: FAILURE
remove_team: FAILURE
get_team_points: SUCCESS, 0
num_played_games_for_player: SUCCESS, 22
get_partial_spirit: FAILURE
get_ith_pointless_ability: FAILURE
play_match: FAILURE
add_team: FAILURE
add_player: FAILURE
play_match: SUCCESS, 1
buy_team: SUCCESS
add_player_cards: SUCCESS
add_player: FAILURE
get_partial_spirit: SUCCESS, 1,2,3,4,5
buy_team: SUCCESS
add_player: FAILURE
buy_team: SUCCESS
get_team_points: SUCCESS, 0
buy_team: SUCCESS
num_played_games_for_player: SUCCESS, 22
buy_team: SUCCESS
remove_team: FAILURE
get_player_cards: SUCCESS, 341
add_player: FAILURE
add_player_cards: FAILURE
remove_team: FAILURE
add_team: FAILURE
play_match: FAILURE
buy_team: SUCCESS
buy_team: SUCCESS
add_player: FAILURE
remove_team: FAILURE
play_match: FAILURE
get_ith_pointless_ability: FAILURE
get_partial_spirit: FAILURE
add_player: FAILURE
num_played_games_for_player: SUCCESS, 22
add_player: FAILURE
get_partial_spirit: SUCCESS, 4,1,2,5,3
get_partial_spirit: FAILURE
get_partial_spirit: SUCCESS, 1,2,3,4,5
get_player_cards: SUCCESS, 302
add_player_cards: SUCCESS
