add_team: SUCCESS
add_team: SUCCESS
add_team: SUCCESS
add_team: SUCCESS
add_team: SUCCESS
add_team: SUCCESS
add_team: SUCCESS
add_team: SUCCESS
add_team: SUCCESS
add_team: SUCCESS
add_team: SUCCESS
add_team: SUCCESS
add_team: SUCCESS
add_team: SUCCESS
add_team: SUCCESS
add_team: SUCCESS
add_team: SUCCESS
add_team: SUCCESS
add_team: SUCCESS
add_team: SUCCESS
add_team: SUCCESS
add_team: SUCCESS
add_team: SUCCESS
add_team: SUCCESS
add_team: SUCCESS
add_team: SUCCESS
add_team: SUCCESS
add_team: SUCCESS
add_team: SUCCESS
add_team: SUCCESS
add_team: SUCCESS
add_team: SUCCESS
add_team: SUCCESS
add_team: SUCCESS
add_team: SUCCESS
add_team: SUCCESS
add_team: SUCCESS
add_team: SUCCESS
add_team: SUCCESS
add_team: SUCCESS
add_team: SUCCESS
add_team: SUCCESS
add_team: SUCCESS
add_team: SUCCESS
add_team: SUCCESS
add_team: SUCCESS
add_team: SUCCESS
add_team: SUCCESS
add_team: SUCCESS
add_team: SUCCESS
add_team: SUCCESS
add_team: SUCCESS
add_team: SUCCESS
add_team: SUCCESS
add_team: SUCCESS
add_team: SUCCESS
add_team: SUCCESS
add_team: SUCCESS
add_team: SUCCESS
add_team: SUCCESS
add_team: SUCCESS
add_team: SUCCESS
add_team: SUCCESS
add_team: SUCCESS
add_team: SUCCESS
add_team: SUCCESS
add_team: SUCCESS
add_team: SUCCESS
add_team: SUCCESS
add_team: SUCCESS
add_team: SUCCESS
add_team: SUCCESS
add_team: SUCCESS
add_team: SUCCESS
add_team: SUCCESS
add_team: SUCCESS
add_team: SUCCESS
add_team: SUCCESS
add_team: SUCCESS
add_team: SUCCESS
add_team: SUCCESS
add_team: SUCCESS
add_team: SUCCESS
add_team: SUCCESS
add_team: SUCCESS
add_team: SUCCESS
add_team: SUCCESS
add_team: SUCCESS
add_team: SUCCESS
add_team: SUCCESS
add_team: SUCCESS
add_team: SUCCESS
add_team: SUCCESS
add_team: SUCCESS
add_team: SUCCESS
add_team: SUCCESS
add_team: SUCCESS
add_team: SUCCESS
add_team: SUCCESS
add_team: SUCCESS
add_player: SUCCESS
add_player: SUCCESS
add_player: SUCCESS
add_player: SUCCESS
add_player: SUCCESS
add_player: SUCCESS
add_player: SUCCESS
add_player: SUCCESS
add_player: SUCCESS
add_player: SUCCESS
add_player: SUCCESS
add_player: SUCCESS
add_player: SUCCESS
add_player: SUCCESS
add_player: SUCCESS
add_player: SUCCESS
add_player: SUCCESS
add_player: SUCCESS
add_player: SUCCESS
add_player: SUCCESS
add_player: SUCCESS
add_player: SUCCESS
add_player: SUCCESS
add_player: SUCCESS
add_player: SUCCESS
add_player: SUCCESS
add_player: SUCCESS
add_player: SUCCESS
add_player: SUCCESS
add_player: SUCCESS
add_player: SUCCESS
add_player: SUCCESS
add_player: SUCCESS
add_player: SUCCESS
add_player: SUCCESS
add_player: SUCCESS
add_player: SUCCESS
add_player: SUCCESS
add_player: SUCCESS
add_player: SUCCESS
add_player: SUCCESS
add_player: SUCCESS
add_player: SUCCESS
add_player: SUCCESS
add_player: SUCCESS
add_player: SUCCESS
add_player: SUCCESS
add_player: SUCCESS
add_player: SUCCESS
add_player: SUCCESS
add_player: SUCCESS
add_player: SUCCESS
add_player: SUCCESS
add_player: SUCCESS
add_player: SUCCESS
add_player: SUCCESS
add_player: SUCCESS
add_player: SUCCESS
add_player: SUCCESS
add_player: SUCCESS
add_player: SUCCESS
add_player: SUCCESS
add_player: SUCCESS
add_player: SUCCESS
add_player: SUCCESS
add_player: SUCCESS
add_player: SUCCESS
add_player: SUCCESS
add_player: SUCCESS
add_player: SUCCESS
add_player: SUCCESS
add_player: SUCCESS
add_player: SUCCESS
add_player: SUCCESS
add_player: SUCCESS
add_player: SUCCESS
add_player: SUCCESS
add_player: SUCCESS
add_player: SUCCESS
add_player: SUCCESS
add_player: SUCCESS
add_player: SUCCESS
add_player: SUCCESS
add_player: SUCCESS
add_player: SUCCESS
add_player: SUCCESS
add_player: SUCCESS
add_player: SUCCESS
add_player: SUCCESS
add_player: SUCCESS
add_player: SUCCESS
add_player: SUCCESS
add_player: SUCCESS
add_player: SUCCESS
add_player: SUCCESS
add_player: SUCCESS
add_player: SUCCESS
add_player: SUCCESS
add_player: SUCCESS
add_player: SUCCESS
add_player: SUCCESS
remove_team: FAILURE
get_player_cards: SUCCESS, 162
get_player_cards: SUCCESS, 236
play_match: FAILURE
remove_team: FAILURE
remove_team: FAILURE
buy_team: SUCCESS
add_player: SUCCESS
get_partial_spirit: SUCCESS, 1,2,3,4,5
get_ith_pointless_ability: SUCCESS, 87
add_player: SUCCESS
add_player: SUCCESS
add_team: SUCCESS
get_partial_spirit: SUCCESS, 1,2,3,4,5
get_player_cards: SUCCESS, 270
num_played_games_for_player: SUCCESS, 22
num_played_games_for_player: SUCCESS, 22
get_ith_pointless_ability: FAILURE
add_player_cards: SUCCESS
get_team_points: SUCCESS, 0
remove_team: FAILURE
get_team_points: SUCCESS, 0
remove_team: FAILURE
remove_team: FAILURE
add_player: SUCCESS
add_player: SUCCESS
add_player: SUCCESS
get_partial_spirit: SUCCESS, 1,2,3,4,5
add_team: FAILURE
add_player_cards: SUCCESS
remove_team: FAILURE
get_team_points: SUCCESS, 0
get_ith_pointless_ability: FAILURE
add_team: FAILURE
buy_team: SUCCESS
get_team_points: SUCCESS, 0
play_match: FAILURE
add_player: SUCCESS
add_player_cards: SUCCESS
get_partial_spirit: SUCCESS, 4,3,2,5,1
get_team_points: SUCCESS, 0
num_played_games_for_player: SUCCESS, 22
add_team: FAILURE
get_ith_pointless_ability: FAILURE
add_player: SUCCESS
remove_team: FAILURE
remove_team: FAILURE
get_player_cards: SUCCESS, 45
get_player_cards: SUCCESS, 2
get_team_points: SUCCESS, 0
add_player: SUCCESS
get_ith_pointless_ability: FAILURE
add_player: SUCCESS
num_played_games_for_player: SUCCESS, 22
add_player: SUCCESS
buy_team: SUCCESS
buy_team: SUCCESS
add_player: SUCCESS
get_player_cards: SUCCESS, 279
buy_team: SUCCESS
get_team_points: SUCCESS, 0
get_player_cards: SUCCESS, 187
get_ith_pointless_ability: FAILURE
add_player_cards: SUCCESS
add_player: SUCCESS
get_player_cards: SUCCESS, 118
add_player: SUCCESS
add_team: FAILURE
get_team_points: SUCCESS, 0
add_player_cards: SUCCESS
add_player_cards: SUCCESS
add_player: FAILURE
add_player: FAILURE
get_partial_spirit: SUCCESS, 2,5,4,3,1
get_team_points: SUCCESS, 0
add_team: FAILURE
add_player: SUCCESS
add_player: SUCCESS
get_partial_spirit: SUCCESS, 4,5,1,3,2
add_player: SUCCESS
add_player_cards: SUCCESS
add_player: SUCCESS
add_player: SUCCESS
get_team_points: SUCCESS, 0
add_player: SUCCESS
buy_team: SUCCESS
remove_team: FAILURE
buy_team: SUCCESS
get_ith_pointless_ability: FAILURE
get_player_cards: SUCCESS, 108
play_match: SUCCESS, 1
buy_team: SUCCESS
add_team: FAILURE
remove_team: FAILURE
add_team: FAILURE
get_partial_spirit: SUCCESS, 2,5,1,4,3
add_team: FAILURE
add_player_cards: SUCCESS
get_player_cards: SUCCESS, 54
play_match: FAILURE
add_player: SUCCESS
buy_team: SUCCESS
num_played_games_for_player: SUCCESS, 22
remove_team: FAILURE
get_team_points: SUCCESS, 0
get_partial_spirit: SUCCESS, 3,5,4,1,2
add_player: SUCCESS
get_ith_pointless_ability: SUCCESS, 10
remove_team: FAILURE
add_player: SUCCESS
buy_team: SUCCESS
buy_team: SUCCESS
num_played_games_for_player: SUCCESS, 22
add_player: SUCCESS
get_partial_spirit: SUCCESS, 4,2,5,1,3
add_player_cards: SUCCESS
get_ith_pointless_ability: FAILURE
get_team_points: SUCCESS, 0
add_player: SUCCESS
buy_team: SUCCESS
add_team: FAILURE
add_player: SUCCESS
add_player_cards: SUCCESS
get_player_cards: SUCCESS, 145
get_partial_spirit: SUCCESS, 1,2,3,4,5
add_team: FAILURE
get_team_points: SUCCESS, 0
add_team: FAILURE
add_team: FAILURE
get_partial_spirit: SUCCESS, 1,2,3,4,5
get_partial_spirit: SUCCESS, 1,2,3,4,5
add_player: SUCCESS
add_player: SUCCESS
add_player: SUCCESS
add_player: SUCCESS
add_player: SUCCESS
get_ith_pointless_ability: FAILURE
get_player_cards: SUCCESS, 139
add_player_cards: SUCCESS
get_partial_spirit: SUCCESS, 1,2,3,4,5
get_team_points: SUCCESS, 0
add_player: SUCCESS
get_ith_pointless_ability: SUCCESS, 13
get_team_points: SUCCESS, 0
get_partial_spirit: SUCCESS, 1,2,3,4,5
add_team: FAILURE
buy_team: SUCCESS
remove_team: FAILURE
get_ith_pointless_ability: FAILURE
get_ith_pointless_ability: SUCCESS, 47
get_team_points: SUCCESS, 0
get_player_cards: SUCCESS, 254
get_team_points: SUCCESS, 0
get_partial_spirit: SUCCESS, 4,1,5,2,3
add_team: FAILURE
add_player_cards: SUCCESS
get_team_points: SUCCESS, 0
add_team: FAILURE
add_player: SUCCESS
get_ith_pointless_ability: SUCCESS, 9
play_match: FAILURE
remove_team: FAILURE
add_player: SUCCESS
add_player: SUCCESS
get_player_cards: SUCCESS, 252
get_team_points: FAILURE
add_player_cards: SUCCESS
remove_team: FAILURE
add_player: SUCCESS
add_player: SUCCESS
get_partial_spirit: SUCCESS, 4,1,3,2,5
num_played_games_for_player: SUCCESS, 22
add_player: SUCCESS
play_match: FAILURE
add_player: SUCCESS
add_player_cards: SUCCESS
num_played_games_for_player: SUCCESS, 22
get_ith_pointless_ability: FAILURE
get_ith_pointless_ability: SUCCESS, 79
play_match: FAILURE
get_ith_pointless_ability: SUCCESS, 67
add_player: SUCCESS
get_partial_spirit: SUCCESS, 1,2,3,4,5
add_player_cards: SUCCESS
add_team: FAILURE
remove_team: FAILURE
play_match: FAILURE
add_player_cards: SUCCESS
play_match: SUCCESS, 1
num_played_games_for_player: SUCCESS, 22
num_played_games_for_player: SUCCESS, 22
add_player: FAILURE
add_player_cards: SUCCESS
get_player_cards: SUCCESS, 298
play_match: FAILURE
remove_team: FAILURE
get_ith_pointless_ability: SUCCESS, 9
add_team: FAILURE
add_player: SUCCESS
buy_team: SUCCESS
get_ith_pointless_ability: FAILURE
add_player_cards: SUCCESS
buy_team: SUCCESS
add_player: FAILURE
add_player: SUCCESS
get_ith_pointless_ability: FAILURE
add_player: SUCCESS
add_player_cards: SUCCESS
get_partial_spirit: FAILURE
get_player_cards: SUCCESS, 210
get_partial_spirit: SUCCESS, 2,1,3,5,4
add_player: SUCCESS
add_player_cards: SUCCESS
get_ith_pointless_ability: FAILURE
get_ith_pointless_ability: FAILURE
buy_team: SUCCESS
get_ith_pointless_ability: FAILURE
play_match: FAILURE
num_played_games_for_player: SUCCESS, 22
add_player: FAILURE
add_team: FAILURE
play_match: FAILURE
play_match: SUCCESS, 1
remove_team: FAILURE
num_played_games_for_player: SUCCESS, 22
buy_team: SUCCESS
add_player: FAILURE
add_player: FAILURE
get_partial_spirit: SUCCESS, 4,1,2,3,5
add_player: FAILURE
buy_team: SUCCESS
get_team_points: SUCCESS, 0
get_ith_pointless_ability: FAILURE
get_player_cards: SUCCESS, 257
get_player_cards: SUCCESS, 1
get_player_cards: SUCCESS, 61
get_ith_pointless_ability: FAILURE
remove_team: FAILURE
add_player: SUCCESS
get_player_cards: SUCCESS, 139
play_match: FAILURE
play_match: FAILURE
add_player: SUCCESS
buy_team: SUCCESS
get_ith_pointless_ability: SUCCESS, 95
get_team_points: SUCCESS, 0
play_match: FAILURE
get_player_cards: SUCCESS, 97
add_player: SUCCESS
get_team_points: SUCCESS, 0
get_team_points: SUCCESS, 0
num_played_games_for_player: SUCCESS, 22
add_player: SUCCESS
remove_team: FAILURE
get_team_points: SUCCESS, 0
num_played_games_for_player: SUCCESS, 22
add_player: FAILURE
get_partial_spirit: SUCCESS, 4,3,2,5,1
get_player_cards: SUCCESS, 67
num_played_games_for_player: SUCCESS, 22
remove_team: FAILURE
remove_team: FAILURE
get_ith_pointless_ability: SUCCESS, 11
add_player: SUCCESS
add_player: SUCCESS
num_played_games_for_player: SUCCESS, 22
add_team: FAILURE
num_played_games_for_player: SUCCESS, 22
add_team: FAILURE
buy_team: SUCCESS
get_ith_pointless_ability: SUCCESS, 90
play_match: SUCCESS, 1
play_match: FAILURE
num_played_games_for_player: SUCCESS, 22
get_partial_spirit: SUCCESS, 4,5,1,3,2
play_match: SUCCESS, 3
play_match: FAILURE
add_player: FAILURE
add_player: FAILURE
add_player: SUCCESS
add_team: FAILURE
add_team: FAILURE
get_ith_pointless_ability: SUCCESS, 4
get_team_points: SUCCESS, 0
get_team_points: SUCCESS, 0
add_player: SUCCESS
add_player: FAILURE
add_player: SUCCESS
get_partial_spirit: SUCCESS, 1,2,3,4,5
play_match: FAILURE
add_player: SUCCESS
get_ith_pointless_ability: FAILURE
add_player: SUCCESS
num_played_games_for_player: SUCCESS, 22
num_played_games_for_player: SUCCESS, 22
add_player: SUCCESS
add_player_cards: SUCCESS
add_player_cards: SUCCESS
remove_team: FAILURE
add_player: SUCCESS
play_match: FAILURE
get_ith_pointless_ability: SUCCESS, 44
num_played_games_for_player: SUCCESS, 22
get_player_cards: SUCCESS, 502
play_match: FAILURE
num_played_games_for_player: SUCCESS, 22
get_partial_spirit: SUCCESS, 1,2,3,4,5
get_team_points: SUCCESS, 0
remove_team: FAILURE
add_player: FAILURE
num_played_games_for_player: SUCCESS, 22
buy_team: SUCCESS
buy_team: SUCCESS
get_player_cards: SUCCESS, 54
add_player: SUCCESS
add_player: SUCCESS
add_player: SUCCESS
get_team_points: SUCCESS, 0
add_team: FAILURE
add_team: FAILURE
add_player_cards: SUCCESS
get_team_points: SUCCESS, 0
num_played_games_for_player: SUCCESS, 22
buy_team: SUCCESS
buy_team: SUCCESS
remove_team: FAILURE
add_player: SUCCESS
get_partial_spirit: SUCCESS, 1,2,3,4,5
get_partial_spirit: SUCCESS, 1,2,3,4,5
add_player: SUCCESS
buy_team: SUCCESS
add_player: FAILURE
remove_team: FAILURE
remove_team: FAILURE
add_team: FAILURE
remove_team: FAILURE
get_partial_spirit: SUCCESS, 1,2,3,4,5
num_played_games_for_player: SUCCESS, 22
get_player_cards: SUCCESS, 42
num_played_games_for_player: SUCCESS, 22
add_player_cards: SUCCESS
num_played_games_for_player: SUCCESS, 22
add_player: SUCCESS
add_team: FAILURE
get_player_cards: SUCCESS, 143
add_player_cards: SUCCESS
buy_team: SUCCESS
remove_team: FAILURE
remove_team: FAILURE
add_player: FAILURE
get_partial_spirit: SUCCESS, 1,2,3,4,5
add_player: SUCCESS
get_partial_spirit: SUCCESS, 1,2,3,4,5
get_team_points: SUCCESS, 0
get_team_points: SUCCESS, 0
get_team_points: SUCCESS, 0
play_match: FAILURE
num_played_games_for_player: SUCCESS, 22
get_team_points: SUCCESS, 0
add_player: SUCCESS
add_team: FAILURE
buy_team: SUCCESS
add_player: SUCCESS
add_player: SUCCESS
add_player_cards: SUCCESS
add_player: FAILURE
get_player_cards: SUCCESS, 298
add_player: SUCCESS
get_partial_spirit: SUCCESS, 1,2,3,4,5
buy_team: SUCCESS
get_partial_spirit: SUCCESS, 1,2,3,4,5
get_ith_pointless_ability: SUCCESS, 63
add_player_cards: SUCCESS
add_player: SUCCESS
num_played_games_for_player: SUCCESS, 22
buy_team: SUCCESS
get_partial_spirit: SUCCESS, 3,4,5,1,2
add_player: SUCCESS
num_played_games_for_player: SUCCESS, 22
add_player: SUCCESS
add_player: FAILURE
get_ith_pointless_ability: SUCCESS, 13
num_played_games_for_player: SUCCESS, 22
get_ith_pointless_ability: SUCCESS, 27
buy_team: SUCCESS
get_player_cards: SUCCESS, 56
remove_team: FAILURE
add_team: FAILURE
buy_team: SUCCESS
add_team: FAILURE
remove_team: FAILURE
buy_team: SUCCESS
num_played_games_for_player: SUCCESS, 22
get_ith_pointless_ability: SUCCESS, 29
play_match: SUCCESS, 1
buy_team: SUCCESS
num_played_games_for_player: SUCCESS, 22
get_player_cards: SUCCESS, 110
add_team: FAILURE
buy_team: SUCCESS
add_player_cards: SUCCESS
get_ith_pointless_ability: SUCCESS, 100
get_player_cards: SUCCESS, 287
add_player_cards: FAILURE
add_player: FAILURE
play_match: SUCCESS, 3
play_match: FAILURE
add_player: SUCCESS
add_player: SUCCESS
add_player: FAILURE
get_partial_spirit: SUCCESS, 1,2,3,4,5
add_player_cards: SUCCESS
get_ith_pointless_ability: SUCCESS, 9
add_player: SUCCESS
get_team_points: SUCCESS, 0
play_match: FAILURE
add_team: FAILURE
add_team: FAILURE
get_ith_pointless_ability: SUCCESS, 14
get_ith_pointless_ability: SUCCESS, 11
add_player: SUCCESS
get_player_cards: SUCCESS, 144
remove_team: FAILURE
get_partial_spirit: SUCCESS, 2,5,3,4,1
buy_team: SUCCESS
add_player: SUCCESS
add_player: SUCCESS
add_player: FAILURE
remove_team: FAILURE
get_team_points: SUCCESS, 0
add_team: FAILURE
add_player: SUCCESS
buy_team: SUCCESS
buy_team: SUCCESS
add_player_cards: SUCCESS
remove_team: FAILURE
play_match: FAILURE
add_player: SUCCESS
get_ith_pointless_ability: SUCCESS, 24
add_player: FAILURE
add_player: SUCCESS
buy_team: SUCCESS
get_ith_pointless_ability: FAILURE
get_player_cards: SUCCESS, 96
add_player: SUCCESS
add_player: FAILURE
add_player_cards: SUCCESS
play_match: FAILURE
remove_team: FAILURE
get_partial_spirit: SUCCESS, 1,2,3,4,5
remove_team: FAILURE
add_player: SUCCESS
play_match: SUCCESS, 1
get_team_points: SUCCESS, 0
buy_team: SUCCESS
add_team: FAILURE
get_team_points: SUCCESS, 0
add_player: SUCCESS
remove_team: FAILURE
get_ith_pointless_ability: FAILURE
get_partial_spirit: SUCCESS, 1,2,3,4,5
get_ith_pointless_ability: SUCCESS, 9
get_team_points: SUCCESS, 0
add_player: FAILURE
get_player_cards: SUCCESS, 105
add_player_cards: SUCCESS
add_team: FAILURE
add_player: SUCCESS
get_team_points: SUCCESS, 0
play_match: FAILURE
get_ith_pointless_ability: FAILURE
remove_team: FAILURE
play_match: FAILURE
remove_team: FAILURE
get_ith_pointless_ability: SUCCESS, 58
num_played_games_for_player: SUCCESS, 22
add_player: SUCCESS
add_team: FAILURE
get_partial_spirit: SUCCESS, 1,2,3,4,5
get_ith_pointless_ability: FAILURE
num_played_games_for_player: SUCCESS, 22
add_player: SUCCESS
get_partial_spirit: SUCCESS, 1,5,4,2,3
add_player: FAILURE
add_player: FAILURE
get_partial_spirit: SUCCESS, 1,2,3,4,5
get_partial_spirit: SUCCESS, 4,1,3,5,2
add_team: FAILURE
get_partial_spirit: SUCCESS, 4,1,3,5,2
add_player: SUCCESS
add_player_cards: SUCCESS
add_team: FAILURE
get_ith_pointless_ability: FAILURE
get_ith_pointless_ability: FAILURE
get_partial_spirit: SUCCESS, 1,2,3,4,5
remove_team: FAILURE
num_played_games_for_player: SUCCESS, 22
remove_team: FAILURE
get_player_cards: SUCCESS, 288
remove_team: FAILURE
remove_team: FAILURE
add_player: FAILURE
add_player: FAILURE
add_player_cards: SUCCESS
add_player: SUCCESS
add_player_cards: SUCCESS
play_match: FAILURE
add_player: SUCCESS
add_player_cards: SUCCESS
buy_team: SUCCESS
get_team_points: SUCCESS, 0
add_player: SUCCESS
add_player: SUCCESS
num_played_games_for_player: SUCCESS, 22
add_player: SUCCESS
add_player: FAILURE
add_player: SUCCESS
get_ith_pointless_ability: SUCCESS, 75
num_played_games_for_player: SUCCESS, 22
get_player_cards: SUCCESS, 248
get_player_cards: SUCCESS, 61
add_player_cards: SUCCESS
buy_team: SUCCESS
add_player: FAILURE
remove_team: FAILURE
add_player_cards: FAILURE
add_team: FAILURE
add_player: FAILURE
add_team: FAILURE
add_player: SUCCESS
get_ith_pointless_ability: SUCCESS, 35
get_ith_pointless_ability: SUCCESS, 73
play_match: FAILURE
get_team_points: SUCCESS, 0
get_player_cards: SUCCESS, 110
add_player_cards: SUCCESS
get_ith_pointless_ability: SUCCESS, 10
get_partial_spirit: SUCCESS, 3,5,2,1,4
add_player: SUCCESS
add_player: SUCCESS
buy_team: SUCCESS
add_team: FAILURE
num_played_games_for_player: SUCCESS, 22
add_player: SUCCESS
add_team: FAILURE
get_team_points: SUCCESS, 0
num_played_games_for_player: SUCCESS, 22
play_match: SUCCESS, 1
add_player: SUCCESS
get_player_cards: SUCCESS, 123
add_player: SUCCESS
get_partial_spirit: SUCCESS, 1,2,3,4,5
add_team: FAILURE
get_player_cards: SUCCESS, 295
remove_team: FAILURE
buy_team: SUCCESS
num_played_games_for_player: SUCCESS, 22
remove_team: FAILURE
add_player_cards: SUCCESS
get_team_points: FAILURE
add_player: SUCCESS
add_player: FAILURE
remove_team: FAILURE
add_team: FAILURE
remove_team: FAILURE
get_partial_spirit: SUCCESS, 4,3,2,1,5
add_team: FAILURE
play_match: FAILURE
add_player: SUCCESS
add_player: SUCCESS
buy_team: SUCCESS
get_ith_pointless_ability: SUCCESS, 13
add_player: SUCCESS
get_player_cards: SUCCESS, 80
add_player: SUCCESS
play_match: SUCCESS, 1
add_player: SUCCESS
play_match: FAILURE
add_team: FAILURE
add_player: FAILURE
add_player: SUCCESS
add_team: FAILURE
get_team_points: SUCCESS, 0
add_player: SUCCESS
get_team_points: SUCCESS, 0
get_player_cards: SUCCESS, 14
add_player: FAILURE
play_match: SUCCESS, 3
get_player_cards: SUCCESS, 97
num_played_games_for_player: SUCCESS, 22
add_team: FAILURE
get_partial_spirit: SUCCESS, 1,2,3,4,5
play_match: FAILURE
get_partial_spirit: SUCCESS, 1,2,3,4,5
get_player_cards: SUCCESS, 64
buy_team: SUCCESS
play_match: FAILURE
add_player: SUCCESS
remove_team: FAILURE
add_player: SUCCESS
add_player_cards: SUCCESS
get_ith_pointless_ability: SUCCESS, 82
add_player_cards: FAILURE
add_player: FAILURE
play_match: SUCCESS, 3
get_partial_spirit: SUCCESS, 1,2,3,4,5
get_partial_spirit: SUCCESS, 1,2,3,4,5
play_match: FAILURE
get_team_points: FAILURE
add_player: SUCCESS
num_played_games_for_player: SUCCESS, 22
get_ith_pointless_ability: SUCCESS, 94
get_ith_pointless_ability: SUCCESS, 41
get_partial_spirit: SUCCESS, 3,2,1,5,4
get_team_points: SUCCESS, 0
remove_team: FAILURE
get_team_points: SUCCESS, 0
get_team_points: SUCCESS, 0
play_match: FAILURE
add_player: FAILURE
buy_team: SUCCESS
get_team_points: SUCCESS, 0
remove_team: FAILURE
get_ith_pointless_ability: SUCCESS, 2
remove_team: FAILURE
buy_team: SUCCESS
add_player: SUCCESS
add_player_cards: SUCCESS
add_player: SUCCESS
add_team: FAILURE
get_ith_pointless_ability: SUCCESS, 64
play_match: SUCCESS, 3
get_ith_pointless_ability: SUCCESS, 73
get_player_cards: SUCCESS, 205
get_partial_spirit: SUCCESS, 3,2,4,1,5
remove_team: FAILURE
add_player: SUCCESS
add_player: SUCCESS
add_player: SUCCESS
num_played_games_for_player: SUCCESS, 22
play_match: SUCCESS, 1
add_player: SUCCESS
add_team: FAILURE
add_player: SUCCESS
num_played_games_for_player: SUCCESS, 22
buy_team: SUCCESS
buy_team: SUCCESS
get_player_cards: SUCCESS, 51
add_player: SUCCESS
add_team: FAILURE
add_player: FAILURE
add_team: FAILURE
get_partial_spirit: SUCCESS, 3,2,4,1,5
play_match: SUCCESS, 3
get_partial_spirit: SUCCESS, 3,5,4,2,1
add_player: FAILURE
add_player_cards: SUCCESS
remove_team: FAILURE
buy_team: SUCCESS
add_player: FAILURE
add_player: SUCCESS
buy_team: SUCCESS
play_match: SUCCESS, 1
get_partial_spirit: SUCCESS, 2,3,1,4,5
add_player: FAILURE
remove_team: FAILURE
num_played_games_for_player: SUCCESS, 22
get_team_points: SUCCESS, 0
num_played_games_for_player: SUCCESS, 22
add_player: SUCCESS
get_player_cards: SUCCESS, 143
add_player: FAILURE
get_team_points: SUCCESS, 0
get_partial_spirit: FAILURE
get_team_points: SUCCESS, 0
add_player: FAILURE
add_player: FAILURE
buy_team: SUCCESS
add_team: FAILURE
add_player: SUCCESS
add_player: SUCCESS
play_match: SUCCESS, 1
add_player_cards: SUCCESS
play_match: FAILURE
get_ith_pointless_ability: SUCCESS, 10
buy_team: SUCCESS
add_player: FAILURE
get_team_points: FAILURE
add_player: FAILURE
add_team: FAILURE
num_played_games_for_player: SUCCESS, 22
get_player_cards: SUCCESS, 246
get_ith_pointless_ability: SUCCESS, 43
get_player_cards: SUCCESS, 146
add_player_cards: SUCCESS
add_player_cards: SUCCESS
buy_team: SUCCESS
add_player: FAILURE
play_match: FAILURE
play_match: SUCCESS, 1
add_player: FAILURE
get_player_cards: SUCCESS, 26
add_player: SUCCESS
play_match: FAILURE
get_player_cards: SUCCESS, 122
add_player: FAILURE
add_player: SUCCESS
num_played_games_for_player: SUCCESS, 22
add_team: FAILURE
add_player: SUCCESS
buy_team: SUCCESS
num_played_games_for_player: SUCCESS, 22
play_match: FAILURE
add_player: FAILURE
remove_team: FAILURE
add_player: FAILURE
num_played_games_for_player: SUCCESS, 22
get_partial_spirit: SUCCESS, 3,2,4,5,1
add_player: SUCCESS
add_player: SUCCESS
add_player: FAILURE
get_player_cards: SUCCESS, 185
remove_team: FAILURE
get_team_points: FAILURE
get_partial_spirit: FAILURE
remove_team: FAILURE
remove_team: FAILURE
add_player: FAILURE
get_ith_pointless_ability: SUCCESS, 14
buy_team: SUCCESS
add_player_cards: FAILURE
buy_team: SUCCESS
add_team: FAILURE
get_ith_pointless_ability: SUCCESS, 92
get_ith_pointless_ability: SUCCESS, 47
add_player_cards: SUCCESS
get_partial_spirit: SUCCESS, 2,5,4,3,1
add_team: FAILURE
play_match: SUCCESS, 3
play_match: FAILURE
get_player_cards: SUCCESS, 258
num_played_games_for_player: SUCCESS, 22
add_player: SUCCESS
add_team: FAILURE
add_player: FAILURE
num_played_games_for_player: SUCCESS, 22
add_player: FAILURE
add_player: SUCCESS
add_player: SUCCESS
get_team_points: SUCCESS, 6
buy_team: SUCCESS
add_team: FAILURE
get_ith_pointless_ability: SUCCESS, 83
buy_team: SUCCESS
get_ith_pointless_ability: FAILURE
get_player_cards: SUCCESS, 204
get_player_cards: SUCCESS, 318
add_player_cards: SUCCESS
add_team: FAILURE
buy_team: SUCCESS
add_player: FAILURE
get_partial_spirit: SUCCESS, 1,2,3,4,5
add_player: SUCCESS
add_player: FAILURE
add_player_cards: SUCCESS
buy_team: SUCCESS
play_match: FAILURE
add_player: FAILURE
add_player: FAILURE
add_team: FAILURE
get_player_cards: SUCCESS, 254
buy_team: SUCCESS
play_match: SUCCESS, 1
add_player: SUCCESS
get_partial_spirit: FAILURE
add_player: FAILURE
num_played_games_for_player: SUCCESS, 22
get_team_points: SUCCESS, 3
add_player_cards: SUCCESS
add_player: FAILURE
get_team_points: SUCCESS, 6
add_player: SUCCESS
add_team: FAILURE
add_team: FAILURE
add_player: SUCCESS
remove_team: FAILURE
buy_team: SUCCESS
get_partial_spirit: SUCCESS, 4,1,3,5,2
remove_team: FAILURE
add_team: FAILURE
get_player_cards: SUCCESS, 157
add_team: FAILURE
add_team: FAILURE
add_team: FAILURE
get_ith_pointless_ability: SUCCESS, 27
get_team_points: SUCCESS, 3
remove_team: FAILURE
get_team_points: SUCCESS, 3
buy_team: SUCCESS
add_player: FAILURE
add_player: SUCCESS
remove_team: FAILURE
add_player: SUCCESS
get_ith_pointless_ability: SUCCESS, 21
play_match: FAILURE
num_played_games_for_player: SUCCESS, 22
get_ith_pointless_ability: SUCCESS, 44
get_partial_spirit: SUCCESS, 1,2,3,4,5
play_match: FAILURE
get_ith_pointless_ability: FAILURE
get_team_points: SUCCESS, 0
add_player: SUCCESS
remove_team: FAILURE
add_team: FAILURE
add_team: FAILURE
add_team: FAILURE
add_player: FAILURE
add_player_cards: SUCCESS
add_team: FAILURE
num_played_games_for_player: SUCCESS, 22
get_player_cards: SUCCESS, 254
get_partial_spirit: SUCCESS, 1,2,3,4,5
add_player: FAILURE
play_match: FAILURE
add_player: SUCCESS
add_player: SUCCESS
get_team_points: FAILURE
play_match: SUCCESS, 1
get_player_cards: SUCCESS, 502
add_player: FAILURE
add_team: FAILURE
remove_team: FAILURE
num_played_games_for_player: SUCCESS, 22
get_partial_spirit: SUCCESS, 5,1,3,4,2
num_played_games_for_player: SUCCESS, 22
add_player: SUCCESS
remove_team: FAILURE
buy_team: SUCCESS
get_team_points: FAILURE
get_ith_pointless_ability: SUCCESS, 83
add_player: SUCCESS
add_player_cards: SUCCESS
get_ith_pointless_ability: SUCCESS, 26
play_match: FAILURE
remove_team: FAILURE
play_match: FAILURE
add_player: SUCCESS
get_player_cards: SUCCESS, 229
get_ith_pointless_ability: SUCCESS, 46
get_partial_spirit: SUCCESS, 4,3,5,2,1
get_player_cards: SUCCESS, 252
get_ith_pointless_ability: SUCCESS, 13
buy_team: SUCCESS
get_partial_spirit: SUCCESS, 4,1,3,2,5
num_played_games_for_player: SUCCESS, 22
num_played_games_for_player: SUCCESS, 22
add_player: FAILURE
remove_team: FAILURE
add_player_cards: SUCCESS
add_player: FAILURE
add_player: FAILURE
add_player: FAILURE
add_player: SUCCESS
remove_team: FAILURE
add_player_cards: SUCCESS
get_team_points: SUCCESS, 6
get_player_cards: SUCCESS, 164
add_player: FAILURE
add_team: FAILURE
add_player: FAILURE
buy_team: SUCCESS
get_team_points: SUCCESS, 6
add_player: SUCCESS
num_played_games_for_player: SUCCESS, 22
add_player_cards: SUCCESS
remove_team: FAILURE
get_player_cards: SUCCESS, 74
add_player: SUCCESS
get_player_cards: SUCCESS, 110
get_ith_pointless_ability: SUCCESS, 23
buy_team: SUCCESS
add_player: SUCCESS
remove_team: FAILURE
get_partial_spirit: FAILURE
play_match: FAILURE
get_ith_pointless_ability: SUCCESS, 58
get_player_cards: SUCCESS, 229
get_player_cards: SUCCESS, 117
get_team_points: SUCCESS, 0
remove_team: FAILURE
buy_team: SUCCESS
add_player: FAILURE
play_match: SUCCESS, 3
get_player_cards: SUCCESS, 31
get_player_cards: SUCCESS, 8
add_player_cards: SUCCESS
get_team_points: SUCCESS, 3
add_player: SUCCESS
get_team_points: SUCCESS, 0
get_player_cards: SUCCESS, 193
add_player_cards: SUCCESS
buy_team: SUCCESS
add_player: FAILURE
get_ith_pointless_ability: SUCCESS, 4
add_player: FAILURE
play_match: FAILURE
add_player: SUCCESS
remove_team: FAILURE
get_team_points: FAILURE
add_team: FAILURE
play_match: FAILURE
add_player: SUCCESS
add_team: FAILURE
add_team: FAILURE
add_player_cards: SUCCESS
add_team: FAILURE
add_player: FAILURE
get_ith_pointless_ability: SUCCESS, 58
add_player: FAILURE
num_played_games_for_player: SUCCESS, 22
get_ith_pointless_ability: SUCCESS, 82
get_ith_pointless_ability: FAILURE
add_player: SUCCESS
num_played_games_for_player: SUCCESS, 22
add_player: SUCCESS
get_player_cards: SUCCESS, 214
play_match: SUCCESS, 1
get_partial_spirit: SUCCESS, 3,1,4,5,2
add_player: SUCCESS
add_team: FAILURE
get_player_cards: SUCCESS, 297
add_player_cards: SUCCESS
buy_team: SUCCESS
play_match: SUCCESS, 1
play_match: FAILURE
get_team_points: FAILURE
add_player_cards: SUCCESS
remove_team: FAILURE
remove_team: FAILURE
get_team_points: SUCCESS, 0
num_played_games_for_player: SUCCESS, 22
remove_team: FAILURE
play_match: SUCCESS, 3
add_player_cards: SUCCESS
add_team: FAILURE
play_match: SUCCESS, 1
buy_team: SUCCESS
add_player: FAILURE
get_player_cards: SUCCESS, 56
get_player_cards: SUCCESS, 170
add_player_cards: SUCCESS
get_ith_pointless_ability: SUCCESS, 40
play_match: FAILURE
add_player: FAILURE
add_team: FAILURE
add_player: FAILURE
get_player_cards: SUCCESS, 30
buy_team: SUCCESS
get_team_points: FAILURE
play_match: FAILURE
remove_team: FAILURE
buy_team: SUCCESS
buy_team: SUCCESS
add_team: FAILURE
get_ith_pointless_ability: SUCCESS, 67
add_player: FAILURE
add_player: SUCCESS
get_player_cards: SUCCESS, 187
get_partial_spirit: FAILURE
get_ith_pointless_ability: SUCCESS, 18
get_partial_spirit: FAILURE
add_player: FAILURE
num_played_games_for_player: SUCCESS, 22
add_player: SUCCESS
get_team_points: SUCCESS, 3
add_player: SUCCESS
get_team_points: SUCCESS, 0
num_played_games_for_player: SUCCESS, 22
get_ith_pointless_ability: SUCCESS, 92
add_player_cards: SUCCESS
add_team: FAILURE
get_team_points: SUCCESS, 3
remove_team: FAILURE
num_played_games_for_player: SUCCESS, 22
buy_team: SUCCESS
get_partial_spirit: FAILURE
add_player: SUCCESS
get_partial_spirit: FAILURE
add_player_cards: SUCCESS
add_player: FAILURE
add_player: FAILURE
get_team_points: SUCCESS, 0
num_played_games_for_player: SUCCESS, 22
num_played_games_for_player: SUCCESS, 22
add_player: SUCCESS
add_player: FAILURE
get_team_points: SUCCESS, 6
get_ith_pointless_ability: SUCCESS, 18
play_match: FAILURE
