add_team: SUCCESS
add_team: SUCCESS
add_team: SUCCESS
add_team: SUCCESS
add_team: SUCCESS
add_team: SUCCESS
add_team: SUCCESS
add_team: SUCCESS
add_team: SUCCESS
add_team: SUCCESS
add_team: SUCCESS
add_team: SUCCESS
add_team: SUCCESS
add_team: SUCCESS
add_team: SUCCESS
add_team: SUCCESS
add_team: SUCCESS
add_team: SUCCESS
add_team: SUCCESS
add_team: SUCCESS
add_team: SUCCESS
add_team: SUCCESS
add_team: SUCCESS
add_team: SUCCESS
add_team: SUCCESS
add_team: SUCCESS
add_team: SUCCESS
add_team: SUCCESS
add_team: SUCCESS
add_team: SUCCESS
add_team: SUCCESS
add_team: SUCCESS
add_team: SUCCESS
add_team: SUCCESS
add_team: SUCCESS
add_team: SUCCESS
add_team: SUCCESS
add_team: SUCCESS
add_team: SUCCESS
add_team: SUCCESS
add_team: SUCCESS
add_team: SUCCESS
add_team: SUCCESS
add_team: SUCCESS
add_team: SUCCESS
add_team: SUCCESS
add_team: SUCCESS
add_team: SUCCESS
add_team: SUCCESS
add_team: SUCCESS
add_team: SUCCESS
add_team: SUCCESS
add_team: SUCCESS
add_team: SUCCESS
add_team: SUCCESS
add_team: SUCCESS
add_team: SUCCESS
add_team: SUCCESS
add_team: SUCCESS
add_team: SUCCESS
add_team: SUCCESS
add_team: SUCCESS
add_team: SUCCESS
add_team: SUCCESS
add_team: SUCCESS
add_team: SUCCESS
add_team: SUCCESS
add_team: SUCCESS
add_team: SUCCESS
add_team: SUCCESS
add_team: SUCCESS
add_team: SUCCESS
add_team: SUCCESS
add_team: SUCCESS
add_team: SUCCESS
add_team: SUCCESS
add_team: SUCCESS
add_team: SUCCESS
add_team: SUCCESS
add_team: SUCCESS
add_team: SUCCESS
add_team: SUCCESS
add_team: SUCCESS
add_team: SUCCESS
add_team: SUCCESS
add_team: SUCCESS
add_team: SUCCESS
add_team: SUCCESS
add_team: SUCCESS
add_team: SUCCESS
add_team: SUCCESS
add_team: SUCCESS
add_team: SUCCESS
add_team: SUCCESS
add_team: SUCCESS
add_team: SUCCESS
add_team: SUCCESS
add_team: SUCCESS
add_team: SUCCESS
add_team: SUCCESS
add_player: SUCCESS
add_player: SUCCESS
add_player: SUCCESS
add_player: SUCCESS
add_player: SUCCESS
add_player: SUCCESS
add_player: SUCCESS
add_player: SUCCESS
add_player: SUCCESS
add_player: SUCCESS
add_player: SUCCESS
add_player: SUCCESS
add_player: SUCCESS
add_player: SUCCESS
add_player: SUCCESS
add_player: SUCCESS
add_player: SUCCESS
add_player: SUCCESS
add_player: SUCCESS
add_player: SUCCESS
add_player: SUCCESS
add_player: SUCCESS
add_player: SUCCESS
add_player: SUCCESS
add_player: SUCCESS
add_player: SUCCESS
add_player: SUCCESS
add_player: SUCCESS
add_player: SUCCESS
add_player: SUCCESS
add_player: SUCCESS
add_player: SUCCESS
add_player: SUCCESS
add_player: SUCCESS
add_player: SUCCESS
add_player: SUCCESS
add_player: SUCCESS
add_player: SUCCESS
add_player: SUCCESS
add_player: SUCCESS
add_player: SUCCESS
add_player: SUCCESS
add_player: SUCCESS
add_player: SUCCESS
add_player: SUCCESS
add_player: SUCCESS
add_player: SUCCESS
add_player: SUCCESS
add_player: SUCCESS
add_player: SUCCESS
add_player: SUCCESS
add_player: SUCCESS
add_player: SUCCESS
add_player: SUCCESS
add_player: SUCCESS
add_player: SUCCESS
add_player: SUCCESS
add_player: SUCCESS
add_player: SUCCESS
add_player: SUCCESS
add_player: SUCCESS
add_player: SUCCESS
add_player: SUCCESS
add_player: SUCCESS
add_player: SUCCESS
add_player: SUCCESS
add_player: SUCCESS
add_player: SUCCESS
add_player: SUCCESS
add_player: SUCCESS
add_player: SUCCESS
add_player: SUCCESS
add_player: SUCCESS
add_player: SUCCESS
add_player: SUCCESS
add_player: SUCCESS
add_player: SUCCESS
add_player: SUCCESS
add_player: SUCCESS
add_player: SUCCESS
add_player: SUCCESS
add_player: SUCCESS
add_player: SUCCESS
add_player: SUCCESS
add_player: SUCCESS
add_player: SUCCESS
add_player: SUCCESS
add_player: SUCCESS
add_player: SUCCESS
add_player: SUCCESS
add_player: SUCCESS
add_player: SUCCESS
add_player: SUCCESS
add_player: SUCCESS
add_player: SUCCESS
add_player: SUCCESS
add_player: SUCCESS
add_player: SUCCESS
add_player: SUCCESS
add_player: SUCCESS
num_played_games_for_player: SUCCESS, 22
remove_team: FAILURE
get_player_cards: SUCCESS, 192
get_ith_pointless_ability: FAILURE
get_partial_spirit: SUCCESS, 1,2,3,4,5
remove_team: FAILURE
get_partial_spirit: SUCCESS, 1,2,3,4,5
add_player_cards: SUCCESS
buy_team: SUCCESS
play_match: FAILURE
get_ith_pointless_ability: FAILURE
add_player: SUCCESS
buy_team: SUCCESS
add_player: SUCCESS
get_player_cards: SUCCESS, 70
add_player: SUCCESS
get_team_points: SUCCESS, 0
get_player_cards: SUCCESS, 59
get_partial_spirit: SUCCESS, 1,2,3,4,5
get_ith_pointless_ability: SUCCESS, 49
add_player: SUCCESS
add_player: SUCCESS
get_player_cards: SUCCESS, 59
add_player_cards: SUCCESS
add_player_cards: SUCCESS
num_played_games_for_player: SUCCESS, 22
get_team_points: SUCCESS, 0
get_partial_spirit: SUCCESS, 1,2,3,4,5
add_player: SUCCESS
get_player_cards: SUCCESS, 70
add_player: SUCCESS
remove_team: FAILURE
get_ith_pointless_ability: FAILURE
num_played_games_for_player: SUCCESS, 22
buy_team: SUCCESS
num_played_games_for_player: SUCCESS, 22
get_team_points: SUCCESS, 0
buy_team: SUCCESS
add_player: SUCCESS
add_player: SUCCESS
add_player: SUCCESS
buy_team: SUCCESS
add_player_cards: SUCCESS
buy_team: SUCCESS
buy_team: SUCCESS
get_ith_pointless_ability: FAILURE
get_team_points: SUCCESS, 0
remove_team: FAILURE
get_team_points: SUCCESS, 0
get_partial_spirit: SUCCESS, 1,2,3,4,5
get_ith_pointless_ability: SUCCESS, 87
add_player: SUCCESS
add_player_cards: SUCCESS
play_match: FAILURE
get_team_points: SUCCESS, 0
get_partial_spirit: SUCCESS, 1,2,3,4,5
add_team: SUCCESS
add_player: SUCCESS
remove_team: FAILURE
add_player: SUCCESS
get_ith_pointless_ability: SUCCESS, 41
num_played_games_for_player: SUCCESS, 22
get_player_cards: SUCCESS, 232
add_player: SUCCESS
get_ith_pointless_ability: FAILURE
add_player: SUCCESS
play_match: FAILURE
get_player_cards: SUCCESS, 220
num_played_games_for_player: SUCCESS, 22
get_partial_spirit: SUCCESS, 1,4,5,2,3
remove_team: FAILURE
num_played_games_for_player: SUCCESS, 22
buy_team: SUCCESS
add_player: SUCCESS
add_team: FAILURE
get_player_cards: SUCCESS, 291
add_player_cards: SUCCESS
add_player: SUCCESS
remove_team: FAILURE
num_played_games_for_player: SUCCESS, 22
get_team_points: SUCCESS, 0
play_match: FAILURE
num_played_games_for_player: SUCCESS, 22
get_player_cards: SUCCESS, 96
remove_team: FAILURE
add_player_cards: SUCCESS
add_player: SUCCESS
add_player: FAILURE
add_team: FAILURE
add_player: SUCCESS
add_player_cards: SUCCESS
get_partial_spirit: SUCCESS, 1,2,3,4,5
get_team_points: SUCCESS, 0
get_ith_pointless_ability: SUCCESS, 92
add_player: SUCCESS
num_played_games_for_player: SUCCESS, 22
add_player: SUCCESS
add_player: FAILURE
add_player: SUCCESS
add_player: SUCCESS
add_player: SUCCESS
play_match: SUCCESS, 1
remove_team: FAILURE
get_partial_spirit: SUCCESS, 4,3,5,1,2
add_player_cards: SUCCESS
get_partial_spirit: SUCCESS, 1,2,3,4,5
play_match: FAILURE
get_ith_pointless_ability: FAILURE
get_partial_spirit: SUCCESS, 1,5,3,4,2
add_player: FAILURE
get_ith_pointless_ability: SUCCESS, 24
get_team_points: SUCCESS, 0
get_ith_pointless_ability: FAILURE
get_team_points: SUCCESS, 0
add_player: SUCCESS
num_played_games_for_player: SUCCESS, 22
add_player: SUCCESS
play_match: FAILURE
add_player: SUCCESS
get_player_cards: SUCCESS, 146
play_match: FAILURE
get_ith_pointless_ability: SUCCESS, 60
num_played_games_for_player: SUCCESS, 22
add_player: SUCCESS
play_match: FAILURE
add_player_cards: SUCCESS
remove_team: FAILURE
buy_team: SUCCESS
add_player: SUCCESS
add_player: SUCCESS
remove_team: FAILURE
play_match: FAILURE
add_player: SUCCESS
add_player: SUCCESS
get_ith_pointless_ability: FAILURE
get_team_points: SUCCESS, 0
buy_team: SUCCESS
add_team: FAILURE
add_team: FAILURE
get_ith_pointless_ability: SUCCESS, 45
play_match: FAILURE
get_team_points: SUCCESS, 0
get_player_cards: SUCCESS, 144
add_player: SUCCESS
add_player: SUCCESS
add_player: SUCCESS
add_team: FAILURE
get_player_cards: SUCCESS, 144
remove_team: FAILURE
get_partial_spirit: SUCCESS, 1,2,3,4,5
add_player: SUCCESS
buy_team: SUCCESS
add_player_cards: SUCCESS
add_player: SUCCESS
get_ith_pointless_ability: SUCCESS, 33
get_team_points: SUCCESS, 0
add_player: SUCCESS
remove_team: FAILURE
add_player_cards: SUCCESS
get_team_points: SUCCESS, 0
add_player_cards: SUCCESS
get_player_cards: SUCCESS, 48
buy_team: SUCCESS
buy_team: SUCCESS
get_team_points: SUCCESS, 0
remove_team: FAILURE
add_player_cards: SUCCESS
get_ith_pointless_ability: FAILURE
remove_team: FAILURE
add_player_cards: SUCCESS
add_player_cards: SUCCESS
get_player_cards: SUCCESS, 239
buy_team: SUCCESS
add_player: SUCCESS
get_player_cards: SUCCESS, 266
get_ith_pointless_ability: FAILURE
add_player: SUCCESS
add_player: SUCCESS
remove_team: FAILURE
add_player: SUCCESS
play_match: FAILURE
get_partial_spirit: SUCCESS, 1,2,3,4,5
buy_team: SUCCESS
add_player: SUCCESS
add_player: SUCCESS
get_team_points: SUCCESS, 0
num_played_games_for_player: SUCCESS, 22
num_played_games_for_player: SUCCESS, 22
add_team: FAILURE
add_team: FAILURE
add_player_cards: SUCCESS
buy_team: SUCCESS
num_played_games_for_player: SUCCESS, 22
remove_team: FAILURE
get_partial_spirit: SUCCESS, 2,1,3,5,4
get_team_points: SUCCESS, 0
play_match: FAILURE
play_match: FAILURE
num_played_games_for_player: SUCCESS, 22
get_ith_pointless_ability: FAILURE
add_player: SUCCESS
get_player_cards: SUCCESS, 32
get_ith_pointless_ability: FAILURE
play_match: FAILURE
get_ith_pointless_ability: SUCCESS, 86
play_match: FAILURE
add_player: SUCCESS
add_player_cards: SUCCESS
num_played_games_for_player: SUCCESS, 22
get_team_points: SUCCESS, 0
add_player: SUCCESS
add_player_cards: SUCCESS
get_team_points: SUCCESS, 0
get_player_cards: SUCCESS, 293
add_player_cards: SUCCESS
add_player: SUCCESS
add_player: SUCCESS
add_player: SUCCESS
remove_team: FAILURE
get_ith_pointless_ability: FAILURE
add_player: SUCCESS
get_ith_pointless_ability: FAILURE
get_partial_spirit: SUCCESS, 1,2,3,4,5
add_player_cards: SUCCESS
add_player: FAILURE
add_player: SUCCESS
get_ith_pointless_ability: FAILURE
play_match: FAILURE
get_partial_spirit: SUCCESS, 5,3,2,4,1
add_player: SUCCESS
remove_team: FAILURE
get_partial_spirit: SUCCESS, 1,2,3,4,5
get_player_cards: SUCCESS, 201
play_match: FAILURE
num_played_games_for_player: SUCCESS, 22
add_team: FAILURE
buy_team: SUCCESS
get_player_cards: SUCCESS, 61
buy_team: SUCCESS
get_player_cards: SUCCESS, 61
add_player: SUCCESS
get_partial_spirit: SUCCESS, 1,2,3,4,5
get_player_cards: SUCCESS, 183
add_team: FAILURE
add_player_cards: SUCCESS
num_played_games_for_player: SUCCESS, 22
play_match: FAILURE
get_partial_spirit: SUCCESS, 1,2,3,4,5
buy_team: SUCCESS
add_team: FAILURE
buy_team: SUCCESS
add_player: SUCCESS
num_played_games_for_player: SUCCESS, 22
add_player: SUCCESS
remove_team: FAILURE
get_ith_pointless_ability: SUCCESS, 33
get_player_cards: SUCCESS, 88
get_ith_pointless_ability: SUCCESS, 11
add_player: SUCCESS
play_match: FAILURE
get_team_points: SUCCESS, 0
get_partial_spirit: SUCCESS, 1,5,2,3,4
get_player_cards: SUCCESS, 299
add_team: FAILURE
buy_team: SUCCESS
add_player: SUCCESS
get_partial_spirit: SUCCESS, 1,5,4,3,2
get_ith_pointless_ability: SUCCESS, 34
add_player: FAILURE
play_match: FAILURE
add_player: SUCCESS
buy_team: SUCCESS
add_player_cards: SUCCESS
get_ith_pointless_ability: SUCCESS, 56
remove_team: FAILURE
add_player: FAILURE
add_team: FAILURE
buy_team: SUCCESS
get_team_points: SUCCESS, 0
num_played_games_for_player: SUCCESS, 22
add_team: FAILURE
buy_team: SUCCESS
num_played_games_for_player: SUCCESS, 22
get_ith_pointless_ability: FAILURE
add_player_cards: SUCCESS
add_team: FAILURE
add_team: FAILURE
add_team: FAILURE
play_match: FAILURE
add_player_cards: SUCCESS
num_played_games_for_player: SUCCESS, 22
num_played_games_for_player: SUCCESS, 22
get_ith_pointless_ability: SUCCESS, 24
get_team_points: SUCCESS, 0
add_player: FAILURE
buy_team: SUCCESS
get_partial_spirit: SUCCESS, 3,5,1,4,2
play_match: FAILURE
num_played_games_for_player: SUCCESS, 22
buy_team: SUCCESS
remove_team: FAILURE
num_played_games_for_player: SUCCESS, 22
add_team: FAILURE
get_partial_spirit: SUCCESS, 4,3,2,5,1
add_player: SUCCESS
play_match: FAILURE
add_player: SUCCESS
remove_team: FAILURE
add_player_cards: SUCCESS
add_player: FAILURE
add_player: SUCCESS
get_partial_spirit: SUCCESS, 3,5,1,4,2
add_player: SUCCESS
play_match: FAILURE
num_played_games_for_player: SUCCESS, 22
buy_team: SUCCESS
get_team_points: SUCCESS, 0
add_player_cards: SUCCESS
add_player: SUCCESS
num_played_games_for_player: SUCCESS, 22
play_match: FAILURE
buy_team: SUCCESS
add_team: FAILURE
add_team: FAILURE
add_player: SUCCESS
add_team: FAILURE
get_team_points: SUCCESS, 0
get_player_cards: SUCCESS, 18
add_player_cards: SUCCESS
add_player_cards: SUCCESS
add_player: SUCCESS
add_player: SUCCESS
add_player: SUCCESS
add_player: SUCCESS
play_match: FAILURE
num_played_games_for_player: SUCCESS, 22
add_player: SUCCESS
get_team_points: SUCCESS, 0
get_partial_spirit: SUCCESS, 5,2,4,1,3
get_team_points: SUCCESS, 0
play_match: FAILURE
get_ith_pointless_ability: SUCCESS, 29
add_player: SUCCESS
num_played_games_for_player: SUCCESS, 22
get_team_points: SUCCESS, 0
add_player: SUCCESS
buy_team: SUCCESS
add_player_cards: SUCCESS
get_partial_spirit: SUCCESS, 1,2,3,4,5
num_played_games_for_player: SUCCESS, 22
get_team_points: SUCCESS, 0
remove_team: FAILURE
add_player: SUCCESS
add_player: FAILURE
num_played_games_for_player: SUCCESS, 22
remove_team: FAILURE
play_match: FAILURE
get_partial_spirit: SUCCESS, 1,2,3,4,5
buy_team: SUCCESS
add_player: SUCCESS
get_player_cards: SUCCESS, 141
get_ith_pointless_ability: SUCCESS, 5
buy_team: SUCCESS
add_player: SUCCESS
add_player_cards: SUCCESS
add_player: FAILURE
get_team_points: SUCCESS, 0
add_player: FAILURE
add_team: FAILURE
get_player_cards: SUCCESS, 49
add_player: SUCCESS
add_player: FAILURE
add_player: SUCCESS
get_team_points: SUCCESS, 0
get_player_cards: SUCCESS, 238
get_partial_spirit: SUCCESS, 5,3,4,2,1
play_match: SUCCESS, 3
get_ith_pointless_ability: SUCCESS, 99
get_partial_spirit: SUCCESS, 2,4,1,3,5
add_player: SUCCESS
get_ith_pointless_ability: SUCCESS, 92
get_team_points: SUCCESS, 0
add_player: SUCCESS
remove_team: FAILURE
add_player: FAILURE
remove_team: FAILURE
add_player: FAILURE
add_player: SUCCESS
remove_team: FAILURE
add_player_cards: SUCCESS
add_player: SUCCESS
play_match: FAILURE
add_player: SUCCESS
get_team_points: SUCCESS, 0
add_team: FAILURE
add_player_cards: SUCCESS
get_partial_spirit: SUCCESS, 1,2,3,4,5
add_player: SUCCESS
remove_team: FAILURE
remove_team: FAILURE
add_player: FAILURE
play_match: SUCCESS, 1
num_played_games_for_player: SUCCESS, 22
get_partial_spirit: SUCCESS, 1,2,3,4,5
add_player: FAILURE
add_team: FAILURE
add_player: FAILURE
add_player: SUCCESS
buy_team: SUCCESS
remove_team: FAILURE
add_player: SUCCESS
num_played_games_for_player: SUCCESS, 22
add_player: SUCCESS
add_team: FAILURE
get_ith_pointless_ability: FAILURE
get_team_points: SUCCESS, 0
num_played_games_for_player: SUCCESS, 22
add_team: FAILURE
add_player: FAILURE
add_player: FAILURE
get_player_cards: SUCCESS, 45
num_played_games_for_player: SUCCESS, 22
add_team: FAILURE
add_player: SUCCESS
get_ith_pointless_ability: FAILURE
add_player: SUCCESS
get_partial_spirit: SUCCESS, 5,4,1,2,3
get_ith_pointless_ability: SUCCESS, 22
play_match: FAILURE
num_played_games_for_player: SUCCESS, 22
get_partial_spirit: SUCCESS, 2,4,5,1,3
add_team: FAILURE
add_player: SUCCESS
add_team: FAILURE
get_partial_spirit: SUCCESS, 4,3,2,1,5
play_match: FAILURE
add_player_cards: SUCCESS
add_player_cards: SUCCESS
play_match: FAILURE
num_played_games_for_player: SUCCESS, 22
buy_team: SUCCESS
get_partial_spirit: SUCCESS, 5,2,1,4,3
buy_team: SUCCESS
add_player: SUCCESS
get_player_cards: SUCCESS, 19
get_team_points: SUCCESS, 0
get_player_cards: SUCCESS, 136
num_played_games_for_player: SUCCESS, 22
get_partial_spirit: SUCCESS, 1,2,3,4,5
add_team: FAILURE
get_partial_spirit: SUCCESS, 3,5,4,1,2
add_player_cards: SUCCESS
add_team: FAILURE
num_played_games_for_player: SUCCESS, 22
buy_team: SUCCESS
get_ith_pointless_ability: SUCCESS, 18
play_match: FAILURE
get_team_points: SUCCESS, 0
play_match: FAILURE
get_player_cards: SUCCESS, 135
add_player: FAILURE
buy_team: SUCCESS
add_player: SUCCESS
get_ith_pointless_ability: SUCCESS, 73
play_match: FAILURE
play_match: FAILURE
add_player: SUCCESS
get_partial_spirit: SUCCESS, 4,3,5,2,1
get_team_points: SUCCESS, 0
add_team: FAILURE
get_player_cards: SUCCESS, 287
play_match: FAILURE
num_played_games_for_player: SUCCESS, 22
get_partial_spirit: SUCCESS, 1,2,3,4,5
get_partial_spirit: SUCCESS, 1,2,3,4,5
num_played_games_for_player: SUCCESS, 22
num_played_games_for_player: SUCCESS, 22
add_player: SUCCESS
add_player_cards: SUCCESS
add_player: SUCCESS
add_player: FAILURE
get_player_cards: SUCCESS, 126
add_player_cards: SUCCESS
get_ith_pointless_ability: FAILURE
buy_team: SUCCESS
get_partial_spirit: SUCCESS, 2,5,1,3,4
add_player: SUCCESS
get_team_points: SUCCESS, 0
num_played_games_for_player: SUCCESS, 22
play_match: FAILURE
add_player_cards: SUCCESS
get_player_cards: SUCCESS, 280
add_player: SUCCESS
buy_team: SUCCESS
add_player_cards: SUCCESS
remove_team: FAILURE
add_team: FAILURE
get_team_points: SUCCESS, 0
add_player: SUCCESS
remove_team: FAILURE
buy_team: SUCCESS
remove_team: FAILURE
add_team: SUCCESS
get_team_points: FAILURE
remove_team: FAILURE
get_player_cards: SUCCESS, 11
get_player_cards: SUCCESS, 114
get_player_cards: SUCCESS, 136
play_match: SUCCESS, 3
add_player: FAILURE
get_ith_pointless_ability: SUCCESS, 18
get_team_points: SUCCESS, 0
get_partial_spirit: SUCCESS, 1,2,3,4,5
buy_team: SUCCESS
add_player: SUCCESS
get_team_points: SUCCESS, 0
add_player: SUCCESS
add_player: SUCCESS
add_player: FAILURE
remove_team: FAILURE
add_team: FAILURE
get_player_cards: SUCCESS, 212
add_player: SUCCESS
add_player: FAILURE
play_match: FAILURE
buy_team: SUCCESS
num_played_games_for_player: SUCCESS, 22
play_match: FAILURE
num_played_games_for_player: SUCCESS, 22
add_player: FAILURE
get_player_cards: SUCCESS, 26
remove_team: FAILURE
buy_team: SUCCESS
num_played_games_for_player: SUCCESS, 22
add_player: SUCCESS
get_partial_spirit: SUCCESS, 1,2,3,4,5
add_player_cards: SUCCESS
add_player_cards: SUCCESS
add_player: SUCCESS
get_partial_spirit: SUCCESS, 1,2,3,4,5
get_team_points: SUCCESS, 0
num_played_games_for_player: SUCCESS, 22
remove_team: FAILURE
add_player: SUCCESS
add_team: FAILURE
add_player: SUCCESS
get_ith_pointless_ability: SUCCESS, 55
num_played_games_for_player: SUCCESS, 22
buy_team: SUCCESS
get_ith_pointless_ability: FAILURE
add_player: FAILURE
play_match: FAILURE
num_played_games_for_player: SUCCESS, 22
get_ith_pointless_ability: SUCCESS, 41
num_played_games_for_player: SUCCESS, 22
get_player_cards: SUCCESS, 59
get_player_cards: SUCCESS, 159
get_player_cards: SUCCESS, 299
get_team_points: SUCCESS, 0
get_ith_pointless_ability: SUCCESS, 34
num_played_games_for_player: SUCCESS, 22
add_player: SUCCESS
add_team: FAILURE
get_player_cards: SUCCESS, 214
add_player_cards: SUCCESS
remove_team: FAILURE
get_ith_pointless_ability: FAILURE
get_player_cards: SUCCESS, 215
get_partial_spirit: FAILURE
add_player: SUCCESS
buy_team: SUCCESS
play_match: FAILURE
play_match: FAILURE
play_match: FAILURE
get_player_cards: SUCCESS, 45
remove_team: FAILURE
add_player_cards: SUCCESS
add_team: FAILURE
add_player: FAILURE
add_player_cards: SUCCESS
remove_team: FAILURE
add_player: SUCCESS
add_player: FAILURE
get_ith_pointless_ability: SUCCESS, 56
add_player: SUCCESS
get_ith_pointless_ability: SUCCESS, 92
add_player: SUCCESS
num_played_games_for_player: SUCCESS, 22
get_ith_pointless_ability: SUCCESS, 10
num_played_games_for_player: SUCCESS, 22
add_team: FAILURE
get_team_points: SUCCESS, 0
add_player: SUCCESS
buy_team: SUCCESS
get_ith_pointless_ability: SUCCESS, 30
add_player: SUCCESS
add_player: SUCCESS
add_player: SUCCESS
buy_team: SUCCESS
get_partial_spirit: SUCCESS, 1,2,3,4,5
add_player: SUCCESS
add_team: FAILURE
add_player: SUCCESS
add_team: FAILURE
add_team: FAILURE
buy_team: SUCCESS
get_ith_pointless_ability: SUCCESS, 70
get_team_points: SUCCESS, 0
get_ith_pointless_ability: SUCCESS, 80
add_team: FAILURE
get_team_points: SUCCESS, 0
get_partial_spirit: SUCCESS, 3,1,2,4,5
remove_team: FAILURE
add_team: FAILURE
add_team: FAILURE
get_team_points: SUCCESS, 3
remove_team: FAILURE
num_played_games_for_player: SUCCESS, 22
add_team: FAILURE
play_match: FAILURE
play_match: FAILURE
remove_team: FAILURE
add_player: FAILURE
get_partial_spirit: SUCCESS, 1,2,3,4,5
num_played_games_for_player: SUCCESS, 22
num_played_games_for_player: SUCCESS, 22
play_match: SUCCESS, 3
add_player: SUCCESS
num_played_games_for_player: SUCCESS, 22
add_player: SUCCESS
add_player: SUCCESS
add_player: SUCCESS
get_partial_spirit: SUCCESS, 1,2,3,4,5
get_player_cards: SUCCESS, 263
get_partial_spirit: FAILURE
remove_team: FAILURE
play_match: FAILURE
remove_team: FAILURE
get_partial_spirit: SUCCESS, 4,1,2,5,3
add_player: FAILURE
add_player: FAILURE
add_player: SUCCESS
add_team: FAILURE
get_ith_pointless_ability: FAILURE
get_player_cards: SUCCESS, 287
get_ith_pointless_ability: SUCCESS, 76
buy_team: SUCCESS
add_player_cards: SUCCESS
remove_team: FAILURE
play_match: FAILURE
add_team: FAILURE
add_player: FAILURE
add_player: FAILURE
get_team_points: SUCCESS, 0
add_player: FAILURE
play_match: FAILURE
add_team: FAILURE
get_player_cards: SUCCESS, 222
remove_team: FAILURE
add_player: SUCCESS
add_player: SUCCESS
add_player: SUCCESS
add_player: SUCCESS
add_player: FAILURE
num_played_games_for_player: SUCCESS, 22
add_player: FAILURE
play_match: FAILURE
get_player_cards: SUCCESS, 138
add_player_cards: SUCCESS
get_ith_pointless_ability: SUCCESS, 36
add_player: SUCCESS
add_team: FAILURE
add_player_cards: FAILURE
buy_team: SUCCESS
remove_team: FAILURE
add_player_cards: SUCCESS
buy_team: SUCCESS
get_ith_pointless_ability: SUCCESS, 3
add_team: FAILURE
get_partial_spirit: SUCCESS, 2,1,4,5,3
get_partial_spirit: SUCCESS, 2,4,5,1,3
get_partial_spirit: SUCCESS, 4,5,2,1,3
buy_team: SUCCESS
num_played_games_for_player: SUCCESS, 22
get_player_cards: SUCCESS, 86
add_team: FAILURE
add_player: FAILURE
add_player: SUCCESS
get_partial_spirit: FAILURE
remove_team: FAILURE
buy_team: SUCCESS
remove_team: FAILURE
get_partial_spirit: SUCCESS, 5,4,2,3,1
remove_team: FAILURE
play_match: SUCCESS, 1
num_played_games_for_player: SUCCESS, 22
num_played_games_for_player: SUCCESS, 22
buy_team: SUCCESS
add_player_cards: FAILURE
get_ith_pointless_ability: SUCCESS, 51
add_player: FAILURE
get_player_cards: SUCCESS, 380
add_player: SUCCESS
remove_team: FAILURE
add_team: FAILURE
get_player_cards: SUCCESS, 183
add_team: FAILURE
remove_team: FAILURE
get_ith_pointless_ability: FAILURE
num_played_games_for_player: SUCCESS, 22
get_player_cards: SUCCESS, 292
add_player_cards: FAILURE
get_team_points: SUCCESS, 0
remove_team: FAILURE
get_partial_spirit: SUCCESS, 1,2,3,4,5
get_ith_pointless_ability: SUCCESS, 51
remove_team: FAILURE
get_ith_pointless_ability: SUCCESS, 74
remove_team: FAILURE
get_ith_pointless_ability: FAILURE
buy_team: SUCCESS
get_player_cards: SUCCESS, 247
add_player: FAILURE
remove_team: FAILURE
get_player_cards: SUCCESS, 36
add_player: FAILURE
add_player_cards: FAILURE
add_player: FAILURE
get_team_points: SUCCESS, 0
add_team: FAILURE
add_player: FAILURE
num_played_games_for_player: SUCCESS, 22
add_player: FAILURE
add_player: FAILURE
play_match: FAILURE
get_team_points: SUCCESS, 0
get_player_cards: SUCCESS, 214
num_played_games_for_player: SUCCESS, 22
num_played_games_for_player: SUCCESS, 22
get_team_points: SUCCESS, 0
get_partial_spirit: SUCCESS, 4,3,5,1,2
num_played_games_for_player: SUCCESS, 22
add_player: SUCCESS
play_match: FAILURE
get_team_points: SUCCESS, 0
add_player: FAILURE
get_player_cards: SUCCESS, 55
get_player_cards: SUCCESS, 291
add_player: SUCCESS
add_player_cards: SUCCESS
get_player_cards: SUCCESS, 113
add_team: FAILURE
buy_team: SUCCESS
add_player: FAILURE
add_player: SUCCESS
add_player: FAILURE
buy_team: SUCCESS
add_team: FAILURE
add_team: FAILURE
get_partial_spirit: SUCCESS, 3,5,1,4,2
get_team_points: SUCCESS, 0
add_player_cards: FAILURE
add_player: SUCCESS
add_player_cards: FAILURE
remove_team: FAILURE
add_team: FAILURE
add_player: FAILURE
add_player: SUCCESS
add_player: FAILURE
add_player: SUCCESS
remove_team: FAILURE
add_player: FAILURE
add_player: SUCCESS
get_team_points: FAILURE
add_team: FAILURE
get_partial_spirit: SUCCESS, 1,2,3,4,5
get_ith_pointless_ability: SUCCESS, 89
num_played_games_for_player: SUCCESS, 22
buy_team: SUCCESS
add_team: FAILURE
get_player_cards: SUCCESS, 91
buy_team: SUCCESS
add_player_cards: SUCCESS
add_player: FAILURE
get_ith_pointless_ability: SUCCESS, 60
add_team: FAILURE
get_player_cards: SUCCESS, 118
get_player_cards: SUCCESS, 237
get_ith_pointless_ability: FAILURE
add_player: FAILURE
add_player: FAILURE
get_team_points: SUCCESS, 0
add_player: SUCCESS
add_player: SUCCESS
get_team_points: SUCCESS, 0
num_played_games_for_player: SUCCESS, 22
add_player: FAILURE
add_player: FAILURE
remove_team: FAILURE
add_team: FAILURE
buy_team: SUCCESS
get_player_cards: SUCCESS, 176
get_team_points: SUCCESS, 0
add_player: FAILURE
get_partial_spirit: SUCCESS, 1,2,3,4,5
get_player_cards: SUCCESS, 326
add_player: FAILURE
add_player_cards: SUCCESS
remove_team: FAILURE
get_team_points: SUCCESS, 0
get_player_cards: SUCCESS, 299
get_team_points: SUCCESS, 0
buy_team: SUCCESS
buy_team: SUCCESS
remove_team: FAILURE
add_player_cards: SUCCESS
get_team_points: FAILURE
get_ith_pointless_ability: SUCCESS, 62
add_team: FAILURE
play_match: SUCCESS, 3
play_match: SUCCESS, 3
add_team: FAILURE
num_played_games_for_player: SUCCESS, 22
add_team: FAILURE
num_played_games_for_player: SUCCESS, 22
play_match: SUCCESS, 1
add_player: FAILURE
add_player: FAILURE
buy_team: SUCCESS
get_player_cards: SUCCESS, 150
add_player: FAILURE
add_player: FAILURE
num_played_games_for_player: SUCCESS, 22
get_team_points: SUCCESS, 0
add_player: SUCCESS
add_player: FAILURE
buy_team: SUCCESS
add_player: SUCCESS
play_match: FAILURE
add_team: FAILURE
play_match: FAILURE
play_match: FAILURE
num_played_games_for_player: SUCCESS, 22
add_team: FAILURE
get_team_points: SUCCESS, 3
get_ith_pointless_ability: SUCCESS, 9
get_player_cards: SUCCESS, 320
get_partial_spirit: SUCCESS, 3,1,2,4,5
get_player_cards: SUCCESS, 219
add_player: FAILURE
buy_team: SUCCESS
get_player_cards: SUCCESS, 288
buy_team: SUCCESS
add_player: FAILURE
buy_team: SUCCESS
get_partial_spirit: SUCCESS, 1,2,3,4,5
buy_team: SUCCESS
add_player: FAILURE
play_match: FAILURE
add_player: FAILURE
get_team_points: SUCCESS, 0
remove_team: FAILURE
get_ith_pointless_ability: SUCCESS, 87
add_player: FAILURE
get_team_points: SUCCESS, 0
remove_team: FAILURE
add_player: SUCCESS
add_player: FAILURE
get_ith_pointless_ability: SUCCESS, 56
add_player: FAILURE
num_played_games_for_player: SUCCESS, 22
add_team: FAILURE
buy_team: SUCCESS
num_played_games_for_player: SUCCESS, 22
get_player_cards: SUCCESS, 251
get_partial_spirit: SUCCESS, 5,4,2,3,1
get_team_points: SUCCESS, 0
get_team_points: SUCCESS, 0
remove_team: FAILURE
get_ith_pointless_ability: SUCCESS, 76
play_match: SUCCESS, 1
buy_team: SUCCESS
get_ith_pointless_ability: SUCCESS, 71
get_team_points: FAILURE
add_player: FAILURE
add_player: SUCCESS
get_player_cards: SUCCESS, 154
get_ith_pointless_ability: SUCCESS, 46
remove_team: FAILURE
add_player_cards: SUCCESS
add_player_cards: SUCCESS
buy_team: SUCCESS
remove_team: FAILURE
play_match: SUCCESS, 3
get_team_points: FAILURE
add_player: SUCCESS
add_player: FAILURE
get_player_cards: SUCCESS, 259
add_player: SUCCESS
get_player_cards: SUCCESS, 43
add_team: FAILURE
add_player: FAILURE
get_player_cards: SUCCESS, 158
get_team_points: SUCCESS, 0
add_player_cards: FAILURE
buy_team: SUCCESS
get_player_cards: SUCCESS, 96
add_player: FAILURE
add_player: FAILURE
get_partial_spirit: FAILURE
get_player_cards: SUCCESS, 292
num_played_games_for_player: SUCCESS, 22
get_player_cards: SUCCESS, 229
add_player: SUCCESS
add_player: FAILURE
get_ith_pointless_ability: SUCCESS, 5
add_player: FAILURE
add_player: FAILURE
get_partial_spirit: FAILURE
play_match: FAILURE
remove_team: FAILURE
get_partial_spirit: FAILURE
get_team_points: SUCCESS, 0
add_team: FAILURE
add_player_cards: FAILURE
remove_team: FAILURE
get_partial_spirit: SUCCESS, 2,1,5,3,4
num_played_games_for_player: SUCCESS, 22
get_team_points: SUCCESS, 0
add_team: FAILURE
add_player: SUCCESS
remove_team: FAILURE
buy_team: SUCCESS
add_player_cards: SUCCESS
add_team: FAILURE
get_ith_pointless_ability: SUCCESS, 46
get_partial_spirit: FAILURE
play_match: FAILURE
get_partial_spirit: SUCCESS, 4,5,2,1,3
remove_team: FAILURE
get_player_cards: SUCCESS, 215
get_player_cards: SUCCESS, 152
add_player: SUCCESS
get_player_cards: SUCCESS, 291
get_player_cards: SUCCESS, 219
add_player: FAILURE
get_player_cards: SUCCESS, 254
add_player: FAILURE
add_player: SUCCESS
get_player_cards: SUCCESS, 2
add_player: SUCCESS
get_ith_pointless_ability: SUCCESS, 76
add_team: FAILURE
add_player: SUCCESS
play_match: FAILURE
buy_team: SUCCESS
add_player: SUCCESS
get_team_points: FAILURE
buy_team: SUCCESS
add_player_cards: FAILURE
get_ith_pointless_ability: FAILURE
num_played_games_for_player: SUCCESS, 22
get_ith_pointless_ability: SUCCESS, 87
add_player_cards: SUCCESS
get_team_points: FAILURE
add_player: FAILURE
add_player: SUCCESS
get_partial_spirit: SUCCESS, 1,2,3,4,5
get_partial_spirit: SUCCESS, 2,5,1,3,4
play_match: FAILURE
add_player_cards: FAILURE
remove_team: FAILURE
get_ith_pointless_ability: SUCCESS, 34
add_player: FAILURE
buy_team: SUCCESS
get_ith_pointless_ability: SUCCESS, 60
get_team_points: FAILURE
num_played_games_for_player: SUCCESS, 22
add_player: FAILURE
get_player_cards: SUCCESS, 45
get_ith_pointless_ability: SUCCESS, 3
add_player: SUCCESS
add_player: FAILURE
add_player: FAILURE
buy_team: SUCCESS
add_player: SUCCESS
get_partial_spirit: SUCCESS, 1,3,2,4,5
play_match: FAILURE
get_partial_spirit: SUCCESS, 5,4,1,2,3
add_player: FAILURE
play_match: FAILURE
add_player_cards: SUCCESS
add_team: FAILURE
buy_team: SUCCESS
play_match: SUCCESS, 3
num_played_games_for_player: SUCCESS, 22
add_player_cards: SUCCESS
add_player_cards: FAILURE
add_player: FAILURE
add_player: SUCCESS
