add_team: SUCCESS
add_team: SUCCESS
add_team: SUCCESS
add_team: SUCCESS
add_team: SUCCESS
add_team: SUCCESS
add_team: SUCCESS
add_team: SUCCESS
add_team: SUCCESS
add_team: SUCCESS
add_team: SUCCESS
add_team: SUCCESS
add_team: SUCCESS
add_team: SUCCESS
add_team: SUCCESS
add_team: SUCCESS
add_team: SUCCESS
add_team: SUCCESS
add_team: SUCCESS
add_team: SUCCESS
add_team: SUCCESS
add_team: SUCCESS
add_team: SUCCESS
add_team: SUCCESS
add_team: SUCCESS
add_team: SUCCESS
add_team: SUCCESS
add_team: SUCCESS
add_team: SUCCESS
add_team: SUCCESS
add_team: SUCCESS
add_team: SUCCESS
add_team: SUCCESS
add_team: SUCCESS
add_team: SUCCESS
add_team: SUCCESS
add_team: SUCCESS
add_team: SUCCESS
add_team: SUCCESS
add_team: SUCCESS
add_team: SUCCESS
add_team: SUCCESS
add_team: SUCCESS
add_team: SUCCESS
add_team: SUCCESS
add_team: SUCCESS
add_team: SUCCESS
add_team: SUCCESS
add_team: SUCCESS
add_team: SUCCESS
add_team: SUCCESS
add_team: SUCCESS
add_team: SUCCESS
add_team: SUCCESS
add_team: SUCCESS
add_team: SUCCESS
add_team: SUCCESS
add_team: SUCCESS
add_team: SUCCESS
add_team: SUCCESS
add_team: SUCCESS
add_team: SUCCESS
add_team: SUCCESS
add_team: SUCCESS
add_team: SUCCESS
add_team: SUCCESS
add_team: SUCCESS
add_team: SUCCESS
add_team: SUCCESS
add_team: SUCCESS
add_team: SUCCESS
add_team: SUCCESS
add_team: SUCCESS
add_team: SUCCESS
add_team: SUCCESS
add_team: SUCCESS
add_team: SUCCESS
add_team: SUCCESS
add_team: SUCCESS
add_team: SUCCESS
add_team: SUCCESS
add_team: SUCCESS
add_team: SUCCESS
add_team: SUCCESS
add_team: SUCCESS
add_team: SUCCESS
add_team: SUCCESS
add_team: SUCCESS
add_team: SUCCESS
add_team: SUCCESS
add_team: SUCCESS
add_team: SUCCESS
add_team: SUCCESS
add_team: SUCCESS
add_team: SUCCESS
add_team: SUCCESS
add_team: SUCCESS
add_team: SUCCESS
add_team: SUCCESS
add_team: SUCCESS
add_player: SUCCESS
add_player: SUCCESS
add_player: SUCCESS
add_player: SUCCESS
add_player: SUCCESS
add_player: SUCCESS
add_player: SUCCESS
add_player: SUCCESS
add_player: SUCCESS
add_player: SUCCESS
add_player: SUCCESS
add_player: SUCCESS
add_player: SUCCESS
add_player: SUCCESS
add_player: SUCCESS
add_player: SUCCESS
add_player: SUCCESS
add_player: SUCCESS
add_player: SUCCESS
add_player: SUCCESS
add_player: SUCCESS
add_player: SUCCESS
add_player: SUCCESS
add_player: SUCCESS
add_player: SUCCESS
add_player: SUCCESS
add_player: SUCCESS
add_player: SUCCESS
add_player: SUCCESS
add_player: SUCCESS
add_player: SUCCESS
add_player: SUCCESS
add_player: SUCCESS
add_player: SUCCESS
add_player: SUCCESS
add_player: SUCCESS
add_player: SUCCESS
add_player: SUCCESS
add_player: SUCCESS
add_player: SUCCESS
add_player: SUCCESS
add_player: SUCCESS
add_player: SUCCESS
add_player: SUCCESS
add_player: SUCCESS
add_player: SUCCESS
add_player: SUCCESS
add_player: SUCCESS
add_player: SUCCESS
add_player: SUCCESS
add_player: SUCCESS
add_player: SUCCESS
add_player: SUCCESS
add_player: SUCCESS
add_player: SUCCESS
add_player: SUCCESS
add_player: SUCCESS
add_player: SUCCESS
add_player: SUCCESS
add_player: SUCCESS
add_player: SUCCESS
add_player: SUCCESS
add_player: SUCCESS
add_player: SUCCESS
add_player: SUCCESS
add_player: SUCCESS
add_player: SUCCESS
add_player: SUCCESS
add_player: SUCCESS
add_player: SUCCESS
add_player: SUCCESS
add_player: SUCCESS
add_player: SUCCESS
add_player: SUCCESS
add_player: SUCCESS
add_player: SUCCESS
add_player: SUCCESS
add_player: SUCCESS
add_player: SUCCESS
add_player: SUCCESS
add_player: SUCCESS
add_player: SUCCESS
add_player: SUCCESS
add_player: SUCCESS
add_player: SUCCESS
add_player: SUCCESS
add_player: SUCCESS
add_player: SUCCESS
add_player: SUCCESS
add_player: SUCCESS
add_player: SUCCESS
add_player: SUCCESS
add_player: SUCCESS
add_player: SUCCESS
add_player: SUCCESS
add_player: SUCCESS
add_player: SUCCESS
add_player: SUCCESS
add_player: SUCCESS
add_player: SUCCESS
add_team: SUCCESS
num_played_games_for_player: SUCCESS, 22
get_ith_pointless_ability: FAILURE
num_played_games_for_player: SUCCESS, 22
get_player_cards: SUCCESS, 226
get_ith_pointless_ability: SUCCESS, 8
get_team_points: SUCCESS, 0
get_ith_pointless_ability: SUCCESS, 83
add_player: SUCCESS
add_player_cards: SUCCESS
add_player_cards: SUCCESS
get_ith_pointless_ability: FAILURE
add_player: SUCCESS
add_player: SUCCESS
get_ith_pointless_ability: FAILURE
buy_team: SUCCESS
get_partial_spirit: SUCCESS, 1,2,3,4,5
get_team_points: SUCCESS, 0
add_player: SUCCESS
get_ith_pointless_ability: FAILURE
get_ith_pointless_ability: FAILURE
get_partial_spirit: SUCCESS, 1,2,3,4,5
get_team_points: SUCCESS, 0
remove_team: FAILURE
get_partial_spirit: SUCCESS, 1,2,3,4,5
get_team_points: SUCCESS, 0
add_player: SUCCESS
add_player_cards: SUCCESS
buy_team: SUCCESS
buy_team: SUCCESS
add_player: SUCCESS
add_player_cards: SUCCESS
add_player: SUCCESS
buy_team: SUCCESS
get_partial_spirit: SUCCESS, 2,3,4,5,1
get_player_cards: SUCCESS, 182
num_played_games_for_player: SUCCESS, 22
get_player_cards: SUCCESS, 258
get_ith_pointless_ability: FAILURE
add_player: SUCCESS
get_team_points: SUCCESS, 0
get_team_points: SUCCESS, 0
remove_team: FAILURE
add_team: FAILURE
play_match: SUCCESS, 3
get_team_points: SUCCESS, 3
add_player: SUCCESS
remove_team: FAILURE
play_match: FAILURE
get_team_points: SUCCESS, 0
add_player_cards: SUCCESS
remove_team: FAILURE
play_match: FAILURE
add_player: SUCCESS
play_match: FAILURE
buy_team: SUCCESS
remove_team: FAILURE
get_partial_spirit: SUCCESS, 1,2,3,4,5
add_player: SUCCESS
add_player_cards: SUCCESS
get_partial_spirit: SUCCESS, 1,2,3,4,5
add_player: SUCCESS
add_player: SUCCESS
play_match: SUCCESS, 1
add_player: SUCCESS
remove_team: FAILURE
num_played_games_for_player: SUCCESS, 22
num_played_games_for_player: SUCCESS, 22
get_partial_spirit: SUCCESS, 1,2,3,4,5
add_team: SUCCESS
get_team_points: SUCCESS, 0
add_player: SUCCESS
get_partial_spirit: SUCCESS, 5,2,1,3,4
add_player: SUCCESS
buy_team: SUCCESS
play_match: FAILURE
get_ith_pointless_ability: SUCCESS, 46
buy_team: SUCCESS
add_player: SUCCESS
add_team: FAILURE
add_player: SUCCESS
get_player_cards: SUCCESS, 130
get_team_points: SUCCESS, 0
get_team_points: SUCCESS, 0
add_player: SUCCESS
add_team: FAILURE
add_player: SUCCESS
add_team: FAILURE
remove_team: FAILURE
num_played_games_for_player: SUCCESS, 22
play_match: FAILURE
get_partial_spirit: SUCCESS, 2,3,4,5,1
remove_team: FAILURE
add_player_cards: SUCCESS
buy_team: SUCCESS
remove_team: FAILURE
buy_team: SUCCESS
add_player_cards: SUCCESS
add_player: SUCCESS
num_played_games_for_player: SUCCESS, 22
add_player: SUCCESS
add_player: SUCCESS
get_player_cards: SUCCESS, 299
get_team_points: SUCCESS, 0
get_partial_spirit: SUCCESS, 1,2,3,4,5
get_player_cards: SUCCESS, 19
get_ith_pointless_ability: SUCCESS, 94
get_team_points: SUCCESS, 0
num_played_games_for_player: SUCCESS, 22
get_player_cards: SUCCESS, 252
get_partial_spirit: SUCCESS, 2,3,5,1,4
get_team_points: SUCCESS, 0
get_team_points: SUCCESS, 0
num_played_games_for_player: SUCCESS, 22
add_team: FAILURE
buy_team: SUCCESS
add_player: SUCCESS
get_player_cards: SUCCESS, 206
get_partial_spirit: SUCCESS, 1,3,5,2,4
remove_team: FAILURE
get_partial_spirit: SUCCESS, 1,2,3,4,5
add_player: SUCCESS
get_player_cards: SUCCESS, 19
get_partial_spirit: SUCCESS, 4,3,5,1,2
get_partial_spirit: SUCCESS, 1,2,3,4,5
buy_team: SUCCESS
play_match: FAILURE
get_team_points: SUCCESS, 0
get_partial_spirit: SUCCESS, 1,2,3,4,5
add_player_cards: SUCCESS
add_player: SUCCESS
add_player: SUCCESS
remove_team: FAILURE
buy_team: SUCCESS
get_ith_pointless_ability: FAILURE
add_player: SUCCESS
get_team_points: SUCCESS, 0
num_played_games_for_player: SUCCESS, 22
get_player_cards: SUCCESS, 54
get_partial_spirit: SUCCESS, 1,3,5,2,4
num_played_games_for_player: SUCCESS, 22
add_player: FAILURE
add_player_cards: SUCCESS
add_team: FAILURE
add_player: SUCCESS
num_played_games_for_player: SUCCESS, 22
buy_team: SUCCESS
get_team_points: SUCCESS, 0
get_ith_pointless_ability: FAILURE
num_played_games_for_player: SUCCESS, 22
get_player_cards: SUCCESS, 171
get_team_points: SUCCESS, 0
play_match: FAILURE
get_team_points: SUCCESS, 0
get_partial_spirit: SUCCESS, 1,2,3,4,5
add_player_cards: SUCCESS
get_partial_spirit: SUCCESS, 1,2,3,4,5
add_team: FAILURE
get_partial_spirit: SUCCESS, 1,4,3,5,2
add_player: SUCCESS
num_played_games_for_player: SUCCESS, 22
add_player: SUCCESS
add_team: FAILURE
get_partial_spirit: SUCCESS, 3,4,5,1,2
buy_team: SUCCESS
get_ith_pointless_ability: SUCCESS, 64
add_team: FAILURE
buy_team: SUCCESS
remove_team: FAILURE
add_team: FAILURE
add_player: SUCCESS
buy_team: SUCCESS
add_team: FAILURE
add_team: FAILURE
add_player: SUCCESS
get_ith_pointless_ability: FAILURE
get_player_cards: SUCCESS, 83
get_player_cards: SUCCESS, 104
add_player_cards: SUCCESS
add_player: SUCCESS
add_player_cards: SUCCESS
get_player_cards: SUCCESS, 258
add_player: SUCCESS
add_team: FAILURE
add_player: FAILURE
remove_team: FAILURE
buy_team: SUCCESS
get_team_points: SUCCESS, 0
buy_team: SUCCESS
add_team: FAILURE
play_match: SUCCESS, 1
add_player: FAILURE
get_ith_pointless_ability: FAILURE
remove_team: FAILURE
get_player_cards: SUCCESS, 206
buy_team: SUCCESS
add_player_cards: SUCCESS
add_player: SUCCESS
get_player_cards: SUCCESS, 81
get_partial_spirit: SUCCESS, 2,3,4,5,1
add_player_cards: SUCCESS
num_played_games_for_player: SUCCESS, 22
add_team: FAILURE
play_match: FAILURE
play_match: FAILURE
add_player: SUCCESS
buy_team: SUCCESS
play_match: FAILURE
add_player: SUCCESS
remove_team: FAILURE
add_player: FAILURE
add_player_cards: SUCCESS
add_player: FAILURE
add_player: FAILURE
add_team: FAILURE
get_player_cards: SUCCESS, 279
add_player: FAILURE
add_team: FAILURE
get_team_points: SUCCESS, 0
num_played_games_for_player: SUCCESS, 22
add_player_cards: SUCCESS
get_ith_pointless_ability: FAILURE
get_team_points: SUCCESS, 0
remove_team: FAILURE
buy_team: SUCCESS
num_played_games_for_player: SUCCESS, 22
add_player: FAILURE
add_player_cards: SUCCESS
get_ith_pointless_ability: SUCCESS, 60
buy_team: SUCCESS
get_team_points: SUCCESS, 0
get_ith_pointless_ability: FAILURE
num_played_games_for_player: SUCCESS, 22
remove_team: FAILURE
remove_team: FAILURE
get_player_cards: SUCCESS, 35
add_player_cards: SUCCESS
remove_team: FAILURE
add_player: FAILURE
get_ith_pointless_ability: FAILURE
add_player: FAILURE
get_partial_spirit: SUCCESS, 1,5,2,3,4
buy_team: SUCCESS
add_player_cards: SUCCESS
play_match: SUCCESS, 3
get_player_cards: SUCCESS, 81
get_partial_spirit: SUCCESS, 1,2,3,4,5
add_team: FAILURE
num_played_games_for_player: SUCCESS, 22
add_player_cards: SUCCESS
play_match: FAILURE
add_team: FAILURE
buy_team: SUCCESS
add_player: FAILURE
add_player: FAILURE
remove_team: FAILURE
add_player_cards: SUCCESS
get_player_cards: SUCCESS, 156
get_ith_pointless_ability: FAILURE
buy_team: SUCCESS
get_ith_pointless_ability: SUCCESS, 27
play_match: FAILURE
get_ith_pointless_ability: FAILURE
get_player_cards: SUCCESS, 280
get_player_cards: SUCCESS, 290
add_player: FAILURE
add_player: FAILURE
add_player: FAILURE
add_player: FAILURE
num_played_games_for_player: SUCCESS, 22
remove_team: FAILURE
num_played_games_for_player: SUCCESS, 22
get_team_points: FAILURE
get_team_points: SUCCESS, 0
get_partial_spirit: SUCCESS, 1,2,3,4,5
remove_team: FAILURE
num_played_games_for_player: SUCCESS, 22
get_ith_pointless_ability: SUCCESS, 84
add_player: FAILURE
get_ith_pointless_ability: FAILURE
get_player_cards: SUCCESS, 185
add_player: FAILURE
add_player: FAILURE
play_match: FAILURE
num_played_games_for_player: SUCCESS, 22
buy_team: SUCCESS
add_player: FAILURE
add_team: FAILURE
get_partial_spirit: SUCCESS, 1,5,2,3,4
get_player_cards: SUCCESS, 279
add_player_cards: SUCCESS
play_match: SUCCESS, 1
add_player: FAILURE
get_team_points: SUCCESS, 0
get_ith_pointless_ability: SUCCESS, 70
add_player: FAILURE
buy_team: SUCCESS
get_team_points: SUCCESS, 0
add_player: FAILURE
add_team: FAILURE
play_match: SUCCESS, 3
get_player_cards: SUCCESS, 181
add_player: FAILURE
get_partial_spirit: SUCCESS, 1,2,3,4,5
get_ith_pointless_ability: SUCCESS, 90
get_player_cards: SUCCESS, 252
play_match: FAILURE
get_partial_spirit: SUCCESS, 1,2,3,4,5
add_team: FAILURE
play_match: SUCCESS, 3
get_team_points: SUCCESS, 0
buy_team: SUCCESS
buy_team: SUCCESS
num_played_games_for_player: SUCCESS, 22
add_player: FAILURE
num_played_games_for_player: SUCCESS, 22
add_player: FAILURE
play_match: FAILURE
add_player_cards: SUCCESS
add_player: FAILURE
get_team_points: SUCCESS, 0
add_player: FAILURE
remove_team: FAILURE
get_team_points: SUCCESS, 0
play_match: FAILURE
add_player: FAILURE
add_player: FAILURE
add_player: FAILURE
add_team: FAILURE
add_player: FAILURE
remove_team: FAILURE
add_team: FAILURE
buy_team: SUCCESS
get_partial_spirit: SUCCESS, 2,4,1,5,3
get_team_points: SUCCESS, 3
add_team: FAILURE
add_player: FAILURE
add_player: FAILURE
add_player: FAILURE
num_played_games_for_player: SUCCESS, 22
get_team_points: SUCCESS, 0
add_player: FAILURE
get_ith_pointless_ability: FAILURE
add_player: FAILURE
get_partial_spirit: SUCCESS, 1,2,3,4,5
add_player: FAILURE
get_ith_pointless_ability: SUCCESS, 96
get_player_cards: SUCCESS, 100
get_team_points: SUCCESS, 0
get_team_points: SUCCESS, 0
get_player_cards: SUCCESS, 223
add_team: FAILURE
get_partial_spirit: SUCCESS, 1,2,3,4,5
num_played_games_for_player: SUCCESS, 22
add_team: FAILURE
get_player_cards: SUCCESS, 137
get_player_cards: SUCCESS, 255
get_partial_spirit: SUCCESS, 2,4,1,5,3
get_player_cards: SUCCESS, 195
get_team_points: SUCCESS, 0
get_team_points: SUCCESS, 0
get_ith_pointless_ability: FAILURE
get_team_points: SUCCESS, 0
get_partial_spirit: SUCCESS, 2,4,1,5,3
get_team_points: SUCCESS, 0
add_player: FAILURE
num_played_games_for_player: SUCCESS, 22
buy_team: SUCCESS
num_played_games_for_player: SUCCESS, 22
get_team_points: SUCCESS, 0
get_partial_spirit: SUCCESS, 1,2,3,4,5
get_player_cards: SUCCESS, 280
add_player: FAILURE
num_played_games_for_player: SUCCESS, 22
remove_team: FAILURE
play_match: FAILURE
get_player_cards: SUCCESS, 73
play_match: FAILURE
get_team_points: SUCCESS, 0
get_partial_spirit: SUCCESS, 5,1,4,2,3
add_player: FAILURE
get_team_points: SUCCESS, 0
get_player_cards: SUCCESS, 133
add_player_cards: SUCCESS
buy_team: SUCCESS
add_player: FAILURE
play_match: FAILURE
remove_team: FAILURE
add_player: FAILURE
buy_team: SUCCESS
get_team_points: FAILURE
play_match: SUCCESS, 3
get_ith_pointless_ability: SUCCESS, 40
num_played_games_for_player: SUCCESS, 22
get_ith_pointless_ability: SUCCESS, 22
num_played_games_for_player: SUCCESS, 22
add_player: FAILURE
remove_team: FAILURE
get_player_cards: SUCCESS, 182
add_player: FAILURE
add_team: FAILURE
get_partial_spirit: SUCCESS, 2,1,3,4,5
add_player: FAILURE
get_partial_spirit: SUCCESS, 1,2,3,4,5
get_team_points: FAILURE
add_team: FAILURE
add_player: FAILURE
add_team: FAILURE
get_partial_spirit: SUCCESS, 1,2,3,4,5
num_played_games_for_player: SUCCESS, 22
add_player: FAILURE
add_team: FAILURE
add_player: FAILURE
add_player: FAILURE
buy_team: SUCCESS
num_played_games_for_player: SUCCESS, 22
buy_team: SUCCESS
get_team_points: SUCCESS, 0
num_played_games_for_player: SUCCESS, 22
get_team_points: SUCCESS, 0
play_match: FAILURE
add_player: FAILURE
add_player_cards: SUCCESS
get_ith_pointless_ability: SUCCESS, 86
play_match: FAILURE
add_player: FAILURE
add_team: FAILURE
get_player_cards: SUCCESS, 75
add_player: FAILURE
add_player: FAILURE
add_team: FAILURE
get_ith_pointless_ability: FAILURE
play_match: FAILURE
add_player_cards: SUCCESS
add_player_cards: SUCCESS
add_player: FAILURE
add_team: FAILURE
add_player: FAILURE
get_team_points: SUCCESS, 0
num_played_games_for_player: SUCCESS, 22
get_team_points: SUCCESS, 0
get_ith_pointless_ability: SUCCESS, 88
get_player_cards: SUCCESS, 206
buy_team: SUCCESS
buy_team: SUCCESS
add_player: FAILURE
remove_team: FAILURE
add_player: FAILURE
add_team: FAILURE
get_ith_pointless_ability: SUCCESS, 44
get_player_cards: SUCCESS, 203
get_player_cards: SUCCESS, 252
num_played_games_for_player: SUCCESS, 22
get_player_cards: SUCCESS, 236
get_ith_pointless_ability: SUCCESS, 83
add_player_cards: SUCCESS
add_player: FAILURE
get_partial_spirit: SUCCESS, 1,2,3,4,5
add_player_cards: SUCCESS
get_partial_spirit: SUCCESS, 1,2,3,4,5
num_played_games_for_player: SUCCESS, 22
play_match: FAILURE
play_match: FAILURE
play_match: FAILURE
play_match: FAILURE
get_team_points: SUCCESS, 0
add_player: FAILURE
add_player: FAILURE
add_player: FAILURE
get_ith_pointless_ability: SUCCESS, 71
get_team_points: FAILURE
buy_team: SUCCESS
get_ith_pointless_ability: SUCCESS, 94
get_partial_spirit: SUCCESS, 1,2,3,4,5
get_player_cards: SUCCESS, 277
add_player: FAILURE
num_played_games_for_player: SUCCESS, 22
add_player_cards: SUCCESS
add_player: FAILURE
get_team_points: SUCCESS, 0
num_played_games_for_player: SUCCESS, 22
remove_team: FAILURE
add_player: FAILURE
add_player: FAILURE
remove_team: FAILURE
get_player_cards: SUCCESS, 444
buy_team: SUCCESS
get_ith_pointless_ability: SUCCESS, 13
buy_team: SUCCESS
get_partial_spirit: SUCCESS, 1,2,3,4,5
add_player: FAILURE
play_match: SUCCESS, 3
get_ith_pointless_ability: SUCCESS, 52
buy_team: SUCCESS
buy_team: SUCCESS
add_team: FAILURE
add_player: FAILURE
add_player: FAILURE
add_player: FAILURE
buy_team: SUCCESS
remove_team: FAILURE
buy_team: SUCCESS
get_partial_spirit: SUCCESS, 1,2,3,4,5
add_player_cards: SUCCESS
num_played_games_for_player: SUCCESS, 22
get_team_points: SUCCESS, 0
get_ith_pointless_ability: FAILURE
get_partial_spirit: SUCCESS, 1,2,5,3,4
add_player: FAILURE
remove_team: FAILURE
add_player_cards: SUCCESS
remove_team: FAILURE
add_player: FAILURE
num_played_games_for_player: SUCCESS, 22
get_partial_spirit: SUCCESS, 1,2,3,5,4
buy_team: SUCCESS
add_team: FAILURE
num_played_games_for_player: SUCCESS, 22
get_player_cards: SUCCESS, 68
get_player_cards: SUCCESS, 212
add_player: FAILURE
play_match: FAILURE
get_player_cards: SUCCESS, 206
play_match: FAILURE
add_player: FAILURE
get_player_cards: SUCCESS, 273
add_player: FAILURE
num_played_games_for_player: SUCCESS, 22
get_ith_pointless_ability: FAILURE
add_team: FAILURE
add_player: FAILURE
add_team: FAILURE
get_partial_spirit: SUCCESS, 1,2,3,4,5
buy_team: SUCCESS
add_player: FAILURE
remove_team: FAILURE
play_match: FAILURE
play_match: FAILURE
add_player: FAILURE
num_played_games_for_player: SUCCESS, 22
remove_team: FAILURE
get_partial_spirit: SUCCESS, 1,2,3,4,5
num_played_games_for_player: SUCCESS, 22
add_player: FAILURE
get_partial_spirit: SUCCESS, 1,2,3,4,5
add_player: FAILURE
get_player_cards: SUCCESS, 156
num_played_games_for_player: SUCCESS, 22
play_match: FAILURE
add_player: FAILURE
get_ith_pointless_ability: FAILURE
play_match: SUCCESS, 1
add_team: FAILURE
play_match: FAILURE
get_team_points: SUCCESS, 0
add_player_cards: SUCCESS
add_team: FAILURE
get_ith_pointless_ability: FAILURE
add_player: FAILURE
add_player: FAILURE
buy_team: SUCCESS
buy_team: SUCCESS
buy_team: SUCCESS
add_player: FAILURE
get_team_points: SUCCESS, 0
num_played_games_for_player: SUCCESS, 22
get_ith_pointless_ability: SUCCESS, 26
get_partial_spirit: SUCCESS, 4,3,5,1,2
add_player: FAILURE
add_team: FAILURE
remove_team: FAILURE
get_partial_spirit: SUCCESS, 1,2,3,4,5
num_played_games_for_player: SUCCESS, 22
get_partial_spirit: SUCCESS, 1,2,3,4,5
buy_team: SUCCESS
buy_team: SUCCESS
get_partial_spirit: SUCCESS, 1,2,3,4,5
get_ith_pointless_ability: SUCCESS, 30
get_ith_pointless_ability: FAILURE
get_team_points: SUCCESS, 0
add_player: FAILURE
add_player_cards: SUCCESS
add_player_cards: SUCCESS
add_player: FAILURE
get_player_cards: SUCCESS, 228
add_player: FAILURE
add_player: FAILURE
num_played_games_for_player: SUCCESS, 22
get_partial_spirit: SUCCESS, 3,2,5,1,4
add_player: FAILURE
get_team_points: FAILURE
add_player: FAILURE
play_match: FAILURE
add_player_cards: SUCCESS
buy_team: SUCCESS
remove_team: FAILURE
remove_team: FAILURE
add_player: FAILURE
buy_team: SUCCESS
add_player: FAILURE
add_team: FAILURE
add_team: FAILURE
buy_team: SUCCESS
buy_team: SUCCESS
buy_team: SUCCESS
get_partial_spirit: SUCCESS, 1,2,3,5,4
get_partial_spirit: SUCCESS, 1,2,3,4,5
get_ith_pointless_ability: FAILURE
add_player: FAILURE
get_team_points: SUCCESS, 0
add_player: FAILURE
get_ith_pointless_ability: SUCCESS, 31
get_ith_pointless_ability: FAILURE
remove_team: FAILURE
remove_team: FAILURE
play_match: FAILURE
num_played_games_for_player: SUCCESS, 22
get_ith_pointless_ability: SUCCESS, 93
get_partial_spirit: FAILURE
get_ith_pointless_ability: FAILURE
get_team_points: SUCCESS, 0
get_team_points: SUCCESS, 0
add_player: FAILURE
add_player: FAILURE
add_player: FAILURE
get_partial_spirit: SUCCESS, 1,2,3,4,5
add_player: FAILURE
get_player_cards: SUCCESS, 168
add_player_cards: SUCCESS
add_team: FAILURE
buy_team: SUCCESS
play_match: FAILURE
get_player_cards: SUCCESS, 384
num_played_games_for_player: SUCCESS, 22
add_player: FAILURE
num_played_games_for_player: SUCCESS, 22
get_ith_pointless_ability: FAILURE
add_player: FAILURE
add_player_cards: SUCCESS
remove_team: FAILURE
get_partial_spirit: SUCCESS, 1,2,3,4,5
buy_team: SUCCESS
add_player_cards: SUCCESS
get_ith_pointless_ability: FAILURE
num_played_games_for_player: SUCCESS, 22
num_played_games_for_player: SUCCESS, 22
get_team_points: SUCCESS, 0
add_player: FAILURE
get_partial_spirit: SUCCESS, 1,2,3,4,5
add_player: FAILURE
remove_team: FAILURE
add_player: FAILURE
get_team_points: SUCCESS, 6
get_player_cards: SUCCESS, 206
get_partial_spirit: SUCCESS, 1,2,5,3,4
get_partial_spirit: SUCCESS, 1,2,3,4,5
get_player_cards: SUCCESS, 195
get_team_points: FAILURE
add_team: FAILURE
add_team: FAILURE
get_team_points: SUCCESS, 3
remove_team: FAILURE
play_match: FAILURE
add_player: FAILURE
add_player: FAILURE
add_player_cards: SUCCESS
add_player: FAILURE
get_ith_pointless_ability: FAILURE
buy_team: SUCCESS
get_partial_spirit: SUCCESS, 2,4,1,5,3
remove_team: FAILURE
get_ith_pointless_ability: SUCCESS, 15
remove_team: FAILURE
get_partial_spirit: SUCCESS, 1,2,3,4,5
add_player: FAILURE
add_player: FAILURE
get_player_cards: SUCCESS, 172
add_player: FAILURE
add_player: FAILURE
get_ith_pointless_ability: SUCCESS, 46
add_player: FAILURE
add_player_cards: SUCCESS
buy_team: SUCCESS
get_ith_pointless_ability: FAILURE
add_player: FAILURE
add_player: FAILURE
num_played_games_for_player: SUCCESS, 22
add_player: FAILURE
get_team_points: SUCCESS, 3
get_team_points: FAILURE
add_player: FAILURE
num_played_games_for_player: SUCCESS, 22
add_player: FAILURE
add_player_cards: FAILURE
add_player: FAILURE
get_player_cards: SUCCESS, 207
add_team: FAILURE
buy_team: SUCCESS
add_player: FAILURE
add_player: FAILURE
get_team_points: SUCCESS, 0
add_player: FAILURE
get_team_points: SUCCESS, 0
add_player: FAILURE
add_player: FAILURE
get_ith_pointless_ability: FAILURE
play_match: SUCCESS, 1
add_player_cards: SUCCESS
add_player: FAILURE
play_match: SUCCESS, 3
add_player: FAILURE
add_player: FAILURE
get_ith_pointless_ability: SUCCESS, 13
get_player_cards: SUCCESS, 114
add_team: FAILURE
get_ith_pointless_ability: FAILURE
add_player: FAILURE
add_team: FAILURE
buy_team: SUCCESS
get_partial_spirit: SUCCESS, 2,3,5,1,4
add_player: FAILURE
buy_team: SUCCESS
add_player: FAILURE
add_player: FAILURE
add_player: FAILURE
get_team_points: FAILURE
get_player_cards: SUCCESS, 258
add_player: FAILURE
get_player_cards: SUCCESS, 330
add_player: FAILURE
get_ith_pointless_ability: SUCCESS, 52
play_match: FAILURE
get_team_points: SUCCESS, 3
get_ith_pointless_ability: SUCCESS, 55
add_team: FAILURE
add_player: FAILURE
add_player: FAILURE
get_partial_spirit: SUCCESS, 1,2,3,4,5
add_player: FAILURE
add_player: FAILURE
num_played_games_for_player: SUCCESS, 22
play_match: FAILURE
add_team: FAILURE
add_player: FAILURE
add_player: FAILURE
add_player: FAILURE
get_ith_pointless_ability: FAILURE
get_team_points: SUCCESS, 0
add_player: FAILURE
add_player: FAILURE
add_player: FAILURE
get_ith_pointless_ability: FAILURE
num_played_games_for_player: SUCCESS, 22
num_played_games_for_player: SUCCESS, 22
get_team_points: SUCCESS, 0
add_team: FAILURE
add_player: FAILURE
buy_team: SUCCESS
get_team_points: SUCCESS, 0
num_played_games_for_player: SUCCESS, 22
num_played_games_for_player: SUCCESS, 22
remove_team: FAILURE
add_player: FAILURE
play_match: FAILURE
play_match: SUCCESS, 3
get_ith_pointless_ability: FAILURE
num_played_games_for_player: SUCCESS, 22
add_player: FAILURE
buy_team: SUCCESS
add_team: FAILURE
get_player_cards: SUCCESS, 277
get_ith_pointless_ability: SUCCESS, 44
add_team: FAILURE
add_player_cards: FAILURE
get_ith_pointless_ability: SUCCESS, 13
num_played_games_for_player: SUCCESS, 22
add_team: FAILURE
buy_team: SUCCESS
get_ith_pointless_ability: SUCCESS, 78
num_played_games_for_player: SUCCESS, 22
play_match: SUCCESS, 1
get_team_points: SUCCESS, 3
num_played_games_for_player: SUCCESS, 22
get_ith_pointless_ability: SUCCESS, 77
buy_team: SUCCESS
get_partial_spirit: SUCCESS, 4,1,5,3,2
add_player_cards: SUCCESS
buy_team: SUCCESS
get_player_cards: SUCCESS, 290
add_player: FAILURE
get_team_points: SUCCESS, 0
add_player: FAILURE
add_player: FAILURE
remove_team: FAILURE
remove_team: FAILURE
add_team: FAILURE
add_player: FAILURE
get_partial_spirit: SUCCESS, 1,2,3,4,5
get_ith_pointless_ability: FAILURE
add_team: FAILURE
add_player_cards: SUCCESS
get_player_cards: SUCCESS, 396
remove_team: FAILURE
add_team: FAILURE
num_played_games_for_player: SUCCESS, 22
add_team: FAILURE
get_team_points: SUCCESS, 3
num_played_games_for_player: SUCCESS, 22
add_player: FAILURE
add_player: FAILURE
add_player: FAILURE
add_player: FAILURE
num_played_games_for_player: SUCCESS, 22
remove_team: FAILURE
buy_team: SUCCESS
buy_team: SUCCESS
get_partial_spirit: FAILURE
add_player: FAILURE
remove_team: FAILURE
get_team_points: FAILURE
add_player: FAILURE
get_team_points: SUCCESS, 0
get_ith_pointless_ability: FAILURE
add_player: FAILURE
add_player: FAILURE
add_team: FAILURE
get_partial_spirit: SUCCESS, 1,2,3,4,5
add_player: FAILURE
get_team_points: SUCCESS, 0
remove_team: FAILURE
add_player: FAILURE
add_player_cards: SUCCESS
buy_team: SUCCESS
add_team: FAILURE
add_player: FAILURE
get_partial_spirit: FAILURE
add_player_cards: SUCCESS
add_player: FAILURE
buy_team: SUCCESS
remove_team: FAILURE
num_played_games_for_player: SUCCESS, 22
add_team: FAILURE
get_ith_pointless_ability: FAILURE
add_player_cards: SUCCESS
add_player: FAILURE
get_ith_pointless_ability: FAILURE
add_player: FAILURE
num_played_games_for_player: SUCCESS, 22
get_ith_pointless_ability: SUCCESS, 26
play_match: FAILURE
remove_team: FAILURE
add_player: FAILURE
add_player: FAILURE
remove_team: FAILURE
add_player: FAILURE
add_player: FAILURE
num_played_games_for_player: SUCCESS, 22
remove_team: FAILURE
num_played_games_for_player: SUCCESS, 22
add_player: FAILURE
get_ith_pointless_ability: SUCCESS, 60
num_played_games_for_player: SUCCESS, 22
get_ith_pointless_ability: SUCCESS, 63
add_player: FAILURE
add_player: FAILURE
get_team_points: SUCCESS, 0
add_player_cards: FAILURE
add_player: FAILURE
get_player_cards: SUCCESS, 263
get_ith_pointless_ability: SUCCESS, 63
add_player: FAILURE
play_match: FAILURE
add_player_cards: SUCCESS
add_player: FAILURE
play_match: SUCCESS, 1
num_played_games_for_player: SUCCESS, 22
get_player_cards: SUCCESS, 208
get_ith_pointless_ability: SUCCESS, 24
add_player_cards: SUCCESS
add_player: FAILURE
add_player: FAILURE
buy_team: SUCCESS
get_player_cards: SUCCESS, 168
add_player: FAILURE
get_player_cards: SUCCESS, 183
add_player: FAILURE
get_team_points: FAILURE
add_player: FAILURE
get_team_points: SUCCESS, 0
add_player: FAILURE
get_ith_pointless_ability: FAILURE
add_player: FAILURE
get_partial_spirit: SUCCESS, 1,2,3,4,5
add_player: FAILURE
get_partial_spirit: FAILURE
get_team_points: SUCCESS, 0
add_team: FAILURE
add_player: FAILURE
get_partial_spirit: FAILURE
get_player_cards: SUCCESS, 215
add_player: FAILURE
get_team_points: FAILURE
remove_team: FAILURE
buy_team: SUCCESS
buy_team: SUCCESS
num_played_games_for_player: SUCCESS, 22
add_player_cards: SUCCESS
add_player: FAILURE
get_partial_spirit: SUCCESS, 1,2,3,4,5
add_player: FAILURE
num_played_games_for_player: SUCCESS, 22
get_ith_pointless_ability: SUCCESS, 20
get_ith_pointless_ability: SUCCESS, 63
get_player_cards: SUCCESS, 179
add_player_cards: FAILURE
num_played_games_for_player: SUCCESS, 22
add_player: FAILURE
add_player: FAILURE
play_match: FAILURE
add_team: FAILURE
num_played_games_for_player: SUCCESS, 22
get_player_cards: SUCCESS, 195
add_player: FAILURE
get_player_cards: SUCCESS, 124
add_player: FAILURE
add_player: FAILURE
get_player_cards: SUCCESS, 269
play_match: FAILURE
buy_team: SUCCESS
add_player: FAILURE
add_player: FAILURE
get_ith_pointless_ability: FAILURE
add_team: FAILURE
get_ith_pointless_ability: SUCCESS, 31
add_player_cards: SUCCESS
get_partial_spirit: FAILURE
get_partial_spirit: SUCCESS, 4,5,1,3,2
num_played_games_for_player: SUCCESS, 22
add_player: FAILURE
buy_team: SUCCESS
add_player: FAILURE
add_player: FAILURE
num_played_games_for_player: SUCCESS, 22
get_team_points: SUCCESS, 0
add_player: FAILURE
add_player: FAILURE
num_played_games_for_player: SUCCESS, 22
get_partial_spirit: SUCCESS, 1,5,2,3,4
get_team_points: SUCCESS, 0
num_played_games_for_player: SUCCESS, 22
add_player: FAILURE
add_player: FAILURE
get_partial_spirit: SUCCESS, 3,4,1,2,5
buy_team: SUCCESS
get_team_points: SUCCESS, 0
add_player: FAILURE
get_partial_spirit: SUCCESS, 1,2,3,4,5
add_team: FAILURE
get_ith_pointless_ability: SUCCESS, 93
add_player: FAILURE
buy_team: SUCCESS
get_player_cards: SUCCESS, 279
remove_team: FAILURE
get_ith_pointless_ability: SUCCESS, 45
get_partial_spirit: SUCCESS, 1,2,3,4,5
add_player: FAILURE
get_player_cards: SUCCESS, 246
get_partial_spirit: FAILURE
add_player: FAILURE
get_ith_pointless_ability: FAILURE
add_player: FAILURE
add_player: FAILURE
buy_team: SUCCESS
num_played_games_for_player: SUCCESS, 22
add_team: FAILURE
get_partial_spirit: FAILURE
get_player_cards: SUCCESS, 133
get_team_points: FAILURE
add_player_cards: SUCCESS
num_played_games_for_player: SUCCESS, 22
get_player_cards: SUCCESS, 114
remove_team: FAILURE
add_player: FAILURE
add_team: FAILURE
buy_team: SUCCESS
play_match: FAILURE
get_ith_pointless_ability: SUCCESS, 45
get_team_points: SUCCESS, 0
num_played_games_for_player: SUCCESS, 22
add_team: FAILURE
add_player: FAILURE
add_player: FAILURE
play_match: FAILURE
get_player_cards: SUCCESS, 81
get_player_cards: SUCCESS, 143
num_played_games_for_player: SUCCESS, 22
get_team_points: SUCCESS, 0
add_player_cards: SUCCESS
num_played_games_for_player: SUCCESS, 22
remove_team: FAILURE
