add_team: SUCCESS
add_team: SUCCESS
add_team: SUCCESS
add_team: SUCCESS
add_team: SUCCESS
add_team: SUCCESS
add_team: SUCCESS
add_team: SUCCESS
add_team: SUCCESS
add_team: SUCCESS
add_team: SUCCESS
add_team: SUCCESS
add_team: SUCCESS
add_team: SUCCESS
add_team: SUCCESS
add_team: SUCCESS
add_team: SUCCESS
add_team: SUCCESS
add_team: SUCCESS
add_team: SUCCESS
add_team: SUCCESS
add_team: SUCCESS
add_team: SUCCESS
add_team: SUCCESS
add_team: SUCCESS
add_team: SUCCESS
add_team: SUCCESS
add_team: SUCCESS
add_team: SUCCESS
add_team: SUCCESS
add_team: SUCCESS
add_team: SUCCESS
add_team: SUCCESS
add_team: SUCCESS
add_team: SUCCESS
add_team: SUCCESS
add_team: SUCCESS
add_team: SUCCESS
add_team: SUCCESS
add_team: SUCCESS
add_team: SUCCESS
add_team: SUCCESS
add_team: SUCCESS
add_team: SUCCESS
add_team: SUCCESS
add_team: SUCCESS
add_team: SUCCESS
add_team: SUCCESS
add_team: SUCCESS
add_team: SUCCESS
add_team: SUCCESS
add_team: SUCCESS
add_team: SUCCESS
add_team: SUCCESS
add_team: SUCCESS
add_team: SUCCESS
add_team: SUCCESS
add_team: SUCCESS
add_team: SUCCESS
add_team: SUCCESS
add_team: SUCCESS
add_team: SUCCESS
add_team: SUCCESS
add_team: SUCCESS
add_team: SUCCESS
add_team: SUCCESS
add_team: SUCCESS
add_team: SUCCESS
add_team: SUCCESS
add_team: SUCCESS
add_team: SUCCESS
add_team: SUCCESS
add_team: SUCCESS
add_team: SUCCESS
add_team: SUCCESS
add_team: SUCCESS
add_team: SUCCESS
add_team: SUCCESS
add_team: SUCCESS
add_team: SUCCESS
add_team: SUCCESS
add_team: SUCCESS
add_team: SUCCESS
add_team: SUCCESS
add_team: SUCCESS
add_team: SUCCESS
add_team: SUCCESS
add_team: SUCCESS
add_team: SUCCESS
add_team: SUCCESS
add_team: SUCCESS
add_team: SUCCESS
add_team: SUCCESS
add_team: SUCCESS
add_team: SUCCESS
add_team: SUCCESS
add_team: SUCCESS
add_team: SUCCESS
add_team: SUCCESS
add_team: SUCCESS
add_player: SUCCESS
add_player: SUCCESS
add_player: SUCCESS
add_player: SUCCESS
add_player: SUCCESS
add_player: SUCCESS
add_player: SUCCESS
add_player: SUCCESS
add_player: SUCCESS
add_player: SUCCESS
add_player: SUCCESS
add_player: SUCCESS
add_player: SUCCESS
add_player: SUCCESS
add_player: SUCCESS
add_player: SUCCESS
add_player: SUCCESS
add_player: SUCCESS
add_player: SUCCESS
add_player: SUCCESS
add_player: SUCCESS
add_player: SUCCESS
add_player: SUCCESS
add_player: SUCCESS
add_player: SUCCESS
add_player: SUCCESS
add_player: SUCCESS
add_player: SUCCESS
add_player: SUCCESS
add_player: SUCCESS
add_player: SUCCESS
add_player: SUCCESS
add_player: SUCCESS
add_player: SUCCESS
add_player: SUCCESS
add_player: SUCCESS
add_player: SUCCESS
add_player: SUCCESS
add_player: SUCCESS
add_player: SUCCESS
add_player: SUCCESS
add_player: SUCCESS
add_player: SUCCESS
add_player: SUCCESS
add_player: SUCCESS
add_player: SUCCESS
add_player: SUCCESS
add_player: SUCCESS
add_player: SUCCESS
add_player: SUCCESS
add_player: SUCCESS
add_player: SUCCESS
add_player: SUCCESS
add_player: SUCCESS
add_player: SUCCESS
add_player: SUCCESS
add_player: SUCCESS
add_player: SUCCESS
add_player: SUCCESS
add_player: SUCCESS
add_player: SUCCESS
add_player: SUCCESS
add_player: SUCCESS
add_player: SUCCESS
add_player: SUCCESS
add_player: SUCCESS
add_player: SUCCESS
add_player: SUCCESS
add_player: SUCCESS
add_player: SUCCESS
add_player: SUCCESS
add_player: SUCCESS
add_player: SUCCESS
add_player: SUCCESS
add_player: SUCCESS
add_player: SUCCESS
add_player: SUCCESS
add_player: SUCCESS
add_player: SUCCESS
add_player: SUCCESS
add_player: SUCCESS
add_player: SUCCESS
add_player: SUCCESS
add_player: SUCCESS
add_player: SUCCESS
add_player: SUCCESS
add_player: SUCCESS
add_player: SUCCESS
add_player: SUCCESS
add_player: SUCCESS
add_player: SUCCESS
add_player: SUCCESS
add_player: SUCCESS
add_player: SUCCESS
add_player: SUCCESS
add_player: SUCCESS
add_player: SUCCESS
add_player: SUCCESS
add_player: SUCCESS
add_player: SUCCESS
add_player: SUCCESS
num_played_games_for_player: SUCCESS, 22
play_match: FAILURE
add_player: SUCCESS
add_player: SUCCESS
add_player_cards: SUCCESS
get_ith_pointless_ability: FAILURE
add_player: SUCCESS
play_match: FAILURE
buy_team: SUCCESS
add_player: SUCCESS
get_player_cards: SUCCESS, 19
buy_team: SUCCESS
add_player: SUCCESS
num_played_games_for_player: SUCCESS, 22
get_partial_spirit: SUCCESS, 1,2,3,4,5
add_player: SUCCESS
add_player_cards: SUCCESS
num_played_games_for_player: SUCCESS, 22
add_team: SUCCESS
get_partial_spirit: SUCCESS, 2,5,1,3,4
buy_team: SUCCESS
get_ith_pointless_ability: SUCCESS, 12
num_played_games_for_player: SUCCESS, 22
get_player_cards: SUCCESS, 215
get_partial_spirit: SUCCESS, 5,4,1,2,3
add_team: FAILURE
play_match: FAILURE
add_player_cards: SUCCESS
get_partial_spirit: SUCCESS, 3,4,2,5,1
add_player: SUCCESS
num_played_games_for_player: SUCCESS, 22
num_played_games_for_player: SUCCESS, 22
get_player_cards: SUCCESS, 140
get_ith_pointless_ability: FAILURE
play_match: FAILURE
add_player_cards: SUCCESS
get_ith_pointless_ability: SUCCESS, 92
play_match: FAILURE
add_team: FAILURE
get_partial_spirit: SUCCESS, 1,2,3,4,5
add_player: SUCCESS
play_match: FAILURE
num_played_games_for_player: SUCCESS, 22
num_played_games_for_player: SUCCESS, 22
num_played_games_for_player: SUCCESS, 22
get_ith_pointless_ability: FAILURE
num_played_games_for_player: SUCCESS, 22
remove_team: FAILURE
get_partial_spirit: SUCCESS, 4,1,3,2,5
get_team_points: SUCCESS, 0
add_player: SUCCESS
buy_team: SUCCESS
num_played_games_for_player: SUCCESS, 22
get_team_points: SUCCESS, 0
get_ith_pointless_ability: FAILURE
buy_team: SUCCESS
buy_team: SUCCESS
add_player: SUCCESS
get_partial_spirit: SUCCESS, 1,3,5,2,4
get_team_points: SUCCESS, 0
add_player: SUCCESS
get_team_points: SUCCESS, 0
add_player: SUCCESS
get_partial_spirit: SUCCESS, 1,5,2,3,4
num_played_games_for_player: SUCCESS, 22
add_player: SUCCESS
buy_team: SUCCESS
add_player: SUCCESS
num_played_games_for_player: SUCCESS, 22
add_player: SUCCESS
get_partial_spirit: SUCCESS, 2,5,1,4,3
buy_team: SUCCESS
add_player: SUCCESS
get_team_points: SUCCESS, 0
add_player: SUCCESS
add_player: SUCCESS
get_team_points: SUCCESS, 0
get_team_points: SUCCESS, 0
get_partial_spirit: SUCCESS, 1,2,3,4,5
num_played_games_for_player: SUCCESS, 22
get_team_points: SUCCESS, 0
remove_team: FAILURE
add_player: SUCCESS
remove_team: FAILURE
add_player: SUCCESS
play_match: FAILURE
remove_team: FAILURE
add_player_cards: SUCCESS
num_played_games_for_player: SUCCESS, 22
add_player: SUCCESS
play_match: SUCCESS, 3
get_team_points: SUCCESS, 0
add_player: SUCCESS
get_player_cards: SUCCESS, 25
get_ith_pointless_ability: FAILURE
add_player: SUCCESS
remove_team: FAILURE
add_player: SUCCESS
play_match: FAILURE
add_player: SUCCESS
get_ith_pointless_ability: SUCCESS, 18
add_team: FAILURE
play_match: FAILURE
play_match: FAILURE
buy_team: SUCCESS
play_match: SUCCESS, 1
add_player: SUCCESS
add_player_cards: SUCCESS
add_player_cards: SUCCESS
get_team_points: SUCCESS, 0
buy_team: SUCCESS
get_partial_spirit: SUCCESS, 1,2,3,4,5
add_player: SUCCESS
get_ith_pointless_ability: FAILURE
add_player: FAILURE
add_player: SUCCESS
add_team: FAILURE
remove_team: FAILURE
add_player: SUCCESS
remove_team: FAILURE
add_player: SUCCESS
add_player: SUCCESS
add_player: SUCCESS
add_player: SUCCESS
play_match: SUCCESS, 1
remove_team: FAILURE
add_player: SUCCESS
get_ith_pointless_ability: FAILURE
get_partial_spirit: SUCCESS, 1,2,3,4,5
get_ith_pointless_ability: SUCCESS, 85
remove_team: FAILURE
add_player: SUCCESS
buy_team: SUCCESS
add_player: FAILURE
add_player: SUCCESS
get_team_points: SUCCESS, 0
add_player: SUCCESS
play_match: FAILURE
num_played_games_for_player: SUCCESS, 22
add_player: SUCCESS
get_ith_pointless_ability: SUCCESS, 88
get_partial_spirit: SUCCESS, 1,2,3,4,5
add_player: SUCCESS
add_player_cards: SUCCESS
add_player: SUCCESS
play_match: SUCCESS, 1
get_team_points: SUCCESS, 0
get_partial_spirit: SUCCESS, 1,2,3,4,5
num_played_games_for_player: SUCCESS, 22
add_player: SUCCESS
add_player: SUCCESS
add_team: FAILURE
get_player_cards: SUCCESS, 79
buy_team: SUCCESS
get_ith_pointless_ability: SUCCESS, 80
buy_team: SUCCESS
remove_team: FAILURE
get_partial_spirit: SUCCESS, 3,1,4,5,2
remove_team: FAILURE
add_team: FAILURE
num_played_games_for_player: SUCCESS, 22
get_partial_spirit: FAILURE
get_partial_spirit: SUCCESS, 1,2,3,4,5
add_player: SUCCESS
get_team_points: SUCCESS, 0
get_ith_pointless_ability: SUCCESS, 85
add_player: SUCCESS
add_team: FAILURE
get_player_cards: SUCCESS, 179
get_player_cards: SUCCESS, 183
get_ith_pointless_ability: SUCCESS, 98
play_match: SUCCESS, 1
num_played_games_for_player: SUCCESS, 22
add_team: FAILURE
remove_team: FAILURE
add_player: SUCCESS
add_player: SUCCESS
add_team: FAILURE
remove_team: FAILURE
add_team: FAILURE
add_player: FAILURE
get_team_points: SUCCESS, 0
remove_team: FAILURE
add_player: FAILURE
get_partial_spirit: SUCCESS, 1,2,3,4,5
get_team_points: SUCCESS, 0
get_partial_spirit: SUCCESS, 1,2,3,4,5
add_player_cards: SUCCESS
add_team: FAILURE
add_player_cards: SUCCESS
num_played_games_for_player: SUCCESS, 22
get_ith_pointless_ability: SUCCESS, 92
get_player_cards: SUCCESS, 75
get_team_points: SUCCESS, 0
get_ith_pointless_ability: SUCCESS, 72
get_ith_pointless_ability: SUCCESS, 60
get_player_cards: SUCCESS, 24
remove_team: FAILURE
num_played_games_for_player: SUCCESS, 22
add_player_cards: SUCCESS
get_team_points: SUCCESS, 0
num_played_games_for_player: SUCCESS, 22
buy_team: SUCCESS
num_played_games_for_player: SUCCESS, 22
add_player: SUCCESS
get_ith_pointless_ability: SUCCESS, 74
remove_team: FAILURE
get_player_cards: SUCCESS, 162
get_partial_spirit: SUCCESS, 1,2,3,4,5
get_team_points: SUCCESS, 0
add_player: SUCCESS
get_player_cards: SUCCESS, 153
add_player: FAILURE
add_player: SUCCESS
get_ith_pointless_ability: SUCCESS, 98
add_team: FAILURE
num_played_games_for_player: SUCCESS, 22
play_match: FAILURE
add_player: SUCCESS
get_player_cards: SUCCESS, 91
get_partial_spirit: SUCCESS, 4,5,1,3,2
add_team: FAILURE
add_player: SUCCESS
add_player_cards: SUCCESS
add_player: SUCCESS
play_match: FAILURE
add_team: FAILURE
get_ith_pointless_ability: SUCCESS, 52
add_team: FAILURE
add_player: SUCCESS
add_player: FAILURE
get_ith_pointless_ability: SUCCESS, 86
get_partial_spirit: SUCCESS, 4,1,3,2,5
add_player: FAILURE
get_player_cards: SUCCESS, 195
add_player_cards: SUCCESS
add_player_cards: SUCCESS
get_ith_pointless_ability: SUCCESS, 7
get_player_cards: SUCCESS, 119
get_player_cards: SUCCESS, 136
get_team_points: SUCCESS, 0
get_player_cards: SUCCESS, 157
get_partial_spirit: SUCCESS, 3,2,4,5,1
add_player: FAILURE
remove_team: FAILURE
play_match: SUCCESS, 1
get_ith_pointless_ability: FAILURE
add_player: FAILURE
num_played_games_for_player: SUCCESS, 22
add_player: SUCCESS
add_player: SUCCESS
buy_team: SUCCESS
get_team_points: SUCCESS, 0
buy_team: SUCCESS
add_player: SUCCESS
remove_team: FAILURE
add_player_cards: SUCCESS
add_player: SUCCESS
add_player_cards: SUCCESS
add_team: FAILURE
buy_team: SUCCESS
get_team_points: SUCCESS, 0
add_player: SUCCESS
get_player_cards: SUCCESS, 173
add_team: FAILURE
num_played_games_for_player: SUCCESS, 22
add_player: SUCCESS
add_player: SUCCESS
remove_team: FAILURE
get_team_points: SUCCESS, 0
add_player: SUCCESS
add_player: SUCCESS
buy_team: SUCCESS
buy_team: SUCCESS
add_player: SUCCESS
play_match: FAILURE
play_match: FAILURE
get_ith_pointless_ability: SUCCESS, 81
play_match: FAILURE
get_player_cards: SUCCESS, 12
get_team_points: SUCCESS, 3
get_team_points: SUCCESS, 0
add_player: SUCCESS
get_partial_spirit: SUCCESS, 1,2,3,4,5
add_player: FAILURE
add_team: FAILURE
get_partial_spirit: SUCCESS, 2,1,3,5,4
add_player: SUCCESS
get_player_cards: SUCCESS, 57
buy_team: SUCCESS
play_match: SUCCESS, 3
add_team: FAILURE
play_match: SUCCESS, 3
play_match: FAILURE
add_team: FAILURE
num_played_games_for_player: SUCCESS, 22
get_partial_spirit: SUCCESS, 1,2,3,4,5
add_player: SUCCESS
play_match: FAILURE
add_team: FAILURE
buy_team: SUCCESS
add_player: SUCCESS
get_ith_pointless_ability: SUCCESS, 41
add_player: SUCCESS
get_team_points: SUCCESS, 0
add_team: FAILURE
get_player_cards: SUCCESS, 82
buy_team: SUCCESS
add_player_cards: SUCCESS
add_player_cards: SUCCESS
buy_team: SUCCESS
play_match: FAILURE
play_match: FAILURE
add_player: SUCCESS
buy_team: SUCCESS
get_team_points: SUCCESS, 0
add_player_cards: SUCCESS
get_player_cards: SUCCESS, 62
num_played_games_for_player: SUCCESS, 22
get_player_cards: SUCCESS, 104
add_player_cards: SUCCESS
get_partial_spirit: SUCCESS, 1,2,3,4,5
add_player_cards: SUCCESS
get_team_points: SUCCESS, 0
add_player: FAILURE
add_player: FAILURE
add_player_cards: SUCCESS
add_player_cards: SUCCESS
get_team_points: SUCCESS, 0
get_player_cards: SUCCESS, 126
get_team_points: SUCCESS, 3
add_team: FAILURE
add_team: FAILURE
num_played_games_for_player: SUCCESS, 22
buy_team: SUCCESS
get_partial_spirit: SUCCESS, 4,5,1,2,3
remove_team: FAILURE
buy_team: SUCCESS
get_player_cards: SUCCESS, 166
add_team: FAILURE
add_player: SUCCESS
add_player: SUCCESS
get_ith_pointless_ability: SUCCESS, 70
get_team_points: FAILURE
add_player: SUCCESS
play_match: FAILURE
add_player: SUCCESS
num_played_games_for_player: SUCCESS, 22
get_team_points: SUCCESS, 0
buy_team: SUCCESS
get_ith_pointless_ability: SUCCESS, 25
add_player: SUCCESS
add_team: FAILURE
play_match: FAILURE
get_player_cards: SUCCESS, 299
play_match: FAILURE
add_player: SUCCESS
play_match: FAILURE
play_match: FAILURE
get_ith_pointless_ability: SUCCESS, 15
play_match: SUCCESS, 3
add_team: FAILURE
num_played_games_for_player: SUCCESS, 22
add_player: SUCCESS
get_player_cards: SUCCESS, 225
add_player: FAILURE
add_player: SUCCESS
add_player: SUCCESS
remove_team: FAILURE
get_player_cards: SUCCESS, 304
add_player: FAILURE
add_player: SUCCESS
add_player: SUCCESS
remove_team: FAILURE
add_team: FAILURE
add_player: SUCCESS
add_player: SUCCESS
get_ith_pointless_ability: SUCCESS, 27
num_played_games_for_player: SUCCESS, 22
add_player_cards: SUCCESS
get_ith_pointless_ability: SUCCESS, 83
add_team: FAILURE
add_player: FAILURE
get_player_cards: SUCCESS, 585
add_player: FAILURE
add_team: FAILURE
add_player: SUCCESS
add_player: FAILURE
get_player_cards: SUCCESS, 206
get_player_cards: SUCCESS, 126
play_match: SUCCESS, 1
get_ith_pointless_ability: SUCCESS, 48
get_partial_spirit: SUCCESS, 3,1,5,4,2
get_player_cards: SUCCESS, 109
play_match: FAILURE
add_team: FAILURE
add_player: SUCCESS
add_player: SUCCESS
add_player: SUCCESS
add_team: FAILURE
add_player: SUCCESS
get_partial_spirit: SUCCESS, 1,2,3,4,5
num_played_games_for_player: SUCCESS, 22
add_player: FAILURE
add_player_cards: SUCCESS
add_player_cards: SUCCESS
get_team_points: SUCCESS, 0
add_team: FAILURE
get_ith_pointless_ability: FAILURE
add_player_cards: SUCCESS
add_player: FAILURE
remove_team: FAILURE
add_player_cards: SUCCESS
get_player_cards: SUCCESS, 249
get_player_cards: SUCCESS, 200
get_partial_spirit: SUCCESS, 1,2,3,4,5
buy_team: SUCCESS
get_ith_pointless_ability: SUCCESS, 8
play_match: FAILURE
get_team_points: SUCCESS, 0
add_team: FAILURE
add_player: SUCCESS
add_player: SUCCESS
play_match: SUCCESS, 1
buy_team: SUCCESS
num_played_games_for_player: SUCCESS, 22
play_match: FAILURE
add_player: FAILURE
num_played_games_for_player: SUCCESS, 22
add_player: FAILURE
add_player: SUCCESS
remove_team: FAILURE
add_player: FAILURE
add_player: SUCCESS
play_match: SUCCESS, 3
get_team_points: FAILURE
add_player: FAILURE
get_team_points: SUCCESS, 0
add_player: SUCCESS
play_match: SUCCESS, 1
add_team: FAILURE
add_player: SUCCESS
num_played_games_for_player: SUCCESS, 22
get_player_cards: SUCCESS, 68
num_played_games_for_player: SUCCESS, 22
buy_team: SUCCESS
add_team: FAILURE
get_ith_pointless_ability: SUCCESS, 87
buy_team: SUCCESS
add_player: SUCCESS
play_match: SUCCESS, 3
num_played_games_for_player: SUCCESS, 22
get_ith_pointless_ability: SUCCESS, 22
buy_team: SUCCESS
buy_team: SUCCESS
add_player_cards: SUCCESS
num_played_games_for_player: SUCCESS, 22
buy_team: SUCCESS
num_played_games_for_player: SUCCESS, 22
get_ith_pointless_ability: SUCCESS, 81
get_team_points: SUCCESS, 0
add_player: SUCCESS
add_player: FAILURE
add_player: FAILURE
remove_team: FAILURE
add_team: FAILURE
get_partial_spirit: SUCCESS, 3,4,2,1,5
get_team_points: SUCCESS, 0
add_player: SUCCESS
remove_team: FAILURE
add_player_cards: SUCCESS
num_played_games_for_player: SUCCESS, 22
add_player: SUCCESS
remove_team: FAILURE
add_player: SUCCESS
add_player: FAILURE
add_team: FAILURE
get_player_cards: SUCCESS, 284
add_player: SUCCESS
add_player_cards: SUCCESS
num_played_games_for_player: SUCCESS, 22
play_match: SUCCESS, 1
num_played_games_for_player: SUCCESS, 22
get_partial_spirit: SUCCESS, 1,2,3,4,5
play_match: SUCCESS, 1
play_match: SUCCESS, 1
add_team: FAILURE
get_partial_spirit: SUCCESS, 1,2,3,4,5
get_player_cards: SUCCESS, 203
get_ith_pointless_ability: SUCCESS, 48
add_player: SUCCESS
get_ith_pointless_ability: SUCCESS, 45
get_player_cards: SUCCESS, 68
add_player: SUCCESS
get_partial_spirit: SUCCESS, 1,2,3,4,5
buy_team: SUCCESS
get_ith_pointless_ability: SUCCESS, 93
add_player: SUCCESS
add_player_cards: SUCCESS
add_player: SUCCESS
play_match: FAILURE
get_ith_pointless_ability: SUCCESS, 100
add_player: SUCCESS
get_team_points: SUCCESS, 0
add_player_cards: SUCCESS
get_team_points: SUCCESS, 0
num_played_games_for_player: SUCCESS, 22
num_played_games_for_player: SUCCESS, 22
play_match: FAILURE
add_team: FAILURE
get_ith_pointless_ability: SUCCESS, 29
add_player: SUCCESS
add_player: SUCCESS
num_played_games_for_player: SUCCESS, 22
add_player_cards: SUCCESS
add_player: SUCCESS
buy_team: SUCCESS
get_partial_spirit: SUCCESS, 1,2,3,4,5
num_played_games_for_player: SUCCESS, 22
add_player: SUCCESS
add_player: SUCCESS
get_ith_pointless_ability: SUCCESS, 18
add_player: SUCCESS
get_player_cards: SUCCESS, 185
add_team: FAILURE
play_match: SUCCESS, 3
add_player_cards: SUCCESS
get_team_points: SUCCESS, 0
add_team: FAILURE
add_player: SUCCESS
get_partial_spirit: SUCCESS, 5,4,3,2,1
play_match: SUCCESS, 3
get_ith_pointless_ability: SUCCESS, 88
add_player_cards: SUCCESS
add_player_cards: SUCCESS
num_played_games_for_player: SUCCESS, 22
add_player: SUCCESS
play_match: FAILURE
buy_team: SUCCESS
play_match: FAILURE
add_team: FAILURE
get_team_points: SUCCESS, 0
add_player: FAILURE
add_player: SUCCESS
remove_team: FAILURE
add_player: FAILURE
buy_team: SUCCESS
num_played_games_for_player: SUCCESS, 22
add_player: SUCCESS
add_player: FAILURE
add_team: FAILURE
get_team_points: SUCCESS, 0
get_player_cards: SUCCESS, 190
add_player: FAILURE
buy_team: SUCCESS
add_player: SUCCESS
add_team: FAILURE
get_partial_spirit: SUCCESS, 3,1,4,5,2
add_player_cards: SUCCESS
add_player: SUCCESS
get_ith_pointless_ability: SUCCESS, 8
add_player: SUCCESS
get_ith_pointless_ability: SUCCESS, 31
add_player: SUCCESS
play_match: SUCCESS, 3
buy_team: SUCCESS
num_played_games_for_player: SUCCESS, 22
buy_team: SUCCESS
get_player_cards: SUCCESS, 189
get_ith_pointless_ability: SUCCESS, 66
get_partial_spirit: SUCCESS, 3,1,4,5,2
remove_team: FAILURE
add_player: FAILURE
get_ith_pointless_ability: SUCCESS, 51
get_ith_pointless_ability: SUCCESS, 18
play_match: FAILURE
add_team: FAILURE
add_player: SUCCESS
get_ith_pointless_ability: SUCCESS, 94
buy_team: SUCCESS
remove_team: FAILURE
add_team: FAILURE
add_player_cards: SUCCESS
remove_team: FAILURE
add_team: FAILURE
buy_team: SUCCESS
add_player: SUCCESS
buy_team: SUCCESS
get_partial_spirit: SUCCESS, 1,2,3,4,5
get_ith_pointless_ability: SUCCESS, 13
get_partial_spirit: SUCCESS, 1,2,3,4,5
play_match: SUCCESS, 1
add_player: SUCCESS
get_player_cards: SUCCESS, 608
add_player: SUCCESS
play_match: SUCCESS, 3
get_ith_pointless_ability: SUCCESS, 37
play_match: SUCCESS, 1
get_player_cards: SUCCESS, 214
remove_team: FAILURE
get_ith_pointless_ability: SUCCESS, 22
buy_team: SUCCESS
add_player: FAILURE
get_partial_spirit: SUCCESS, 3,5,4,1,2
add_player: SUCCESS
remove_team: FAILURE
add_player: FAILURE
add_player: SUCCESS
get_partial_spirit: SUCCESS, 3,4,2,5,1
get_ith_pointless_ability: FAILURE
add_player: FAILURE
buy_team: SUCCESS
remove_team: FAILURE
num_played_games_for_player: SUCCESS, 22
play_match: SUCCESS, 1
get_partial_spirit: SUCCESS, 3,4,2,5,1
remove_team: FAILURE
add_player_cards: SUCCESS
add_player: SUCCESS
num_played_games_for_player: SUCCESS, 22
add_player: FAILURE
buy_team: SUCCESS
add_player: SUCCESS
add_player_cards: SUCCESS
add_player: SUCCESS
add_player: SUCCESS
add_team: FAILURE
remove_team: FAILURE
add_player: SUCCESS
get_team_points: SUCCESS, 3
add_player: SUCCESS
add_team: FAILURE
play_match: SUCCESS, 3
add_player_cards: SUCCESS
remove_team: FAILURE
remove_team: FAILURE
buy_team: SUCCESS
buy_team: SUCCESS
add_player: SUCCESS
get_partial_spirit: SUCCESS, 1,5,4,3,2
add_player_cards: SUCCESS
get_player_cards: SUCCESS, 71
get_ith_pointless_ability: SUCCESS, 86
add_player: SUCCESS
get_player_cards: SUCCESS, 377
add_player: SUCCESS
get_ith_pointless_ability: SUCCESS, 89
play_match: SUCCESS, 1
add_player: SUCCESS
add_player_cards: SUCCESS
add_team: FAILURE
get_ith_pointless_ability: FAILURE
get_player_cards: SUCCESS, 12
add_player: FAILURE
num_played_games_for_player: SUCCESS, 22
get_team_points: SUCCESS, 3
get_team_points: SUCCESS, 3
buy_team: SUCCESS
get_team_points: SUCCESS, 3
play_match: SUCCESS, 3
play_match: FAILURE
num_played_games_for_player: SUCCESS, 22
get_team_points: SUCCESS, 3
add_team: FAILURE
add_player: FAILURE
remove_team: FAILURE
add_player: SUCCESS
add_player: SUCCESS
add_player: SUCCESS
add_player_cards: SUCCESS
add_player_cards: SUCCESS
add_player: SUCCESS
add_player_cards: SUCCESS
add_player_cards: SUCCESS
add_player: SUCCESS
get_team_points: SUCCESS, 0
remove_team: FAILURE
add_team: FAILURE
get_player_cards: SUCCESS, 289
add_team: FAILURE
buy_team: SUCCESS
get_team_points: SUCCESS, 0
play_match: FAILURE
play_match: SUCCESS, 3
get_ith_pointless_ability: SUCCESS, 1
get_ith_pointless_ability: SUCCESS, 17
get_player_cards: SUCCESS, 285
add_player: SUCCESS
buy_team: SUCCESS
add_player_cards: SUCCESS
num_played_games_for_player: SUCCESS, 22
add_team: FAILURE
add_team: FAILURE
play_match: SUCCESS, 1
add_team: FAILURE
play_match: SUCCESS, 3
get_partial_spirit: SUCCESS, 1,3,2,5,4
num_played_games_for_player: SUCCESS, 22
get_ith_pointless_ability: SUCCESS, 89
add_player: SUCCESS
remove_team: FAILURE
add_player: FAILURE
add_player_cards: FAILURE
get_player_cards: SUCCESS, 213
play_match: FAILURE
add_player: FAILURE
add_player_cards: SUCCESS
add_player: SUCCESS
get_player_cards: SUCCESS, 195
buy_team: SUCCESS
get_partial_spirit: SUCCESS, 1,2,3,4,5
play_match: SUCCESS, 1
buy_team: SUCCESS
get_partial_spirit: SUCCESS, 1,2,3,4,5
add_player: SUCCESS
play_match: SUCCESS, 1
num_played_games_for_player: SUCCESS, 22
add_player: SUCCESS
get_player_cards: SUCCESS, 291
num_played_games_for_player: SUCCESS, 22
get_player_cards: SUCCESS, 124
play_match: SUCCESS, 3
num_played_games_for_player: SUCCESS, 22
get_partial_spirit: SUCCESS, 2,1,4,5,3
get_team_points: FAILURE
get_partial_spirit: SUCCESS, 1,2,3,4,5
get_ith_pointless_ability: SUCCESS, 54
get_player_cards: SUCCESS, 294
num_played_games_for_player: SUCCESS, 22
get_player_cards: SUCCESS, 154
play_match: SUCCESS, 3
add_team: FAILURE
play_match: SUCCESS, 1
add_player: FAILURE
get_player_cards: SUCCESS, 141
get_ith_pointless_ability: FAILURE
remove_team: FAILURE
get_player_cards: SUCCESS, 190
add_player: FAILURE
add_player_cards: SUCCESS
add_team: FAILURE
get_ith_pointless_ability: SUCCESS, 37
add_player_cards: SUCCESS
get_team_points: SUCCESS, 3
get_ith_pointless_ability: SUCCESS, 17
get_team_points: SUCCESS, 3
get_team_points: SUCCESS, 0
play_match: SUCCESS, 3
add_player: SUCCESS
add_team: FAILURE
add_player: FAILURE
add_player_cards: SUCCESS
add_player: FAILURE
remove_team: FAILURE
add_player: FAILURE
num_played_games_for_player: SUCCESS, 22
get_partial_spirit: SUCCESS, 3,5,4,2,1
add_player_cards: FAILURE
get_partial_spirit: SUCCESS, 1,2,3,4,5
num_played_games_for_player: SUCCESS, 22
add_player: SUCCESS
buy_team: SUCCESS
add_player: SUCCESS
play_match: SUCCESS, 3
add_player_cards: SUCCESS
num_played_games_for_player: SUCCESS, 22
add_player: SUCCESS
add_player: SUCCESS
play_match: SUCCESS, 3
play_match: SUCCESS, 3
get_team_points: SUCCESS, 0
get_ith_pointless_ability: SUCCESS, 81
add_player: SUCCESS
add_player: FAILURE
add_player: FAILURE
add_player: SUCCESS
num_played_games_for_player: SUCCESS, 22
play_match: FAILURE
get_player_cards: SUCCESS, 183
add_player: FAILURE
add_player_cards: SUCCESS
remove_team: FAILURE
buy_team: SUCCESS
add_player: SUCCESS
get_team_points: SUCCESS, 0
add_player: SUCCESS
add_player: FAILURE
play_match: SUCCESS, 3
add_player_cards: SUCCESS
num_played_games_for_player: SUCCESS, 22
add_player: FAILURE
play_match: SUCCESS, 3
add_player: FAILURE
get_partial_spirit: SUCCESS, 5,1,2,3,4
add_team: FAILURE
get_player_cards: SUCCESS, 157
get_team_points: FAILURE
get_partial_spirit: SUCCESS, 1,2,3,4,5
remove_team: FAILURE
add_player: FAILURE
add_player: SUCCESS
get_team_points: SUCCESS, 3
get_ith_pointless_ability: SUCCESS, 42
num_played_games_for_player: SUCCESS, 22
add_player_cards: FAILURE
add_player: FAILURE
get_player_cards: SUCCESS, 140
get_team_points: FAILURE
add_player: SUCCESS
add_team: FAILURE
get_team_points: SUCCESS, 0
add_player: FAILURE
remove_team: FAILURE
add_player: FAILURE
add_team: FAILURE
add_player: FAILURE
add_player: FAILURE
get_ith_pointless_ability: SUCCESS, 81
buy_team: SUCCESS
remove_team: FAILURE
get_player_cards: SUCCESS, 73
get_ith_pointless_ability: SUCCESS, 62
add_player: FAILURE
add_player_cards: SUCCESS
get_team_points: FAILURE
get_player_cards: SUCCESS, 208
add_player: SUCCESS
add_player_cards: SUCCESS
num_played_games_for_player: SUCCESS, 22
add_player: SUCCESS
add_team: FAILURE
get_player_cards: SUCCESS, 271
get_ith_pointless_ability: SUCCESS, 46
add_player: SUCCESS
get_player_cards: SUCCESS, 253
num_played_games_for_player: SUCCESS, 22
num_played_games_for_player: SUCCESS, 22
add_player: SUCCESS
get_ith_pointless_ability: SUCCESS, 63
add_team: FAILURE
buy_team: SUCCESS
get_player_cards: SUCCESS, 196
num_played_games_for_player: SUCCESS, 22
add_team: FAILURE
add_player: SUCCESS
add_player_cards: SUCCESS
play_match: SUCCESS, 3
buy_team: SUCCESS
remove_team: FAILURE
buy_team: SUCCESS
get_ith_pointless_ability: SUCCESS, 13
num_played_games_for_player: SUCCESS, 22
add_player: FAILURE
get_ith_pointless_ability: SUCCESS, 77
num_played_games_for_player: SUCCESS, 22
get_ith_pointless_ability: SUCCESS, 100
get_team_points: SUCCESS, 0
get_player_cards: SUCCESS, 296
get_team_points: SUCCESS, 0
get_player_cards: SUCCESS, 125
remove_team: FAILURE
get_player_cards: SUCCESS, 237
play_match: SUCCESS, 3
add_player: FAILURE
add_player: SUCCESS
num_played_games_for_player: SUCCESS, 22
get_team_points: SUCCESS, 3
num_played_games_for_player: SUCCESS, 22
add_player: SUCCESS
play_match: SUCCESS, 3
get_ith_pointless_ability: SUCCESS, 31
buy_team: SUCCESS
add_team: FAILURE
play_match: SUCCESS, 3
play_match: SUCCESS, 1
num_played_games_for_player: SUCCESS, 22
add_player: FAILURE
add_player: SUCCESS
add_player: SUCCESS
get_player_cards: SUCCESS, 142
add_player_cards: SUCCESS
add_team: FAILURE
buy_team: SUCCESS
buy_team: SUCCESS
get_team_points: FAILURE
add_player_cards: SUCCESS
buy_team: SUCCESS
add_player_cards: SUCCESS
add_player: SUCCESS
get_ith_pointless_ability: SUCCESS, 81
remove_team: FAILURE
num_played_games_for_player: SUCCESS, 22
add_player_cards: SUCCESS
num_played_games_for_player: SUCCESS, 22
get_player_cards: SUCCESS, 195
get_team_points: SUCCESS, 0
add_player: FAILURE
play_match: SUCCESS, 1
get_team_points: FAILURE
get_team_points: SUCCESS, 0
play_match: SUCCESS, 1
num_played_games_for_player: SUCCESS, 22
remove_team: FAILURE
remove_team: FAILURE
add_player_cards: SUCCESS
num_played_games_for_player: SUCCESS, 22
add_player: SUCCESS
remove_team: FAILURE
buy_team: SUCCESS
add_player: SUCCESS
get_player_cards: SUCCESS, 125
add_player: SUCCESS
get_player_cards: SUCCESS, 316
add_player: SUCCESS
get_partial_spirit: FAILURE
get_team_points: SUCCESS, 3
buy_team: SUCCESS
add_player: SUCCESS
add_team: FAILURE
add_player: FAILURE
add_player: SUCCESS
get_ith_pointless_ability: SUCCESS, 62
get_ith_pointless_ability: SUCCESS, 67
play_match: SUCCESS, 1
num_played_games_for_player: SUCCESS, 22
add_player_cards: FAILURE
add_team: FAILURE
add_player_cards: SUCCESS
add_team: FAILURE
get_ith_pointless_ability: SUCCESS, 25
add_team: FAILURE
buy_team: SUCCESS
get_partial_spirit: FAILURE
add_player: SUCCESS
buy_team: SUCCESS
add_player_cards: FAILURE
play_match: FAILURE
add_player: FAILURE
add_player_cards: SUCCESS
remove_team: FAILURE
num_played_games_for_player: SUCCESS, 22
remove_team: FAILURE
get_ith_pointless_ability: SUCCESS, 31
get_team_points: FAILURE
add_team: FAILURE
get_ith_pointless_ability: SUCCESS, 88
num_played_games_for_player: SUCCESS, 22
add_player_cards: SUCCESS
add_player: FAILURE
add_player: FAILURE
get_partial_spirit: SUCCESS, 4,2,5,1,3
get_team_points: SUCCESS, 0
add_player_cards: SUCCESS
get_ith_pointless_ability: SUCCESS, 13
add_player_cards: SUCCESS
get_player_cards: SUCCESS, 86
remove_team: FAILURE
remove_team: FAILURE
remove_team: FAILURE
get_player_cards: SUCCESS, 228
add_team: FAILURE
num_played_games_for_player: SUCCESS, 22
num_played_games_for_player: SUCCESS, 22
play_match: FAILURE
add_player: FAILURE
add_player: SUCCESS
add_player: FAILURE
num_played_games_for_player: SUCCESS, 22
buy_team: SUCCESS
remove_team: FAILURE
remove_team: FAILURE
add_player: SUCCESS
add_player: FAILURE
add_player: SUCCESS
add_player_cards: SUCCESS
add_team: FAILURE
remove_team: FAILURE
add_player: SUCCESS
add_player: FAILURE
buy_team: SUCCESS
num_played_games_for_player: SUCCESS, 22
get_ith_pointless_ability: SUCCESS, 52
add_team: FAILURE
add_team: FAILURE
get_player_cards: SUCCESS, 128
add_player: FAILURE
add_player: FAILURE
add_player: FAILURE
get_partial_spirit: SUCCESS, 2,5,1,3,4
add_player_cards: SUCCESS
get_ith_pointless_ability: SUCCESS, 62
buy_team: SUCCESS
play_match: FAILURE
num_played_games_for_player: SUCCESS, 22
add_player: FAILURE
add_player: FAILURE
get_partial_spirit: SUCCESS, 5,3,4,2,1
remove_team: FAILURE
remove_team: FAILURE
