add_team: SUCCESS
add_team: SUCCESS
add_team: SUCCESS
add_team: SUCCESS
add_team: SUCCESS
add_team: SUCCESS
add_team: SUCCESS
add_team: SUCCESS
add_team: SUCCESS
add_team: SUCCESS
add_team: SUCCESS
add_team: SUCCESS
add_team: SUCCESS
add_team: SUCCESS
add_team: SUCCESS
add_team: SUCCESS
add_team: SUCCESS
add_team: SUCCESS
add_team: SUCCESS
add_team: SUCCESS
add_team: SUCCESS
add_team: SUCCESS
add_team: SUCCESS
add_team: SUCCESS
add_team: SUCCESS
add_team: SUCCESS
add_team: SUCCESS
add_team: SUCCESS
add_team: SUCCESS
add_team: SUCCESS
add_team: SUCCESS
add_team: SUCCESS
add_team: SUCCESS
add_team: SUCCESS
add_team: SUCCESS
add_team: SUCCESS
add_team: SUCCESS
add_team: SUCCESS
add_team: SUCCESS
add_team: SUCCESS
add_team: SUCCESS
add_team: SUCCESS
add_team: SUCCESS
add_team: SUCCESS
add_team: SUCCESS
add_team: SUCCESS
add_team: SUCCESS
add_team: SUCCESS
add_team: SUCCESS
add_team: SUCCESS
add_team: SUCCESS
add_team: SUCCESS
add_team: SUCCESS
add_team: SUCCESS
add_team: SUCCESS
add_team: SUCCESS
add_team: SUCCESS
add_team: SUCCESS
add_team: SUCCESS
add_team: SUCCESS
add_team: SUCCESS
add_team: SUCCESS
add_team: SUCCESS
add_team: SUCCESS
add_team: SUCCESS
add_team: SUCCESS
add_team: SUCCESS
add_team: SUCCESS
add_team: SUCCESS
add_team: SUCCESS
add_team: SUCCESS
add_team: SUCCESS
add_team: SUCCESS
add_team: SUCCESS
add_team: SUCCESS
add_team: SUCCESS
add_team: SUCCESS
add_team: SUCCESS
add_team: SUCCESS
add_team: SUCCESS
add_team: SUCCESS
add_team: SUCCESS
add_team: SUCCESS
add_team: SUCCESS
add_team: SUCCESS
add_team: SUCCESS
add_team: SUCCESS
add_team: SUCCESS
add_team: SUCCESS
add_team: SUCCESS
add_team: SUCCESS
add_team: SUCCESS
add_team: SUCCESS
add_team: SUCCESS
add_team: SUCCESS
add_team: SUCCESS
add_team: SUCCESS
add_team: SUCCESS
add_team: SUCCESS
add_team: SUCCESS
add_player: SUCCESS
add_player: SUCCESS
add_player: SUCCESS
add_player: SUCCESS
add_player: SUCCESS
add_player: SUCCESS
add_player: SUCCESS
add_player: SUCCESS
add_player: SUCCESS
add_player: SUCCESS
add_player: SUCCESS
add_player: SUCCESS
add_player: SUCCESS
add_player: SUCCESS
add_player: SUCCESS
add_player: SUCCESS
add_player: SUCCESS
add_player: SUCCESS
add_player: SUCCESS
add_player: SUCCESS
add_player: SUCCESS
add_player: SUCCESS
add_player: SUCCESS
add_player: SUCCESS
add_player: SUCCESS
add_player: SUCCESS
add_player: SUCCESS
add_player: SUCCESS
add_player: SUCCESS
add_player: SUCCESS
add_player: SUCCESS
add_player: SUCCESS
add_player: SUCCESS
add_player: SUCCESS
add_player: SUCCESS
add_player: SUCCESS
add_player: SUCCESS
add_player: SUCCESS
add_player: SUCCESS
add_player: SUCCESS
add_player: SUCCESS
add_player: SUCCESS
add_player: SUCCESS
add_player: SUCCESS
add_player: SUCCESS
add_player: SUCCESS
add_player: SUCCESS
add_player: SUCCESS
add_player: SUCCESS
add_player: SUCCESS
add_player: SUCCESS
add_player: SUCCESS
add_player: SUCCESS
add_player: SUCCESS
add_player: SUCCESS
add_player: SUCCESS
add_player: SUCCESS
add_player: SUCCESS
add_player: SUCCESS
add_player: SUCCESS
add_player: SUCCESS
add_player: SUCCESS
add_player: SUCCESS
add_player: SUCCESS
add_player: SUCCESS
add_player: SUCCESS
add_player: SUCCESS
add_player: SUCCESS
add_player: SUCCESS
add_player: SUCCESS
add_player: SUCCESS
add_player: SUCCESS
add_player: SUCCESS
add_player: SUCCESS
add_player: SUCCESS
add_player: SUCCESS
add_player: SUCCESS
add_player: SUCCESS
add_player: SUCCESS
add_player: SUCCESS
add_player: SUCCESS
add_player: SUCCESS
add_player: SUCCESS
add_player: SUCCESS
add_player: SUCCESS
add_player: SUCCESS
add_player: SUCCESS
add_player: SUCCESS
add_player: SUCCESS
add_player: SUCCESS
add_player: SUCCESS
add_player: SUCCESS
add_player: SUCCESS
add_player: SUCCESS
add_player: SUCCESS
add_player: SUCCESS
add_player: SUCCESS
add_player: SUCCESS
add_player: SUCCESS
add_player: SUCCESS
add_player: SUCCESS
add_player_cards: SUCCESS
add_player: SUCCESS
add_player: SUCCESS
remove_team: FAILURE
remove_team: FAILURE
num_played_games_for_player: SUCCESS, 22
add_player_cards: SUCCESS
add_player: SUCCESS
remove_team: FAILURE
get_ith_pointless_ability: FAILURE
add_player_cards: SUCCESS
add_player: SUCCESS
get_team_points: SUCCESS, 0
add_player_cards: SUCCESS
play_match: FAILURE
get_ith_pointless_ability: FAILURE
add_team: SUCCESS
num_played_games_for_player: SUCCESS, 22
add_player: SUCCESS
get_partial_spirit: SUCCESS, 2,3,1,4,5
add_player: SUCCESS
play_match: FAILURE
add_player: SUCCESS
play_match: FAILURE
add_player: SUCCESS
buy_team: SUCCESS
add_team: FAILURE
get_player_cards: SUCCESS, 19
add_player: SUCCESS
get_player_cards: SUCCESS, 256
play_match: FAILURE
num_played_games_for_player: SUCCESS, 22
remove_team: FAILURE
add_player: SUCCESS
get_team_points: SUCCESS, 0
add_team: FAILURE
add_player: SUCCESS
get_ith_pointless_ability: FAILURE
num_played_games_for_player: SUCCESS, 22
get_ith_pointless_ability: FAILURE
add_player: SUCCESS
get_ith_pointless_ability: SUCCESS, 48
num_played_games_for_player: SUCCESS, 22
get_ith_pointless_ability: FAILURE
get_player_cards: SUCCESS, 182
num_played_games_for_player: SUCCESS, 22
remove_team: FAILURE
get_ith_pointless_ability: FAILURE
get_player_cards: SUCCESS, 140
buy_team: SUCCESS
buy_team: SUCCESS
remove_team: FAILURE
buy_team: SUCCESS
num_played_games_for_player: SUCCESS, 22
add_player: SUCCESS
get_partial_spirit: SUCCESS, 2,3,1,4,5
add_player_cards: SUCCESS
add_player: SUCCESS
add_player: FAILURE
add_player: SUCCESS
remove_team: FAILURE
add_player: SUCCESS
play_match: FAILURE
remove_team: FAILURE
buy_team: SUCCESS
remove_team: FAILURE
add_player: SUCCESS
get_ith_pointless_ability: SUCCESS, 2
get_ith_pointless_ability: SUCCESS, 73
add_player: FAILURE
add_player: SUCCESS
remove_team: FAILURE
remove_team: FAILURE
get_team_points: SUCCESS, 0
get_ith_pointless_ability: FAILURE
add_player: SUCCESS
add_player: SUCCESS
get_player_cards: SUCCESS, 258
add_player_cards: SUCCESS
num_played_games_for_player: SUCCESS, 22
play_match: FAILURE
add_player: SUCCESS
get_team_points: SUCCESS, 0
buy_team: SUCCESS
get_player_cards: SUCCESS, 217
add_player: SUCCESS
add_player: SUCCESS
add_player: SUCCESS
get_player_cards: SUCCESS, 23
add_player: SUCCESS
get_ith_pointless_ability: FAILURE
get_ith_pointless_ability: SUCCESS, 92
add_player_cards: SUCCESS
buy_team: SUCCESS
get_player_cards: SUCCESS, 282
remove_team: FAILURE
add_player_cards: SUCCESS
remove_team: FAILURE
get_player_cards: SUCCESS, 135
get_partial_spirit: SUCCESS, 1,2,3,4,5
add_player: SUCCESS
add_player_cards: SUCCESS
play_match: FAILURE
add_player: SUCCESS
buy_team: SUCCESS
add_player: SUCCESS
add_player: SUCCESS
add_team: FAILURE
buy_team: SUCCESS
add_player: SUCCESS
get_player_cards: SUCCESS, 294
get_player_cards: SUCCESS, 105
add_player: SUCCESS
add_team: FAILURE
buy_team: SUCCESS
add_team: FAILURE
play_match: FAILURE
add_player_cards: SUCCESS
get_player_cards: SUCCESS, 71
add_player: FAILURE
buy_team: SUCCESS
add_team: FAILURE
get_partial_spirit: SUCCESS, 1,3,5,4,2
add_player: FAILURE
add_team: FAILURE
add_team: FAILURE
play_match: FAILURE
get_team_points: SUCCESS, 0
add_player: SUCCESS
get_player_cards: SUCCESS, 160
add_player: SUCCESS
play_match: FAILURE
get_ith_pointless_ability: SUCCESS, 41
get_player_cards: SUCCESS, 258
add_player_cards: SUCCESS
get_team_points: SUCCESS, 0
num_played_games_for_player: SUCCESS, 22
remove_team: FAILURE
add_team: FAILURE
add_team: FAILURE
get_partial_spirit: SUCCESS, 1,2,3,4,5
buy_team: SUCCESS
get_partial_spirit: SUCCESS, 2,1,4,3,5
buy_team: SUCCESS
get_ith_pointless_ability: FAILURE
add_player: SUCCESS
get_player_cards: SUCCESS, 283
get_player_cards: SUCCESS, 294
get_partial_spirit: SUCCESS, 1,2,3,4,5
get_partial_spirit: SUCCESS, 2,4,5,3,1
play_match: SUCCESS, 3
num_played_games_for_player: SUCCESS, 22
buy_team: SUCCESS
get_player_cards: SUCCESS, 194
add_player: SUCCESS
add_player: SUCCESS
add_player: SUCCESS
add_player: SUCCESS
play_match: FAILURE
get_player_cards: SUCCESS, 221
remove_team: FAILURE
add_player: SUCCESS
get_ith_pointless_ability: FAILURE
get_player_cards: SUCCESS, 83
remove_team: FAILURE
play_match: FAILURE
num_played_games_for_player: SUCCESS, 22
remove_team: FAILURE
buy_team: SUCCESS
add_player: SUCCESS
buy_team: SUCCESS
get_partial_spirit: SUCCESS, 2,5,4,3,1
add_player_cards: SUCCESS
add_player: SUCCESS
get_ith_pointless_ability: FAILURE
add_player: FAILURE
add_player: SUCCESS
add_player: SUCCESS
add_player: SUCCESS
get_player_cards: SUCCESS, 200
add_player: SUCCESS
num_played_games_for_player: SUCCESS, 22
play_match: FAILURE
get_ith_pointless_ability: FAILURE
get_ith_pointless_ability: FAILURE
add_player: SUCCESS
get_ith_pointless_ability: SUCCESS, 74
play_match: FAILURE
remove_team: FAILURE
add_player: SUCCESS
buy_team: SUCCESS
remove_team: FAILURE
num_played_games_for_player: SUCCESS, 22
buy_team: SUCCESS
buy_team: SUCCESS
get_team_points: SUCCESS, 0
add_player: SUCCESS
add_player: FAILURE
get_player_cards: SUCCESS, 280
add_player: SUCCESS
remove_team: FAILURE
remove_team: FAILURE
get_team_points: SUCCESS, 0
add_player: SUCCESS
add_player: SUCCESS
get_player_cards: SUCCESS, 258
add_player: SUCCESS
play_match: FAILURE
buy_team: SUCCESS
add_player: SUCCESS
add_player_cards: SUCCESS
buy_team: SUCCESS
add_player: SUCCESS
get_ith_pointless_ability: FAILURE
get_team_points: SUCCESS, 0
num_played_games_for_player: SUCCESS, 22
get_team_points: SUCCESS, 0
add_player_cards: SUCCESS
add_player: SUCCESS
add_player: SUCCESS
play_match: FAILURE
get_team_points: SUCCESS, 0
add_player: SUCCESS
remove_team: FAILURE
remove_team: FAILURE
get_ith_pointless_ability: SUCCESS, 52
play_match: SUCCESS, 1
get_team_points: SUCCESS, 0
add_team: FAILURE
num_played_games_for_player: SUCCESS, 22
get_player_cards: SUCCESS, 69
add_player_cards: SUCCESS
add_team: FAILURE
add_player_cards: SUCCESS
get_ith_pointless_ability: FAILURE
get_partial_spirit: SUCCESS, 2,1,4,3,5
add_team: FAILURE
remove_team: FAILURE
get_player_cards: SUCCESS, 36
get_player_cards: SUCCESS, 23
get_team_points: SUCCESS, 0
add_team: FAILURE
add_player: SUCCESS
num_played_games_for_player: SUCCESS, 22
add_player: SUCCESS
buy_team: SUCCESS
add_player: SUCCESS
play_match: SUCCESS, 1
add_player_cards: SUCCESS
add_player: FAILURE
play_match: SUCCESS, 1
add_player: FAILURE
get_player_cards: SUCCESS, 153
add_player: FAILURE
add_player: SUCCESS
add_player: SUCCESS
get_player_cards: SUCCESS, 200
remove_team: FAILURE
get_team_points: SUCCESS, 0
get_team_points: SUCCESS, 0
remove_team: FAILURE
add_player: SUCCESS
add_player: SUCCESS
add_player: SUCCESS
add_team: FAILURE
add_team: FAILURE
add_team: FAILURE
play_match: FAILURE
add_player: SUCCESS
add_team: FAILURE
add_player_cards: SUCCESS
add_player: SUCCESS
num_played_games_for_player: SUCCESS, 22
add_player: SUCCESS
get_partial_spirit: SUCCESS, 3,5,1,2,4
get_player_cards: SUCCESS, 263
num_played_games_for_player: SUCCESS, 22
add_player: SUCCESS
num_played_games_for_player: SUCCESS, 22
buy_team: SUCCESS
get_player_cards: SUCCESS, 68
add_player_cards: SUCCESS
get_player_cards: SUCCESS, 194
add_player: SUCCESS
add_player: SUCCESS
add_player: SUCCESS
play_match: FAILURE
buy_team: SUCCESS
num_played_games_for_player: SUCCESS, 22
get_partial_spirit: SUCCESS, 5,3,4,2,1
remove_team: FAILURE
get_player_cards: SUCCESS, 156
play_match: FAILURE
remove_team: FAILURE
add_player: SUCCESS
get_player_cards: SUCCESS, 267
get_player_cards: SUCCESS, 207
add_player: FAILURE
get_player_cards: SUCCESS, 100
get_player_cards: SUCCESS, 100
add_player_cards: SUCCESS
add_player: SUCCESS
num_played_games_for_player: SUCCESS, 22
get_team_points: SUCCESS, 0
get_partial_spirit: SUCCESS, 4,2,1,3,5
remove_team: FAILURE
get_team_points: SUCCESS, 0
get_partial_spirit: SUCCESS, 1,4,2,3,5
buy_team: SUCCESS
add_team: FAILURE
add_player_cards: SUCCESS
buy_team: SUCCESS
buy_team: SUCCESS
get_ith_pointless_ability: SUCCESS, 19
add_player: SUCCESS
play_match: FAILURE
add_player: SUCCESS
add_player_cards: FAILURE
add_player: FAILURE
buy_team: SUCCESS
get_ith_pointless_ability: SUCCESS, 56
add_player_cards: SUCCESS
play_match: FAILURE
get_ith_pointless_ability: SUCCESS, 48
add_player: SUCCESS
get_ith_pointless_ability: FAILURE
get_team_points: SUCCESS, 0
buy_team: SUCCESS
remove_team: FAILURE
num_played_games_for_player: SUCCESS, 22
num_played_games_for_player: SUCCESS, 22
add_player: SUCCESS
remove_team: FAILURE
get_team_points: SUCCESS, 0
get_team_points: SUCCESS, 0
get_ith_pointless_ability: SUCCESS, 3
add_team: FAILURE
add_player_cards: FAILURE
get_ith_pointless_ability: SUCCESS, 92
play_match: FAILURE
add_player: SUCCESS
num_played_games_for_player: SUCCESS, 22
play_match: SUCCESS, 1
num_played_games_for_player: SUCCESS, 22
add_team: FAILURE
add_player: FAILURE
get_player_cards: SUCCESS, 269
add_player: FAILURE
play_match: FAILURE
get_partial_spirit: FAILURE
add_player: SUCCESS
play_match: FAILURE
get_player_cards: SUCCESS, 139
buy_team: SUCCESS
buy_team: SUCCESS
get_team_points: SUCCESS, 0
play_match: FAILURE
get_team_points: SUCCESS, 0
num_played_games_for_player: SUCCESS, 22
get_partial_spirit: FAILURE
buy_team: SUCCESS
get_player_cards: SUCCESS, 182
add_player: FAILURE
add_player: SUCCESS
num_played_games_for_player: SUCCESS, 22
add_player_cards: SUCCESS
remove_team: FAILURE
add_player_cards: SUCCESS
play_match: FAILURE
add_team: FAILURE
add_player_cards: SUCCESS
get_team_points: SUCCESS, 0
buy_team: SUCCESS
play_match: SUCCESS, 3
buy_team: SUCCESS
buy_team: SUCCESS
add_player: SUCCESS
add_player: FAILURE
add_team: FAILURE
get_player_cards: SUCCESS, 80
get_partial_spirit: SUCCESS, 2,5,3,4,1
add_player_cards: SUCCESS
add_player: FAILURE
add_player_cards: SUCCESS
add_player: FAILURE
add_player: SUCCESS
remove_team: FAILURE
add_team: FAILURE
add_team: FAILURE
num_played_games_for_player: SUCCESS, 22
num_played_games_for_player: SUCCESS, 22
num_played_games_for_player: SUCCESS, 22
add_player: SUCCESS
play_match: FAILURE
play_match: SUCCESS, 3
num_played_games_for_player: SUCCESS, 22
get_partial_spirit: SUCCESS, 4,1,5,3,2
num_played_games_for_player: SUCCESS, 22
add_player_cards: SUCCESS
get_team_points: SUCCESS, 0
add_player: FAILURE
get_partial_spirit: SUCCESS, 1,2,3,4,5
num_played_games_for_player: SUCCESS, 22
remove_team: FAILURE
buy_team: SUCCESS
add_team: FAILURE
add_player_cards: SUCCESS
add_player: SUCCESS
get_team_points: SUCCESS, 0
play_match: FAILURE
add_player: FAILURE
add_player_cards: SUCCESS
num_played_games_for_player: SUCCESS, 22
get_partial_spirit: SUCCESS, 1,2,5,4,3
add_player_cards: SUCCESS
get_team_points: SUCCESS, 0
remove_team: FAILURE
add_player: SUCCESS
play_match: FAILURE
remove_team: FAILURE
num_played_games_for_player: SUCCESS, 22
buy_team: SUCCESS
remove_team: FAILURE
add_player: SUCCESS
get_team_points: SUCCESS, 0
add_team: FAILURE
get_team_points: SUCCESS, 0
get_player_cards: SUCCESS, 16
num_played_games_for_player: SUCCESS, 22
add_player: FAILURE
remove_team: FAILURE
get_team_points: SUCCESS, 0
add_player: SUCCESS
get_ith_pointless_ability: SUCCESS, 25
num_played_games_for_player: SUCCESS, 22
get_partial_spirit: SUCCESS, 2,4,3,1,5
buy_team: SUCCESS
add_player: SUCCESS
add_team: FAILURE
add_player: SUCCESS
get_partial_spirit: FAILURE
add_player_cards: SUCCESS
get_player_cards: SUCCESS, 255
add_team: FAILURE
add_team: FAILURE
buy_team: SUCCESS
get_ith_pointless_ability: SUCCESS, 37
get_partial_spirit: FAILURE
remove_team: FAILURE
add_player: FAILURE
get_ith_pointless_ability: SUCCESS, 68
get_partial_spirit: SUCCESS, 1,2,3,4,5
add_team: FAILURE
add_player_cards: SUCCESS
get_player_cards: SUCCESS, 23
get_player_cards: SUCCESS, 357
remove_team: FAILURE
get_team_points: SUCCESS, 0
get_partial_spirit: SUCCESS, 2,1,3,5,4
play_match: SUCCESS, 3
remove_team: FAILURE
remove_team: FAILURE
add_player_cards: SUCCESS
add_player_cards: SUCCESS
remove_team: FAILURE
play_match: FAILURE
add_player_cards: SUCCESS
buy_team: SUCCESS
add_team: FAILURE
add_team: FAILURE
num_played_games_for_player: SUCCESS, 22
add_player_cards: SUCCESS
get_team_points: SUCCESS, 0
add_player: FAILURE
num_played_games_for_player: SUCCESS, 22
remove_team: FAILURE
get_team_points: FAILURE
remove_team: FAILURE
remove_team: FAILURE
get_team_points: SUCCESS, 0
num_played_games_for_player: SUCCESS, 22
get_player_cards: SUCCESS, 248
get_player_cards: SUCCESS, 64
get_team_points: SUCCESS, 0
add_player_cards: SUCCESS
add_player: SUCCESS
num_played_games_for_player: SUCCESS, 22
add_player: SUCCESS
buy_team: SUCCESS
play_match: SUCCESS, 1
get_ith_pointless_ability: FAILURE
get_partial_spirit: SUCCESS, 5,2,3,4,1
add_player: SUCCESS
remove_team: FAILURE
num_played_games_for_player: SUCCESS, 22
add_player: FAILURE
get_player_cards: SUCCESS, 220
get_partial_spirit: SUCCESS, 1,2,3,4,5
remove_team: FAILURE
buy_team: SUCCESS
get_team_points: SUCCESS, 0
add_player: FAILURE
buy_team: SUCCESS
num_played_games_for_player: SUCCESS, 22
get_player_cards: SUCCESS, 135
get_ith_pointless_ability: SUCCESS, 48
add_player: FAILURE
add_team: FAILURE
add_player_cards: SUCCESS
num_played_games_for_player: SUCCESS, 22
num_played_games_for_player: SUCCESS, 22
add_player: FAILURE
get_team_points: SUCCESS, 0
remove_team: FAILURE
add_player: FAILURE
remove_team: FAILURE
add_player: FAILURE
add_player_cards: SUCCESS
get_player_cards: SUCCESS, 160
buy_team: SUCCESS
add_team: FAILURE
remove_team: FAILURE
get_ith_pointless_ability: FAILURE
get_partial_spirit: SUCCESS, 1,2,3,4,5
add_team: FAILURE
add_player: FAILURE
add_team: FAILURE
add_player_cards: SUCCESS
add_team: FAILURE
get_team_points: SUCCESS, 0
add_player: FAILURE
get_team_points: SUCCESS, 0
get_team_points: SUCCESS, 0
buy_team: SUCCESS
add_team: FAILURE
add_player: FAILURE
get_player_cards: SUCCESS, 82
add_player: FAILURE
play_match: FAILURE
get_ith_pointless_ability: SUCCESS, 25
get_team_points: SUCCESS, 0
add_player: FAILURE
add_player: FAILURE
play_match: FAILURE
num_played_games_for_player: SUCCESS, 22
get_team_points: SUCCESS, 0
add_player: FAILURE
get_ith_pointless_ability: SUCCESS, 12
play_match: FAILURE
add_player: FAILURE
remove_team: FAILURE
add_player_cards: FAILURE
buy_team: SUCCESS
get_ith_pointless_ability: FAILURE
buy_team: SUCCESS
remove_team: FAILURE
num_played_games_for_player: SUCCESS, 22
buy_team: SUCCESS
add_player: FAILURE
add_player: FAILURE
get_player_cards: SUCCESS, 160
get_player_cards: SUCCESS, 194
num_played_games_for_player: SUCCESS, 22
get_ith_pointless_ability: SUCCESS, 95
buy_team: SUCCESS
get_player_cards: SUCCESS, 218
get_ith_pointless_ability: SUCCESS, 15
add_player: FAILURE
get_player_cards: SUCCESS, 217
get_team_points: SUCCESS, 0
num_played_games_for_player: SUCCESS, 22
add_player_cards: FAILURE
remove_team: FAILURE
add_player_cards: SUCCESS
remove_team: FAILURE
add_player_cards: SUCCESS
buy_team: SUCCESS
add_player: FAILURE
buy_team: SUCCESS
remove_team: FAILURE
num_played_games_for_player: SUCCESS, 22
get_player_cards: SUCCESS, 171
play_match: FAILURE
get_player_cards: SUCCESS, 124
add_team: SUCCESS
add_player: FAILURE
get_team_points: SUCCESS, 0
remove_team: FAILURE
get_partial_spirit: SUCCESS, 1,2,3,4,5
get_ith_pointless_ability: FAILURE
play_match: FAILURE
get_partial_spirit: SUCCESS, 5,4,1,3,2
add_team: FAILURE
num_played_games_for_player: SUCCESS, 22
num_played_games_for_player: SUCCESS, 22
get_player_cards: SUCCESS, 258
get_ith_pointless_ability: SUCCESS, 68
add_player_cards: SUCCESS
get_ith_pointless_ability: SUCCESS, 68
add_team: FAILURE
play_match: FAILURE
get_partial_spirit: SUCCESS, 1,2,3,4,5
get_partial_spirit: SUCCESS, 2,5,1,4,3
play_match: FAILURE
buy_team: SUCCESS
add_player_cards: SUCCESS
remove_team: FAILURE
get_team_points: SUCCESS, 0
add_team: FAILURE
get_player_cards: SUCCESS, 258
get_player_cards: SUCCESS, 327
play_match: FAILURE
buy_team: SUCCESS
get_partial_spirit: SUCCESS, 1,2,3,4,5
add_player: FAILURE
add_player: FAILURE
get_player_cards: SUCCESS, 80
play_match: SUCCESS, 1
num_played_games_for_player: SUCCESS, 22
get_partial_spirit: FAILURE
get_ith_pointless_ability: SUCCESS, 2
play_match: FAILURE
buy_team: SUCCESS
get_ith_pointless_ability: SUCCESS, 97
get_team_points: SUCCESS, 0
add_team: FAILURE
num_played_games_for_player: SUCCESS, 22
get_team_points: SUCCESS, 0
add_player: FAILURE
add_player: FAILURE
play_match: SUCCESS, 1
add_player_cards: FAILURE
play_match: SUCCESS, 1
get_team_points: SUCCESS, 0
get_team_points: SUCCESS, 0
add_player_cards: SUCCESS
get_ith_pointless_ability: SUCCESS, 44
get_partial_spirit: SUCCESS, 1,2,3,4,5
add_player: FAILURE
add_player: FAILURE
add_player: FAILURE
add_team: FAILURE
remove_team: FAILURE
add_player: FAILURE
add_player: FAILURE
buy_team: SUCCESS
add_player_cards: SUCCESS
add_player: FAILURE
add_player: FAILURE
add_player_cards: SUCCESS
add_team: FAILURE
add_player: FAILURE
add_player: FAILURE
remove_team: FAILURE
get_team_points: SUCCESS, 0
add_player: FAILURE
get_player_cards: SUCCESS, 165
add_player: FAILURE
get_partial_spirit: SUCCESS, 1,2,3,4,5
add_player: FAILURE
buy_team: SUCCESS
get_partial_spirit: FAILURE
buy_team: SUCCESS
add_player: FAILURE
add_player: FAILURE
get_ith_pointless_ability: FAILURE
add_team: FAILURE
get_partial_spirit: FAILURE
get_partial_spirit: SUCCESS, 2,1,3,5,4
num_played_games_for_player: SUCCESS, 22
add_team: FAILURE
add_player: FAILURE
get_team_points: FAILURE
remove_team: FAILURE
play_match: FAILURE
add_player: FAILURE
add_player_cards: FAILURE
get_team_points: SUCCESS, 6
add_player: FAILURE
get_ith_pointless_ability: SUCCESS, 21
remove_team: FAILURE
add_player: FAILURE
add_player: FAILURE
get_ith_pointless_ability: FAILURE
get_team_points: SUCCESS, 0
get_ith_pointless_ability: SUCCESS, 15
buy_team: SUCCESS
num_played_games_for_player: SUCCESS, 22
get_ith_pointless_ability: SUCCESS, 21
add_player: FAILURE
add_player: FAILURE
add_player: FAILURE
get_ith_pointless_ability: FAILURE
add_player: FAILURE
num_played_games_for_player: SUCCESS, 22
add_player: FAILURE
get_partial_spirit: SUCCESS, 1,2,5,4,3
num_played_games_for_player: SUCCESS, 22
remove_team: FAILURE
add_player: FAILURE
add_team: FAILURE
add_team: FAILURE
get_ith_pointless_ability: FAILURE
remove_team: FAILURE
add_player: FAILURE
play_match: FAILURE
buy_team: SUCCESS
get_team_points: FAILURE
remove_team: FAILURE
add_player_cards: SUCCESS
remove_team: FAILURE
buy_team: SUCCESS
num_played_games_for_player: SUCCESS, 22
add_player: FAILURE
get_partial_spirit: FAILURE
add_player: FAILURE
add_player: FAILURE
add_player: FAILURE
get_player_cards: SUCCESS, 80
add_player: FAILURE
add_player: FAILURE
get_ith_pointless_ability: SUCCESS, 71
add_player_cards: SUCCESS
get_ith_pointless_ability: SUCCESS, 1
get_partial_spirit: FAILURE
get_team_points: SUCCESS, 0
buy_team: SUCCESS
num_played_games_for_player: SUCCESS, 22
get_team_points: SUCCESS, 0
remove_team: FAILURE
remove_team: FAILURE
get_player_cards: SUCCESS, 379
remove_team: FAILURE
get_partial_spirit: SUCCESS, 4,2,3,5,1
buy_team: SUCCESS
get_ith_pointless_ability: SUCCESS, 93
num_played_games_for_player: SUCCESS, 22
add_player: FAILURE
get_ith_pointless_ability: SUCCESS, 44
add_player: FAILURE
add_player: FAILURE
num_played_games_for_player: SUCCESS, 22
add_player_cards: FAILURE
add_player_cards: SUCCESS
play_match: FAILURE
add_team: FAILURE
get_ith_pointless_ability: SUCCESS, 55
get_partial_spirit: SUCCESS, 2,4,3,1,5
get_player_cards: SUCCESS, 284
get_team_points: SUCCESS, 0
get_ith_pointless_ability: FAILURE
get_player_cards: SUCCESS, 185
add_player_cards: SUCCESS
add_team: FAILURE
play_match: FAILURE
add_player: FAILURE
add_player: FAILURE
add_player: FAILURE
get_player_cards: SUCCESS, 227
remove_team: FAILURE
get_partial_spirit: FAILURE
play_match: SUCCESS, 1
add_player: FAILURE
get_partial_spirit: FAILURE
add_player_cards: FAILURE
get_partial_spirit: SUCCESS, 4,3,2,1,5
play_match: FAILURE
add_player_cards: SUCCESS
buy_team: SUCCESS
get_ith_pointless_ability: SUCCESS, 94
buy_team: SUCCESS
add_player: FAILURE
add_player: FAILURE
add_player: FAILURE
add_player: FAILURE
add_player_cards: SUCCESS
get_ith_pointless_ability: SUCCESS, 80
get_player_cards: SUCCESS, 135
num_played_games_for_player: SUCCESS, 22
add_player: FAILURE
add_team: FAILURE
play_match: SUCCESS, 3
add_player: FAILURE
play_match: FAILURE
get_partial_spirit: SUCCESS, 5,1,2,4,3
add_player: FAILURE
get_player_cards: SUCCESS, 221
num_played_games_for_player: SUCCESS, 22
get_ith_pointless_ability: SUCCESS, 21
get_ith_pointless_ability: SUCCESS, 52
buy_team: SUCCESS
play_match: FAILURE
get_partial_spirit: SUCCESS, 1,2,3,4,5
get_player_cards: SUCCESS, 282
get_partial_spirit: SUCCESS, 3,4,1,5,2
get_partial_spirit: FAILURE
num_played_games_for_player: SUCCESS, 22
get_player_cards: SUCCESS, 53
add_player: FAILURE
get_partial_spirit: SUCCESS, 1,2,3,4,5
add_player_cards: SUCCESS
add_player: FAILURE
add_player: FAILURE
get_player_cards: SUCCESS, 111
add_player: FAILURE
add_player: FAILURE
play_match: FAILURE
get_partial_spirit: SUCCESS, 1,2,3,4,5
get_partial_spirit: FAILURE
num_played_games_for_player: SUCCESS, 22
add_player_cards: FAILURE
add_player: FAILURE
get_partial_spirit: SUCCESS, 3,4,2,1,5
get_player_cards: SUCCESS, 213
get_ith_pointless_ability: FAILURE
get_player_cards: SUCCESS, 14
add_player: FAILURE
add_player: FAILURE
add_player: FAILURE
add_player_cards: SUCCESS
remove_team: FAILURE
add_player: FAILURE
get_team_points: FAILURE
num_played_games_for_player: SUCCESS, 22
add_player: FAILURE
add_team: FAILURE
add_player: FAILURE
get_team_points: SUCCESS, 0
buy_team: SUCCESS
add_player: FAILURE
get_partial_spirit: SUCCESS, 1,2,3,4,5
num_played_games_for_player: SUCCESS, 22
get_team_points: SUCCESS, 0
add_player: FAILURE
remove_team: FAILURE
add_team: FAILURE
buy_team: SUCCESS
play_match: FAILURE
add_team: FAILURE
get_ith_pointless_ability: FAILURE
add_team: FAILURE
add_player: FAILURE
buy_team: SUCCESS
play_match: FAILURE
add_player: FAILURE
get_player_cards: SUCCESS, 288
play_match: FAILURE
get_ith_pointless_ability: SUCCESS, 55
remove_team: FAILURE
add_player: FAILURE
get_ith_pointless_ability: SUCCESS, 48
get_ith_pointless_ability: FAILURE
add_player: FAILURE
buy_team: SUCCESS
get_partial_spirit: SUCCESS, 1,2,3,4,5
get_player_cards: SUCCESS, 385
add_player_cards: SUCCESS
get_player_cards: SUCCESS, 155
add_player: FAILURE
add_player: FAILURE
add_player: FAILURE
add_player_cards: SUCCESS
get_partial_spirit: SUCCESS, 1,2,3,4,5
add_player: FAILURE
remove_team: FAILURE
remove_team: FAILURE
add_player: FAILURE
buy_team: SUCCESS
add_team: FAILURE
get_player_cards: SUCCESS, 20
num_played_games_for_player: SUCCESS, 22
get_team_points: SUCCESS, 0
get_partial_spirit: SUCCESS, 1,2,3,4,5
add_player: FAILURE
get_partial_spirit: FAILURE
get_team_points: SUCCESS, 0
buy_team: SUCCESS
get_team_points: SUCCESS, 0
get_team_points: SUCCESS, 0
add_player_cards: SUCCESS
add_player_cards: FAILURE
get_partial_spirit: SUCCESS, 5,1,4,3,2
add_player_cards: FAILURE
play_match: FAILURE
num_played_games_for_player: SUCCESS, 22
num_played_games_for_player: SUCCESS, 22
get_ith_pointless_ability: FAILURE
get_team_points: FAILURE
get_player_cards: SUCCESS, 283
get_team_points: SUCCESS, 0
num_played_games_for_player: SUCCESS, 22
add_player: FAILURE
buy_team: SUCCESS
remove_team: FAILURE
num_played_games_for_player: SUCCESS, 22
add_player: FAILURE
get_partial_spirit: SUCCESS, 4,3,1,5,2
add_player: FAILURE
play_match: FAILURE
add_player_cards: SUCCESS
add_player: FAILURE
add_player_cards: SUCCESS
add_player: FAILURE
buy_team: SUCCESS
add_player_cards: SUCCESS
get_ith_pointless_ability: SUCCESS, 2
add_player_cards: SUCCESS
get_team_points: SUCCESS, 0
add_player: FAILURE
get_partial_spirit: SUCCESS, 2,1,5,3,4
get_partial_spirit: FAILURE
buy_team: SUCCESS
add_player_cards: SUCCESS
add_team: FAILURE
remove_team: FAILURE
add_player: FAILURE
get_player_cards: SUCCESS, 258
add_player_cards: FAILURE
get_ith_pointless_ability: FAILURE
get_player_cards: SUCCESS, 150
get_team_points: FAILURE
add_player: FAILURE
remove_team: FAILURE
buy_team: SUCCESS
get_team_points: SUCCESS, 0
get_player_cards: SUCCESS, 24
get_team_points: SUCCESS, 0
play_match: FAILURE
get_team_points: SUCCESS, 0
play_match: FAILURE
get_player_cards: SUCCESS, 91
play_match: SUCCESS, 3
buy_team: SUCCESS
add_player: FAILURE
remove_team: FAILURE
play_match: FAILURE
get_team_points: SUCCESS, 0
get_ith_pointless_ability: SUCCESS, 71
get_player_cards: SUCCESS, 13
get_partial_spirit: FAILURE
get_partial_spirit: FAILURE
add_player: FAILURE
add_player_cards: FAILURE
add_player_cards: SUCCESS
get_ith_pointless_ability: SUCCESS, 80
play_match: FAILURE
add_player: FAILURE
remove_team: FAILURE
remove_team: FAILURE
add_player: FAILURE
buy_team: SUCCESS
add_player: FAILURE
buy_team: SUCCESS
get_partial_spirit: FAILURE
get_team_points: SUCCESS, 0
get_ith_pointless_ability: SUCCESS, 41
get_team_points: SUCCESS, 0
buy_team: SUCCESS
add_player: FAILURE
remove_team: FAILURE
num_played_games_for_player: SUCCESS, 22
get_ith_pointless_ability: SUCCESS, 67
get_team_points: FAILURE
num_played_games_for_player: SUCCESS, 22
add_team: FAILURE
add_team: FAILURE
num_played_games_for_player: SUCCESS, 22
add_player: FAILURE
get_player_cards: SUCCESS, 15
remove_team: FAILURE
get_ith_pointless_ability: SUCCESS, 60
get_team_points: SUCCESS, 6
add_player: FAILURE
get_team_points: FAILURE
add_player: FAILURE
add_player: FAILURE
add_team: FAILURE
get_partial_spirit: SUCCESS, 5,2,3,1,4
remove_team: FAILURE
play_match: FAILURE
add_player: FAILURE
add_player: FAILURE
add_player: FAILURE
num_played_games_for_player: SUCCESS, 22
play_match: FAILURE
get_team_points: SUCCESS, 0
add_player: FAILURE
add_player: FAILURE
num_played_games_for_player: SUCCESS, 22
get_team_points: FAILURE
buy_team: SUCCESS
get_partial_spirit: FAILURE
remove_team: FAILURE
add_player: FAILURE
add_player: FAILURE
get_team_points: FAILURE
add_player: FAILURE
add_player: FAILURE
get_partial_spirit: FAILURE
