add_team: SUCCESS
add_team: SUCCESS
add_team: SUCCESS
add_team: SUCCESS
add_team: SUCCESS
add_team: SUCCESS
add_team: SUCCESS
add_team: SUCCESS
add_team: SUCCESS
add_team: SUCCESS
add_team: SUCCESS
add_team: SUCCESS
add_team: SUCCESS
add_team: SUCCESS
add_team: SUCCESS
add_team: SUCCESS
add_team: SUCCESS
add_team: SUCCESS
add_team: SUCCESS
add_team: SUCCESS
add_team: SUCCESS
add_team: SUCCESS
add_team: SUCCESS
add_team: SUCCESS
add_team: SUCCESS
add_team: SUCCESS
add_team: SUCCESS
add_team: SUCCESS
add_team: SUCCESS
add_team: SUCCESS
add_team: SUCCESS
add_team: SUCCESS
add_team: SUCCESS
add_team: SUCCESS
add_team: SUCCESS
add_team: SUCCESS
add_team: SUCCESS
add_team: SUCCESS
add_team: SUCCESS
add_team: SUCCESS
add_team: SUCCESS
add_team: SUCCESS
add_team: SUCCESS
add_team: SUCCESS
add_team: SUCCESS
add_team: SUCCESS
add_team: SUCCESS
add_team: SUCCESS
add_team: SUCCESS
add_team: SUCCESS
add_team: SUCCESS
add_team: SUCCESS
add_team: SUCCESS
add_team: SUCCESS
add_team: SUCCESS
add_team: SUCCESS
add_team: SUCCESS
add_team: SUCCESS
add_team: SUCCESS
add_team: SUCCESS
add_team: SUCCESS
add_team: SUCCESS
add_team: SUCCESS
add_team: SUCCESS
add_team: SUCCESS
add_team: SUCCESS
add_team: SUCCESS
add_team: SUCCESS
add_team: SUCCESS
add_team: SUCCESS
add_team: SUCCESS
add_team: SUCCESS
add_team: SUCCESS
add_team: SUCCESS
add_team: SUCCESS
add_team: SUCCESS
add_team: SUCCESS
add_team: SUCCESS
add_team: SUCCESS
add_team: SUCCESS
add_team: SUCCESS
add_team: SUCCESS
add_team: SUCCESS
add_team: SUCCESS
add_team: SUCCESS
add_team: SUCCESS
add_team: SUCCESS
add_team: SUCCESS
add_team: SUCCESS
add_team: SUCCESS
add_team: SUCCESS
add_team: SUCCESS
add_team: SUCCESS
add_team: SUCCESS
add_team: SUCCESS
add_team: SUCCESS
add_team: SUCCESS
add_team: SUCCESS
add_team: SUCCESS
add_team: SUCCESS
add_player: SUCCESS
add_player: SUCCESS
add_player: SUCCESS
add_player: SUCCESS
add_player: SUCCESS
add_player: SUCCESS
add_player: SUCCESS
add_player: SUCCESS
add_player: SUCCESS
add_player: SUCCESS
add_player: SUCCESS
add_player: SUCCESS
add_player: SUCCESS
add_player: SUCCESS
add_player: SUCCESS
add_player: SUCCESS
add_player: SUCCESS
add_player: SUCCESS
add_player: SUCCESS
add_player: SUCCESS
add_player: SUCCESS
add_player: SUCCESS
add_player: SUCCESS
add_player: SUCCESS
add_player: SUCCESS
add_player: SUCCESS
add_player: SUCCESS
add_player: SUCCESS
add_player: SUCCESS
add_player: SUCCESS
add_player: SUCCESS
add_player: SUCCESS
add_player: SUCCESS
add_player: SUCCESS
add_player: SUCCESS
add_player: SUCCESS
add_player: SUCCESS
add_player: SUCCESS
add_player: SUCCESS
add_player: SUCCESS
add_player: SUCCESS
add_player: SUCCESS
add_player: SUCCESS
add_player: SUCCESS
add_player: SUCCESS
add_player: SUCCESS
add_player: SUCCESS
add_player: SUCCESS
add_player: SUCCESS
add_player: SUCCESS
add_player: SUCCESS
add_player: SUCCESS
add_player: SUCCESS
add_player: SUCCESS
add_player: SUCCESS
add_player: SUCCESS
add_player: SUCCESS
add_player: SUCCESS
add_player: SUCCESS
add_player: SUCCESS
add_player: SUCCESS
add_player: SUCCESS
add_player: SUCCESS
add_player: SUCCESS
add_player: SUCCESS
add_player: SUCCESS
add_player: SUCCESS
add_player: SUCCESS
add_player: SUCCESS
add_player: SUCCESS
add_player: SUCCESS
add_player: SUCCESS
add_player: SUCCESS
add_player: SUCCESS
add_player: SUCCESS
add_player: SUCCESS
add_player: SUCCESS
add_player: SUCCESS
add_player: SUCCESS
add_player: SUCCESS
add_player: SUCCESS
add_player: SUCCESS
add_player: SUCCESS
add_player: SUCCESS
add_player: SUCCESS
add_player: SUCCESS
add_player: SUCCESS
add_player: SUCCESS
add_player: SUCCESS
add_player: SUCCESS
add_player: SUCCESS
add_player: SUCCESS
add_player: SUCCESS
add_player: SUCCESS
add_player: SUCCESS
add_player: SUCCESS
add_player: SUCCESS
add_player: SUCCESS
add_player: SUCCESS
add_player: SUCCESS
get_team_points: SUCCESS, 0
get_ith_pointless_ability: FAILURE
add_team: SUCCESS
add_player: SUCCESS
get_partial_spirit: SUCCESS, 1,2,3,4,5
add_player: SUCCESS
buy_team: SUCCESS
add_team: FAILURE
add_player: SUCCESS
num_played_games_for_player: SUCCESS, 22
buy_team: SUCCESS
get_team_points: SUCCESS, 0
add_team: FAILURE
get_player_cards: SUCCESS, 46
add_player: SUCCESS
add_player_cards: SUCCESS
add_team: FAILURE
get_player_cards: SUCCESS, 102
num_played_games_for_player: SUCCESS, 22
add_player: SUCCESS
add_team: FAILURE
add_player_cards: SUCCESS
get_partial_spirit: SUCCESS, 3,1,4,5,2
get_ith_pointless_ability: SUCCESS, 74
get_ith_pointless_ability: SUCCESS, 67
add_player: SUCCESS
buy_team: SUCCESS
num_played_games_for_player: SUCCESS, 22
buy_team: SUCCESS
add_player: SUCCESS
add_player: SUCCESS
add_player: SUCCESS
add_player_cards: SUCCESS
play_match: FAILURE
buy_team: SUCCESS
get_ith_pointless_ability: FAILURE
play_match: SUCCESS, 3
get_player_cards: SUCCESS, 123
add_player: SUCCESS
get_team_points: SUCCESS, 0
play_match: FAILURE
remove_team: FAILURE
add_player_cards: SUCCESS
get_team_points: SUCCESS, 0
get_player_cards: SUCCESS, 265
get_ith_pointless_ability: SUCCESS, 1
get_partial_spirit: SUCCESS, 1,2,3,4,5
add_player: SUCCESS
add_player_cards: SUCCESS
num_played_games_for_player: SUCCESS, 22
remove_team: FAILURE
add_player: SUCCESS
add_player: SUCCESS
add_player_cards: SUCCESS
play_match: SUCCESS, 3
get_ith_pointless_ability: SUCCESS, 84
add_player_cards: SUCCESS
add_player_cards: SUCCESS
add_player: SUCCESS
get_partial_spirit: SUCCESS, 2,4,3,5,1
get_ith_pointless_ability: FAILURE
remove_team: FAILURE
num_played_games_for_player: SUCCESS, 22
add_player: SUCCESS
add_player_cards: SUCCESS
get_ith_pointless_ability: SUCCESS, 80
add_team: FAILURE
get_ith_pointless_ability: SUCCESS, 70
add_team: FAILURE
add_player: SUCCESS
add_player: SUCCESS
play_match: SUCCESS, 1
num_played_games_for_player: SUCCESS, 22
add_player: SUCCESS
add_player_cards: SUCCESS
play_match: FAILURE
get_team_points: SUCCESS, 0
remove_team: FAILURE
remove_team: FAILURE
num_played_games_for_player: SUCCESS, 22
add_player: SUCCESS
get_team_points: SUCCESS, 0
remove_team: FAILURE
add_player_cards: SUCCESS
remove_team: FAILURE
add_player: SUCCESS
remove_team: FAILURE
add_player: SUCCESS
num_played_games_for_player: SUCCESS, 22
get_player_cards: SUCCESS, 99
get_partial_spirit: SUCCESS, 1,2,3,4,5
add_player: SUCCESS
remove_team: FAILURE
add_team: FAILURE
add_player_cards: SUCCESS
get_ith_pointless_ability: FAILURE
add_player: SUCCESS
play_match: FAILURE
get_player_cards: SUCCESS, 306
buy_team: SUCCESS
buy_team: SUCCESS
get_team_points: SUCCESS, 0
add_team: FAILURE
add_player: SUCCESS
add_player: SUCCESS
play_match: SUCCESS, 3
get_player_cards: SUCCESS, 252
get_team_points: SUCCESS, 0
get_ith_pointless_ability: SUCCESS, 76
add_team: FAILURE
get_team_points: SUCCESS, 0
get_ith_pointless_ability: SUCCESS, 89
get_partial_spirit: SUCCESS, 3,2,4,5,1
add_team: FAILURE
get_partial_spirit: SUCCESS, 2,5,1,4,3
add_player_cards: SUCCESS
add_player: SUCCESS
num_played_games_for_player: SUCCESS, 22
get_ith_pointless_ability: FAILURE
play_match: FAILURE
add_player_cards: SUCCESS
add_team: FAILURE
get_ith_pointless_ability: SUCCESS, 42
get_partial_spirit: SUCCESS, 1,2,3,4,5
get_ith_pointless_ability: SUCCESS, 46
num_played_games_for_player: SUCCESS, 22
add_team: FAILURE
get_team_points: SUCCESS, 0
add_player: SUCCESS
add_team: FAILURE
get_partial_spirit: SUCCESS, 4,3,5,2,1
get_team_points: SUCCESS, 0
buy_team: SUCCESS
add_player: SUCCESS
num_played_games_for_player: SUCCESS, 22
buy_team: SUCCESS
remove_team: FAILURE
get_ith_pointless_ability: SUCCESS, 42
play_match: SUCCESS, 3
remove_team: FAILURE
get_ith_pointless_ability: SUCCESS, 24
add_player: SUCCESS
add_player: SUCCESS
add_player: SUCCESS
add_team: FAILURE
get_partial_spirit: SUCCESS, 1,2,3,4,5
get_team_points: SUCCESS, 0
get_partial_spirit: SUCCESS, 1,2,3,4,5
num_played_games_for_player: SUCCESS, 22
add_player: SUCCESS
add_player: FAILURE
num_played_games_for_player: SUCCESS, 22
buy_team: SUCCESS
add_player_cards: SUCCESS
num_played_games_for_player: SUCCESS, 22
get_partial_spirit: SUCCESS, 1,3,4,2,5
get_ith_pointless_ability: SUCCESS, 20
add_player: SUCCESS
add_player: FAILURE
add_player: SUCCESS
num_played_games_for_player: SUCCESS, 22
play_match: FAILURE
buy_team: SUCCESS
buy_team: SUCCESS
get_team_points: SUCCESS, 0
add_player: SUCCESS
add_player: SUCCESS
add_player: SUCCESS
add_player: SUCCESS
get_partial_spirit: SUCCESS, 1,2,3,4,5
get_partial_spirit: SUCCESS, 5,3,2,4,1
add_team: FAILURE
remove_team: FAILURE
get_ith_pointless_ability: SUCCESS, 17
num_played_games_for_player: SUCCESS, 22
add_player_cards: SUCCESS
get_ith_pointless_ability: FAILURE
get_partial_spirit: SUCCESS, 5,3,2,4,1
play_match: FAILURE
add_player: SUCCESS
add_player: SUCCESS
get_team_points: SUCCESS, 0
buy_team: SUCCESS
get_player_cards: SUCCESS, 71
add_team: FAILURE
get_team_points: SUCCESS, 0
add_player_cards: SUCCESS
buy_team: SUCCESS
add_player: SUCCESS
add_team: FAILURE
add_player_cards: SUCCESS
add_player: SUCCESS
add_player: SUCCESS
get_team_points: SUCCESS, 0
buy_team: SUCCESS
remove_team: FAILURE
get_ith_pointless_ability: SUCCESS, 84
add_team: FAILURE
get_player_cards: SUCCESS, 152
add_player: FAILURE
add_player: SUCCESS
add_player: SUCCESS
buy_team: SUCCESS
get_partial_spirit: SUCCESS, 1,2,3,4,5
add_player_cards: SUCCESS
buy_team: SUCCESS
remove_team: FAILURE
get_ith_pointless_ability: FAILURE
get_team_points: SUCCESS, 0
add_team: FAILURE
get_ith_pointless_ability: SUCCESS, 11
play_match: FAILURE
get_player_cards: SUCCESS, 208
remove_team: FAILURE
add_team: FAILURE
get_player_cards: SUCCESS, 73
get_ith_pointless_ability: SUCCESS, 35
add_player: SUCCESS
get_ith_pointless_ability: SUCCESS, 44
remove_team: FAILURE
num_played_games_for_player: SUCCESS, 22
add_player_cards: SUCCESS
play_match: SUCCESS, 3
add_player: SUCCESS
get_player_cards: SUCCESS, 385
add_player_cards: SUCCESS
num_played_games_for_player: SUCCESS, 22
get_player_cards: SUCCESS, 286
add_team: SUCCESS
get_ith_pointless_ability: FAILURE
add_player: SUCCESS
get_ith_pointless_ability: FAILURE
get_partial_spirit: SUCCESS, 1,3,4,2,5
add_team: FAILURE
add_player: FAILURE
num_played_games_for_player: SUCCESS, 22
num_played_games_for_player: SUCCESS, 22
num_played_games_for_player: SUCCESS, 22
play_match: FAILURE
add_player: SUCCESS
play_match: FAILURE
get_player_cards: SUCCESS, 102
get_ith_pointless_ability: FAILURE
add_player: SUCCESS
buy_team: SUCCESS
play_match: SUCCESS, 3
get_ith_pointless_ability: SUCCESS, 45
add_player: SUCCESS
add_player: SUCCESS
add_player: SUCCESS
num_played_games_for_player: SUCCESS, 22
get_player_cards: SUCCESS, 285
play_match: FAILURE
get_player_cards: SUCCESS, 276
get_partial_spirit: SUCCESS, 1,2,3,4,5
get_ith_pointless_ability: SUCCESS, 67
get_partial_spirit: SUCCESS, 1,2,3,4,5
add_player: SUCCESS
remove_team: FAILURE
remove_team: FAILURE
add_player_cards: FAILURE
remove_team: FAILURE
get_player_cards: SUCCESS, 111
add_player_cards: SUCCESS
get_team_points: SUCCESS, 0
buy_team: SUCCESS
add_team: FAILURE
play_match: SUCCESS, 1
get_team_points: SUCCESS, 0
num_played_games_for_player: SUCCESS, 22
add_player: SUCCESS
get_ith_pointless_ability: SUCCESS, 93
add_team: FAILURE
get_partial_spirit: SUCCESS, 3,2,5,1,4
add_team: FAILURE
add_player: FAILURE
buy_team: SUCCESS
add_team: FAILURE
remove_team: FAILURE
add_player: SUCCESS
get_team_points: SUCCESS, 0
buy_team: SUCCESS
get_team_points: SUCCESS, 0
add_player_cards: SUCCESS
get_player_cards: SUCCESS, 123
get_ith_pointless_ability: FAILURE
num_played_games_for_player: SUCCESS, 22
get_ith_pointless_ability: SUCCESS, 10
remove_team: FAILURE
get_player_cards: SUCCESS, 76
buy_team: SUCCESS
num_played_games_for_player: SUCCESS, 22
add_player_cards: SUCCESS
get_partial_spirit: SUCCESS, 1,2,3,4,5
get_partial_spirit: SUCCESS, 1,2,3,4,5
add_player: SUCCESS
get_player_cards: SUCCESS, 134
get_team_points: SUCCESS, 0
get_ith_pointless_ability: SUCCESS, 69
play_match: FAILURE
add_player: SUCCESS
add_player: SUCCESS
add_team: FAILURE
add_player: SUCCESS
get_team_points: SUCCESS, 3
get_player_cards: SUCCESS, 239
remove_team: FAILURE
add_player: SUCCESS
play_match: FAILURE
num_played_games_for_player: SUCCESS, 22
get_ith_pointless_ability: FAILURE
remove_team: FAILURE
add_player: SUCCESS
get_ith_pointless_ability: SUCCESS, 14
get_player_cards: SUCCESS, 59
add_player: FAILURE
add_player: SUCCESS
remove_team: FAILURE
add_team: FAILURE
get_player_cards: SUCCESS, 242
get_team_points: SUCCESS, 0
add_player: SUCCESS
buy_team: SUCCESS
add_player: SUCCESS
num_played_games_for_player: SUCCESS, 22
remove_team: FAILURE
add_player: SUCCESS
play_match: SUCCESS, 3
add_team: FAILURE
add_player: SUCCESS
add_player: FAILURE
buy_team: SUCCESS
add_player: SUCCESS
add_player: SUCCESS
add_player: SUCCESS
add_team: FAILURE
get_ith_pointless_ability: SUCCESS, 96
get_partial_spirit: SUCCESS, 1,2,3,4,5
add_player: FAILURE
get_team_points: SUCCESS, 3
get_ith_pointless_ability: SUCCESS, 63
get_team_points: SUCCESS, 0
get_ith_pointless_ability: FAILURE
remove_team: FAILURE
get_player_cards: SUCCESS, 55
get_partial_spirit: SUCCESS, 1,2,3,4,5
get_ith_pointless_ability: SUCCESS, 69
add_player: SUCCESS
play_match: FAILURE
add_player_cards: SUCCESS
add_player: FAILURE
get_player_cards: SUCCESS, 7
add_team: FAILURE
add_player_cards: SUCCESS
num_played_games_for_player: SUCCESS, 22
buy_team: SUCCESS
get_team_points: SUCCESS, 0
add_player: FAILURE
get_partial_spirit: SUCCESS, 1,2,4,3,5
add_player: SUCCESS
get_partial_spirit: SUCCESS, 3,4,5,1,2
get_player_cards: SUCCESS, 65
add_player_cards: SUCCESS
add_player: SUCCESS
num_played_games_for_player: SUCCESS, 22
get_ith_pointless_ability: SUCCESS, 79
num_played_games_for_player: SUCCESS, 22
get_team_points: SUCCESS, 0
add_player: SUCCESS
get_player_cards: SUCCESS, 271
add_player: SUCCESS
get_team_points: SUCCESS, 0
remove_team: FAILURE
num_played_games_for_player: SUCCESS, 22
add_player: SUCCESS
add_player_cards: SUCCESS
add_player: SUCCESS
get_team_points: SUCCESS, 0
play_match: SUCCESS, 1
num_played_games_for_player: SUCCESS, 22
get_ith_pointless_ability: SUCCESS, 70
get_ith_pointless_ability: SUCCESS, 69
add_player: FAILURE
get_ith_pointless_ability: SUCCESS, 65
get_team_points: SUCCESS, 0
play_match: SUCCESS, 3
get_ith_pointless_ability: FAILURE
add_team: FAILURE
play_match: SUCCESS, 3
add_player: SUCCESS
get_partial_spirit: SUCCESS, 1,2,3,4,5
get_partial_spirit: SUCCESS, 1,2,3,4,5
get_ith_pointless_ability: SUCCESS, 40
get_player_cards: SUCCESS, 249
add_player: FAILURE
add_team: FAILURE
get_ith_pointless_ability: SUCCESS, 60
add_player: FAILURE
play_match: FAILURE
add_player: SUCCESS
get_ith_pointless_ability: SUCCESS, 74
get_player_cards: SUCCESS, 459
add_player: SUCCESS
get_player_cards: SUCCESS, 233
num_played_games_for_player: SUCCESS, 22
add_team: FAILURE
get_player_cards: SUCCESS, 152
remove_team: FAILURE
play_match: FAILURE
remove_team: FAILURE
add_player_cards: SUCCESS
add_team: FAILURE
buy_team: SUCCESS
add_player: SUCCESS
play_match: SUCCESS, 1
add_player_cards: SUCCESS
buy_team: SUCCESS
get_ith_pointless_ability: SUCCESS, 9
get_player_cards: SUCCESS, 204
add_player: FAILURE
get_partial_spirit: SUCCESS, 1,2,3,4,5
get_player_cards: SUCCESS, 123
remove_team: FAILURE
add_player: SUCCESS
add_player: FAILURE
buy_team: SUCCESS
buy_team: SUCCESS
get_ith_pointless_ability: SUCCESS, 9
remove_team: FAILURE
get_partial_spirit: SUCCESS, 3,2,5,1,4
add_player: SUCCESS
add_player: SUCCESS
add_player: SUCCESS
get_partial_spirit: SUCCESS, 1,2,3,4,5
get_ith_pointless_ability: SUCCESS, 96
add_player: FAILURE
num_played_games_for_player: SUCCESS, 22
get_player_cards: SUCCESS, 152
get_player_cards: SUCCESS, 348
buy_team: SUCCESS
add_player_cards: SUCCESS
add_player_cards: SUCCESS
get_team_points: SUCCESS, 0
get_team_points: SUCCESS, 0
add_player: FAILURE
get_player_cards: SUCCESS, 91
get_ith_pointless_ability: SUCCESS, 59
add_player_cards: SUCCESS
add_team: FAILURE
add_team: FAILURE
remove_team: FAILURE
play_match: SUCCESS, 1
remove_team: FAILURE
get_player_cards: SUCCESS, 273
add_player: SUCCESS
remove_team: FAILURE
remove_team: FAILURE
get_partial_spirit: SUCCESS, 1,2,3,4,5
get_player_cards: SUCCESS, 180
get_partial_spirit: SUCCESS, 1,2,3,4,5
get_ith_pointless_ability: SUCCESS, 35
add_team: FAILURE
add_player: SUCCESS
get_player_cards: SUCCESS, 265
add_player: SUCCESS
get_partial_spirit: SUCCESS, 1,2,3,4,5
add_player: FAILURE
get_ith_pointless_ability: SUCCESS, 3
buy_team: SUCCESS
get_ith_pointless_ability: SUCCESS, 46
add_player: SUCCESS
get_partial_spirit: SUCCESS, 3,1,2,4,5
buy_team: SUCCESS
add_player: FAILURE
remove_team: FAILURE
num_played_games_for_player: SUCCESS, 22
add_player_cards: SUCCESS
num_played_games_for_player: SUCCESS, 22
get_player_cards: SUCCESS, 32
add_team: FAILURE
add_player: FAILURE
get_ith_pointless_ability: SUCCESS, 7
num_played_games_for_player: SUCCESS, 22
add_team: FAILURE
add_player: FAILURE
add_player: SUCCESS
remove_team: FAILURE
get_partial_spirit: SUCCESS, 1,2,3,4,5
add_player: FAILURE
num_played_games_for_player: SUCCESS, 22
get_ith_pointless_ability: SUCCESS, 19
add_team: FAILURE
remove_team: FAILURE
get_partial_spirit: SUCCESS, 1,2,3,4,5
add_player: SUCCESS
get_partial_spirit: SUCCESS, 1,2,3,4,5
play_match: FAILURE
get_ith_pointless_ability: SUCCESS, 42
add_player: SUCCESS
get_team_points: FAILURE
get_player_cards: SUCCESS, 267
get_team_points: SUCCESS, 0
get_team_points: SUCCESS, 3
add_player: FAILURE
add_team: FAILURE
get_player_cards: SUCCESS, 177
get_player_cards: SUCCESS, 221
add_player: SUCCESS
play_match: SUCCESS, 3
get_team_points: SUCCESS, 0
get_team_points: SUCCESS, 0
buy_team: SUCCESS
remove_team: FAILURE
add_player_cards: SUCCESS
add_player: FAILURE
get_player_cards: SUCCESS, 65
get_player_cards: SUCCESS, 73
get_ith_pointless_ability: SUCCESS, 70
add_player: SUCCESS
get_player_cards: SUCCESS, 219
get_partial_spirit: SUCCESS, 3,4,2,5,1
play_match: FAILURE
add_player_cards: SUCCESS
add_team: FAILURE
get_partial_spirit: SUCCESS, 4,2,5,1,3
num_played_games_for_player: SUCCESS, 22
get_team_points: SUCCESS, 0
add_player: FAILURE
get_ith_pointless_ability: SUCCESS, 3
remove_team: FAILURE
buy_team: SUCCESS
add_player_cards: FAILURE
play_match: FAILURE
add_player: SUCCESS
add_player: SUCCESS
get_team_points: SUCCESS, 0
buy_team: SUCCESS
get_team_points: SUCCESS, 0
buy_team: SUCCESS
get_partial_spirit: SUCCESS, 1,2,3,4,5
play_match: FAILURE
get_team_points: SUCCESS, 0
add_team: FAILURE
num_played_games_for_player: SUCCESS, 22
add_player: SUCCESS
get_player_cards: SUCCESS, 62
num_played_games_for_player: SUCCESS, 22
get_team_points: SUCCESS, 0
get_player_cards: SUCCESS, 221
remove_team: FAILURE
get_partial_spirit: SUCCESS, 3,2,4,5,1
get_team_points: SUCCESS, 0
num_played_games_for_player: SUCCESS, 22
add_player_cards: SUCCESS
get_ith_pointless_ability: SUCCESS, 53
remove_team: FAILURE
get_team_points: SUCCESS, 0
add_player: FAILURE
remove_team: FAILURE
num_played_games_for_player: SUCCESS, 22
add_player: SUCCESS
get_team_points: SUCCESS, 0
add_player_cards: SUCCESS
get_partial_spirit: SUCCESS, 1,2,3,4,5
add_player: FAILURE
remove_team: FAILURE
add_team: FAILURE
num_played_games_for_player: SUCCESS, 22
get_player_cards: SUCCESS, 284
add_player_cards: SUCCESS
num_played_games_for_player: SUCCESS, 22
add_player: SUCCESS
add_player: SUCCESS
add_player: SUCCESS
add_team: FAILURE
add_player: FAILURE
play_match: SUCCESS, 1
remove_team: FAILURE
buy_team: SUCCESS
add_player_cards: SUCCESS
get_partial_spirit: SUCCESS, 4,2,1,5,3
add_player: FAILURE
get_player_cards: SUCCESS, 284
buy_team: SUCCESS
remove_team: FAILURE
remove_team: FAILURE
add_player: FAILURE
add_player_cards: FAILURE
play_match: SUCCESS, 3
get_ith_pointless_ability: SUCCESS, 60
add_team: FAILURE
add_team: FAILURE
add_player_cards: FAILURE
add_team: FAILURE
add_player: FAILURE
add_team: FAILURE
get_player_cards: SUCCESS, 85
add_team: FAILURE
add_player: SUCCESS
remove_team: FAILURE
add_player_cards: FAILURE
get_partial_spirit: SUCCESS, 4,2,1,5,3
play_match: SUCCESS, 3
get_ith_pointless_ability: SUCCESS, 6
num_played_games_for_player: SUCCESS, 22
add_player: SUCCESS
play_match: SUCCESS, 1
add_player_cards: SUCCESS
get_ith_pointless_ability: SUCCESS, 63
add_player: SUCCESS
buy_team: SUCCESS
add_player: SUCCESS
num_played_games_for_player: SUCCESS, 22
remove_team: FAILURE
add_player: SUCCESS
play_match: FAILURE
play_match: SUCCESS, 3
add_player_cards: SUCCESS
add_team: FAILURE
add_player_cards: SUCCESS
add_player: SUCCESS
remove_team: FAILURE
add_player: SUCCESS
add_player: FAILURE
get_player_cards: SUCCESS, 57
get_partial_spirit: SUCCESS, 1,2,3,4,5
add_player: SUCCESS
num_played_games_for_player: SUCCESS, 22
add_team: FAILURE
play_match: FAILURE
num_played_games_for_player: SUCCESS, 22
buy_team: SUCCESS
add_player: FAILURE
add_player_cards: SUCCESS
get_ith_pointless_ability: SUCCESS, 8
add_player: SUCCESS
remove_team: FAILURE
add_player: SUCCESS
add_player_cards: SUCCESS
add_team: FAILURE
add_player: SUCCESS
get_partial_spirit: SUCCESS, 1,2,3,4,5
add_player_cards: FAILURE
add_player_cards: SUCCESS
buy_team: SUCCESS
play_match: FAILURE
play_match: SUCCESS, 1
get_team_points: SUCCESS, 0
add_player: SUCCESS
get_player_cards: SUCCESS, 99
get_ith_pointless_ability: FAILURE
num_played_games_for_player: SUCCESS, 22
get_player_cards: SUCCESS, 129
play_match: FAILURE
get_team_points: SUCCESS, 3
add_player: SUCCESS
get_partial_spirit: SUCCESS, 4,2,1,3,5
add_player: SUCCESS
add_player: SUCCESS
buy_team: SUCCESS
get_team_points: SUCCESS, 0
add_player_cards: SUCCESS
add_team: FAILURE
buy_team: SUCCESS
get_team_points: SUCCESS, 3
buy_team: SUCCESS
add_player: SUCCESS
play_match: SUCCESS, 1
num_played_games_for_player: SUCCESS, 22
add_team: FAILURE
get_player_cards: SUCCESS, 293
get_ith_pointless_ability: SUCCESS, 37
add_player_cards: SUCCESS
get_partial_spirit: SUCCESS, 5,2,3,1,4
num_played_games_for_player: SUCCESS, 22
num_played_games_for_player: SUCCESS, 22
add_team: FAILURE
num_played_games_for_player: SUCCESS, 22
get_player_cards: SUCCESS, 725
add_player_cards: SUCCESS
buy_team: SUCCESS
play_match: SUCCESS, 1
remove_team: FAILURE
get_player_cards: SUCCESS, 71
add_player_cards: SUCCESS
play_match: SUCCESS, 1
add_player: FAILURE
add_player: FAILURE
get_player_cards: SUCCESS, 144
add_player: FAILURE
add_player: SUCCESS
get_player_cards: SUCCESS, 111
add_player: SUCCESS
get_player_cards: SUCCESS, 154
add_player_cards: SUCCESS
get_team_points: SUCCESS, 0
buy_team: SUCCESS
add_player: SUCCESS
add_player: SUCCESS
get_ith_pointless_ability: SUCCESS, 75
remove_team: FAILURE
get_ith_pointless_ability: SUCCESS, 32
add_player: FAILURE
remove_team: FAILURE
play_match: FAILURE
play_match: SUCCESS, 1
add_player: FAILURE
get_partial_spirit: SUCCESS, 1,2,3,4,5
add_team: FAILURE
add_player: SUCCESS
add_player_cards: SUCCESS
add_team: FAILURE
add_player: FAILURE
add_player: FAILURE
get_partial_spirit: SUCCESS, 5,4,3,1,2
get_team_points: SUCCESS, 12
get_player_cards: SUCCESS, 283
get_partial_spirit: SUCCESS, 1,2,3,4,5
get_team_points: SUCCESS, 0
add_player_cards: FAILURE
play_match: SUCCESS, 1
num_played_games_for_player: SUCCESS, 22
get_ith_pointless_ability: SUCCESS, 70
play_match: SUCCESS, 3
add_player: FAILURE
add_player: SUCCESS
get_partial_spirit: FAILURE
play_match: SUCCESS, 1
get_partial_spirit: SUCCESS, 5,2,1,3,4
get_player_cards: SUCCESS, 221
get_player_cards: SUCCESS, 99
add_player_cards: SUCCESS
num_played_games_for_player: SUCCESS, 22
add_player_cards: SUCCESS
add_team: FAILURE
buy_team: SUCCESS
get_partial_spirit: SUCCESS, 1,2,3,4,5
num_played_games_for_player: SUCCESS, 22
get_partial_spirit: SUCCESS, 1,2,3,4,5
get_partial_spirit: SUCCESS, 1,3,4,5,2
get_partial_spirit: SUCCESS, 1,2,3,4,5
add_player_cards: SUCCESS
get_team_points: SUCCESS, 0
play_match: SUCCESS, 3
remove_team: FAILURE
add_team: FAILURE
remove_team: FAILURE
get_team_points: SUCCESS, 3
add_player: SUCCESS
get_player_cards: SUCCESS, 273
get_player_cards: SUCCESS, 59
add_player_cards: SUCCESS
num_played_games_for_player: SUCCESS, 22
add_player_cards: SUCCESS
add_player: FAILURE
add_player: SUCCESS
get_ith_pointless_ability: SUCCESS, 84
get_ith_pointless_ability: FAILURE
get_team_points: SUCCESS, 12
add_player: SUCCESS
add_team: FAILURE
add_player: SUCCESS
get_player_cards: SUCCESS, 85
get_player_cards: SUCCESS, 167
get_partial_spirit: SUCCESS, 4,1,5,3,2
add_player_cards: SUCCESS
add_team: FAILURE
add_player: FAILURE
add_player: SUCCESS
add_player: SUCCESS
play_match: SUCCESS, 3
add_player: FAILURE
add_player: FAILURE
num_played_games_for_player: SUCCESS, 22
add_player: SUCCESS
get_partial_spirit: SUCCESS, 5,1,4,2,3
add_team: FAILURE
get_team_points: SUCCESS, 0
get_player_cards: SUCCESS, 137
get_player_cards: SUCCESS, 155
get_ith_pointless_ability: SUCCESS, 67
add_player: FAILURE
buy_team: SUCCESS
get_partial_spirit: SUCCESS, 1,2,3,4,5
buy_team: SUCCESS
get_partial_spirit: FAILURE
buy_team: SUCCESS
buy_team: SUCCESS
get_partial_spirit: SUCCESS, 1,2,3,4,5
add_player: FAILURE
add_player: SUCCESS
add_team: FAILURE
remove_team: FAILURE
add_team: FAILURE
get_partial_spirit: SUCCESS, 4,2,1,5,3
add_team: FAILURE
play_match: SUCCESS, 1
get_player_cards: SUCCESS, 498
remove_team: FAILURE
get_partial_spirit: SUCCESS, 4,3,5,1,2
get_ith_pointless_ability: SUCCESS, 47
add_player_cards: SUCCESS
get_team_points: SUCCESS, 12
add_player_cards: SUCCESS
get_ith_pointless_ability: SUCCESS, 6
get_partial_spirit: SUCCESS, 5,2,3,1,4
buy_team: SUCCESS
add_player: SUCCESS
get_partial_spirit: SUCCESS, 1,2,3,4,5
buy_team: SUCCESS
get_team_points: SUCCESS, 12
add_player: SUCCESS
get_team_points: SUCCESS, 6
get_team_points: SUCCESS, 0
get_partial_spirit: SUCCESS, 4,3,5,1,2
add_player: SUCCESS
buy_team: SUCCESS
get_partial_spirit: SUCCESS, 4,3,1,2,5
play_match: SUCCESS, 3
get_ith_pointless_ability: SUCCESS, 96
add_player_cards: SUCCESS
buy_team: SUCCESS
play_match: SUCCESS, 2
num_played_games_for_player: SUCCESS, 22
buy_team: SUCCESS
add_player: SUCCESS
add_player_cards: SUCCESS
buy_team: SUCCESS
num_played_games_for_player: SUCCESS, 22
add_player_cards: SUCCESS
add_team: FAILURE
get_player_cards: SUCCESS, 618
add_player: SUCCESS
add_player: FAILURE
add_player: FAILURE
play_match: SUCCESS, 3
buy_team: SUCCESS
remove_team: FAILURE
add_player: FAILURE
get_partial_spirit: SUCCESS, 5,3,1,2,4
num_played_games_for_player: SUCCESS, 22
buy_team: SUCCESS
get_partial_spirit: SUCCESS, 3,2,5,1,4
buy_team: SUCCESS
add_player_cards: SUCCESS
get_ith_pointless_ability: SUCCESS, 47
get_player_cards: SUCCESS, 75
add_team: FAILURE
get_player_cards: SUCCESS, 222
get_player_cards: SUCCESS, 339
play_match: SUCCESS, 1
add_team: FAILURE
get_partial_spirit: SUCCESS, 1,3,2,5,4
add_player: FAILURE
get_partial_spirit: SUCCESS, 1,2,3,4,5
get_team_points: SUCCESS, 0
get_player_cards: SUCCESS, 306
get_player_cards: SUCCESS, 284
add_player: FAILURE
add_player: FAILURE
get_player_cards: SUCCESS, 133
add_team: FAILURE
get_ith_pointless_ability: SUCCESS, 5
add_player: FAILURE
get_partial_spirit: SUCCESS, 3,2,5,4,1
remove_team: FAILURE
get_player_cards: SUCCESS, 99
get_ith_pointless_ability: FAILURE
get_partial_spirit: FAILURE
add_player: FAILURE
add_team: FAILURE
add_player_cards: SUCCESS
remove_team: FAILURE
play_match: FAILURE
play_match: FAILURE
add_team: FAILURE
add_player: FAILURE
add_player: FAILURE
add_player_cards: SUCCESS
play_match: FAILURE
remove_team: FAILURE
remove_team: FAILURE
remove_team: FAILURE
add_player: FAILURE
add_player: FAILURE
get_player_cards: SUCCESS, 77
get_team_points: FAILURE
add_player_cards: SUCCESS
add_player_cards: FAILURE
add_player: FAILURE
add_player_cards: SUCCESS
get_player_cards: SUCCESS, 299
buy_team: SUCCESS
get_ith_pointless_ability: SUCCESS, 15
add_player_cards: SUCCESS
num_played_games_for_player: SUCCESS, 22
get_ith_pointless_ability: SUCCESS, 67
play_match: SUCCESS, 3
buy_team: SUCCESS
add_team: FAILURE
add_player: FAILURE
get_team_points: FAILURE
add_player_cards: SUCCESS
add_player: FAILURE
add_player: FAILURE
get_team_points: FAILURE
get_ith_pointless_ability: SUCCESS, 67
get_player_cards: SUCCESS, 41
add_player_cards: SUCCESS
add_player: FAILURE
remove_team: FAILURE
add_team: FAILURE
get_team_points: SUCCESS, 3
add_player_cards: SUCCESS
add_team: FAILURE
play_match: SUCCESS, 1
add_player_cards: FAILURE
buy_team: SUCCESS
add_player: FAILURE
remove_team: FAILURE
num_played_games_for_player: SUCCESS, 22
add_player: FAILURE
buy_team: SUCCESS
add_player_cards: SUCCESS
add_player_cards: SUCCESS
add_player: FAILURE
add_team: FAILURE
add_player: FAILURE
play_match: SUCCESS, 3
add_team: FAILURE
num_played_games_for_player: SUCCESS, 22
buy_team: SUCCESS
get_ith_pointless_ability: FAILURE
add_player_cards: SUCCESS
add_team: FAILURE
buy_team: SUCCESS
add_player_cards: FAILURE
get_team_points: SUCCESS, 0
add_player: FAILURE
get_ith_pointless_ability: FAILURE
play_match: FAILURE
get_ith_pointless_ability: SUCCESS, 44
get_partial_spirit: FAILURE
get_player_cards: SUCCESS, 76
remove_team: FAILURE
buy_team: SUCCESS
add_player_cards: FAILURE
add_player_cards: SUCCESS
add_player_cards: SUCCESS
add_player: FAILURE
num_played_games_for_player: SUCCESS, 22
play_match: FAILURE
remove_team: FAILURE
play_match: SUCCESS, 1
get_team_points: SUCCESS, 0
add_player: FAILURE
add_team: SUCCESS
add_player_cards: SUCCESS
get_player_cards: SUCCESS, 252
add_team: FAILURE
add_player_cards: SUCCESS
add_player: FAILURE
add_player_cards: SUCCESS
buy_team: SUCCESS
buy_team: SUCCESS
num_played_games_for_player: SUCCESS, 22
get_team_points: FAILURE
num_played_games_for_player: SUCCESS, 22
add_team: FAILURE
add_player: FAILURE
get_ith_pointless_ability: SUCCESS, 66
buy_team: SUCCESS
get_team_points: SUCCESS, 6
add_player_cards: SUCCESS
add_team: FAILURE
add_team: FAILURE
add_player: FAILURE
add_player: FAILURE
get_team_points: SUCCESS, 0
get_ith_pointless_ability: FAILURE
get_ith_pointless_ability: SUCCESS, 63
add_team: FAILURE
num_played_games_for_player: SUCCESS, 22
add_player: FAILURE
get_player_cards: SUCCESS, 233
get_player_cards: SUCCESS, 315
add_player: FAILURE
add_team: FAILURE
get_team_points: SUCCESS, 0
add_team: FAILURE
get_player_cards: SUCCESS, 339
num_played_games_for_player: SUCCESS, 22
add_player: FAILURE
add_player: FAILURE
get_ith_pointless_ability: SUCCESS, 6
play_match: SUCCESS, 3
add_team: FAILURE
buy_team: SUCCESS
add_player: FAILURE
add_player: FAILURE
