add_team: SUCCESS
add_team: SUCCESS
add_team: SUCCESS
add_team: SUCCESS
add_team: SUCCESS
add_team: SUCCESS
add_team: SUCCESS
add_team: SUCCESS
add_team: SUCCESS
add_team: SUCCESS
add_team: SUCCESS
add_team: SUCCESS
add_team: SUCCESS
add_team: SUCCESS
add_team: SUCCESS
add_team: SUCCESS
add_team: SUCCESS
add_team: SUCCESS
add_team: SUCCESS
add_team: SUCCESS
add_team: SUCCESS
add_team: SUCCESS
add_team: SUCCESS
add_team: SUCCESS
add_team: SUCCESS
add_team: SUCCESS
add_team: SUCCESS
add_team: SUCCESS
add_team: SUCCESS
add_team: SUCCESS
add_team: SUCCESS
add_team: SUCCESS
add_team: SUCCESS
add_team: SUCCESS
add_team: SUCCESS
add_team: SUCCESS
add_team: SUCCESS
add_team: SUCCESS
add_team: SUCCESS
add_team: SUCCESS
add_team: SUCCESS
add_team: SUCCESS
add_team: SUCCESS
add_team: SUCCESS
add_team: SUCCESS
add_team: SUCCESS
add_team: SUCCESS
add_team: SUCCESS
add_team: SUCCESS
add_team: SUCCESS
add_team: SUCCESS
add_team: SUCCESS
add_team: SUCCESS
add_team: SUCCESS
add_team: SUCCESS
add_team: SUCCESS
add_team: SUCCESS
add_team: SUCCESS
add_team: SUCCESS
add_team: SUCCESS
add_team: SUCCESS
add_team: SUCCESS
add_team: SUCCESS
add_team: SUCCESS
add_team: SUCCESS
add_team: SUCCESS
add_team: SUCCESS
add_team: SUCCESS
add_team: SUCCESS
add_team: SUCCESS
add_team: SUCCESS
add_team: SUCCESS
add_team: SUCCESS
add_team: SUCCESS
add_team: SUCCESS
add_team: SUCCESS
add_team: SUCCESS
add_team: SUCCESS
add_team: SUCCESS
add_team: SUCCESS
add_team: SUCCESS
add_team: SUCCESS
add_team: SUCCESS
add_team: SUCCESS
add_team: SUCCESS
add_team: SUCCESS
add_team: SUCCESS
add_team: SUCCESS
add_team: SUCCESS
add_team: SUCCESS
add_team: SUCCESS
add_team: SUCCESS
add_team: SUCCESS
add_team: SUCCESS
add_team: SUCCESS
add_team: SUCCESS
add_team: SUCCESS
add_team: SUCCESS
add_team: SUCCESS
add_team: SUCCESS
add_player: SUCCESS
add_player: SUCCESS
add_player: SUCCESS
add_player: SUCCESS
add_player: SUCCESS
add_player: SUCCESS
add_player: SUCCESS
add_player: SUCCESS
add_player: SUCCESS
add_player: SUCCESS
add_player: SUCCESS
add_player: SUCCESS
add_player: SUCCESS
add_player: SUCCESS
add_player: SUCCESS
add_player: SUCCESS
add_player: SUCCESS
add_player: SUCCESS
add_player: SUCCESS
add_player: SUCCESS
add_player: SUCCESS
add_player: SUCCESS
add_player: SUCCESS
add_player: SUCCESS
add_player: SUCCESS
add_player: SUCCESS
add_player: SUCCESS
add_player: SUCCESS
add_player: SUCCESS
add_player: SUCCESS
add_player: SUCCESS
add_player: SUCCESS
add_player: SUCCESS
add_player: SUCCESS
add_player: SUCCESS
add_player: SUCCESS
add_player: SUCCESS
add_player: SUCCESS
add_player: SUCCESS
add_player: SUCCESS
add_player: SUCCESS
add_player: SUCCESS
add_player: SUCCESS
add_player: SUCCESS
add_player: SUCCESS
add_player: SUCCESS
add_player: SUCCESS
add_player: SUCCESS
add_player: SUCCESS
add_player: SUCCESS
add_player: SUCCESS
add_player: SUCCESS
add_player: SUCCESS
add_player: SUCCESS
add_player: SUCCESS
add_player: SUCCESS
add_player: SUCCESS
add_player: SUCCESS
add_player: SUCCESS
add_player: SUCCESS
add_player: SUCCESS
add_player: SUCCESS
add_player: SUCCESS
add_player: SUCCESS
add_player: SUCCESS
add_player: SUCCESS
add_player: SUCCESS
add_player: SUCCESS
add_player: SUCCESS
add_player: SUCCESS
add_player: SUCCESS
add_player: SUCCESS
add_player: SUCCESS
add_player: SUCCESS
add_player: SUCCESS
add_player: SUCCESS
add_player: SUCCESS
add_player: SUCCESS
add_player: SUCCESS
add_player: SUCCESS
add_player: SUCCESS
add_player: SUCCESS
add_player: SUCCESS
add_player: SUCCESS
add_player: SUCCESS
add_player: SUCCESS
add_player: SUCCESS
add_player: SUCCESS
add_player: SUCCESS
add_player: SUCCESS
add_player: SUCCESS
add_player: SUCCESS
add_player: SUCCESS
add_player: SUCCESS
add_player: SUCCESS
add_player: SUCCESS
add_player: SUCCESS
add_player: SUCCESS
add_player: SUCCESS
add_player: SUCCESS
get_partial_spirit: SUCCESS, 1,2,3,4,5
add_team: SUCCESS
get_player_cards: SUCCESS, 236
add_player: SUCCESS
add_player: SUCCESS
add_player: SUCCESS
add_team: FAILURE
play_match: FAILURE
add_player: SUCCESS
remove_team: FAILURE
num_played_games_for_player: SUCCESS, 22
get_ith_pointless_ability: FAILURE
add_player: SUCCESS
buy_team: SUCCESS
get_ith_pointless_ability: FAILURE
num_played_games_for_player: SUCCESS, 22
get_player_cards: SUCCESS, 81
add_player: SUCCESS
play_match: FAILURE
play_match: FAILURE
play_match: SUCCESS, 1
add_player_cards: SUCCESS
buy_team: SUCCESS
add_player: SUCCESS
add_player: SUCCESS
add_player: SUCCESS
get_player_cards: SUCCESS, 166
get_player_cards: SUCCESS, 74
add_team: SUCCESS
get_ith_pointless_ability: SUCCESS, 37
add_player: SUCCESS
add_player_cards: SUCCESS
get_team_points: SUCCESS, 0
buy_team: SUCCESS
add_team: FAILURE
get_ith_pointless_ability: FAILURE
num_played_games_for_player: SUCCESS, 22
add_player: SUCCESS
add_player: SUCCESS
get_player_cards: SUCCESS, 21
buy_team: SUCCESS
get_player_cards: SUCCESS, 116
add_player: SUCCESS
add_player_cards: SUCCESS
add_player: SUCCESS
get_player_cards: SUCCESS, 145
get_player_cards: SUCCESS, 106
remove_team: FAILURE
get_partial_spirit: SUCCESS, 1,2,3,4,5
play_match: FAILURE
get_partial_spirit: SUCCESS, 1,2,3,4,5
add_team: FAILURE
add_player: SUCCESS
add_player: SUCCESS
add_team: FAILURE
buy_team: SUCCESS
add_player: FAILURE
get_player_cards: SUCCESS, 156
add_team: FAILURE
play_match: FAILURE
get_player_cards: SUCCESS, 103
add_player_cards: SUCCESS
play_match: FAILURE
add_player: SUCCESS
add_team: FAILURE
add_player_cards: SUCCESS
num_played_games_for_player: SUCCESS, 22
remove_team: FAILURE
get_team_points: SUCCESS, 0
add_team: FAILURE
get_team_points: SUCCESS, 0
add_player: SUCCESS
play_match: FAILURE
num_played_games_for_player: SUCCESS, 22
num_played_games_for_player: SUCCESS, 22
get_team_points: SUCCESS, 0
get_player_cards: SUCCESS, 213
num_played_games_for_player: SUCCESS, 22
buy_team: SUCCESS
get_partial_spirit: SUCCESS, 1,2,3,4,5
add_team: FAILURE
remove_team: FAILURE
add_player_cards: SUCCESS
add_player: SUCCESS
get_team_points: SUCCESS, 0
get_team_points: SUCCESS, 0
remove_team: FAILURE
add_team: FAILURE
add_player_cards: SUCCESS
num_played_games_for_player: SUCCESS, 22
play_match: SUCCESS, 3
add_player_cards: SUCCESS
get_player_cards: SUCCESS, 247
add_player: SUCCESS
buy_team: SUCCESS
num_played_games_for_player: SUCCESS, 22
add_team: FAILURE
get_ith_pointless_ability: FAILURE
add_player_cards: SUCCESS
get_partial_spirit: SUCCESS, 1,2,3,4,5
get_ith_pointless_ability: FAILURE
get_ith_pointless_ability: SUCCESS, 97
play_match: FAILURE
remove_team: FAILURE
num_played_games_for_player: SUCCESS, 22
add_player: SUCCESS
play_match: FAILURE
add_player: SUCCESS
add_team: FAILURE
remove_team: FAILURE
play_match: FAILURE
play_match: FAILURE
add_player: SUCCESS
add_team: FAILURE
buy_team: SUCCESS
get_team_points: SUCCESS, 0
buy_team: SUCCESS
remove_team: FAILURE
play_match: FAILURE
add_player: SUCCESS
add_team: FAILURE
get_partial_spirit: SUCCESS, 1,2,3,4,5
add_player: SUCCESS
get_ith_pointless_ability: FAILURE
add_player: SUCCESS
get_team_points: SUCCESS, 0
add_player: SUCCESS
add_player: SUCCESS
get_player_cards: SUCCESS, 145
get_player_cards: SUCCESS, 7
get_partial_spirit: SUCCESS, 1,2,3,4,5
num_played_games_for_player: SUCCESS, 22
get_partial_spirit: SUCCESS, 1,2,3,4,5
play_match: FAILURE
add_player_cards: SUCCESS
get_team_points: SUCCESS, 0
play_match: SUCCESS, 3
get_partial_spirit: SUCCESS, 2,1,4,3,5
get_team_points: SUCCESS, 0
add_player: SUCCESS
add_player: SUCCESS
add_player: SUCCESS
num_played_games_for_player: SUCCESS, 22
get_team_points: SUCCESS, 0
get_player_cards: SUCCESS, 83
add_player: SUCCESS
add_player: SUCCESS
get_player_cards: SUCCESS, 53
play_match: FAILURE
add_player_cards: SUCCESS
get_partial_spirit: SUCCESS, 1,2,3,4,5
get_partial_spirit: SUCCESS, 2,4,5,1,3
get_partial_spirit: SUCCESS, 1,2,3,4,5
get_player_cards: SUCCESS, 172
num_played_games_for_player: SUCCESS, 22
buy_team: SUCCESS
add_player: FAILURE
add_team: FAILURE
get_team_points: SUCCESS, 0
get_partial_spirit: SUCCESS, 1,2,3,4,5
get_player_cards: SUCCESS, 209
add_player: SUCCESS
num_played_games_for_player: SUCCESS, 22
get_player_cards: SUCCESS, 29
get_team_points: SUCCESS, 0
get_partial_spirit: SUCCESS, 4,1,2,3,5
add_player: SUCCESS
buy_team: SUCCESS
add_player: SUCCESS
remove_team: FAILURE
add_player_cards: SUCCESS
add_player_cards: SUCCESS
add_player_cards: SUCCESS
play_match: FAILURE
get_team_points: SUCCESS, 0
buy_team: SUCCESS
get_ith_pointless_ability: SUCCESS, 49
add_team: FAILURE
get_player_cards: SUCCESS, 172
add_player: SUCCESS
get_partial_spirit: SUCCESS, 1,2,3,4,5
add_team: FAILURE
add_team: FAILURE
num_played_games_for_player: SUCCESS, 22
add_player_cards: SUCCESS
get_partial_spirit: SUCCESS, 2,3,4,1,5
get_ith_pointless_ability: SUCCESS, 97
add_team: FAILURE
get_ith_pointless_ability: FAILURE
get_ith_pointless_ability: SUCCESS, 12
get_team_points: SUCCESS, 0
add_player: SUCCESS
add_player: SUCCESS
get_team_points: SUCCESS, 0
add_player: SUCCESS
remove_team: FAILURE
add_player_cards: SUCCESS
add_team: FAILURE
play_match: FAILURE
add_player_cards: SUCCESS
get_partial_spirit: SUCCESS, 1,2,3,4,5
num_played_games_for_player: SUCCESS, 22
add_player: SUCCESS
add_player: SUCCESS
remove_team: FAILURE
get_partial_spirit: SUCCESS, 1,2,3,4,5
add_team: FAILURE
get_ith_pointless_ability: FAILURE
add_player: SUCCESS
play_match: FAILURE
play_match: FAILURE
add_player_cards: SUCCESS
get_team_points: SUCCESS, 0
num_played_games_for_player: SUCCESS, 22
add_player: SUCCESS
add_player_cards: SUCCESS
get_player_cards: SUCCESS, 172
play_match: FAILURE
add_player: FAILURE
add_team: FAILURE
add_player: SUCCESS
add_player_cards: SUCCESS
add_player: SUCCESS
buy_team: SUCCESS
remove_team: FAILURE
add_player: SUCCESS
buy_team: SUCCESS
buy_team: SUCCESS
add_player: FAILURE
get_team_points: SUCCESS, 0
add_player: SUCCESS
get_player_cards: SUCCESS, 281
num_played_games_for_player: SUCCESS, 22
remove_team: FAILURE
add_player: SUCCESS
get_team_points: SUCCESS, 0
get_partial_spirit: SUCCESS, 5,2,4,1,3
get_team_points: SUCCESS, 0
get_ith_pointless_ability: FAILURE
num_played_games_for_player: SUCCESS, 22
add_player_cards: SUCCESS
add_team: FAILURE
get_team_points: SUCCESS, 0
get_ith_pointless_ability: SUCCESS, 50
get_team_points: SUCCESS, 0
get_team_points: SUCCESS, 0
buy_team: SUCCESS
add_player: SUCCESS
add_team: FAILURE
add_player: SUCCESS
get_partial_spirit: SUCCESS, 1,2,3,4,5
buy_team: SUCCESS
remove_team: FAILURE
get_ith_pointless_ability: SUCCESS, 95
buy_team: SUCCESS
get_team_points: SUCCESS, 0
add_team: FAILURE
add_player: SUCCESS
num_played_games_for_player: SUCCESS, 22
num_played_games_for_player: SUCCESS, 22
add_player: FAILURE
get_ith_pointless_ability: FAILURE
remove_team: FAILURE
get_team_points: SUCCESS, 0
get_team_points: SUCCESS, 0
add_player: FAILURE
buy_team: SUCCESS
num_played_games_for_player: SUCCESS, 22
buy_team: SUCCESS
get_player_cards: SUCCESS, 213
add_player_cards: SUCCESS
get_partial_spirit: SUCCESS, 1,2,3,4,5
get_partial_spirit: SUCCESS, 1,4,5,2,3
add_team: FAILURE
get_player_cards: SUCCESS, 116
num_played_games_for_player: SUCCESS, 22
get_ith_pointless_ability: SUCCESS, 59
add_player: SUCCESS
add_player: SUCCESS
buy_team: SUCCESS
remove_team: FAILURE
add_player_cards: SUCCESS
remove_team: FAILURE
add_player: SUCCESS
get_team_points: SUCCESS, 0
add_player: SUCCESS
get_ith_pointless_ability: FAILURE
num_played_games_for_player: SUCCESS, 22
buy_team: SUCCESS
get_partial_spirit: SUCCESS, 1,2,3,4,5
num_played_games_for_player: SUCCESS, 22
add_team: FAILURE
add_player: SUCCESS
add_player: SUCCESS
get_partial_spirit: SUCCESS, 2,5,3,1,4
remove_team: FAILURE
get_partial_spirit: SUCCESS, 1,2,3,4,5
play_match: FAILURE
get_partial_spirit: SUCCESS, 2,4,3,1,5
buy_team: SUCCESS
get_player_cards: SUCCESS, 60
remove_team: FAILURE
get_team_points: SUCCESS, 0
get_ith_pointless_ability: SUCCESS, 95
num_played_games_for_player: SUCCESS, 22
buy_team: SUCCESS
get_player_cards: SUCCESS, 274
add_player: SUCCESS
add_player: SUCCESS
add_team: FAILURE
get_ith_pointless_ability: FAILURE
get_ith_pointless_ability: FAILURE
add_team: FAILURE
get_partial_spirit: SUCCESS, 1,2,3,4,5
add_player_cards: SUCCESS
add_player: SUCCESS
get_player_cards: SUCCESS, 264
add_team: FAILURE
get_team_points: SUCCESS, 0
get_partial_spirit: SUCCESS, 1,2,3,4,5
remove_team: FAILURE
play_match: SUCCESS, 3
get_ith_pointless_ability: SUCCESS, 39
get_ith_pointless_ability: FAILURE
get_ith_pointless_ability: SUCCESS, 92
get_team_points: SUCCESS, 0
add_team: FAILURE
remove_team: FAILURE
buy_team: SUCCESS
get_ith_pointless_ability: SUCCESS, 76
add_player: SUCCESS
add_player_cards: SUCCESS
get_ith_pointless_ability: SUCCESS, 35
get_team_points: SUCCESS, 0
add_player: SUCCESS
play_match: FAILURE
add_player: FAILURE
get_partial_spirit: SUCCESS, 1,2,3,4,5
play_match: FAILURE
add_team: FAILURE
play_match: FAILURE
get_player_cards: SUCCESS, 262
get_player_cards: SUCCESS, 85
add_player: SUCCESS
get_team_points: SUCCESS, 0
get_team_points: SUCCESS, 0
add_player: SUCCESS
add_team: FAILURE
play_match: SUCCESS, 3
play_match: FAILURE
buy_team: SUCCESS
remove_team: FAILURE
play_match: FAILURE
get_partial_spirit: SUCCESS, 1,4,2,5,3
get_player_cards: SUCCESS, 22
num_played_games_for_player: SUCCESS, 22
buy_team: SUCCESS
add_team: FAILURE
remove_team: FAILURE
get_player_cards: SUCCESS, 178
remove_team: FAILURE
get_ith_pointless_ability: SUCCESS, 17
get_ith_pointless_ability: SUCCESS, 15
play_match: FAILURE
add_player: SUCCESS
num_played_games_for_player: SUCCESS, 22
add_player: SUCCESS
add_player: SUCCESS
add_player_cards: SUCCESS
get_ith_pointless_ability: SUCCESS, 12
get_ith_pointless_ability: SUCCESS, 59
add_team: FAILURE
get_player_cards: SUCCESS, 108
add_player: SUCCESS
get_ith_pointless_ability: FAILURE
remove_team: FAILURE
play_match: SUCCESS, 1
get_team_points: SUCCESS, 0
buy_team: SUCCESS
get_player_cards: SUCCESS, 228
add_player_cards: SUCCESS
add_player: SUCCESS
add_player: FAILURE
remove_team: FAILURE
add_team: FAILURE
add_player: SUCCESS
get_player_cards: SUCCESS, 209
get_team_points: SUCCESS, 0
add_team: FAILURE
add_player: FAILURE
num_played_games_for_player: SUCCESS, 22
remove_team: FAILURE
num_played_games_for_player: SUCCESS, 22
add_team: FAILURE
play_match: SUCCESS, 3
play_match: SUCCESS, 1
remove_team: FAILURE
num_played_games_for_player: SUCCESS, 22
add_player_cards: SUCCESS
buy_team: SUCCESS
get_ith_pointless_ability: FAILURE
play_match: FAILURE
add_player_cards: SUCCESS
get_partial_spirit: SUCCESS, 5,1,3,2,4
play_match: FAILURE
get_ith_pointless_ability: SUCCESS, 1
play_match: FAILURE
add_team: FAILURE
add_player: FAILURE
remove_team: FAILURE
num_played_games_for_player: SUCCESS, 22
add_player_cards: SUCCESS
buy_team: SUCCESS
add_player: SUCCESS
num_played_games_for_player: SUCCESS, 22
num_played_games_for_player: SUCCESS, 22
get_team_points: SUCCESS, 0
add_player: FAILURE
add_team: FAILURE
get_partial_spirit: SUCCESS, 5,4,1,3,2
get_team_points: SUCCESS, 0
add_player: SUCCESS
get_ith_pointless_ability: SUCCESS, 12
get_ith_pointless_ability: SUCCESS, 31
get_player_cards: SUCCESS, 284
add_player: FAILURE
remove_team: FAILURE
add_player: SUCCESS
add_player: SUCCESS
remove_team: FAILURE
add_player_cards: SUCCESS
add_player: SUCCESS
add_player: SUCCESS
add_player: SUCCESS
add_player_cards: SUCCESS
buy_team: SUCCESS
get_team_points: SUCCESS, 0
get_partial_spirit: SUCCESS, 4,2,3,5,1
get_player_cards: SUCCESS, 60
get_player_cards: SUCCESS, 282
get_player_cards: SUCCESS, 277
add_player_cards: FAILURE
get_team_points: SUCCESS, 0
add_player: SUCCESS
remove_team: FAILURE
add_player: SUCCESS
add_team: FAILURE
num_played_games_for_player: SUCCESS, 22
play_match: SUCCESS, 1
play_match: FAILURE
add_player: FAILURE
remove_team: FAILURE
get_partial_spirit: SUCCESS, 5,2,1,3,4
add_player_cards: SUCCESS
play_match: FAILURE
buy_team: SUCCESS
add_team: FAILURE
get_ith_pointless_ability: FAILURE
add_team: FAILURE
get_ith_pointless_ability: SUCCESS, 31
get_team_points: SUCCESS, 0
get_player_cards: SUCCESS, 125
add_player: FAILURE
play_match: SUCCESS, 3
add_player_cards: SUCCESS
num_played_games_for_player: SUCCESS, 22
get_partial_spirit: SUCCESS, 1,2,3,4,5
add_team: FAILURE
add_player: FAILURE
get_ith_pointless_ability: SUCCESS, 18
add_team: FAILURE
add_player: SUCCESS
get_partial_spirit: SUCCESS, 5,2,4,3,1
remove_team: FAILURE
add_player: SUCCESS
num_played_games_for_player: SUCCESS, 22
num_played_games_for_player: SUCCESS, 22
get_partial_spirit: SUCCESS, 1,2,3,4,5
add_player: SUCCESS
add_team: FAILURE
remove_team: FAILURE
add_team: FAILURE
add_player: SUCCESS
remove_team: FAILURE
play_match: FAILURE
get_player_cards: SUCCESS, 142
get_team_points: SUCCESS, 0
buy_team: SUCCESS
get_player_cards: SUCCESS, 195
add_player: SUCCESS
add_team: FAILURE
add_player_cards: SUCCESS
remove_team: FAILURE
add_player: SUCCESS
add_player_cards: SUCCESS
play_match: SUCCESS, 1
get_player_cards: SUCCESS, 281
add_player_cards: SUCCESS
num_played_games_for_player: SUCCESS, 22
add_team: FAILURE
get_player_cards: SUCCESS, 37
get_partial_spirit: SUCCESS, 1,2,3,4,5
play_match: FAILURE
add_player: SUCCESS
get_team_points: FAILURE
get_ith_pointless_ability: SUCCESS, 95
buy_team: SUCCESS
add_player: SUCCESS
add_player: FAILURE
get_partial_spirit: SUCCESS, 1,2,3,4,5
play_match: FAILURE
num_played_games_for_player: SUCCESS, 22
num_played_games_for_player: SUCCESS, 22
add_team: FAILURE
get_player_cards: SUCCESS, 10
num_played_games_for_player: SUCCESS, 22
add_player: FAILURE
get_partial_spirit: FAILURE
add_player: SUCCESS
add_player_cards: SUCCESS
remove_team: FAILURE
get_ith_pointless_ability: SUCCESS, 75
add_team: FAILURE
add_player: FAILURE
num_played_games_for_player: SUCCESS, 22
num_played_games_for_player: SUCCESS, 22
add_team: FAILURE
add_team: FAILURE
remove_team: FAILURE
play_match: FAILURE
add_player: SUCCESS
add_team: FAILURE
get_team_points: SUCCESS, 0
add_player_cards: SUCCESS
num_played_games_for_player: SUCCESS, 22
get_partial_spirit: SUCCESS, 1,2,3,4,5
add_player: SUCCESS
remove_team: FAILURE
add_player: SUCCESS
get_partial_spirit: SUCCESS, 2,4,3,1,5
num_played_games_for_player: SUCCESS, 22
add_player: FAILURE
get_team_points: SUCCESS, 0
remove_team: FAILURE
get_ith_pointless_ability: SUCCESS, 75
add_player_cards: SUCCESS
num_played_games_for_player: SUCCESS, 22
get_partial_spirit: SUCCESS, 1,5,3,2,4
play_match: SUCCESS, 3
add_player: SUCCESS
get_partial_spirit: SUCCESS, 5,1,4,2,3
buy_team: SUCCESS
get_player_cards: SUCCESS, 150
add_player_cards: SUCCESS
add_team: FAILURE
add_player: FAILURE
get_team_points: SUCCESS, 0
get_ith_pointless_ability: SUCCESS, 79
get_team_points: FAILURE
get_partial_spirit: SUCCESS, 3,4,5,1,2
get_player_cards: SUCCESS, 118
buy_team: SUCCESS
get_player_cards: SUCCESS, 282
add_player: SUCCESS
remove_team: FAILURE
play_match: FAILURE
add_player: SUCCESS
num_played_games_for_player: SUCCESS, 22
buy_team: SUCCESS
get_ith_pointless_ability: FAILURE
buy_team: SUCCESS
get_team_points: SUCCESS, 3
get_partial_spirit: SUCCESS, 5,2,1,4,3
buy_team: SUCCESS
add_player: SUCCESS
add_player: SUCCESS
get_partial_spirit: SUCCESS, 5,4,3,2,1
num_played_games_for_player: SUCCESS, 22
get_team_points: SUCCESS, 0
add_team: FAILURE
get_ith_pointless_ability: FAILURE
num_played_games_for_player: SUCCESS, 22
num_played_games_for_player: SUCCESS, 22
get_player_cards: SUCCESS, 276
add_player: SUCCESS
add_player: FAILURE
get_player_cards: SUCCESS, 206
play_match: FAILURE
get_team_points: SUCCESS, 0
get_partial_spirit: SUCCESS, 5,2,3,1,4
add_player: SUCCESS
add_player_cards: SUCCESS
add_player: SUCCESS
remove_team: FAILURE
add_team: FAILURE
add_team: FAILURE
add_player: SUCCESS
add_player: FAILURE
get_ith_pointless_ability: FAILURE
num_played_games_for_player: SUCCESS, 22
get_player_cards: SUCCESS, 212
add_player: FAILURE
num_played_games_for_player: SUCCESS, 22
add_team: FAILURE
remove_team: FAILURE
add_team: FAILURE
buy_team: SUCCESS
add_team: FAILURE
play_match: SUCCESS, 3
add_player: SUCCESS
add_team: FAILURE
add_player_cards: SUCCESS
buy_team: SUCCESS
add_player: SUCCESS
add_player_cards: SUCCESS
add_player_cards: SUCCESS
add_player: SUCCESS
play_match: FAILURE
play_match: FAILURE
buy_team: SUCCESS
add_player: SUCCESS
add_player: FAILURE
get_team_points: SUCCESS, 0
get_partial_spirit: SUCCESS, 2,5,4,3,1
get_player_cards: SUCCESS, 261
get_ith_pointless_ability: SUCCESS, 10
add_team: FAILURE
add_player_cards: SUCCESS
get_partial_spirit: SUCCESS, 1,3,2,5,4
get_partial_spirit: SUCCESS, 1,2,3,4,5
num_played_games_for_player: SUCCESS, 22
add_team: FAILURE
play_match: FAILURE
get_partial_spirit: SUCCESS, 3,4,5,1,2
buy_team: SUCCESS
get_partial_spirit: SUCCESS, 5,2,4,1,3
num_played_games_for_player: SUCCESS, 22
get_ith_pointless_ability: FAILURE
add_team: FAILURE
num_played_games_for_player: SUCCESS, 22
add_player_cards: SUCCESS
get_ith_pointless_ability: SUCCESS, 90
buy_team: SUCCESS
add_player_cards: SUCCESS
add_player: SUCCESS
get_partial_spirit: SUCCESS, 5,3,4,2,1
add_team: FAILURE
get_player_cards: SUCCESS, 277
remove_team: FAILURE
remove_team: FAILURE
get_ith_pointless_ability: SUCCESS, 92
num_played_games_for_player: SUCCESS, 22
play_match: FAILURE
add_player: SUCCESS
get_partial_spirit: SUCCESS, 1,2,3,4,5
add_player_cards: SUCCESS
add_player: SUCCESS
add_player: SUCCESS
num_played_games_for_player: SUCCESS, 22
buy_team: SUCCESS
add_player: SUCCESS
num_played_games_for_player: SUCCESS, 22
num_played_games_for_player: SUCCESS, 22
get_ith_pointless_ability: SUCCESS, 18
add_player: SUCCESS
add_team: FAILURE
add_player: SUCCESS
get_team_points: SUCCESS, 0
buy_team: SUCCESS
add_player: SUCCESS
remove_team: FAILURE
play_match: FAILURE
get_partial_spirit: SUCCESS, 5,3,4,2,1
get_partial_spirit: SUCCESS, 5,2,4,1,3
play_match: SUCCESS, 1
buy_team: SUCCESS
get_partial_spirit: SUCCESS, 1,2,3,4,5
play_match: SUCCESS, 3
get_player_cards: SUCCESS, 66
play_match: FAILURE
get_player_cards: SUCCESS, 3
add_player: FAILURE
get_player_cards: SUCCESS, 136
remove_team: FAILURE
add_player: SUCCESS
add_player: FAILURE
add_player: FAILURE
get_partial_spirit: SUCCESS, 4,3,5,2,1
get_ith_pointless_ability: SUCCESS, 75
get_partial_spirit: SUCCESS, 4,2,1,5,3
add_player: FAILURE
add_player: FAILURE
get_player_cards: SUCCESS, 23
buy_team: SUCCESS
get_ith_pointless_ability: SUCCESS, 10
remove_team: FAILURE
play_match: SUCCESS, 3
remove_team: FAILURE
get_ith_pointless_ability: SUCCESS, 95
get_ith_pointless_ability: SUCCESS, 12
get_partial_spirit: SUCCESS, 5,4,3,1,2
get_partial_spirit: SUCCESS, 1,2,3,4,5
get_team_points: SUCCESS, 0
get_team_points: SUCCESS, 3
remove_team: FAILURE
add_team: FAILURE
get_team_points: SUCCESS, 0
play_match: SUCCESS, 3
buy_team: SUCCESS
get_player_cards: SUCCESS, 31
get_ith_pointless_ability: SUCCESS, 9
add_player: SUCCESS
get_partial_spirit: SUCCESS, 3,5,1,4,2
get_team_points: SUCCESS, 0
get_team_points: SUCCESS, 3
add_player: FAILURE
get_ith_pointless_ability: SUCCESS, 98
add_player: FAILURE
num_played_games_for_player: SUCCESS, 22
add_player_cards: SUCCESS
num_played_games_for_player: SUCCESS, 22
num_played_games_for_player: SUCCESS, 22
get_partial_spirit: SUCCESS, 1,2,3,4,5
add_player_cards: SUCCESS
add_team: FAILURE
get_ith_pointless_ability: SUCCESS, 18
get_team_points: SUCCESS, 0
get_partial_spirit: SUCCESS, 1,2,3,4,5
get_player_cards: SUCCESS, 48
get_player_cards: SUCCESS, 298
add_player_cards: SUCCESS
add_team: FAILURE
add_team: FAILURE
play_match: FAILURE
add_player: FAILURE
get_partial_spirit: SUCCESS, 1,2,3,4,5
get_team_points: SUCCESS, 0
get_ith_pointless_ability: SUCCESS, 29
add_player: FAILURE
remove_team: FAILURE
num_played_games_for_player: SUCCESS, 22
add_player: SUCCESS
play_match: FAILURE
add_player: SUCCESS
get_partial_spirit: SUCCESS, 1,2,3,4,5
add_team: FAILURE
play_match: FAILURE
add_team: FAILURE
buy_team: SUCCESS
get_team_points: SUCCESS, 0
get_ith_pointless_ability: SUCCESS, 95
get_player_cards: SUCCESS, 20
get_team_points: SUCCESS, 6
add_player_cards: SUCCESS
add_player: SUCCESS
add_player_cards: FAILURE
add_player: FAILURE
play_match: SUCCESS, 1
add_player: FAILURE
get_partial_spirit: SUCCESS, 5,4,3,2,1
num_played_games_for_player: SUCCESS, 22
get_team_points: SUCCESS, 0
get_ith_pointless_ability: SUCCESS, 31
get_ith_pointless_ability: SUCCESS, 59
add_player_cards: FAILURE
buy_team: SUCCESS
get_player_cards: SUCCESS, 212
remove_team: FAILURE
add_player_cards: SUCCESS
add_player: FAILURE
add_player: SUCCESS
add_player: SUCCESS
remove_team: FAILURE
get_team_points: SUCCESS, 0
add_player: SUCCESS
add_team: FAILURE
num_played_games_for_player: SUCCESS, 22
add_player: SUCCESS
num_played_games_for_player: SUCCESS, 22
get_team_points: FAILURE
get_ith_pointless_ability: SUCCESS, 29
num_played_games_for_player: SUCCESS, 22
add_player: SUCCESS
add_team: FAILURE
get_ith_pointless_ability: SUCCESS, 22
add_player_cards: FAILURE
add_player: SUCCESS
add_player: FAILURE
add_player: FAILURE
add_team: FAILURE
play_match: SUCCESS, 3
play_match: FAILURE
add_player: SUCCESS
add_player: SUCCESS
add_player: FAILURE
get_partial_spirit: SUCCESS, 1,3,2,5,4
buy_team: SUCCESS
get_ith_pointless_ability: SUCCESS, 39
play_match: FAILURE
add_player: FAILURE
play_match: FAILURE
get_partial_spirit: SUCCESS, 1,2,3,4,5
get_partial_spirit: SUCCESS, 2,4,5,1,3
add_team: FAILURE
buy_team: SUCCESS
add_player: FAILURE
add_player: FAILURE
get_partial_spirit: SUCCESS, 1,4,3,2,5
add_player: SUCCESS
remove_team: FAILURE
add_player: FAILURE
add_player_cards: SUCCESS
get_ith_pointless_ability: SUCCESS, 10
get_team_points: SUCCESS, 0
get_player_cards: SUCCESS, 250
get_partial_spirit: SUCCESS, 2,4,5,1,3
get_partial_spirit: FAILURE
remove_team: FAILURE
buy_team: SUCCESS
add_player: FAILURE
num_played_games_for_player: SUCCESS, 22
add_team: FAILURE
add_player: SUCCESS
get_partial_spirit: SUCCESS, 1,4,3,2,5
num_played_games_for_player: SUCCESS, 22
get_team_points: SUCCESS, 6
get_ith_pointless_ability: SUCCESS, 90
add_player: SUCCESS
add_team: FAILURE
get_ith_pointless_ability: SUCCESS, 1
add_player_cards: SUCCESS
play_match: FAILURE
add_player: SUCCESS
get_team_points: SUCCESS, 0
add_player: FAILURE
play_match: FAILURE
num_played_games_for_player: SUCCESS, 22
add_team: FAILURE
buy_team: SUCCESS
play_match: FAILURE
add_player: SUCCESS
get_ith_pointless_ability: SUCCESS, 15
add_player: FAILURE
add_team: FAILURE
get_team_points: SUCCESS, 0
get_partial_spirit: SUCCESS, 5,1,2,4,3
add_team: FAILURE
get_partial_spirit: SUCCESS, 2,3,1,4,5
get_ith_pointless_ability: SUCCESS, 29
add_player_cards: SUCCESS
num_played_games_for_player: SUCCESS, 22
remove_team: FAILURE
get_player_cards: SUCCESS, 61
add_player: FAILURE
get_partial_spirit: FAILURE
get_ith_pointless_ability: SUCCESS, 59
add_team: FAILURE
get_team_points: SUCCESS, 0
add_player: FAILURE
buy_team: SUCCESS
add_player: FAILURE
add_player: FAILURE
buy_team: SUCCESS
add_team: FAILURE
get_player_cards: SUCCESS, 2
add_player: SUCCESS
get_ith_pointless_ability: SUCCESS, 95
get_ith_pointless_ability: SUCCESS, 76
buy_team: SUCCESS
get_team_points: SUCCESS, 0
add_player: SUCCESS
add_player: SUCCESS
add_player: SUCCESS
num_played_games_for_player: SUCCESS, 22
get_player_cards: SUCCESS, 264
add_player: SUCCESS
add_player: SUCCESS
remove_team: FAILURE
buy_team: SUCCESS
add_player: FAILURE
add_player: SUCCESS
get_team_points: SUCCESS, 0
get_team_points: FAILURE
add_player: SUCCESS
remove_team: FAILURE
add_player: SUCCESS
add_player: SUCCESS
get_partial_spirit: SUCCESS, 5,4,3,2,1
add_player: SUCCESS
num_played_games_for_player: SUCCESS, 22
get_team_points: SUCCESS, 0
get_team_points: SUCCESS, 0
add_team: FAILURE
add_player: FAILURE
buy_team: SUCCESS
num_played_games_for_player: SUCCESS, 22
get_team_points: SUCCESS, 0
get_ith_pointless_ability: SUCCESS, 39
get_team_points: SUCCESS, 0
add_team: FAILURE
add_team: FAILURE
num_played_games_for_player: SUCCESS, 22
get_ith_pointless_ability: FAILURE
get_team_points: SUCCESS, 0
add_player_cards: SUCCESS
get_partial_spirit: SUCCESS, 1,3,2,5,4
buy_team: SUCCESS
add_player: FAILURE
get_player_cards: SUCCESS, 83
get_ith_pointless_ability: FAILURE
add_player: FAILURE
get_partial_spirit: SUCCESS, 1,2,3,4,5
add_player: FAILURE
get_player_cards: SUCCESS, 266
get_team_points: SUCCESS, 0
add_player_cards: SUCCESS
get_player_cards: SUCCESS, 280
num_played_games_for_player: SUCCESS, 22
add_team: FAILURE
get_partial_spirit: SUCCESS, 4,1,2,3,5
get_partial_spirit: SUCCESS, 1,2,3,4,5
get_player_cards: SUCCESS, 135
play_match: SUCCESS, 3
add_player: FAILURE
add_team: FAILURE
remove_team: FAILURE
get_partial_spirit: SUCCESS, 3,2,1,5,4
play_match: SUCCESS, 3
play_match: FAILURE
add_player: FAILURE
add_player: SUCCESS
add_player: FAILURE
add_player: SUCCESS
buy_team: SUCCESS
get_partial_spirit: SUCCESS, 5,3,2,1,4
remove_team: FAILURE
add_team: FAILURE
add_player: FAILURE
add_player: FAILURE
add_player_cards: SUCCESS
get_team_points: FAILURE
play_match: SUCCESS, 1
get_player_cards: SUCCESS, 56
play_match: FAILURE
add_player: SUCCESS
add_team: FAILURE
num_played_games_for_player: SUCCESS, 22
get_partial_spirit: SUCCESS, 1,2,5,3,4
get_team_points: SUCCESS, 0
add_player: SUCCESS
add_player: FAILURE
get_partial_spirit: SUCCESS, 3,2,5,1,4
remove_team: FAILURE
add_player_cards: SUCCESS
remove_team: FAILURE
add_player: FAILURE
add_team: FAILURE
add_player_cards: SUCCESS
add_player: FAILURE
add_player: SUCCESS
add_team: FAILURE
add_team: FAILURE
num_played_games_for_player: SUCCESS, 22
add_player: SUCCESS
get_partial_spirit: SUCCESS, 4,3,5,2,1
get_player_cards: SUCCESS, 271
add_player: SUCCESS
add_player: SUCCESS
add_player_cards: SUCCESS
num_played_games_for_player: SUCCESS, 22
get_player_cards: SUCCESS, 118
add_team: FAILURE
get_ith_pointless_ability: FAILURE
remove_team: FAILURE
buy_team: SUCCESS
get_ith_pointless_ability: SUCCESS, 11
buy_team: SUCCESS
add_player: FAILURE
get_team_points: SUCCESS, 0
get_player_cards: SUCCESS, 262
play_match: FAILURE
get_partial_spirit: SUCCESS, 1,2,3,4,5
add_player_cards: SUCCESS
add_player_cards: SUCCESS
get_ith_pointless_ability: SUCCESS, 95
add_player: SUCCESS
get_team_points: FAILURE
get_ith_pointless_ability: FAILURE
add_player: FAILURE
get_player_cards: SUCCESS, 250
add_player: FAILURE
get_player_cards: SUCCESS, 116
add_player_cards: SUCCESS
get_player_cards: SUCCESS, 2
get_partial_spirit: FAILURE
get_team_points: FAILURE
get_player_cards: SUCCESS, 276
get_partial_spirit: SUCCESS, 1,2,3,4,5
get_team_points: SUCCESS, 0
get_team_points: SUCCESS, 0
