add_team: SUCCESS
add_team: SUCCESS
add_team: SUCCESS
add_team: SUCCESS
add_team: SUCCESS
add_team: SUCCESS
add_team: SUCCESS
add_team: SUCCESS
add_team: SUCCESS
add_team: SUCCESS
add_team: SUCCESS
add_team: SUCCESS
add_team: SUCCESS
add_team: SUCCESS
add_team: SUCCESS
add_team: SUCCESS
add_team: SUCCESS
add_team: SUCCESS
add_team: SUCCESS
add_team: SUCCESS
add_team: SUCCESS
add_team: SUCCESS
add_team: SUCCESS
add_team: SUCCESS
add_team: SUCCESS
add_team: SUCCESS
add_team: SUCCESS
add_team: SUCCESS
add_team: SUCCESS
add_team: SUCCESS
add_team: SUCCESS
add_team: SUCCESS
add_team: SUCCESS
add_team: SUCCESS
add_team: SUCCESS
add_team: SUCCESS
add_team: SUCCESS
add_team: SUCCESS
add_team: SUCCESS
add_team: SUCCESS
add_team: SUCCESS
add_team: SUCCESS
add_team: SUCCESS
add_team: SUCCESS
add_team: SUCCESS
add_team: SUCCESS
add_team: SUCCESS
add_team: SUCCESS
add_team: SUCCESS
add_team: SUCCESS
add_team: SUCCESS
add_team: SUCCESS
add_team: SUCCESS
add_team: SUCCESS
add_team: SUCCESS
add_team: SUCCESS
add_team: SUCCESS
add_team: SUCCESS
add_team: SUCCESS
add_team: SUCCESS
add_team: SUCCESS
add_team: SUCCESS
add_team: SUCCESS
add_team: SUCCESS
add_team: SUCCESS
add_team: SUCCESS
add_team: SUCCESS
add_team: SUCCESS
add_team: SUCCESS
add_team: SUCCESS
add_team: SUCCESS
add_team: SUCCESS
add_team: SUCCESS
add_team: SUCCESS
add_team: SUCCESS
add_team: SUCCESS
add_team: SUCCESS
add_team: SUCCESS
add_team: SUCCESS
add_team: SUCCESS
add_team: SUCCESS
add_team: SUCCESS
add_team: SUCCESS
add_team: SUCCESS
add_team: SUCCESS
add_team: SUCCESS
add_team: SUCCESS
add_team: SUCCESS
add_team: SUCCESS
add_team: SUCCESS
add_team: SUCCESS
add_team: SUCCESS
add_team: SUCCESS
add_team: SUCCESS
add_team: SUCCESS
add_team: SUCCESS
add_team: SUCCESS
add_team: SUCCESS
add_team: SUCCESS
add_team: SUCCESS
add_player: SUCCESS
add_player: SUCCESS
add_player: SUCCESS
add_player: SUCCESS
add_player: SUCCESS
add_player: SUCCESS
add_player: SUCCESS
add_player: SUCCESS
add_player: SUCCESS
add_player: SUCCESS
add_player: SUCCESS
add_player: SUCCESS
add_player: SUCCESS
add_player: SUCCESS
add_player: SUCCESS
add_player: SUCCESS
add_player: SUCCESS
add_player: SUCCESS
add_player: SUCCESS
add_player: SUCCESS
add_player: SUCCESS
add_player: SUCCESS
add_player: SUCCESS
add_player: SUCCESS
add_player: SUCCESS
add_player: SUCCESS
add_player: SUCCESS
add_player: SUCCESS
add_player: SUCCESS
add_player: SUCCESS
add_player: SUCCESS
add_player: SUCCESS
add_player: SUCCESS
add_player: SUCCESS
add_player: SUCCESS
add_player: SUCCESS
add_player: SUCCESS
add_player: SUCCESS
add_player: SUCCESS
add_player: SUCCESS
add_player: SUCCESS
add_player: SUCCESS
add_player: SUCCESS
add_player: SUCCESS
add_player: SUCCESS
add_player: SUCCESS
add_player: SUCCESS
add_player: SUCCESS
add_player: SUCCESS
add_player: SUCCESS
add_player: SUCCESS
add_player: SUCCESS
add_player: SUCCESS
add_player: SUCCESS
add_player: SUCCESS
add_player: SUCCESS
add_player: SUCCESS
add_player: SUCCESS
add_player: SUCCESS
add_player: SUCCESS
add_player: SUCCESS
add_player: SUCCESS
add_player: SUCCESS
add_player: SUCCESS
add_player: SUCCESS
add_player: SUCCESS
add_player: SUCCESS
add_player: SUCCESS
add_player: SUCCESS
add_player: SUCCESS
add_player: SUCCESS
add_player: SUCCESS
add_player: SUCCESS
add_player: SUCCESS
add_player: SUCCESS
add_player: SUCCESS
add_player: SUCCESS
add_player: SUCCESS
add_player: SUCCESS
add_player: SUCCESS
add_player: SUCCESS
add_player: SUCCESS
add_player: SUCCESS
add_player: SUCCESS
add_player: SUCCESS
add_player: SUCCESS
add_player: SUCCESS
add_player: SUCCESS
add_player: SUCCESS
add_player: SUCCESS
add_player: SUCCESS
add_player: SUCCESS
add_player: SUCCESS
add_player: SUCCESS
add_player: SUCCESS
add_player: SUCCESS
add_player: SUCCESS
add_player: SUCCESS
add_player: SUCCESS
add_player: SUCCESS
play_match: FAILURE
add_team: SUCCESS
play_match: FAILURE
add_player: SUCCESS
get_team_points: SUCCESS, 0
num_played_games_for_player: SUCCESS, 22
get_team_points: SUCCESS, 0
add_player: SUCCESS
add_player: SUCCESS
remove_team: FAILURE
get_ith_pointless_ability: FAILURE
get_player_cards: SUCCESS, 76
add_player: SUCCESS
play_match: FAILURE
play_match: FAILURE
add_player: SUCCESS
get_ith_pointless_ability: FAILURE
add_player: SUCCESS
remove_team: FAILURE
get_player_cards: SUCCESS, 257
get_partial_spirit: SUCCESS, 1,2,3,4,5
play_match: FAILURE
add_player: SUCCESS
get_partial_spirit: SUCCESS, 1,2,3,4,5
play_match: FAILURE
add_player: SUCCESS
get_team_points: SUCCESS, 0
play_match: FAILURE
num_played_games_for_player: SUCCESS, 22
play_match: FAILURE
add_player: SUCCESS
get_team_points: SUCCESS, 0
add_player: SUCCESS
add_player: SUCCESS
buy_team: SUCCESS
get_player_cards: SUCCESS, 123
add_player: SUCCESS
remove_team: FAILURE
get_ith_pointless_ability: SUCCESS, 62
add_player_cards: SUCCESS
add_player: SUCCESS
get_player_cards: SUCCESS, 166
add_player: SUCCESS
num_played_games_for_player: SUCCESS, 22
add_team: FAILURE
add_player: SUCCESS
add_player: SUCCESS
get_player_cards: SUCCESS, 259
remove_team: FAILURE
add_player: SUCCESS
add_team: FAILURE
add_player: SUCCESS
buy_team: SUCCESS
remove_team: FAILURE
add_player: SUCCESS
remove_team: FAILURE
add_team: FAILURE
play_match: FAILURE
remove_team: FAILURE
remove_team: FAILURE
add_player: SUCCESS
get_ith_pointless_ability: SUCCESS, 18
get_ith_pointless_ability: SUCCESS, 17
buy_team: SUCCESS
num_played_games_for_player: SUCCESS, 22
add_player: SUCCESS
add_player_cards: SUCCESS
play_match: FAILURE
get_partial_spirit: SUCCESS, 1,2,3,4,5
buy_team: SUCCESS
num_played_games_for_player: SUCCESS, 22
get_partial_spirit: SUCCESS, 4,1,3,5,2
remove_team: FAILURE
get_partial_spirit: SUCCESS, 1,2,3,4,5
buy_team: SUCCESS
buy_team: SUCCESS
num_played_games_for_player: SUCCESS, 22
add_player: SUCCESS
add_team: FAILURE
add_player_cards: SUCCESS
add_player: SUCCESS
add_player: SUCCESS
add_team: FAILURE
num_played_games_for_player: SUCCESS, 22
get_player_cards: SUCCESS, 208
add_player_cards: SUCCESS
add_player: SUCCESS
add_player_cards: SUCCESS
buy_team: SUCCESS
add_player_cards: SUCCESS
play_match: FAILURE
add_player: SUCCESS
get_team_points: SUCCESS, 0
num_played_games_for_player: SUCCESS, 22
add_player: SUCCESS
get_player_cards: SUCCESS, 164
add_player: SUCCESS
get_team_points: SUCCESS, 0
num_played_games_for_player: SUCCESS, 22
play_match: FAILURE
get_team_points: SUCCESS, 0
add_player: SUCCESS
buy_team: SUCCESS
buy_team: SUCCESS
add_player: SUCCESS
play_match: FAILURE
add_player_cards: SUCCESS
get_ith_pointless_ability: FAILURE
get_team_points: SUCCESS, 0
add_team: FAILURE
add_player: SUCCESS
add_team: FAILURE
remove_team: FAILURE
add_team: FAILURE
add_player: SUCCESS
get_partial_spirit: SUCCESS, 1,2,3,4,5
get_ith_pointless_ability: FAILURE
num_played_games_for_player: SUCCESS, 22
add_player_cards: SUCCESS
add_player_cards: SUCCESS
add_player: SUCCESS
get_player_cards: SUCCESS, 99
get_player_cards: SUCCESS, 134
play_match: FAILURE
add_player_cards: SUCCESS
add_player: SUCCESS
add_player: SUCCESS
get_ith_pointless_ability: FAILURE
remove_team: FAILURE
add_player: SUCCESS
add_player: SUCCESS
get_partial_spirit: SUCCESS, 3,4,5,2,1
get_partial_spirit: SUCCESS, 2,3,4,5,1
play_match: FAILURE
add_player: FAILURE
get_player_cards: SUCCESS, 13
get_team_points: SUCCESS, 0
add_player: SUCCESS
buy_team: SUCCESS
get_ith_pointless_ability: FAILURE
add_player: SUCCESS
num_played_games_for_player: SUCCESS, 22
remove_team: FAILURE
remove_team: FAILURE
add_team: FAILURE
get_ith_pointless_ability: FAILURE
get_player_cards: SUCCESS, 237
add_player: SUCCESS
add_player: SUCCESS
get_partial_spirit: SUCCESS, 3,4,5,2,1
get_ith_pointless_ability: FAILURE
add_player: SUCCESS
add_player: SUCCESS
add_player: FAILURE
get_ith_pointless_ability: SUCCESS, 57
get_player_cards: SUCCESS, 102
add_player: SUCCESS
add_player: SUCCESS
get_partial_spirit: SUCCESS, 3,1,4,5,2
num_played_games_for_player: SUCCESS, 22
get_ith_pointless_ability: FAILURE
num_played_games_for_player: SUCCESS, 22
add_player: SUCCESS
add_team: FAILURE
add_player_cards: SUCCESS
add_player: SUCCESS
add_team: FAILURE
remove_team: FAILURE
get_team_points: SUCCESS, 0
get_team_points: SUCCESS, 0
add_player_cards: SUCCESS
get_ith_pointless_ability: SUCCESS, 39
remove_team: FAILURE
add_player: SUCCESS
add_player: SUCCESS
get_player_cards: SUCCESS, 341
buy_team: SUCCESS
add_team: FAILURE
play_match: FAILURE
get_ith_pointless_ability: FAILURE
buy_team: SUCCESS
add_player: SUCCESS
add_player: SUCCESS
num_played_games_for_player: SUCCESS, 22
add_player: SUCCESS
play_match: SUCCESS, 3
add_player: SUCCESS
add_player_cards: SUCCESS
play_match: SUCCESS, 1
add_player_cards: SUCCESS
add_player: SUCCESS
get_partial_spirit: SUCCESS, 1,2,4,3,5
remove_team: FAILURE
get_ith_pointless_ability: SUCCESS, 88
add_team: FAILURE
buy_team: SUCCESS
get_partial_spirit: SUCCESS, 1,2,3,4,5
get_player_cards: SUCCESS, 99
add_team: FAILURE
add_player: SUCCESS
add_player: SUCCESS
add_player: SUCCESS
get_team_points: SUCCESS, 0
play_match: FAILURE
buy_team: SUCCESS
buy_team: SUCCESS
add_player: FAILURE
buy_team: SUCCESS
buy_team: SUCCESS
add_player: SUCCESS
add_team: FAILURE
num_played_games_for_player: SUCCESS, 22
add_player_cards: SUCCESS
add_player: SUCCESS
get_team_points: SUCCESS, 0
add_player: SUCCESS
add_team: FAILURE
remove_team: FAILURE
get_ith_pointless_ability: SUCCESS, 84
add_player: SUCCESS
add_player: SUCCESS
add_player: SUCCESS
remove_team: FAILURE
remove_team: FAILURE
get_player_cards: SUCCESS, 136
add_player: SUCCESS
add_player: FAILURE
add_player: SUCCESS
get_ith_pointless_ability: FAILURE
get_ith_pointless_ability: SUCCESS, 59
buy_team: SUCCESS
num_played_games_for_player: SUCCESS, 22
get_player_cards: SUCCESS, 292
get_player_cards: SUCCESS, 6
get_player_cards: SUCCESS, 85
get_player_cards: SUCCESS, 286
add_team: FAILURE
remove_team: FAILURE
play_match: FAILURE
get_player_cards: SUCCESS, 12
get_partial_spirit: SUCCESS, 1,2,3,4,5
get_player_cards: SUCCESS, 213
remove_team: FAILURE
get_player_cards: SUCCESS, 231
play_match: FAILURE
num_played_games_for_player: SUCCESS, 22
add_player: SUCCESS
get_partial_spirit: SUCCESS, 1,2,5,3,4
play_match: FAILURE
num_played_games_for_player: SUCCESS, 22
get_player_cards: SUCCESS, 42
add_player: SUCCESS
get_team_points: SUCCESS, 0
add_player: SUCCESS
num_played_games_for_player: SUCCESS, 22
play_match: FAILURE
num_played_games_for_player: SUCCESS, 22
add_player: SUCCESS
get_ith_pointless_ability: FAILURE
get_ith_pointless_ability: SUCCESS, 93
num_played_games_for_player: SUCCESS, 22
add_team: FAILURE
add_player: FAILURE
get_partial_spirit: SUCCESS, 1,4,3,5,2
remove_team: FAILURE
buy_team: SUCCESS
add_player_cards: SUCCESS
add_player_cards: FAILURE
num_played_games_for_player: SUCCESS, 22
remove_team: FAILURE
add_team: FAILURE
get_team_points: SUCCESS, 0
add_player: SUCCESS
get_partial_spirit: SUCCESS, 4,5,3,1,2
add_player: SUCCESS
get_ith_pointless_ability: FAILURE
remove_team: FAILURE
get_partial_spirit: SUCCESS, 1,2,3,4,5
add_team: FAILURE
num_played_games_for_player: SUCCESS, 22
get_player_cards: SUCCESS, 189
add_player: SUCCESS
add_player: FAILURE
get_team_points: SUCCESS, 0
play_match: FAILURE
buy_team: SUCCESS
get_partial_spirit: SUCCESS, 5,1,3,2,4
get_team_points: SUCCESS, 0
add_player_cards: SUCCESS
get_partial_spirit: SUCCESS, 2,1,5,4,3
get_partial_spirit: SUCCESS, 2,4,3,5,1
buy_team: SUCCESS
get_partial_spirit: SUCCESS, 1,2,3,4,5
remove_team: FAILURE
add_player: SUCCESS
add_player: SUCCESS
buy_team: SUCCESS
get_ith_pointless_ability: FAILURE
get_partial_spirit: SUCCESS, 1,2,3,4,5
get_player_cards: SUCCESS, 231
get_player_cards: SUCCESS, 2
add_player: FAILURE
get_team_points: SUCCESS, 0
buy_team: SUCCESS
num_played_games_for_player: SUCCESS, 22
get_ith_pointless_ability: FAILURE
add_player: SUCCESS
add_player_cards: SUCCESS
play_match: FAILURE
add_player: FAILURE
get_ith_pointless_ability: SUCCESS, 12
buy_team: SUCCESS
add_player_cards: SUCCESS
add_player: SUCCESS
get_player_cards: SUCCESS, 14
buy_team: SUCCESS
buy_team: SUCCESS
play_match: FAILURE
get_team_points: SUCCESS, 0
get_ith_pointless_ability: SUCCESS, 17
get_ith_pointless_ability: FAILURE
get_partial_spirit: SUCCESS, 4,1,3,5,2
get_ith_pointless_ability: FAILURE
get_player_cards: SUCCESS, 259
add_team: FAILURE
add_player: SUCCESS
add_player_cards: SUCCESS
get_team_points: SUCCESS, 0
add_player_cards: SUCCESS
get_player_cards: SUCCESS, 120
get_ith_pointless_ability: SUCCESS, 91
get_ith_pointless_ability: FAILURE
num_played_games_for_player: SUCCESS, 22
get_ith_pointless_ability: SUCCESS, 40
buy_team: SUCCESS
remove_team: FAILURE
get_partial_spirit: FAILURE
get_player_cards: SUCCESS, 231
get_ith_pointless_ability: FAILURE
add_player_cards: SUCCESS
add_team: FAILURE
add_team: FAILURE
num_played_games_for_player: SUCCESS, 22
get_player_cards: SUCCESS, 191
get_ith_pointless_ability: FAILURE
get_ith_pointless_ability: SUCCESS, 83
remove_team: FAILURE
get_player_cards: SUCCESS, 260
add_player_cards: SUCCESS
add_player: SUCCESS
add_player: FAILURE
get_team_points: SUCCESS, 0
buy_team: SUCCESS
get_partial_spirit: SUCCESS, 1,2,3,4,5
buy_team: SUCCESS
buy_team: SUCCESS
get_ith_pointless_ability: SUCCESS, 58
add_team: FAILURE
add_player: FAILURE
get_partial_spirit: FAILURE
add_player: SUCCESS
get_player_cards: SUCCESS, 123
remove_team: FAILURE
get_team_points: SUCCESS, 0
add_player_cards: SUCCESS
buy_team: SUCCESS
add_player_cards: SUCCESS
get_ith_pointless_ability: FAILURE
buy_team: SUCCESS
add_player: SUCCESS
get_team_points: SUCCESS, 0
get_player_cards: SUCCESS, 35
add_player: SUCCESS
buy_team: SUCCESS
get_partial_spirit: SUCCESS, 3,2,1,4,5
num_played_games_for_player: SUCCESS, 22
add_player: SUCCESS
add_player: SUCCESS
buy_team: SUCCESS
add_player: SUCCESS
add_team: FAILURE
add_team: FAILURE
get_partial_spirit: SUCCESS, 1,2,3,4,5
add_player_cards: SUCCESS
add_player: SUCCESS
add_player: FAILURE
add_player_cards: SUCCESS
remove_team: FAILURE
get_player_cards: SUCCESS, 111
get_team_points: SUCCESS, 0
add_player: SUCCESS
add_player: SUCCESS
remove_team: FAILURE
buy_team: SUCCESS
get_ith_pointless_ability: FAILURE
add_team: FAILURE
get_partial_spirit: SUCCESS, 1,2,3,4,5
get_partial_spirit: SUCCESS, 1,2,3,4,5
get_ith_pointless_ability: SUCCESS, 91
add_player_cards: SUCCESS
remove_team: FAILURE
get_partial_spirit: SUCCESS, 1,2,3,4,5
get_player_cards: SUCCESS, 176
get_partial_spirit: SUCCESS, 1,2,3,4,5
add_player_cards: SUCCESS
add_player: SUCCESS
get_partial_spirit: SUCCESS, 5,1,3,2,4
get_team_points: SUCCESS, 0
get_partial_spirit: FAILURE
get_ith_pointless_ability: SUCCESS, 43
add_player: SUCCESS
play_match: FAILURE
get_ith_pointless_ability: SUCCESS, 38
get_partial_spirit: SUCCESS, 2,3,4,5,1
get_ith_pointless_ability: SUCCESS, 83
get_team_points: SUCCESS, 0
get_player_cards: SUCCESS, 161
get_ith_pointless_ability: SUCCESS, 61
add_player_cards: SUCCESS
num_played_games_for_player: SUCCESS, 22
play_match: FAILURE
get_team_points: SUCCESS, 0
add_team: FAILURE
add_player: FAILURE
add_player: FAILURE
add_player: SUCCESS
get_team_points: SUCCESS, 0
get_partial_spirit: SUCCESS, 1,2,3,4,5
get_partial_spirit: SUCCESS, 4,2,3,5,1
add_player: SUCCESS
get_player_cards: SUCCESS, 6
get_ith_pointless_ability: SUCCESS, 92
add_player_cards: SUCCESS
remove_team: FAILURE
add_player_cards: SUCCESS
add_player_cards: SUCCESS
get_player_cards: SUCCESS, 211
add_player: FAILURE
num_played_games_for_player: SUCCESS, 22
get_player_cards: SUCCESS, 235
num_played_games_for_player: SUCCESS, 22
get_ith_pointless_ability: SUCCESS, 73
get_team_points: SUCCESS, 0
add_player: FAILURE
add_player: SUCCESS
add_player: SUCCESS
remove_team: FAILURE
get_ith_pointless_ability: FAILURE
get_partial_spirit: SUCCESS, 1,2,3,4,5
num_played_games_for_player: SUCCESS, 22
get_team_points: SUCCESS, 0
add_player: FAILURE
add_team: FAILURE
get_ith_pointless_ability: SUCCESS, 42
remove_team: FAILURE
buy_team: SUCCESS
remove_team: FAILURE
buy_team: SUCCESS
get_partial_spirit: SUCCESS, 1,2,3,4,5
add_player: SUCCESS
add_player: SUCCESS
add_team: FAILURE
get_team_points: SUCCESS, 0
add_player: SUCCESS
add_team: FAILURE
get_ith_pointless_ability: SUCCESS, 17
num_played_games_for_player: SUCCESS, 22
get_player_cards: SUCCESS, 126
get_partial_spirit: SUCCESS, 4,2,1,3,5
get_team_points: SUCCESS, 0
add_player: FAILURE
get_player_cards: SUCCESS, 90
buy_team: SUCCESS
add_player_cards: SUCCESS
get_player_cards: SUCCESS, 47
get_ith_pointless_ability: SUCCESS, 5
get_player_cards: SUCCESS, 238
get_player_cards: SUCCESS, 143
add_player: SUCCESS
add_team: FAILURE
remove_team: FAILURE
get_partial_spirit: SUCCESS, 5,3,4,2,1
get_player_cards: SUCCESS, 226
add_team: FAILURE
get_team_points: SUCCESS, 0
get_player_cards: SUCCESS, 113
get_ith_pointless_ability: SUCCESS, 24
get_partial_spirit: FAILURE
add_player: SUCCESS
add_player: FAILURE
get_team_points: SUCCESS, 0
add_player: SUCCESS
play_match: SUCCESS, 1
add_team: FAILURE
remove_team: FAILURE
buy_team: SUCCESS
get_team_points: FAILURE
buy_team: SUCCESS
add_player: SUCCESS
get_player_cards: SUCCESS, 231
get_partial_spirit: SUCCESS, 1,2,3,4,5
play_match: SUCCESS, 1
get_partial_spirit: SUCCESS, 3,2,4,5,1
get_player_cards: SUCCESS, 252
remove_team: FAILURE
add_player: SUCCESS
add_team: FAILURE
remove_team: FAILURE
add_player: SUCCESS
add_player: SUCCESS
add_team: FAILURE
add_team: FAILURE
remove_team: FAILURE
add_team: FAILURE
num_played_games_for_player: SUCCESS, 22
get_partial_spirit: SUCCESS, 4,5,1,2,3
num_played_games_for_player: SUCCESS, 22
add_player: FAILURE
num_played_games_for_player: SUCCESS, 22
remove_team: FAILURE
remove_team: FAILURE
buy_team: SUCCESS
get_team_points: SUCCESS, 3
get_ith_pointless_ability: SUCCESS, 78
play_match: FAILURE
add_player: FAILURE
get_team_points: SUCCESS, 0
add_player: SUCCESS
add_player: FAILURE
get_team_points: SUCCESS, 0
add_player_cards: SUCCESS
num_played_games_for_player: SUCCESS, 22
add_player: FAILURE
get_team_points: SUCCESS, 0
play_match: FAILURE
remove_team: FAILURE
add_player: SUCCESS
num_played_games_for_player: SUCCESS, 22
play_match: FAILURE
play_match: FAILURE
add_player_cards: SUCCESS
buy_team: SUCCESS
play_match: FAILURE
add_player: FAILURE
remove_team: FAILURE
play_match: FAILURE
add_player: SUCCESS
get_team_points: SUCCESS, 0
get_team_points: SUCCESS, 0
add_team: FAILURE
play_match: FAILURE
add_team: FAILURE
add_player: SUCCESS
get_player_cards: SUCCESS, 85
num_played_games_for_player: SUCCESS, 22
add_team: FAILURE
add_player: FAILURE
add_player_cards: SUCCESS
add_team: FAILURE
buy_team: SUCCESS
play_match: FAILURE
play_match: FAILURE
add_player_cards: SUCCESS
add_player_cards: SUCCESS
add_player: FAILURE
add_team: FAILURE
add_player_cards: FAILURE
add_player: FAILURE
num_played_games_for_player: SUCCESS, 22
get_team_points: SUCCESS, 0
add_player_cards: SUCCESS
play_match: FAILURE
get_player_cards: SUCCESS, 102
add_team: FAILURE
remove_team: FAILURE
add_player: FAILURE
add_player: FAILURE
num_played_games_for_player: SUCCESS, 22
play_match: FAILURE
get_ith_pointless_ability: SUCCESS, 25
get_partial_spirit: SUCCESS, 1,2,3,4,5
remove_team: FAILURE
add_player: FAILURE
get_player_cards: SUCCESS, 333
add_player_cards: SUCCESS
play_match: FAILURE
add_player: FAILURE
get_player_cards: SUCCESS, 37
remove_team: FAILURE
get_partial_spirit: FAILURE
get_partial_spirit: SUCCESS, 1,2,3,4,5
play_match: FAILURE
get_player_cards: SUCCESS, 70
buy_team: SUCCESS
add_team: SUCCESS
add_player_cards: SUCCESS
buy_team: SUCCESS
get_team_points: SUCCESS, 3
get_ith_pointless_ability: SUCCESS, 89
num_played_games_for_player: SUCCESS, 22
remove_team: FAILURE
add_player: SUCCESS
get_player_cards: SUCCESS, 231
play_match: SUCCESS, 3
add_player_cards: SUCCESS
get_player_cards: SUCCESS, 19
get_ith_pointless_ability: SUCCESS, 17
num_played_games_for_player: SUCCESS, 22
add_player: SUCCESS
get_partial_spirit: FAILURE
get_player_cards: SUCCESS, 42
get_player_cards: SUCCESS, 160
get_player_cards: SUCCESS, 97
play_match: SUCCESS, 1
add_team: FAILURE
get_player_cards: SUCCESS, 275
add_player: FAILURE
remove_team: FAILURE
remove_team: FAILURE
get_partial_spirit: SUCCESS, 1,2,3,4,5
get_partial_spirit: FAILURE
add_player: SUCCESS
add_player: SUCCESS
play_match: FAILURE
add_player: FAILURE
get_player_cards: SUCCESS, 184
remove_team: FAILURE
buy_team: SUCCESS
play_match: FAILURE
add_team: FAILURE
add_team: FAILURE
get_ith_pointless_ability: SUCCESS, 58
get_team_points: SUCCESS, 0
get_partial_spirit: FAILURE
get_team_points: SUCCESS, 0
num_played_games_for_player: SUCCESS, 22
num_played_games_for_player: SUCCESS, 22
get_ith_pointless_ability: SUCCESS, 82
add_player: FAILURE
remove_team: FAILURE
add_player: FAILURE
get_ith_pointless_ability: SUCCESS, 89
get_team_points: SUCCESS, 0
num_played_games_for_player: SUCCESS, 22
get_ith_pointless_ability: SUCCESS, 35
buy_team: SUCCESS
add_team: FAILURE
get_team_points: SUCCESS, 0
get_partial_spirit: SUCCESS, 1,2,3,4,5
add_team: FAILURE
play_match: SUCCESS, 1
add_player_cards: SUCCESS
remove_team: FAILURE
get_ith_pointless_ability: FAILURE
get_team_points: SUCCESS, 0
get_player_cards: SUCCESS, 337
add_player: SUCCESS
num_played_games_for_player: SUCCESS, 22
get_partial_spirit: SUCCESS, 1,2,3,4,5
buy_team: SUCCESS
add_player: SUCCESS
get_team_points: SUCCESS, 0
get_ith_pointless_ability: SUCCESS, 24
get_ith_pointless_ability: FAILURE
add_player: SUCCESS
get_player_cards: SUCCESS, 187
get_player_cards: SUCCESS, 224
get_team_points: SUCCESS, 0
add_player_cards: SUCCESS
get_partial_spirit: SUCCESS, 1,2,3,4,5
get_player_cards: SUCCESS, 282
add_player_cards: SUCCESS
get_team_points: SUCCESS, 0
add_player: FAILURE
add_player: FAILURE
get_partial_spirit: SUCCESS, 1,2,3,4,5
add_team: FAILURE
add_player_cards: SUCCESS
get_partial_spirit: SUCCESS, 1,2,3,4,5
remove_team: FAILURE
get_team_points: SUCCESS, 0
add_team: FAILURE
get_partial_spirit: SUCCESS, 1,2,3,4,5
add_player: SUCCESS
add_player: FAILURE
get_partial_spirit: SUCCESS, 3,2,4,1,5
remove_team: FAILURE
remove_team: FAILURE
get_partial_spirit: SUCCESS, 1,2,3,4,5
add_player: SUCCESS
add_team: FAILURE
get_partial_spirit: SUCCESS, 1,2,3,4,5
play_match: FAILURE
add_player_cards: SUCCESS
remove_team: FAILURE
get_partial_spirit: FAILURE
add_player_cards: SUCCESS
add_player: SUCCESS
play_match: FAILURE
get_ith_pointless_ability: FAILURE
get_player_cards: SUCCESS, 208
add_player_cards: SUCCESS
get_player_cards: SUCCESS, 373
remove_team: FAILURE
buy_team: SUCCESS
add_player: FAILURE
get_team_points: SUCCESS, 0
add_player_cards: SUCCESS
add_player: SUCCESS
add_team: FAILURE
add_player: SUCCESS
play_match: SUCCESS, 1
add_player: SUCCESS
play_match: SUCCESS, 1
play_match: SUCCESS, 1
play_match: FAILURE
buy_team: SUCCESS
get_ith_pointless_ability: FAILURE
add_player: FAILURE
num_played_games_for_player: SUCCESS, 22
remove_team: FAILURE
add_team: SUCCESS
num_played_games_for_player: SUCCESS, 22
num_played_games_for_player: SUCCESS, 22
get_player_cards: SUCCESS, 181
get_team_points: SUCCESS, 0
add_player: SUCCESS
play_match: FAILURE
remove_team: FAILURE
add_player: SUCCESS
add_player: SUCCESS
add_player_cards: SUCCESS
add_team: FAILURE
add_player_cards: SUCCESS
get_team_points: SUCCESS, 0
play_match: FAILURE
remove_team: FAILURE
get_team_points: SUCCESS, 0
get_player_cards: SUCCESS, 162
add_team: FAILURE
add_player: FAILURE
add_player: SUCCESS
get_team_points: FAILURE
buy_team: SUCCESS
remove_team: FAILURE
remove_team: FAILURE
get_player_cards: SUCCESS, 284
add_player: FAILURE
get_player_cards: SUCCESS, 135
get_partial_spirit: FAILURE
get_player_cards: SUCCESS, 90
play_match: FAILURE
add_team: FAILURE
num_played_games_for_player: SUCCESS, 22
play_match: FAILURE
add_team: FAILURE
buy_team: SUCCESS
add_player_cards: SUCCESS
add_player: SUCCESS
add_team: FAILURE
buy_team: SUCCESS
add_team: FAILURE
get_player_cards: SUCCESS, 47
get_team_points: SUCCESS, 6
num_played_games_for_player: SUCCESS, 22
get_partial_spirit: SUCCESS, 1,2,3,4,5
add_player: SUCCESS
remove_team: FAILURE
get_ith_pointless_ability: SUCCESS, 5
add_player: SUCCESS
get_partial_spirit: FAILURE
get_player_cards: SUCCESS, 291
get_ith_pointless_ability: FAILURE
num_played_games_for_player: SUCCESS, 22
get_partial_spirit: SUCCESS, 3,1,2,5,4
get_partial_spirit: FAILURE
add_player_cards: SUCCESS
get_partial_spirit: SUCCESS, 3,1,2,5,4
add_player: SUCCESS
play_match: FAILURE
add_player: SUCCESS
add_player: SUCCESS
add_player: SUCCESS
add_team: FAILURE
num_played_games_for_player: SUCCESS, 22
buy_team: SUCCESS
add_player: FAILURE
get_team_points: SUCCESS, 0
buy_team: SUCCESS
get_team_points: SUCCESS, 3
add_player_cards: SUCCESS
add_player_cards: SUCCESS
add_player: FAILURE
remove_team: FAILURE
play_match: FAILURE
add_team: FAILURE
num_played_games_for_player: SUCCESS, 22
num_played_games_for_player: SUCCESS, 22
play_match: FAILURE
get_partial_spirit: FAILURE
get_player_cards: SUCCESS, 46
get_team_points: SUCCESS, 0
add_player: FAILURE
add_player: SUCCESS
play_match: FAILURE
num_played_games_for_player: SUCCESS, 22
add_player: FAILURE
buy_team: SUCCESS
add_player: SUCCESS
get_partial_spirit: SUCCESS, 2,3,5,4,1
remove_team: FAILURE
remove_team: FAILURE
play_match: FAILURE
get_ith_pointless_ability: SUCCESS, 91
add_player: SUCCESS
get_team_points: FAILURE
add_team: FAILURE
get_team_points: SUCCESS, 0
num_played_games_for_player: SUCCESS, 22
get_team_points: FAILURE
get_ith_pointless_ability: SUCCESS, 35
add_team: FAILURE
num_played_games_for_player: SUCCESS, 22
get_partial_spirit: SUCCESS, 1,2,3,4,5
add_player_cards: FAILURE
num_played_games_for_player: SUCCESS, 22
add_player_cards: SUCCESS
add_player: FAILURE
get_partial_spirit: SUCCESS, 5,2,1,3,4
buy_team: SUCCESS
get_partial_spirit: SUCCESS, 4,3,2,1,5
add_player_cards: SUCCESS
buy_team: SUCCESS
get_team_points: FAILURE
add_player: FAILURE
get_ith_pointless_ability: SUCCESS, 34
remove_team: FAILURE
add_team: FAILURE
add_player: FAILURE
remove_team: FAILURE
add_player: SUCCESS
add_player: FAILURE
get_partial_spirit: FAILURE
add_player: SUCCESS
add_player_cards: SUCCESS
add_player: SUCCESS
add_player: SUCCESS
add_player_cards: SUCCESS
add_player: SUCCESS
buy_team: SUCCESS
buy_team: SUCCESS
get_player_cards: SUCCESS, 202
remove_team: FAILURE
remove_team: FAILURE
add_player: FAILURE
remove_team: FAILURE
get_team_points: SUCCESS, 3
get_ith_pointless_ability: FAILURE
get_ith_pointless_ability: SUCCESS, 91
add_player_cards: SUCCESS
num_played_games_for_player: SUCCESS, 22
remove_team: FAILURE
get_ith_pointless_ability: FAILURE
add_team: FAILURE
add_player: SUCCESS
get_player_cards: SUCCESS, 341
buy_team: SUCCESS
get_partial_spirit: SUCCESS, 4,2,3,1,5
remove_team: FAILURE
get_player_cards: SUCCESS, 40
get_ith_pointless_ability: SUCCESS, 69
play_match: FAILURE
add_team: FAILURE
get_team_points: SUCCESS, 0
get_team_points: FAILURE
add_player_cards: FAILURE
get_team_points: SUCCESS, 0
num_played_games_for_player: SUCCESS, 22
get_ith_pointless_ability: SUCCESS, 18
get_ith_pointless_ability: FAILURE
num_played_games_for_player: SUCCESS, 22
play_match: FAILURE
add_player: SUCCESS
num_played_games_for_player: SUCCESS, 22
add_player: FAILURE
get_ith_pointless_ability: SUCCESS, 84
get_team_points: FAILURE
buy_team: SUCCESS
get_partial_spirit: SUCCESS, 1,5,2,3,4
get_partial_spirit: FAILURE
get_ith_pointless_ability: FAILURE
add_player: SUCCESS
add_team: FAILURE
play_match: FAILURE
add_player: FAILURE
add_team: FAILURE
get_ith_pointless_ability: SUCCESS, 58
num_played_games_for_player: SUCCESS, 22
get_partial_spirit: FAILURE
get_player_cards: SUCCESS, 225
get_partial_spirit: SUCCESS, 2,4,5,1,3
get_ith_pointless_ability: FAILURE
add_player: SUCCESS
add_player_cards: SUCCESS
add_player: FAILURE
add_player: FAILURE
add_player: SUCCESS
add_player: SUCCESS
get_partial_spirit: SUCCESS, 3,4,5,2,1
get_ith_pointless_ability: SUCCESS, 24
get_player_cards: SUCCESS, 209
add_player: FAILURE
get_team_points: SUCCESS, 0
remove_team: FAILURE
get_team_points: SUCCESS, 0
add_player: SUCCESS
get_ith_pointless_ability: SUCCESS, 87
get_partial_spirit: SUCCESS, 1,2,3,4,5
buy_team: SUCCESS
add_player_cards: SUCCESS
add_team: FAILURE
remove_team: FAILURE
get_player_cards: SUCCESS, 178
remove_team: FAILURE
get_team_points: SUCCESS, 0
remove_team: FAILURE
get_ith_pointless_ability: FAILURE
buy_team: SUCCESS
get_team_points: FAILURE
num_played_games_for_player: SUCCESS, 22
add_team: FAILURE
add_player: SUCCESS
num_played_games_for_player: SUCCESS, 22
get_team_points: FAILURE
add_player: FAILURE
add_team: FAILURE
add_team: FAILURE
add_player_cards: SUCCESS
get_player_cards: SUCCESS, 330
add_player: SUCCESS
add_player_cards: FAILURE
get_partial_spirit: SUCCESS, 1,3,2,5,4
num_played_games_for_player: SUCCESS, 22
get_player_cards: SUCCESS, 2
get_partial_spirit: SUCCESS, 3,1,4,5,2
num_played_games_for_player: SUCCESS, 22
num_played_games_for_player: SUCCESS, 22
add_player: FAILURE
get_player_cards: SUCCESS, 42
add_team: FAILURE
add_player: FAILURE
add_player: SUCCESS
add_player: FAILURE
get_ith_pointless_ability: FAILURE
remove_team: FAILURE
add_player: FAILURE
add_player: SUCCESS
get_team_points: SUCCESS, 0
remove_team: FAILURE
buy_team: SUCCESS
add_team: FAILURE
add_player: SUCCESS
get_partial_spirit: SUCCESS, 4,2,5,1,3
get_player_cards: SUCCESS, 617
get_ith_pointless_ability: SUCCESS, 97
num_played_games_for_player: SUCCESS, 22
add_team: FAILURE
get_player_cards: SUCCESS, 341
add_player: FAILURE
remove_team: FAILURE
add_player: FAILURE
get_partial_spirit: SUCCESS, 1,2,3,4,5
get_ith_pointless_ability: FAILURE
add_player_cards: FAILURE
play_match: FAILURE
num_played_games_for_player: SUCCESS, 22
add_player_cards: SUCCESS
get_ith_pointless_ability: FAILURE
get_ith_pointless_ability: FAILURE
add_player: FAILURE
get_team_points: FAILURE
remove_team: FAILURE
add_player: FAILURE
add_player: FAILURE
play_match: FAILURE
remove_team: FAILURE
add_team: FAILURE
add_player: FAILURE
add_team: FAILURE
num_played_games_for_player: SUCCESS, 22
add_player: FAILURE
remove_team: FAILURE
add_player: FAILURE
add_player: FAILURE
buy_team: SUCCESS
num_played_games_for_player: SUCCESS, 22
get_partial_spirit: SUCCESS, 3,2,1,4,5
num_played_games_for_player: SUCCESS, 22
add_player_cards: SUCCESS
play_match: FAILURE
