add_team: SUCCESS
add_team: SUCCESS
add_team: SUCCESS
add_team: SUCCESS
add_team: SUCCESS
add_team: SUCCESS
add_team: SUCCESS
add_team: SUCCESS
add_team: SUCCESS
add_team: SUCCESS
add_team: SUCCESS
add_team: SUCCESS
add_team: SUCCESS
add_team: SUCCESS
add_team: SUCCESS
add_team: SUCCESS
add_team: SUCCESS
add_team: SUCCESS
add_team: SUCCESS
add_team: SUCCESS
add_team: SUCCESS
add_team: SUCCESS
add_team: SUCCESS
add_team: SUCCESS
add_team: SUCCESS
add_team: SUCCESS
add_team: SUCCESS
add_team: SUCCESS
add_team: SUCCESS
add_team: SUCCESS
add_team: SUCCESS
add_team: SUCCESS
add_team: SUCCESS
add_team: SUCCESS
add_team: SUCCESS
add_team: SUCCESS
add_team: SUCCESS
add_team: SUCCESS
add_team: SUCCESS
add_team: SUCCESS
add_team: SUCCESS
add_team: SUCCESS
add_team: SUCCESS
add_team: SUCCESS
add_team: SUCCESS
add_team: SUCCESS
add_team: SUCCESS
add_team: SUCCESS
add_team: SUCCESS
add_team: SUCCESS
add_team: SUCCESS
add_team: SUCCESS
add_team: SUCCESS
add_team: SUCCESS
add_team: SUCCESS
add_team: SUCCESS
add_team: SUCCESS
add_team: SUCCESS
add_team: SUCCESS
add_team: SUCCESS
add_team: SUCCESS
add_team: SUCCESS
add_team: SUCCESS
add_team: SUCCESS
add_team: SUCCESS
add_team: SUCCESS
add_team: SUCCESS
add_team: SUCCESS
add_team: SUCCESS
add_team: SUCCESS
add_team: SUCCESS
add_team: SUCCESS
add_team: SUCCESS
add_team: SUCCESS
add_team: SUCCESS
add_team: SUCCESS
add_team: SUCCESS
add_team: SUCCESS
add_team: SUCCESS
add_team: SUCCESS
add_team: SUCCESS
add_team: SUCCESS
add_team: SUCCESS
add_team: SUCCESS
add_team: SUCCESS
add_team: SUCCESS
add_team: SUCCESS
add_team: SUCCESS
add_team: SUCCESS
add_team: SUCCESS
add_team: SUCCESS
add_team: SUCCESS
add_team: SUCCESS
add_team: SUCCESS
add_team: SUCCESS
add_team: SUCCESS
add_team: SUCCESS
add_team: SUCCESS
add_team: SUCCESS
add_team: SUCCESS
add_player: SUCCESS
add_player: SUCCESS
add_player: SUCCESS
add_player: SUCCESS
add_player: SUCCESS
add_player: SUCCESS
add_player: SUCCESS
add_player: SUCCESS
add_player: SUCCESS
add_player: SUCCESS
add_player: SUCCESS
add_player: SUCCESS
add_player: SUCCESS
add_player: SUCCESS
add_player: SUCCESS
add_player: SUCCESS
add_player: SUCCESS
add_player: SUCCESS
add_player: SUCCESS
add_player: SUCCESS
add_player: SUCCESS
add_player: SUCCESS
add_player: SUCCESS
add_player: SUCCESS
add_player: SUCCESS
add_player: SUCCESS
add_player: SUCCESS
add_player: SUCCESS
add_player: SUCCESS
add_player: SUCCESS
add_player: SUCCESS
add_player: SUCCESS
add_player: SUCCESS
add_player: SUCCESS
add_player: SUCCESS
add_player: SUCCESS
add_player: SUCCESS
add_player: SUCCESS
add_player: SUCCESS
add_player: SUCCESS
add_player: SUCCESS
add_player: SUCCESS
add_player: SUCCESS
add_player: SUCCESS
add_player: SUCCESS
add_player: SUCCESS
add_player: SUCCESS
add_player: SUCCESS
add_player: SUCCESS
add_player: SUCCESS
add_player: SUCCESS
add_player: SUCCESS
add_player: SUCCESS
add_player: SUCCESS
add_player: SUCCESS
add_player: SUCCESS
add_player: SUCCESS
add_player: SUCCESS
add_player: SUCCESS
add_player: SUCCESS
add_player: SUCCESS
add_player: SUCCESS
add_player: SUCCESS
add_player: SUCCESS
add_player: SUCCESS
add_player: SUCCESS
add_player: SUCCESS
add_player: SUCCESS
add_player: SUCCESS
add_player: SUCCESS
add_player: SUCCESS
add_player: SUCCESS
add_player: SUCCESS
add_player: SUCCESS
add_player: SUCCESS
add_player: SUCCESS
add_player: SUCCESS
add_player: SUCCESS
add_player: SUCCESS
add_player: SUCCESS
add_player: SUCCESS
add_player: SUCCESS
add_player: SUCCESS
add_player: SUCCESS
add_player: SUCCESS
add_player: SUCCESS
add_player: SUCCESS
add_player: SUCCESS
add_player: SUCCESS
add_player: SUCCESS
add_player: SUCCESS
add_player: SUCCESS
add_player: SUCCESS
add_player: SUCCESS
add_player: SUCCESS
add_player: SUCCESS
add_player: SUCCESS
add_player: SUCCESS
add_player: SUCCESS
add_player: SUCCESS
get_player_cards: SUCCESS, 255
add_player_cards: SUCCESS
get_partial_spirit: SUCCESS, 1,2,3,4,5
get_team_points: SUCCESS, 0
num_played_games_for_player: SUCCESS, 22
add_player: SUCCESS
remove_team: FAILURE
add_player_cards: SUCCESS
get_player_cards: SUCCESS, 238
add_player: SUCCESS
num_played_games_for_player: SUCCESS, 22
play_match: FAILURE
num_played_games_for_player: SUCCESS, 22
get_partial_spirit: SUCCESS, 2,4,5,3,1
play_match: FAILURE
get_team_points: SUCCESS, 0
get_partial_spirit: SUCCESS, 1,2,3,4,5
remove_team: FAILURE
get_team_points: SUCCESS, 0
add_player: SUCCESS
get_ith_pointless_ability: FAILURE
add_team: SUCCESS
num_played_games_for_player: SUCCESS, 22
get_partial_spirit: SUCCESS, 1,2,3,4,5
add_player: SUCCESS
play_match: FAILURE
num_played_games_for_player: SUCCESS, 22
get_partial_spirit: SUCCESS, 1,2,3,4,5
get_partial_spirit: SUCCESS, 1,2,3,4,5
get_team_points: SUCCESS, 0
add_player: SUCCESS
add_player: SUCCESS
add_player_cards: SUCCESS
add_team: FAILURE
num_played_games_for_player: SUCCESS, 22
get_ith_pointless_ability: FAILURE
get_player_cards: SUCCESS, 287
remove_team: FAILURE
add_player: SUCCESS
add_team: FAILURE
play_match: FAILURE
add_player_cards: SUCCESS
num_played_games_for_player: SUCCESS, 22
add_team: FAILURE
add_team: FAILURE
get_player_cards: SUCCESS, 276
get_player_cards: SUCCESS, 280
play_match: FAILURE
add_team: FAILURE
get_partial_spirit: SUCCESS, 1,2,3,4,5
buy_team: SUCCESS
add_player: SUCCESS
get_team_points: SUCCESS, 0
remove_team: FAILURE
play_match: FAILURE
num_played_games_for_player: SUCCESS, 22
buy_team: SUCCESS
add_player: SUCCESS
num_played_games_for_player: SUCCESS, 22
get_team_points: SUCCESS, 0
add_player_cards: SUCCESS
remove_team: FAILURE
get_partial_spirit: SUCCESS, 1,2,3,4,5
get_team_points: SUCCESS, 0
add_player: SUCCESS
get_player_cards: SUCCESS, 264
add_player_cards: SUCCESS
get_player_cards: SUCCESS, 184
get_partial_spirit: SUCCESS, 1,2,3,4,5
add_player: SUCCESS
add_player: SUCCESS
play_match: FAILURE
play_match: FAILURE
play_match: FAILURE
play_match: FAILURE
num_played_games_for_player: SUCCESS, 22
add_player: SUCCESS
add_player_cards: SUCCESS
add_player: SUCCESS
buy_team: SUCCESS
play_match: FAILURE
add_player: SUCCESS
add_player: SUCCESS
get_partial_spirit: SUCCESS, 1,4,5,2,3
buy_team: SUCCESS
add_team: FAILURE
add_player_cards: SUCCESS
add_player: SUCCESS
get_player_cards: SUCCESS, 198
add_player: SUCCESS
buy_team: SUCCESS
play_match: FAILURE
buy_team: SUCCESS
buy_team: SUCCESS
add_player: SUCCESS
buy_team: SUCCESS
get_partial_spirit: SUCCESS, 1,2,3,4,5
get_player_cards: SUCCESS, 33
add_team: FAILURE
get_ith_pointless_ability: SUCCESS, 65
get_player_cards: SUCCESS, 156
add_player_cards: SUCCESS
get_partial_spirit: SUCCESS, 1,2,3,4,5
add_team: FAILURE
get_ith_pointless_ability: FAILURE
get_player_cards: SUCCESS, 160
add_team: FAILURE
num_played_games_for_player: SUCCESS, 22
add_player: SUCCESS
remove_team: FAILURE
add_team: SUCCESS
add_player: SUCCESS
add_player: SUCCESS
add_player: SUCCESS
add_player_cards: SUCCESS
buy_team: SUCCESS
get_player_cards: SUCCESS, 165
get_player_cards: SUCCESS, 52
get_player_cards: SUCCESS, 198
add_player_cards: SUCCESS
add_player_cards: SUCCESS
add_player: SUCCESS
get_player_cards: SUCCESS, 142
get_player_cards: SUCCESS, 33
add_player: SUCCESS
add_player: SUCCESS
num_played_games_for_player: SUCCESS, 22
buy_team: SUCCESS
buy_team: SUCCESS
get_player_cards: SUCCESS, 195
add_player: SUCCESS
get_partial_spirit: SUCCESS, 1,2,3,4,5
add_player: FAILURE
buy_team: SUCCESS
add_player_cards: SUCCESS
add_player: SUCCESS
add_player_cards: SUCCESS
add_player: SUCCESS
get_team_points: SUCCESS, 0
get_team_points: SUCCESS, 0
add_player: SUCCESS
get_player_cards: SUCCESS, 148
add_player: FAILURE
add_team: FAILURE
remove_team: FAILURE
remove_team: FAILURE
num_played_games_for_player: SUCCESS, 22
add_player: SUCCESS
num_played_games_for_player: SUCCESS, 22
add_player: SUCCESS
get_team_points: SUCCESS, 0
remove_team: FAILURE
num_played_games_for_player: SUCCESS, 22
buy_team: SUCCESS
num_played_games_for_player: SUCCESS, 22
remove_team: FAILURE
buy_team: SUCCESS
add_player: SUCCESS
num_played_games_for_player: SUCCESS, 22
add_player: FAILURE
buy_team: SUCCESS
play_match: FAILURE
get_partial_spirit: SUCCESS, 1,2,3,4,5
get_ith_pointless_ability: FAILURE
get_player_cards: SUCCESS, 9
get_partial_spirit: SUCCESS, 1,2,3,4,5
get_team_points: SUCCESS, 0
get_team_points: SUCCESS, 0
remove_team: FAILURE
remove_team: FAILURE
add_player: FAILURE
add_team: FAILURE
add_player: FAILURE
play_match: FAILURE
add_player: FAILURE
num_played_games_for_player: SUCCESS, 22
get_ith_pointless_ability: FAILURE
play_match: FAILURE
add_player: FAILURE
buy_team: SUCCESS
get_team_points: SUCCESS, 0
num_played_games_for_player: SUCCESS, 22
buy_team: SUCCESS
add_player: FAILURE
get_player_cards: SUCCESS, 64
play_match: FAILURE
add_player: FAILURE
add_team: FAILURE
get_player_cards: SUCCESS, 167
get_team_points: SUCCESS, 0
add_player: FAILURE
add_player: FAILURE
get_ith_pointless_ability: FAILURE
add_player: FAILURE
remove_team: FAILURE
add_player_cards: SUCCESS
remove_team: FAILURE
get_partial_spirit: SUCCESS, 1,2,3,4,5
add_player: FAILURE
buy_team: SUCCESS
num_played_games_for_player: SUCCESS, 22
get_ith_pointless_ability: FAILURE
get_partial_spirit: SUCCESS, 1,3,5,4,2
remove_team: FAILURE
buy_team: SUCCESS
buy_team: SUCCESS
add_player: FAILURE
get_ith_pointless_ability: FAILURE
add_team: FAILURE
add_player_cards: SUCCESS
add_player: FAILURE
add_player_cards: SUCCESS
add_player: FAILURE
get_partial_spirit: SUCCESS, 1,2,3,4,5
add_team: FAILURE
add_team: FAILURE
add_player: FAILURE
play_match: FAILURE
remove_team: FAILURE
num_played_games_for_player: SUCCESS, 22
get_ith_pointless_ability: FAILURE
play_match: FAILURE
get_ith_pointless_ability: SUCCESS, 50
add_team: FAILURE
add_player: FAILURE
get_partial_spirit: SUCCESS, 1,2,3,4,5
get_team_points: SUCCESS, 0
add_team: FAILURE
add_player: FAILURE
num_played_games_for_player: SUCCESS, 22
add_team: FAILURE
add_team: FAILURE
get_player_cards: SUCCESS, 216
get_player_cards: SUCCESS, 300
add_player: FAILURE
add_player: FAILURE
num_played_games_for_player: SUCCESS, 22
remove_team: FAILURE
add_player: FAILURE
get_team_points: SUCCESS, 0
get_player_cards: SUCCESS, 32
get_team_points: SUCCESS, 0
get_player_cards: SUCCESS, 61
get_ith_pointless_ability: SUCCESS, 24
add_player: FAILURE
add_player: FAILURE
play_match: FAILURE
get_player_cards: SUCCESS, 63
play_match: SUCCESS, 3
num_played_games_for_player: SUCCESS, 22
get_ith_pointless_ability: SUCCESS, 15
add_player: FAILURE
num_played_games_for_player: SUCCESS, 22
play_match: SUCCESS, 3
add_player: FAILURE
play_match: FAILURE
add_player: FAILURE
num_played_games_for_player: SUCCESS, 22
get_team_points: SUCCESS, 0
add_team: FAILURE
add_team: FAILURE
play_match: FAILURE
add_player_cards: SUCCESS
buy_team: SUCCESS
num_played_games_for_player: SUCCESS, 22
add_player: FAILURE
add_team: FAILURE
add_player: FAILURE
get_team_points: SUCCESS, 0
add_team: FAILURE
get_team_points: SUCCESS, 0
add_player: FAILURE
num_played_games_for_player: SUCCESS, 22
get_player_cards: SUCCESS, 228
add_player_cards: SUCCESS
get_player_cards: SUCCESS, 198
add_team: FAILURE
get_player_cards: SUCCESS, 52
remove_team: FAILURE
get_team_points: SUCCESS, 0
get_player_cards: SUCCESS, 247
get_player_cards: SUCCESS, 44
add_team: FAILURE
get_team_points: SUCCESS, 0
add_player: FAILURE
play_match: FAILURE
get_ith_pointless_ability: FAILURE
remove_team: FAILURE
num_played_games_for_player: SUCCESS, 22
remove_team: FAILURE
add_player: FAILURE
add_player: FAILURE
get_team_points: SUCCESS, 0
num_played_games_for_player: SUCCESS, 22
play_match: FAILURE
add_player: FAILURE
get_team_points: SUCCESS, 0
get_ith_pointless_ability: FAILURE
get_team_points: SUCCESS, 0
get_player_cards: SUCCESS, 16
add_player: FAILURE
remove_team: FAILURE
remove_team: FAILURE
remove_team: FAILURE
get_ith_pointless_ability: FAILURE
get_team_points: SUCCESS, 0
get_team_points: SUCCESS, 0
buy_team: SUCCESS
get_ith_pointless_ability: SUCCESS, 96
add_player: FAILURE
add_player: FAILURE
num_played_games_for_player: SUCCESS, 22
get_player_cards: SUCCESS, 45
add_player: FAILURE
add_player: FAILURE
add_player: FAILURE
remove_team: FAILURE
add_player: FAILURE
get_partial_spirit: SUCCESS, 2,1,5,4,3
get_player_cards: SUCCESS, 165
buy_team: SUCCESS
play_match: FAILURE
play_match: FAILURE
add_player: FAILURE
get_ith_pointless_ability: FAILURE
get_partial_spirit: SUCCESS, 4,1,2,5,3
get_ith_pointless_ability: SUCCESS, 87
remove_team: FAILURE
add_team: FAILURE
buy_team: SUCCESS
add_player: FAILURE
get_player_cards: SUCCESS, 272
remove_team: FAILURE
get_partial_spirit: SUCCESS, 1,2,3,4,5
buy_team: SUCCESS
add_player: FAILURE
remove_team: FAILURE
add_team: FAILURE
add_player: FAILURE
get_team_points: SUCCESS, 0
num_played_games_for_player: SUCCESS, 22
get_player_cards: SUCCESS, 288
get_team_points: SUCCESS, 0
get_player_cards: SUCCESS, 146
add_player_cards: SUCCESS
get_team_points: SUCCESS, 0
add_player: FAILURE
remove_team: FAILURE
get_partial_spirit: SUCCESS, 1,2,3,4,5
get_ith_pointless_ability: FAILURE
get_player_cards: SUCCESS, 274
add_player: FAILURE
remove_team: FAILURE
add_player: FAILURE
get_partial_spirit: SUCCESS, 1,5,3,4,2
get_player_cards: SUCCESS, 533
get_ith_pointless_ability: SUCCESS, 42
get_ith_pointless_ability: FAILURE
get_partial_spirit: SUCCESS, 5,1,4,2,3
add_player: FAILURE
add_player: FAILURE
remove_team: FAILURE
get_team_points: SUCCESS, 0
add_player: FAILURE
get_partial_spirit: SUCCESS, 1,2,3,4,5
play_match: SUCCESS, 1
add_player: FAILURE
get_partial_spirit: SUCCESS, 3,1,2,5,4
get_partial_spirit: SUCCESS, 2,4,3,5,1
num_played_games_for_player: SUCCESS, 22
get_partial_spirit: SUCCESS, 2,3,5,1,4
get_partial_spirit: SUCCESS, 1,2,3,4,5
play_match: FAILURE
get_player_cards: SUCCESS, 126
add_player: FAILURE
buy_team: SUCCESS
buy_team: SUCCESS
get_partial_spirit: SUCCESS, 1,2,3,4,5
get_team_points: SUCCESS, 0
get_partial_spirit: SUCCESS, 1,2,3,4,5
add_player: FAILURE
remove_team: FAILURE
add_team: FAILURE
play_match: FAILURE
add_player: FAILURE
add_player_cards: SUCCESS
get_team_points: SUCCESS, 0
get_team_points: SUCCESS, 0
get_partial_spirit: SUCCESS, 1,2,3,4,5
add_player: FAILURE
add_player_cards: SUCCESS
add_player_cards: SUCCESS
add_player: FAILURE
remove_team: FAILURE
play_match: SUCCESS, 3
get_team_points: SUCCESS, 0
num_played_games_for_player: SUCCESS, 22
add_player_cards: SUCCESS
get_player_cards: SUCCESS, 296
play_match: FAILURE
add_team: FAILURE
add_player_cards: SUCCESS
add_team: FAILURE
num_played_games_for_player: SUCCESS, 22
add_player: FAILURE
remove_team: FAILURE
add_player_cards: FAILURE
get_player_cards: SUCCESS, 271
get_ith_pointless_ability: FAILURE
add_player: FAILURE
remove_team: FAILURE
get_player_cards: SUCCESS, 32
get_ith_pointless_ability: FAILURE
add_player: FAILURE
get_team_points: SUCCESS, 0
num_played_games_for_player: SUCCESS, 22
get_player_cards: SUCCESS, 192
add_player: FAILURE
play_match: FAILURE
add_team: FAILURE
add_player_cards: SUCCESS
add_player_cards: SUCCESS
get_ith_pointless_ability: SUCCESS, 24
add_player: FAILURE
buy_team: SUCCESS
remove_team: FAILURE
get_player_cards: SUCCESS, 274
get_partial_spirit: SUCCESS, 1,2,3,4,5
get_team_points: SUCCESS, 0
get_player_cards: SUCCESS, 184
buy_team: SUCCESS
play_match: SUCCESS, 1
play_match: FAILURE
add_team: FAILURE
add_player: FAILURE
get_player_cards: SUCCESS, 137
play_match: FAILURE
num_played_games_for_player: SUCCESS, 22
play_match: FAILURE
get_player_cards: SUCCESS, 76
buy_team: SUCCESS
get_player_cards: SUCCESS, 268
add_player: FAILURE
get_team_points: SUCCESS, 0
get_ith_pointless_ability: SUCCESS, 61
get_ith_pointless_ability: FAILURE
add_player: FAILURE
add_player_cards: FAILURE
remove_team: FAILURE
num_played_games_for_player: SUCCESS, 22
add_player_cards: FAILURE
play_match: FAILURE
add_player: FAILURE
add_player: FAILURE
remove_team: FAILURE
buy_team: SUCCESS
remove_team: FAILURE
get_player_cards: SUCCESS, 68
add_player: FAILURE
add_player: FAILURE
buy_team: SUCCESS
get_player_cards: SUCCESS, 238
get_team_points: SUCCESS, 0
get_ith_pointless_ability: SUCCESS, 4
add_player: FAILURE
add_team: FAILURE
play_match: FAILURE
add_player: FAILURE
get_ith_pointless_ability: SUCCESS, 47
add_team: FAILURE
get_partial_spirit: SUCCESS, 3,2,4,5,1
add_player: FAILURE
get_team_points: SUCCESS, 0
add_player_cards: SUCCESS
add_player: FAILURE
add_team: FAILURE
add_player: FAILURE
get_team_points: SUCCESS, 0
add_player_cards: SUCCESS
get_partial_spirit: SUCCESS, 1,2,3,4,5
remove_team: FAILURE
add_player: FAILURE
remove_team: FAILURE
get_partial_spirit: FAILURE
get_team_points: SUCCESS, 0
play_match: SUCCESS, 3
add_player: FAILURE
add_player_cards: SUCCESS
get_team_points: SUCCESS, 0
remove_team: FAILURE
get_partial_spirit: SUCCESS, 1,2,3,4,5
add_player: FAILURE
get_partial_spirit: SUCCESS, 4,1,5,2,3
add_player: FAILURE
get_partial_spirit: FAILURE
add_player_cards: SUCCESS
play_match: SUCCESS, 3
get_ith_pointless_ability: SUCCESS, 67
get_partial_spirit: FAILURE
get_team_points: SUCCESS, 0
get_player_cards: SUCCESS, 99
add_team: FAILURE
get_ith_pointless_ability: SUCCESS, 4
get_player_cards: SUCCESS, 9
add_player: FAILURE
buy_team: SUCCESS
get_player_cards: SUCCESS, 542
add_player: FAILURE
add_player: FAILURE
num_played_games_for_player: SUCCESS, 22
add_team: FAILURE
add_team: FAILURE
add_player: FAILURE
get_partial_spirit: FAILURE
remove_team: FAILURE
add_player: FAILURE
add_player: FAILURE
add_player_cards: SUCCESS
add_player_cards: SUCCESS
get_partial_spirit: SUCCESS, 1,2,3,4,5
add_player: FAILURE
get_ith_pointless_ability: SUCCESS, 67
buy_team: SUCCESS
get_partial_spirit: SUCCESS, 1,2,3,4,5
get_partial_spirit: SUCCESS, 4,1,5,2,3
remove_team: FAILURE
remove_team: FAILURE
add_player: FAILURE
get_ith_pointless_ability: FAILURE
get_ith_pointless_ability: FAILURE
get_player_cards: SUCCESS, 68
get_ith_pointless_ability: FAILURE
add_player: FAILURE
get_player_cards: SUCCESS, 261
add_player: FAILURE
get_team_points: SUCCESS, 0
add_player_cards: SUCCESS
play_match: FAILURE
add_player: FAILURE
add_team: FAILURE
add_team: FAILURE
add_player: FAILURE
buy_team: SUCCESS
get_player_cards: SUCCESS, 121
buy_team: SUCCESS
get_ith_pointless_ability: FAILURE
add_player_cards: SUCCESS
add_player: FAILURE
get_player_cards: SUCCESS, 297
add_team: FAILURE
add_team: FAILURE
remove_team: FAILURE
num_played_games_for_player: SUCCESS, 22
get_player_cards: SUCCESS, 241
add_player_cards: SUCCESS
get_ith_pointless_ability: SUCCESS, 7
add_player: FAILURE
add_player: FAILURE
add_player: FAILURE
get_partial_spirit: FAILURE
add_player: FAILURE
num_played_games_for_player: SUCCESS, 22
add_player_cards: FAILURE
remove_team: FAILURE
add_player: FAILURE
get_partial_spirit: SUCCESS, 1,2,3,4,5
remove_team: FAILURE
add_player: FAILURE
add_player: FAILURE
add_player: FAILURE
add_player: FAILURE
add_player: FAILURE
get_player_cards: SUCCESS, 162
play_match: FAILURE
get_team_points: SUCCESS, 3
add_player: FAILURE
num_played_games_for_player: SUCCESS, 22
add_player: FAILURE
add_player: FAILURE
get_partial_spirit: SUCCESS, 1,2,3,4,5
get_ith_pointless_ability: SUCCESS, 31
get_team_points: SUCCESS, 0
add_player: FAILURE
get_partial_spirit: SUCCESS, 1,2,3,4,5
get_partial_spirit: SUCCESS, 1,2,3,4,5
add_player: FAILURE
get_team_points: SUCCESS, 0
remove_team: FAILURE
add_player: FAILURE
remove_team: FAILURE
play_match: FAILURE
add_player: FAILURE
get_team_points: FAILURE
num_played_games_for_player: SUCCESS, 22
add_player: FAILURE
add_player: FAILURE
get_ith_pointless_ability: SUCCESS, 61
play_match: FAILURE
get_team_points: SUCCESS, 0
remove_team: FAILURE
add_player: FAILURE
buy_team: SUCCESS
add_player: FAILURE
get_player_cards: SUCCESS, 198
get_player_cards: SUCCESS, 284
buy_team: SUCCESS
add_player: FAILURE
get_team_points: SUCCESS, 0
num_played_games_for_player: SUCCESS, 22
play_match: FAILURE
get_ith_pointless_ability: SUCCESS, 26
buy_team: SUCCESS
get_team_points: SUCCESS, 0
play_match: FAILURE
add_player_cards: SUCCESS
add_player: FAILURE
get_ith_pointless_ability: FAILURE
remove_team: FAILURE
add_player_cards: SUCCESS
add_player: FAILURE
buy_team: SUCCESS
remove_team: FAILURE
add_player: FAILURE
add_team: FAILURE
add_player: FAILURE
add_team: FAILURE
buy_team: SUCCESS
add_player: FAILURE
play_match: FAILURE
add_player: FAILURE
add_player: FAILURE
play_match: FAILURE
get_team_points: SUCCESS, 0
add_player_cards: SUCCESS
add_player: FAILURE
add_team: FAILURE
get_player_cards: SUCCESS, 115
add_player_cards: SUCCESS
get_player_cards: SUCCESS, 45
add_player_cards: SUCCESS
add_player: FAILURE
add_player: FAILURE
get_player_cards: SUCCESS, 12
get_player_cards: SUCCESS, 24
add_team: FAILURE
play_match: FAILURE
add_player: FAILURE
buy_team: SUCCESS
add_player: FAILURE
play_match: FAILURE
add_player: FAILURE
add_player: FAILURE
add_team: FAILURE
get_ith_pointless_ability: FAILURE
play_match: FAILURE
add_player: FAILURE
add_team: FAILURE
add_player_cards: SUCCESS
add_player: FAILURE
get_team_points: SUCCESS, 0
add_player: FAILURE
add_player_cards: SUCCESS
get_team_points: FAILURE
remove_team: FAILURE
play_match: FAILURE
num_played_games_for_player: SUCCESS, 22
add_team: FAILURE
add_player: FAILURE
add_player_cards: SUCCESS
add_player: FAILURE
num_played_games_for_player: SUCCESS, 22
num_played_games_for_player: SUCCESS, 22
get_player_cards: SUCCESS, 167
add_team: FAILURE
add_player_cards: SUCCESS
play_match: FAILURE
add_player: FAILURE
add_player: FAILURE
get_ith_pointless_ability: SUCCESS, 7
get_ith_pointless_ability: SUCCESS, 6
remove_team: FAILURE
get_ith_pointless_ability: SUCCESS, 42
add_player: FAILURE
get_partial_spirit: SUCCESS, 1,5,2,4,3
add_player: FAILURE
get_partial_spirit: SUCCESS, 1,2,3,4,5
add_team: FAILURE
get_team_points: SUCCESS, 0
buy_team: SUCCESS
add_player_cards: SUCCESS
add_player_cards: SUCCESS
get_team_points: SUCCESS, 0
play_match: FAILURE
add_player: FAILURE
get_partial_spirit: SUCCESS, 2,3,5,4,1
get_partial_spirit: SUCCESS, 1,2,3,5,4
buy_team: SUCCESS
add_player_cards: SUCCESS
add_player_cards: SUCCESS
remove_team: FAILURE
get_team_points: SUCCESS, 0
add_team: FAILURE
add_player: FAILURE
add_team: FAILURE
buy_team: SUCCESS
get_partial_spirit: SUCCESS, 1,2,3,4,5
num_played_games_for_player: SUCCESS, 22
get_player_cards: SUCCESS, 76
get_team_points: SUCCESS, 0
add_player: FAILURE
num_played_games_for_player: SUCCESS, 22
add_player: FAILURE
get_ith_pointless_ability: SUCCESS, 26
add_team: FAILURE
add_player_cards: SUCCESS
buy_team: SUCCESS
get_team_points: SUCCESS, 0
play_match: SUCCESS, 1
add_team: FAILURE
add_player: FAILURE
get_ith_pointless_ability: FAILURE
add_player: FAILURE
add_player: FAILURE
get_ith_pointless_ability: FAILURE
add_player_cards: FAILURE
get_ith_pointless_ability: FAILURE
add_player: FAILURE
play_match: FAILURE
num_played_games_for_player: SUCCESS, 22
add_player_cards: SUCCESS
add_player_cards: SUCCESS
remove_team: FAILURE
add_team: FAILURE
num_played_games_for_player: SUCCESS, 22
add_player: FAILURE
add_player_cards: SUCCESS
buy_team: SUCCESS
play_match: FAILURE
add_player: FAILURE
get_partial_spirit: SUCCESS, 1,2,3,4,5
get_partial_spirit: SUCCESS, 5,2,4,3,1
add_player: FAILURE
get_team_points: SUCCESS, 0
get_team_points: FAILURE
get_team_points: SUCCESS, 0
add_player: FAILURE
add_player: FAILURE
buy_team: SUCCESS
add_player: FAILURE
remove_team: FAILURE
add_player: FAILURE
add_player: FAILURE
get_team_points: SUCCESS, 0
play_match: FAILURE
num_played_games_for_player: SUCCESS, 22
add_player: FAILURE
add_player_cards: SUCCESS
get_partial_spirit: SUCCESS, 1,2,3,4,5
remove_team: FAILURE
get_ith_pointless_ability: SUCCESS, 11
buy_team: SUCCESS
remove_team: FAILURE
get_ith_pointless_ability: SUCCESS, 7
get_team_points: SUCCESS, 0
add_player: FAILURE
num_played_games_for_player: SUCCESS, 22
add_team: FAILURE
buy_team: SUCCESS
add_player: FAILURE
add_player_cards: SUCCESS
play_match: FAILURE
add_player: FAILURE
remove_team: FAILURE
get_ith_pointless_ability: SUCCESS, 35
add_player: FAILURE
remove_team: FAILURE
add_player: FAILURE
add_player_cards: SUCCESS
add_player: FAILURE
add_player_cards: SUCCESS
remove_team: FAILURE
get_team_points: SUCCESS, 0
buy_team: SUCCESS
add_player_cards: SUCCESS
num_played_games_for_player: SUCCESS, 22
remove_team: FAILURE
add_team: FAILURE
num_played_games_for_player: SUCCESS, 22
get_ith_pointless_ability: SUCCESS, 33
get_team_points: SUCCESS, 0
num_played_games_for_player: SUCCESS, 22
add_player: FAILURE
add_team: FAILURE
add_player_cards: SUCCESS
remove_team: FAILURE
get_ith_pointless_ability: FAILURE
add_player_cards: SUCCESS
get_team_points: SUCCESS, 0
add_player_cards: SUCCESS
buy_team: SUCCESS
add_player: FAILURE
play_match: FAILURE
play_match: FAILURE
get_player_cards: SUCCESS, 198
add_player: FAILURE
add_team: FAILURE
get_partial_spirit: SUCCESS, 1,2,3,4,5
play_match: FAILURE
add_player: FAILURE
add_player_cards: SUCCESS
play_match: SUCCESS, 3
get_player_cards: SUCCESS, 468
add_player: FAILURE
remove_team: FAILURE
buy_team: SUCCESS
remove_team: FAILURE
add_player: FAILURE
add_player: FAILURE
get_team_points: SUCCESS, 0
get_partial_spirit: SUCCESS, 1,4,5,2,3
num_played_games_for_player: SUCCESS, 22
add_player: FAILURE
get_player_cards: SUCCESS, 542
buy_team: SUCCESS
add_player: FAILURE
add_team: FAILURE
add_player: FAILURE
get_ith_pointless_ability: FAILURE
remove_team: FAILURE
get_ith_pointless_ability: FAILURE
add_team: FAILURE
get_partial_spirit: SUCCESS, 1,5,3,4,2
add_team: FAILURE
add_player_cards: SUCCESS
add_player: FAILURE
buy_team: SUCCESS
add_player: FAILURE
add_player: FAILURE
get_partial_spirit: SUCCESS, 1,2,3,4,5
play_match: FAILURE
add_team: FAILURE
add_team: FAILURE
add_player: FAILURE
get_team_points: SUCCESS, 0
get_player_cards: SUCCESS, 45
get_team_points: SUCCESS, 0
num_played_games_for_player: SUCCESS, 22
num_played_games_for_player: SUCCESS, 22
get_ith_pointless_ability: SUCCESS, 8
play_match: FAILURE
add_player: FAILURE
get_ith_pointless_ability: SUCCESS, 17
add_player: FAILURE
get_partial_spirit: SUCCESS, 1,2,3,4,5
remove_team: FAILURE
add_player: FAILURE
get_player_cards: SUCCESS, 160
buy_team: SUCCESS
num_played_games_for_player: SUCCESS, 22
play_match: FAILURE
play_match: FAILURE
add_player: FAILURE
remove_team: FAILURE
add_player: FAILURE
add_player_cards: SUCCESS
num_played_games_for_player: SUCCESS, 22
add_player: FAILURE
add_team: FAILURE
add_player: FAILURE
remove_team: FAILURE
play_match: FAILURE
get_ith_pointless_ability: FAILURE
num_played_games_for_player: SUCCESS, 22
remove_team: FAILURE
add_player: FAILURE
remove_team: FAILURE
add_player: FAILURE
get_ith_pointless_ability: FAILURE
add_player: FAILURE
get_partial_spirit: SUCCESS, 2,5,4,1,3
get_player_cards: SUCCESS, 231
add_team: FAILURE
get_ith_pointless_ability: SUCCESS, 19
get_team_points: SUCCESS, 0
remove_team: FAILURE
get_ith_pointless_ability: FAILURE
get_partial_spirit: SUCCESS, 1,2,3,4,5
get_team_points: SUCCESS, 0
add_player: FAILURE
remove_team: FAILURE
buy_team: SUCCESS
add_player: FAILURE
add_player_cards: SUCCESS
buy_team: SUCCESS
add_player: FAILURE
get_team_points: SUCCESS, 6
remove_team: FAILURE
add_player: FAILURE
buy_team: SUCCESS
add_team: FAILURE
num_played_games_for_player: SUCCESS, 22
add_player: FAILURE
add_player: FAILURE
remove_team: FAILURE
get_player_cards: SUCCESS, 232
get_player_cards: SUCCESS, 298
remove_team: FAILURE
get_ith_pointless_ability: SUCCESS, 83
remove_team: FAILURE
add_team: FAILURE
remove_team: FAILURE
add_player: FAILURE
get_partial_spirit: FAILURE
get_player_cards: SUCCESS, 196
num_played_games_for_player: SUCCESS, 22
buy_team: SUCCESS
add_team: FAILURE
add_player: FAILURE
get_player_cards: SUCCESS, 264
play_match: SUCCESS, 1
add_player: FAILURE
buy_team: SUCCESS
add_team: FAILURE
add_player: FAILURE
add_player: FAILURE
add_player: FAILURE
get_player_cards: SUCCESS, 376
remove_team: FAILURE
remove_team: FAILURE
add_player: FAILURE
add_player: FAILURE
play_match: FAILURE
num_played_games_for_player: SUCCESS, 22
add_player: FAILURE
add_player: FAILURE
get_player_cards: SUCCESS, 184
add_player: FAILURE
get_player_cards: SUCCESS, 216
add_player: FAILURE
get_team_points: SUCCESS, 0
add_player: FAILURE
remove_team: FAILURE
get_partial_spirit: SUCCESS, 1,2,3,4,5
add_player: FAILURE
add_player: FAILURE
get_partial_spirit: FAILURE
add_team: FAILURE
add_player_cards: FAILURE
get_partial_spirit: FAILURE
get_team_points: FAILURE
add_player: FAILURE
play_match: FAILURE
get_team_points: SUCCESS, 0
buy_team: SUCCESS
add_player: FAILURE
buy_team: SUCCESS
buy_team: SUCCESS
get_player_cards: SUCCESS, 460
remove_team: FAILURE
add_player: FAILURE
add_player_cards: SUCCESS
add_player: FAILURE
add_player: FAILURE
get_partial_spirit: FAILURE
get_team_points: SUCCESS, 0
add_player: FAILURE
get_partial_spirit: FAILURE
remove_team: FAILURE
add_player: FAILURE
get_team_points: SUCCESS, 0
add_player_cards: SUCCESS
num_played_games_for_player: SUCCESS, 22
remove_team: FAILURE
remove_team: FAILURE
buy_team: SUCCESS
buy_team: SUCCESS
remove_team: FAILURE
num_played_games_for_player: SUCCESS, 22
remove_team: FAILURE
get_player_cards: SUCCESS, 192
get_ith_pointless_ability: SUCCESS, 11
add_player: FAILURE
add_player: FAILURE
remove_team: FAILURE
add_player: FAILURE
get_partial_spirit: FAILURE
add_player_cards: SUCCESS
get_ith_pointless_ability: FAILURE
add_team: FAILURE
get_ith_pointless_ability: SUCCESS, 6
add_player_cards: FAILURE
add_player: FAILURE
add_team: FAILURE
add_player_cards: FAILURE
get_partial_spirit: SUCCESS, 1,2,5,3,4
remove_team: FAILURE
num_played_games_for_player: SUCCESS, 22
get_ith_pointless_ability: FAILURE
add_player: FAILURE
add_player: FAILURE
