add_team: SUCCESS
add_team: SUCCESS
add_team: SUCCESS
add_team: SUCCESS
add_team: SUCCESS
add_team: SUCCESS
add_team: SUCCESS
add_team: SUCCESS
add_team: SUCCESS
add_team: SUCCESS
add_team: SUCCESS
add_team: SUCCESS
add_team: SUCCESS
add_team: SUCCESS
add_team: SUCCESS
add_team: SUCCESS
add_team: SUCCESS
add_team: SUCCESS
add_team: SUCCESS
add_team: SUCCESS
add_team: SUCCESS
add_team: SUCCESS
add_team: SUCCESS
add_team: SUCCESS
add_team: SUCCESS
add_team: SUCCESS
add_team: SUCCESS
add_team: SUCCESS
add_team: SUCCESS
add_team: SUCCESS
add_team: SUCCESS
add_team: SUCCESS
add_team: SUCCESS
add_team: SUCCESS
add_team: SUCCESS
add_team: SUCCESS
add_team: SUCCESS
add_team: SUCCESS
add_team: SUCCESS
add_team: SUCCESS
add_team: SUCCESS
add_team: SUCCESS
add_team: SUCCESS
add_team: SUCCESS
add_team: SUCCESS
add_team: SUCCESS
add_team: SUCCESS
add_team: SUCCESS
add_team: SUCCESS
add_team: SUCCESS
add_team: SUCCESS
add_team: SUCCESS
add_team: SUCCESS
add_team: SUCCESS
add_team: SUCCESS
add_team: SUCCESS
add_team: SUCCESS
add_team: SUCCESS
add_team: SUCCESS
add_team: SUCCESS
add_team: SUCCESS
add_team: SUCCESS
add_team: SUCCESS
add_team: SUCCESS
add_team: SUCCESS
add_team: SUCCESS
add_team: SUCCESS
add_team: SUCCESS
add_team: SUCCESS
add_team: SUCCESS
add_team: SUCCESS
add_team: SUCCESS
add_team: SUCCESS
add_team: SUCCESS
add_team: SUCCESS
add_team: SUCCESS
add_team: SUCCESS
add_team: SUCCESS
add_team: SUCCESS
add_team: SUCCESS
add_team: SUCCESS
add_team: SUCCESS
add_team: SUCCESS
add_team: SUCCESS
add_team: SUCCESS
add_team: SUCCESS
add_team: SUCCESS
add_team: SUCCESS
add_team: SUCCESS
add_team: SUCCESS
add_team: SUCCESS
add_team: SUCCESS
add_team: SUCCESS
add_team: SUCCESS
add_team: SUCCESS
add_team: SUCCESS
add_team: SUCCESS
add_team: SUCCESS
add_team: SUCCESS
add_team: SUCCESS
add_player: SUCCESS
add_player: SUCCESS
add_player: SUCCESS
add_player: SUCCESS
add_player: SUCCESS
add_player: SUCCESS
add_player: SUCCESS
add_player: SUCCESS
add_player: SUCCESS
add_player: SUCCESS
add_player: SUCCESS
add_player: SUCCESS
add_player: SUCCESS
add_player: SUCCESS
add_player: SUCCESS
add_player: SUCCESS
add_player: SUCCESS
add_player: SUCCESS
add_player: SUCCESS
add_player: SUCCESS
add_player: SUCCESS
add_player: SUCCESS
add_player: SUCCESS
add_player: SUCCESS
add_player: SUCCESS
add_player: SUCCESS
add_player: SUCCESS
add_player: SUCCESS
add_player: SUCCESS
add_player: SUCCESS
add_player: SUCCESS
add_player: SUCCESS
add_player: SUCCESS
add_player: SUCCESS
add_player: SUCCESS
add_player: SUCCESS
add_player: SUCCESS
add_player: SUCCESS
add_player: SUCCESS
add_player: SUCCESS
add_player: SUCCESS
add_player: SUCCESS
add_player: SUCCESS
add_player: SUCCESS
add_player: SUCCESS
add_player: SUCCESS
add_player: SUCCESS
add_player: SUCCESS
add_player: SUCCESS
add_player: SUCCESS
add_player: SUCCESS
add_player: SUCCESS
add_player: SUCCESS
add_player: SUCCESS
add_player: SUCCESS
add_player: SUCCESS
add_player: SUCCESS
add_player: SUCCESS
add_player: SUCCESS
add_player: SUCCESS
add_player: SUCCESS
add_player: SUCCESS
add_player: SUCCESS
add_player: SUCCESS
add_player: SUCCESS
add_player: SUCCESS
add_player: SUCCESS
add_player: SUCCESS
add_player: SUCCESS
add_player: SUCCESS
add_player: SUCCESS
add_player: SUCCESS
add_player: SUCCESS
add_player: SUCCESS
add_player: SUCCESS
add_player: SUCCESS
add_player: SUCCESS
add_player: SUCCESS
add_player: SUCCESS
add_player: SUCCESS
add_player: SUCCESS
add_player: SUCCESS
add_player: SUCCESS
add_player: SUCCESS
add_player: SUCCESS
add_player: SUCCESS
add_player: SUCCESS
add_player: SUCCESS
add_player: SUCCESS
add_player: SUCCESS
add_player: SUCCESS
add_player: SUCCESS
add_player: SUCCESS
add_player: SUCCESS
add_player: SUCCESS
add_player: SUCCESS
add_player: SUCCESS
add_player: SUCCESS
add_player: SUCCESS
add_player: SUCCESS
get_player_cards: SUCCESS, 209
get_partial_spirit: SUCCESS, 1,2,3,4,5
add_player: SUCCESS
get_partial_spirit: SUCCESS, 1,2,3,4,5
buy_team: SUCCESS
add_player: SUCCESS
get_partial_spirit: SUCCESS, 1,2,3,4,5
num_played_games_for_player: SUCCESS, 22
get_player_cards: SUCCESS, 251
remove_team: FAILURE
get_player_cards: SUCCESS, 37
get_ith_pointless_ability: FAILURE
get_player_cards: SUCCESS, 286
get_ith_pointless_ability: FAILURE
play_match: FAILURE
add_team: SUCCESS
get_partial_spirit: SUCCESS, 1,2,3,4,5
add_player: SUCCESS
add_player: SUCCESS
buy_team: SUCCESS
add_team: FAILURE
add_player: SUCCESS
add_player: SUCCESS
add_player_cards: SUCCESS
get_partial_spirit: SUCCESS, 1,2,3,4,5
add_player: SUCCESS
remove_team: FAILURE
add_player: SUCCESS
add_player: SUCCESS
add_player: SUCCESS
add_team: FAILURE
get_team_points: SUCCESS, 0
get_ith_pointless_ability: FAILURE
get_team_points: SUCCESS, 0
get_partial_spirit: SUCCESS, 1,2,3,4,5
add_player: SUCCESS
buy_team: SUCCESS
num_played_games_for_player: SUCCESS, 22
buy_team: SUCCESS
add_player: SUCCESS
remove_team: FAILURE
add_team: FAILURE
add_player_cards: SUCCESS
buy_team: SUCCESS
add_player: SUCCESS
buy_team: SUCCESS
add_player_cards: SUCCESS
num_played_games_for_player: SUCCESS, 22
add_player: SUCCESS
get_partial_spirit: SUCCESS, 1,2,3,4,5
num_played_games_for_player: SUCCESS, 22
get_partial_spirit: SUCCESS, 1,2,3,4,5
add_player: SUCCESS
get_team_points: SUCCESS, 0
add_player: SUCCESS
add_player_cards: SUCCESS
add_player_cards: SUCCESS
get_team_points: SUCCESS, 0
add_player_cards: SUCCESS
remove_team: FAILURE
add_team: FAILURE
get_ith_pointless_ability: FAILURE
add_player: SUCCESS
add_team: FAILURE
get_player_cards: SUCCESS, 223
buy_team: SUCCESS
get_team_points: SUCCESS, 0
add_player: SUCCESS
play_match: FAILURE
get_partial_spirit: SUCCESS, 1,2,3,4,5
get_ith_pointless_ability: SUCCESS, 9
add_player: SUCCESS
buy_team: SUCCESS
num_played_games_for_player: SUCCESS, 22
get_ith_pointless_ability: FAILURE
get_team_points: SUCCESS, 0
buy_team: SUCCESS
get_player_cards: SUCCESS, 244
get_ith_pointless_ability: FAILURE
remove_team: FAILURE
add_player: SUCCESS
add_player_cards: SUCCESS
add_player: SUCCESS
get_team_points: SUCCESS, 0
add_player: SUCCESS
remove_team: FAILURE
add_player: FAILURE
get_player_cards: SUCCESS, 195
get_player_cards: SUCCESS, 259
remove_team: FAILURE
add_player: SUCCESS
add_player: SUCCESS
num_played_games_for_player: SUCCESS, 22
add_player: SUCCESS
num_played_games_for_player: SUCCESS, 22
play_match: SUCCESS, 3
play_match: FAILURE
get_player_cards: SUCCESS, 112
get_ith_pointless_ability: SUCCESS, 92
add_player: SUCCESS
get_team_points: SUCCESS, 0
get_ith_pointless_ability: FAILURE
get_partial_spirit: SUCCESS, 1,2,3,4,5
buy_team: SUCCESS
get_partial_spirit: SUCCESS, 1,2,3,4,5
get_player_cards: SUCCESS, 112
add_player: SUCCESS
add_player_cards: SUCCESS
add_player_cards: SUCCESS
play_match: FAILURE
num_played_games_for_player: SUCCESS, 22
add_team: FAILURE
num_played_games_for_player: SUCCESS, 22
add_team: FAILURE
add_player: SUCCESS
add_player: SUCCESS
buy_team: SUCCESS
num_played_games_for_player: SUCCESS, 22
add_player_cards: SUCCESS
get_ith_pointless_ability: SUCCESS, 11
get_ith_pointless_ability: SUCCESS, 89
add_player: SUCCESS
add_player: SUCCESS
get_player_cards: SUCCESS, 67
get_player_cards: SUCCESS, 42
add_player: SUCCESS
add_player: SUCCESS
play_match: FAILURE
num_played_games_for_player: SUCCESS, 22
get_partial_spirit: SUCCESS, 1,2,3,4,5
add_player_cards: SUCCESS
num_played_games_for_player: SUCCESS, 22
add_player: SUCCESS
add_player_cards: SUCCESS
play_match: FAILURE
play_match: FAILURE
add_player: SUCCESS
add_player: SUCCESS
remove_team: FAILURE
add_player: SUCCESS
add_team: FAILURE
buy_team: SUCCESS
buy_team: SUCCESS
add_team: FAILURE
add_player_cards: SUCCESS
num_played_games_for_player: SUCCESS, 22
num_played_games_for_player: SUCCESS, 22
add_player: SUCCESS
add_player: SUCCESS
buy_team: SUCCESS
add_team: FAILURE
get_team_points: SUCCESS, 0
add_player: FAILURE
add_player_cards: SUCCESS
add_player: SUCCESS
get_team_points: SUCCESS, 0
add_player: SUCCESS
add_player: SUCCESS
add_team: FAILURE
add_player_cards: SUCCESS
buy_team: SUCCESS
add_team: FAILURE
get_player_cards: SUCCESS, 274
get_team_points: SUCCESS, 0
get_partial_spirit: SUCCESS, 4,5,3,1,2
add_team: FAILURE
remove_team: FAILURE
get_team_points: SUCCESS, 0
get_partial_spirit: SUCCESS, 5,2,4,1,3
get_team_points: SUCCESS, 0
num_played_games_for_player: SUCCESS, 22
play_match: SUCCESS, 1
play_match: FAILURE
add_team: FAILURE
get_team_points: SUCCESS, 3
num_played_games_for_player: SUCCESS, 22
add_team: FAILURE
remove_team: FAILURE
add_player: SUCCESS
add_player_cards: SUCCESS
add_player: SUCCESS
add_player: SUCCESS
add_team: FAILURE
get_partial_spirit: SUCCESS, 1,2,3,4,5
add_player: SUCCESS
play_match: SUCCESS, 3
num_played_games_for_player: SUCCESS, 22
add_player: SUCCESS
add_player_cards: SUCCESS
buy_team: SUCCESS
buy_team: SUCCESS
remove_team: FAILURE
get_team_points: SUCCESS, 0
play_match: FAILURE
get_player_cards: SUCCESS, 141
buy_team: SUCCESS
add_player_cards: SUCCESS
add_player_cards: SUCCESS
get_player_cards: SUCCESS, 367
add_player_cards: SUCCESS
add_team: FAILURE
play_match: FAILURE
num_played_games_for_player: SUCCESS, 22
get_team_points: SUCCESS, 0
get_player_cards: SUCCESS, 317
get_ith_pointless_ability: FAILURE
get_ith_pointless_ability: FAILURE
get_team_points: SUCCESS, 0
add_team: FAILURE
play_match: FAILURE
num_played_games_for_player: SUCCESS, 22
num_played_games_for_player: SUCCESS, 22
get_ith_pointless_ability: FAILURE
add_player: SUCCESS
buy_team: SUCCESS
get_team_points: SUCCESS, 0
get_team_points: SUCCESS, 0
add_player: SUCCESS
add_player: SUCCESS
play_match: FAILURE
play_match: FAILURE
get_ith_pointless_ability: FAILURE
get_ith_pointless_ability: SUCCESS, 57
add_team: FAILURE
play_match: FAILURE
remove_team: FAILURE
buy_team: SUCCESS
add_player: SUCCESS
get_team_points: SUCCESS, 0
add_player: FAILURE
num_played_games_for_player: SUCCESS, 22
get_player_cards: SUCCESS, 285
get_player_cards: SUCCESS, 94
play_match: FAILURE
add_player: FAILURE
add_player: SUCCESS
add_player: SUCCESS
buy_team: SUCCESS
add_team: FAILURE
add_player: SUCCESS
get_ith_pointless_ability: SUCCESS, 21
add_player: SUCCESS
add_player: SUCCESS
get_player_cards: SUCCESS, 125
add_team: FAILURE
add_player: FAILURE
play_match: FAILURE
add_player: SUCCESS
get_player_cards: SUCCESS, 245
buy_team: SUCCESS
get_player_cards: SUCCESS, 184
add_player_cards: SUCCESS
add_player: SUCCESS
num_played_games_for_player: SUCCESS, 22
add_team: FAILURE
play_match: SUCCESS, 1
add_player: FAILURE
get_player_cards: SUCCESS, 190
buy_team: SUCCESS
add_player: SUCCESS
get_team_points: SUCCESS, 0
get_partial_spirit: SUCCESS, 1,2,3,4,5
add_player: SUCCESS
get_player_cards: SUCCESS, 251
add_player: SUCCESS
add_team: FAILURE
num_played_games_for_player: SUCCESS, 22
get_ith_pointless_ability: FAILURE
add_player: SUCCESS
add_player: SUCCESS
get_player_cards: SUCCESS, 27
get_ith_pointless_ability: FAILURE
get_player_cards: SUCCESS, 367
add_player: SUCCESS
num_played_games_for_player: SUCCESS, 22
add_player_cards: SUCCESS
remove_team: FAILURE
remove_team: FAILURE
add_team: FAILURE
add_player: FAILURE
num_played_games_for_player: SUCCESS, 22
get_partial_spirit: SUCCESS, 1,2,3,4,5
add_player: FAILURE
get_partial_spirit: SUCCESS, 1,2,3,4,5
add_player: FAILURE
play_match: FAILURE
add_player: FAILURE
play_match: FAILURE
play_match: FAILURE
get_ith_pointless_ability: SUCCESS, 9
add_player_cards: SUCCESS
get_team_points: SUCCESS, 0
play_match: FAILURE
play_match: FAILURE
get_partial_spirit: SUCCESS, 1,2,3,4,5
add_player: FAILURE
remove_team: FAILURE
add_player: FAILURE
add_player: FAILURE
remove_team: FAILURE
num_played_games_for_player: SUCCESS, 22
get_ith_pointless_ability: SUCCESS, 25
add_player: FAILURE
get_player_cards: SUCCESS, 60
add_team: FAILURE
add_player: FAILURE
num_played_games_for_player: SUCCESS, 22
get_team_points: SUCCESS, 0
add_player: FAILURE
num_played_games_for_player: SUCCESS, 22
get_player_cards: SUCCESS, 285
num_played_games_for_player: SUCCESS, 22
add_player: FAILURE
get_partial_spirit: SUCCESS, 1,2,3,4,5
get_partial_spirit: SUCCESS, 1,2,3,5,4
play_match: SUCCESS, 3
get_partial_spirit: SUCCESS, 1,4,3,2,5
get_ith_pointless_ability: FAILURE
add_player_cards: SUCCESS
add_team: FAILURE
play_match: FAILURE
add_player: FAILURE
add_player: FAILURE
remove_team: FAILURE
num_played_games_for_player: SUCCESS, 22
add_player: FAILURE
add_player: FAILURE
add_player: FAILURE
add_player: FAILURE
add_player_cards: SUCCESS
add_player: FAILURE
add_player: FAILURE
buy_team: SUCCESS
get_partial_spirit: SUCCESS, 1,2,3,4,5
add_team: FAILURE
add_player: FAILURE
play_match: SUCCESS, 1
buy_team: SUCCESS
add_player: FAILURE
play_match: FAILURE
add_player: FAILURE
play_match: FAILURE
add_player: FAILURE
buy_team: SUCCESS
add_player: FAILURE
get_team_points: SUCCESS, 0
add_player: FAILURE
get_team_points: SUCCESS, 0
get_team_points: SUCCESS, 0
get_team_points: SUCCESS, 0
add_player: FAILURE
add_player: FAILURE
add_player: FAILURE
get_team_points: SUCCESS, 0
num_played_games_for_player: SUCCESS, 22
add_player: FAILURE
num_played_games_for_player: SUCCESS, 22
play_match: SUCCESS, 3
get_team_points: SUCCESS, 3
add_player: FAILURE
add_player: FAILURE
play_match: FAILURE
add_player_cards: SUCCESS
add_player: FAILURE
add_player: FAILURE
remove_team: FAILURE
get_player_cards: SUCCESS, 58
remove_team: FAILURE
get_ith_pointless_ability: SUCCESS, 36
get_partial_spirit: SUCCESS, 1,2,3,4,5
num_played_games_for_player: SUCCESS, 22
get_ith_pointless_ability: FAILURE
add_player: FAILURE
play_match: FAILURE
remove_team: FAILURE
add_player: FAILURE
num_played_games_for_player: SUCCESS, 22
add_player_cards: SUCCESS
add_team: FAILURE
add_player: FAILURE
remove_team: FAILURE
add_team: FAILURE
get_ith_pointless_ability: FAILURE
remove_team: FAILURE
get_player_cards: SUCCESS, 200
get_player_cards: SUCCESS, 296
num_played_games_for_player: SUCCESS, 22
remove_team: FAILURE
add_team: FAILURE
remove_team: FAILURE
add_team: FAILURE
add_player: FAILURE
add_player_cards: SUCCESS
add_player_cards: SUCCESS
add_player: FAILURE
get_partial_spirit: SUCCESS, 1,2,3,4,5
add_player: FAILURE
remove_team: FAILURE
buy_team: SUCCESS
add_player: FAILURE
get_partial_spirit: SUCCESS, 1,5,4,3,2
add_player: FAILURE
get_team_points: SUCCESS, 0
add_player: FAILURE
get_player_cards: SUCCESS, 141
num_played_games_for_player: SUCCESS, 22
add_player: FAILURE
num_played_games_for_player: SUCCESS, 22
add_player_cards: SUCCESS
add_player: FAILURE
add_player_cards: SUCCESS
add_player_cards: SUCCESS
play_match: FAILURE
add_player: FAILURE
remove_team: FAILURE
play_match: SUCCESS, 1
remove_team: FAILURE
get_team_points: SUCCESS, 0
add_team: FAILURE
get_team_points: SUCCESS, 0
get_player_cards: SUCCESS, 24
add_player: FAILURE
get_partial_spirit: SUCCESS, 1,2,3,4,5
add_team: FAILURE
get_player_cards: SUCCESS, 414
add_player_cards: SUCCESS
remove_team: FAILURE
add_player: FAILURE
play_match: FAILURE
get_player_cards: SUCCESS, 37
buy_team: SUCCESS
add_player: FAILURE
add_player: FAILURE
remove_team: FAILURE
add_player: FAILURE
add_player: FAILURE
get_player_cards: SUCCESS, 172
play_match: FAILURE
add_player: FAILURE
get_partial_spirit: SUCCESS, 2,5,3,4,1
get_ith_pointless_ability: FAILURE
remove_team: FAILURE
get_partial_spirit: SUCCESS, 1,2,3,4,5
add_team: FAILURE
buy_team: SUCCESS
get_ith_pointless_ability: SUCCESS, 84
get_ith_pointless_ability: SUCCESS, 35
get_partial_spirit: SUCCESS, 1,2,3,4,5
add_player: FAILURE
add_player: FAILURE
add_player: FAILURE
buy_team: SUCCESS
play_match: SUCCESS, 3
remove_team: FAILURE
add_player_cards: SUCCESS
get_team_points: SUCCESS, 0
get_player_cards: SUCCESS, 172
add_player: FAILURE
num_played_games_for_player: SUCCESS, 22
get_player_cards: SUCCESS, 285
get_ith_pointless_ability: FAILURE
add_player_cards: SUCCESS
add_player: FAILURE
num_played_games_for_player: SUCCESS, 22
num_played_games_for_player: SUCCESS, 22
add_player: FAILURE
add_player_cards: SUCCESS
add_player: FAILURE
buy_team: SUCCESS
get_ith_pointless_ability: SUCCESS, 57
add_player: FAILURE
buy_team: SUCCESS
get_ith_pointless_ability: FAILURE
buy_team: SUCCESS
add_player: FAILURE
add_player: FAILURE
get_player_cards: SUCCESS, 57
add_player: FAILURE
buy_team: SUCCESS
add_player: FAILURE
num_played_games_for_player: SUCCESS, 22
add_player: FAILURE
remove_team: FAILURE
get_ith_pointless_ability: FAILURE
get_ith_pointless_ability: SUCCESS, 89
buy_team: SUCCESS
play_match: FAILURE
get_team_points: SUCCESS, 0
remove_team: FAILURE
add_player: FAILURE
add_player: FAILURE
add_player: FAILURE
add_player: FAILURE
get_team_points: SUCCESS, 0
add_team: FAILURE
get_ith_pointless_ability: SUCCESS, 35
get_partial_spirit: SUCCESS, 4,5,1,2,3
add_player: FAILURE
buy_team: SUCCESS
buy_team: SUCCESS
add_player: FAILURE
add_player: FAILURE
get_ith_pointless_ability: SUCCESS, 89
add_player: FAILURE
num_played_games_for_player: SUCCESS, 22
num_played_games_for_player: SUCCESS, 22
add_player: FAILURE
remove_team: FAILURE
add_team: FAILURE
get_team_points: SUCCESS, 9
get_player_cards: SUCCESS, 279
play_match: FAILURE
get_ith_pointless_ability: FAILURE
buy_team: SUCCESS
add_player_cards: SUCCESS
get_player_cards: SUCCESS, 155
num_played_games_for_player: SUCCESS, 22
add_player: FAILURE
buy_team: SUCCESS
play_match: FAILURE
num_played_games_for_player: SUCCESS, 22
num_played_games_for_player: SUCCESS, 22
remove_team: FAILURE
play_match: SUCCESS, 1
add_player: FAILURE
get_partial_spirit: SUCCESS, 2,4,3,1,5
get_team_points: SUCCESS, 0
add_player_cards: SUCCESS
get_team_points: SUCCESS, 0
remove_team: FAILURE
get_partial_spirit: SUCCESS, 1,2,3,4,5
add_player_cards: SUCCESS
add_player: FAILURE
add_player_cards: SUCCESS
add_player_cards: SUCCESS
add_team: FAILURE
add_player: FAILURE
play_match: FAILURE
add_player_cards: SUCCESS
remove_team: FAILURE
add_team: FAILURE
add_player_cards: SUCCESS
get_ith_pointless_ability: SUCCESS, 29
add_player: FAILURE
add_team: FAILURE
add_player: FAILURE
remove_team: FAILURE
add_player: FAILURE
remove_team: FAILURE
get_team_points: SUCCESS, 0
buy_team: SUCCESS
play_match: FAILURE
num_played_games_for_player: SUCCESS, 22
add_player_cards: SUCCESS
get_ith_pointless_ability: FAILURE
remove_team: FAILURE
get_partial_spirit: SUCCESS, 1,2,3,4,5
play_match: SUCCESS, 3
add_team: FAILURE
get_player_cards: SUCCESS, 389
get_player_cards: SUCCESS, 395
add_player: FAILURE
get_team_points: SUCCESS, 0
get_player_cards: SUCCESS, 286
add_team: FAILURE
remove_team: FAILURE
num_played_games_for_player: SUCCESS, 22
get_player_cards: SUCCESS, 246
remove_team: FAILURE
get_player_cards: SUCCESS, 98
get_partial_spirit: SUCCESS, 1,2,3,4,5
add_player: FAILURE
add_player: FAILURE
add_player: FAILURE
add_player: FAILURE
get_player_cards: SUCCESS, 400
remove_team: FAILURE
play_match: FAILURE
add_player: FAILURE
get_ith_pointless_ability: FAILURE
get_partial_spirit: SUCCESS, 5,3,1,4,2
get_player_cards: SUCCESS, 68
add_team: FAILURE
get_team_points: SUCCESS, 0
get_ith_pointless_ability: FAILURE
get_team_points: SUCCESS, 0
get_partial_spirit: SUCCESS, 1,2,3,4,5
add_team: FAILURE
get_team_points: SUCCESS, 0
get_partial_spirit: SUCCESS, 1,2,3,4,5
add_player: FAILURE
get_partial_spirit: SUCCESS, 5,1,2,4,3
remove_team: FAILURE
play_match: SUCCESS, 3
add_player_cards: SUCCESS
add_player: FAILURE
num_played_games_for_player: SUCCESS, 22
remove_team: FAILURE
add_player: FAILURE
buy_team: SUCCESS
num_played_games_for_player: SUCCESS, 22
add_player: FAILURE
add_team: FAILURE
get_partial_spirit: SUCCESS, 1,2,3,4,5
get_team_points: SUCCESS, 3
buy_team: SUCCESS
num_played_games_for_player: SUCCESS, 22
get_partial_spirit: SUCCESS, 2,4,3,5,1
get_partial_spirit: SUCCESS, 4,1,2,3,5
get_team_points: SUCCESS, 3
add_player_cards: SUCCESS
add_team: FAILURE
add_player: FAILURE
add_player: FAILURE
buy_team: SUCCESS
get_player_cards: SUCCESS, 267
add_player: FAILURE
add_team: FAILURE
add_team: FAILURE
get_player_cards: SUCCESS, 238
play_match: SUCCESS, 1
play_match: FAILURE
get_partial_spirit: SUCCESS, 4,2,3,5,1
get_ith_pointless_ability: SUCCESS, 92
add_player: FAILURE
play_match: FAILURE
get_team_points: SUCCESS, 0
remove_team: FAILURE
get_team_points: SUCCESS, 0
get_team_points: SUCCESS, 0
add_team: FAILURE
add_player: FAILURE
remove_team: FAILURE
num_played_games_for_player: SUCCESS, 22
remove_team: FAILURE
add_player: FAILURE
get_player_cards: SUCCESS, 26
buy_team: SUCCESS
add_player: FAILURE
get_ith_pointless_ability: SUCCESS, 9
num_played_games_for_player: SUCCESS, 22
play_match: SUCCESS, 3
add_team: FAILURE
get_ith_pointless_ability: SUCCESS, 58
get_ith_pointless_ability: FAILURE
get_player_cards: SUCCESS, 219
add_player_cards: SUCCESS
buy_team: SUCCESS
get_partial_spirit: SUCCESS, 1,2,3,4,5
add_player: FAILURE
play_match: FAILURE
buy_team: SUCCESS
get_team_points: SUCCESS, 0
play_match: FAILURE
add_player: FAILURE
add_player: FAILURE
add_player: FAILURE
num_played_games_for_player: SUCCESS, 22
add_player: FAILURE
add_player: FAILURE
play_match: FAILURE
add_player: FAILURE
num_played_games_for_player: SUCCESS, 22
add_player_cards: SUCCESS
get_player_cards: SUCCESS, 286
get_player_cards: SUCCESS, 279
get_player_cards: SUCCESS, 125
add_player: FAILURE
get_team_points: SUCCESS, 0
add_player: FAILURE
add_player: FAILURE
add_player: FAILURE
get_partial_spirit: SUCCESS, 1,2,3,4,5
add_player: FAILURE
add_player_cards: SUCCESS
remove_team: FAILURE
remove_team: FAILURE
get_player_cards: SUCCESS, 90
get_player_cards: SUCCESS, 684
buy_team: SUCCESS
remove_team: FAILURE
add_player: FAILURE
get_ith_pointless_ability: SUCCESS, 51
get_team_points: SUCCESS, 0
add_player_cards: SUCCESS
add_player: FAILURE
add_team: FAILURE
get_partial_spirit: SUCCESS, 3,4,2,1,5
add_team: FAILURE
add_player: FAILURE
remove_team: FAILURE
add_player: FAILURE
add_player: FAILURE
buy_team: SUCCESS
get_partial_spirit: SUCCESS, 4,2,3,5,1
get_player_cards: SUCCESS, 149
get_team_points: SUCCESS, 0
num_played_games_for_player: SUCCESS, 22
num_played_games_for_player: SUCCESS, 22
num_played_games_for_player: SUCCESS, 22
remove_team: FAILURE
add_player: FAILURE
buy_team: SUCCESS
get_team_points: SUCCESS, 0
get_ith_pointless_ability: SUCCESS, 75
get_ith_pointless_ability: FAILURE
add_player: FAILURE
remove_team: FAILURE
get_player_cards: SUCCESS, 67
get_team_points: FAILURE
add_player_cards: FAILURE
add_player: FAILURE
add_player: FAILURE
add_team: FAILURE
num_played_games_for_player: SUCCESS, 22
num_played_games_for_player: SUCCESS, 22
add_team: FAILURE
remove_team: FAILURE
get_player_cards: SUCCESS, 11
num_played_games_for_player: SUCCESS, 22
get_partial_spirit: SUCCESS, 4,2,3,1,5
get_ith_pointless_ability: SUCCESS, 64
remove_team: FAILURE
add_player: FAILURE
add_player: FAILURE
num_played_games_for_player: SUCCESS, 22
add_player: FAILURE
get_team_points: SUCCESS, 0
add_player: FAILURE
get_partial_spirit: SUCCESS, 1,2,3,4,5
get_partial_spirit: SUCCESS, 1,2,3,4,5
get_ith_pointless_ability: SUCCESS, 2
get_team_points: SUCCESS, 0
remove_team: FAILURE
remove_team: FAILURE
get_ith_pointless_ability: FAILURE
add_team: FAILURE
add_team: FAILURE
add_player: FAILURE
remove_team: FAILURE
num_played_games_for_player: SUCCESS, 22
add_player: FAILURE
remove_team: FAILURE
add_player: FAILURE
get_player_cards: SUCCESS, 206
add_player_cards: FAILURE
get_player_cards: SUCCESS, 160
add_team: FAILURE
get_partial_spirit: FAILURE
buy_team: SUCCESS
get_team_points: SUCCESS, 0
remove_team: FAILURE
num_played_games_for_player: SUCCESS, 22
add_player: FAILURE
add_player: FAILURE
add_player: FAILURE
add_player_cards: SUCCESS
add_player: FAILURE
buy_team: SUCCESS
get_team_points: SUCCESS, 0
buy_team: SUCCESS
play_match: FAILURE
get_team_points: SUCCESS, 0
get_team_points: SUCCESS, 0
get_partial_spirit: SUCCESS, 1,2,3,4,5
get_partial_spirit: SUCCESS, 1,2,3,4,5
add_player: FAILURE
get_ith_pointless_ability: SUCCESS, 92
get_partial_spirit: SUCCESS, 1,2,3,4,5
get_player_cards: SUCCESS, 285
get_player_cards: SUCCESS, 389
add_player: FAILURE
get_partial_spirit: FAILURE
get_player_cards: SUCCESS, 70
num_played_games_for_player: SUCCESS, 22
get_team_points: SUCCESS, 0
add_player: FAILURE
add_player_cards: SUCCESS
num_played_games_for_player: SUCCESS, 22
add_player: FAILURE
get_player_cards: SUCCESS, 7
play_match: FAILURE
remove_team: FAILURE
get_partial_spirit: SUCCESS, 1,2,3,4,5
add_player: FAILURE
get_ith_pointless_ability: FAILURE
add_team: FAILURE
get_partial_spirit: SUCCESS, 1,2,3,4,5
add_team: FAILURE
num_played_games_for_player: SUCCESS, 22
remove_team: FAILURE
remove_team: FAILURE
play_match: FAILURE
add_player: FAILURE
add_player_cards: SUCCESS
add_player: FAILURE
get_ith_pointless_ability: SUCCESS, 55
add_player: FAILURE
num_played_games_for_player: SUCCESS, 22
add_player: FAILURE
add_player_cards: SUCCESS
remove_team: FAILURE
get_ith_pointless_ability: SUCCESS, 62
add_player: FAILURE
play_match: FAILURE
play_match: FAILURE
add_player: FAILURE
buy_team: SUCCESS
get_team_points: SUCCESS, 0
add_team: FAILURE
buy_team: SUCCESS
add_player_cards: SUCCESS
add_player: FAILURE
add_player_cards: SUCCESS
add_player: FAILURE
add_player: FAILURE
add_player: FAILURE
add_team: FAILURE
get_player_cards: SUCCESS, 209
play_match: FAILURE
get_player_cards: SUCCESS, 33
add_player_cards: SUCCESS
get_team_points: SUCCESS, 0
get_ith_pointless_ability: SUCCESS, 29
remove_team: FAILURE
get_partial_spirit: SUCCESS, 4,1,3,2,5
add_player: FAILURE
get_team_points: SUCCESS, 0
add_team: FAILURE
add_player: FAILURE
add_team: FAILURE
add_player: FAILURE
play_match: FAILURE
add_player_cards: SUCCESS
num_played_games_for_player: SUCCESS, 22
get_team_points: SUCCESS, 0
add_team: FAILURE
buy_team: SUCCESS
play_match: FAILURE
add_player: FAILURE
get_team_points: SUCCESS, 0
add_team: FAILURE
buy_team: SUCCESS
add_player_cards: SUCCESS
add_player: FAILURE
add_player: FAILURE
buy_team: SUCCESS
get_team_points: SUCCESS, 0
get_ith_pointless_ability: SUCCESS, 10
add_player: FAILURE
get_team_points: FAILURE
get_partial_spirit: SUCCESS, 1,2,3,4,5
get_partial_spirit: SUCCESS, 5,3,1,4,2
num_played_games_for_player: SUCCESS, 22
buy_team: SUCCESS
buy_team: SUCCESS
add_player: FAILURE
num_played_games_for_player: SUCCESS, 22
get_partial_spirit: FAILURE
get_ith_pointless_ability: FAILURE
play_match: SUCCESS, 1
buy_team: SUCCESS
get_team_points: SUCCESS, 0
get_team_points: FAILURE
add_player: FAILURE
add_player: FAILURE
num_played_games_for_player: SUCCESS, 22
add_player: FAILURE
play_match: FAILURE
add_player: FAILURE
get_partial_spirit: SUCCESS, 2,5,4,3,1
add_team: FAILURE
get_team_points: SUCCESS, 0
remove_team: FAILURE
get_ith_pointless_ability: FAILURE
get_player_cards: SUCCESS, 299
num_played_games_for_player: SUCCESS, 22
add_player_cards: SUCCESS
add_player: FAILURE
get_player_cards: SUCCESS, 168
add_player: FAILURE
add_team: FAILURE
get_partial_spirit: SUCCESS, 1,2,3,4,5
get_partial_spirit: SUCCESS, 1,2,3,4,5
buy_team: SUCCESS
add_player: FAILURE
remove_team: FAILURE
add_team: FAILURE
add_player: FAILURE
add_player: FAILURE
add_player: FAILURE
num_played_games_for_player: SUCCESS, 22
add_player: FAILURE
remove_team: FAILURE
add_player: FAILURE
add_player: FAILURE
get_ith_pointless_ability: SUCCESS, 32
play_match: FAILURE
get_team_points: FAILURE
get_player_cards: SUCCESS, 77
num_played_games_for_player: SUCCESS, 22
get_team_points: FAILURE
add_player: FAILURE
add_team: FAILURE
add_player: FAILURE
add_team: FAILURE
get_partial_spirit: SUCCESS, 5,1,4,3,2
buy_team: SUCCESS
play_match: FAILURE
add_player: FAILURE
get_player_cards: SUCCESS, 400
get_player_cards: SUCCESS, 152
add_player: FAILURE
add_player_cards: SUCCESS
add_player: FAILURE
add_player: FAILURE
play_match: FAILURE
play_match: FAILURE
get_partial_spirit: SUCCESS, 5,3,1,4,2
play_match: FAILURE
get_player_cards: SUCCESS, 69
remove_team: FAILURE
get_partial_spirit: SUCCESS, 1,4,3,5,2
add_player: FAILURE
add_player: FAILURE
remove_team: FAILURE
buy_team: SUCCESS
get_partial_spirit: SUCCESS, 4,3,2,1,5
add_player_cards: FAILURE
get_team_points: SUCCESS, 0
play_match: SUCCESS, 1
add_player_cards: FAILURE
get_team_points: FAILURE
remove_team: FAILURE
get_player_cards: SUCCESS, 269
get_team_points: FAILURE
get_player_cards: SUCCESS, 67
get_ith_pointless_ability: SUCCESS, 9
add_player_cards: SUCCESS
get_ith_pointless_ability: FAILURE
add_player: FAILURE
get_player_cards: SUCCESS, 267
add_player_cards: SUCCESS
buy_team: SUCCESS
buy_team: SUCCESS
get_partial_spirit: SUCCESS, 5,1,4,3,2
add_player: FAILURE
buy_team: SUCCESS
add_player: FAILURE
get_partial_spirit: SUCCESS, 1,2,3,4,5
add_player: FAILURE
buy_team: SUCCESS
add_player: FAILURE
get_partial_spirit: SUCCESS, 1,2,3,4,5
add_player: FAILURE
get_partial_spirit: SUCCESS, 1,2,3,4,5
num_played_games_for_player: SUCCESS, 22
add_player_cards: FAILURE
get_player_cards: SUCCESS, 33
remove_team: FAILURE
num_played_games_for_player: SUCCESS, 22
add_team: FAILURE
buy_team: SUCCESS
num_played_games_for_player: SUCCESS, 22
add_player_cards: SUCCESS
play_match: FAILURE
add_player: FAILURE
remove_team: FAILURE
add_player: FAILURE
buy_team: SUCCESS
add_player: FAILURE
get_team_points: SUCCESS, 0
add_team: FAILURE
get_player_cards: SUCCESS, 27
get_team_points: FAILURE
get_team_points: SUCCESS, 9
buy_team: SUCCESS
add_player: FAILURE
get_partial_spirit: FAILURE
get_player_cards: SUCCESS, 189
remove_team: FAILURE
get_partial_spirit: SUCCESS, 1,2,3,4,5
get_partial_spirit: SUCCESS, 1,2,3,4,5
get_player_cards: SUCCESS, 209
add_team: FAILURE
add_team: FAILURE
num_played_games_for_player: SUCCESS, 22
add_player: FAILURE
add_player: FAILURE
add_player: FAILURE
get_partial_spirit: FAILURE
get_team_points: FAILURE
get_partial_spirit: SUCCESS, 2,3,5,1,4
play_match: FAILURE
remove_team: FAILURE
add_team: FAILURE
add_player: FAILURE
num_played_games_for_player: SUCCESS, 22
add_player: FAILURE
play_match: FAILURE
