add_team: SUCCESS
add_team: SUCCESS
add_team: SUCCESS
add_team: SUCCESS
add_team: SUCCESS
add_team: SUCCESS
add_team: SUCCESS
add_team: SUCCESS
add_team: SUCCESS
add_team: SUCCESS
add_team: SUCCESS
add_team: SUCCESS
add_team: SUCCESS
add_team: SUCCESS
add_team: SUCCESS
add_team: SUCCESS
add_team: SUCCESS
add_team: SUCCESS
add_team: SUCCESS
add_team: SUCCESS
add_team: SUCCESS
add_team: SUCCESS
add_team: SUCCESS
add_team: SUCCESS
add_team: SUCCESS
add_team: SUCCESS
add_team: SUCCESS
add_team: SUCCESS
add_team: SUCCESS
add_team: SUCCESS
add_team: SUCCESS
add_team: SUCCESS
add_team: SUCCESS
add_team: SUCCESS
add_team: SUCCESS
add_team: SUCCESS
add_team: SUCCESS
add_team: SUCCESS
add_team: SUCCESS
add_team: SUCCESS
add_team: SUCCESS
add_team: SUCCESS
add_team: SUCCESS
add_team: SUCCESS
add_team: SUCCESS
add_team: SUCCESS
add_team: SUCCESS
add_team: SUCCESS
add_team: SUCCESS
add_team: SUCCESS
add_team: SUCCESS
add_team: SUCCESS
add_team: SUCCESS
add_team: SUCCESS
add_team: SUCCESS
add_team: SUCCESS
add_team: SUCCESS
add_team: SUCCESS
add_team: SUCCESS
add_team: SUCCESS
add_team: SUCCESS
add_team: SUCCESS
add_team: SUCCESS
add_team: SUCCESS
add_team: SUCCESS
add_team: SUCCESS
add_team: SUCCESS
add_team: SUCCESS
add_team: SUCCESS
add_team: SUCCESS
add_team: SUCCESS
add_team: SUCCESS
add_team: SUCCESS
add_team: SUCCESS
add_team: SUCCESS
add_team: SUCCESS
add_team: SUCCESS
add_team: SUCCESS
add_team: SUCCESS
add_team: SUCCESS
add_team: SUCCESS
add_team: SUCCESS
add_team: SUCCESS
add_team: SUCCESS
add_team: SUCCESS
add_team: SUCCESS
add_team: SUCCESS
add_team: SUCCESS
add_team: SUCCESS
add_team: SUCCESS
add_team: SUCCESS
add_team: SUCCESS
add_team: SUCCESS
add_team: SUCCESS
add_team: SUCCESS
add_team: SUCCESS
add_team: SUCCESS
add_team: SUCCESS
add_team: SUCCESS
add_team: SUCCESS
add_player: SUCCESS
add_player: SUCCESS
add_player: SUCCESS
add_player: SUCCESS
add_player: SUCCESS
add_player: SUCCESS
add_player: SUCCESS
add_player: SUCCESS
add_player: SUCCESS
add_player: SUCCESS
add_player: SUCCESS
add_player: SUCCESS
add_player: SUCCESS
add_player: SUCCESS
add_player: SUCCESS
add_player: SUCCESS
add_player: SUCCESS
add_player: SUCCESS
add_player: SUCCESS
add_player: SUCCESS
add_player: SUCCESS
add_player: SUCCESS
add_player: SUCCESS
add_player: SUCCESS
add_player: SUCCESS
add_player: SUCCESS
add_player: SUCCESS
add_player: SUCCESS
add_player: SUCCESS
add_player: SUCCESS
add_player: SUCCESS
add_player: SUCCESS
add_player: SUCCESS
add_player: SUCCESS
add_player: SUCCESS
add_player: SUCCESS
add_player: SUCCESS
add_player: SUCCESS
add_player: SUCCESS
add_player: SUCCESS
add_player: SUCCESS
add_player: SUCCESS
add_player: SUCCESS
add_player: SUCCESS
add_player: SUCCESS
add_player: SUCCESS
add_player: SUCCESS
add_player: SUCCESS
add_player: SUCCESS
add_player: SUCCESS
add_player: SUCCESS
add_player: SUCCESS
add_player: SUCCESS
add_player: SUCCESS
add_player: SUCCESS
add_player: SUCCESS
add_player: SUCCESS
add_player: SUCCESS
add_player: SUCCESS
add_player: SUCCESS
add_player: SUCCESS
add_player: SUCCESS
add_player: SUCCESS
add_player: SUCCESS
add_player: SUCCESS
add_player: SUCCESS
add_player: SUCCESS
add_player: SUCCESS
add_player: SUCCESS
add_player: SUCCESS
add_player: SUCCESS
add_player: SUCCESS
add_player: SUCCESS
add_player: SUCCESS
add_player: SUCCESS
add_player: SUCCESS
add_player: SUCCESS
add_player: SUCCESS
add_player: SUCCESS
add_player: SUCCESS
add_player: SUCCESS
add_player: SUCCESS
add_player: SUCCESS
add_player: SUCCESS
add_player: SUCCESS
add_player: SUCCESS
add_player: SUCCESS
add_player: SUCCESS
add_player: SUCCESS
add_player: SUCCESS
add_player: SUCCESS
add_player: SUCCESS
add_player: SUCCESS
add_player: SUCCESS
add_player: SUCCESS
add_player: SUCCESS
add_player: SUCCESS
add_player: SUCCESS
add_player: SUCCESS
add_player: SUCCESS
add_team: SUCCESS
get_player_cards: SUCCESS, 250
add_player: SUCCESS
add_player: SUCCESS
get_partial_spirit: SUCCESS, 1,2,3,4,5
add_team: FAILURE
get_ith_pointless_ability: FAILURE
num_played_games_for_player: SUCCESS, 22
add_player: SUCCESS
add_player: SUCCESS
num_played_games_for_player: SUCCESS, 22
get_ith_pointless_ability: FAILURE
play_match: FAILURE
add_team: FAILURE
add_player: SUCCESS
get_team_points: SUCCESS, 0
buy_team: SUCCESS
get_player_cards: SUCCESS, 200
add_player: SUCCESS
get_ith_pointless_ability: SUCCESS, 15
add_player: SUCCESS
add_team: FAILURE
get_partial_spirit: SUCCESS, 4,2,3,5,1
remove_team: FAILURE
remove_team: FAILURE
remove_team: FAILURE
num_played_games_for_player: SUCCESS, 22
add_player: SUCCESS
add_player: SUCCESS
get_partial_spirit: SUCCESS, 1,2,3,4,5
get_ith_pointless_ability: SUCCESS, 27
buy_team: SUCCESS
play_match: FAILURE
add_player: SUCCESS
get_partial_spirit: SUCCESS, 5,3,4,2,1
buy_team: SUCCESS
add_player: SUCCESS
get_player_cards: SUCCESS, 48
remove_team: FAILURE
num_played_games_for_player: SUCCESS, 22
add_player: SUCCESS
get_player_cards: SUCCESS, 293
add_player: SUCCESS
get_ith_pointless_ability: SUCCESS, 68
add_player: SUCCESS
get_partial_spirit: SUCCESS, 1,2,3,4,5
add_player_cards: SUCCESS
add_player: SUCCESS
get_player_cards: SUCCESS, 176
play_match: FAILURE
remove_team: FAILURE
remove_team: FAILURE
add_team: FAILURE
play_match: FAILURE
num_played_games_for_player: SUCCESS, 22
get_ith_pointless_ability: FAILURE
add_team: FAILURE
add_player: SUCCESS
get_player_cards: SUCCESS, 28
num_played_games_for_player: SUCCESS, 22
get_player_cards: SUCCESS, 37
get_partial_spirit: SUCCESS, 3,5,1,4,2
add_player: SUCCESS
add_player: SUCCESS
add_player: SUCCESS
get_ith_pointless_ability: FAILURE
play_match: FAILURE
add_player: SUCCESS
add_player: SUCCESS
get_team_points: SUCCESS, 0
add_player: SUCCESS
add_player: SUCCESS
get_partial_spirit: SUCCESS, 1,2,3,4,5
buy_team: SUCCESS
add_player_cards: SUCCESS
get_team_points: SUCCESS, 0
remove_team: FAILURE
get_partial_spirit: SUCCESS, 1,2,3,4,5
get_player_cards: SUCCESS, 157
get_team_points: SUCCESS, 0
add_player: SUCCESS
get_partial_spirit: SUCCESS, 1,2,3,4,5
num_played_games_for_player: SUCCESS, 22
get_player_cards: SUCCESS, 68
add_player: SUCCESS
get_ith_pointless_ability: FAILURE
get_ith_pointless_ability: FAILURE
add_player: SUCCESS
play_match: FAILURE
get_partial_spirit: SUCCESS, 4,5,2,3,1
num_played_games_for_player: SUCCESS, 22
play_match: FAILURE
remove_team: FAILURE
num_played_games_for_player: SUCCESS, 22
get_ith_pointless_ability: SUCCESS, 43
get_team_points: SUCCESS, 0
get_partial_spirit: SUCCESS, 1,2,5,4,3
buy_team: SUCCESS
add_player: SUCCESS
get_team_points: SUCCESS, 0
buy_team: SUCCESS
get_partial_spirit: SUCCESS, 5,4,1,2,3
add_player: SUCCESS
get_partial_spirit: SUCCESS, 1,2,3,4,5
buy_team: SUCCESS
add_team: FAILURE
get_partial_spirit: SUCCESS, 1,2,3,4,5
add_player: SUCCESS
add_team: FAILURE
add_player: SUCCESS
add_player_cards: SUCCESS
get_ith_pointless_ability: FAILURE
num_played_games_for_player: SUCCESS, 22
get_player_cards: SUCCESS, 96
get_ith_pointless_ability: SUCCESS, 18
add_player_cards: SUCCESS
play_match: FAILURE
add_player_cards: SUCCESS
num_played_games_for_player: SUCCESS, 22
get_player_cards: SUCCESS, 214
play_match: SUCCESS, 1
buy_team: SUCCESS
remove_team: FAILURE
add_player: SUCCESS
buy_team: SUCCESS
num_played_games_for_player: SUCCESS, 22
add_player: SUCCESS
get_ith_pointless_ability: FAILURE
get_team_points: SUCCESS, 0
get_partial_spirit: SUCCESS, 1,2,3,4,5
add_player: SUCCESS
remove_team: FAILURE
add_player_cards: SUCCESS
add_player: SUCCESS
get_player_cards: SUCCESS, 293
remove_team: FAILURE
add_player: SUCCESS
get_partial_spirit: SUCCESS, 4,3,2,1,5
get_partial_spirit: SUCCESS, 4,1,5,2,3
add_player: SUCCESS
get_ith_pointless_ability: FAILURE
add_team: FAILURE
add_player: SUCCESS
add_player: SUCCESS
get_ith_pointless_ability: FAILURE
get_partial_spirit: SUCCESS, 1,2,3,4,5
get_partial_spirit: SUCCESS, 5,2,4,3,1
get_partial_spirit: SUCCESS, 1,2,3,4,5
get_player_cards: SUCCESS, 161
get_ith_pointless_ability: SUCCESS, 14
buy_team: SUCCESS
num_played_games_for_player: SUCCESS, 22
get_partial_spirit: SUCCESS, 1,2,3,4,5
get_ith_pointless_ability: SUCCESS, 82
num_played_games_for_player: SUCCESS, 22
add_player_cards: SUCCESS
get_team_points: SUCCESS, 0
add_team: FAILURE
get_ith_pointless_ability: SUCCESS, 3
add_team: FAILURE
get_team_points: SUCCESS, 0
add_team: FAILURE
get_ith_pointless_ability: FAILURE
num_played_games_for_player: SUCCESS, 22
get_team_points: SUCCESS, 0
get_partial_spirit: SUCCESS, 1,2,3,4,5
add_player: SUCCESS
add_player: SUCCESS
play_match: FAILURE
get_team_points: SUCCESS, 0
get_team_points: SUCCESS, 0
add_player: SUCCESS
add_player: SUCCESS
num_played_games_for_player: SUCCESS, 22
num_played_games_for_player: SUCCESS, 22
get_ith_pointless_ability: SUCCESS, 3
add_player: FAILURE
add_player: SUCCESS
add_team: FAILURE
play_match: SUCCESS, 1
add_player: SUCCESS
get_player_cards: SUCCESS, 90
get_team_points: SUCCESS, 0
num_played_games_for_player: SUCCESS, 22
num_played_games_for_player: SUCCESS, 22
get_player_cards: SUCCESS, 247
get_ith_pointless_ability: SUCCESS, 58
get_team_points: SUCCESS, 0
get_ith_pointless_ability: SUCCESS, 39
get_ith_pointless_ability: SUCCESS, 13
remove_team: FAILURE
play_match: FAILURE
add_player_cards: SUCCESS
remove_team: FAILURE
add_team: FAILURE
add_team: FAILURE
num_played_games_for_player: SUCCESS, 22
add_player_cards: SUCCESS
add_team: FAILURE
get_partial_spirit: SUCCESS, 3,4,2,5,1
add_team: FAILURE
num_played_games_for_player: SUCCESS, 22
get_player_cards: SUCCESS, 75
add_team: FAILURE
get_team_points: SUCCESS, 0
buy_team: SUCCESS
remove_team: FAILURE
add_player: SUCCESS
get_ith_pointless_ability: SUCCESS, 10
get_player_cards: SUCCESS, 37
buy_team: SUCCESS
get_partial_spirit: SUCCESS, 1,2,3,4,5
add_team: FAILURE
add_player: SUCCESS
get_team_points: SUCCESS, 0
buy_team: SUCCESS
add_player: SUCCESS
get_team_points: SUCCESS, 0
add_player: SUCCESS
add_player: SUCCESS
add_player: SUCCESS
add_player: SUCCESS
add_player: SUCCESS
remove_team: FAILURE
get_partial_spirit: SUCCESS, 1,3,5,4,2
remove_team: FAILURE
add_player: SUCCESS
add_player: FAILURE
get_partial_spirit: SUCCESS, 1,2,3,4,5
buy_team: SUCCESS
play_match: FAILURE
add_player: SUCCESS
add_player: SUCCESS
add_player: SUCCESS
get_ith_pointless_ability: FAILURE
add_team: FAILURE
play_match: FAILURE
play_match: SUCCESS, 1
add_team: FAILURE
add_team: FAILURE
add_player_cards: SUCCESS
play_match: FAILURE
add_player: SUCCESS
add_player_cards: SUCCESS
buy_team: SUCCESS
add_player: SUCCESS
get_ith_pointless_ability: FAILURE
get_ith_pointless_ability: SUCCESS, 2
play_match: SUCCESS, 3
get_team_points: SUCCESS, 0
add_player: SUCCESS
num_played_games_for_player: SUCCESS, 22
play_match: FAILURE
num_played_games_for_player: SUCCESS, 22
play_match: FAILURE
add_team: FAILURE
buy_team: SUCCESS
buy_team: SUCCESS
get_partial_spirit: SUCCESS, 1,2,3,4,5
add_team: FAILURE
play_match: FAILURE
remove_team: FAILURE
get_player_cards: SUCCESS, 139
add_player: FAILURE
play_match: FAILURE
get_team_points: SUCCESS, 0
add_player: SUCCESS
add_player: SUCCESS
buy_team: SUCCESS
buy_team: SUCCESS
get_team_points: SUCCESS, 0
play_match: FAILURE
add_player: SUCCESS
add_player_cards: SUCCESS
add_team: SUCCESS
get_player_cards: SUCCESS, 83
play_match: SUCCESS, 3
add_player: SUCCESS
add_team: FAILURE
get_partial_spirit: SUCCESS, 1,2,3,4,5
add_player: SUCCESS
get_team_points: SUCCESS, 0
get_player_cards: SUCCESS, 149
add_player: SUCCESS
get_partial_spirit: SUCCESS, 3,5,1,2,4
num_played_games_for_player: SUCCESS, 22
add_player_cards: SUCCESS
get_partial_spirit: SUCCESS, 3,5,4,2,1
play_match: FAILURE
get_team_points: SUCCESS, 0
add_team: FAILURE
num_played_games_for_player: SUCCESS, 22
add_team: FAILURE
add_player: FAILURE
play_match: FAILURE
add_player: FAILURE
get_ith_pointless_ability: SUCCESS, 18
get_player_cards: SUCCESS, 96
play_match: FAILURE
num_played_games_for_player: SUCCESS, 22
get_partial_spirit: SUCCESS, 1,5,3,2,4
add_player: FAILURE
buy_team: SUCCESS
play_match: FAILURE
get_player_cards: SUCCESS, 89
play_match: FAILURE
buy_team: SUCCESS
get_partial_spirit: SUCCESS, 2,5,4,1,3
buy_team: SUCCESS
play_match: FAILURE
get_team_points: SUCCESS, 0
add_player_cards: SUCCESS
get_player_cards: SUCCESS, 37
remove_team: FAILURE
add_player: SUCCESS
add_player: SUCCESS
play_match: FAILURE
get_team_points: SUCCESS, 0
get_team_points: SUCCESS, 0
add_team: FAILURE
play_match: FAILURE
get_ith_pointless_ability: SUCCESS, 2
get_team_points: SUCCESS, 0
add_player: SUCCESS
add_player: SUCCESS
remove_team: FAILURE
get_player_cards: SUCCESS, 176
get_player_cards: SUCCESS, 257
num_played_games_for_player: SUCCESS, 22
add_team: FAILURE
add_team: FAILURE
play_match: FAILURE
add_player: SUCCESS
get_player_cards: SUCCESS, 244
num_played_games_for_player: SUCCESS, 22
add_player: SUCCESS
add_player: FAILURE
add_player: SUCCESS
add_player: FAILURE
remove_team: FAILURE
add_player: FAILURE
get_ith_pointless_ability: FAILURE
add_player_cards: SUCCESS
get_team_points: SUCCESS, 0
get_ith_pointless_ability: SUCCESS, 60
remove_team: FAILURE
add_player_cards: SUCCESS
get_partial_spirit: SUCCESS, 1,2,3,4,5
play_match: FAILURE
get_player_cards: SUCCESS, 227
get_team_points: SUCCESS, 3
num_played_games_for_player: SUCCESS, 22
add_player: SUCCESS
add_player: FAILURE
add_team: FAILURE
buy_team: SUCCESS
add_player: SUCCESS
play_match: FAILURE
get_team_points: SUCCESS, 0
play_match: FAILURE
add_player_cards: SUCCESS
get_partial_spirit: SUCCESS, 4,1,5,2,3
add_player: SUCCESS
add_player: SUCCESS
add_team: FAILURE
get_team_points: SUCCESS, 0
add_team: FAILURE
add_team: FAILURE
buy_team: SUCCESS
get_player_cards: SUCCESS, 176
add_player: FAILURE
add_player_cards: SUCCESS
get_ith_pointless_ability: FAILURE
play_match: SUCCESS, 1
add_player: SUCCESS
get_team_points: SUCCESS, 0
add_team: FAILURE
add_team: FAILURE
get_team_points: SUCCESS, 0
buy_team: SUCCESS
add_player_cards: SUCCESS
add_team: FAILURE
remove_team: FAILURE
play_match: SUCCESS, 3
num_played_games_for_player: SUCCESS, 22
buy_team: SUCCESS
get_ith_pointless_ability: FAILURE
remove_team: FAILURE
buy_team: SUCCESS
remove_team: FAILURE
add_player: SUCCESS
remove_team: FAILURE
add_player: SUCCESS
play_match: SUCCESS, 3
add_team: SUCCESS
get_team_points: SUCCESS, 3
add_player: SUCCESS
add_team: FAILURE
get_partial_spirit: SUCCESS, 1,4,3,2,5
add_player_cards: SUCCESS
add_team: FAILURE
play_match: SUCCESS, 3
add_player: SUCCESS
add_team: FAILURE
get_partial_spirit: SUCCESS, 4,3,2,1,5
play_match: FAILURE
add_player_cards: SUCCESS
play_match: FAILURE
get_team_points: SUCCESS, 3
buy_team: SUCCESS
get_player_cards: SUCCESS, 298
add_player: SUCCESS
play_match: FAILURE
add_player: FAILURE
add_player: SUCCESS
add_team: FAILURE
add_player: SUCCESS
num_played_games_for_player: SUCCESS, 22
play_match: SUCCESS, 3
add_player: FAILURE
play_match: FAILURE
add_player: SUCCESS
num_played_games_for_player: SUCCESS, 22
add_player: FAILURE
add_player_cards: SUCCESS
get_ith_pointless_ability: SUCCESS, 74
add_player_cards: SUCCESS
play_match: FAILURE
get_team_points: SUCCESS, 0
get_team_points: SUCCESS, 3
add_player: SUCCESS
add_player: SUCCESS
buy_team: SUCCESS
get_player_cards: SUCCESS, 139
remove_team: FAILURE
get_player_cards: SUCCESS, 77
get_player_cards: SUCCESS, 267
remove_team: FAILURE
buy_team: SUCCESS
get_partial_spirit: SUCCESS, 1,2,3,4,5
num_played_games_for_player: SUCCESS, 22
add_player: FAILURE
add_player: SUCCESS
add_player_cards: SUCCESS
add_team: FAILURE
buy_team: SUCCESS
add_player_cards: SUCCESS
get_player_cards: SUCCESS, 278
buy_team: SUCCESS
play_match: FAILURE
add_team: FAILURE
add_player: SUCCESS
get_player_cards: SUCCESS, 40
get_ith_pointless_ability: SUCCESS, 68
add_player_cards: SUCCESS
get_player_cards: SUCCESS, 206
get_team_points: SUCCESS, 0
num_played_games_for_player: SUCCESS, 22
add_player: SUCCESS
add_player: SUCCESS
get_team_points: SUCCESS, 0
add_team: FAILURE
get_team_points: SUCCESS, 0
get_partial_spirit: SUCCESS, 1,2,3,4,5
get_partial_spirit: SUCCESS, 1,2,3,4,5
add_player: SUCCESS
add_player: FAILURE
add_player: SUCCESS
add_team: FAILURE
add_player_cards: SUCCESS
add_player: SUCCESS
get_ith_pointless_ability: SUCCESS, 25
add_player_cards: SUCCESS
num_played_games_for_player: SUCCESS, 22
remove_team: FAILURE
remove_team: FAILURE
play_match: FAILURE
add_player_cards: SUCCESS
play_match: FAILURE
get_partial_spirit: SUCCESS, 5,2,4,3,1
num_played_games_for_player: SUCCESS, 22
add_team: FAILURE
get_ith_pointless_ability: SUCCESS, 71
add_player: SUCCESS
add_player_cards: SUCCESS
play_match: FAILURE
get_player_cards: SUCCESS, 245
add_player: FAILURE
play_match: FAILURE
get_ith_pointless_ability: SUCCESS, 16
num_played_games_for_player: SUCCESS, 22
remove_team: FAILURE
get_partial_spirit: SUCCESS, 5,2,4,3,1
play_match: SUCCESS, 3
get_team_points: SUCCESS, 3
buy_team: SUCCESS
add_player: FAILURE
get_team_points: SUCCESS, 3
get_partial_spirit: SUCCESS, 1,2,3,4,5
add_player: FAILURE
play_match: SUCCESS, 3
add_player: SUCCESS
get_partial_spirit: SUCCESS, 1,2,3,4,5
add_player: SUCCESS
get_ith_pointless_ability: SUCCESS, 52
get_player_cards: SUCCESS, 201
get_team_points: SUCCESS, 3
add_player_cards: SUCCESS
play_match: FAILURE
play_match: FAILURE
buy_team: SUCCESS
buy_team: SUCCESS
add_player_cards: SUCCESS
add_team: FAILURE
get_player_cards: SUCCESS, 60
num_played_games_for_player: SUCCESS, 22
add_player_cards: SUCCESS
get_player_cards: SUCCESS, 231
add_player: SUCCESS
add_player: FAILURE
remove_team: FAILURE
add_player_cards: SUCCESS
add_player: SUCCESS
add_player: FAILURE
remove_team: FAILURE
add_player: SUCCESS
get_ith_pointless_ability: SUCCESS, 6
remove_team: FAILURE
add_player: SUCCESS
get_ith_pointless_ability: FAILURE
add_team: FAILURE
add_player_cards: SUCCESS
add_player: FAILURE
get_player_cards: SUCCESS, 43
add_team: FAILURE
get_partial_spirit: SUCCESS, 2,1,5,3,4
add_player: FAILURE
play_match: FAILURE
num_played_games_for_player: SUCCESS, 22
num_played_games_for_player: SUCCESS, 22
get_partial_spirit: SUCCESS, 3,5,1,4,2
add_player: FAILURE
get_player_cards: SUCCESS, 180
remove_team: FAILURE
play_match: FAILURE
get_ith_pointless_ability: SUCCESS, 53
get_player_cards: SUCCESS, 176
remove_team: FAILURE
add_player: FAILURE
add_player: SUCCESS
add_player_cards: FAILURE
buy_team: SUCCESS
play_match: SUCCESS, 3
get_team_points: SUCCESS, 0
add_team: FAILURE
get_ith_pointless_ability: SUCCESS, 15
get_player_cards: SUCCESS, 422
add_team: FAILURE
remove_team: FAILURE
add_player: SUCCESS
add_player: SUCCESS
num_played_games_for_player: SUCCESS, 22
get_ith_pointless_ability: SUCCESS, 79
remove_team: FAILURE
get_ith_pointless_ability: SUCCESS, 2
add_player: SUCCESS
add_player: FAILURE
buy_team: SUCCESS
get_ith_pointless_ability: SUCCESS, 39
add_player: SUCCESS
add_player: SUCCESS
add_player: SUCCESS
add_player_cards: SUCCESS
add_player: SUCCESS
get_ith_pointless_ability: SUCCESS, 68
buy_team: SUCCESS
num_played_games_for_player: SUCCESS, 22
num_played_games_for_player: SUCCESS, 22
get_player_cards: SUCCESS, 156
add_player: SUCCESS
get_partial_spirit: SUCCESS, 1,2,3,4,5
num_played_games_for_player: SUCCESS, 22
get_player_cards: SUCCESS, 318
get_player_cards: SUCCESS, 233
add_player: SUCCESS
get_player_cards: SUCCESS, 157
add_team: FAILURE
add_player_cards: SUCCESS
play_match: SUCCESS, 3
add_player: FAILURE
buy_team: SUCCESS
get_ith_pointless_ability: SUCCESS, 7
get_player_cards: SUCCESS, 13
add_player: FAILURE
buy_team: SUCCESS
get_ith_pointless_ability: SUCCESS, 68
add_player: FAILURE
get_player_cards: SUCCESS, 271
add_team: FAILURE
get_player_cards: SUCCESS, 198
add_team: FAILURE
buy_team: SUCCESS
get_ith_pointless_ability: SUCCESS, 64
get_player_cards: SUCCESS, 89
num_played_games_for_player: SUCCESS, 22
get_team_points: SUCCESS, 0
add_player: SUCCESS
add_player: FAILURE
get_ith_pointless_ability: FAILURE
get_player_cards: SUCCESS, 145
remove_team: FAILURE
get_team_points: SUCCESS, 0
get_partial_spirit: SUCCESS, 2,5,4,3,1
num_played_games_for_player: SUCCESS, 22
add_player_cards: SUCCESS
get_ith_pointless_ability: SUCCESS, 57
add_player: SUCCESS
add_player: FAILURE
buy_team: SUCCESS
buy_team: SUCCESS
get_player_cards: SUCCESS, 487
add_player_cards: SUCCESS
get_player_cards: SUCCESS, 113
add_player: FAILURE
add_player: SUCCESS
get_player_cards: SUCCESS, 287
add_team: FAILURE
get_player_cards: SUCCESS, 296
get_team_points: SUCCESS, 0
num_played_games_for_player: SUCCESS, 22
add_player: SUCCESS
play_match: FAILURE
add_player: SUCCESS
get_team_points: SUCCESS, 0
get_player_cards: SUCCESS, 296
get_player_cards: SUCCESS, 238
add_player: FAILURE
remove_team: FAILURE
get_player_cards: SUCCESS, 247
play_match: SUCCESS, 3
add_player: FAILURE
get_player_cards: SUCCESS, 537
get_ith_pointless_ability: SUCCESS, 78
get_player_cards: SUCCESS, 97
add_player_cards: SUCCESS
add_player: SUCCESS
play_match: FAILURE
remove_team: FAILURE
get_partial_spirit: SUCCESS, 1,2,3,4,5
num_played_games_for_player: SUCCESS, 22
num_played_games_for_player: SUCCESS, 22
add_player_cards: SUCCESS
remove_team: FAILURE
add_player: FAILURE
add_player: SUCCESS
add_player_cards: SUCCESS
add_player_cards: SUCCESS
remove_team: FAILURE
add_team: FAILURE
add_player_cards: SUCCESS
get_ith_pointless_ability: SUCCESS, 61
num_played_games_for_player: SUCCESS, 22
play_match: SUCCESS, 3
add_player_cards: SUCCESS
buy_team: SUCCESS
add_player: FAILURE
get_player_cards: SUCCESS, 233
add_player: SUCCESS
add_player_cards: SUCCESS
add_player: FAILURE
add_player: SUCCESS
add_player: FAILURE
get_player_cards: SUCCESS, 235
get_ith_pointless_ability: SUCCESS, 82
play_match: FAILURE
get_partial_spirit: SUCCESS, 3,4,5,1,2
remove_team: FAILURE
get_player_cards: SUCCESS, 200
get_ith_pointless_ability: SUCCESS, 39
num_played_games_for_player: SUCCESS, 22
get_ith_pointless_ability: FAILURE
remove_team: FAILURE
add_team: FAILURE
get_team_points: SUCCESS, 3
num_played_games_for_player: SUCCESS, 22
add_player: SUCCESS
get_partial_spirit: SUCCESS, 4,3,5,2,1
play_match: SUCCESS, 3
remove_team: FAILURE
get_partial_spirit: SUCCESS, 3,5,1,4,2
get_team_points: SUCCESS, 0
get_team_points: SUCCESS, 0
add_player: FAILURE
add_player: FAILURE
add_player: FAILURE
buy_team: SUCCESS
add_player: SUCCESS
add_player: FAILURE
get_partial_spirit: SUCCESS, 4,3,2,5,1
buy_team: SUCCESS
remove_team: FAILURE
buy_team: SUCCESS
num_played_games_for_player: SUCCESS, 22
add_player: FAILURE
get_ith_pointless_ability: SUCCESS, 84
play_match: FAILURE
add_player_cards: SUCCESS
add_team: FAILURE
add_player: SUCCESS
get_partial_spirit: SUCCESS, 2,1,5,4,3
play_match: FAILURE
remove_team: FAILURE
add_player: SUCCESS
add_player: SUCCESS
get_team_points: SUCCESS, 3
get_player_cards: SUCCESS, 36
add_player: SUCCESS
add_player: SUCCESS
num_played_games_for_player: SUCCESS, 22
add_team: FAILURE
add_player: FAILURE
remove_team: FAILURE
get_ith_pointless_ability: SUCCESS, 92
add_player_cards: SUCCESS
num_played_games_for_player: SUCCESS, 22
add_player_cards: SUCCESS
get_team_points: SUCCESS, 0
buy_team: SUCCESS
add_player: SUCCESS
get_player_cards: SUCCESS, 19
add_player_cards: SUCCESS
add_player: FAILURE
add_player: FAILURE
get_player_cards: SUCCESS, 202
get_partial_spirit: SUCCESS, 1,5,4,3,2
remove_team: FAILURE
add_player: SUCCESS
remove_team: FAILURE
get_ith_pointless_ability: SUCCESS, 25
play_match: SUCCESS, 1
add_team: FAILURE
add_player: FAILURE
remove_team: FAILURE
get_partial_spirit: SUCCESS, 5,1,4,3,2
remove_team: FAILURE
add_team: FAILURE
get_ith_pointless_ability: SUCCESS, 28
buy_team: SUCCESS
buy_team: SUCCESS
add_player: SUCCESS
get_player_cards: SUCCESS, 64
get_partial_spirit: SUCCESS, 2,4,3,1,5
play_match: SUCCESS, 1
remove_team: FAILURE
add_player_cards: SUCCESS
add_player_cards: SUCCESS
remove_team: FAILURE
get_team_points: SUCCESS, 0
num_played_games_for_player: SUCCESS, 22
add_player_cards: SUCCESS
add_player: FAILURE
get_ith_pointless_ability: SUCCESS, 15
remove_team: FAILURE
get_ith_pointless_ability: SUCCESS, 68
add_player_cards: SUCCESS
num_played_games_for_player: SUCCESS, 22
add_player_cards: FAILURE
get_ith_pointless_ability: SUCCESS, 25
remove_team: FAILURE
remove_team: FAILURE
add_player: FAILURE
get_ith_pointless_ability: FAILURE
add_player: SUCCESS
get_player_cards: SUCCESS, 131
add_player: SUCCESS
buy_team: SUCCESS
get_partial_spirit: SUCCESS, 2,5,1,3,4
get_player_cards: SUCCESS, 250
get_partial_spirit: SUCCESS, 3,2,1,5,4
buy_team: SUCCESS
get_partial_spirit: SUCCESS, 3,4,1,2,5
get_player_cards: SUCCESS, 113
play_match: FAILURE
add_team: FAILURE
play_match: FAILURE
add_team: FAILURE
add_team: FAILURE
buy_team: SUCCESS
remove_team: FAILURE
add_player: SUCCESS
get_team_points: SUCCESS, 0
add_player: SUCCESS
remove_team: FAILURE
add_player: FAILURE
get_team_points: SUCCESS, 3
add_player: FAILURE
add_player: SUCCESS
add_player_cards: SUCCESS
buy_team: SUCCESS
buy_team: SUCCESS
buy_team: SUCCESS
remove_team: FAILURE
remove_team: FAILURE
remove_team: FAILURE
num_played_games_for_player: SUCCESS, 22
remove_team: FAILURE
num_played_games_for_player: SUCCESS, 22
get_ith_pointless_ability: FAILURE
add_team: FAILURE
add_player: SUCCESS
remove_team: FAILURE
add_player_cards: SUCCESS
buy_team: SUCCESS
get_team_points: SUCCESS, 0
add_player: FAILURE
get_player_cards: SUCCESS, 289
get_partial_spirit: SUCCESS, 3,5,1,2,4
add_team: FAILURE
add_player_cards: SUCCESS
add_player_cards: SUCCESS
add_team: FAILURE
add_team: FAILURE
get_team_points: FAILURE
add_player: SUCCESS
add_player: SUCCESS
add_player_cards: SUCCESS
add_player_cards: SUCCESS
remove_team: FAILURE
play_match: FAILURE
buy_team: SUCCESS
add_player: SUCCESS
remove_team: FAILURE
get_player_cards: SUCCESS, 127
add_player: SUCCESS
get_team_points: SUCCESS, 0
get_player_cards: SUCCESS, 218
remove_team: FAILURE
remove_team: FAILURE
buy_team: SUCCESS
get_partial_spirit: SUCCESS, 4,1,5,3,2
add_player: FAILURE
num_played_games_for_player: SUCCESS, 22
add_player: SUCCESS
get_ith_pointless_ability: FAILURE
add_player: FAILURE
buy_team: SUCCESS
add_player: FAILURE
add_team: FAILURE
get_ith_pointless_ability: SUCCESS, 2
add_player_cards: SUCCESS
num_played_games_for_player: SUCCESS, 22
num_played_games_for_player: SUCCESS, 22
add_player: FAILURE
add_player: FAILURE
add_player: SUCCESS
remove_team: FAILURE
add_team: FAILURE
add_player_cards: SUCCESS
add_player: FAILURE
add_player: FAILURE
get_player_cards: SUCCESS, 164
buy_team: SUCCESS
add_player: FAILURE
buy_team: SUCCESS
add_player: SUCCESS
add_player_cards: FAILURE
buy_team: SUCCESS
num_played_games_for_player: SUCCESS, 22
get_partial_spirit: SUCCESS, 3,5,2,1,4
remove_team: FAILURE
get_ith_pointless_ability: SUCCESS, 84
add_team: FAILURE
add_player: SUCCESS
get_partial_spirit: SUCCESS, 1,2,3,4,5
get_ith_pointless_ability: SUCCESS, 21
get_partial_spirit: FAILURE
play_match: FAILURE
add_player: FAILURE
remove_team: FAILURE
add_player_cards: SUCCESS
add_team: FAILURE
add_player: FAILURE
num_played_games_for_player: SUCCESS, 22
play_match: SUCCESS, 1
add_team: FAILURE
get_partial_spirit: SUCCESS, 3,5,2,1,4
add_player_cards: FAILURE
add_player: SUCCESS
buy_team: SUCCESS
num_played_games_for_player: SUCCESS, 22
add_team: FAILURE
remove_team: FAILURE
get_ith_pointless_ability: SUCCESS, 39
get_ith_pointless_ability: SUCCESS, 23
get_partial_spirit: FAILURE
get_ith_pointless_ability: SUCCESS, 71
get_team_points: SUCCESS, 3
play_match: FAILURE
get_partial_spirit: SUCCESS, 3,1,2,5,4
add_player_cards: FAILURE
num_played_games_for_player: SUCCESS, 22
get_ith_pointless_ability: FAILURE
get_team_points: SUCCESS, 0
get_team_points: FAILURE
get_ith_pointless_ability: SUCCESS, 68
buy_team: SUCCESS
buy_team: SUCCESS
get_player_cards: SUCCESS, 230
add_player: SUCCESS
get_team_points: FAILURE
remove_team: FAILURE
get_partial_spirit: SUCCESS, 5,4,3,1,2
get_team_points: SUCCESS, 0
add_player: FAILURE
add_player_cards: SUCCESS
buy_team: SUCCESS
get_partial_spirit: SUCCESS, 4,5,2,3,1
remove_team: FAILURE
remove_team: FAILURE
num_played_games_for_player: SUCCESS, 22
add_player_cards: SUCCESS
get_partial_spirit: FAILURE
get_player_cards: SUCCESS, 449
remove_team: FAILURE
play_match: SUCCESS, 3
get_ith_pointless_ability: FAILURE
add_player_cards: SUCCESS
num_played_games_for_player: SUCCESS, 22
play_match: FAILURE
add_player_cards: SUCCESS
add_player: FAILURE
get_ith_pointless_ability: SUCCESS, 21
add_player: FAILURE
add_player: FAILURE
add_player: FAILURE
get_ith_pointless_ability: SUCCESS, 74
num_played_games_for_player: SUCCESS, 22
get_ith_pointless_ability: SUCCESS, 82
add_player: SUCCESS
add_player: SUCCESS
get_player_cards: SUCCESS, 5
get_ith_pointless_ability: SUCCESS, 87
add_player: FAILURE
add_team: FAILURE
add_player: FAILURE
add_team: FAILURE
buy_team: SUCCESS
get_partial_spirit: FAILURE
get_team_points: FAILURE
get_partial_spirit: SUCCESS, 1,2,3,4,5
get_ith_pointless_ability: SUCCESS, 7
get_player_cards: SUCCESS, 103
get_partial_spirit: SUCCESS, 1,3,2,5,4
play_match: SUCCESS, 1
get_ith_pointless_ability: SUCCESS, 23
play_match: FAILURE
remove_team: FAILURE
buy_team: SUCCESS
get_team_points: FAILURE
num_played_games_for_player: SUCCESS, 22
add_team: FAILURE
add_player: SUCCESS
add_player: SUCCESS
add_team: FAILURE
get_team_points: FAILURE
get_team_points: FAILURE
remove_team: FAILURE
add_player_cards: SUCCESS
num_played_games_for_player: SUCCESS, 22
add_player: FAILURE
remove_team: FAILURE
num_played_games_for_player: SUCCESS, 22
add_player: FAILURE
get_team_points: SUCCESS, 0
add_player_cards: SUCCESS
add_player: FAILURE
add_player: FAILURE
buy_team: SUCCESS
add_player: FAILURE
add_player_cards: FAILURE
get_partial_spirit: SUCCESS, 1,5,3,4,2
add_player: SUCCESS
add_player: FAILURE
get_player_cards: SUCCESS, 86
get_player_cards: SUCCESS, 267
remove_team: FAILURE
add_team: FAILURE
get_ith_pointless_ability: SUCCESS, 47
add_player_cards: SUCCESS
get_partial_spirit: FAILURE
get_player_cards: SUCCESS, 141
buy_team: SUCCESS
num_played_games_for_player: SUCCESS, 22
get_player_cards: SUCCESS, 296
add_player: SUCCESS
add_player: SUCCESS
play_match: SUCCESS, 3
remove_team: FAILURE
add_player: SUCCESS
num_played_games_for_player: SUCCESS, 22
