add_team: SUCCESS
add_team: SUCCESS
add_team: SUCCESS
add_team: SUCCESS
add_team: SUCCESS
add_team: SUCCESS
add_team: SUCCESS
add_team: SUCCESS
add_team: SUCCESS
add_team: SUCCESS
add_team: SUCCESS
add_team: SUCCESS
add_team: SUCCESS
add_team: SUCCESS
add_team: SUCCESS
add_team: SUCCESS
add_team: SUCCESS
add_team: SUCCESS
add_team: SUCCESS
add_team: SUCCESS
add_team: SUCCESS
add_team: SUCCESS
add_team: SUCCESS
add_team: SUCCESS
add_team: SUCCESS
add_team: SUCCESS
add_team: SUCCESS
add_team: SUCCESS
add_team: SUCCESS
add_team: SUCCESS
add_team: SUCCESS
add_team: SUCCESS
add_team: SUCCESS
add_team: SUCCESS
add_team: SUCCESS
add_team: SUCCESS
add_team: SUCCESS
add_team: SUCCESS
add_team: SUCCESS
add_team: SUCCESS
add_team: SUCCESS
add_team: SUCCESS
add_team: SUCCESS
add_team: SUCCESS
add_team: SUCCESS
add_team: SUCCESS
add_team: SUCCESS
add_team: SUCCESS
add_team: SUCCESS
add_team: SUCCESS
add_team: SUCCESS
add_team: SUCCESS
add_team: SUCCESS
add_team: SUCCESS
add_team: SUCCESS
add_team: SUCCESS
add_team: SUCCESS
add_team: SUCCESS
add_team: SUCCESS
add_team: SUCCESS
add_team: SUCCESS
add_team: SUCCESS
add_team: SUCCESS
add_team: SUCCESS
add_team: SUCCESS
add_team: SUCCESS
add_team: SUCCESS
add_team: SUCCESS
add_team: SUCCESS
add_team: SUCCESS
add_team: SUCCESS
add_team: SUCCESS
add_team: SUCCESS
add_team: SUCCESS
add_team: SUCCESS
add_team: SUCCESS
add_team: SUCCESS
add_team: SUCCESS
add_team: SUCCESS
add_team: SUCCESS
add_team: SUCCESS
add_team: SUCCESS
add_team: SUCCESS
add_team: SUCCESS
add_team: SUCCESS
add_team: SUCCESS
add_team: SUCCESS
add_team: SUCCESS
add_team: SUCCESS
add_team: SUCCESS
add_team: SUCCESS
add_team: SUCCESS
add_team: SUCCESS
add_team: SUCCESS
add_team: SUCCESS
add_team: SUCCESS
add_team: SUCCESS
add_team: SUCCESS
add_team: SUCCESS
add_team: SUCCESS
add_player: SUCCESS
add_player: SUCCESS
add_player: SUCCESS
add_player: SUCCESS
add_player: SUCCESS
add_player: SUCCESS
add_player: SUCCESS
add_player: SUCCESS
add_player: SUCCESS
add_player: SUCCESS
add_player: SUCCESS
add_player: SUCCESS
add_player: SUCCESS
add_player: SUCCESS
add_player: SUCCESS
add_player: SUCCESS
add_player: SUCCESS
add_player: SUCCESS
add_player: SUCCESS
add_player: SUCCESS
add_player: SUCCESS
add_player: SUCCESS
add_player: SUCCESS
add_player: SUCCESS
add_player: SUCCESS
add_player: SUCCESS
add_player: SUCCESS
add_player: SUCCESS
add_player: SUCCESS
add_player: SUCCESS
add_player: SUCCESS
add_player: SUCCESS
add_player: SUCCESS
add_player: SUCCESS
add_player: SUCCESS
add_player: SUCCESS
add_player: SUCCESS
add_player: SUCCESS
add_player: SUCCESS
add_player: SUCCESS
add_player: SUCCESS
add_player: SUCCESS
add_player: SUCCESS
add_player: SUCCESS
add_player: SUCCESS
add_player: SUCCESS
add_player: SUCCESS
add_player: SUCCESS
add_player: SUCCESS
add_player: SUCCESS
add_player: SUCCESS
add_player: SUCCESS
add_player: SUCCESS
add_player: SUCCESS
add_player: SUCCESS
add_player: SUCCESS
add_player: SUCCESS
add_player: SUCCESS
add_player: SUCCESS
add_player: SUCCESS
add_player: SUCCESS
add_player: SUCCESS
add_player: SUCCESS
add_player: SUCCESS
add_player: SUCCESS
add_player: SUCCESS
add_player: SUCCESS
add_player: SUCCESS
add_player: SUCCESS
add_player: SUCCESS
add_player: SUCCESS
add_player: SUCCESS
add_player: SUCCESS
add_player: SUCCESS
add_player: SUCCESS
add_player: SUCCESS
add_player: SUCCESS
add_player: SUCCESS
add_player: SUCCESS
add_player: SUCCESS
add_player: SUCCESS
add_player: SUCCESS
add_player: SUCCESS
add_player: SUCCESS
add_player: SUCCESS
add_player: SUCCESS
add_player: SUCCESS
add_player: SUCCESS
add_player: SUCCESS
add_player: SUCCESS
add_player: SUCCESS
add_player: SUCCESS
add_player: SUCCESS
add_player: SUCCESS
add_player: SUCCESS
add_player: SUCCESS
add_player: SUCCESS
add_player: SUCCESS
add_player: SUCCESS
add_player: SUCCESS
add_player_cards: SUCCESS
buy_team: SUCCESS
get_team_points: SUCCESS, 0
add_team: SUCCESS
add_player: SUCCESS
buy_team: SUCCESS
get_team_points: SUCCESS, 0
buy_team: SUCCESS
get_partial_spirit: SUCCESS, 1,5,4,2,3
num_played_games_for_player: SUCCESS, 22
add_player: SUCCESS
get_team_points: SUCCESS, 0
buy_team: SUCCESS
get_team_points: SUCCESS, 0
add_player: SUCCESS
get_team_points: SUCCESS, 0
buy_team: SUCCESS
add_player_cards: SUCCESS
get_ith_pointless_ability: FAILURE
add_player: SUCCESS
add_player: SUCCESS
get_ith_pointless_ability: SUCCESS, 81
get_partial_spirit: SUCCESS, 1,2,3,4,5
get_player_cards: SUCCESS, 114
add_player: SUCCESS
add_player: FAILURE
get_ith_pointless_ability: SUCCESS, 78
get_partial_spirit: SUCCESS, 1,2,3,4,5
add_player: SUCCESS
get_player_cards: SUCCESS, 243
get_partial_spirit: SUCCESS, 1,2,3,4,5
get_player_cards: SUCCESS, 108
add_team: FAILURE
add_player: SUCCESS
remove_team: FAILURE
add_player: SUCCESS
add_player: SUCCESS
remove_team: FAILURE
get_ith_pointless_ability: FAILURE
get_partial_spirit: SUCCESS, 1,2,3,4,5
play_match: FAILURE
remove_team: FAILURE
add_team: FAILURE
add_team: FAILURE
get_player_cards: SUCCESS, 11
play_match: FAILURE
get_player_cards: SUCCESS, 34
remove_team: FAILURE
buy_team: SUCCESS
get_partial_spirit: SUCCESS, 1,2,3,4,5
add_player_cards: SUCCESS
get_team_points: SUCCESS, 0
add_player_cards: SUCCESS
remove_team: FAILURE
add_team: FAILURE
add_player: SUCCESS
get_partial_spirit: SUCCESS, 1,2,3,4,5
get_ith_pointless_ability: FAILURE
buy_team: SUCCESS
get_player_cards: SUCCESS, 69
num_played_games_for_player: SUCCESS, 22
remove_team: FAILURE
get_team_points: SUCCESS, 0
buy_team: SUCCESS
play_match: FAILURE
add_player: SUCCESS
add_player: SUCCESS
add_player_cards: SUCCESS
remove_team: FAILURE
remove_team: FAILURE
add_player: SUCCESS
add_player: SUCCESS
add_player: SUCCESS
add_player: SUCCESS
add_player: SUCCESS
buy_team: SUCCESS
add_team: FAILURE
play_match: FAILURE
get_ith_pointless_ability: FAILURE
num_played_games_for_player: SUCCESS, 22
get_partial_spirit: SUCCESS, 4,1,2,5,3
add_team: FAILURE
buy_team: SUCCESS
add_player: SUCCESS
play_match: FAILURE
get_partial_spirit: SUCCESS, 1,2,3,4,5
buy_team: SUCCESS
add_player: SUCCESS
get_player_cards: SUCCESS, 99
get_player_cards: SUCCESS, 243
add_player: SUCCESS
get_team_points: SUCCESS, 0
get_ith_pointless_ability: SUCCESS, 27
get_ith_pointless_ability: SUCCESS, 14
add_player_cards: SUCCESS
add_team: FAILURE
add_player: SUCCESS
num_played_games_for_player: SUCCESS, 22
play_match: FAILURE
add_player_cards: SUCCESS
remove_team: FAILURE
get_player_cards: SUCCESS, 90
add_player: SUCCESS
remove_team: FAILURE
get_player_cards: SUCCESS, 212
add_player: SUCCESS
buy_team: SUCCESS
play_match: FAILURE
add_player_cards: SUCCESS
get_player_cards: SUCCESS, 1
buy_team: SUCCESS
add_team: FAILURE
buy_team: SUCCESS
add_player_cards: SUCCESS
buy_team: SUCCESS
add_player: SUCCESS
add_player: SUCCESS
add_player: SUCCESS
add_player: FAILURE
add_player: SUCCESS
remove_team: FAILURE
get_partial_spirit: SUCCESS, 1,2,3,4,5
num_played_games_for_player: SUCCESS, 22
get_partial_spirit: SUCCESS, 1,2,3,4,5
num_played_games_for_player: SUCCESS, 22
play_match: FAILURE
add_player: SUCCESS
get_player_cards: SUCCESS, 119
add_player: SUCCESS
get_partial_spirit: SUCCESS, 2,4,3,5,1
add_player: SUCCESS
add_team: FAILURE
add_player: SUCCESS
add_team: FAILURE
buy_team: SUCCESS
get_ith_pointless_ability: FAILURE
buy_team: SUCCESS
get_partial_spirit: SUCCESS, 2,1,4,3,5
play_match: FAILURE
buy_team: SUCCESS
get_partial_spirit: SUCCESS, 1,2,3,5,4
get_team_points: SUCCESS, 0
num_played_games_for_player: SUCCESS, 22
add_player_cards: SUCCESS
add_player: SUCCESS
add_player: SUCCESS
get_ith_pointless_ability: FAILURE
get_team_points: SUCCESS, 0
add_player: SUCCESS
get_team_points: SUCCESS, 0
num_played_games_for_player: SUCCESS, 22
num_played_games_for_player: SUCCESS, 22
get_player_cards: SUCCESS, 40
add_player_cards: SUCCESS
remove_team: FAILURE
add_player: SUCCESS
remove_team: FAILURE
num_played_games_for_player: SUCCESS, 22
get_ith_pointless_ability: SUCCESS, 89
add_player_cards: SUCCESS
get_team_points: SUCCESS, 0
buy_team: SUCCESS
add_player: SUCCESS
play_match: FAILURE
play_match: FAILURE
get_ith_pointless_ability: FAILURE
get_player_cards: SUCCESS, 245
add_player: FAILURE
add_player: SUCCESS
get_player_cards: SUCCESS, 23
add_team: FAILURE
get_player_cards: SUCCESS, 104
add_player: SUCCESS
play_match: FAILURE
buy_team: SUCCESS
get_ith_pointless_ability: FAILURE
get_team_points: SUCCESS, 0
get_partial_spirit: SUCCESS, 1,2,3,4,5
play_match: FAILURE
add_player: FAILURE
add_player: SUCCESS
num_played_games_for_player: SUCCESS, 22
remove_team: FAILURE
play_match: FAILURE
remove_team: FAILURE
add_player: SUCCESS
remove_team: FAILURE
add_team: FAILURE
add_player: SUCCESS
play_match: FAILURE
num_played_games_for_player: SUCCESS, 22
buy_team: SUCCESS
add_player: SUCCESS
get_ith_pointless_ability: FAILURE
add_player: SUCCESS
play_match: FAILURE
get_partial_spirit: SUCCESS, 1,2,3,4,5
get_ith_pointless_ability: FAILURE
add_player: SUCCESS
get_player_cards: SUCCESS, 26
get_team_points: SUCCESS, 0
get_team_points: SUCCESS, 0
play_match: FAILURE
add_player: SUCCESS
play_match: SUCCESS, 3
play_match: FAILURE
num_played_games_for_player: SUCCESS, 22
get_ith_pointless_ability: SUCCESS, 82
get_team_points: SUCCESS, 0
add_team: FAILURE
get_team_points: SUCCESS, 0
remove_team: FAILURE
get_team_points: SUCCESS, 0
add_player_cards: SUCCESS
add_player: SUCCESS
buy_team: SUCCESS
buy_team: SUCCESS
add_team: FAILURE
add_player_cards: SUCCESS
add_player: FAILURE
get_team_points: SUCCESS, 0
get_player_cards: SUCCESS, 19
get_ith_pointless_ability: SUCCESS, 67
get_team_points: SUCCESS, 0
remove_team: FAILURE
add_player: SUCCESS
num_played_games_for_player: SUCCESS, 22
get_team_points: SUCCESS, 0
add_player: SUCCESS
num_played_games_for_player: SUCCESS, 22
add_player: SUCCESS
get_partial_spirit: SUCCESS, 2,5,4,1,3
num_played_games_for_player: SUCCESS, 22
play_match: SUCCESS, 3
add_team: FAILURE
get_partial_spirit: SUCCESS, 1,2,3,4,5
add_team: FAILURE
add_player: SUCCESS
get_player_cards: SUCCESS, 176
get_team_points: SUCCESS, 0
get_player_cards: SUCCESS, 153
add_player_cards: SUCCESS
get_partial_spirit: SUCCESS, 1,2,3,4,5
add_player: SUCCESS
add_player: SUCCESS
get_player_cards: SUCCESS, 119
buy_team: SUCCESS
add_player: FAILURE
num_played_games_for_player: SUCCESS, 22
get_player_cards: SUCCESS, 26
remove_team: FAILURE
add_player_cards: SUCCESS
get_team_points: SUCCESS, 0
get_partial_spirit: SUCCESS, 1,2,3,4,5
remove_team: FAILURE
add_player: SUCCESS
get_partial_spirit: SUCCESS, 1,2,3,4,5
get_player_cards: SUCCESS, 21
get_partial_spirit: SUCCESS, 1,2,3,4,5
add_player: SUCCESS
add_player: SUCCESS
add_player_cards: SUCCESS
buy_team: SUCCESS
play_match: FAILURE
get_partial_spirit: SUCCESS, 2,3,4,5,1
get_partial_spirit: SUCCESS, 1,2,3,5,4
remove_team: FAILURE
get_partial_spirit: SUCCESS, 1,2,3,4,5
get_player_cards: SUCCESS, 89
get_player_cards: SUCCESS, 210
buy_team: SUCCESS
add_team: FAILURE
add_team: FAILURE
buy_team: SUCCESS
get_partial_spirit: SUCCESS, 1,2,3,4,5
get_partial_spirit: SUCCESS, 1,2,3,4,5
get_player_cards: SUCCESS, 88
play_match: SUCCESS, 1
get_partial_spirit: SUCCESS, 1,4,2,3,5
get_partial_spirit: FAILURE
add_player: SUCCESS
add_player: SUCCESS
buy_team: SUCCESS
play_match: FAILURE
add_player: FAILURE
get_ith_pointless_ability: FAILURE
add_team: FAILURE
buy_team: SUCCESS
get_player_cards: SUCCESS, 155
get_player_cards: SUCCESS, 27
add_player: SUCCESS
buy_team: SUCCESS
get_ith_pointless_ability: SUCCESS, 6
add_player: SUCCESS
add_player: SUCCESS
add_player: SUCCESS
buy_team: SUCCESS
get_partial_spirit: SUCCESS, 1,2,3,4,5
add_player: SUCCESS
get_player_cards: SUCCESS, 41
add_player_cards: SUCCESS
get_team_points: SUCCESS, 0
add_player_cards: SUCCESS
remove_team: FAILURE
add_player_cards: SUCCESS
play_match: FAILURE
buy_team: SUCCESS
add_player_cards: SUCCESS
play_match: FAILURE
add_player: SUCCESS
add_player: SUCCESS
add_player: SUCCESS
get_team_points: SUCCESS, 0
add_player: SUCCESS
get_partial_spirit: SUCCESS, 2,5,1,3,4
add_player: SUCCESS
get_ith_pointless_ability: SUCCESS, 66
play_match: SUCCESS, 1
add_team: FAILURE
get_team_points: SUCCESS, 0
get_team_points: SUCCESS, 0
play_match: FAILURE
add_player: SUCCESS
get_team_points: SUCCESS, 0
remove_team: FAILURE
add_player: SUCCESS
play_match: SUCCESS, 1
add_player: SUCCESS
add_player_cards: SUCCESS
get_team_points: SUCCESS, 0
add_player: SUCCESS
add_player_cards: SUCCESS
get_partial_spirit: SUCCESS, 1,2,3,4,5
add_player_cards: SUCCESS
play_match: FAILURE
add_player: SUCCESS
add_team: FAILURE
play_match: FAILURE
get_partial_spirit: SUCCESS, 1,2,3,4,5
buy_team: SUCCESS
get_team_points: SUCCESS, 0
get_ith_pointless_ability: SUCCESS, 5
get_partial_spirit: SUCCESS, 3,5,4,1,2
remove_team: FAILURE
buy_team: SUCCESS
play_match: SUCCESS, 1
add_player: FAILURE
add_team: FAILURE
add_player: SUCCESS
add_player_cards: SUCCESS
get_partial_spirit: SUCCESS, 2,5,1,3,4
get_partial_spirit: SUCCESS, 2,5,4,3,1
add_player: SUCCESS
play_match: SUCCESS, 3
add_player: SUCCESS
add_player: FAILURE
get_team_points: SUCCESS, 0
add_team: FAILURE
get_partial_spirit: SUCCESS, 1,2,3,4,5
get_ith_pointless_ability: SUCCESS, 30
get_team_points: SUCCESS, 0
num_played_games_for_player: SUCCESS, 22
get_partial_spirit: SUCCESS, 5,4,3,1,2
num_played_games_for_player: SUCCESS, 22
buy_team: SUCCESS
add_player_cards: SUCCESS
add_team: FAILURE
add_player_cards: SUCCESS
add_player_cards: SUCCESS
play_match: FAILURE
remove_team: FAILURE
get_player_cards: SUCCESS, 9
remove_team: FAILURE
remove_team: FAILURE
add_team: FAILURE
add_player: FAILURE
add_player: SUCCESS
remove_team: FAILURE
buy_team: SUCCESS
remove_team: FAILURE
add_team: FAILURE
add_player: FAILURE
get_team_points: SUCCESS, 0
get_player_cards: SUCCESS, 168
add_player: SUCCESS
get_partial_spirit: SUCCESS, 2,1,4,3,5
get_partial_spirit: SUCCESS, 1,2,3,4,5
get_ith_pointless_ability: SUCCESS, 85
add_player: FAILURE
get_partial_spirit: SUCCESS, 1,2,3,4,5
add_player: FAILURE
add_player: SUCCESS
add_player_cards: SUCCESS
buy_team: SUCCESS
play_match: FAILURE
add_player: SUCCESS
remove_team: FAILURE
play_match: SUCCESS, 1
get_team_points: SUCCESS, 6
get_ith_pointless_ability: FAILURE
add_player: FAILURE
get_ith_pointless_ability: SUCCESS, 92
get_team_points: SUCCESS, 0
get_partial_spirit: SUCCESS, 3,2,1,4,5
get_team_points: SUCCESS, 0
remove_team: FAILURE
num_played_games_for_player: SUCCESS, 22
add_team: FAILURE
remove_team: FAILURE
add_team: FAILURE
remove_team: FAILURE
num_played_games_for_player: SUCCESS, 22
num_played_games_for_player: SUCCESS, 22
get_partial_spirit: FAILURE
add_player: SUCCESS
get_partial_spirit: SUCCESS, 1,2,3,4,5
add_player: SUCCESS
get_player_cards: SUCCESS, 49
get_team_points: SUCCESS, 0
buy_team: SUCCESS
get_ith_pointless_ability: FAILURE
add_player_cards: SUCCESS
num_played_games_for_player: SUCCESS, 22
get_player_cards: SUCCESS, 163
add_player: SUCCESS
get_team_points: SUCCESS, 3
add_player: SUCCESS
add_player: SUCCESS
add_player_cards: SUCCESS
get_partial_spirit: SUCCESS, 3,2,1,5,4
add_team: FAILURE
add_team: FAILURE
play_match: FAILURE
num_played_games_for_player: SUCCESS, 22
add_player_cards: SUCCESS
add_player: FAILURE
get_player_cards: SUCCESS, 49
buy_team: SUCCESS
get_partial_spirit: SUCCESS, 1,2,3,4,5
buy_team: SUCCESS
get_team_points: SUCCESS, 0
remove_team: FAILURE
get_team_points: SUCCESS, 0
remove_team: FAILURE
add_player: SUCCESS
get_ith_pointless_ability: SUCCESS, 53
get_player_cards: SUCCESS, 120
buy_team: SUCCESS
get_partial_spirit: SUCCESS, 2,5,1,4,3
num_played_games_for_player: SUCCESS, 22
get_ith_pointless_ability: SUCCESS, 80
buy_team: SUCCESS
add_player: SUCCESS
remove_team: FAILURE
remove_team: FAILURE
add_player_cards: SUCCESS
num_played_games_for_player: SUCCESS, 22
get_ith_pointless_ability: SUCCESS, 74
add_player: SUCCESS
add_player: FAILURE
add_team: FAILURE
add_player: SUCCESS
num_played_games_for_player: SUCCESS, 22
buy_team: SUCCESS
buy_team: SUCCESS
get_ith_pointless_ability: FAILURE
add_player_cards: SUCCESS
add_player: SUCCESS
play_match: FAILURE
buy_team: SUCCESS
add_player: SUCCESS
get_ith_pointless_ability: SUCCESS, 39
get_team_points: FAILURE
get_partial_spirit: SUCCESS, 1,2,3,4,5
add_player: SUCCESS
get_player_cards: SUCCESS, 282
add_player: FAILURE
add_player_cards: SUCCESS
remove_team: FAILURE
add_player_cards: SUCCESS
add_player: SUCCESS
get_ith_pointless_ability: SUCCESS, 12
get_partial_spirit: SUCCESS, 4,5,1,2,3
add_player: SUCCESS
add_player: SUCCESS
play_match: FAILURE
get_partial_spirit: SUCCESS, 1,2,3,4,5
remove_team: FAILURE
get_ith_pointless_ability: SUCCESS, 82
play_match: FAILURE
get_player_cards: SUCCESS, 16
get_player_cards: SUCCESS, 256
add_player: FAILURE
play_match: FAILURE
num_played_games_for_player: SUCCESS, 22
get_player_cards: SUCCESS, 220
add_team: FAILURE
get_player_cards: SUCCESS, 436
add_player: SUCCESS
add_player: SUCCESS
num_played_games_for_player: SUCCESS, 22
play_match: SUCCESS, 1
add_player: SUCCESS
add_player_cards: SUCCESS
add_player: FAILURE
num_played_games_for_player: SUCCESS, 22
num_played_games_for_player: SUCCESS, 22
get_partial_spirit: SUCCESS, 5,2,3,4,1
add_team: FAILURE
play_match: FAILURE
get_ith_pointless_ability: SUCCESS, 8
get_partial_spirit: SUCCESS, 5,2,3,4,1
buy_team: SUCCESS
remove_team: FAILURE
get_ith_pointless_ability: FAILURE
get_player_cards: SUCCESS, 16
add_player: FAILURE
num_played_games_for_player: SUCCESS, 22
play_match: FAILURE
add_player_cards: SUCCESS
add_player: FAILURE
add_team: FAILURE
add_player: FAILURE
get_player_cards: SUCCESS, 28
buy_team: SUCCESS
get_player_cards: SUCCESS, 16
add_player: FAILURE
buy_team: SUCCESS
get_team_points: SUCCESS, 0
get_team_points: SUCCESS, 6
add_player: FAILURE
add_player: FAILURE
play_match: SUCCESS, 1
get_ith_pointless_ability: SUCCESS, 98
num_played_games_for_player: SUCCESS, 22
add_team: FAILURE
add_player: FAILURE
add_player_cards: FAILURE
get_player_cards: SUCCESS, 584
add_player: FAILURE
buy_team: SUCCESS
num_played_games_for_player: SUCCESS, 22
get_player_cards: SUCCESS, 798
add_player: FAILURE
num_played_games_for_player: SUCCESS, 22
play_match: FAILURE
remove_team: FAILURE
add_team: FAILURE
get_ith_pointless_ability: SUCCESS, 98
get_partial_spirit: SUCCESS, 3,1,4,5,2
get_team_points: FAILURE
remove_team: FAILURE
buy_team: SUCCESS
add_team: FAILURE
get_player_cards: SUCCESS, 262
get_partial_spirit: FAILURE
add_team: FAILURE
get_partial_spirit: SUCCESS, 1,2,3,4,5
get_ith_pointless_ability: SUCCESS, 67
add_team: FAILURE
add_player_cards: SUCCESS
add_player: FAILURE
get_ith_pointless_ability: SUCCESS, 97
add_player: FAILURE
get_partial_spirit: SUCCESS, 5,1,4,3,2
add_team: FAILURE
buy_team: SUCCESS
num_played_games_for_player: SUCCESS, 22
add_player_cards: FAILURE
get_player_cards: SUCCESS, 267
get_ith_pointless_ability: SUCCESS, 68
get_partial_spirit: SUCCESS, 1,2,3,4,5
add_player: FAILURE
get_ith_pointless_ability: SUCCESS, 17
play_match: FAILURE
buy_team: SUCCESS
remove_team: FAILURE
num_played_games_for_player: SUCCESS, 22
get_partial_spirit: SUCCESS, 1,2,3,4,5
get_ith_pointless_ability: SUCCESS, 95
num_played_games_for_player: SUCCESS, 22
add_player: FAILURE
get_ith_pointless_ability: SUCCESS, 98
add_player: FAILURE
add_team: FAILURE
add_player: FAILURE
add_player: FAILURE
add_player_cards: SUCCESS
add_player: FAILURE
add_player: FAILURE
num_played_games_for_player: SUCCESS, 22
buy_team: SUCCESS
get_player_cards: SUCCESS, 232
num_played_games_for_player: SUCCESS, 22
play_match: FAILURE
remove_team: FAILURE
get_player_cards: SUCCESS, 40
add_player: FAILURE
add_player: FAILURE
get_ith_pointless_ability: SUCCESS, 32
add_player: FAILURE
get_ith_pointless_ability: SUCCESS, 66
get_ith_pointless_ability: SUCCESS, 10
add_player_cards: SUCCESS
add_team: FAILURE
buy_team: SUCCESS
get_ith_pointless_ability: SUCCESS, 41
num_played_games_for_player: SUCCESS, 22
add_player: FAILURE
add_player: FAILURE
add_player: FAILURE
remove_team: FAILURE
get_player_cards: SUCCESS, 115
remove_team: FAILURE
get_player_cards: SUCCESS, 19
get_ith_pointless_ability: SUCCESS, 68
get_ith_pointless_ability: SUCCESS, 5
add_team: FAILURE
get_partial_spirit: SUCCESS, 1,2,3,4,5
add_player: FAILURE
buy_team: SUCCESS
remove_team: FAILURE
get_ith_pointless_ability: SUCCESS, 19
add_team: FAILURE
get_partial_spirit: SUCCESS, 1,2,3,4,5
get_player_cards: SUCCESS, 176
buy_team: SUCCESS
get_partial_spirit: SUCCESS, 1,2,3,4,5
get_partial_spirit: SUCCESS, 3,1,2,5,4
add_player: FAILURE
get_ith_pointless_ability: SUCCESS, 5
add_player: FAILURE
add_player: FAILURE
get_ith_pointless_ability: SUCCESS, 10
num_played_games_for_player: SUCCESS, 22
get_team_points: FAILURE
add_team: FAILURE
get_ith_pointless_ability: FAILURE
get_partial_spirit: SUCCESS, 2,3,1,4,5
get_partial_spirit: SUCCESS, 2,4,1,5,3
remove_team: FAILURE
get_partial_spirit: SUCCESS, 5,1,2,3,4
num_played_games_for_player: SUCCESS, 22
add_team: FAILURE
add_player_cards: SUCCESS
num_played_games_for_player: SUCCESS, 22
get_ith_pointless_ability: FAILURE
add_player: FAILURE
add_player: FAILURE
add_player: FAILURE
get_team_points: SUCCESS, 0
add_player: FAILURE
add_team: FAILURE
add_player: FAILURE
get_team_points: SUCCESS, 0
get_team_points: SUCCESS, 0
get_ith_pointless_ability: SUCCESS, 40
get_partial_spirit: SUCCESS, 1,4,3,2,5
add_team: FAILURE
get_player_cards: SUCCESS, 287
get_team_points: SUCCESS, 0
get_ith_pointless_ability: FAILURE
get_ith_pointless_ability: SUCCESS, 98
add_player_cards: SUCCESS
add_player: FAILURE
get_partial_spirit: SUCCESS, 2,5,1,4,3
buy_team: SUCCESS
add_player: FAILURE
add_player: FAILURE
add_player: FAILURE
remove_team: FAILURE
add_player: FAILURE
add_player: FAILURE
play_match: FAILURE
get_ith_pointless_ability: SUCCESS, 33
get_ith_pointless_ability: SUCCESS, 9
remove_team: FAILURE
add_player: FAILURE
add_player_cards: SUCCESS
play_match: FAILURE
add_player: FAILURE
play_match: FAILURE
play_match: FAILURE
add_team: FAILURE
play_match: FAILURE
get_partial_spirit: SUCCESS, 5,3,1,2,4
add_player: FAILURE
get_partial_spirit: SUCCESS, 1,2,3,4,5
play_match: SUCCESS, 3
play_match: SUCCESS, 1
add_player_cards: FAILURE
buy_team: SUCCESS
get_partial_spirit: SUCCESS, 1,2,3,4,5
play_match: FAILURE
remove_team: FAILURE
buy_team: SUCCESS
num_played_games_for_player: SUCCESS, 22
add_player_cards: SUCCESS
get_ith_pointless_ability: FAILURE
remove_team: FAILURE
get_partial_spirit: SUCCESS, 5,4,3,1,2
buy_team: SUCCESS
get_partial_spirit: SUCCESS, 3,2,4,1,5
add_player: FAILURE
num_played_games_for_player: SUCCESS, 22
buy_team: SUCCESS
remove_team: FAILURE
num_played_games_for_player: SUCCESS, 22
get_partial_spirit: SUCCESS, 2,5,4,3,1
add_player: FAILURE
add_player: FAILURE
get_team_points: SUCCESS, 0
remove_team: FAILURE
get_team_points: SUCCESS, 0
play_match: SUCCESS, 1
add_player: FAILURE
get_player_cards: SUCCESS, 49
get_player_cards: SUCCESS, 256
get_ith_pointless_ability: FAILURE
add_player: FAILURE
add_player: FAILURE
add_player: FAILURE
add_player_cards: SUCCESS
get_ith_pointless_ability: SUCCESS, 98
play_match: FAILURE
play_match: FAILURE
get_team_points: SUCCESS, 0
add_player: FAILURE
buy_team: SUCCESS
add_team: FAILURE
get_partial_spirit: SUCCESS, 2,3,4,5,1
add_player_cards: SUCCESS
add_player_cards: SUCCESS
get_partial_spirit: SUCCESS, 1,2,3,4,5
add_team: FAILURE
remove_team: FAILURE
play_match: FAILURE
play_match: FAILURE
add_player: FAILURE
add_player: FAILURE
play_match: SUCCESS, 3
buy_team: SUCCESS
add_player: FAILURE
play_match: SUCCESS, 3
get_ith_pointless_ability: FAILURE
add_team: FAILURE
add_player: FAILURE
get_team_points: SUCCESS, 0
get_team_points: SUCCESS, 0
get_partial_spirit: SUCCESS, 1,2,3,4,5
get_player_cards: SUCCESS, 584
num_played_games_for_player: SUCCESS, 22
get_player_cards: SUCCESS, 214
get_ith_pointless_ability: SUCCESS, 85
add_team: FAILURE
get_ith_pointless_ability: SUCCESS, 95
play_match: FAILURE
remove_team: FAILURE
add_player: FAILURE
num_played_games_for_player: SUCCESS, 22
get_player_cards: SUCCESS, 21
get_ith_pointless_ability: FAILURE
add_player: FAILURE
get_partial_spirit: FAILURE
play_match: FAILURE
add_player: FAILURE
buy_team: SUCCESS
add_player: FAILURE
get_player_cards: SUCCESS, 218
get_ith_pointless_ability: FAILURE
add_player_cards: FAILURE
buy_team: SUCCESS
get_team_points: SUCCESS, 0
remove_team: FAILURE
add_player: FAILURE
play_match: FAILURE
num_played_games_for_player: SUCCESS, 22
add_player: FAILURE
add_player: FAILURE
add_player: FAILURE
buy_team: SUCCESS
get_ith_pointless_ability: SUCCESS, 66
play_match: FAILURE
add_player_cards: FAILURE
add_player_cards: SUCCESS
get_team_points: SUCCESS, 3
get_ith_pointless_ability: SUCCESS, 82
add_player: FAILURE
buy_team: SUCCESS
get_player_cards: SUCCESS, 209
get_player_cards: SUCCESS, 17
add_player: FAILURE
num_played_games_for_player: SUCCESS, 22
remove_team: FAILURE
play_match: SUCCESS, 3
play_match: SUCCESS, 3
get_partial_spirit: SUCCESS, 1,2,3,4,5
add_player: FAILURE
remove_team: FAILURE
get_team_points: SUCCESS, 0
remove_team: FAILURE
get_partial_spirit: SUCCESS, 3,2,4,1,5
buy_team: SUCCESS
get_ith_pointless_ability: SUCCESS, 6
get_ith_pointless_ability: SUCCESS, 77
add_player: FAILURE
add_player: FAILURE
add_player: FAILURE
get_player_cards: SUCCESS, 798
remove_team: FAILURE
num_played_games_for_player: SUCCESS, 22
num_played_games_for_player: SUCCESS, 22
add_team: FAILURE
get_team_points: FAILURE
add_team: FAILURE
num_played_games_for_player: SUCCESS, 22
get_player_cards: SUCCESS, 33
get_partial_spirit: SUCCESS, 1,2,3,4,5
remove_team: FAILURE
add_player: FAILURE
get_player_cards: SUCCESS, 147
add_team: FAILURE
remove_team: FAILURE
add_player: FAILURE
add_player_cards: SUCCESS
add_team: FAILURE
add_player_cards: SUCCESS
num_played_games_for_player: SUCCESS, 22
play_match: FAILURE
play_match: FAILURE
add_player: FAILURE
get_team_points: SUCCESS, 3
add_player_cards: SUCCESS
get_ith_pointless_ability: SUCCESS, 82
remove_team: FAILURE
get_ith_pointless_ability: SUCCESS, 10
add_player: FAILURE
get_player_cards: SUCCESS, 206
get_partial_spirit: SUCCESS, 4,2,1,5,3
add_player_cards: FAILURE
add_player: FAILURE
get_ith_pointless_ability: SUCCESS, 66
add_player: FAILURE
remove_team: FAILURE
add_player_cards: SUCCESS
get_partial_spirit: FAILURE
add_player: FAILURE
add_player: FAILURE
buy_team: SUCCESS
add_player: FAILURE
add_team: FAILURE
add_team: FAILURE
play_match: FAILURE
num_played_games_for_player: SUCCESS, 22
add_team: FAILURE
get_ith_pointless_ability: FAILURE
add_player: FAILURE
remove_team: FAILURE
get_team_points: SUCCESS, 3
remove_team: FAILURE
buy_team: SUCCESS
add_player: FAILURE
get_player_cards: SUCCESS, 258
num_played_games_for_player: SUCCESS, 22
add_player: FAILURE
get_ith_pointless_ability: SUCCESS, 81
add_player: FAILURE
get_partial_spirit: SUCCESS, 2,4,1,3,5
add_player: FAILURE
get_player_cards: SUCCESS, 37
buy_team: SUCCESS
get_team_points: SUCCESS, 6
get_partial_spirit: SUCCESS, 1,4,5,3,2
add_player: FAILURE
num_played_games_for_player: SUCCESS, 22
play_match: FAILURE
add_player_cards: SUCCESS
add_player: FAILURE
num_played_games_for_player: SUCCESS, 22
add_player: FAILURE
add_player: FAILURE
add_player: FAILURE
get_player_cards: SUCCESS, 300
get_ith_pointless_ability: FAILURE
add_player: FAILURE
buy_team: SUCCESS
add_team: FAILURE
remove_team: FAILURE
add_player: FAILURE
num_played_games_for_player: SUCCESS, 22
add_player: FAILURE
add_player: FAILURE
get_ith_pointless_ability: SUCCESS, 97
get_ith_pointless_ability: SUCCESS, 59
num_played_games_for_player: SUCCESS, 22
num_played_games_for_player: SUCCESS, 22
remove_team: FAILURE
add_player: FAILURE
get_team_points: SUCCESS, 0
get_ith_pointless_ability: FAILURE
get_partial_spirit: FAILURE
add_team: FAILURE
add_player: FAILURE
add_player: FAILURE
play_match: SUCCESS, 3
remove_team: FAILURE
add_team: FAILURE
buy_team: SUCCESS
add_player_cards: FAILURE
add_player: FAILURE
buy_team: SUCCESS
add_player: FAILURE
add_player: FAILURE
add_player: FAILURE
get_team_points: SUCCESS, 0
buy_team: SUCCESS
num_played_games_for_player: SUCCESS, 22
buy_team: SUCCESS
add_player: FAILURE
remove_team: FAILURE
play_match: FAILURE
remove_team: FAILURE
buy_team: SUCCESS
add_player_cards: FAILURE
get_partial_spirit: FAILURE
get_player_cards: SUCCESS, 153
get_partial_spirit: FAILURE
add_player_cards: SUCCESS
get_ith_pointless_ability: SUCCESS, 10
buy_team: SUCCESS
add_player: FAILURE
remove_team: FAILURE
add_player_cards: SUCCESS
get_ith_pointless_ability: SUCCESS, 39
get_team_points: SUCCESS, 6
get_ith_pointless_ability: FAILURE
get_player_cards: SUCCESS, 10
remove_team: FAILURE
buy_team: SUCCESS
play_match: FAILURE
num_played_games_for_player: SUCCESS, 22
get_team_points: FAILURE
add_player: FAILURE
play_match: FAILURE
get_partial_spirit: SUCCESS, 1,2,3,4,5
add_player: FAILURE
add_player_cards: SUCCESS
add_player_cards: SUCCESS
add_player: FAILURE
get_partial_spirit: FAILURE
get_partial_spirit: SUCCESS, 2,5,1,3,4
remove_team: FAILURE
add_team: FAILURE
get_team_points: SUCCESS, 6
num_played_games_for_player: SUCCESS, 22
add_team: FAILURE
play_match: FAILURE
add_team: FAILURE
get_partial_spirit: SUCCESS, 5,1,4,3,2
add_player: FAILURE
add_player: FAILURE
buy_team: SUCCESS
num_played_games_for_player: SUCCESS, 22
num_played_games_for_player: SUCCESS, 22
add_team: FAILURE
add_player: FAILURE
add_player: FAILURE
add_player: FAILURE
add_player: FAILURE
get_team_points: SUCCESS, 0
add_player: FAILURE
add_player_cards: FAILURE
add_team: FAILURE
get_team_points: FAILURE
add_player: FAILURE
remove_team: FAILURE
get_ith_pointless_ability: SUCCESS, 73
add_player: FAILURE
buy_team: SUCCESS
remove_team: FAILURE
add_player: FAILURE
add_team: FAILURE
get_ith_pointless_ability: SUCCESS, 40
remove_team: FAILURE
get_ith_pointless_ability: FAILURE
add_player: FAILURE
get_player_cards: SUCCESS, 39
add_player: FAILURE
add_player_cards: SUCCESS
add_player: FAILURE
add_player: FAILURE
get_partial_spirit: FAILURE
add_player: FAILURE
get_team_points: FAILURE
add_team: FAILURE
get_partial_spirit: SUCCESS, 1,4,5,3,2
get_partial_spirit: SUCCESS, 5,1,3,4,2
add_team: FAILURE
num_played_games_for_player: SUCCESS, 22
get_team_points: SUCCESS, 6
