add_team: SUCCESS
add_team: SUCCESS
add_team: SUCCESS
add_team: SUCCESS
add_team: SUCCESS
add_team: SUCCESS
add_team: SUCCESS
add_team: SUCCESS
add_team: SUCCESS
add_team: SUCCESS
add_team: SUCCESS
add_team: SUCCESS
add_team: SUCCESS
add_team: SUCCESS
add_team: SUCCESS
add_team: SUCCESS
add_team: SUCCESS
add_team: SUCCESS
add_team: SUCCESS
add_team: SUCCESS
add_team: SUCCESS
add_team: SUCCESS
add_team: SUCCESS
add_team: SUCCESS
add_team: SUCCESS
add_team: SUCCESS
add_team: SUCCESS
add_team: SUCCESS
add_team: SUCCESS
add_team: SUCCESS
add_team: SUCCESS
add_team: SUCCESS
add_team: SUCCESS
add_team: SUCCESS
add_team: SUCCESS
add_team: SUCCESS
add_team: SUCCESS
add_team: SUCCESS
add_team: SUCCESS
add_team: SUCCESS
add_team: SUCCESS
add_team: SUCCESS
add_team: SUCCESS
add_team: SUCCESS
add_team: SUCCESS
add_team: SUCCESS
add_team: SUCCESS
add_team: SUCCESS
add_team: SUCCESS
add_team: SUCCESS
add_team: SUCCESS
add_team: SUCCESS
add_team: SUCCESS
add_team: SUCCESS
add_team: SUCCESS
add_team: SUCCESS
add_team: SUCCESS
add_team: SUCCESS
add_team: SUCCESS
add_team: SUCCESS
add_team: SUCCESS
add_team: SUCCESS
add_team: SUCCESS
add_team: SUCCESS
add_team: SUCCESS
add_team: SUCCESS
add_team: SUCCESS
add_team: SUCCESS
add_team: SUCCESS
add_team: SUCCESS
add_team: SUCCESS
add_team: SUCCESS
add_team: SUCCESS
add_team: SUCCESS
add_team: SUCCESS
add_team: SUCCESS
add_team: SUCCESS
add_team: SUCCESS
add_team: SUCCESS
add_team: SUCCESS
add_team: SUCCESS
add_team: SUCCESS
add_team: SUCCESS
add_team: SUCCESS
add_team: SUCCESS
add_team: SUCCESS
add_team: SUCCESS
add_team: SUCCESS
add_team: SUCCESS
add_team: SUCCESS
add_team: SUCCESS
add_team: SUCCESS
add_team: SUCCESS
add_team: SUCCESS
add_team: SUCCESS
add_team: SUCCESS
add_team: SUCCESS
add_team: SUCCESS
add_team: SUCCESS
add_team: SUCCESS
add_player: SUCCESS
add_player: SUCCESS
add_player: SUCCESS
add_player: SUCCESS
add_player: SUCCESS
add_player: SUCCESS
add_player: SUCCESS
add_player: SUCCESS
add_player: SUCCESS
add_player: SUCCESS
add_player: SUCCESS
add_player: SUCCESS
add_player: SUCCESS
add_player: SUCCESS
add_player: SUCCESS
add_player: SUCCESS
add_player: SUCCESS
add_player: SUCCESS
add_player: SUCCESS
add_player: SUCCESS
add_player: SUCCESS
add_player: SUCCESS
add_player: SUCCESS
add_player: SUCCESS
add_player: SUCCESS
add_player: SUCCESS
add_player: SUCCESS
add_player: SUCCESS
add_player: SUCCESS
add_player: SUCCESS
add_player: SUCCESS
add_player: SUCCESS
add_player: SUCCESS
add_player: SUCCESS
add_player: SUCCESS
add_player: SUCCESS
add_player: SUCCESS
add_player: SUCCESS
add_player: SUCCESS
add_player: SUCCESS
add_player: SUCCESS
add_player: SUCCESS
add_player: SUCCESS
add_player: SUCCESS
add_player: SUCCESS
add_player: SUCCESS
add_player: SUCCESS
add_player: SUCCESS
add_player: SUCCESS
add_player: SUCCESS
add_player: SUCCESS
add_player: SUCCESS
add_player: SUCCESS
add_player: SUCCESS
add_player: SUCCESS
add_player: SUCCESS
add_player: SUCCESS
add_player: SUCCESS
add_player: SUCCESS
add_player: SUCCESS
add_player: SUCCESS
add_player: SUCCESS
add_player: SUCCESS
add_player: SUCCESS
add_player: SUCCESS
add_player: SUCCESS
add_player: SUCCESS
add_player: SUCCESS
add_player: SUCCESS
add_player: SUCCESS
add_player: SUCCESS
add_player: SUCCESS
add_player: SUCCESS
add_player: SUCCESS
add_player: SUCCESS
add_player: SUCCESS
add_player: SUCCESS
add_player: SUCCESS
add_player: SUCCESS
add_player: SUCCESS
add_player: SUCCESS
add_player: SUCCESS
add_player: SUCCESS
add_player: SUCCESS
add_player: SUCCESS
add_player: SUCCESS
add_player: SUCCESS
add_player: SUCCESS
add_player: SUCCESS
add_player: SUCCESS
add_player: SUCCESS
add_player: SUCCESS
add_player: SUCCESS
add_player: SUCCESS
add_player: SUCCESS
add_player: SUCCESS
add_player: SUCCESS
add_player: SUCCESS
add_player: SUCCESS
add_player: SUCCESS
add_team: SUCCESS
get_ith_pointless_ability: FAILURE
get_ith_pointless_ability: SUCCESS, 50
get_team_points: SUCCESS, 0
get_partial_spirit: SUCCESS, 1,2,3,4,5
get_team_points: SUCCESS, 0
add_team: FAILURE
add_team: FAILURE
get_partial_spirit: SUCCESS, 3,4,1,2,5
add_player: SUCCESS
get_player_cards: SUCCESS, 5
play_match: FAILURE
get_ith_pointless_ability: SUCCESS, 4
buy_team: SUCCESS
remove_team: FAILURE
get_ith_pointless_ability: FAILURE
add_team: FAILURE
add_player: SUCCESS
get_partial_spirit: SUCCESS, 1,2,3,4,5
add_team: FAILURE
add_player: SUCCESS
num_played_games_for_player: SUCCESS, 22
num_played_games_for_player: SUCCESS, 22
add_player: SUCCESS
get_ith_pointless_ability: SUCCESS, 70
add_player: SUCCESS
buy_team: SUCCESS
get_ith_pointless_ability: SUCCESS, 40
add_player_cards: SUCCESS
get_player_cards: SUCCESS, 66
buy_team: SUCCESS
get_partial_spirit: SUCCESS, 1,2,3,4,5
add_player: SUCCESS
get_team_points: SUCCESS, 0
get_player_cards: SUCCESS, 277
remove_team: FAILURE
num_played_games_for_player: SUCCESS, 22
buy_team: SUCCESS
buy_team: SUCCESS
play_match: FAILURE
add_player: SUCCESS
add_player_cards: SUCCESS
get_team_points: SUCCESS, 0
buy_team: SUCCESS
get_player_cards: SUCCESS, 242
get_partial_spirit: SUCCESS, 1,2,3,4,5
get_partial_spirit: SUCCESS, 1,2,3,4,5
play_match: FAILURE
get_ith_pointless_ability: SUCCESS, 36
add_team: FAILURE
add_player: SUCCESS
num_played_games_for_player: SUCCESS, 22
get_partial_spirit: SUCCESS, 2,3,1,5,4
get_player_cards: SUCCESS, 33
add_team: FAILURE
add_player_cards: SUCCESS
get_player_cards: SUCCESS, 242
add_team: FAILURE
buy_team: SUCCESS
buy_team: SUCCESS
get_team_points: SUCCESS, 0
get_team_points: SUCCESS, 0
add_team: FAILURE
get_ith_pointless_ability: FAILURE
get_player_cards: SUCCESS, 82
get_ith_pointless_ability: SUCCESS, 3
add_player: SUCCESS
add_team: FAILURE
add_player: SUCCESS
add_player: SUCCESS
add_team: FAILURE
get_partial_spirit: SUCCESS, 1,2,3,4,5
get_team_points: SUCCESS, 0
add_team: FAILURE
buy_team: SUCCESS
add_player_cards: SUCCESS
get_player_cards: SUCCESS, 137
add_player_cards: SUCCESS
add_team: FAILURE
remove_team: FAILURE
add_player: SUCCESS
num_played_games_for_player: SUCCESS, 22
add_player: SUCCESS
get_player_cards: SUCCESS, 299
add_team: FAILURE
buy_team: SUCCESS
get_ith_pointless_ability: FAILURE
num_played_games_for_player: SUCCESS, 22
add_team: FAILURE
add_player: SUCCESS
add_player: SUCCESS
add_player: SUCCESS
get_player_cards: SUCCESS, 215
get_team_points: SUCCESS, 0
get_team_points: SUCCESS, 0
buy_team: SUCCESS
buy_team: SUCCESS
add_player_cards: SUCCESS
buy_team: SUCCESS
add_player_cards: SUCCESS
get_player_cards: SUCCESS, 61
buy_team: SUCCESS
num_played_games_for_player: SUCCESS, 22
num_played_games_for_player: SUCCESS, 22
remove_team: FAILURE
play_match: FAILURE
num_played_games_for_player: SUCCESS, 22
buy_team: SUCCESS
add_player: SUCCESS
add_player: FAILURE
get_partial_spirit: SUCCESS, 1,2,3,4,5
get_team_points: SUCCESS, 0
num_played_games_for_player: SUCCESS, 22
remove_team: FAILURE
get_team_points: SUCCESS, 0
add_player: SUCCESS
add_player: SUCCESS
get_team_points: SUCCESS, 0
num_played_games_for_player: SUCCESS, 22
num_played_games_for_player: SUCCESS, 22
buy_team: SUCCESS
get_player_cards: SUCCESS, 25
get_partial_spirit: SUCCESS, 5,2,4,1,3
play_match: SUCCESS, 1
add_team: FAILURE
add_player: SUCCESS
add_player: SUCCESS
get_partial_spirit: SUCCESS, 1,2,3,4,5
add_player: SUCCESS
num_played_games_for_player: SUCCESS, 22
add_team: FAILURE
get_ith_pointless_ability: FAILURE
remove_team: FAILURE
buy_team: SUCCESS
add_player: FAILURE
get_ith_pointless_ability: SUCCESS, 55
add_player: SUCCESS
get_ith_pointless_ability: FAILURE
get_player_cards: SUCCESS, 175
add_player: SUCCESS
get_partial_spirit: SUCCESS, 1,2,3,4,5
remove_team: FAILURE
num_played_games_for_player: SUCCESS, 22
get_team_points: SUCCESS, 0
add_player: SUCCESS
add_player: FAILURE
get_team_points: SUCCESS, 0
get_partial_spirit: SUCCESS, 1,2,3,4,5
buy_team: SUCCESS
get_team_points: SUCCESS, 0
add_team: FAILURE
get_ith_pointless_ability: SUCCESS, 19
get_partial_spirit: SUCCESS, 1,2,3,4,5
play_match: FAILURE
play_match: FAILURE
remove_team: FAILURE
get_player_cards: SUCCESS, 128
buy_team: SUCCESS
num_played_games_for_player: SUCCESS, 22
add_player_cards: SUCCESS
num_played_games_for_player: SUCCESS, 22
add_team: FAILURE
add_player: FAILURE
get_player_cards: SUCCESS, 174
get_ith_pointless_ability: SUCCESS, 54
add_team: FAILURE
add_player: FAILURE
add_team: FAILURE
remove_team: FAILURE
add_player: FAILURE
get_player_cards: SUCCESS, 82
add_team: FAILURE
add_player_cards: SUCCESS
num_played_games_for_player: SUCCESS, 22
get_partial_spirit: SUCCESS, 1,2,4,3,5
add_player: FAILURE
get_player_cards: SUCCESS, 25
get_partial_spirit: SUCCESS, 3,2,4,1,5
add_player: FAILURE
buy_team: SUCCESS
add_player_cards: SUCCESS
add_team: FAILURE
get_partial_spirit: SUCCESS, 1,2,3,4,5
add_player: FAILURE
get_ith_pointless_ability: FAILURE
add_player: FAILURE
get_ith_pointless_ability: SUCCESS, 51
add_player_cards: SUCCESS
play_match: SUCCESS, 1
add_player: FAILURE
add_player: FAILURE
get_player_cards: SUCCESS, 120
add_player_cards: SUCCESS
add_player: FAILURE
get_team_points: SUCCESS, 0
get_ith_pointless_ability: FAILURE
add_player: FAILURE
add_player: FAILURE
add_player_cards: SUCCESS
get_ith_pointless_ability: SUCCESS, 55
add_player_cards: SUCCESS
get_team_points: SUCCESS, 0
play_match: FAILURE
get_partial_spirit: SUCCESS, 1,2,3,4,5
get_partial_spirit: SUCCESS, 3,5,2,4,1
remove_team: FAILURE
get_team_points: SUCCESS, 0
remove_team: FAILURE
get_partial_spirit: SUCCESS, 1,2,3,4,5
add_player_cards: SUCCESS
get_player_cards: SUCCESS, 16
remove_team: FAILURE
get_ith_pointless_ability: FAILURE
add_player: FAILURE
add_team: FAILURE
play_match: FAILURE
add_player_cards: SUCCESS
add_player: FAILURE
buy_team: SUCCESS
get_partial_spirit: SUCCESS, 1,2,3,4,5
add_player: FAILURE
add_player_cards: SUCCESS
remove_team: FAILURE
add_team: FAILURE
buy_team: SUCCESS
add_player_cards: SUCCESS
num_played_games_for_player: SUCCESS, 22
buy_team: SUCCESS
add_player: FAILURE
add_player: FAILURE
add_player: FAILURE
play_match: FAILURE
num_played_games_for_player: SUCCESS, 22
add_team: FAILURE
add_team: FAILURE
add_player: FAILURE
add_player: FAILURE
num_played_games_for_player: SUCCESS, 22
get_partial_spirit: SUCCESS, 1,3,2,4,5
add_player: FAILURE
get_team_points: SUCCESS, 0
add_team: FAILURE
remove_team: FAILURE
add_player: FAILURE
buy_team: SUCCESS
add_player: FAILURE
add_player: FAILURE
add_player: FAILURE
add_player: FAILURE
get_partial_spirit: SUCCESS, 1,2,3,4,5
play_match: FAILURE
get_team_points: SUCCESS, 0
add_team: FAILURE
get_ith_pointless_ability: FAILURE
buy_team: SUCCESS
remove_team: FAILURE
add_player: FAILURE
add_team: FAILURE
add_team: FAILURE
get_player_cards: SUCCESS, 120
add_team: FAILURE
num_played_games_for_player: SUCCESS, 22
add_player: FAILURE
get_partial_spirit: SUCCESS, 1,2,3,4,5
remove_team: FAILURE
add_player_cards: SUCCESS
get_team_points: SUCCESS, 0
add_player: FAILURE
num_played_games_for_player: SUCCESS, 22
add_player_cards: SUCCESS
get_player_cards: SUCCESS, 256
get_partial_spirit: SUCCESS, 1,2,3,4,5
add_team: FAILURE
num_played_games_for_player: SUCCESS, 22
add_player: FAILURE
get_ith_pointless_ability: FAILURE
buy_team: SUCCESS
add_player: FAILURE
get_player_cards: SUCCESS, 24
add_player_cards: SUCCESS
get_partial_spirit: SUCCESS, 1,2,3,4,5
add_team: FAILURE
get_ith_pointless_ability: FAILURE
add_player: FAILURE
add_team: FAILURE
add_player: FAILURE
add_player: FAILURE
add_team: FAILURE
add_player: FAILURE
num_played_games_for_player: SUCCESS, 22
add_team: FAILURE
remove_team: FAILURE
add_player_cards: SUCCESS
get_player_cards: SUCCESS, 186
add_player: FAILURE
buy_team: SUCCESS
num_played_games_for_player: SUCCESS, 22
add_player_cards: SUCCESS
add_player: FAILURE
num_played_games_for_player: SUCCESS, 22
get_team_points: SUCCESS, 0
add_player: FAILURE
get_player_cards: SUCCESS, 94
add_player_cards: SUCCESS
add_team: FAILURE
add_player: FAILURE
play_match: FAILURE
get_player_cards: SUCCESS, 141
get_ith_pointless_ability: FAILURE
buy_team: SUCCESS
add_player: FAILURE
play_match: FAILURE
add_team: FAILURE
add_player_cards: SUCCESS
add_player: FAILURE
get_ith_pointless_ability: FAILURE
get_ith_pointless_ability: FAILURE
num_played_games_for_player: SUCCESS, 22
add_player: FAILURE
add_team: FAILURE
get_team_points: SUCCESS, 0
get_player_cards: SUCCESS, 257
remove_team: FAILURE
add_team: FAILURE
get_team_points: SUCCESS, 0
num_played_games_for_player: SUCCESS, 22
add_team: FAILURE
num_played_games_for_player: SUCCESS, 22
add_player: FAILURE
add_player: FAILURE
remove_team: FAILURE
add_player: FAILURE
get_partial_spirit: SUCCESS, 1,2,3,4,5
get_team_points: SUCCESS, 0
get_partial_spirit: SUCCESS, 1,2,3,4,5
buy_team: SUCCESS
play_match: FAILURE
get_partial_spirit: SUCCESS, 3,1,5,2,4
add_player_cards: SUCCESS
add_player: FAILURE
play_match: FAILURE
add_player: FAILURE
get_ith_pointless_ability: SUCCESS, 24
get_team_points: SUCCESS, 0
add_player: FAILURE
get_player_cards: SUCCESS, 45
add_player: FAILURE
get_partial_spirit: SUCCESS, 1,2,3,4,5
add_team: FAILURE
add_player: FAILURE
add_player: FAILURE
remove_team: FAILURE
add_player: FAILURE
get_team_points: FAILURE
add_team: FAILURE
play_match: FAILURE
get_partial_spirit: SUCCESS, 5,2,1,4,3
get_player_cards: SUCCESS, 295
num_played_games_for_player: SUCCESS, 22
get_partial_spirit: SUCCESS, 1,2,3,4,5
buy_team: SUCCESS
get_partial_spirit: FAILURE
get_ith_pointless_ability: SUCCESS, 3
get_team_points: SUCCESS, 0
get_partial_spirit: SUCCESS, 1,2,3,4,5
get_team_points: SUCCESS, 0
get_player_cards: SUCCESS, 250
add_team: FAILURE
num_played_games_for_player: SUCCESS, 22
play_match: SUCCESS, 3
play_match: FAILURE
add_player: FAILURE
get_partial_spirit: SUCCESS, 3,1,5,2,4
get_player_cards: SUCCESS, 320
num_played_games_for_player: SUCCESS, 22
add_player: FAILURE
add_player_cards: SUCCESS
remove_team: FAILURE
get_ith_pointless_ability: FAILURE
add_player: FAILURE
remove_team: FAILURE
add_player: FAILURE
add_player: FAILURE
add_player: FAILURE
add_player_cards: SUCCESS
buy_team: SUCCESS
add_player_cards: SUCCESS
add_player_cards: SUCCESS
add_player: FAILURE
remove_team: FAILURE
get_team_points: SUCCESS, 0
add_player: FAILURE
add_player: FAILURE
add_player_cards: FAILURE
add_player: FAILURE
add_team: FAILURE
add_player_cards: SUCCESS
add_player_cards: SUCCESS
add_player: FAILURE
add_team: FAILURE
add_team: FAILURE
play_match: FAILURE
add_player: FAILURE
add_team: FAILURE
get_team_points: SUCCESS, 0
add_team: FAILURE
add_team: FAILURE
add_player: FAILURE
play_match: FAILURE
get_ith_pointless_ability: FAILURE
get_ith_pointless_ability: FAILURE
play_match: FAILURE
remove_team: FAILURE
get_player_cards: SUCCESS, 141
add_player: FAILURE
add_team: FAILURE
add_team: FAILURE
add_team: FAILURE
add_player: FAILURE
add_player_cards: SUCCESS
play_match: FAILURE
get_partial_spirit: SUCCESS, 1,2,3,4,5
num_played_games_for_player: SUCCESS, 22
get_player_cards: SUCCESS, 288
add_player: FAILURE
add_player: FAILURE
buy_team: SUCCESS
add_player: FAILURE
get_player_cards: SUCCESS, 288
add_player: FAILURE
get_team_points: SUCCESS, 0
remove_team: FAILURE
add_player: FAILURE
remove_team: FAILURE
add_player: FAILURE
add_player: FAILURE
add_player: FAILURE
add_team: FAILURE
add_player: FAILURE
get_player_cards: SUCCESS, 183
add_player: FAILURE
play_match: FAILURE
get_player_cards: SUCCESS, 299
add_player: FAILURE
num_played_games_for_player: SUCCESS, 22
add_player_cards: SUCCESS
remove_team: FAILURE
add_player: FAILURE
add_player: FAILURE
num_played_games_for_player: SUCCESS, 22
add_player: FAILURE
get_partial_spirit: SUCCESS, 5,1,2,4,3
add_player_cards: SUCCESS
add_team: FAILURE
remove_team: FAILURE
get_ith_pointless_ability: FAILURE
add_team: FAILURE
get_player_cards: SUCCESS, 157
add_player_cards: SUCCESS
get_player_cards: SUCCESS, 668
remove_team: FAILURE
add_player_cards: SUCCESS
add_player: FAILURE
get_ith_pointless_ability: SUCCESS, 7
num_played_games_for_player: SUCCESS, 22
add_team: FAILURE
get_team_points: SUCCESS, 0
add_team: FAILURE
add_player: FAILURE
get_ith_pointless_ability: FAILURE
get_team_points: SUCCESS, 0
add_player_cards: SUCCESS
add_player: FAILURE
get_partial_spirit: SUCCESS, 1,2,3,4,5
add_player: FAILURE
get_ith_pointless_ability: SUCCESS, 79
get_partial_spirit: SUCCESS, 1,2,3,4,5
add_team: FAILURE
get_team_points: SUCCESS, 0
get_team_points: SUCCESS, 0
num_played_games_for_player: SUCCESS, 22
buy_team: SUCCESS
get_partial_spirit: SUCCESS, 1,2,3,4,5
num_played_games_for_player: SUCCESS, 22
add_player: FAILURE
get_player_cards: SUCCESS, 216
get_ith_pointless_ability: FAILURE
get_ith_pointless_ability: SUCCESS, 51
get_partial_spirit: SUCCESS, 1,5,4,3,2
remove_team: FAILURE
add_team: FAILURE
add_player: FAILURE
add_team: FAILURE
add_player: FAILURE
add_player: FAILURE
add_player: FAILURE
add_player_cards: SUCCESS
add_player: FAILURE
num_played_games_for_player: SUCCESS, 22
buy_team: SUCCESS
add_player: FAILURE
get_ith_pointless_ability: FAILURE
buy_team: SUCCESS
buy_team: SUCCESS
get_team_points: SUCCESS, 0
get_team_points: SUCCESS, 0
get_ith_pointless_ability: FAILURE
buy_team: SUCCESS
add_player_cards: SUCCESS
play_match: FAILURE
buy_team: SUCCESS
get_ith_pointless_ability: FAILURE
add_player: FAILURE
get_team_points: SUCCESS, 0
buy_team: SUCCESS
buy_team: SUCCESS
num_played_games_for_player: SUCCESS, 22
get_team_points: FAILURE
get_team_points: SUCCESS, 0
add_player_cards: SUCCESS
add_player: FAILURE
buy_team: SUCCESS
buy_team: SUCCESS
get_partial_spirit: SUCCESS, 1,2,3,4,5
play_match: FAILURE
add_player: FAILURE
add_team: FAILURE
get_team_points: SUCCESS, 3
num_played_games_for_player: SUCCESS, 22
get_partial_spirit: SUCCESS, 1,5,2,3,4
play_match: FAILURE
num_played_games_for_player: SUCCESS, 22
buy_team: SUCCESS
add_player_cards: SUCCESS
buy_team: SUCCESS
buy_team: SUCCESS
get_player_cards: SUCCESS, 215
remove_team: FAILURE
remove_team: FAILURE
num_played_games_for_player: SUCCESS, 22
add_player_cards: SUCCESS
buy_team: SUCCESS
get_ith_pointless_ability: FAILURE
num_played_games_for_player: SUCCESS, 22
buy_team: SUCCESS
get_player_cards: SUCCESS, 41
add_team: FAILURE
add_player: FAILURE
add_player: FAILURE
remove_team: FAILURE
get_ith_pointless_ability: SUCCESS, 20
num_played_games_for_player: SUCCESS, 22
get_team_points: SUCCESS, 0
get_player_cards: SUCCESS, 12
buy_team: SUCCESS
get_ith_pointless_ability: FAILURE
add_player: FAILURE
num_played_games_for_player: SUCCESS, 22
get_player_cards: SUCCESS, 167
add_team: FAILURE
get_ith_pointless_ability: FAILURE
get_team_points: SUCCESS, 3
add_player_cards: FAILURE
remove_team: FAILURE
add_player: FAILURE
get_player_cards: SUCCESS, 141
add_player: FAILURE
remove_team: FAILURE
get_team_points: SUCCESS, 3
play_match: FAILURE
play_match: FAILURE
get_ith_pointless_ability: FAILURE
add_player: FAILURE
buy_team: SUCCESS
add_player: FAILURE
get_partial_spirit: SUCCESS, 2,3,5,4,1
add_team: FAILURE
remove_team: FAILURE
get_ith_pointless_ability: SUCCESS, 96
get_ith_pointless_ability: SUCCESS, 3
get_partial_spirit: SUCCESS, 1,2,3,4,5
add_player_cards: SUCCESS
num_played_games_for_player: SUCCESS, 22
add_team: FAILURE
get_team_points: SUCCESS, 0
get_ith_pointless_ability: SUCCESS, 17
remove_team: FAILURE
add_player: FAILURE
add_player: FAILURE
add_player: FAILURE
get_player_cards: SUCCESS, 188
add_team: FAILURE
get_partial_spirit: SUCCESS, 1,2,3,4,5
num_played_games_for_player: SUCCESS, 22
get_team_points: SUCCESS, 0
add_player: FAILURE
play_match: FAILURE
add_player: FAILURE
num_played_games_for_player: SUCCESS, 22
get_ith_pointless_ability: SUCCESS, 19
get_player_cards: SUCCESS, 141
add_player_cards: SUCCESS
play_match: SUCCESS, 1
add_player: FAILURE
add_player: FAILURE
remove_team: FAILURE
play_match: FAILURE
remove_team: FAILURE
get_team_points: SUCCESS, 0
buy_team: SUCCESS
add_player: FAILURE
add_player: FAILURE
play_match: FAILURE
buy_team: SUCCESS
get_team_points: SUCCESS, 0
get_team_points: FAILURE
num_played_games_for_player: SUCCESS, 22
num_played_games_for_player: SUCCESS, 22
play_match: FAILURE
add_player_cards: SUCCESS
num_played_games_for_player: SUCCESS, 22
get_player_cards: SUCCESS, 105
add_player: FAILURE
get_player_cards: SUCCESS, 320
remove_team: FAILURE
get_team_points: FAILURE
get_player_cards: SUCCESS, 34
num_played_games_for_player: SUCCESS, 22
play_match: SUCCESS, 3
get_partial_spirit: FAILURE
get_ith_pointless_ability: FAILURE
get_partial_spirit: SUCCESS, 1,5,3,4,2
remove_team: FAILURE
add_player: FAILURE
remove_team: FAILURE
add_player: FAILURE
buy_team: SUCCESS
get_team_points: SUCCESS, 3
buy_team: SUCCESS
get_player_cards: SUCCESS, 207
buy_team: SUCCESS
remove_team: FAILURE
add_player: FAILURE
get_ith_pointless_ability: FAILURE
get_partial_spirit: SUCCESS, 1,2,3,4,5
get_team_points: SUCCESS, 0
add_team: FAILURE
add_player: FAILURE
get_ith_pointless_ability: FAILURE
get_player_cards: SUCCESS, 668
add_player: FAILURE
get_partial_spirit: SUCCESS, 3,5,4,1,2
get_team_points: SUCCESS, 0
get_partial_spirit: SUCCESS, 1,2,4,3,5
remove_team: FAILURE
add_player: FAILURE
get_player_cards: SUCCESS, 186
get_ith_pointless_ability: SUCCESS, 51
play_match: FAILURE
buy_team: SUCCESS
num_played_games_for_player: SUCCESS, 22
add_team: FAILURE
add_player: FAILURE
add_player: FAILURE
get_partial_spirit: SUCCESS, 1,2,3,4,5
num_played_games_for_player: SUCCESS, 22
add_player: FAILURE
get_partial_spirit: SUCCESS, 1,2,3,4,5
buy_team: SUCCESS
get_ith_pointless_ability: SUCCESS, 17
get_team_points: SUCCESS, 0
add_team: FAILURE
buy_team: SUCCESS
add_player: FAILURE
get_team_points: SUCCESS, 0
play_match: FAILURE
num_played_games_for_player: SUCCESS, 22
add_player: FAILURE
add_player_cards: SUCCESS
num_played_games_for_player: SUCCESS, 22
add_team: FAILURE
get_partial_spirit: SUCCESS, 4,1,5,3,2
remove_team: FAILURE
add_player: FAILURE
get_player_cards: SUCCESS, 215
add_player: FAILURE
get_player_cards: SUCCESS, 68
get_team_points: SUCCESS, 3
add_player_cards: SUCCESS
add_player_cards: SUCCESS
add_player: FAILURE
get_partial_spirit: SUCCESS, 3,5,4,1,2
get_player_cards: SUCCESS, 395
num_played_games_for_player: SUCCESS, 22
add_player: FAILURE
num_played_games_for_player: SUCCESS, 22
play_match: FAILURE
get_ith_pointless_ability: SUCCESS, 50
add_player: FAILURE
get_team_points: FAILURE
add_player: FAILURE
remove_team: FAILURE
get_ith_pointless_ability: FAILURE
remove_team: FAILURE
buy_team: SUCCESS
get_player_cards: SUCCESS, 141
get_partial_spirit: SUCCESS, 1,2,3,4,5
remove_team: FAILURE
get_partial_spirit: SUCCESS, 1,2,3,4,5
get_partial_spirit: SUCCESS, 3,1,4,2,5
add_player_cards: SUCCESS
add_player: FAILURE
add_player: FAILURE
get_team_points: SUCCESS, 0
get_team_points: FAILURE
buy_team: SUCCESS
get_partial_spirit: FAILURE
num_played_games_for_player: SUCCESS, 22
get_partial_spirit: SUCCESS, 3,1,5,2,4
remove_team: FAILURE
add_player: FAILURE
add_player: FAILURE
play_match: FAILURE
add_player_cards: SUCCESS
remove_team: FAILURE
get_ith_pointless_ability: FAILURE
add_player_cards: SUCCESS
play_match: FAILURE
add_player_cards: SUCCESS
get_team_points: SUCCESS, 0
play_match: FAILURE
get_player_cards: SUCCESS, 141
buy_team: SUCCESS
add_player: FAILURE
buy_team: SUCCESS
add_player_cards: SUCCESS
add_player: FAILURE
get_partial_spirit: SUCCESS, 2,5,1,3,4
get_partial_spirit: SUCCESS, 1,2,3,4,5
play_match: FAILURE
add_player: FAILURE
remove_team: FAILURE
num_played_games_for_player: SUCCESS, 22
get_ith_pointless_ability: FAILURE
add_team: FAILURE
num_played_games_for_player: SUCCESS, 22
num_played_games_for_player: SUCCESS, 22
add_player: FAILURE
add_team: FAILURE
get_team_points: FAILURE
get_partial_spirit: SUCCESS, 1,2,3,4,5
add_player: FAILURE
num_played_games_for_player: SUCCESS, 22
add_player: FAILURE
buy_team: SUCCESS
add_player: FAILURE
add_player_cards: SUCCESS
get_ith_pointless_ability: SUCCESS, 51
num_played_games_for_player: SUCCESS, 22
num_played_games_for_player: SUCCESS, 22
buy_team: SUCCESS
get_player_cards: SUCCESS, 120
get_partial_spirit: SUCCESS, 1,2,3,4,5
get_partial_spirit: SUCCESS, 1,2,3,4,5
add_player: FAILURE
num_played_games_for_player: SUCCESS, 22
add_player: FAILURE
add_player: FAILURE
play_match: FAILURE
num_played_games_for_player: SUCCESS, 22
add_team: FAILURE
get_ith_pointless_ability: FAILURE
get_player_cards: SUCCESS, 9
add_player: FAILURE
buy_team: SUCCESS
add_player: FAILURE
get_ith_pointless_ability: SUCCESS, 20
get_team_points: SUCCESS, 0
remove_team: FAILURE
remove_team: FAILURE
get_team_points: SUCCESS, 0
add_player: FAILURE
get_player_cards: SUCCESS, 277
remove_team: FAILURE
get_player_cards: SUCCESS, 498
num_played_games_for_player: SUCCESS, 22
add_player: FAILURE
add_player: FAILURE
add_player: FAILURE
add_player_cards: SUCCESS
add_player: FAILURE
play_match: FAILURE
get_team_points: SUCCESS, 0
add_player: FAILURE
add_player: FAILURE
get_team_points: FAILURE
num_played_games_for_player: SUCCESS, 22
get_team_points: SUCCESS, 0
add_player: FAILURE
add_player_cards: SUCCESS
add_player_cards: SUCCESS
add_player_cards: SUCCESS
add_player: FAILURE
buy_team: SUCCESS
get_ith_pointless_ability: FAILURE
add_team: FAILURE
play_match: FAILURE
remove_team: FAILURE
add_player: FAILURE
add_player: FAILURE
buy_team: SUCCESS
get_ith_pointless_ability: FAILURE
get_team_points: SUCCESS, 0
add_player: FAILURE
get_ith_pointless_ability: FAILURE
buy_team: SUCCESS
add_player_cards: SUCCESS
get_partial_spirit: SUCCESS, 1,2,3,4,5
get_player_cards: SUCCESS, 102
add_player: FAILURE
get_ith_pointless_ability: FAILURE
add_player: FAILURE
add_player: FAILURE
get_ith_pointless_ability: FAILURE
add_player: FAILURE
get_partial_spirit: SUCCESS, 1,2,3,4,5
get_partial_spirit: SUCCESS, 3,2,4,5,1
get_team_points: FAILURE
add_player: FAILURE
add_team: FAILURE
buy_team: SUCCESS
remove_team: FAILURE
add_player: FAILURE
add_player: FAILURE
get_ith_pointless_ability: FAILURE
add_player: FAILURE
add_player_cards: SUCCESS
get_team_points: SUCCESS, 0
get_team_points: SUCCESS, 0
add_player_cards: SUCCESS
get_player_cards: SUCCESS, 178
play_match: FAILURE
get_team_points: SUCCESS, 0
play_match: FAILURE
add_player_cards: SUCCESS
add_player_cards: FAILURE
remove_team: FAILURE
get_partial_spirit: SUCCESS, 1,2,3,4,5
get_team_points: SUCCESS, 0
add_player: FAILURE
play_match: FAILURE
get_player_cards: SUCCESS, 280
buy_team: SUCCESS
add_player: FAILURE
remove_team: FAILURE
play_match: FAILURE
add_team: FAILURE
add_team: FAILURE
get_ith_pointless_ability: SUCCESS, 28
add_team: FAILURE
get_player_cards: SUCCESS, 122
num_played_games_for_player: SUCCESS, 22
add_player: FAILURE
get_ith_pointless_ability: FAILURE
num_played_games_for_player: SUCCESS, 22
get_partial_spirit: SUCCESS, 4,1,5,3,2
remove_team: FAILURE
get_player_cards: SUCCESS, 66
get_ith_pointless_ability: FAILURE
get_team_points: FAILURE
play_match: FAILURE
add_team: FAILURE
add_player_cards: SUCCESS
add_player: FAILURE
add_player: FAILURE
num_played_games_for_player: SUCCESS, 22
remove_team: FAILURE
add_player_cards: FAILURE
num_played_games_for_player: SUCCESS, 22
buy_team: SUCCESS
add_team: FAILURE
add_team: FAILURE
buy_team: SUCCESS
remove_team: FAILURE
num_played_games_for_player: SUCCESS, 22
add_player: FAILURE
get_team_points: FAILURE
add_team: FAILURE
get_ith_pointless_ability: FAILURE
get_team_points: SUCCESS, 0
get_partial_spirit: SUCCESS, 1,2,3,4,5
get_ith_pointless_ability: FAILURE
play_match: SUCCESS, 3
get_team_points: SUCCESS, 0
add_team: FAILURE
add_player: FAILURE
add_player_cards: SUCCESS
add_player_cards: SUCCESS
get_ith_pointless_ability: FAILURE
add_player: FAILURE
get_partial_spirit: SUCCESS, 4,5,1,2,3
num_played_games_for_player: SUCCESS, 22
add_player: FAILURE
add_player: FAILURE
num_played_games_for_player: SUCCESS, 22
play_match: FAILURE
add_player_cards: SUCCESS
buy_team: SUCCESS
num_played_games_for_player: SUCCESS, 22
num_played_games_for_player: SUCCESS, 22
add_player: FAILURE
get_partial_spirit: FAILURE
remove_team: FAILURE
get_partial_spirit: SUCCESS, 1,2,3,4,5
get_team_points: FAILURE
get_ith_pointless_ability: FAILURE
get_player_cards: SUCCESS, 231
num_played_games_for_player: SUCCESS, 22
get_player_cards: SUCCESS, 582
get_team_points: SUCCESS, 0
num_played_games_for_player: SUCCESS, 22
get_ith_pointless_ability: FAILURE
add_player: FAILURE
get_ith_pointless_ability: FAILURE
get_partial_spirit: SUCCESS, 1,2,3,4,5
buy_team: SUCCESS
get_player_cards: SUCCESS, 141
add_player: FAILURE
remove_team: FAILURE
add_player_cards: FAILURE
add_player: FAILURE
num_played_games_for_player: SUCCESS, 22
buy_team: SUCCESS
num_played_games_for_player: SUCCESS, 22
remove_team: FAILURE
get_team_points: SUCCESS, 0
add_player_cards: SUCCESS
add_team: FAILURE
add_player: FAILURE
get_ith_pointless_ability: FAILURE
get_team_points: SUCCESS, 0
remove_team: FAILURE
add_player: FAILURE
remove_team: FAILURE
remove_team: FAILURE
num_played_games_for_player: SUCCESS, 22
remove_team: FAILURE
get_ith_pointless_ability: SUCCESS, 96
add_player: FAILURE
get_player_cards: SUCCESS, 25
get_team_points: SUCCESS, 0
add_player: FAILURE
get_ith_pointless_ability: SUCCESS, 53
num_played_games_for_player: SUCCESS, 22
remove_team: FAILURE
add_player: FAILURE
get_partial_spirit: SUCCESS, 1,2,3,4,5
get_team_points: SUCCESS, 0
add_player: FAILURE
add_player: FAILURE
add_player_cards: FAILURE
add_player: FAILURE
add_player_cards: FAILURE
get_partial_spirit: SUCCESS, 1,2,3,4,5
add_team: FAILURE
get_team_points: FAILURE
add_team: FAILURE
get_partial_spirit: FAILURE
buy_team: SUCCESS
add_player_cards: SUCCESS
get_team_points: SUCCESS, 0
get_ith_pointless_ability: FAILURE
get_ith_pointless_ability: FAILURE
play_match: SUCCESS, 3
add_player: FAILURE
play_match: FAILURE
add_player: FAILURE
add_player: FAILURE
get_partial_spirit: SUCCESS, 1,2,3,4,5
get_ith_pointless_ability: FAILURE
get_player_cards: SUCCESS, 106
play_match: FAILURE
add_player: FAILURE
num_played_games_for_player: SUCCESS, 22
num_played_games_for_player: SUCCESS, 22
buy_team: SUCCESS
num_played_games_for_player: SUCCESS, 22
add_player: FAILURE
get_partial_spirit: FAILURE
buy_team: SUCCESS
buy_team: SUCCESS
get_player_cards: SUCCESS, 26
num_played_games_for_player: SUCCESS, 22
play_match: FAILURE
buy_team: SUCCESS
num_played_games_for_player: SUCCESS, 22
get_player_cards: SUCCESS, 178
get_player_cards: SUCCESS, 569
add_player_cards: FAILURE
get_team_points: FAILURE
