add_team: SUCCESS
add_team: SUCCESS
add_team: SUCCESS
add_team: SUCCESS
add_team: SUCCESS
add_team: SUCCESS
add_team: SUCCESS
add_team: SUCCESS
add_team: SUCCESS
add_team: SUCCESS
add_team: SUCCESS
add_team: SUCCESS
add_team: SUCCESS
add_team: SUCCESS
add_team: SUCCESS
add_team: SUCCESS
add_team: SUCCESS
add_team: SUCCESS
add_team: SUCCESS
add_team: SUCCESS
add_team: SUCCESS
add_team: SUCCESS
add_team: SUCCESS
add_team: SUCCESS
add_team: SUCCESS
add_team: SUCCESS
add_team: SUCCESS
add_team: SUCCESS
add_team: SUCCESS
add_team: SUCCESS
add_team: SUCCESS
add_team: SUCCESS
add_team: SUCCESS
add_team: SUCCESS
add_team: SUCCESS
add_team: SUCCESS
add_team: SUCCESS
add_team: SUCCESS
add_team: SUCCESS
add_team: SUCCESS
add_team: SUCCESS
add_team: SUCCESS
add_team: SUCCESS
add_team: SUCCESS
add_team: SUCCESS
add_team: SUCCESS
add_team: SUCCESS
add_team: SUCCESS
add_team: SUCCESS
add_team: SUCCESS
add_team: SUCCESS
add_team: SUCCESS
add_team: SUCCESS
add_team: SUCCESS
add_team: SUCCESS
add_team: SUCCESS
add_team: SUCCESS
add_team: SUCCESS
add_team: SUCCESS
add_team: SUCCESS
add_team: SUCCESS
add_team: SUCCESS
add_team: SUCCESS
add_team: SUCCESS
add_team: SUCCESS
add_team: SUCCESS
add_team: SUCCESS
add_team: SUCCESS
add_team: SUCCESS
add_team: SUCCESS
add_team: SUCCESS
add_team: SUCCESS
add_team: SUCCESS
add_team: SUCCESS
add_team: SUCCESS
add_team: SUCCESS
add_team: SUCCESS
add_team: SUCCESS
add_team: SUCCESS
add_team: SUCCESS
add_team: SUCCESS
add_team: SUCCESS
add_team: SUCCESS
add_team: SUCCESS
add_team: SUCCESS
add_team: SUCCESS
add_team: SUCCESS
add_team: SUCCESS
add_team: SUCCESS
add_team: SUCCESS
add_team: SUCCESS
add_team: SUCCESS
add_team: SUCCESS
add_team: SUCCESS
add_team: SUCCESS
add_team: SUCCESS
add_team: SUCCESS
add_team: SUCCESS
add_team: SUCCESS
add_team: SUCCESS
add_player: SUCCESS
add_player: SUCCESS
add_player: SUCCESS
add_player: SUCCESS
add_player: SUCCESS
add_player: SUCCESS
add_player: SUCCESS
add_player: SUCCESS
add_player: SUCCESS
add_player: SUCCESS
add_player: SUCCESS
add_player: SUCCESS
add_player: SUCCESS
add_player: SUCCESS
add_player: SUCCESS
add_player: SUCCESS
add_player: SUCCESS
add_player: SUCCESS
add_player: SUCCESS
add_player: SUCCESS
add_player: SUCCESS
add_player: SUCCESS
add_player: SUCCESS
add_player: SUCCESS
add_player: SUCCESS
add_player: SUCCESS
add_player: SUCCESS
add_player: SUCCESS
add_player: SUCCESS
add_player: SUCCESS
add_player: SUCCESS
add_player: SUCCESS
add_player: SUCCESS
add_player: SUCCESS
add_player: SUCCESS
add_player: SUCCESS
add_player: SUCCESS
add_player: SUCCESS
add_player: SUCCESS
add_player: SUCCESS
add_player: SUCCESS
add_player: SUCCESS
add_player: SUCCESS
add_player: SUCCESS
add_player: SUCCESS
add_player: SUCCESS
add_player: SUCCESS
add_player: SUCCESS
add_player: SUCCESS
add_player: SUCCESS
add_player: SUCCESS
add_player: SUCCESS
add_player: SUCCESS
add_player: SUCCESS
add_player: SUCCESS
add_player: SUCCESS
add_player: SUCCESS
add_player: SUCCESS
add_player: SUCCESS
add_player: SUCCESS
add_player: SUCCESS
add_player: SUCCESS
add_player: SUCCESS
add_player: SUCCESS
add_player: SUCCESS
add_player: SUCCESS
add_player: SUCCESS
add_player: SUCCESS
add_player: SUCCESS
add_player: SUCCESS
add_player: SUCCESS
add_player: SUCCESS
add_player: SUCCESS
add_player: SUCCESS
add_player: SUCCESS
add_player: SUCCESS
add_player: SUCCESS
add_player: SUCCESS
add_player: SUCCESS
add_player: SUCCESS
add_player: SUCCESS
add_player: SUCCESS
add_player: SUCCESS
add_player: SUCCESS
add_player: SUCCESS
add_player: SUCCESS
add_player: SUCCESS
add_player: SUCCESS
add_player: SUCCESS
add_player: SUCCESS
add_player: SUCCESS
add_player: SUCCESS
add_player: SUCCESS
add_player: SUCCESS
add_player: SUCCESS
add_player: SUCCESS
add_player: SUCCESS
add_player: SUCCESS
add_player: SUCCESS
add_player: SUCCESS
play_match: FAILURE
play_match: FAILURE
buy_team: SUCCESS
remove_team: FAILURE
add_player: SUCCESS
num_played_games_for_player: SUCCESS, 22
play_match: FAILURE
get_team_points: SUCCESS, 0
play_match: FAILURE
add_team: SUCCESS
num_played_games_for_player: SUCCESS, 22
buy_team: SUCCESS
add_player_cards: SUCCESS
remove_team: FAILURE
num_played_games_for_player: SUCCESS, 22
get_team_points: SUCCESS, 0
remove_team: FAILURE
num_played_games_for_player: SUCCESS, 22
get_player_cards: SUCCESS, 138
add_player: SUCCESS
add_player: SUCCESS
get_team_points: SUCCESS, 0
num_played_games_for_player: SUCCESS, 22
get_partial_spirit: SUCCESS, 1,2,3,4,5
get_team_points: SUCCESS, 0
add_player_cards: SUCCESS
play_match: SUCCESS, 3
get_partial_spirit: SUCCESS, 2,3,1,4,5
num_played_games_for_player: SUCCESS, 22
get_player_cards: SUCCESS, 50
add_team: FAILURE
add_player: SUCCESS
remove_team: FAILURE
num_played_games_for_player: SUCCESS, 22
add_player: SUCCESS
get_team_points: SUCCESS, 0
add_player: SUCCESS
get_team_points: SUCCESS, 0
remove_team: FAILURE
get_player_cards: SUCCESS, 12
num_played_games_for_player: SUCCESS, 22
buy_team: SUCCESS
get_partial_spirit: SUCCESS, 1,2,3,4,5
add_player: SUCCESS
add_player_cards: SUCCESS
remove_team: FAILURE
buy_team: SUCCESS
num_played_games_for_player: SUCCESS, 22
get_team_points: SUCCESS, 0
get_partial_spirit: SUCCESS, 3,5,4,1,2
add_player: SUCCESS
get_partial_spirit: SUCCESS, 1,2,3,4,5
add_player: SUCCESS
get_player_cards: SUCCESS, 57
get_partial_spirit: SUCCESS, 5,3,4,2,1
add_player: FAILURE
remove_team: FAILURE
play_match: FAILURE
num_played_games_for_player: SUCCESS, 22
get_player_cards: SUCCESS, 118
get_player_cards: SUCCESS, 293
num_played_games_for_player: SUCCESS, 22
get_player_cards: SUCCESS, 141
get_partial_spirit: SUCCESS, 1,2,3,4,5
remove_team: FAILURE
remove_team: FAILURE
buy_team: SUCCESS
num_played_games_for_player: SUCCESS, 22
remove_team: FAILURE
add_team: FAILURE
get_ith_pointless_ability: SUCCESS, 78
add_player: SUCCESS
get_player_cards: SUCCESS, 17
add_player: FAILURE
get_partial_spirit: SUCCESS, 1,2,5,3,4
add_player: SUCCESS
add_player: SUCCESS
add_player_cards: SUCCESS
get_team_points: SUCCESS, 0
get_partial_spirit: SUCCESS, 4,2,3,1,5
add_team: FAILURE
add_player: SUCCESS
add_player_cards: SUCCESS
get_team_points: SUCCESS, 0
add_player_cards: SUCCESS
num_played_games_for_player: SUCCESS, 22
get_partial_spirit: SUCCESS, 4,5,3,1,2
get_partial_spirit: SUCCESS, 5,4,2,3,1
add_player_cards: SUCCESS
add_player: SUCCESS
add_team: FAILURE
play_match: SUCCESS, 3
get_team_points: SUCCESS, 0
get_ith_pointless_ability: SUCCESS, 32
add_player: SUCCESS
get_team_points: SUCCESS, 0
get_player_cards: SUCCESS, 633
add_player: SUCCESS
get_team_points: SUCCESS, 0
get_ith_pointless_ability: SUCCESS, 87
remove_team: FAILURE
add_team: FAILURE
get_player_cards: SUCCESS, 57
add_player: SUCCESS
add_player: SUCCESS
play_match: SUCCESS, 3
play_match: FAILURE
num_played_games_for_player: SUCCESS, 22
add_player: SUCCESS
num_played_games_for_player: SUCCESS, 22
add_player_cards: SUCCESS
num_played_games_for_player: SUCCESS, 22
buy_team: SUCCESS
get_ith_pointless_ability: SUCCESS, 96
add_player: SUCCESS
remove_team: FAILURE
add_team: FAILURE
buy_team: SUCCESS
get_player_cards: SUCCESS, 138
num_played_games_for_player: SUCCESS, 22
add_player: SUCCESS
add_player: SUCCESS
add_team: FAILURE
get_team_points: SUCCESS, 0
num_played_games_for_player: SUCCESS, 22
get_partial_spirit: SUCCESS, 3,1,4,2,5
get_partial_spirit: SUCCESS, 1,2,3,4,5
add_player: SUCCESS
remove_team: FAILURE
buy_team: SUCCESS
add_player: SUCCESS
play_match: FAILURE
remove_team: FAILURE
play_match: FAILURE
num_played_games_for_player: SUCCESS, 22
get_player_cards: SUCCESS, 146
add_player_cards: SUCCESS
play_match: SUCCESS, 1
get_team_points: SUCCESS, 0
add_player_cards: SUCCESS
add_player: SUCCESS
remove_team: FAILURE
num_played_games_for_player: SUCCESS, 22
remove_team: FAILURE
remove_team: FAILURE
add_team: SUCCESS
num_played_games_for_player: SUCCESS, 22
get_partial_spirit: SUCCESS, 1,2,3,4,5
get_team_points: SUCCESS, 0
add_player: SUCCESS
add_player_cards: SUCCESS
get_player_cards: SUCCESS, 36
add_player: SUCCESS
remove_team: FAILURE
add_player_cards: SUCCESS
add_player_cards: SUCCESS
get_ith_pointless_ability: FAILURE
remove_team: FAILURE
get_player_cards: SUCCESS, 17
add_player: SUCCESS
get_player_cards: SUCCESS, 306
num_played_games_for_player: SUCCESS, 22
add_team: FAILURE
num_played_games_for_player: SUCCESS, 22
get_team_points: SUCCESS, 0
get_player_cards: SUCCESS, 111
get_ith_pointless_ability: FAILURE
add_team: FAILURE
remove_team: FAILURE
add_player_cards: SUCCESS
add_team: FAILURE
add_player: SUCCESS
remove_team: FAILURE
play_match: FAILURE
get_player_cards: SUCCESS, 33
add_team: FAILURE
remove_team: FAILURE
get_ith_pointless_ability: FAILURE
add_player: SUCCESS
num_played_games_for_player: SUCCESS, 22
add_player: SUCCESS
remove_team: FAILURE
add_player: SUCCESS
play_match: SUCCESS, 3
add_player_cards: SUCCESS
buy_team: SUCCESS
add_team: FAILURE
get_ith_pointless_ability: FAILURE
add_player_cards: SUCCESS
add_player: FAILURE
get_ith_pointless_ability: FAILURE
remove_team: FAILURE
num_played_games_for_player: SUCCESS, 22
buy_team: SUCCESS
play_match: FAILURE
buy_team: SUCCESS
remove_team: FAILURE
get_team_points: SUCCESS, 0
remove_team: FAILURE
get_ith_pointless_ability: FAILURE
add_team: FAILURE
get_partial_spirit: SUCCESS, 1,3,5,4,2
get_player_cards: SUCCESS, 74
get_partial_spirit: SUCCESS, 1,2,3,4,5
get_partial_spirit: SUCCESS, 1,2,3,4,5
add_team: FAILURE
play_match: SUCCESS, 3
get_partial_spirit: SUCCESS, 1,2,3,4,5
add_player: SUCCESS
get_partial_spirit: SUCCESS, 5,3,2,1,4
get_player_cards: SUCCESS, 298
add_player_cards: SUCCESS
get_team_points: SUCCESS, 0
play_match: FAILURE
num_played_games_for_player: SUCCESS, 22
play_match: FAILURE
get_team_points: SUCCESS, 0
add_player_cards: SUCCESS
num_played_games_for_player: SUCCESS, 22
num_played_games_for_player: SUCCESS, 22
get_player_cards: SUCCESS, 118
buy_team: SUCCESS
remove_team: FAILURE
num_played_games_for_player: SUCCESS, 22
add_player: SUCCESS
get_partial_spirit: SUCCESS, 1,2,3,4,5
get_team_points: SUCCESS, 0
get_team_points: SUCCESS, 0
buy_team: SUCCESS
add_player: SUCCESS
remove_team: FAILURE
add_team: FAILURE
get_team_points: SUCCESS, 0
add_player: SUCCESS
buy_team: SUCCESS
get_player_cards: SUCCESS, 298
add_player: SUCCESS
add_player: SUCCESS
add_player: FAILURE
get_team_points: FAILURE
get_ith_pointless_ability: FAILURE
get_team_points: SUCCESS, 0
get_player_cards: SUCCESS, 580
add_player_cards: SUCCESS
num_played_games_for_player: SUCCESS, 22
get_ith_pointless_ability: FAILURE
get_team_points: SUCCESS, 0
add_player: SUCCESS
add_player_cards: SUCCESS
add_player: SUCCESS
get_partial_spirit: SUCCESS, 1,2,3,4,5
add_player: SUCCESS
get_ith_pointless_ability: FAILURE
add_team: FAILURE
add_player_cards: SUCCESS
add_player_cards: SUCCESS
get_partial_spirit: SUCCESS, 1,2,3,4,5
get_ith_pointless_ability: SUCCESS, 92
add_player: SUCCESS
buy_team: SUCCESS
play_match: FAILURE
num_played_games_for_player: SUCCESS, 22
get_ith_pointless_ability: FAILURE
play_match: FAILURE
add_player: SUCCESS
get_player_cards: SUCCESS, 52
remove_team: FAILURE
remove_team: FAILURE
num_played_games_for_player: SUCCESS, 22
get_ith_pointless_ability: SUCCESS, 96
get_ith_pointless_ability: SUCCESS, 89
get_player_cards: SUCCESS, 50
add_player: SUCCESS
remove_team: FAILURE
get_ith_pointless_ability: SUCCESS, 89
get_player_cards: SUCCESS, 222
add_team: FAILURE
play_match: FAILURE
add_player: FAILURE
get_ith_pointless_ability: FAILURE
add_player_cards: SUCCESS
buy_team: SUCCESS
play_match: SUCCESS, 3
num_played_games_for_player: SUCCESS, 22
num_played_games_for_player: SUCCESS, 22
add_player: SUCCESS
add_player_cards: SUCCESS
add_team: FAILURE
get_team_points: SUCCESS, 0
num_played_games_for_player: SUCCESS, 22
get_team_points: SUCCESS, 0
buy_team: SUCCESS
add_team: FAILURE
add_team: FAILURE
add_team: FAILURE
add_player_cards: SUCCESS
get_player_cards: SUCCESS, 169
add_player_cards: SUCCESS
buy_team: SUCCESS
add_player: SUCCESS
get_partial_spirit: SUCCESS, 1,2,3,4,5
get_partial_spirit: SUCCESS, 2,4,1,5,3
play_match: SUCCESS, 1
buy_team: SUCCESS
add_player: SUCCESS
num_played_games_for_player: SUCCESS, 22
num_played_games_for_player: SUCCESS, 22
add_player: FAILURE
num_played_games_for_player: SUCCESS, 22
add_player: SUCCESS
num_played_games_for_player: SUCCESS, 22
add_player: SUCCESS
buy_team: SUCCESS
buy_team: SUCCESS
num_played_games_for_player: SUCCESS, 22
play_match: FAILURE
add_team: FAILURE
buy_team: SUCCESS
num_played_games_for_player: SUCCESS, 22
add_team: FAILURE
buy_team: SUCCESS
remove_team: FAILURE
add_player: SUCCESS
buy_team: SUCCESS
add_player_cards: SUCCESS
remove_team: FAILURE
add_player: SUCCESS
get_team_points: SUCCESS, 0
remove_team: FAILURE
add_player_cards: SUCCESS
get_team_points: SUCCESS, 0
get_ith_pointless_ability: FAILURE
add_team: FAILURE
buy_team: SUCCESS
add_player_cards: SUCCESS
add_player: SUCCESS
play_match: SUCCESS, 3
get_player_cards: SUCCESS, 50
buy_team: SUCCESS
add_player_cards: SUCCESS
get_partial_spirit: SUCCESS, 5,3,2,1,4
get_partial_spirit: SUCCESS, 2,1,4,3,5
add_player: SUCCESS
add_player_cards: SUCCESS
add_player: SUCCESS
add_team: FAILURE
remove_team: FAILURE
get_partial_spirit: SUCCESS, 4,3,2,5,1
add_player_cards: SUCCESS
add_player: SUCCESS
play_match: FAILURE
play_match: SUCCESS, 1
add_player_cards: SUCCESS
get_player_cards: SUCCESS, 33
get_team_points: SUCCESS, 0
add_team: FAILURE
num_played_games_for_player: SUCCESS, 22
get_team_points: SUCCESS, 0
add_player: SUCCESS
play_match: FAILURE
add_team: FAILURE
num_played_games_for_player: SUCCESS, 22
add_player: FAILURE
get_partial_spirit: SUCCESS, 1,3,5,4,2
add_player: SUCCESS
buy_team: SUCCESS
remove_team: FAILURE
get_ith_pointless_ability: FAILURE
get_ith_pointless_ability: FAILURE
add_team: FAILURE
add_team: FAILURE
get_team_points: SUCCESS, 0
get_ith_pointless_ability: SUCCESS, 31
add_team: FAILURE
add_player: SUCCESS
play_match: SUCCESS, 3
num_played_games_for_player: SUCCESS, 22
get_team_points: SUCCESS, 0
play_match: SUCCESS, 3
get_ith_pointless_ability: FAILURE
add_player_cards: SUCCESS
add_player_cards: SUCCESS
play_match: FAILURE
get_team_points: SUCCESS, 0
get_partial_spirit: SUCCESS, 3,1,2,5,4
get_partial_spirit: SUCCESS, 3,1,5,4,2
remove_team: FAILURE
add_team: FAILURE
num_played_games_for_player: SUCCESS, 22
add_player: FAILURE
remove_team: FAILURE
add_team: FAILURE
add_player: FAILURE
get_partial_spirit: SUCCESS, 1,4,3,2,5
add_team: FAILURE
get_ith_pointless_ability: SUCCESS, 20
add_player: SUCCESS
buy_team: SUCCESS
get_team_points: SUCCESS, 0
add_player: SUCCESS
remove_team: FAILURE
remove_team: FAILURE
add_player: FAILURE
add_player: SUCCESS
remove_team: FAILURE
get_partial_spirit: SUCCESS, 1,2,3,4,5
add_team: FAILURE
add_team: FAILURE
add_player_cards: SUCCESS
play_match: FAILURE
add_player: FAILURE
get_team_points: SUCCESS, 3
add_player: SUCCESS
get_ith_pointless_ability: SUCCESS, 24
buy_team: SUCCESS
add_player: SUCCESS
play_match: FAILURE
add_player: SUCCESS
add_player: FAILURE
add_player_cards: SUCCESS
add_player: SUCCESS
add_player: SUCCESS
add_team: FAILURE
num_played_games_for_player: SUCCESS, 22
add_player: FAILURE
num_played_games_for_player: SUCCESS, 22
num_played_games_for_player: SUCCESS, 22
get_team_points: SUCCESS, 3
add_player_cards: SUCCESS
get_ith_pointless_ability: SUCCESS, 63
add_team: FAILURE
num_played_games_for_player: SUCCESS, 22
get_player_cards: SUCCESS, 293
add_player: SUCCESS
get_partial_spirit: SUCCESS, 5,1,4,3,2
remove_team: FAILURE
add_player_cards: FAILURE
get_player_cards: SUCCESS, 246
add_player: FAILURE
num_played_games_for_player: SUCCESS, 22
add_player: SUCCESS
play_match: SUCCESS, 1
get_ith_pointless_ability: FAILURE
num_played_games_for_player: SUCCESS, 22
play_match: SUCCESS, 3
add_player: SUCCESS
buy_team: SUCCESS
get_team_points: SUCCESS, 0
add_team: FAILURE
add_team: FAILURE
add_player: SUCCESS
remove_team: FAILURE
buy_team: SUCCESS
add_player: FAILURE
add_player: SUCCESS
add_team: FAILURE
get_player_cards: SUCCESS, 22
get_team_points: SUCCESS, 0
add_player: SUCCESS
add_player: SUCCESS
add_player: SUCCESS
add_player: SUCCESS
get_partial_spirit: FAILURE
add_player: SUCCESS
add_player_cards: SUCCESS
add_player_cards: SUCCESS
add_team: FAILURE
add_player_cards: SUCCESS
num_played_games_for_player: SUCCESS, 22
get_player_cards: SUCCESS, 171
buy_team: SUCCESS
add_player: FAILURE
add_player: SUCCESS
get_team_points: SUCCESS, 0
add_player: SUCCESS
get_player_cards: SUCCESS, 633
add_player: FAILURE
get_team_points: SUCCESS, 0
buy_team: SUCCESS
add_team: FAILURE
play_match: FAILURE
get_team_points: SUCCESS, 0
get_team_points: SUCCESS, 3
add_team: FAILURE
play_match: SUCCESS, 3
get_team_points: SUCCESS, 3
add_player: SUCCESS
add_player: FAILURE
buy_team: SUCCESS
add_player: SUCCESS
add_team: FAILURE
add_player_cards: SUCCESS
get_partial_spirit: SUCCESS, 3,2,4,1,5
add_player: SUCCESS
num_played_games_for_player: SUCCESS, 22
play_match: FAILURE
play_match: FAILURE
num_played_games_for_player: SUCCESS, 22
add_player_cards: SUCCESS
add_player_cards: SUCCESS
play_match: FAILURE
add_player: SUCCESS
get_ith_pointless_ability: SUCCESS, 98
add_player: SUCCESS
add_player: SUCCESS
add_player: SUCCESS
remove_team: FAILURE
buy_team: SUCCESS
add_player: SUCCESS
buy_team: SUCCESS
num_played_games_for_player: SUCCESS, 22
num_played_games_for_player: SUCCESS, 22
buy_team: SUCCESS
add_team: FAILURE
num_played_games_for_player: SUCCESS, 22
add_player: FAILURE
add_team: FAILURE
num_played_games_for_player: SUCCESS, 22
play_match: FAILURE
add_player: SUCCESS
get_player_cards: SUCCESS, 11
remove_team: FAILURE
add_team: FAILURE
num_played_games_for_player: SUCCESS, 22
remove_team: FAILURE
get_team_points: SUCCESS, 0
remove_team: FAILURE
play_match: SUCCESS, 1
add_player_cards: FAILURE
add_player: FAILURE
buy_team: SUCCESS
add_player_cards: SUCCESS
add_team: FAILURE
add_player_cards: SUCCESS
buy_team: SUCCESS
get_player_cards: SUCCESS, 111
add_player: SUCCESS
add_player: SUCCESS
num_played_games_for_player: SUCCESS, 22
add_team: FAILURE
get_partial_spirit: SUCCESS, 1,2,3,4,5
get_partial_spirit: SUCCESS, 1,2,3,4,5
play_match: FAILURE
add_player: SUCCESS
play_match: SUCCESS, 1
num_played_games_for_player: SUCCESS, 22
get_partial_spirit: SUCCESS, 2,5,3,1,4
play_match: FAILURE
play_match: FAILURE
get_partial_spirit: FAILURE
add_player: SUCCESS
get_team_points: SUCCESS, 0
add_player: FAILURE
get_player_cards: SUCCESS, 293
get_ith_pointless_ability: SUCCESS, 16
get_ith_pointless_ability: SUCCESS, 13
get_ith_pointless_ability: SUCCESS, 38
play_match: FAILURE
get_ith_pointless_ability: SUCCESS, 20
add_player_cards: SUCCESS
get_player_cards: SUCCESS, 94
get_team_points: SUCCESS, 0
get_team_points: SUCCESS, 0
num_played_games_for_player: SUCCESS, 22
add_player: FAILURE
add_player: SUCCESS
add_team: FAILURE
play_match: FAILURE
remove_team: FAILURE
buy_team: SUCCESS
play_match: SUCCESS, 1
add_player: SUCCESS
get_partial_spirit: SUCCESS, 5,2,3,4,1
num_played_games_for_player: SUCCESS, 22
add_player: SUCCESS
remove_team: FAILURE
remove_team: FAILURE
play_match: SUCCESS, 3
add_player_cards: SUCCESS
add_player: SUCCESS
num_played_games_for_player: SUCCESS, 22
remove_team: FAILURE
add_player_cards: SUCCESS
add_player: SUCCESS
add_team: FAILURE
num_played_games_for_player: SUCCESS, 22
add_player: FAILURE
add_team: FAILURE
get_partial_spirit: SUCCESS, 3,5,4,2,1
add_player_cards: FAILURE
add_player_cards: SUCCESS
add_team: FAILURE
play_match: SUCCESS, 1
num_played_games_for_player: SUCCESS, 22
add_player: FAILURE
add_team: FAILURE
buy_team: SUCCESS
num_played_games_for_player: SUCCESS, 22
get_partial_spirit: SUCCESS, 1,2,3,4,5
get_team_points: FAILURE
get_ith_pointless_ability: SUCCESS, 64
remove_team: FAILURE
add_player: FAILURE
get_ith_pointless_ability: SUCCESS, 56
add_team: FAILURE
num_played_games_for_player: SUCCESS, 22
get_partial_spirit: FAILURE
add_player: FAILURE
get_ith_pointless_ability: SUCCESS, 88
get_ith_pointless_ability: SUCCESS, 97
add_player_cards: SUCCESS
add_team: FAILURE
add_player: FAILURE
get_player_cards: SUCCESS, 150
play_match: FAILURE
num_played_games_for_player: SUCCESS, 22
add_player: SUCCESS
buy_team: SUCCESS
get_team_points: SUCCESS, 0
get_ith_pointless_ability: SUCCESS, 13
get_ith_pointless_ability: FAILURE
add_team: FAILURE
get_team_points: SUCCESS, 0
add_player: FAILURE
add_player: SUCCESS
remove_team: FAILURE
get_team_points: SUCCESS, 3
get_player_cards: SUCCESS, 288
get_team_points: SUCCESS, 0
play_match: SUCCESS, 3
get_ith_pointless_ability: FAILURE
add_team: FAILURE
get_ith_pointless_ability: SUCCESS, 60
add_player_cards: FAILURE
num_played_games_for_player: SUCCESS, 22
get_ith_pointless_ability: SUCCESS, 88
buy_team: SUCCESS
get_team_points: SUCCESS, 0
play_match: FAILURE
play_match: FAILURE
get_player_cards: SUCCESS, 286
remove_team: FAILURE
remove_team: FAILURE
num_played_games_for_player: SUCCESS, 22
get_team_points: SUCCESS, 3
remove_team: FAILURE
play_match: SUCCESS, 3
buy_team: SUCCESS
get_ith_pointless_ability: SUCCESS, 76
num_played_games_for_player: SUCCESS, 22
add_player: SUCCESS
add_player_cards: SUCCESS
remove_team: FAILURE
add_player: SUCCESS
get_team_points: SUCCESS, 0
get_player_cards: SUCCESS, 193
buy_team: SUCCESS
play_match: SUCCESS, 3
get_partial_spirit: SUCCESS, 2,1,3,4,5
get_partial_spirit: SUCCESS, 2,3,5,4,1
get_ith_pointless_ability: FAILURE
get_ith_pointless_ability: SUCCESS, 68
get_ith_pointless_ability: SUCCESS, 89
buy_team: SUCCESS
remove_team: FAILURE
get_ith_pointless_ability: SUCCESS, 40
add_team: SUCCESS
add_player: SUCCESS
get_team_points: SUCCESS, 0
remove_team: FAILURE
add_player: SUCCESS
get_ith_pointless_ability: FAILURE
get_player_cards: SUCCESS, 297
add_player: FAILURE
remove_team: FAILURE
add_player: SUCCESS
get_ith_pointless_ability: SUCCESS, 34
add_player_cards: SUCCESS
get_ith_pointless_ability: FAILURE
get_player_cards: SUCCESS, 287
add_player: SUCCESS
buy_team: SUCCESS
get_player_cards: SUCCESS, 299
get_ith_pointless_ability: SUCCESS, 10
add_player: FAILURE
add_team: FAILURE
num_played_games_for_player: SUCCESS, 22
get_ith_pointless_ability: SUCCESS, 23
add_player_cards: SUCCESS
add_player: SUCCESS
remove_team: FAILURE
buy_team: SUCCESS
add_player: FAILURE
add_team: FAILURE
buy_team: SUCCESS
add_player: SUCCESS
add_team: FAILURE
add_player: SUCCESS
add_player: SUCCESS
add_player: SUCCESS
num_played_games_for_player: SUCCESS, 22
add_player: FAILURE
add_player: SUCCESS
play_match: SUCCESS, 3
add_team: FAILURE
buy_team: SUCCESS
get_player_cards: SUCCESS, 331
get_ith_pointless_ability: FAILURE
get_player_cards: SUCCESS, 49
get_partial_spirit: SUCCESS, 1,2,3,4,5
play_match: SUCCESS, 3
get_team_points: SUCCESS, 0
buy_team: SUCCESS
add_player: SUCCESS
add_team: FAILURE
get_ith_pointless_ability: SUCCESS, 89
add_player: SUCCESS
get_player_cards: SUCCESS, 68
add_player: FAILURE
get_ith_pointless_ability: SUCCESS, 63
get_ith_pointless_ability: SUCCESS, 38
get_partial_spirit: FAILURE
play_match: SUCCESS, 1
get_team_points: SUCCESS, 0
add_team: FAILURE
get_team_points: SUCCESS, 0
play_match: SUCCESS, 1
add_player: FAILURE
buy_team: SUCCESS
remove_team: FAILURE
num_played_games_for_player: SUCCESS, 22
add_team: FAILURE
get_team_points: SUCCESS, 0
remove_team: FAILURE
buy_team: SUCCESS
add_team: FAILURE
add_team: FAILURE
get_team_points: SUCCESS, 3
add_player: SUCCESS
add_player_cards: SUCCESS
get_player_cards: SUCCESS, 211
add_player_cards: SUCCESS
buy_team: SUCCESS
play_match: FAILURE
add_player: SUCCESS
add_player_cards: SUCCESS
add_team: FAILURE
remove_team: FAILURE
add_player: FAILURE
get_partial_spirit: SUCCESS, 4,5,1,3,2
add_team: FAILURE
add_player_cards: SUCCESS
add_team: FAILURE
num_played_games_for_player: SUCCESS, 22
get_partial_spirit: SUCCESS, 1,2,3,4,5
play_match: FAILURE
add_player_cards: SUCCESS
get_partial_spirit: SUCCESS, 1,3,4,5,2
add_team: FAILURE
get_team_points: SUCCESS, 0
get_ith_pointless_ability: SUCCESS, 31
buy_team: SUCCESS
get_ith_pointless_ability: FAILURE
buy_team: SUCCESS
get_partial_spirit: SUCCESS, 2,3,1,4,5
add_player: FAILURE
get_team_points: SUCCESS, 0
add_player: SUCCESS
add_player_cards: SUCCESS
play_match: FAILURE
buy_team: SUCCESS
add_player: FAILURE
get_ith_pointless_ability: FAILURE
add_player: SUCCESS
add_team: FAILURE
add_player: FAILURE
remove_team: FAILURE
remove_team: FAILURE
get_player_cards: SUCCESS, 265
add_team: FAILURE
play_match: FAILURE
add_team: FAILURE
add_player: SUCCESS
add_player_cards: SUCCESS
remove_team: FAILURE
add_player_cards: FAILURE
add_team: FAILURE
remove_team: FAILURE
add_player: SUCCESS
remove_team: FAILURE
add_player: SUCCESS
add_team: FAILURE
buy_team: SUCCESS
add_player: FAILURE
get_ith_pointless_ability: SUCCESS, 17
add_team: FAILURE
add_player_cards: SUCCESS
get_ith_pointless_ability: SUCCESS, 56
buy_team: SUCCESS
play_match: FAILURE
play_match: FAILURE
buy_team: SUCCESS
add_player: SUCCESS
play_match: SUCCESS, 1
add_player_cards: SUCCESS
add_player: FAILURE
add_team: FAILURE
get_team_points: SUCCESS, 3
get_player_cards: SUCCESS, 146
play_match: SUCCESS, 3
add_player: FAILURE
get_ith_pointless_ability: SUCCESS, 29
add_player: SUCCESS
get_team_points: SUCCESS, 0
add_player: FAILURE
add_player: FAILURE
buy_team: SUCCESS
get_team_points: SUCCESS, 3
add_player: SUCCESS
add_player_cards: SUCCESS
remove_team: FAILURE
remove_team: FAILURE
add_player: SUCCESS
add_player: FAILURE
play_match: FAILURE
get_ith_pointless_ability: SUCCESS, 98
add_player: FAILURE
add_player: SUCCESS
get_player_cards: SUCCESS, 125
get_partial_spirit: SUCCESS, 1,2,3,4,5
play_match: FAILURE
add_player: SUCCESS
get_ith_pointless_ability: FAILURE
num_played_games_for_player: SUCCESS, 22
get_team_points: SUCCESS, 0
get_partial_spirit: SUCCESS, 3,4,5,2,1
buy_team: SUCCESS
get_partial_spirit: SUCCESS, 1,4,3,5,2
get_team_points: SUCCESS, 0
get_ith_pointless_ability: SUCCESS, 17
add_player: SUCCESS
add_player: SUCCESS
add_player: FAILURE
get_team_points: SUCCESS, 3
buy_team: SUCCESS
add_team: FAILURE
play_match: FAILURE
add_player: FAILURE
buy_team: SUCCESS
get_ith_pointless_ability: SUCCESS, 25
get_team_points: SUCCESS, 3
get_ith_pointless_ability: FAILURE
num_played_games_for_player: SUCCESS, 22
buy_team: SUCCESS
get_team_points: SUCCESS, 3
get_partial_spirit: SUCCESS, 2,1,3,4,5
remove_team: FAILURE
get_player_cards: SUCCESS, 150
get_ith_pointless_ability: SUCCESS, 45
add_player: FAILURE
buy_team: SUCCESS
get_player_cards: SUCCESS, 77
get_partial_spirit: SUCCESS, 3,4,5,2,1
get_partial_spirit: SUCCESS, 2,4,1,5,3
num_played_games_for_player: SUCCESS, 22
remove_team: FAILURE
add_player: SUCCESS
buy_team: SUCCESS
get_partial_spirit: SUCCESS, 4,3,2,5,1
remove_team: FAILURE
add_player: SUCCESS
num_played_games_for_player: SUCCESS, 22
get_partial_spirit: SUCCESS, 2,3,4,5,1
buy_team: SUCCESS
buy_team: SUCCESS
play_match: FAILURE
play_match: FAILURE
get_partial_spirit: SUCCESS, 2,5,3,1,4
get_team_points: FAILURE
get_ith_pointless_ability: SUCCESS, 65
get_team_points: SUCCESS, 6
add_player: SUCCESS
remove_team: FAILURE
num_played_games_for_player: SUCCESS, 22
play_match: FAILURE
buy_team: SUCCESS
get_team_points: FAILURE
buy_team: SUCCESS
add_player: SUCCESS
get_ith_pointless_ability: SUCCESS, 22
get_partial_spirit: FAILURE
add_player: SUCCESS
get_team_points: SUCCESS, 0
buy_team: SUCCESS
add_team: FAILURE
add_player: FAILURE
add_team: FAILURE
play_match: FAILURE
add_player_cards: SUCCESS
add_player: FAILURE
num_played_games_for_player: SUCCESS, 22
add_team: FAILURE
add_team: FAILURE
add_player: SUCCESS
remove_team: FAILURE
get_ith_pointless_ability: SUCCESS, 73
remove_team: FAILURE
add_player: FAILURE
get_ith_pointless_ability: SUCCESS, 46
add_team: FAILURE
add_team: FAILURE
add_team: FAILURE
num_played_games_for_player: SUCCESS, 22
add_player: FAILURE
buy_team: SUCCESS
add_player_cards: SUCCESS
add_player: SUCCESS
get_player_cards: SUCCESS, 201
add_team: FAILURE
get_ith_pointless_ability: SUCCESS, 55
get_ith_pointless_ability: SUCCESS, 46
add_player: SUCCESS
buy_team: SUCCESS
get_ith_pointless_ability: SUCCESS, 97
add_player: FAILURE
get_team_points: SUCCESS, 3
get_ith_pointless_ability: FAILURE
add_player_cards: FAILURE
num_played_games_for_player: SUCCESS, 22
get_partial_spirit: SUCCESS, 2,5,3,1,4
remove_team: FAILURE
add_player: SUCCESS
get_ith_pointless_ability: SUCCESS, 38
add_team: FAILURE
get_partial_spirit: FAILURE
get_partial_spirit: FAILURE
get_partial_spirit: SUCCESS, 3,1,5,4,2
num_played_games_for_player: SUCCESS, 22
get_ith_pointless_ability: SUCCESS, 45
get_team_points: SUCCESS, 6
get_ith_pointless_ability: SUCCESS, 28
add_player: FAILURE
add_team: FAILURE
get_ith_pointless_ability: SUCCESS, 73
num_played_games_for_player: SUCCESS, 22
remove_team: FAILURE
remove_team: FAILURE
remove_team: FAILURE
get_player_cards: SUCCESS, 43
add_player: FAILURE
get_player_cards: SUCCESS, 49
add_team: FAILURE
play_match: FAILURE
buy_team: SUCCESS
get_team_points: SUCCESS, 0
add_player: SUCCESS
add_player: FAILURE
get_ith_pointless_ability: SUCCESS, 31
get_team_points: SUCCESS, 3
add_team: FAILURE
add_player_cards: SUCCESS
add_player: SUCCESS
get_ith_pointless_ability: SUCCESS, 45
buy_team: SUCCESS
get_partial_spirit: FAILURE
num_played_games_for_player: SUCCESS, 22
add_team: FAILURE
add_player: FAILURE
get_team_points: FAILURE
remove_team: FAILURE
buy_team: SUCCESS
num_played_games_for_player: SUCCESS, 22
remove_team: FAILURE
num_played_games_for_player: SUCCESS, 22
get_player_cards: SUCCESS, 12
get_ith_pointless_ability: SUCCESS, 32
get_partial_spirit: SUCCESS, 3,4,5,2,1
add_player: FAILURE
add_team: FAILURE
add_player: FAILURE
add_player: SUCCESS
buy_team: SUCCESS
get_team_points: FAILURE
play_match: SUCCESS, 1
remove_team: FAILURE
num_played_games_for_player: SUCCESS, 22
get_ith_pointless_ability: FAILURE
remove_team: FAILURE
get_ith_pointless_ability: SUCCESS, 34
buy_team: SUCCESS
play_match: SUCCESS, 3
get_partial_spirit: SUCCESS, 5,4,3,1,2
get_team_points: SUCCESS, 0
add_player: SUCCESS
get_partial_spirit: SUCCESS, 3,1,2,5,4
add_player: FAILURE
buy_team: SUCCESS
num_played_games_for_player: SUCCESS, 22
add_player_cards: SUCCESS
add_player_cards: SUCCESS
