add_team: SUCCESS
add_team: SUCCESS
add_team: SUCCESS
add_team: SUCCESS
add_team: SUCCESS
add_team: SUCCESS
add_team: SUCCESS
add_team: SUCCESS
add_team: SUCCESS
add_team: SUCCESS
add_team: SUCCESS
add_team: SUCCESS
add_team: SUCCESS
add_team: SUCCESS
add_team: SUCCESS
add_team: SUCCESS
add_team: SUCCESS
add_team: SUCCESS
add_team: SUCCESS
add_team: SUCCESS
add_team: SUCCESS
add_team: SUCCESS
add_team: SUCCESS
add_team: SUCCESS
add_team: SUCCESS
add_team: SUCCESS
add_team: SUCCESS
add_team: SUCCESS
add_team: SUCCESS
add_team: SUCCESS
add_team: SUCCESS
add_team: SUCCESS
add_team: SUCCESS
add_team: SUCCESS
add_team: SUCCESS
add_team: SUCCESS
add_team: SUCCESS
add_team: SUCCESS
add_team: SUCCESS
add_team: SUCCESS
add_team: SUCCESS
add_team: SUCCESS
add_team: SUCCESS
add_team: SUCCESS
add_team: SUCCESS
add_team: SUCCESS
add_team: SUCCESS
add_team: SUCCESS
add_team: SUCCESS
add_team: SUCCESS
add_team: SUCCESS
add_team: SUCCESS
add_team: SUCCESS
add_team: SUCCESS
add_team: SUCCESS
add_team: SUCCESS
add_team: SUCCESS
add_team: SUCCESS
add_team: SUCCESS
add_team: SUCCESS
add_team: SUCCESS
add_team: SUCCESS
add_team: SUCCESS
add_team: SUCCESS
add_team: SUCCESS
add_team: SUCCESS
add_team: SUCCESS
add_team: SUCCESS
add_team: SUCCESS
add_team: SUCCESS
add_team: SUCCESS
add_team: SUCCESS
add_team: SUCCESS
add_team: SUCCESS
add_team: SUCCESS
add_team: SUCCESS
add_team: SUCCESS
add_team: SUCCESS
add_team: SUCCESS
add_team: SUCCESS
add_team: SUCCESS
add_team: SUCCESS
add_team: SUCCESS
add_team: SUCCESS
add_team: SUCCESS
add_team: SUCCESS
add_team: SUCCESS
add_team: SUCCESS
add_team: SUCCESS
add_team: SUCCESS
add_team: SUCCESS
add_team: SUCCESS
add_team: SUCCESS
add_team: SUCCESS
add_team: SUCCESS
add_team: SUCCESS
add_team: SUCCESS
add_team: SUCCESS
add_team: SUCCESS
add_team: SUCCESS
add_player: SUCCESS
add_player: SUCCESS
add_player: SUCCESS
add_player: SUCCESS
add_player: SUCCESS
add_player: SUCCESS
add_player: SUCCESS
add_player: SUCCESS
add_player: SUCCESS
add_player: SUCCESS
add_player: SUCCESS
add_player: SUCCESS
add_player: SUCCESS
add_player: SUCCESS
add_player: SUCCESS
add_player: SUCCESS
add_player: SUCCESS
add_player: SUCCESS
add_player: SUCCESS
add_player: SUCCESS
add_player: SUCCESS
add_player: SUCCESS
add_player: SUCCESS
add_player: SUCCESS
add_player: SUCCESS
add_player: SUCCESS
add_player: SUCCESS
add_player: SUCCESS
add_player: SUCCESS
add_player: SUCCESS
add_player: SUCCESS
add_player: SUCCESS
add_player: SUCCESS
add_player: SUCCESS
add_player: SUCCESS
add_player: SUCCESS
add_player: SUCCESS
add_player: SUCCESS
add_player: SUCCESS
add_player: SUCCESS
add_player: SUCCESS
add_player: SUCCESS
add_player: SUCCESS
add_player: SUCCESS
add_player: SUCCESS
add_player: SUCCESS
add_player: SUCCESS
add_player: SUCCESS
add_player: SUCCESS
add_player: SUCCESS
add_player: SUCCESS
add_player: SUCCESS
add_player: SUCCESS
add_player: SUCCESS
add_player: SUCCESS
add_player: SUCCESS
add_player: SUCCESS
add_player: SUCCESS
add_player: SUCCESS
add_player: SUCCESS
add_player: SUCCESS
add_player: SUCCESS
add_player: SUCCESS
add_player: SUCCESS
add_player: SUCCESS
add_player: SUCCESS
add_player: SUCCESS
add_player: SUCCESS
add_player: SUCCESS
add_player: SUCCESS
add_player: SUCCESS
add_player: SUCCESS
add_player: SUCCESS
add_player: SUCCESS
add_player: SUCCESS
add_player: SUCCESS
add_player: SUCCESS
add_player: SUCCESS
add_player: SUCCESS
add_player: SUCCESS
add_player: SUCCESS
add_player: SUCCESS
add_player: SUCCESS
add_player: SUCCESS
add_player: SUCCESS
add_player: SUCCESS
add_player: SUCCESS
add_player: SUCCESS
add_player: SUCCESS
add_player: SUCCESS
add_player: SUCCESS
add_player: SUCCESS
add_player: SUCCESS
add_player: SUCCESS
add_player: SUCCESS
add_player: SUCCESS
add_player: SUCCESS
add_player: SUCCESS
add_player: SUCCESS
add_player: SUCCESS
add_player: SUCCESS
play_match: SUCCESS, 1
buy_team: SUCCESS
num_played_games_for_player: SUCCESS, 22
num_played_games_for_player: SUCCESS, 22
play_match: FAILURE
add_player: SUCCESS
add_player: SUCCESS
buy_team: SUCCESS
get_player_cards: SUCCESS, 285
add_player: SUCCESS
get_player_cards: SUCCESS, 49
get_ith_pointless_ability: FAILURE
remove_team: FAILURE
get_partial_spirit: SUCCESS, 1,2,3,4,5
get_player_cards: SUCCESS, 84
add_player_cards: SUCCESS
get_ith_pointless_ability: SUCCESS, 25
add_team: SUCCESS
num_played_games_for_player: SUCCESS, 22
get_team_points: SUCCESS, 0
add_player_cards: SUCCESS
add_player: SUCCESS
add_player_cards: SUCCESS
remove_team: FAILURE
add_player: SUCCESS
add_player_cards: SUCCESS
get_ith_pointless_ability: SUCCESS, 54
add_player: SUCCESS
play_match: SUCCESS, 1
get_ith_pointless_ability: SUCCESS, 13
get_partial_spirit: SUCCESS, 5,2,3,4,1
add_player: SUCCESS
buy_team: SUCCESS
add_team: FAILURE
get_player_cards: SUCCESS, 220
get_ith_pointless_ability: FAILURE
add_player_cards: SUCCESS
add_player: SUCCESS
get_team_points: SUCCESS, 0
buy_team: SUCCESS
remove_team: FAILURE
get_player_cards: SUCCESS, 215
get_player_cards: SUCCESS, 211
add_player: SUCCESS
add_player: SUCCESS
add_team: SUCCESS
add_team: FAILURE
add_team: FAILURE
add_player: SUCCESS
remove_team: FAILURE
get_partial_spirit: SUCCESS, 1,2,3,4,5
add_player: SUCCESS
add_player_cards: SUCCESS
add_player: SUCCESS
add_player: SUCCESS
buy_team: SUCCESS
play_match: FAILURE
get_partial_spirit: SUCCESS, 1,2,3,4,5
get_partial_spirit: SUCCESS, 1,2,3,4,5
get_partial_spirit: SUCCESS, 1,2,3,4,5
num_played_games_for_player: SUCCESS, 22
num_played_games_for_player: SUCCESS, 22
remove_team: FAILURE
add_team: FAILURE
add_player: SUCCESS
get_partial_spirit: SUCCESS, 1,2,3,4,5
remove_team: FAILURE
get_partial_spirit: SUCCESS, 3,5,2,4,1
get_ith_pointless_ability: FAILURE
get_ith_pointless_ability: FAILURE
play_match: SUCCESS, 1
add_player: SUCCESS
get_ith_pointless_ability: SUCCESS, 73
get_player_cards: SUCCESS, 44
add_player: SUCCESS
add_team: FAILURE
add_team: FAILURE
get_team_points: FAILURE
num_played_games_for_player: SUCCESS, 22
get_ith_pointless_ability: FAILURE
add_team: FAILURE
buy_team: SUCCESS
add_player_cards: SUCCESS
add_player: SUCCESS
get_player_cards: SUCCESS, 501
add_team: FAILURE
add_player: SUCCESS
get_player_cards: SUCCESS, 58
num_played_games_for_player: SUCCESS, 22
add_player: SUCCESS
add_player_cards: SUCCESS
play_match: FAILURE
get_ith_pointless_ability: SUCCESS, 35
get_partial_spirit: SUCCESS, 3,4,5,1,2
get_player_cards: SUCCESS, 177
play_match: SUCCESS, 1
get_partial_spirit: SUCCESS, 1,2,3,4,5
get_partial_spirit: SUCCESS, 1,2,3,4,5
remove_team: FAILURE
add_player_cards: SUCCESS
add_player_cards: SUCCESS
add_player: SUCCESS
remove_team: FAILURE
num_played_games_for_player: SUCCESS, 22
add_player: SUCCESS
buy_team: SUCCESS
add_player_cards: SUCCESS
add_player: SUCCESS
get_ith_pointless_ability: FAILURE
get_player_cards: SUCCESS, 139
buy_team: SUCCESS
add_player_cards: SUCCESS
add_player: SUCCESS
get_team_points: SUCCESS, 0
add_team: FAILURE
play_match: FAILURE
num_played_games_for_player: SUCCESS, 22
add_player_cards: SUCCESS
get_ith_pointless_ability: SUCCESS, 62
add_player_cards: SUCCESS
get_player_cards: SUCCESS, 40
add_team: FAILURE
add_player_cards: SUCCESS
get_partial_spirit: SUCCESS, 5,1,3,4,2
remove_team: FAILURE
add_player: SUCCESS
add_player: SUCCESS
get_player_cards: SUCCESS, 254
get_ith_pointless_ability: SUCCESS, 75
get_player_cards: SUCCESS, 269
add_player_cards: SUCCESS
num_played_games_for_player: SUCCESS, 22
buy_team: SUCCESS
get_partial_spirit: SUCCESS, 1,2,3,4,5
add_player: SUCCESS
get_ith_pointless_ability: FAILURE
add_player_cards: SUCCESS
get_partial_spirit: SUCCESS, 1,2,3,4,5
add_player: SUCCESS
add_player: SUCCESS
play_match: FAILURE
add_player: SUCCESS
get_partial_spirit: SUCCESS, 5,2,4,1,3
get_team_points: SUCCESS, 0
add_player: SUCCESS
add_player: FAILURE
add_team: FAILURE
add_player: SUCCESS
remove_team: FAILURE
get_partial_spirit: SUCCESS, 1,2,3,4,5
get_partial_spirit: SUCCESS, 1,2,3,4,5
add_player: SUCCESS
get_player_cards: SUCCESS, 286
get_team_points: SUCCESS, 0
get_player_cards: SUCCESS, 127
add_player: FAILURE
play_match: FAILURE
add_team: FAILURE
get_team_points: SUCCESS, 3
add_player: SUCCESS
add_player: SUCCESS
add_player: SUCCESS
add_team: FAILURE
add_team: FAILURE
add_team: FAILURE
add_team: FAILURE
add_team: FAILURE
get_player_cards: SUCCESS, 58
get_player_cards: SUCCESS, 273
get_partial_spirit: SUCCESS, 1,2,3,4,5
add_player: SUCCESS
buy_team: SUCCESS
buy_team: SUCCESS
play_match: FAILURE
buy_team: SUCCESS
get_ith_pointless_ability: FAILURE
play_match: FAILURE
remove_team: FAILURE
add_player_cards: SUCCESS
add_player: SUCCESS
get_player_cards: SUCCESS, 501
add_team: FAILURE
get_player_cards: SUCCESS, 199
get_ith_pointless_ability: FAILURE
add_team: FAILURE
add_player: SUCCESS
num_played_games_for_player: SUCCESS, 22
num_played_games_for_player: SUCCESS, 22
add_player: SUCCESS
buy_team: SUCCESS
get_player_cards: SUCCESS, 288
add_player: SUCCESS
play_match: FAILURE
get_player_cards: SUCCESS, 243
play_match: SUCCESS, 3
add_player_cards: SUCCESS
get_player_cards: SUCCESS, 143
add_player: SUCCESS
get_partial_spirit: SUCCESS, 1,2,3,4,5
add_player: SUCCESS
num_played_games_for_player: SUCCESS, 22
add_player: FAILURE
get_partial_spirit: SUCCESS, 1,2,5,4,3
add_player: SUCCESS
get_ith_pointless_ability: FAILURE
get_player_cards: SUCCESS, 33
get_partial_spirit: SUCCESS, 1,2,3,4,5
get_ith_pointless_ability: FAILURE
add_player_cards: SUCCESS
add_player: SUCCESS
get_ith_pointless_ability: FAILURE
add_player: SUCCESS
buy_team: SUCCESS
add_player_cards: SUCCESS
get_player_cards: SUCCESS, 42
get_team_points: SUCCESS, 0
remove_team: FAILURE
get_team_points: SUCCESS, 0
get_player_cards: SUCCESS, 136
add_player: SUCCESS
get_player_cards: SUCCESS, 207
get_ith_pointless_ability: SUCCESS, 47
get_team_points: SUCCESS, 0
add_player: FAILURE
add_player: SUCCESS
add_player: SUCCESS
add_player: SUCCESS
get_player_cards: SUCCESS, 290
buy_team: SUCCESS
add_team: FAILURE
num_played_games_for_player: SUCCESS, 22
buy_team: SUCCESS
add_player: FAILURE
add_player: SUCCESS
get_partial_spirit: SUCCESS, 1,2,3,4,5
get_ith_pointless_ability: FAILURE
add_team: FAILURE
add_player: SUCCESS
add_player: SUCCESS
add_player: SUCCESS
get_ith_pointless_ability: SUCCESS, 87
get_player_cards: SUCCESS, 192
get_partial_spirit: SUCCESS, 1,2,3,4,5
get_partial_spirit: SUCCESS, 1,2,3,4,5
get_team_points: SUCCESS, 0
get_team_points: SUCCESS, 0
add_player: SUCCESS
get_team_points: SUCCESS, 0
add_player: FAILURE
add_player: SUCCESS
play_match: FAILURE
get_player_cards: SUCCESS, 287
get_team_points: SUCCESS, 0
add_team: FAILURE
play_match: SUCCESS, 3
add_team: FAILURE
get_ith_pointless_ability: SUCCESS, 66
get_ith_pointless_ability: SUCCESS, 93
buy_team: SUCCESS
play_match: FAILURE
add_player_cards: SUCCESS
get_partial_spirit: SUCCESS, 1,2,3,4,5
get_team_points: SUCCESS, 0
play_match: FAILURE
buy_team: SUCCESS
add_team: FAILURE
add_player: SUCCESS
remove_team: FAILURE
add_player: SUCCESS
buy_team: SUCCESS
get_partial_spirit: SUCCESS, 1,2,3,4,5
get_team_points: SUCCESS, 0
add_player: FAILURE
add_player: SUCCESS
buy_team: SUCCESS
get_partial_spirit: SUCCESS, 3,4,5,1,2
add_player: SUCCESS
get_team_points: SUCCESS, 0
add_team: FAILURE
add_player: FAILURE
get_partial_spirit: SUCCESS, 1,2,3,4,5
add_team: FAILURE
get_ith_pointless_ability: FAILURE
num_played_games_for_player: SUCCESS, 22
get_team_points: SUCCESS, 0
add_player_cards: SUCCESS
add_player: FAILURE
buy_team: SUCCESS
get_ith_pointless_ability: FAILURE
remove_team: FAILURE
get_partial_spirit: SUCCESS, 1,5,2,3,4
play_match: SUCCESS, 1
add_player_cards: SUCCESS
add_player: SUCCESS
get_ith_pointless_ability: FAILURE
add_player: SUCCESS
get_player_cards: SUCCESS, 155
get_ith_pointless_ability: FAILURE
add_player: SUCCESS
get_partial_spirit: SUCCESS, 5,3,4,1,2
add_player: SUCCESS
play_match: FAILURE
play_match: FAILURE
num_played_games_for_player: SUCCESS, 22
remove_team: FAILURE
buy_team: SUCCESS
add_team: FAILURE
add_team: FAILURE
remove_team: FAILURE
num_played_games_for_player: SUCCESS, 22
buy_team: SUCCESS
add_player: FAILURE
add_team: FAILURE
add_player: SUCCESS
buy_team: SUCCESS
get_ith_pointless_ability: SUCCESS, 24
get_ith_pointless_ability: SUCCESS, 51
buy_team: SUCCESS
num_played_games_for_player: SUCCESS, 22
get_player_cards: SUCCESS, 60
get_ith_pointless_ability: SUCCESS, 25
get_player_cards: SUCCESS, 96
add_player: SUCCESS
play_match: SUCCESS, 1
buy_team: SUCCESS
remove_team: FAILURE
get_player_cards: SUCCESS, 91
remove_team: FAILURE
add_team: FAILURE
add_team: FAILURE
remove_team: FAILURE
add_team: FAILURE
play_match: SUCCESS, 1
get_ith_pointless_ability: SUCCESS, 50
get_partial_spirit: SUCCESS, 5,1,3,4,2
add_player: SUCCESS
get_player_cards: SUCCESS, 191
add_player: FAILURE
get_player_cards: SUCCESS, 335
add_player: FAILURE
get_team_points: SUCCESS, 0
add_player: FAILURE
play_match: FAILURE
remove_team: FAILURE
num_played_games_for_player: SUCCESS, 22
add_team: FAILURE
add_player: SUCCESS
get_ith_pointless_ability: SUCCESS, 81
add_player_cards: FAILURE
get_player_cards: SUCCESS, 273
add_player: FAILURE
get_partial_spirit: SUCCESS, 1,2,3,4,5
buy_team: SUCCESS
get_partial_spirit: SUCCESS, 1,2,3,4,5
add_player_cards: SUCCESS
buy_team: SUCCESS
add_team: FAILURE
add_player: SUCCESS
add_team: FAILURE
get_player_cards: SUCCESS, 300
get_ith_pointless_ability: SUCCESS, 37
play_match: FAILURE
add_team: FAILURE
add_player: SUCCESS
get_partial_spirit: FAILURE
num_played_games_for_player: SUCCESS, 22
add_player: SUCCESS
get_team_points: SUCCESS, 3
num_played_games_for_player: SUCCESS, 22
get_ith_pointless_ability: SUCCESS, 3
get_player_cards: SUCCESS, 130
add_player: SUCCESS
add_player: SUCCESS
add_player: SUCCESS
buy_team: SUCCESS
get_player_cards: SUCCESS, 240
get_team_points: SUCCESS, 0
add_team: FAILURE
add_player: SUCCESS
add_player: FAILURE
play_match: SUCCESS, 1
add_player_cards: SUCCESS
get_player_cards: SUCCESS, 353
play_match: SUCCESS, 1
get_team_points: SUCCESS, 0
add_team: FAILURE
get_ith_pointless_ability: FAILURE
add_player_cards: SUCCESS
add_team: FAILURE
add_team: FAILURE
add_player: SUCCESS
get_team_points: SUCCESS, 0
get_player_cards: SUCCESS, 236
get_player_cards: SUCCESS, 119
add_player_cards: SUCCESS
remove_team: FAILURE
add_team: FAILURE
add_player: SUCCESS
get_ith_pointless_ability: SUCCESS, 37
get_partial_spirit: SUCCESS, 1,2,3,4,5
remove_team: FAILURE
add_player_cards: SUCCESS
play_match: FAILURE
play_match: SUCCESS, 3
add_player: SUCCESS
get_team_points: SUCCESS, 0
buy_team: SUCCESS
play_match: SUCCESS, 1
get_partial_spirit: SUCCESS, 1,2,3,4,5
buy_team: SUCCESS
get_partial_spirit: SUCCESS, 1,2,3,4,5
play_match: SUCCESS, 3
num_played_games_for_player: SUCCESS, 22
get_team_points: SUCCESS, 0
get_team_points: SUCCESS, 0
add_player: FAILURE
buy_team: SUCCESS
add_player_cards: SUCCESS
num_played_games_for_player: SUCCESS, 22
remove_team: FAILURE
num_played_games_for_player: SUCCESS, 22
get_ith_pointless_ability: SUCCESS, 36
remove_team: FAILURE
get_partial_spirit: SUCCESS, 1,2,3,4,5
get_partial_spirit: FAILURE
get_partial_spirit: SUCCESS, 1,2,3,4,5
add_team: FAILURE
add_player: SUCCESS
num_played_games_for_player: SUCCESS, 22
add_player: SUCCESS
num_played_games_for_player: SUCCESS, 22
add_player: SUCCESS
get_ith_pointless_ability: SUCCESS, 53
play_match: SUCCESS, 3
add_player: FAILURE
add_player: SUCCESS
num_played_games_for_player: SUCCESS, 22
add_player_cards: SUCCESS
get_team_points: SUCCESS, 0
add_player: SUCCESS
get_partial_spirit: SUCCESS, 4,1,5,3,2
get_team_points: SUCCESS, 0
play_match: FAILURE
add_player: SUCCESS
add_player_cards: SUCCESS
get_team_points: FAILURE
get_team_points: FAILURE
play_match: FAILURE
add_player: SUCCESS
num_played_games_for_player: SUCCESS, 22
add_player: FAILURE
buy_team: SUCCESS
buy_team: SUCCESS
add_player: SUCCESS
add_team: FAILURE
add_player: FAILURE
add_team: FAILURE
play_match: SUCCESS, 3
add_team: FAILURE
add_player_cards: SUCCESS
buy_team: SUCCESS
get_team_points: SUCCESS, 0
add_team: FAILURE
add_team: FAILURE
get_ith_pointless_ability: SUCCESS, 26
add_player: FAILURE
num_played_games_for_player: SUCCESS, 22
play_match: FAILURE
add_player: SUCCESS
get_ith_pointless_ability: FAILURE
add_team: FAILURE
add_player: SUCCESS
add_team: FAILURE
add_player: SUCCESS
remove_team: FAILURE
play_match: FAILURE
add_player: SUCCESS
add_team: FAILURE
add_team: FAILURE
remove_team: FAILURE
add_player: FAILURE
get_partial_spirit: SUCCESS, 2,3,1,4,5
num_played_games_for_player: SUCCESS, 22
add_player: FAILURE
get_team_points: SUCCESS, 0
play_match: FAILURE
add_player: FAILURE
play_match: SUCCESS, 3
get_partial_spirit: SUCCESS, 2,1,3,4,5
num_played_games_for_player: SUCCESS, 22
get_player_cards: SUCCESS, 77
get_partial_spirit: SUCCESS, 1,2,3,4,5
get_player_cards: SUCCESS, 236
buy_team: SUCCESS
play_match: SUCCESS, 1
add_player_cards: SUCCESS
add_player: SUCCESS
buy_team: SUCCESS
get_player_cards: SUCCESS, 267
remove_team: FAILURE
buy_team: SUCCESS
get_partial_spirit: SUCCESS, 1,4,5,3,2
play_match: FAILURE
add_team: FAILURE
add_team: FAILURE
get_partial_spirit: SUCCESS, 1,2,3,4,5
get_ith_pointless_ability: SUCCESS, 51
get_player_cards: SUCCESS, 67
num_played_games_for_player: SUCCESS, 22
get_team_points: SUCCESS, 0
remove_team: FAILURE
remove_team: FAILURE
get_player_cards: SUCCESS, 60
play_match: FAILURE
get_team_points: SUCCESS, 0
add_player: SUCCESS
add_team: FAILURE
buy_team: SUCCESS
add_player: SUCCESS
add_player: SUCCESS
add_player_cards: SUCCESS
buy_team: SUCCESS
get_team_points: SUCCESS, 0
get_partial_spirit: SUCCESS, 3,5,1,2,4
get_partial_spirit: SUCCESS, 4,2,1,3,5
buy_team: SUCCESS
get_partial_spirit: SUCCESS, 1,2,3,4,5
get_player_cards: SUCCESS, 141
add_player: SUCCESS
get_team_points: SUCCESS, 0
add_team: FAILURE
get_partial_spirit: SUCCESS, 5,4,3,2,1
play_match: FAILURE
add_team: FAILURE
add_team: FAILURE
buy_team: SUCCESS
get_player_cards: SUCCESS, 125
add_player: SUCCESS
add_player_cards: SUCCESS
add_player: SUCCESS
get_ith_pointless_ability: SUCCESS, 26
add_player_cards: SUCCESS
buy_team: SUCCESS
play_match: FAILURE
add_team: FAILURE
add_player: FAILURE
add_player: SUCCESS
buy_team: SUCCESS
get_player_cards: SUCCESS, 180
remove_team: FAILURE
buy_team: SUCCESS
buy_team: SUCCESS
remove_team: FAILURE
buy_team: SUCCESS
get_ith_pointless_ability: SUCCESS, 99
get_player_cards: SUCCESS, 387
add_player: FAILURE
add_player_cards: SUCCESS
get_ith_pointless_ability: SUCCESS, 7
get_partial_spirit: SUCCESS, 1,2,3,4,5
play_match: FAILURE
add_player_cards: SUCCESS
get_ith_pointless_ability: FAILURE
add_player_cards: SUCCESS
add_team: FAILURE
add_player: FAILURE
add_player: SUCCESS
play_match: FAILURE
get_player_cards: SUCCESS, 155
add_player: SUCCESS
remove_team: FAILURE
num_played_games_for_player: SUCCESS, 22
remove_team: FAILURE
add_player: FAILURE
num_played_games_for_player: SUCCESS, 22
add_team: FAILURE
play_match: SUCCESS, 1
add_player: SUCCESS
get_ith_pointless_ability: SUCCESS, 5
add_player: FAILURE
get_ith_pointless_ability: SUCCESS, 99
add_player: SUCCESS
get_team_points: SUCCESS, 0
get_partial_spirit: FAILURE
play_match: FAILURE
get_ith_pointless_ability: SUCCESS, 98
add_team: FAILURE
add_player_cards: SUCCESS
add_player_cards: SUCCESS
play_match: SUCCESS, 3
buy_team: SUCCESS
add_player_cards: SUCCESS
buy_team: SUCCESS
get_team_points: SUCCESS, 0
get_partial_spirit: SUCCESS, 2,5,4,3,1
add_player_cards: SUCCESS
buy_team: SUCCESS
get_team_points: SUCCESS, 3
get_ith_pointless_ability: SUCCESS, 66
get_team_points: FAILURE
add_player: FAILURE
add_player_cards: SUCCESS
play_match: SUCCESS, 1
add_player: SUCCESS
get_partial_spirit: SUCCESS, 2,1,3,5,4
get_player_cards: SUCCESS, 137
add_team: FAILURE
get_partial_spirit: SUCCESS, 1,2,3,4,5
add_player_cards: SUCCESS
add_player: SUCCESS
add_player: SUCCESS
add_player: FAILURE
get_player_cards: SUCCESS, 145
add_player: SUCCESS
buy_team: SUCCESS
add_team: FAILURE
add_team: FAILURE
get_player_cards: SUCCESS, 196
get_player_cards: SUCCESS, 58
get_team_points: SUCCESS, 0
get_team_points: FAILURE
get_team_points: SUCCESS, 0
num_played_games_for_player: SUCCESS, 22
add_player: FAILURE
add_player_cards: SUCCESS
get_player_cards: SUCCESS, 244
remove_team: FAILURE
num_played_games_for_player: SUCCESS, 22
num_played_games_for_player: SUCCESS, 22
get_player_cards: SUCCESS, 232
play_match: FAILURE
add_player: SUCCESS
add_player: FAILURE
num_played_games_for_player: SUCCESS, 22
get_player_cards: SUCCESS, 136
num_played_games_for_player: SUCCESS, 22
add_player: FAILURE
add_player: FAILURE
get_player_cards: SUCCESS, 255
play_match: FAILURE
get_team_points: SUCCESS, 3
add_team: FAILURE
add_team: FAILURE
num_played_games_for_player: SUCCESS, 22
add_team: FAILURE
get_team_points: SUCCESS, 0
buy_team: SUCCESS
remove_team: FAILURE
add_player_cards: SUCCESS
add_team: FAILURE
buy_team: SUCCESS
remove_team: FAILURE
get_team_points: SUCCESS, 3
get_player_cards: SUCCESS, 164
buy_team: SUCCESS
add_player: FAILURE
add_player: SUCCESS
num_played_games_for_player: SUCCESS, 22
add_player: SUCCESS
buy_team: SUCCESS
get_partial_spirit: SUCCESS, 1,2,3,4,5
get_player_cards: SUCCESS, 130
add_player: SUCCESS
add_player: SUCCESS
add_player: SUCCESS
num_played_games_for_player: SUCCESS, 22
add_player_cards: SUCCESS
get_ith_pointless_ability: SUCCESS, 1
get_player_cards: SUCCESS, 150
add_player: SUCCESS
add_player: SUCCESS
play_match: SUCCESS, 3
add_player_cards: SUCCESS
add_player: SUCCESS
get_partial_spirit: SUCCESS, 1,2,3,4,5
buy_team: SUCCESS
get_partial_spirit: SUCCESS, 1,2,3,4,5
get_player_cards: SUCCESS, 232
num_played_games_for_player: SUCCESS, 22
get_player_cards: SUCCESS, 557
add_player: FAILURE
get_team_points: SUCCESS, 0
add_player: SUCCESS
remove_team: FAILURE
get_team_points: SUCCESS, 0
add_player_cards: SUCCESS
get_player_cards: SUCCESS, 192
buy_team: SUCCESS
add_team: FAILURE
play_match: FAILURE
add_player_cards: SUCCESS
add_team: FAILURE
get_partial_spirit: SUCCESS, 1,2,3,4,5
add_team: FAILURE
get_ith_pointless_ability: SUCCESS, 94
remove_team: FAILURE
add_player: FAILURE
add_team: FAILURE
get_partial_spirit: SUCCESS, 2,3,1,5,4
add_team: FAILURE
add_player: SUCCESS
num_played_games_for_player: SUCCESS, 22
get_player_cards: SUCCESS, 212
add_team: FAILURE
remove_team: FAILURE
remove_team: FAILURE
add_player: SUCCESS
add_player: SUCCESS
add_player_cards: SUCCESS
num_played_games_for_player: SUCCESS, 22
get_partial_spirit: SUCCESS, 2,1,3,5,4
add_player: FAILURE
add_team: FAILURE
add_player: FAILURE
num_played_games_for_player: SUCCESS, 22
remove_team: FAILURE
get_ith_pointless_ability: SUCCESS, 20
play_match: FAILURE
remove_team: FAILURE
get_team_points: FAILURE
buy_team: SUCCESS
buy_team: SUCCESS
add_player: SUCCESS
get_ith_pointless_ability: SUCCESS, 46
add_player: SUCCESS
add_player: FAILURE
add_player: FAILURE
add_player: FAILURE
remove_team: FAILURE
add_player_cards: FAILURE
play_match: FAILURE
add_player: SUCCESS
get_team_points: SUCCESS, 3
remove_team: FAILURE
add_player: FAILURE
add_team: FAILURE
remove_team: FAILURE
buy_team: SUCCESS
add_player: SUCCESS
get_player_cards: SUCCESS, 249
play_match: SUCCESS, 3
buy_team: SUCCESS
get_ith_pointless_ability: SUCCESS, 43
get_player_cards: SUCCESS, 190
play_match: FAILURE
get_player_cards: SUCCESS, 292
get_partial_spirit: SUCCESS, 1,2,3,4,5
get_player_cards: SUCCESS, 247
get_team_points: SUCCESS, 0
add_player: FAILURE
get_ith_pointless_ability: SUCCESS, 44
add_player: SUCCESS
num_played_games_for_player: SUCCESS, 22
get_ith_pointless_ability: SUCCESS, 86
get_team_points: SUCCESS, 0
buy_team: SUCCESS
play_match: FAILURE
remove_team: FAILURE
get_partial_spirit: SUCCESS, 2,5,1,4,3
add_team: FAILURE
get_player_cards: SUCCESS, 516
add_player_cards: SUCCESS
add_player: SUCCESS
play_match: FAILURE
add_team: FAILURE
add_player: SUCCESS
add_player: FAILURE
remove_team: FAILURE
get_player_cards: SUCCESS, 290
get_partial_spirit: SUCCESS, 5,1,4,2,3
buy_team: SUCCESS
add_team: FAILURE
remove_team: FAILURE
add_team: FAILURE
add_player: SUCCESS
add_player: SUCCESS
buy_team: SUCCESS
remove_team: FAILURE
get_ith_pointless_ability: SUCCESS, 99
get_team_points: FAILURE
get_partial_spirit: SUCCESS, 1,2,3,4,5
add_player: FAILURE
get_team_points: SUCCESS, 0
add_player: FAILURE
add_player: FAILURE
get_partial_spirit: FAILURE
remove_team: FAILURE
get_team_points: SUCCESS, 0
add_player_cards: FAILURE
add_team: FAILURE
add_player: FAILURE
get_ith_pointless_ability: SUCCESS, 87
get_player_cards: SUCCESS, 495
remove_team: FAILURE
remove_team: FAILURE
add_team: FAILURE
remove_team: FAILURE
add_player_cards: SUCCESS
get_ith_pointless_ability: SUCCESS, 54
get_team_points: SUCCESS, 0
add_player: SUCCESS
add_player_cards: SUCCESS
buy_team: SUCCESS
add_player: SUCCESS
add_team: FAILURE
get_partial_spirit: SUCCESS, 2,1,5,3,4
play_match: SUCCESS, 1
add_player: FAILURE
add_player_cards: FAILURE
add_team: FAILURE
buy_team: SUCCESS
get_player_cards: SUCCESS, 170
buy_team: SUCCESS
get_partial_spirit: SUCCESS, 2,1,5,3,4
get_player_cards: SUCCESS, 141
buy_team: SUCCESS
play_match: SUCCESS, 1
add_player: SUCCESS
buy_team: SUCCESS
get_partial_spirit: SUCCESS, 1,2,3,4,5
play_match: FAILURE
add_player: FAILURE
get_player_cards: SUCCESS, 640
get_ith_pointless_ability: SUCCESS, 99
num_played_games_for_player: SUCCESS, 22
play_match: FAILURE
num_played_games_for_player: SUCCESS, 22
remove_team: FAILURE
add_player: FAILURE
add_player_cards: FAILURE
add_team: FAILURE
add_player_cards: SUCCESS
play_match: FAILURE
play_match: SUCCESS, 1
add_team: FAILURE
remove_team: FAILURE
get_partial_spirit: FAILURE
add_player: SUCCESS
num_played_games_for_player: SUCCESS, 22
get_player_cards: SUCCESS, 80
add_player: SUCCESS
add_player: SUCCESS
add_team: FAILURE
add_team: FAILURE
get_partial_spirit: SUCCESS, 1,2,3,4,5
buy_team: SUCCESS
remove_team: FAILURE
buy_team: SUCCESS
get_team_points: FAILURE
get_team_points: FAILURE
remove_team: FAILURE
add_player: FAILURE
play_match: FAILURE
add_player_cards: FAILURE
add_player: FAILURE
get_partial_spirit: SUCCESS, 5,3,4,1,2
add_team: FAILURE
add_player_cards: SUCCESS
buy_team: SUCCESS
get_ith_pointless_ability: FAILURE
add_player: SUCCESS
play_match: SUCCESS, 1
num_played_games_for_player: SUCCESS, 22
add_team: FAILURE
remove_team: FAILURE
buy_team: SUCCESS
get_partial_spirit: FAILURE
add_player: FAILURE
remove_team: FAILURE
add_player: SUCCESS
add_player_cards: SUCCESS
get_player_cards: SUCCESS, 196
add_player: SUCCESS
get_player_cards: SUCCESS, 213
get_ith_pointless_ability: FAILURE
add_player: SUCCESS
add_team: FAILURE
num_played_games_for_player: SUCCESS, 22
play_match: FAILURE
num_played_games_for_player: SUCCESS, 22
add_player: SUCCESS
add_team: FAILURE
remove_team: FAILURE
get_player_cards: SUCCESS, 276
get_ith_pointless_ability: SUCCESS, 98
get_ith_pointless_ability: FAILURE
add_player: SUCCESS
add_team: FAILURE
add_player_cards: SUCCESS
remove_team: FAILURE
add_player: FAILURE
add_player: FAILURE
num_played_games_for_player: SUCCESS, 22
add_team: FAILURE
buy_team: SUCCESS
get_player_cards: SUCCESS, 190
add_player: FAILURE
get_partial_spirit: SUCCESS, 1,2,3,4,5
buy_team: SUCCESS
get_player_cards: SUCCESS, 126
get_player_cards: SUCCESS, 283
add_player: SUCCESS
remove_team: FAILURE
buy_team: SUCCESS
get_player_cards: SUCCESS, 67
buy_team: SUCCESS
add_player: FAILURE
get_partial_spirit: SUCCESS, 1,2,3,4,5
add_team: FAILURE
get_player_cards: SUCCESS, 267
add_player: FAILURE
add_player: FAILURE
buy_team: SUCCESS
add_player: FAILURE
add_team: FAILURE
add_player: SUCCESS
add_player: SUCCESS
add_team: FAILURE
get_team_points: SUCCESS, 0
add_player: FAILURE
add_player: SUCCESS
get_ith_pointless_ability: SUCCESS, 35
buy_team: SUCCESS
get_player_cards: SUCCESS, 261
add_team: FAILURE
play_match: FAILURE
num_played_games_for_player: SUCCESS, 22
buy_team: SUCCESS
add_team: FAILURE
remove_team: FAILURE
add_player_cards: SUCCESS
add_team: FAILURE
add_team: FAILURE
add_player: SUCCESS
add_player: FAILURE
add_player_cards: SUCCESS
num_played_games_for_player: SUCCESS, 22
add_player: FAILURE
add_player: SUCCESS
buy_team: SUCCESS
add_team: FAILURE
add_player: SUCCESS
add_player_cards: SUCCESS
buy_team: SUCCESS
buy_team: SUCCESS
get_ith_pointless_ability: SUCCESS, 71
add_player: SUCCESS
add_player: SUCCESS
add_player_cards: SUCCESS
remove_team: FAILURE
add_player_cards: SUCCESS
get_ith_pointless_ability: FAILURE
get_ith_pointless_ability: SUCCESS, 6
play_match: FAILURE
get_player_cards: SUCCESS, 501
add_player: FAILURE
play_match: FAILURE
add_player: FAILURE
remove_team: FAILURE
remove_team: FAILURE
buy_team: SUCCESS
remove_team: FAILURE
remove_team: FAILURE
get_partial_spirit: SUCCESS, 2,5,1,3,4
get_player_cards: SUCCESS, 183
buy_team: SUCCESS
play_match: FAILURE
add_player: FAILURE
get_team_points: SUCCESS, 0
add_player: SUCCESS
add_player: FAILURE
get_team_points: SUCCESS, 0
add_player: SUCCESS
add_player: FAILURE
remove_team: FAILURE
get_ith_pointless_ability: FAILURE
add_player_cards: FAILURE
get_partial_spirit: SUCCESS, 1,2,3,4,5
get_team_points: SUCCESS, 3
buy_team: SUCCESS
get_ith_pointless_ability: FAILURE
add_player_cards: SUCCESS
add_player: FAILURE
get_ith_pointless_ability: SUCCESS, 33
play_match: FAILURE
play_match: FAILURE
get_player_cards: SUCCESS, 516
add_player: SUCCESS
buy_team: SUCCESS
num_played_games_for_player: SUCCESS, 22
get_partial_spirit: SUCCESS, 5,4,2,3,1
get_ith_pointless_ability: SUCCESS, 41
play_match: SUCCESS, 3
get_team_points: SUCCESS, 3
play_match: FAILURE
add_player_cards: SUCCESS
get_player_cards: SUCCESS, 111
get_player_cards: SUCCESS, 17
get_player_cards: SUCCESS, 210
