add_team: SUCCESS
add_team: SUCCESS
add_team: SUCCESS
add_team: SUCCESS
add_team: SUCCESS
add_team: SUCCESS
add_team: SUCCESS
add_team: SUCCESS
add_team: SUCCESS
add_team: SUCCESS
add_team: SUCCESS
add_team: SUCCESS
add_team: SUCCESS
add_team: SUCCESS
add_team: SUCCESS
add_team: SUCCESS
add_team: SUCCESS
add_team: SUCCESS
add_team: SUCCESS
add_team: SUCCESS
add_team: SUCCESS
add_team: SUCCESS
add_team: SUCCESS
add_team: SUCCESS
add_team: SUCCESS
add_team: SUCCESS
add_team: SUCCESS
add_team: SUCCESS
add_team: SUCCESS
add_team: SUCCESS
add_team: SUCCESS
add_team: SUCCESS
add_team: SUCCESS
add_team: SUCCESS
add_team: SUCCESS
add_team: SUCCESS
add_team: SUCCESS
add_team: SUCCESS
add_team: SUCCESS
add_team: SUCCESS
add_team: SUCCESS
add_team: SUCCESS
add_team: SUCCESS
add_team: SUCCESS
add_team: SUCCESS
add_team: SUCCESS
add_team: SUCCESS
add_team: SUCCESS
add_team: SUCCESS
add_team: SUCCESS
add_team: SUCCESS
add_team: SUCCESS
add_team: SUCCESS
add_team: SUCCESS
add_team: SUCCESS
add_team: SUCCESS
add_team: SUCCESS
add_team: SUCCESS
add_team: SUCCESS
add_team: SUCCESS
add_team: SUCCESS
add_team: SUCCESS
add_team: SUCCESS
add_team: SUCCESS
add_team: SUCCESS
add_team: SUCCESS
add_team: SUCCESS
add_team: SUCCESS
add_team: SUCCESS
add_team: SUCCESS
add_team: SUCCESS
add_team: SUCCESS
add_team: SUCCESS
add_team: SUCCESS
add_team: SUCCESS
add_team: SUCCESS
add_team: SUCCESS
add_team: SUCCESS
add_team: SUCCESS
add_team: SUCCESS
add_team: SUCCESS
add_team: SUCCESS
add_team: SUCCESS
add_team: SUCCESS
add_team: SUCCESS
add_team: SUCCESS
add_team: SUCCESS
add_team: SUCCESS
add_team: SUCCESS
add_team: SUCCESS
add_team: SUCCESS
add_team: SUCCESS
add_team: SUCCESS
add_team: SUCCESS
add_team: SUCCESS
add_team: SUCCESS
add_team: SUCCESS
add_team: SUCCESS
add_team: SUCCESS
add_team: SUCCESS
add_player: SUCCESS
add_player: SUCCESS
add_player: SUCCESS
add_player: SUCCESS
add_player: SUCCESS
add_player: SUCCESS
add_player: SUCCESS
add_player: SUCCESS
add_player: SUCCESS
add_player: SUCCESS
add_player: SUCCESS
add_player: SUCCESS
add_player: SUCCESS
add_player: SUCCESS
add_player: SUCCESS
add_player: SUCCESS
add_player: SUCCESS
add_player: SUCCESS
add_player: SUCCESS
add_player: SUCCESS
add_player: SUCCESS
add_player: SUCCESS
add_player: SUCCESS
add_player: SUCCESS
add_player: SUCCESS
add_player: SUCCESS
add_player: SUCCESS
add_player: SUCCESS
add_player: SUCCESS
add_player: SUCCESS
add_player: SUCCESS
add_player: SUCCESS
add_player: SUCCESS
add_player: SUCCESS
add_player: SUCCESS
add_player: SUCCESS
add_player: SUCCESS
add_player: SUCCESS
add_player: SUCCESS
add_player: SUCCESS
add_player: SUCCESS
add_player: SUCCESS
add_player: SUCCESS
add_player: SUCCESS
add_player: SUCCESS
add_player: SUCCESS
add_player: SUCCESS
add_player: SUCCESS
add_player: SUCCESS
add_player: SUCCESS
add_player: SUCCESS
add_player: SUCCESS
add_player: SUCCESS
add_player: SUCCESS
add_player: SUCCESS
add_player: SUCCESS
add_player: SUCCESS
add_player: SUCCESS
add_player: SUCCESS
add_player: SUCCESS
add_player: SUCCESS
add_player: SUCCESS
add_player: SUCCESS
add_player: SUCCESS
add_player: SUCCESS
add_player: SUCCESS
add_player: SUCCESS
add_player: SUCCESS
add_player: SUCCESS
add_player: SUCCESS
add_player: SUCCESS
add_player: SUCCESS
add_player: SUCCESS
add_player: SUCCESS
add_player: SUCCESS
add_player: SUCCESS
add_player: SUCCESS
add_player: SUCCESS
add_player: SUCCESS
add_player: SUCCESS
add_player: SUCCESS
add_player: SUCCESS
add_player: SUCCESS
add_player: SUCCESS
add_player: SUCCESS
add_player: SUCCESS
add_player: SUCCESS
add_player: SUCCESS
add_player: SUCCESS
add_player: SUCCESS
add_player: SUCCESS
add_player: SUCCESS
add_player: SUCCESS
add_player: SUCCESS
add_player: SUCCESS
add_player: SUCCESS
add_player: SUCCESS
add_player: SUCCESS
add_player: SUCCESS
add_player: SUCCESS
get_team_points: SUCCESS, 0
get_team_points: SUCCESS, 0
buy_team: SUCCESS
buy_team: SUCCESS
num_played_games_for_player: SUCCESS, 22
get_team_points: SUCCESS, 0
play_match: FAILURE
add_player: SUCCESS
add_player_cards: SUCCESS
add_player: SUCCESS
add_player: SUCCESS
add_player: SUCCESS
get_partial_spirit: SUCCESS, 3,2,4,1,5
buy_team: SUCCESS
remove_team: FAILURE
add_team: SUCCESS
get_partial_spirit: SUCCESS, 1,2,3,4,5
add_player: SUCCESS
num_played_games_for_player: SUCCESS, 22
play_match: FAILURE
add_player: SUCCESS
get_team_points: SUCCESS, 0
num_played_games_for_player: SUCCESS, 22
add_player: SUCCESS
add_team: FAILURE
play_match: FAILURE
buy_team: SUCCESS
num_played_games_for_player: SUCCESS, 22
add_player_cards: SUCCESS
add_team: FAILURE
remove_team: FAILURE
add_player: SUCCESS
add_player: SUCCESS
add_player: SUCCESS
get_team_points: SUCCESS, 0
add_player: SUCCESS
add_player: SUCCESS
play_match: FAILURE
add_player: SUCCESS
buy_team: SUCCESS
buy_team: SUCCESS
buy_team: SUCCESS
get_player_cards: SUCCESS, 148
add_player_cards: SUCCESS
buy_team: SUCCESS
add_team: FAILURE
add_team: FAILURE
get_partial_spirit: SUCCESS, 1,2,3,4,5
get_ith_pointless_ability: FAILURE
add_player: SUCCESS
add_team: FAILURE
buy_team: SUCCESS
play_match: FAILURE
play_match: FAILURE
get_ith_pointless_ability: FAILURE
get_player_cards: SUCCESS, 270
get_team_points: SUCCESS, 0
add_player: SUCCESS
add_player: SUCCESS
play_match: FAILURE
add_player: SUCCESS
add_player: SUCCESS
add_player: SUCCESS
get_player_cards: SUCCESS, 299
add_player_cards: SUCCESS
add_player: SUCCESS
get_team_points: SUCCESS, 0
buy_team: SUCCESS
get_partial_spirit: SUCCESS, 1,2,3,4,5
num_played_games_for_player: SUCCESS, 22
play_match: FAILURE
get_partial_spirit: SUCCESS, 3,5,4,1,2
add_team: FAILURE
num_played_games_for_player: SUCCESS, 22
add_player: SUCCESS
get_team_points: SUCCESS, 0
add_player: SUCCESS
add_team: FAILURE
buy_team: SUCCESS
num_played_games_for_player: SUCCESS, 22
add_player: SUCCESS
add_player: SUCCESS
add_player: SUCCESS
get_player_cards: SUCCESS, 66
add_player: SUCCESS
add_player_cards: SUCCESS
get_player_cards: SUCCESS, 262
num_played_games_for_player: SUCCESS, 22
get_team_points: SUCCESS, 0
get_ith_pointless_ability: FAILURE
play_match: FAILURE
remove_team: FAILURE
add_player: SUCCESS
buy_team: SUCCESS
add_player: SUCCESS
num_played_games_for_player: SUCCESS, 22
get_partial_spirit: SUCCESS, 5,4,1,2,3
add_player: SUCCESS
get_partial_spirit: SUCCESS, 5,4,3,2,1
add_player_cards: SUCCESS
remove_team: FAILURE
add_player: FAILURE
get_team_points: SUCCESS, 0
add_player: SUCCESS
get_ith_pointless_ability: FAILURE
play_match: FAILURE
buy_team: SUCCESS
add_player: SUCCESS
add_team: FAILURE
remove_team: FAILURE
buy_team: SUCCESS
get_ith_pointless_ability: SUCCESS, 96
add_team: FAILURE
add_player: SUCCESS
remove_team: FAILURE
get_partial_spirit: SUCCESS, 1,2,3,4,5
num_played_games_for_player: SUCCESS, 22
add_team: FAILURE
play_match: FAILURE
add_player: SUCCESS
remove_team: FAILURE
add_player: SUCCESS
play_match: FAILURE
add_player: SUCCESS
get_ith_pointless_ability: SUCCESS, 42
remove_team: FAILURE
get_partial_spirit: SUCCESS, 1,2,3,4,5
get_ith_pointless_ability: SUCCESS, 100
add_player: SUCCESS
add_player: SUCCESS
add_player: SUCCESS
add_player: FAILURE
get_partial_spirit: SUCCESS, 3,1,2,4,5
get_partial_spirit: SUCCESS, 5,4,3,2,1
play_match: FAILURE
add_player: FAILURE
add_player_cards: SUCCESS
get_player_cards: SUCCESS, 221
get_ith_pointless_ability: SUCCESS, 85
get_team_points: SUCCESS, 0
add_player: FAILURE
add_team: FAILURE
remove_team: FAILURE
add_player: SUCCESS
add_player: SUCCESS
add_player_cards: SUCCESS
get_team_points: SUCCESS, 0
add_team: FAILURE
get_partial_spirit: SUCCESS, 1,2,3,4,5
add_player: FAILURE
add_player_cards: SUCCESS
get_partial_spirit: SUCCESS, 5,3,4,1,2
get_player_cards: SUCCESS, 144
play_match: FAILURE
add_player: SUCCESS
add_player: SUCCESS
add_player_cards: SUCCESS
get_partial_spirit: SUCCESS, 1,5,3,4,2
add_player: SUCCESS
play_match: FAILURE
add_player_cards: SUCCESS
remove_team: FAILURE
remove_team: FAILURE
play_match: FAILURE
num_played_games_for_player: SUCCESS, 22
get_player_cards: SUCCESS, 278
buy_team: SUCCESS
add_player: SUCCESS
add_player: SUCCESS
num_played_games_for_player: SUCCESS, 22
buy_team: SUCCESS
get_team_points: SUCCESS, 0
add_player_cards: SUCCESS
get_player_cards: SUCCESS, 64
add_player: SUCCESS
get_ith_pointless_ability: SUCCESS, 78
get_player_cards: SUCCESS, 195
get_partial_spirit: SUCCESS, 5,4,2,1,3
get_team_points: SUCCESS, 0
get_partial_spirit: SUCCESS, 4,5,3,1,2
add_team: SUCCESS
add_player: FAILURE
remove_team: FAILURE
play_match: FAILURE
add_player: FAILURE
remove_team: FAILURE
add_player: SUCCESS
buy_team: SUCCESS
num_played_games_for_player: SUCCESS, 22
get_player_cards: SUCCESS, 221
buy_team: SUCCESS
get_team_points: SUCCESS, 0
buy_team: SUCCESS
get_team_points: SUCCESS, 0
get_partial_spirit: SUCCESS, 1,2,3,4,5
add_player_cards: SUCCESS
add_team: FAILURE
buy_team: SUCCESS
remove_team: FAILURE
add_player: SUCCESS
add_player_cards: SUCCESS
get_team_points: SUCCESS, 0
add_player: SUCCESS
get_partial_spirit: SUCCESS, 5,2,3,4,1
add_player: FAILURE
get_partial_spirit: SUCCESS, 1,2,3,4,5
get_player_cards: SUCCESS, 186
add_player: SUCCESS
remove_team: FAILURE
remove_team: FAILURE
add_player: SUCCESS
get_team_points: SUCCESS, 0
num_played_games_for_player: SUCCESS, 22
buy_team: SUCCESS
add_player: SUCCESS
get_partial_spirit: SUCCESS, 1,2,3,4,5
play_match: SUCCESS, 3
remove_team: FAILURE
get_team_points: SUCCESS, 0
get_partial_spirit: SUCCESS, 1,2,3,4,5
add_player: SUCCESS
add_team: FAILURE
get_team_points: SUCCESS, 0
get_team_points: SUCCESS, 0
get_player_cards: SUCCESS, 295
add_player: FAILURE
get_ith_pointless_ability: FAILURE
get_ith_pointless_ability: SUCCESS, 96
add_player: SUCCESS
add_player: SUCCESS
remove_team: FAILURE
buy_team: SUCCESS
get_team_points: SUCCESS, 0
add_player_cards: SUCCESS
add_player: SUCCESS
add_player: FAILURE
add_player: SUCCESS
add_player: SUCCESS
play_match: FAILURE
play_match: FAILURE
add_player_cards: SUCCESS
buy_team: SUCCESS
add_player: FAILURE
add_player: SUCCESS
get_player_cards: SUCCESS, 133
add_player: SUCCESS
add_player_cards: SUCCESS
play_match: FAILURE
get_ith_pointless_ability: FAILURE
remove_team: FAILURE
add_player_cards: SUCCESS
get_team_points: SUCCESS, 0
add_player: SUCCESS
play_match: FAILURE
get_ith_pointless_ability: FAILURE
add_player: SUCCESS
add_team: FAILURE
num_played_games_for_player: SUCCESS, 22
add_player: SUCCESS
num_played_games_for_player: SUCCESS, 22
get_player_cards: SUCCESS, 213
get_team_points: SUCCESS, 0
get_team_points: SUCCESS, 0
add_team: FAILURE
get_team_points: SUCCESS, 0
add_team: FAILURE
buy_team: SUCCESS
add_player: SUCCESS
num_played_games_for_player: SUCCESS, 22
add_player: FAILURE
get_ith_pointless_ability: SUCCESS, 38
add_player: SUCCESS
num_played_games_for_player: SUCCESS, 22
get_partial_spirit: SUCCESS, 4,5,1,2,3
get_player_cards: SUCCESS, 375
add_team: FAILURE
remove_team: FAILURE
play_match: SUCCESS, 3
remove_team: FAILURE
add_player: SUCCESS
remove_team: FAILURE
add_team: FAILURE
get_ith_pointless_ability: SUCCESS, 32
add_player: SUCCESS
add_team: FAILURE
add_player: FAILURE
add_team: FAILURE
add_player_cards: SUCCESS
remove_team: FAILURE
num_played_games_for_player: SUCCESS, 22
add_player: FAILURE
play_match: SUCCESS, 1
buy_team: SUCCESS
buy_team: SUCCESS
get_player_cards: SUCCESS, 97
add_player: SUCCESS
get_partial_spirit: SUCCESS, 5,4,1,3,2
get_ith_pointless_ability: FAILURE
add_player: SUCCESS
add_player: SUCCESS
get_player_cards: SUCCESS, 6
add_player: FAILURE
add_player_cards: SUCCESS
add_player_cards: SUCCESS
get_ith_pointless_ability: FAILURE
play_match: FAILURE
add_player: SUCCESS
play_match: FAILURE
add_player: FAILURE
add_player: SUCCESS
play_match: FAILURE
add_player: FAILURE
add_player: SUCCESS
add_team: FAILURE
add_player_cards: SUCCESS
play_match: FAILURE
num_played_games_for_player: SUCCESS, 22
play_match: SUCCESS, 1
get_ith_pointless_ability: FAILURE
add_player: FAILURE
remove_team: FAILURE
remove_team: FAILURE
get_ith_pointless_ability: FAILURE
add_team: FAILURE
add_player: FAILURE
get_partial_spirit: SUCCESS, 2,1,4,5,3
add_team: FAILURE
get_player_cards: SUCCESS, 202
add_player_cards: SUCCESS
buy_team: SUCCESS
buy_team: SUCCESS
play_match: FAILURE
add_player: FAILURE
get_player_cards: SUCCESS, 230
get_partial_spirit: SUCCESS, 1,2,3,4,5
add_team: FAILURE
get_partial_spirit: SUCCESS, 1,5,4,2,3
get_player_cards: SUCCESS, 108
add_player: FAILURE
num_played_games_for_player: SUCCESS, 22
get_team_points: SUCCESS, 0
add_player: SUCCESS
add_player: SUCCESS
add_team: FAILURE
add_player: SUCCESS
get_team_points: FAILURE
add_player_cards: SUCCESS
buy_team: SUCCESS
get_partial_spirit: FAILURE
add_player_cards: SUCCESS
add_player_cards: SUCCESS
get_player_cards: SUCCESS, 212
play_match: FAILURE
add_player: SUCCESS
add_player: SUCCESS
add_team: FAILURE
buy_team: SUCCESS
num_played_games_for_player: SUCCESS, 22
get_ith_pointless_ability: SUCCESS, 32
buy_team: SUCCESS
get_partial_spirit: SUCCESS, 1,5,4,2,3
add_player: SUCCESS
get_team_points: SUCCESS, 0
num_played_games_for_player: SUCCESS, 22
get_partial_spirit: FAILURE
get_partial_spirit: SUCCESS, 4,3,5,1,2
get_player_cards: SUCCESS, 51
add_player: SUCCESS
add_player_cards: SUCCESS
get_partial_spirit: FAILURE
num_played_games_for_player: SUCCESS, 22
remove_team: FAILURE
get_ith_pointless_ability: FAILURE
add_player: SUCCESS
num_played_games_for_player: SUCCESS, 22
num_played_games_for_player: SUCCESS, 22
buy_team: SUCCESS
get_team_points: SUCCESS, 3
add_player: SUCCESS
add_player: FAILURE
num_played_games_for_player: SUCCESS, 22
add_player_cards: SUCCESS
play_match: FAILURE
add_team: FAILURE
add_player: SUCCESS
add_player: SUCCESS
get_partial_spirit: SUCCESS, 3,4,2,5,1
add_player_cards: SUCCESS
remove_team: FAILURE
num_played_games_for_player: SUCCESS, 22
get_ith_pointless_ability: SUCCESS, 77
play_match: FAILURE
play_match: FAILURE
add_team: FAILURE
get_ith_pointless_ability: SUCCESS, 67
get_ith_pointless_ability: SUCCESS, 25
get_team_points: SUCCESS, 0
remove_team: FAILURE
buy_team: SUCCESS
get_partial_spirit: SUCCESS, 1,2,3,4,5
remove_team: FAILURE
add_player: FAILURE
add_player_cards: SUCCESS
get_player_cards: SUCCESS, 221
get_partial_spirit: SUCCESS, 1,2,3,4,5
buy_team: SUCCESS
buy_team: SUCCESS
add_team: FAILURE
play_match: FAILURE
remove_team: FAILURE
add_team: FAILURE
buy_team: SUCCESS
get_ith_pointless_ability: SUCCESS, 80
get_team_points: SUCCESS, 0
add_player_cards: SUCCESS
play_match: FAILURE
add_player: SUCCESS
num_played_games_for_player: SUCCESS, 22
buy_team: SUCCESS
remove_team: FAILURE
remove_team: FAILURE
get_team_points: SUCCESS, 0
get_ith_pointless_ability: FAILURE
add_player: FAILURE
play_match: SUCCESS, 3
buy_team: SUCCESS
buy_team: SUCCESS
add_player: FAILURE
add_player_cards: SUCCESS
add_player: SUCCESS
add_team: SUCCESS
add_player_cards: SUCCESS
remove_team: FAILURE
get_player_cards: SUCCESS, 236
add_player: FAILURE
add_player: SUCCESS
add_player: SUCCESS
add_player_cards: SUCCESS
get_ith_pointless_ability: SUCCESS, 51
play_match: SUCCESS, 1
get_partial_spirit: SUCCESS, 5,4,1,2,3
add_player_cards: SUCCESS
get_player_cards: SUCCESS, 261
play_match: FAILURE
add_player_cards: SUCCESS
add_player: FAILURE
get_player_cards: SUCCESS, 144
add_player_cards: SUCCESS
get_player_cards: SUCCESS, 263
get_player_cards: SUCCESS, 67
add_team: FAILURE
play_match: SUCCESS, 1
buy_team: SUCCESS
add_player_cards: SUCCESS
get_player_cards: SUCCESS, 97
get_player_cards: SUCCESS, 132
play_match: FAILURE
num_played_games_for_player: SUCCESS, 22
play_match: FAILURE
add_player: FAILURE
get_partial_spirit: SUCCESS, 5,2,1,3,4
add_player: FAILURE
get_partial_spirit: SUCCESS, 1,2,3,4,5
add_player: SUCCESS
get_partial_spirit: SUCCESS, 1,2,3,4,5
add_team: FAILURE
add_player: SUCCESS
add_team: FAILURE
add_player_cards: SUCCESS
remove_team: FAILURE
add_player_cards: SUCCESS
add_player: FAILURE
num_played_games_for_player: SUCCESS, 22
add_player: SUCCESS
get_player_cards: SUCCESS, 33
buy_team: SUCCESS
add_player: SUCCESS
add_player: FAILURE
get_partial_spirit: SUCCESS, 1,2,3,4,5
buy_team: SUCCESS
num_played_games_for_player: SUCCESS, 22
add_team: FAILURE
get_partial_spirit: FAILURE
add_player: SUCCESS
add_player_cards: SUCCESS
add_player: SUCCESS
get_partial_spirit: SUCCESS, 2,4,5,3,1
add_player: SUCCESS
get_team_points: SUCCESS, 0
buy_team: SUCCESS
play_match: FAILURE
get_partial_spirit: SUCCESS, 5,2,3,1,4
add_player: SUCCESS
add_player_cards: SUCCESS
add_player_cards: FAILURE
get_partial_spirit: FAILURE
play_match: FAILURE
num_played_games_for_player: SUCCESS, 22
add_player: FAILURE
get_ith_pointless_ability: SUCCESS, 36
add_player: SUCCESS
play_match: FAILURE
add_player: SUCCESS
add_player: FAILURE
add_team: FAILURE
add_player: SUCCESS
get_partial_spirit: FAILURE
buy_team: SUCCESS
remove_team: FAILURE
add_player_cards: SUCCESS
add_player: SUCCESS
get_player_cards: SUCCESS, 152
play_match: FAILURE
play_match: SUCCESS, 1
remove_team: FAILURE
buy_team: SUCCESS
add_player: SUCCESS
get_partial_spirit: FAILURE
get_ith_pointless_ability: FAILURE
remove_team: FAILURE
add_team: FAILURE
get_partial_spirit: SUCCESS, 1,2,3,4,5
add_player: SUCCESS
get_partial_spirit: SUCCESS, 1,2,3,4,5
add_player: SUCCESS
add_player_cards: SUCCESS
num_played_games_for_player: SUCCESS, 22
add_team: FAILURE
remove_team: FAILURE
buy_team: SUCCESS
get_player_cards: SUCCESS, 213
num_played_games_for_player: SUCCESS, 22
add_player: FAILURE
add_player: FAILURE
add_team: FAILURE
add_player: SUCCESS
add_player: SUCCESS
num_played_games_for_player: SUCCESS, 22
add_player: SUCCESS
add_player: FAILURE
add_player_cards: SUCCESS
num_played_games_for_player: SUCCESS, 22
play_match: FAILURE
add_team: FAILURE
buy_team: SUCCESS
remove_team: FAILURE
add_player: SUCCESS
buy_team: SUCCESS
add_team: FAILURE
add_team: FAILURE
num_played_games_for_player: SUCCESS, 22
get_ith_pointless_ability: SUCCESS, 91
add_player_cards: SUCCESS
get_ith_pointless_ability: FAILURE
get_partial_spirit: SUCCESS, 4,5,3,1,2
buy_team: SUCCESS
play_match: FAILURE
play_match: SUCCESS, 3
get_partial_spirit: SUCCESS, 4,3,5,2,1
add_player: SUCCESS
get_ith_pointless_ability: SUCCESS, 52
get_ith_pointless_ability: SUCCESS, 38
add_player: SUCCESS
get_player_cards: SUCCESS, 270
get_ith_pointless_ability: SUCCESS, 80
add_team: FAILURE
add_player: FAILURE
buy_team: SUCCESS
add_player_cards: SUCCESS
get_team_points: SUCCESS, 0
add_player: FAILURE
buy_team: SUCCESS
add_player: FAILURE
get_team_points: SUCCESS, 0
play_match: FAILURE
get_ith_pointless_ability: SUCCESS, 23
remove_team: FAILURE
add_player: FAILURE
add_player: FAILURE
num_played_games_for_player: SUCCESS, 22
add_team: FAILURE
get_ith_pointless_ability: SUCCESS, 85
get_ith_pointless_ability: SUCCESS, 32
get_team_points: SUCCESS, 3
play_match: FAILURE
add_team: FAILURE
buy_team: SUCCESS
get_partial_spirit: SUCCESS, 2,1,4,5,3
num_played_games_for_player: SUCCESS, 22
get_player_cards: SUCCESS, 32
remove_team: FAILURE
play_match: SUCCESS, 3
buy_team: SUCCESS
num_played_games_for_player: SUCCESS, 22
add_player: FAILURE
remove_team: FAILURE
get_partial_spirit: SUCCESS, 3,1,2,4,5
num_played_games_for_player: SUCCESS, 22
get_player_cards: SUCCESS, 74
remove_team: FAILURE
get_team_points: SUCCESS, 0
add_player: FAILURE
add_player: FAILURE
add_player: SUCCESS
add_team: FAILURE
num_played_games_for_player: SUCCESS, 22
add_team: FAILURE
add_player: FAILURE
get_ith_pointless_ability: SUCCESS, 83
num_played_games_for_player: SUCCESS, 22
add_player: FAILURE
remove_team: FAILURE
get_player_cards: SUCCESS, 202
remove_team: FAILURE
add_player_cards: SUCCESS
add_player_cards: SUCCESS
add_player: SUCCESS
add_player_cards: SUCCESS
get_team_points: SUCCESS, 0
add_player: FAILURE
buy_team: SUCCESS
add_player: SUCCESS
get_ith_pointless_ability: SUCCESS, 77
get_partial_spirit: SUCCESS, 5,4,1,2,3
remove_team: FAILURE
add_player: FAILURE
add_player: FAILURE
add_player: FAILURE
get_partial_spirit: SUCCESS, 2,5,4,3,1
get_partial_spirit: SUCCESS, 5,4,1,3,2
buy_team: SUCCESS
add_player: FAILURE
add_player: SUCCESS
num_played_games_for_player: SUCCESS, 22
play_match: FAILURE
buy_team: SUCCESS
get_team_points: SUCCESS, 0
add_team: FAILURE
get_ith_pointless_ability: SUCCESS, 15
num_played_games_for_player: SUCCESS, 22
get_team_points: SUCCESS, 0
add_player: FAILURE
get_ith_pointless_ability: SUCCESS, 57
add_player: SUCCESS
get_ith_pointless_ability: SUCCESS, 21
get_player_cards: SUCCESS, 260
remove_team: FAILURE
get_partial_spirit: SUCCESS, 4,5,3,1,2
buy_team: SUCCESS
add_player: FAILURE
buy_team: SUCCESS
buy_team: SUCCESS
get_player_cards: SUCCESS, 266
add_player: FAILURE
num_played_games_for_player: SUCCESS, 22
add_player: SUCCESS
add_player: FAILURE
add_player: FAILURE
add_player: SUCCESS
buy_team: SUCCESS
play_match: SUCCESS, 1
get_partial_spirit: SUCCESS, 4,2,3,1,5
add_player_cards: SUCCESS
play_match: SUCCESS, 3
get_player_cards: SUCCESS, 195
add_player: SUCCESS
get_ith_pointless_ability: SUCCESS, 36
get_ith_pointless_ability: SUCCESS, 68
num_played_games_for_player: SUCCESS, 22
get_ith_pointless_ability: SUCCESS, 4
get_player_cards: SUCCESS, 295
add_player_cards: SUCCESS
buy_team: SUCCESS
get_player_cards: SUCCESS, 51
add_player: FAILURE
add_team: FAILURE
add_team: FAILURE
add_player: SUCCESS
add_player: FAILURE
add_player: SUCCESS
add_team: FAILURE
get_ith_pointless_ability: SUCCESS, 78
add_team: FAILURE
add_player: SUCCESS
remove_team: FAILURE
add_player: FAILURE
add_player_cards: SUCCESS
add_player: SUCCESS
add_player: SUCCESS
add_player: FAILURE
add_player: FAILURE
add_player: FAILURE
remove_team: FAILURE
num_played_games_for_player: SUCCESS, 22
num_played_games_for_player: SUCCESS, 22
add_player: SUCCESS
get_team_points: SUCCESS, 3
add_player_cards: SUCCESS
play_match: FAILURE
buy_team: SUCCESS
add_player: FAILURE
num_played_games_for_player: SUCCESS, 22
get_partial_spirit: SUCCESS, 1,2,3,4,5
add_player_cards: SUCCESS
play_match: SUCCESS, 1
get_player_cards: SUCCESS, 256
remove_team: FAILURE
add_player_cards: FAILURE
get_partial_spirit: SUCCESS, 5,4,1,2,3
add_team: FAILURE
get_ith_pointless_ability: SUCCESS, 58
play_match: FAILURE
remove_team: FAILURE
add_player_cards: SUCCESS
add_player_cards: SUCCESS
num_played_games_for_player: SUCCESS, 22
add_player: SUCCESS
add_player_cards: FAILURE
get_partial_spirit: SUCCESS, 1,2,3,4,5
add_team: FAILURE
get_ith_pointless_ability: FAILURE
get_partial_spirit: SUCCESS, 1,2,3,4,5
add_player_cards: SUCCESS
get_player_cards: SUCCESS, 51
get_ith_pointless_ability: SUCCESS, 76
add_team: FAILURE
buy_team: SUCCESS
remove_team: FAILURE
add_team: FAILURE
get_ith_pointless_ability: SUCCESS, 68
remove_team: FAILURE
add_team: FAILURE
get_team_points: FAILURE
buy_team: SUCCESS
get_player_cards: SUCCESS, 56
add_player: SUCCESS
buy_team: SUCCESS
get_player_cards: SUCCESS, 341
buy_team: SUCCESS
get_player_cards: SUCCESS, 256
get_ith_pointless_ability: SUCCESS, 32
add_player: SUCCESS
add_player_cards: SUCCESS
play_match: FAILURE
num_played_games_for_player: SUCCESS, 22
num_played_games_for_player: SUCCESS, 22
get_partial_spirit: SUCCESS, 1,2,3,4,5
add_player: FAILURE
remove_team: FAILURE
buy_team: SUCCESS
num_played_games_for_player: SUCCESS, 22
play_match: SUCCESS, 3
add_player: FAILURE
add_player: FAILURE
get_team_points: SUCCESS, 3
add_player: SUCCESS
add_player: FAILURE
num_played_games_for_player: SUCCESS, 22
add_player: FAILURE
remove_team: FAILURE
get_player_cards: SUCCESS, 206
get_partial_spirit: SUCCESS, 3,1,2,5,4
add_player_cards: SUCCESS
add_player: SUCCESS
add_player: FAILURE
get_player_cards: SUCCESS, 450
add_player: SUCCESS
remove_team: FAILURE
add_player_cards: FAILURE
get_ith_pointless_ability: SUCCESS, 96
buy_team: SUCCESS
buy_team: SUCCESS
remove_team: FAILURE
add_player: FAILURE
get_player_cards: SUCCESS, 32
add_player: FAILURE
remove_team: FAILURE
add_player: SUCCESS
num_played_games_for_player: SUCCESS, 22
add_player: SUCCESS
add_player: SUCCESS
add_player: SUCCESS
get_team_points: FAILURE
get_team_points: SUCCESS, 0
get_team_points: FAILURE
get_player_cards: SUCCESS, 129
add_player_cards: FAILURE
add_player_cards: SUCCESS
play_match: SUCCESS, 1
get_ith_pointless_ability: SUCCESS, 15
buy_team: SUCCESS
get_partial_spirit: SUCCESS, 4,1,2,3,5
get_team_points: SUCCESS, 0
add_player: SUCCESS
get_player_cards: SUCCESS, 241
num_played_games_for_player: SUCCESS, 22
add_player_cards: SUCCESS
remove_team: FAILURE
num_played_games_for_player: SUCCESS, 22
add_player: FAILURE
get_partial_spirit: FAILURE
remove_team: FAILURE
get_team_points: SUCCESS, 0
play_match: FAILURE
get_partial_spirit: FAILURE
get_ith_pointless_ability: SUCCESS, 25
get_partial_spirit: FAILURE
remove_team: FAILURE
add_player_cards: SUCCESS
play_match: FAILURE
add_player: SUCCESS
remove_team: FAILURE
buy_team: SUCCESS
get_player_cards: SUCCESS, 16
get_player_cards: SUCCESS, 159
play_match: FAILURE
add_player_cards: SUCCESS
get_ith_pointless_ability: SUCCESS, 67
add_player_cards: SUCCESS
remove_team: FAILURE
add_player: SUCCESS
add_player: SUCCESS
add_player: SUCCESS
add_player: SUCCESS
add_player: FAILURE
num_played_games_for_player: SUCCESS, 22
get_player_cards: SUCCESS, 8
buy_team: SUCCESS
get_team_points: SUCCESS, 3
add_player: SUCCESS
add_team: FAILURE
add_player: FAILURE
play_match: FAILURE
get_ith_pointless_ability: SUCCESS, 67
get_partial_spirit: SUCCESS, 1,2,3,4,5
get_ith_pointless_ability: SUCCESS, 21
add_player: FAILURE
buy_team: SUCCESS
get_player_cards: SUCCESS, 45
add_player: FAILURE
get_ith_pointless_ability: FAILURE
add_team: FAILURE
add_player: SUCCESS
buy_team: SUCCESS
play_match: FAILURE
add_team: FAILURE
add_player_cards: SUCCESS
get_team_points: SUCCESS, 0
add_player: SUCCESS
get_partial_spirit: FAILURE
get_partial_spirit: SUCCESS, 1,2,3,4,5
add_team: FAILURE
add_player_cards: SUCCESS
get_team_points: SUCCESS, 0
add_team: FAILURE
add_player: FAILURE
get_player_cards: SUCCESS, 324
get_ith_pointless_ability: FAILURE
get_player_cards: SUCCESS, 241
get_team_points: FAILURE
get_player_cards: SUCCESS, 162
add_player: SUCCESS
add_player: FAILURE
remove_team: FAILURE
add_player: SUCCESS
num_played_games_for_player: SUCCESS, 22
add_team: FAILURE
get_partial_spirit: SUCCESS, 1,2,3,4,5
get_ith_pointless_ability: FAILURE
remove_team: FAILURE
num_played_games_for_player: SUCCESS, 22
add_player: FAILURE
add_player: FAILURE
add_player: FAILURE
buy_team: SUCCESS
add_player: SUCCESS
get_partial_spirit: SUCCESS, 1,4,5,2,3
add_player: FAILURE
add_player_cards: SUCCESS
get_ith_pointless_ability: SUCCESS, 20
add_player_cards: SUCCESS
play_match: FAILURE
buy_team: SUCCESS
add_player: SUCCESS
buy_team: SUCCESS
add_player: FAILURE
get_team_points: FAILURE
add_team: FAILURE
num_played_games_for_player: SUCCESS, 22
play_match: FAILURE
buy_team: SUCCESS
add_player: FAILURE
add_player_cards: SUCCESS
remove_team: FAILURE
get_player_cards: SUCCESS, 216
add_player: SUCCESS
get_ith_pointless_ability: SUCCESS, 22
play_match: FAILURE
get_ith_pointless_ability: FAILURE
remove_team: FAILURE
get_ith_pointless_ability: SUCCESS, 25
remove_team: FAILURE
add_player: SUCCESS
buy_team: SUCCESS
num_played_games_for_player: SUCCESS, 22
get_ith_pointless_ability: SUCCESS, 25
add_team: FAILURE
remove_team: FAILURE
play_match: FAILURE
num_played_games_for_player: SUCCESS, 22
add_team: FAILURE
add_player_cards: FAILURE
buy_team: SUCCESS
get_player_cards: SUCCESS, 19
get_player_cards: SUCCESS, 221
add_player: FAILURE
add_player: SUCCESS
buy_team: SUCCESS
play_match: FAILURE
num_played_games_for_player: SUCCESS, 22
get_team_points: SUCCESS, 0
play_match: FAILURE
add_team: FAILURE
add_player: FAILURE
play_match: SUCCESS, 3
add_player: FAILURE
add_player: FAILURE
add_player: FAILURE
get_ith_pointless_ability: FAILURE
add_player: FAILURE
num_played_games_for_player: SUCCESS, 22
add_player_cards: SUCCESS
get_ith_pointless_ability: SUCCESS, 52
num_played_games_for_player: SUCCESS, 22
play_match: FAILURE
add_team: FAILURE
num_played_games_for_player: SUCCESS, 22
get_player_cards: SUCCESS, 16
remove_team: FAILURE
get_partial_spirit: FAILURE
get_ith_pointless_ability: FAILURE
play_match: FAILURE
add_player_cards: SUCCESS
add_team: FAILURE
get_player_cards: SUCCESS, 209
get_team_points: SUCCESS, 0
add_player: SUCCESS
add_player: FAILURE
add_player: FAILURE
get_partial_spirit: FAILURE
get_ith_pointless_ability: FAILURE
add_player_cards: SUCCESS
num_played_games_for_player: SUCCESS, 22
add_player: FAILURE
add_player: FAILURE
add_player_cards: SUCCESS
add_player: FAILURE
play_match: SUCCESS, 3
get_player_cards: SUCCESS, 61
add_player_cards: SUCCESS
get_player_cards: SUCCESS, 252
remove_team: FAILURE
buy_team: SUCCESS
add_player: FAILURE
add_player: FAILURE
remove_team: FAILURE
remove_team: FAILURE
remove_team: FAILURE
remove_team: FAILURE
add_team: FAILURE
add_player_cards: SUCCESS
buy_team: SUCCESS
get_team_points: FAILURE
add_player: FAILURE
remove_team: FAILURE
buy_team: SUCCESS
num_played_games_for_player: SUCCESS, 22
buy_team: SUCCESS
get_player_cards: SUCCESS, 177
add_team: FAILURE
add_player: FAILURE
remove_team: FAILURE
add_player: FAILURE
get_partial_spirit: SUCCESS, 1,2,3,4,5
add_player_cards: SUCCESS
add_player: FAILURE
get_partial_spirit: SUCCESS, 1,5,4,3,2
buy_team: SUCCESS
add_team: FAILURE
buy_team: SUCCESS
remove_team: FAILURE
get_team_points: FAILURE
add_player: FAILURE
num_played_games_for_player: SUCCESS, 22
buy_team: SUCCESS
get_partial_spirit: SUCCESS, 2,3,5,1,4
add_player: FAILURE
num_played_games_for_player: SUCCESS, 22
play_match: FAILURE
get_team_points: SUCCESS, 0
