add_team: SUCCESS
add_team: SUCCESS
add_team: SUCCESS
add_team: SUCCESS
add_team: SUCCESS
add_team: SUCCESS
add_team: SUCCESS
add_team: SUCCESS
add_team: SUCCESS
add_team: SUCCESS
add_team: SUCCESS
add_team: SUCCESS
add_team: SUCCESS
add_team: SUCCESS
add_team: SUCCESS
add_team: SUCCESS
add_team: SUCCESS
add_team: SUCCESS
add_team: SUCCESS
add_team: SUCCESS
add_team: SUCCESS
add_team: SUCCESS
add_team: SUCCESS
add_team: SUCCESS
add_team: SUCCESS
add_team: SUCCESS
add_team: SUCCESS
add_team: SUCCESS
add_team: SUCCESS
add_team: SUCCESS
add_team: SUCCESS
add_team: SUCCESS
add_team: SUCCESS
add_team: SUCCESS
add_team: SUCCESS
add_team: SUCCESS
add_team: SUCCESS
add_team: SUCCESS
add_team: SUCCESS
add_team: SUCCESS
add_team: SUCCESS
add_team: SUCCESS
add_team: SUCCESS
add_team: SUCCESS
add_team: SUCCESS
add_team: SUCCESS
add_team: SUCCESS
add_team: SUCCESS
add_team: SUCCESS
add_team: SUCCESS
add_team: SUCCESS
add_team: SUCCESS
add_team: SUCCESS
add_team: SUCCESS
add_team: SUCCESS
add_team: SUCCESS
add_team: SUCCESS
add_team: SUCCESS
add_team: SUCCESS
add_team: SUCCESS
add_team: SUCCESS
add_team: SUCCESS
add_team: SUCCESS
add_team: SUCCESS
add_team: SUCCESS
add_team: SUCCESS
add_team: SUCCESS
add_team: SUCCESS
add_team: SUCCESS
add_team: SUCCESS
add_team: SUCCESS
add_team: SUCCESS
add_team: SUCCESS
add_team: SUCCESS
add_team: SUCCESS
add_team: SUCCESS
add_team: SUCCESS
add_team: SUCCESS
add_team: SUCCESS
add_team: SUCCESS
add_team: SUCCESS
add_team: SUCCESS
add_team: SUCCESS
add_team: SUCCESS
add_team: SUCCESS
add_team: SUCCESS
add_team: SUCCESS
add_team: SUCCESS
add_team: SUCCESS
add_team: SUCCESS
add_team: SUCCESS
add_team: SUCCESS
add_team: SUCCESS
add_team: SUCCESS
add_team: SUCCESS
add_team: SUCCESS
add_team: SUCCESS
add_team: SUCCESS
add_team: SUCCESS
add_team: SUCCESS
add_player: SUCCESS
add_player: SUCCESS
add_player: SUCCESS
add_player: SUCCESS
add_player: SUCCESS
add_player: SUCCESS
add_player: SUCCESS
add_player: SUCCESS
add_player: SUCCESS
add_player: SUCCESS
add_player: SUCCESS
add_player: SUCCESS
add_player: SUCCESS
add_player: SUCCESS
add_player: SUCCESS
add_player: SUCCESS
add_player: SUCCESS
add_player: SUCCESS
add_player: SUCCESS
add_player: SUCCESS
add_player: SUCCESS
add_player: SUCCESS
add_player: SUCCESS
add_player: SUCCESS
add_player: SUCCESS
add_player: SUCCESS
add_player: SUCCESS
add_player: SUCCESS
add_player: SUCCESS
add_player: SUCCESS
add_player: SUCCESS
add_player: SUCCESS
add_player: SUCCESS
add_player: SUCCESS
add_player: SUCCESS
add_player: SUCCESS
add_player: SUCCESS
add_player: SUCCESS
add_player: SUCCESS
add_player: SUCCESS
add_player: SUCCESS
add_player: SUCCESS
add_player: SUCCESS
add_player: SUCCESS
add_player: SUCCESS
add_player: SUCCESS
add_player: SUCCESS
add_player: SUCCESS
add_player: SUCCESS
add_player: SUCCESS
add_player: SUCCESS
add_player: SUCCESS
add_player: SUCCESS
add_player: SUCCESS
add_player: SUCCESS
add_player: SUCCESS
add_player: SUCCESS
add_player: SUCCESS
add_player: SUCCESS
add_player: SUCCESS
add_player: SUCCESS
add_player: SUCCESS
add_player: SUCCESS
add_player: SUCCESS
add_player: SUCCESS
add_player: SUCCESS
add_player: SUCCESS
add_player: SUCCESS
add_player: SUCCESS
add_player: SUCCESS
add_player: SUCCESS
add_player: SUCCESS
add_player: SUCCESS
add_player: SUCCESS
add_player: SUCCESS
add_player: SUCCESS
add_player: SUCCESS
add_player: SUCCESS
add_player: SUCCESS
add_player: SUCCESS
add_player: SUCCESS
add_player: SUCCESS
add_player: SUCCESS
add_player: SUCCESS
add_player: SUCCESS
add_player: SUCCESS
add_player: SUCCESS
add_player: SUCCESS
add_player: SUCCESS
add_player: SUCCESS
add_player: SUCCESS
add_player: SUCCESS
add_player: SUCCESS
add_player: SUCCESS
add_player: SUCCESS
add_player: SUCCESS
add_player: SUCCESS
add_player: SUCCESS
add_player: SUCCESS
add_player: SUCCESS
remove_team: FAILURE
get_ith_pointless_ability: FAILURE
add_player: SUCCESS
get_player_cards: SUCCESS, 165
get_partial_spirit: SUCCESS, 2,4,3,5,1
play_match: SUCCESS, 3
buy_team: SUCCESS
get_player_cards: SUCCESS, 205
get_player_cards: SUCCESS, 132
add_player_cards: SUCCESS
play_match: FAILURE
get_team_points: SUCCESS, 0
add_player: SUCCESS
add_player_cards: SUCCESS
get_partial_spirit: SUCCESS, 1,2,3,4,5
get_ith_pointless_ability: FAILURE
buy_team: SUCCESS
add_player_cards: SUCCESS
remove_team: FAILURE
add_player: SUCCESS
add_player_cards: SUCCESS
num_played_games_for_player: SUCCESS, 22
add_player_cards: SUCCESS
add_player: SUCCESS
get_partial_spirit: SUCCESS, 1,2,3,4,5
get_team_points: SUCCESS, 0
add_team: SUCCESS
get_partial_spirit: SUCCESS, 1,4,3,2,5
add_player: SUCCESS
get_team_points: SUCCESS, 0
play_match: FAILURE
num_played_games_for_player: SUCCESS, 22
get_ith_pointless_ability: SUCCESS, 55
remove_team: FAILURE
add_player: SUCCESS
remove_team: FAILURE
play_match: FAILURE
add_player: SUCCESS
get_ith_pointless_ability: FAILURE
add_player: SUCCESS
play_match: FAILURE
num_played_games_for_player: SUCCESS, 22
get_team_points: SUCCESS, 0
num_played_games_for_player: SUCCESS, 22
add_player: SUCCESS
play_match: SUCCESS, 1
play_match: FAILURE
get_team_points: SUCCESS, 0
add_team: FAILURE
add_player_cards: SUCCESS
play_match: FAILURE
add_player: SUCCESS
get_ith_pointless_ability: SUCCESS, 22
get_ith_pointless_ability: FAILURE
add_team: FAILURE
get_player_cards: SUCCESS, 242
buy_team: SUCCESS
get_ith_pointless_ability: SUCCESS, 4
get_player_cards: SUCCESS, 279
add_player: FAILURE
play_match: FAILURE
get_ith_pointless_ability: SUCCESS, 68
buy_team: SUCCESS
add_team: FAILURE
add_team: FAILURE
add_player_cards: SUCCESS
add_player: FAILURE
get_player_cards: SUCCESS, 267
get_ith_pointless_ability: FAILURE
add_player: SUCCESS
get_team_points: SUCCESS, 0
add_team: FAILURE
add_player_cards: SUCCESS
get_ith_pointless_ability: FAILURE
add_player: SUCCESS
get_partial_spirit: SUCCESS, 3,5,2,4,1
get_player_cards: SUCCESS, 191
add_player: SUCCESS
buy_team: SUCCESS
play_match: SUCCESS, 1
add_player: SUCCESS
add_player: SUCCESS
add_player: SUCCESS
num_played_games_for_player: SUCCESS, 22
buy_team: SUCCESS
num_played_games_for_player: SUCCESS, 22
get_ith_pointless_ability: FAILURE
add_player: SUCCESS
get_player_cards: SUCCESS, 229
buy_team: SUCCESS
get_player_cards: SUCCESS, 159
add_player: SUCCESS
add_player: SUCCESS
remove_team: FAILURE
add_player: SUCCESS
get_player_cards: SUCCESS, 287
get_player_cards: SUCCESS, 265
get_team_points: SUCCESS, 0
get_team_points: SUCCESS, 0
add_player: SUCCESS
get_team_points: SUCCESS, 0
add_player: SUCCESS
add_player: SUCCESS
add_player: SUCCESS
play_match: FAILURE
get_ith_pointless_ability: SUCCESS, 14
buy_team: SUCCESS
get_player_cards: SUCCESS, 423
add_player: SUCCESS
add_player: SUCCESS
remove_team: FAILURE
get_ith_pointless_ability: FAILURE
get_ith_pointless_ability: FAILURE
get_ith_pointless_ability: SUCCESS, 51
num_played_games_for_player: SUCCESS, 22
get_ith_pointless_ability: SUCCESS, 55
get_partial_spirit: SUCCESS, 4,3,5,2,1
get_team_points: SUCCESS, 0
get_team_points: SUCCESS, 0
add_player: SUCCESS
add_team: FAILURE
get_team_points: SUCCESS, 0
play_match: FAILURE
add_player: SUCCESS
remove_team: FAILURE
add_player_cards: SUCCESS
add_player: SUCCESS
add_player_cards: SUCCESS
get_ith_pointless_ability: SUCCESS, 92
remove_team: FAILURE
remove_team: FAILURE
num_played_games_for_player: SUCCESS, 22
add_team: FAILURE
get_ith_pointless_ability: SUCCESS, 1
get_ith_pointless_ability: SUCCESS, 31
get_team_points: SUCCESS, 0
num_played_games_for_player: SUCCESS, 22
add_player: SUCCESS
remove_team: FAILURE
get_player_cards: SUCCESS, 114
add_player: SUCCESS
add_player: SUCCESS
add_player_cards: SUCCESS
add_player_cards: SUCCESS
add_team: FAILURE
play_match: FAILURE
play_match: FAILURE
get_ith_pointless_ability: FAILURE
get_partial_spirit: SUCCESS, 1,2,3,4,5
add_player: SUCCESS
add_team: FAILURE
num_played_games_for_player: SUCCESS, 22
add_player: SUCCESS
num_played_games_for_player: SUCCESS, 22
add_player: SUCCESS
get_partial_spirit: SUCCESS, 1,3,4,2,5
num_played_games_for_player: SUCCESS, 22
remove_team: FAILURE
get_team_points: SUCCESS, 0
add_player: SUCCESS
get_partial_spirit: SUCCESS, 1,2,3,4,5
num_played_games_for_player: SUCCESS, 22
add_team: FAILURE
remove_team: FAILURE
get_team_points: SUCCESS, 0
play_match: FAILURE
buy_team: SUCCESS
add_player: SUCCESS
get_team_points: SUCCESS, 0
num_played_games_for_player: SUCCESS, 22
get_partial_spirit: SUCCESS, 1,5,4,2,3
remove_team: FAILURE
num_played_games_for_player: SUCCESS, 22
get_ith_pointless_ability: SUCCESS, 73
add_player_cards: SUCCESS
get_team_points: SUCCESS, 0
add_player: SUCCESS
get_ith_pointless_ability: SUCCESS, 50
remove_team: FAILURE
add_player: SUCCESS
add_player: SUCCESS
add_player: FAILURE
get_team_points: SUCCESS, 0
get_player_cards: SUCCESS, 199
add_player: SUCCESS
add_player: SUCCESS
buy_team: SUCCESS
add_player_cards: SUCCESS
get_team_points: SUCCESS, 0
get_team_points: SUCCESS, 0
add_player_cards: SUCCESS
remove_team: FAILURE
add_player: FAILURE
add_player: SUCCESS
num_played_games_for_player: SUCCESS, 22
get_player_cards: SUCCESS, 229
add_player: SUCCESS
num_played_games_for_player: SUCCESS, 22
add_team: FAILURE
add_team: FAILURE
get_ith_pointless_ability: SUCCESS, 56
num_played_games_for_player: SUCCESS, 22
add_player_cards: SUCCESS
get_player_cards: SUCCESS, 235
add_player_cards: SUCCESS
get_ith_pointless_ability: SUCCESS, 86
add_player: SUCCESS
add_player: SUCCESS
add_player: SUCCESS
add_player: SUCCESS
buy_team: SUCCESS
remove_team: FAILURE
play_match: SUCCESS, 1
num_played_games_for_player: SUCCESS, 22
num_played_games_for_player: SUCCESS, 22
buy_team: SUCCESS
get_ith_pointless_ability: SUCCESS, 79
get_partial_spirit: SUCCESS, 3,2,1,4,5
get_player_cards: SUCCESS, 205
get_team_points: SUCCESS, 0
add_player_cards: SUCCESS
add_team: FAILURE
get_team_points: SUCCESS, 0
add_player: SUCCESS
get_player_cards: SUCCESS, 285
remove_team: FAILURE
add_player_cards: SUCCESS
add_player: SUCCESS
add_player: FAILURE
get_player_cards: SUCCESS, 158
play_match: SUCCESS, 3
num_played_games_for_player: SUCCESS, 22
get_ith_pointless_ability: SUCCESS, 83
get_team_points: SUCCESS, 0
play_match: SUCCESS, 3
add_player: SUCCESS
add_player: SUCCESS
add_team: FAILURE
get_partial_spirit: SUCCESS, 3,4,1,5,2
add_player_cards: SUCCESS
play_match: SUCCESS, 3
add_player: SUCCESS
add_player: FAILURE
get_team_points: SUCCESS, 0
get_team_points: FAILURE
add_team: FAILURE
num_played_games_for_player: SUCCESS, 22
get_player_cards: SUCCESS, 295
get_player_cards: SUCCESS, 131
add_player: SUCCESS
remove_team: FAILURE
get_team_points: SUCCESS, 0
play_match: SUCCESS, 3
play_match: FAILURE
add_player: SUCCESS
play_match: FAILURE
get_team_points: SUCCESS, 3
play_match: FAILURE
get_ith_pointless_ability: SUCCESS, 28
add_team: FAILURE
add_player: SUCCESS
get_player_cards: SUCCESS, 277
add_player: SUCCESS
get_ith_pointless_ability: SUCCESS, 86
add_player: SUCCESS
get_partial_spirit: SUCCESS, 1,2,3,4,5
buy_team: SUCCESS
num_played_games_for_player: SUCCESS, 22
add_player: SUCCESS
buy_team: SUCCESS
get_team_points: SUCCESS, 0
get_ith_pointless_ability: SUCCESS, 46
add_player_cards: SUCCESS
add_team: FAILURE
remove_team: FAILURE
add_player: SUCCESS
remove_team: FAILURE
add_player_cards: SUCCESS
add_player: SUCCESS
add_player: SUCCESS
buy_team: SUCCESS
get_partial_spirit: SUCCESS, 1,2,3,4,5
num_played_games_for_player: SUCCESS, 22
get_ith_pointless_ability: SUCCESS, 98
add_player_cards: SUCCESS
add_team: FAILURE
remove_team: FAILURE
remove_team: FAILURE
play_match: FAILURE
add_player: SUCCESS
get_partial_spirit: SUCCESS, 1,2,3,4,5
get_team_points: SUCCESS, 0
get_player_cards: SUCCESS, 128
get_partial_spirit: SUCCESS, 1,2,3,4,5
buy_team: SUCCESS
get_partial_spirit: SUCCESS, 1,2,3,4,5
add_player: SUCCESS
get_team_points: SUCCESS, 0
get_player_cards: SUCCESS, 275
add_player: SUCCESS
num_played_games_for_player: SUCCESS, 22
get_player_cards: SUCCESS, 288
get_partial_spirit: SUCCESS, 1,2,3,4,5
get_ith_pointless_ability: SUCCESS, 80
get_ith_pointless_ability: FAILURE
buy_team: SUCCESS
play_match: FAILURE
get_ith_pointless_ability: SUCCESS, 81
remove_team: FAILURE
add_team: FAILURE
num_played_games_for_player: SUCCESS, 22
remove_team: FAILURE
get_team_points: SUCCESS, 0
get_partial_spirit: SUCCESS, 1,2,3,4,5
add_player: SUCCESS
add_player: SUCCESS
add_player: SUCCESS
add_player: SUCCESS
get_team_points: SUCCESS, 0
get_ith_pointless_ability: FAILURE
num_played_games_for_player: SUCCESS, 22
get_team_points: SUCCESS, 0
get_team_points: SUCCESS, 0
remove_team: FAILURE
add_team: SUCCESS
add_player_cards: SUCCESS
num_played_games_for_player: SUCCESS, 22
add_player_cards: SUCCESS
get_player_cards: SUCCESS, 23
get_ith_pointless_ability: SUCCESS, 43
add_player: SUCCESS
add_player_cards: SUCCESS
get_player_cards: SUCCESS, 16
get_ith_pointless_ability: SUCCESS, 65
remove_team: FAILURE
add_player: SUCCESS
play_match: SUCCESS, 3
add_team: FAILURE
get_ith_pointless_ability: FAILURE
add_player: SUCCESS
play_match: FAILURE
remove_team: FAILURE
add_player: SUCCESS
get_team_points: SUCCESS, 0
play_match: FAILURE
get_partial_spirit: SUCCESS, 1,2,3,4,5
add_player: SUCCESS
remove_team: FAILURE
get_player_cards: SUCCESS, 117
add_player: SUCCESS
buy_team: SUCCESS
add_team: FAILURE
get_team_points: SUCCESS, 0
get_player_cards: SUCCESS, 118
add_player: FAILURE
get_ith_pointless_ability: SUCCESS, 92
remove_team: FAILURE
num_played_games_for_player: SUCCESS, 22
play_match: FAILURE
add_team: FAILURE
add_player_cards: SUCCESS
add_team: FAILURE
play_match: FAILURE
num_played_games_for_player: SUCCESS, 22
num_played_games_for_player: SUCCESS, 22
get_ith_pointless_ability: FAILURE
get_team_points: SUCCESS, 0
remove_team: FAILURE
add_player_cards: SUCCESS
get_ith_pointless_ability: SUCCESS, 31
play_match: SUCCESS, 1
buy_team: SUCCESS
get_partial_spirit: SUCCESS, 1,2,3,4,5
add_player: SUCCESS
get_team_points: SUCCESS, 0
get_partial_spirit: SUCCESS, 1,2,3,4,5
get_ith_pointless_ability: FAILURE
buy_team: SUCCESS
remove_team: FAILURE
get_player_cards: SUCCESS, 225
get_player_cards: SUCCESS, 144
num_played_games_for_player: SUCCESS, 22
get_player_cards: SUCCESS, 221
get_ith_pointless_ability: SUCCESS, 11
play_match: FAILURE
get_team_points: SUCCESS, 0
buy_team: SUCCESS
get_partial_spirit: SUCCESS, 1,2,3,4,5
get_partial_spirit: SUCCESS, 1,2,3,4,5
buy_team: SUCCESS
add_player: SUCCESS
get_team_points: SUCCESS, 0
get_partial_spirit: SUCCESS, 1,5,3,2,4
add_player: SUCCESS
remove_team: FAILURE
add_player_cards: SUCCESS
get_ith_pointless_ability: SUCCESS, 45
add_player: SUCCESS
get_team_points: SUCCESS, 0
add_player: SUCCESS
get_team_points: SUCCESS, 0
add_player: SUCCESS
add_player_cards: SUCCESS
add_player: FAILURE
play_match: SUCCESS, 1
play_match: SUCCESS, 1
num_played_games_for_player: SUCCESS, 22
add_player: SUCCESS
add_player_cards: SUCCESS
add_player: FAILURE
add_team: FAILURE
add_team: FAILURE
get_ith_pointless_ability: SUCCESS, 26
add_player: SUCCESS
add_player: FAILURE
add_player_cards: SUCCESS
get_ith_pointless_ability: SUCCESS, 66
add_team: FAILURE
get_player_cards: SUCCESS, 171
add_player: FAILURE
add_team: FAILURE
add_player: SUCCESS
add_player_cards: SUCCESS
buy_team: SUCCESS
play_match: SUCCESS, 3
add_player: SUCCESS
add_player: FAILURE
remove_team: FAILURE
buy_team: SUCCESS
play_match: SUCCESS, 1
remove_team: FAILURE
add_player: SUCCESS
get_partial_spirit: SUCCESS, 1,2,3,4,5
get_team_points: SUCCESS, 0
play_match: SUCCESS, 1
num_played_games_for_player: SUCCESS, 22
num_played_games_for_player: SUCCESS, 22
buy_team: SUCCESS
add_team: SUCCESS
remove_team: FAILURE
get_partial_spirit: SUCCESS, 4,5,2,3,1
add_team: SUCCESS
add_player: FAILURE
get_partial_spirit: SUCCESS, 1,2,3,4,5
buy_team: SUCCESS
add_team: FAILURE
add_team: FAILURE
get_ith_pointless_ability: SUCCESS, 98
get_ith_pointless_ability: FAILURE
remove_team: FAILURE
add_team: FAILURE
add_player: SUCCESS
add_player: SUCCESS
get_team_points: SUCCESS, 0
add_team: FAILURE
get_partial_spirit: SUCCESS, 1,4,5,2,3
remove_team: FAILURE
play_match: SUCCESS, 1
buy_team: SUCCESS
get_player_cards: SUCCESS, 287
add_player_cards: SUCCESS
add_player: FAILURE
num_played_games_for_player: SUCCESS, 22
add_player: SUCCESS
get_ith_pointless_ability: FAILURE
num_played_games_for_player: SUCCESS, 22
num_played_games_for_player: SUCCESS, 22
add_player: SUCCESS
add_player: SUCCESS
add_player: FAILURE
add_player_cards: SUCCESS
get_player_cards: SUCCESS, 11
get_ith_pointless_ability: SUCCESS, 92
add_player: FAILURE
get_ith_pointless_ability: SUCCESS, 86
add_player: SUCCESS
remove_team: FAILURE
get_partial_spirit: SUCCESS, 1,2,3,4,5
add_player: SUCCESS
buy_team: SUCCESS
get_player_cards: SUCCESS, 140
add_player: SUCCESS
get_player_cards: SUCCESS, 179
add_player: SUCCESS
add_player: FAILURE
num_played_games_for_player: SUCCESS, 22
get_partial_spirit: FAILURE
get_team_points: SUCCESS, 0
get_team_points: SUCCESS, 0
add_player: SUCCESS
add_team: FAILURE
play_match: FAILURE
add_player_cards: SUCCESS
add_team: FAILURE
add_player: SUCCESS
get_team_points: SUCCESS, 0
remove_team: FAILURE
add_player: FAILURE
remove_team: FAILURE
play_match: FAILURE
get_team_points: SUCCESS, 0
buy_team: SUCCESS
remove_team: FAILURE
add_team: FAILURE
play_match: FAILURE
get_partial_spirit: SUCCESS, 4,2,5,1,3
add_player: FAILURE
add_player: FAILURE
get_ith_pointless_ability: SUCCESS, 28
get_partial_spirit: SUCCESS, 1,2,3,4,5
add_player_cards: SUCCESS
num_played_games_for_player: SUCCESS, 22
add_team: FAILURE
get_player_cards: SUCCESS, 199
play_match: FAILURE
num_played_games_for_player: SUCCESS, 22
add_player: SUCCESS
add_player: SUCCESS
add_player: SUCCESS
get_ith_pointless_ability: FAILURE
remove_team: FAILURE
num_played_games_for_player: SUCCESS, 22
play_match: FAILURE
buy_team: SUCCESS
remove_team: FAILURE
remove_team: FAILURE
remove_team: FAILURE
remove_team: FAILURE
add_player_cards: SUCCESS
add_player: SUCCESS
add_team: FAILURE
add_player: FAILURE
add_player: FAILURE
add_team: FAILURE
add_team: FAILURE
get_team_points: SUCCESS, 0
add_team: FAILURE
add_player: SUCCESS
get_player_cards: SUCCESS, 118
add_team: FAILURE
add_player: FAILURE
play_match: FAILURE
buy_team: SUCCESS
num_played_games_for_player: SUCCESS, 22
add_player: SUCCESS
add_player: SUCCESS
buy_team: SUCCESS
num_played_games_for_player: SUCCESS, 22
play_match: FAILURE
get_partial_spirit: FAILURE
add_player_cards: SUCCESS
add_player_cards: SUCCESS
add_player: SUCCESS
buy_team: SUCCESS
add_team: FAILURE
add_team: FAILURE
remove_team: FAILURE
get_player_cards: SUCCESS, 60
play_match: FAILURE
num_played_games_for_player: SUCCESS, 22
buy_team: SUCCESS
remove_team: FAILURE
add_player: SUCCESS
add_player_cards: SUCCESS
get_ith_pointless_ability: SUCCESS, 14
get_team_points: FAILURE
num_played_games_for_player: SUCCESS, 22
add_team: FAILURE
play_match: FAILURE
add_player_cards: SUCCESS
get_player_cards: SUCCESS, 108
add_player: SUCCESS
get_ith_pointless_ability: SUCCESS, 22
add_player: FAILURE
add_team: FAILURE
buy_team: SUCCESS
get_player_cards: SUCCESS, 105
add_player: SUCCESS
play_match: FAILURE
num_played_games_for_player: SUCCESS, 22
buy_team: SUCCESS
play_match: SUCCESS, 1
add_player_cards: SUCCESS
add_player_cards: SUCCESS
num_played_games_for_player: SUCCESS, 22
get_ith_pointless_ability: SUCCESS, 4
get_team_points: SUCCESS, 0
num_played_games_for_player: SUCCESS, 22
get_team_points: SUCCESS, 0
add_team: FAILURE
get_team_points: SUCCESS, 0
add_team: FAILURE
add_team: FAILURE
remove_team: FAILURE
remove_team: FAILURE
add_player_cards: SUCCESS
add_player: FAILURE
get_team_points: SUCCESS, 0
get_partial_spirit: SUCCESS, 5,4,1,3,2
add_player: SUCCESS
add_player: FAILURE
remove_team: FAILURE
buy_team: SUCCESS
add_player: SUCCESS
get_player_cards: SUCCESS, 231
add_player_cards: SUCCESS
add_player_cards: SUCCESS
add_player_cards: SUCCESS
add_player_cards: FAILURE
play_match: FAILURE
remove_team: FAILURE
get_team_points: SUCCESS, 0
get_team_points: FAILURE
buy_team: SUCCESS
play_match: SUCCESS, 3
get_ith_pointless_ability: SUCCESS, 97
add_player: FAILURE
get_partial_spirit: SUCCESS, 5,1,3,2,4
remove_team: FAILURE
add_player: SUCCESS
add_player: FAILURE
remove_team: FAILURE
buy_team: SUCCESS
add_player: FAILURE
play_match: FAILURE
add_player: FAILURE
get_partial_spirit: SUCCESS, 5,3,4,1,2
num_played_games_for_player: SUCCESS, 22
add_team: FAILURE
add_player: SUCCESS
get_team_points: SUCCESS, 0
get_player_cards: SUCCESS, 72
add_player_cards: SUCCESS
get_partial_spirit: SUCCESS, 3,4,5,1,2
add_player_cards: SUCCESS
add_player: SUCCESS
add_player: SUCCESS
add_team: FAILURE
get_team_points: SUCCESS, 6
get_ith_pointless_ability: SUCCESS, 31
remove_team: FAILURE
add_player: SUCCESS
num_played_games_for_player: SUCCESS, 22
num_played_games_for_player: SUCCESS, 22
remove_team: FAILURE
get_team_points: FAILURE
add_player: SUCCESS
add_player: SUCCESS
add_player_cards: SUCCESS
get_ith_pointless_ability: SUCCESS, 71
num_played_games_for_player: SUCCESS, 22
add_player: FAILURE
get_ith_pointless_ability: SUCCESS, 65
num_played_games_for_player: SUCCESS, 22
remove_team: FAILURE
get_player_cards: SUCCESS, 33
add_player_cards: SUCCESS
get_player_cards: SUCCESS, 114
add_player_cards: SUCCESS
get_ith_pointless_ability: SUCCESS, 62
add_player: SUCCESS
add_player_cards: FAILURE
add_player: FAILURE
get_player_cards: SUCCESS, 221
play_match: SUCCESS, 3
get_partial_spirit: SUCCESS, 1,2,3,4,5
add_player: FAILURE
add_player: SUCCESS
get_team_points: FAILURE
remove_team: FAILURE
remove_team: FAILURE
num_played_games_for_player: SUCCESS, 22
get_team_points: SUCCESS, 0
add_player: FAILURE
remove_team: FAILURE
add_player_cards: SUCCESS
add_player: SUCCESS
num_played_games_for_player: SUCCESS, 22
get_team_points: SUCCESS, 3
add_player: SUCCESS
num_played_games_for_player: SUCCESS, 22
get_ith_pointless_ability: SUCCESS, 70
add_player: FAILURE
get_partial_spirit: SUCCESS, 3,4,2,5,1
remove_team: FAILURE
num_played_games_for_player: SUCCESS, 22
add_team: FAILURE
play_match: FAILURE
add_player_cards: FAILURE
get_partial_spirit: FAILURE
get_player_cards: SUCCESS, 358
remove_team: FAILURE
get_team_points: SUCCESS, 0
add_player: SUCCESS
remove_team: FAILURE
add_player_cards: FAILURE
get_ith_pointless_ability: SUCCESS, 13
num_played_games_for_player: SUCCESS, 22
get_player_cards: SUCCESS, 198
get_partial_spirit: SUCCESS, 1,2,3,4,5
buy_team: SUCCESS
add_team: FAILURE
add_team: FAILURE
add_player_cards: SUCCESS
remove_team: FAILURE
get_team_points: SUCCESS, 0
num_played_games_for_player: SUCCESS, 22
play_match: SUCCESS, 1
add_player_cards: SUCCESS
get_ith_pointless_ability: SUCCESS, 41
add_player_cards: SUCCESS
remove_team: FAILURE
get_ith_pointless_ability: SUCCESS, 28
get_ith_pointless_ability: FAILURE
get_player_cards: SUCCESS, 131
add_player_cards: SUCCESS
add_player: FAILURE
add_player: FAILURE
play_match: FAILURE
play_match: FAILURE
get_team_points: SUCCESS, 0
remove_team: FAILURE
add_player: FAILURE
add_team: FAILURE
add_player: SUCCESS
add_player: SUCCESS
buy_team: SUCCESS
get_team_points: SUCCESS, 0
num_played_games_for_player: SUCCESS, 22
play_match: FAILURE
add_player_cards: SUCCESS
get_player_cards: SUCCESS, 55
get_ith_pointless_ability: SUCCESS, 71
buy_team: SUCCESS
get_partial_spirit: FAILURE
remove_team: FAILURE
add_player: FAILURE
add_player_cards: FAILURE
add_player: SUCCESS
buy_team: SUCCESS
buy_team: SUCCESS
remove_team: FAILURE
get_player_cards: SUCCESS, 94
get_player_cards: SUCCESS, 75
get_team_points: SUCCESS, 0
remove_team: FAILURE
buy_team: SUCCESS
add_player: FAILURE
add_team: SUCCESS
get_team_points: SUCCESS, 0
get_ith_pointless_ability: SUCCESS, 34
add_player: FAILURE
get_team_points: SUCCESS, 0
add_team: FAILURE
buy_team: SUCCESS
num_played_games_for_player: SUCCESS, 22
add_player_cards: SUCCESS
get_player_cards: SUCCESS, 229
buy_team: SUCCESS
add_player_cards: FAILURE
add_player_cards: FAILURE
add_player: FAILURE
buy_team: SUCCESS
get_player_cards: SUCCESS, 60
add_player_cards: SUCCESS
add_player: SUCCESS
get_partial_spirit: SUCCESS, 1,2,3,4,5
play_match: FAILURE
get_player_cards: SUCCESS, 90
num_played_games_for_player: SUCCESS, 22
play_match: FAILURE
get_partial_spirit: FAILURE
buy_team: SUCCESS
num_played_games_for_player: SUCCESS, 22
get_player_cards: SUCCESS, 260
num_played_games_for_player: SUCCESS, 22
get_team_points: FAILURE
add_player: FAILURE
num_played_games_for_player: SUCCESS, 22
add_team: FAILURE
num_played_games_for_player: SUCCESS, 22
add_team: FAILURE
get_player_cards: SUCCESS, 131
get_ith_pointless_ability: SUCCESS, 22
add_team: FAILURE
add_player: SUCCESS
add_player: SUCCESS
num_played_games_for_player: SUCCESS, 22
get_ith_pointless_ability: SUCCESS, 73
get_partial_spirit: FAILURE
add_player: FAILURE
add_player: FAILURE
add_team: FAILURE
buy_team: SUCCESS
remove_team: FAILURE
remove_team: FAILURE
get_partial_spirit: SUCCESS, 1,2,3,4,5
get_team_points: SUCCESS, 3
add_player: SUCCESS
add_player: FAILURE
num_played_games_for_player: SUCCESS, 22
add_team: FAILURE
get_team_points: SUCCESS, 0
get_ith_pointless_ability: FAILURE
add_player_cards: SUCCESS
add_team: FAILURE
num_played_games_for_player: SUCCESS, 22
add_player: SUCCESS
get_partial_spirit: SUCCESS, 1,2,3,4,5
get_player_cards: SUCCESS, 89
get_player_cards: SUCCESS, 433
get_team_points: SUCCESS, 0
add_player_cards: SUCCESS
buy_team: SUCCESS
get_partial_spirit: SUCCESS, 5,3,1,2,4
get_ith_pointless_ability: FAILURE
add_player_cards: SUCCESS
play_match: SUCCESS, 3
add_player: SUCCESS
add_team: FAILURE
get_player_cards: SUCCESS, 132
buy_team: SUCCESS
add_team: FAILURE
add_player_cards: SUCCESS
add_player: FAILURE
add_player: SUCCESS
add_team: FAILURE
get_partial_spirit: SUCCESS, 1,2,3,4,5
add_player_cards: SUCCESS
play_match: SUCCESS, 1
get_partial_spirit: SUCCESS, 4,3,1,5,2
play_match: SUCCESS, 1
get_partial_spirit: SUCCESS, 2,3,1,4,5
remove_team: FAILURE
get_player_cards: SUCCESS, 284
get_ith_pointless_ability: SUCCESS, 31
get_ith_pointless_ability: SUCCESS, 61
add_player: FAILURE
get_ith_pointless_ability: SUCCESS, 78
add_player: SUCCESS
num_played_games_for_player: SUCCESS, 22
add_player: SUCCESS
buy_team: SUCCESS
add_player_cards: SUCCESS
get_partial_spirit: SUCCESS, 2,4,1,5,3
get_team_points: SUCCESS, 3
remove_team: FAILURE
get_partial_spirit: FAILURE
add_player: SUCCESS
get_ith_pointless_ability: SUCCESS, 13
get_partial_spirit: SUCCESS, 1,2,3,4,5
add_player_cards: SUCCESS
add_player_cards: FAILURE
add_player: SUCCESS
add_player_cards: FAILURE
add_player: FAILURE
add_player: SUCCESS
num_played_games_for_player: SUCCESS, 22
play_match: SUCCESS, 3
get_ith_pointless_ability: SUCCESS, 36
add_player_cards: SUCCESS
add_player: SUCCESS
add_player: FAILURE
add_player: SUCCESS
add_player: FAILURE
add_player: FAILURE
play_match: FAILURE
get_partial_spirit: FAILURE
play_match: FAILURE
get_player_cards: SUCCESS, 152
get_ith_pointless_ability: SUCCESS, 94
add_player_cards: SUCCESS
add_team: FAILURE
buy_team: SUCCESS
add_team: FAILURE
buy_team: SUCCESS
add_team: FAILURE
add_player_cards: FAILURE
remove_team: FAILURE
buy_team: SUCCESS
buy_team: SUCCESS
add_player_cards: SUCCESS
get_player_cards: SUCCESS, 124
add_player: SUCCESS
add_team: FAILURE
play_match: FAILURE
get_team_points: SUCCESS, 3
get_player_cards: SUCCESS, 229
add_team: FAILURE
buy_team: SUCCESS
get_player_cards: SUCCESS, 133
get_player_cards: SUCCESS, 323
add_player: SUCCESS
add_team: FAILURE
get_partial_spirit: SUCCESS, 4,5,3,2,1
remove_team: FAILURE
get_team_points: FAILURE
add_team: FAILURE
add_team: FAILURE
add_player_cards: FAILURE
add_player: FAILURE
add_player: FAILURE
add_player: SUCCESS
get_partial_spirit: SUCCESS, 1,2,3,4,5
add_team: FAILURE
num_played_games_for_player: SUCCESS, 22
num_played_games_for_player: SUCCESS, 22
get_player_cards: SUCCESS, 191
add_team: FAILURE
add_player: FAILURE
add_player_cards: SUCCESS
add_player: FAILURE
add_player_cards: FAILURE
add_player: FAILURE
num_played_games_for_player: SUCCESS, 22
get_ith_pointless_ability: SUCCESS, 23
num_played_games_for_player: SUCCESS, 22
buy_team: SUCCESS
get_team_points: SUCCESS, 0
add_player: FAILURE
add_player: FAILURE
add_player: SUCCESS
get_partial_spirit: SUCCESS, 1,2,5,3,4
num_played_games_for_player: SUCCESS, 22
add_player: FAILURE
get_team_points: SUCCESS, 0
add_player: SUCCESS
get_ith_pointless_ability: SUCCESS, 36
play_match: SUCCESS, 3
add_player: SUCCESS
add_player_cards: FAILURE
add_player_cards: SUCCESS
add_player: FAILURE
get_ith_pointless_ability: SUCCESS, 71
play_match: FAILURE
add_player: FAILURE
get_partial_spirit: FAILURE
remove_team: FAILURE
get_partial_spirit: FAILURE
add_player: FAILURE
play_match: FAILURE
add_player: FAILURE
play_match: FAILURE
add_player: SUCCESS
get_player_cards: SUCCESS, 209
play_match: FAILURE
add_player_cards: SUCCESS
add_team: FAILURE
num_played_games_for_player: SUCCESS, 22
add_player: FAILURE
buy_team: SUCCESS
add_player: FAILURE
add_player: FAILURE
get_team_points: SUCCESS, 0
get_partial_spirit: SUCCESS, 5,3,2,1,4
play_match: FAILURE
num_played_games_for_player: SUCCESS, 22
play_match: FAILURE
num_played_games_for_player: SUCCESS, 22
num_played_games_for_player: SUCCESS, 22
get_partial_spirit: SUCCESS, 4,3,1,5,2
add_team: FAILURE
add_player: FAILURE
add_player_cards: SUCCESS
add_player: FAILURE
get_player_cards: SUCCESS, 2
remove_team: FAILURE
add_team: FAILURE
get_player_cards: SUCCESS, 464
get_player_cards: SUCCESS, 251
get_ith_pointless_ability: SUCCESS, 71
num_played_games_for_player: SUCCESS, 22
remove_team: FAILURE
remove_team: FAILURE
play_match: SUCCESS, 1
add_player: FAILURE
get_player_cards: SUCCESS, 269
play_match: SUCCESS, 1
get_player_cards: SUCCESS, 199
get_player_cards: SUCCESS, 45
add_player_cards: SUCCESS
add_player: FAILURE
buy_team: SUCCESS
get_partial_spirit: SUCCESS, 1,4,5,2,3
add_player: SUCCESS
get_ith_pointless_ability: SUCCESS, 58
get_partial_spirit: SUCCESS, 3,2,1,5,4
play_match: SUCCESS, 3
add_player: FAILURE
get_partial_spirit: SUCCESS, 2,3,5,1,4
get_partial_spirit: SUCCESS, 1,2,3,4,5
get_ith_pointless_ability: SUCCESS, 26
get_team_points: FAILURE
remove_team: FAILURE
play_match: SUCCESS, 3
add_team: FAILURE
add_team: FAILURE
add_player: FAILURE
get_player_cards: SUCCESS, 124
num_played_games_for_player: SUCCESS, 22
