add_team: SUCCESS
add_team: SUCCESS
add_team: SUCCESS
add_team: SUCCESS
add_team: SUCCESS
add_team: SUCCESS
add_team: SUCCESS
add_team: SUCCESS
add_team: SUCCESS
add_team: SUCCESS
add_team: SUCCESS
add_team: SUCCESS
add_team: SUCCESS
add_team: SUCCESS
add_team: SUCCESS
add_team: SUCCESS
add_team: SUCCESS
add_team: SUCCESS
add_team: SUCCESS
add_team: SUCCESS
add_team: SUCCESS
add_team: SUCCESS
add_team: SUCCESS
add_team: SUCCESS
add_team: SUCCESS
add_team: SUCCESS
add_team: SUCCESS
add_team: SUCCESS
add_team: SUCCESS
add_team: SUCCESS
add_team: SUCCESS
add_team: SUCCESS
add_team: SUCCESS
add_team: SUCCESS
add_team: SUCCESS
add_team: SUCCESS
add_team: SUCCESS
add_team: SUCCESS
add_team: SUCCESS
add_team: SUCCESS
add_team: SUCCESS
add_team: SUCCESS
add_team: SUCCESS
add_team: SUCCESS
add_team: SUCCESS
add_team: SUCCESS
add_team: SUCCESS
add_team: SUCCESS
add_team: SUCCESS
add_team: SUCCESS
add_team: SUCCESS
add_team: SUCCESS
add_team: SUCCESS
add_team: SUCCESS
add_team: SUCCESS
add_team: SUCCESS
add_team: SUCCESS
add_team: SUCCESS
add_team: SUCCESS
add_team: SUCCESS
add_team: SUCCESS
add_team: SUCCESS
add_team: SUCCESS
add_team: SUCCESS
add_team: SUCCESS
add_team: SUCCESS
add_team: SUCCESS
add_team: SUCCESS
add_team: SUCCESS
add_team: SUCCESS
add_team: SUCCESS
add_team: SUCCESS
add_team: SUCCESS
add_team: SUCCESS
add_team: SUCCESS
add_team: SUCCESS
add_team: SUCCESS
add_team: SUCCESS
add_team: SUCCESS
add_team: SUCCESS
add_team: SUCCESS
add_team: SUCCESS
add_team: SUCCESS
add_team: SUCCESS
add_team: SUCCESS
add_team: SUCCESS
add_team: SUCCESS
add_team: SUCCESS
add_team: SUCCESS
add_team: SUCCESS
add_team: SUCCESS
add_team: SUCCESS
add_team: SUCCESS
add_team: SUCCESS
add_team: SUCCESS
add_team: SUCCESS
add_team: SUCCESS
add_team: SUCCESS
add_team: SUCCESS
add_team: SUCCESS
add_player: SUCCESS
add_player: SUCCESS
add_player: SUCCESS
add_player: SUCCESS
add_player: SUCCESS
add_player: SUCCESS
add_player: SUCCESS
add_player: SUCCESS
add_player: SUCCESS
add_player: SUCCESS
add_player: SUCCESS
add_player: SUCCESS
add_player: SUCCESS
add_player: SUCCESS
add_player: SUCCESS
add_player: SUCCESS
add_player: SUCCESS
add_player: SUCCESS
add_player: SUCCESS
add_player: SUCCESS
add_player: SUCCESS
add_player: SUCCESS
add_player: SUCCESS
add_player: SUCCESS
add_player: SUCCESS
add_player: SUCCESS
add_player: SUCCESS
add_player: SUCCESS
add_player: SUCCESS
add_player: SUCCESS
add_player: SUCCESS
add_player: SUCCESS
add_player: SUCCESS
add_player: SUCCESS
add_player: SUCCESS
add_player: SUCCESS
add_player: SUCCESS
add_player: SUCCESS
add_player: SUCCESS
add_player: SUCCESS
add_player: SUCCESS
add_player: SUCCESS
add_player: SUCCESS
add_player: SUCCESS
add_player: SUCCESS
add_player: SUCCESS
add_player: SUCCESS
add_player: SUCCESS
add_player: SUCCESS
add_player: SUCCESS
add_player: SUCCESS
add_player: SUCCESS
add_player: SUCCESS
add_player: SUCCESS
add_player: SUCCESS
add_player: SUCCESS
add_player: SUCCESS
add_player: SUCCESS
add_player: SUCCESS
add_player: SUCCESS
add_player: SUCCESS
add_player: SUCCESS
add_player: SUCCESS
add_player: SUCCESS
add_player: SUCCESS
add_player: SUCCESS
add_player: SUCCESS
add_player: SUCCESS
add_player: SUCCESS
add_player: SUCCESS
add_player: SUCCESS
add_player: SUCCESS
add_player: SUCCESS
add_player: SUCCESS
add_player: SUCCESS
add_player: SUCCESS
add_player: SUCCESS
add_player: SUCCESS
add_player: SUCCESS
add_player: SUCCESS
add_player: SUCCESS
add_player: SUCCESS
add_player: SUCCESS
add_player: SUCCESS
add_player: SUCCESS
add_player: SUCCESS
add_player: SUCCESS
add_player: SUCCESS
add_player: SUCCESS
add_player: SUCCESS
add_player: SUCCESS
add_player: SUCCESS
add_player: SUCCESS
add_player: SUCCESS
add_player: SUCCESS
add_player: SUCCESS
add_player: SUCCESS
add_player: SUCCESS
add_player: SUCCESS
add_player: SUCCESS
add_player: SUCCESS
add_player: SUCCESS
play_match: FAILURE
add_player_cards: SUCCESS
get_ith_pointless_ability: FAILURE
add_player: SUCCESS
play_match: FAILURE
remove_team: FAILURE
add_player: SUCCESS
add_player_cards: SUCCESS
num_played_games_for_player: SUCCESS, 22
add_team: SUCCESS
get_player_cards: SUCCESS, 266
add_player: SUCCESS
remove_team: FAILURE
add_player: SUCCESS
num_played_games_for_player: SUCCESS, 22
add_team: FAILURE
add_player: SUCCESS
remove_team: FAILURE
play_match: FAILURE
buy_team: SUCCESS
add_player: SUCCESS
add_player: SUCCESS
add_player: SUCCESS
get_partial_spirit: SUCCESS, 1,2,3,5,4
remove_team: FAILURE
add_team: FAILURE
get_player_cards: SUCCESS, 295
add_player: SUCCESS
add_player: SUCCESS
num_played_games_for_player: SUCCESS, 22
add_player_cards: SUCCESS
get_partial_spirit: SUCCESS, 1,2,3,4,5
get_player_cards: SUCCESS, 255
play_match: FAILURE
get_team_points: SUCCESS, 0
remove_team: FAILURE
add_player: SUCCESS
add_player: SUCCESS
add_player: SUCCESS
get_partial_spirit: SUCCESS, 5,1,4,3,2
add_player_cards: SUCCESS
remove_team: FAILURE
remove_team: FAILURE
num_played_games_for_player: SUCCESS, 22
get_ith_pointless_ability: FAILURE
play_match: FAILURE
get_team_points: SUCCESS, 0
get_ith_pointless_ability: FAILURE
add_player: SUCCESS
buy_team: SUCCESS
add_player_cards: SUCCESS
add_team: FAILURE
play_match: FAILURE
add_player_cards: SUCCESS
get_ith_pointless_ability: FAILURE
num_played_games_for_player: SUCCESS, 22
get_ith_pointless_ability: SUCCESS, 16
get_team_points: SUCCESS, 0
add_player: SUCCESS
play_match: SUCCESS, 3
add_player_cards: SUCCESS
add_player: SUCCESS
add_player: SUCCESS
add_player: SUCCESS
get_player_cards: SUCCESS, 189
remove_team: FAILURE
num_played_games_for_player: SUCCESS, 22
add_player: SUCCESS
add_player_cards: SUCCESS
get_ith_pointless_ability: FAILURE
buy_team: SUCCESS
add_player: SUCCESS
add_player_cards: SUCCESS
get_partial_spirit: SUCCESS, 5,2,4,1,3
remove_team: FAILURE
get_ith_pointless_ability: SUCCESS, 62
add_player_cards: SUCCESS
get_team_points: SUCCESS, 0
num_played_games_for_player: SUCCESS, 22
get_ith_pointless_ability: FAILURE
add_player: SUCCESS
add_player: SUCCESS
add_player: SUCCESS
num_played_games_for_player: SUCCESS, 22
add_player_cards: SUCCESS
get_partial_spirit: SUCCESS, 5,4,2,1,3
remove_team: FAILURE
add_player: SUCCESS
remove_team: FAILURE
remove_team: FAILURE
play_match: SUCCESS, 3
get_partial_spirit: SUCCESS, 1,2,3,4,5
num_played_games_for_player: SUCCESS, 22
add_player: SUCCESS
get_ith_pointless_ability: SUCCESS, 59
buy_team: SUCCESS
add_team: FAILURE
get_player_cards: SUCCESS, 77
buy_team: SUCCESS
add_player_cards: SUCCESS
play_match: SUCCESS, 3
get_team_points: SUCCESS, 0
get_team_points: SUCCESS, 0
num_played_games_for_player: SUCCESS, 22
get_player_cards: SUCCESS, 557
get_partial_spirit: SUCCESS, 1,2,3,4,5
buy_team: SUCCESS
add_player: SUCCESS
play_match: FAILURE
buy_team: SUCCESS
add_player_cards: SUCCESS
add_player: SUCCESS
add_player: SUCCESS
get_team_points: SUCCESS, 0
add_player: SUCCESS
add_player_cards: SUCCESS
buy_team: SUCCESS
remove_team: FAILURE
add_player: SUCCESS
get_player_cards: SUCCESS, 271
buy_team: SUCCESS
get_team_points: SUCCESS, 0
get_ith_pointless_ability: SUCCESS, 78
num_played_games_for_player: SUCCESS, 22
get_player_cards: SUCCESS, 26
get_player_cards: SUCCESS, 298
add_player: SUCCESS
add_player: SUCCESS
get_player_cards: SUCCESS, 273
num_played_games_for_player: SUCCESS, 22
get_player_cards: SUCCESS, 295
add_player_cards: SUCCESS
add_team: FAILURE
buy_team: SUCCESS
remove_team: FAILURE
play_match: FAILURE
add_player: SUCCESS
add_player: SUCCESS
get_partial_spirit: SUCCESS, 1,2,3,4,5
get_team_points: SUCCESS, 0
get_team_points: SUCCESS, 0
add_player: SUCCESS
get_partial_spirit: SUCCESS, 1,2,3,4,5
get_partial_spirit: SUCCESS, 5,4,2,1,3
add_player: FAILURE
num_played_games_for_player: SUCCESS, 22
add_player: SUCCESS
add_player_cards: SUCCESS
get_ith_pointless_ability: FAILURE
add_player: SUCCESS
add_player_cards: SUCCESS
play_match: FAILURE
get_team_points: SUCCESS, 0
add_player: SUCCESS
add_player_cards: SUCCESS
get_player_cards: SUCCESS, 202
add_player: SUCCESS
num_played_games_for_player: SUCCESS, 22
get_partial_spirit: SUCCESS, 1,2,3,4,5
get_partial_spirit: SUCCESS, 5,4,2,1,3
add_player_cards: SUCCESS
buy_team: SUCCESS
num_played_games_for_player: SUCCESS, 22
add_player: SUCCESS
add_player: SUCCESS
add_player: SUCCESS
add_player: SUCCESS
get_ith_pointless_ability: SUCCESS, 59
add_player: SUCCESS
num_played_games_for_player: SUCCESS, 22
get_player_cards: SUCCESS, 56
get_team_points: SUCCESS, 0
add_player: SUCCESS
buy_team: SUCCESS
add_player_cards: SUCCESS
play_match: FAILURE
add_player: SUCCESS
add_player: SUCCESS
remove_team: FAILURE
add_player: SUCCESS
remove_team: FAILURE
get_ith_pointless_ability: SUCCESS, 9
add_player_cards: SUCCESS
add_player: SUCCESS
get_team_points: SUCCESS, 0
get_ith_pointless_ability: SUCCESS, 20
remove_team: FAILURE
add_player: FAILURE
add_player: SUCCESS
get_partial_spirit: SUCCESS, 1,2,3,4,5
add_player: SUCCESS
num_played_games_for_player: SUCCESS, 22
get_ith_pointless_ability: FAILURE
get_player_cards: SUCCESS, 169
get_team_points: SUCCESS, 0
get_ith_pointless_ability: SUCCESS, 29
num_played_games_for_player: SUCCESS, 22
add_team: FAILURE
add_player: SUCCESS
get_team_points: SUCCESS, 0
buy_team: SUCCESS
add_team: FAILURE
get_player_cards: SUCCESS, 55
get_player_cards: SUCCESS, 259
get_team_points: SUCCESS, 0
play_match: FAILURE
play_match: FAILURE
remove_team: FAILURE
add_player: SUCCESS
get_partial_spirit: SUCCESS, 1,2,3,4,5
buy_team: SUCCESS
num_played_games_for_player: SUCCESS, 22
add_player: SUCCESS
get_team_points: SUCCESS, 0
buy_team: SUCCESS
add_team: FAILURE
get_player_cards: SUCCESS, 262
num_played_games_for_player: SUCCESS, 22
add_team: FAILURE
play_match: FAILURE
add_player: SUCCESS
remove_team: FAILURE
get_ith_pointless_ability: FAILURE
num_played_games_for_player: SUCCESS, 22
add_player: SUCCESS
buy_team: SUCCESS
get_partial_spirit: SUCCESS, 3,1,4,5,2
get_ith_pointless_ability: FAILURE
num_played_games_for_player: SUCCESS, 22
get_player_cards: SUCCESS, 295
get_partial_spirit: SUCCESS, 1,2,3,4,5
get_team_points: SUCCESS, 0
remove_team: FAILURE
play_match: FAILURE
add_team: FAILURE
get_team_points: SUCCESS, 0
add_team: FAILURE
add_player_cards: SUCCESS
add_player: FAILURE
add_player: SUCCESS
get_partial_spirit: SUCCESS, 4,5,3,2,1
add_player: FAILURE
remove_team: FAILURE
add_player: SUCCESS
get_team_points: SUCCESS, 0
add_player: SUCCESS
num_played_games_for_player: SUCCESS, 22
num_played_games_for_player: SUCCESS, 22
add_player_cards: SUCCESS
buy_team: SUCCESS
num_played_games_for_player: SUCCESS, 22
get_team_points: SUCCESS, 0
add_player: FAILURE
remove_team: FAILURE
add_player_cards: SUCCESS
get_ith_pointless_ability: FAILURE
get_team_points: SUCCESS, 0
buy_team: SUCCESS
add_player: SUCCESS
add_player: SUCCESS
add_player: SUCCESS
get_partial_spirit: SUCCESS, 1,2,3,4,5
remove_team: FAILURE
get_player_cards: SUCCESS, 22
add_player: FAILURE
get_player_cards: SUCCESS, 387
add_player: SUCCESS
get_player_cards: SUCCESS, 202
add_team: FAILURE
get_player_cards: SUCCESS, 143
get_partial_spirit: SUCCESS, 1,2,5,3,4
num_played_games_for_player: SUCCESS, 22
remove_team: FAILURE
get_player_cards: SUCCESS, 350
num_played_games_for_player: SUCCESS, 22
get_ith_pointless_ability: SUCCESS, 76
num_played_games_for_player: SUCCESS, 22
add_player: SUCCESS
remove_team: FAILURE
get_partial_spirit: SUCCESS, 1,5,4,2,3
num_played_games_for_player: SUCCESS, 22
add_player: SUCCESS
num_played_games_for_player: SUCCESS, 22
add_player_cards: SUCCESS
add_player: SUCCESS
get_partial_spirit: SUCCESS, 5,2,3,1,4
remove_team: FAILURE
buy_team: SUCCESS
get_player_cards: SUCCESS, 218
num_played_games_for_player: SUCCESS, 22
num_played_games_for_player: SUCCESS, 22
num_played_games_for_player: SUCCESS, 22
add_player: SUCCESS
get_player_cards: SUCCESS, 276
add_player_cards: SUCCESS
add_player: SUCCESS
num_played_games_for_player: SUCCESS, 22
num_played_games_for_player: SUCCESS, 22
get_player_cards: SUCCESS, 26
play_match: SUCCESS, 3
num_played_games_for_player: SUCCESS, 22
remove_team: FAILURE
add_team: FAILURE
play_match: FAILURE
get_partial_spirit: SUCCESS, 1,2,3,4,5
play_match: SUCCESS, 1
get_partial_spirit: SUCCESS, 5,4,2,1,3
get_team_points: SUCCESS, 0
get_ith_pointless_ability: SUCCESS, 11
play_match: FAILURE
add_player: SUCCESS
get_partial_spirit: SUCCESS, 4,3,5,1,2
num_played_games_for_player: SUCCESS, 22
get_team_points: SUCCESS, 0
num_played_games_for_player: SUCCESS, 22
num_played_games_for_player: SUCCESS, 22
add_player: SUCCESS
play_match: SUCCESS, 3
add_player_cards: SUCCESS
buy_team: SUCCESS
add_player: SUCCESS
get_team_points: SUCCESS, 0
get_team_points: SUCCESS, 0
add_player: SUCCESS
add_team: FAILURE
add_player_cards: SUCCESS
add_player: SUCCESS
num_played_games_for_player: SUCCESS, 22
get_ith_pointless_ability: FAILURE
add_player: SUCCESS
add_player: FAILURE
remove_team: FAILURE
get_ith_pointless_ability: SUCCESS, 57
buy_team: SUCCESS
get_ith_pointless_ability: SUCCESS, 72
get_ith_pointless_ability: SUCCESS, 46
get_ith_pointless_ability: SUCCESS, 44
num_played_games_for_player: SUCCESS, 22
add_player: SUCCESS
get_partial_spirit: FAILURE
add_player: FAILURE
remove_team: FAILURE
remove_team: FAILURE
get_player_cards: SUCCESS, 210
get_team_points: SUCCESS, 0
get_player_cards: SUCCESS, 123
remove_team: FAILURE
get_team_points: SUCCESS, 0
get_team_points: SUCCESS, 0
add_player: FAILURE
add_player: FAILURE
add_player: FAILURE
get_player_cards: SUCCESS, 186
buy_team: SUCCESS
get_partial_spirit: SUCCESS, 1,4,5,3,2
buy_team: SUCCESS
remove_team: FAILURE
play_match: FAILURE
get_partial_spirit: SUCCESS, 1,4,5,3,2
play_match: FAILURE
add_team: FAILURE
get_player_cards: SUCCESS, 108
add_player: SUCCESS
remove_team: FAILURE
remove_team: FAILURE
add_player: SUCCESS
get_team_points: SUCCESS, 0
num_played_games_for_player: SUCCESS, 22
add_player: SUCCESS
add_player: SUCCESS
add_player_cards: SUCCESS
play_match: FAILURE
add_player: SUCCESS
play_match: FAILURE
add_player: SUCCESS
get_player_cards: SUCCESS, 47
remove_team: FAILURE
play_match: SUCCESS, 3
num_played_games_for_player: SUCCESS, 22
add_player: SUCCESS
add_player: FAILURE
num_played_games_for_player: SUCCESS, 22
get_partial_spirit: FAILURE
get_player_cards: SUCCESS, 13
num_played_games_for_player: SUCCESS, 22
get_partial_spirit: SUCCESS, 2,3,5,1,4
buy_team: SUCCESS
num_played_games_for_player: SUCCESS, 22
buy_team: SUCCESS
get_partial_spirit: SUCCESS, 3,4,1,2,5
get_partial_spirit: SUCCESS, 1,2,3,4,5
add_player: SUCCESS
add_player: SUCCESS
play_match: FAILURE
add_player: FAILURE
get_ith_pointless_ability: FAILURE
add_player: SUCCESS
buy_team: SUCCESS
add_player: FAILURE
get_team_points: SUCCESS, 3
remove_team: FAILURE
get_player_cards: SUCCESS, 557
play_match: FAILURE
play_match: FAILURE
remove_team: FAILURE
buy_team: SUCCESS
add_player_cards: SUCCESS
play_match: SUCCESS, 3
num_played_games_for_player: SUCCESS, 22
play_match: FAILURE
add_team: FAILURE
play_match: FAILURE
add_player: SUCCESS
get_partial_spirit: SUCCESS, 3,1,5,2,4
remove_team: FAILURE
add_player: FAILURE
play_match: FAILURE
get_partial_spirit: SUCCESS, 1,2,3,4,5
add_player: SUCCESS
add_player: SUCCESS
get_player_cards: SUCCESS, 59
get_team_points: SUCCESS, 0
get_ith_pointless_ability: SUCCESS, 30
get_ith_pointless_ability: FAILURE
add_player: SUCCESS
add_team: FAILURE
get_partial_spirit: SUCCESS, 1,5,2,3,4
buy_team: SUCCESS
add_player: SUCCESS
buy_team: SUCCESS
add_player: FAILURE
remove_team: FAILURE
remove_team: FAILURE
add_team: FAILURE
buy_team: SUCCESS
add_player: SUCCESS
num_played_games_for_player: SUCCESS, 22
add_player: FAILURE
get_ith_pointless_ability: SUCCESS, 62
num_played_games_for_player: SUCCESS, 22
add_player: SUCCESS
get_player_cards: SUCCESS, 202
add_player_cards: SUCCESS
remove_team: FAILURE
num_played_games_for_player: SUCCESS, 22
remove_team: FAILURE
add_player: FAILURE
add_player: SUCCESS
play_match: FAILURE
num_played_games_for_player: SUCCESS, 22
add_player: SUCCESS
get_team_points: SUCCESS, 0
add_player: SUCCESS
num_played_games_for_player: SUCCESS, 22
buy_team: SUCCESS
play_match: SUCCESS, 3
add_team: FAILURE
add_player_cards: SUCCESS
get_partial_spirit: SUCCESS, 4,5,2,3,1
add_team: FAILURE
add_player: SUCCESS
get_team_points: SUCCESS, 0
get_ith_pointless_ability: SUCCESS, 78
add_player: SUCCESS
get_ith_pointless_ability: SUCCESS, 66
play_match: SUCCESS, 3
add_team: FAILURE
add_player: SUCCESS
add_player: SUCCESS
get_ith_pointless_ability: SUCCESS, 29
buy_team: SUCCESS
add_player: FAILURE
play_match: FAILURE
get_ith_pointless_ability: SUCCESS, 14
add_player: FAILURE
add_player: SUCCESS
remove_team: FAILURE
add_player_cards: SUCCESS
add_team: FAILURE
buy_team: SUCCESS
get_player_cards: SUCCESS, 11
add_team: FAILURE
add_player_cards: SUCCESS
get_partial_spirit: SUCCESS, 1,2,5,3,4
get_player_cards: SUCCESS, 248
get_player_cards: SUCCESS, 97
num_played_games_for_player: SUCCESS, 22
num_played_games_for_player: SUCCESS, 22
buy_team: SUCCESS
add_team: FAILURE
get_player_cards: SUCCESS, 241
buy_team: SUCCESS
add_player: FAILURE
add_player: FAILURE
remove_team: FAILURE
play_match: FAILURE
remove_team: FAILURE
get_ith_pointless_ability: SUCCESS, 72
buy_team: SUCCESS
add_team: FAILURE
add_player: SUCCESS
remove_team: FAILURE
num_played_games_for_player: SUCCESS, 22
add_player: SUCCESS
add_team: FAILURE
add_player: SUCCESS
add_player_cards: FAILURE
buy_team: SUCCESS
add_player: FAILURE
get_player_cards: SUCCESS, 157
add_player: SUCCESS
get_team_points: SUCCESS, 0
play_match: FAILURE
buy_team: SUCCESS
add_player: FAILURE
add_player: FAILURE
remove_team: FAILURE
add_player: SUCCESS
play_match: FAILURE
add_player: SUCCESS
add_team: FAILURE
buy_team: SUCCESS
num_played_games_for_player: SUCCESS, 22
get_ith_pointless_ability: SUCCESS, 45
get_team_points: SUCCESS, 0
buy_team: SUCCESS
add_player: SUCCESS
get_team_points: SUCCESS, 0
get_player_cards: SUCCESS, 282
remove_team: FAILURE
buy_team: SUCCESS
add_player: SUCCESS
num_played_games_for_player: SUCCESS, 22
get_team_points: SUCCESS, 0
buy_team: SUCCESS
get_team_points: FAILURE
remove_team: FAILURE
num_played_games_for_player: SUCCESS, 22
remove_team: FAILURE
play_match: FAILURE
get_ith_pointless_ability: SUCCESS, 20
num_played_games_for_player: SUCCESS, 22
play_match: FAILURE
play_match: SUCCESS, 1
get_player_cards: SUCCESS, 135
get_partial_spirit: SUCCESS, 1,2,3,4,5
remove_team: FAILURE
num_played_games_for_player: SUCCESS, 22
play_match: FAILURE
get_team_points: SUCCESS, 0
add_team: FAILURE
get_ith_pointless_ability: SUCCESS, 24
remove_team: FAILURE
add_team: FAILURE
add_player: FAILURE
get_player_cards: SUCCESS, 192
num_played_games_for_player: SUCCESS, 22
get_ith_pointless_ability: SUCCESS, 20
get_team_points: SUCCESS, 0
add_player_cards: SUCCESS
add_player_cards: SUCCESS
add_player: SUCCESS
get_ith_pointless_ability: SUCCESS, 24
add_player: SUCCESS
get_ith_pointless_ability: SUCCESS, 82
add_player: SUCCESS
add_player_cards: SUCCESS
add_player: SUCCESS
add_player_cards: SUCCESS
add_player: SUCCESS
add_player: SUCCESS
add_player: SUCCESS
get_team_points: SUCCESS, 0
remove_team: FAILURE
get_ith_pointless_ability: SUCCESS, 57
get_player_cards: SUCCESS, 383
num_played_games_for_player: SUCCESS, 22
add_team: FAILURE
get_player_cards: SUCCESS, 77
add_team: FAILURE
add_player_cards: SUCCESS
add_player: SUCCESS
get_team_points: SUCCESS, 0
add_player_cards: SUCCESS
get_ith_pointless_ability: SUCCESS, 4
get_partial_spirit: FAILURE
get_partial_spirit: SUCCESS, 3,5,1,2,4
add_player: FAILURE
add_player_cards: SUCCESS
num_played_games_for_player: SUCCESS, 22
get_player_cards: SUCCESS, 279
add_player_cards: SUCCESS
get_partial_spirit: SUCCESS, 3,4,1,5,2
get_partial_spirit: SUCCESS, 1,2,3,4,5
get_ith_pointless_ability: SUCCESS, 16
get_player_cards: SUCCESS, 267
add_team: FAILURE
add_team: FAILURE
add_player_cards: SUCCESS
add_player: SUCCESS
remove_team: FAILURE
add_player: FAILURE
add_player: FAILURE
buy_team: SUCCESS
num_played_games_for_player: SUCCESS, 22
add_team: FAILURE
add_player: FAILURE
get_partial_spirit: SUCCESS, 1,2,3,5,4
play_match: FAILURE
get_team_points: SUCCESS, 3
get_ith_pointless_ability: SUCCESS, 82
num_played_games_for_player: SUCCESS, 22
num_played_games_for_player: SUCCESS, 22
add_team: FAILURE
add_player_cards: SUCCESS
get_partial_spirit: SUCCESS, 1,3,4,5,2
buy_team: SUCCESS
get_partial_spirit: SUCCESS, 4,5,3,2,1
add_player: FAILURE
get_ith_pointless_ability: SUCCESS, 45
play_match: SUCCESS, 1
add_player: FAILURE
buy_team: SUCCESS
add_player_cards: SUCCESS
add_player: FAILURE
get_partial_spirit: SUCCESS, 1,2,3,4,5
add_player: FAILURE
get_partial_spirit: FAILURE
add_player_cards: SUCCESS
num_played_games_for_player: SUCCESS, 22
get_partial_spirit: SUCCESS, 5,4,3,2,1
add_player: FAILURE
play_match: SUCCESS, 3
get_partial_spirit: SUCCESS, 1,2,3,4,5
get_player_cards: SUCCESS, 45
get_partial_spirit: SUCCESS, 4,2,5,1,3
add_player: FAILURE
get_player_cards: SUCCESS, 273
get_team_points: SUCCESS, 0
remove_team: FAILURE
add_player: FAILURE
num_played_games_for_player: SUCCESS, 22
buy_team: SUCCESS
get_player_cards: SUCCESS, 276
add_player: FAILURE
get_player_cards: SUCCESS, 39
add_player: FAILURE
buy_team: SUCCESS
add_player: FAILURE
remove_team: FAILURE
play_match: SUCCESS, 1
add_player: FAILURE
play_match: SUCCESS, 3
add_player: FAILURE
add_player: FAILURE
num_played_games_for_player: SUCCESS, 22
add_team: FAILURE
get_player_cards: SUCCESS, 116
add_player: FAILURE
get_partial_spirit: SUCCESS, 2,5,1,3,4
buy_team: SUCCESS
get_team_points: SUCCESS, 0
buy_team: SUCCESS
add_team: FAILURE
get_player_cards: SUCCESS, 127
get_team_points: SUCCESS, 0
get_partial_spirit: SUCCESS, 1,2,3,5,4
add_player: FAILURE
add_player: FAILURE
add_player_cards: SUCCESS
add_player_cards: SUCCESS
buy_team: SUCCESS
buy_team: SUCCESS
add_player: FAILURE
num_played_games_for_player: SUCCESS, 22
get_player_cards: SUCCESS, 2
get_player_cards: SUCCESS, 288
add_player: FAILURE
get_ith_pointless_ability: SUCCESS, 75
add_player: FAILURE
add_player: FAILURE
get_partial_spirit: SUCCESS, 1,4,2,5,3
get_partial_spirit: SUCCESS, 1,2,3,4,5
add_player_cards: SUCCESS
num_played_games_for_player: SUCCESS, 22
add_player: FAILURE
get_ith_pointless_ability: SUCCESS, 89
add_player: FAILURE
get_player_cards: SUCCESS, 146
add_player: FAILURE
get_team_points: SUCCESS, 0
get_player_cards: SUCCESS, 213
num_played_games_for_player: SUCCESS, 22
get_partial_spirit: SUCCESS, 5,4,3,2,1
get_ith_pointless_ability: SUCCESS, 62
get_partial_spirit: SUCCESS, 5,4,3,2,1
buy_team: SUCCESS
get_partial_spirit: SUCCESS, 3,2,1,4,5
add_player: FAILURE
add_player: FAILURE
add_player: FAILURE
add_team: FAILURE
remove_team: FAILURE
add_player: FAILURE
play_match: SUCCESS, 1
add_player: FAILURE
get_ith_pointless_ability: SUCCESS, 66
add_player_cards: SUCCESS
add_player: FAILURE
get_player_cards: SUCCESS, 202
buy_team: SUCCESS
buy_team: SUCCESS
play_match: FAILURE
add_player: FAILURE
buy_team: SUCCESS
add_player: FAILURE
buy_team: SUCCESS
play_match: FAILURE
add_player: FAILURE
add_player_cards: SUCCESS
add_player: FAILURE
get_partial_spirit: SUCCESS, 4,3,5,2,1
get_partial_spirit: SUCCESS, 1,2,3,4,5
num_played_games_for_player: SUCCESS, 22
num_played_games_for_player: SUCCESS, 22
add_player: FAILURE
add_player: FAILURE
add_player: FAILURE
num_played_games_for_player: SUCCESS, 22
get_player_cards: SUCCESS, 89
num_played_games_for_player: SUCCESS, 22
get_team_points: FAILURE
get_ith_pointless_ability: FAILURE
add_player: FAILURE
remove_team: FAILURE
buy_team: SUCCESS
play_match: SUCCESS, 3
num_played_games_for_player: SUCCESS, 22
remove_team: FAILURE
add_player_cards: SUCCESS
add_player: FAILURE
add_team: FAILURE
get_ith_pointless_ability: SUCCESS, 14
add_player: FAILURE
add_player_cards: SUCCESS
play_match: SUCCESS, 3
add_player_cards: SUCCESS
get_team_points: FAILURE
get_partial_spirit: SUCCESS, 3,1,4,2,5
get_player_cards: SUCCESS, 163
get_player_cards: SUCCESS, 251
remove_team: FAILURE
add_player: FAILURE
remove_team: FAILURE
add_player: FAILURE
play_match: FAILURE
add_team: FAILURE
play_match: FAILURE
buy_team: SUCCESS
remove_team: FAILURE
remove_team: FAILURE
add_player: FAILURE
add_player: FAILURE
num_played_games_for_player: SUCCESS, 22
play_match: SUCCESS, 1
add_player: FAILURE
get_player_cards: SUCCESS, 163
add_player_cards: SUCCESS
buy_team: SUCCESS
add_player_cards: SUCCESS
add_player: FAILURE
get_team_points: FAILURE
get_partial_spirit: SUCCESS, 1,2,3,4,5
add_player: FAILURE
get_player_cards: SUCCESS, 327
remove_team: FAILURE
remove_team: FAILURE
get_player_cards: SUCCESS, 127
remove_team: FAILURE
num_played_games_for_player: SUCCESS, 22
add_player: FAILURE
buy_team: SUCCESS
num_played_games_for_player: SUCCESS, 22
get_player_cards: SUCCESS, 422
get_ith_pointless_ability: SUCCESS, 72
add_player: FAILURE
add_team: FAILURE
add_player: FAILURE
remove_team: FAILURE
add_team: FAILURE
remove_team: FAILURE
get_player_cards: SUCCESS, 202
add_player: FAILURE
play_match: FAILURE
get_player_cards: SUCCESS, 706
get_ith_pointless_ability: SUCCESS, 74
get_ith_pointless_ability: SUCCESS, 75
add_team: FAILURE
add_player: FAILURE
play_match: FAILURE
add_player: FAILURE
play_match: SUCCESS, 3
remove_team: FAILURE
play_match: FAILURE
add_player_cards: SUCCESS
num_played_games_for_player: SUCCESS, 22
get_team_points: SUCCESS, 0
buy_team: SUCCESS
get_ith_pointless_ability: SUCCESS, 70
add_player_cards: SUCCESS
add_player: FAILURE
get_team_points: SUCCESS, 6
buy_team: SUCCESS
add_player: FAILURE
get_ith_pointless_ability: SUCCESS, 11
num_played_games_for_player: SUCCESS, 22
get_partial_spirit: FAILURE
add_team: FAILURE
get_player_cards: SUCCESS, 282
add_player: FAILURE
add_team: FAILURE
add_team: FAILURE
num_played_games_for_player: SUCCESS, 22
add_player: FAILURE
add_player: FAILURE
add_player_cards: SUCCESS
get_team_points: SUCCESS, 0
add_player: FAILURE
add_player: FAILURE
add_player: FAILURE
get_partial_spirit: SUCCESS, 4,3,2,1,5
remove_team: FAILURE
get_partial_spirit: SUCCESS, 1,2,3,5,4
add_player: FAILURE
num_played_games_for_player: SUCCESS, 22
add_team: FAILURE
add_team: FAILURE
add_player: FAILURE
add_team: FAILURE
add_player: FAILURE
add_team: FAILURE
add_player_cards: SUCCESS
add_player: FAILURE
add_player: FAILURE
num_played_games_for_player: SUCCESS, 22
add_player: FAILURE
get_team_points: SUCCESS, 0
add_player: FAILURE
get_player_cards: SUCCESS, 262
remove_team: FAILURE
add_player: FAILURE
add_team: FAILURE
play_match: SUCCESS, 1
play_match: FAILURE
get_player_cards: SUCCESS, 190
num_played_games_for_player: SUCCESS, 22
play_match: SUCCESS, 3
add_player: FAILURE
num_played_games_for_player: SUCCESS, 22
num_played_games_for_player: SUCCESS, 22
add_player: FAILURE
remove_team: FAILURE
play_match: FAILURE
play_match: FAILURE
add_player: FAILURE
num_played_games_for_player: SUCCESS, 22
add_player: FAILURE
get_player_cards: SUCCESS, 6
play_match: FAILURE
get_partial_spirit: SUCCESS, 3,1,4,5,2
add_player_cards: SUCCESS
add_player: FAILURE
get_player_cards: SUCCESS, 237
add_team: FAILURE
remove_team: FAILURE
add_player_cards: SUCCESS
add_player: FAILURE
get_ith_pointless_ability: FAILURE
get_partial_spirit: SUCCESS, 5,4,3,2,1
add_player_cards: FAILURE
buy_team: SUCCESS
add_player: FAILURE
get_player_cards: SUCCESS, 327
add_team: FAILURE
get_ith_pointless_ability: FAILURE
remove_team: FAILURE
add_player: FAILURE
buy_team: SUCCESS
get_ith_pointless_ability: SUCCESS, 36
add_team: FAILURE
get_player_cards: SUCCESS, 135
add_player: FAILURE
get_ith_pointless_ability: SUCCESS, 61
get_player_cards: SUCCESS, 237
play_match: SUCCESS, 1
get_partial_spirit: FAILURE
add_player_cards: SUCCESS
add_player: FAILURE
get_partial_spirit: SUCCESS, 1,2,3,4,5
add_player: FAILURE
add_player: FAILURE
add_player: FAILURE
get_partial_spirit: SUCCESS, 1,2,3,4,5
add_player_cards: SUCCESS
add_player_cards: FAILURE
add_player: FAILURE
get_player_cards: SUCCESS, 282
add_player: FAILURE
add_player: FAILURE
get_ith_pointless_ability: SUCCESS, 32
add_player_cards: SUCCESS
get_team_points: SUCCESS, 6
buy_team: SUCCESS
play_match: FAILURE
get_partial_spirit: SUCCESS, 1,2,3,4,5
add_player: FAILURE
num_played_games_for_player: SUCCESS, 22
get_team_points: SUCCESS, 3
add_player_cards: SUCCESS
buy_team: SUCCESS
buy_team: SUCCESS
get_ith_pointless_ability: SUCCESS, 62
add_team: FAILURE
get_team_points: FAILURE
num_played_games_for_player: SUCCESS, 22
add_player: FAILURE
get_team_points: SUCCESS, 0
get_team_points: SUCCESS, 0
get_partial_spirit: SUCCESS, 1,2,3,4,5
add_player: FAILURE
add_player: FAILURE
get_team_points: FAILURE
add_player_cards: SUCCESS
num_played_games_for_player: SUCCESS, 22
add_team: FAILURE
play_match: FAILURE
add_player_cards: SUCCESS
add_player_cards: SUCCESS
add_team: FAILURE
add_player: FAILURE
get_ith_pointless_ability: SUCCESS, 61
get_player_cards: SUCCESS, 70
add_player_cards: SUCCESS
add_team: FAILURE
add_player: FAILURE
add_player: FAILURE
add_player_cards: SUCCESS
remove_team: FAILURE
get_team_points: SUCCESS, 6
add_player_cards: FAILURE
get_partial_spirit: SUCCESS, 1,5,3,2,4
add_player: FAILURE
num_played_games_for_player: SUCCESS, 22
add_player: FAILURE
buy_team: SUCCESS
buy_team: SUCCESS
get_ith_pointless_ability: SUCCESS, 2
get_partial_spirit: SUCCESS, 4,3,1,5,2
play_match: FAILURE
add_team: FAILURE
get_ith_pointless_ability: SUCCESS, 24
play_match: FAILURE
add_team: FAILURE
buy_team: SUCCESS
add_player_cards: FAILURE
remove_team: FAILURE
add_player: FAILURE
add_player: FAILURE
add_player: FAILURE
remove_team: FAILURE
get_partial_spirit: SUCCESS, 4,3,2,1,5
add_player_cards: SUCCESS
buy_team: SUCCESS
add_team: FAILURE
buy_team: SUCCESS
buy_team: SUCCESS
remove_team: FAILURE
remove_team: FAILURE
add_team: FAILURE
remove_team: FAILURE
buy_team: SUCCESS
add_player_cards: SUCCESS
get_player_cards: SUCCESS, 77
add_player: FAILURE
buy_team: SUCCESS
get_player_cards: SUCCESS, 58
add_player_cards: SUCCESS
remove_team: FAILURE
add_team: FAILURE
num_played_games_for_player: SUCCESS, 22
add_player: FAILURE
add_player: FAILURE
get_team_points: SUCCESS, 6
add_team: FAILURE
get_ith_pointless_ability: FAILURE
add_player_cards: FAILURE
get_player_cards: SUCCESS, 7
get_ith_pointless_ability: FAILURE
