add_team: SUCCESS
add_team: SUCCESS
add_team: SUCCESS
add_team: SUCCESS
add_team: SUCCESS
add_team: SUCCESS
add_team: SUCCESS
add_team: SUCCESS
add_team: SUCCESS
add_team: SUCCESS
add_team: SUCCESS
add_team: SUCCESS
add_team: SUCCESS
add_team: SUCCESS
add_team: SUCCESS
add_team: SUCCESS
add_team: SUCCESS
add_team: SUCCESS
add_team: SUCCESS
add_team: SUCCESS
add_team: SUCCESS
add_team: SUCCESS
add_team: SUCCESS
add_team: SUCCESS
add_team: SUCCESS
add_team: SUCCESS
add_team: SUCCESS
add_team: SUCCESS
add_team: SUCCESS
add_team: SUCCESS
add_team: SUCCESS
add_team: SUCCESS
add_team: SUCCESS
add_team: SUCCESS
add_team: SUCCESS
add_team: SUCCESS
add_team: SUCCESS
add_team: SUCCESS
add_team: SUCCESS
add_team: SUCCESS
add_team: SUCCESS
add_team: SUCCESS
add_team: SUCCESS
add_team: SUCCESS
add_team: SUCCESS
add_team: SUCCESS
add_team: SUCCESS
add_team: SUCCESS
add_team: SUCCESS
add_team: SUCCESS
add_team: SUCCESS
add_team: SUCCESS
add_team: SUCCESS
add_team: SUCCESS
add_team: SUCCESS
add_team: SUCCESS
add_team: SUCCESS
add_team: SUCCESS
add_team: SUCCESS
add_team: SUCCESS
add_team: SUCCESS
add_team: SUCCESS
add_team: SUCCESS
add_team: SUCCESS
add_team: SUCCESS
add_team: SUCCESS
add_team: SUCCESS
add_team: SUCCESS
add_team: SUCCESS
add_team: SUCCESS
add_team: SUCCESS
add_team: SUCCESS
add_team: SUCCESS
add_team: SUCCESS
add_team: SUCCESS
add_team: SUCCESS
add_team: SUCCESS
add_team: SUCCESS
add_team: SUCCESS
add_team: SUCCESS
add_team: SUCCESS
add_team: SUCCESS
add_team: SUCCESS
add_team: SUCCESS
add_team: SUCCESS
add_team: SUCCESS
add_team: SUCCESS
add_team: SUCCESS
add_team: SUCCESS
add_team: SUCCESS
add_team: SUCCESS
add_team: SUCCESS
add_team: SUCCESS
add_team: SUCCESS
add_team: SUCCESS
add_team: SUCCESS
add_team: SUCCESS
add_team: SUCCESS
add_team: SUCCESS
add_team: SUCCESS
add_player: SUCCESS
add_player: SUCCESS
add_player: SUCCESS
add_player: SUCCESS
add_player: SUCCESS
add_player: SUCCESS
add_player: SUCCESS
add_player: SUCCESS
add_player: SUCCESS
add_player: SUCCESS
add_player: SUCCESS
add_player: SUCCESS
add_player: SUCCESS
add_player: SUCCESS
add_player: SUCCESS
add_player: SUCCESS
add_player: SUCCESS
add_player: SUCCESS
add_player: SUCCESS
add_player: SUCCESS
add_player: SUCCESS
add_player: SUCCESS
add_player: SUCCESS
add_player: SUCCESS
add_player: SUCCESS
add_player: SUCCESS
add_player: SUCCESS
add_player: SUCCESS
add_player: SUCCESS
add_player: SUCCESS
add_player: SUCCESS
add_player: SUCCESS
add_player: SUCCESS
add_player: SUCCESS
add_player: SUCCESS
add_player: SUCCESS
add_player: SUCCESS
add_player: SUCCESS
add_player: SUCCESS
add_player: SUCCESS
add_player: SUCCESS
add_player: SUCCESS
add_player: SUCCESS
add_player: SUCCESS
add_player: SUCCESS
add_player: SUCCESS
add_player: SUCCESS
add_player: SUCCESS
add_player: SUCCESS
add_player: SUCCESS
add_player: SUCCESS
add_player: SUCCESS
add_player: SUCCESS
add_player: SUCCESS
add_player: SUCCESS
add_player: SUCCESS
add_player: SUCCESS
add_player: SUCCESS
add_player: SUCCESS
add_player: SUCCESS
add_player: SUCCESS
add_player: SUCCESS
add_player: SUCCESS
add_player: SUCCESS
add_player: SUCCESS
add_player: SUCCESS
add_player: SUCCESS
add_player: SUCCESS
add_player: SUCCESS
add_player: SUCCESS
add_player: SUCCESS
add_player: SUCCESS
add_player: SUCCESS
add_player: SUCCESS
add_player: SUCCESS
add_player: SUCCESS
add_player: SUCCESS
add_player: SUCCESS
add_player: SUCCESS
add_player: SUCCESS
add_player: SUCCESS
add_player: SUCCESS
add_player: SUCCESS
add_player: SUCCESS
add_player: SUCCESS
add_player: SUCCESS
add_player: SUCCESS
add_player: SUCCESS
add_player: SUCCESS
add_player: SUCCESS
add_player: SUCCESS
add_player: SUCCESS
add_player: SUCCESS
add_player: SUCCESS
add_player: SUCCESS
add_player: SUCCESS
add_player: SUCCESS
add_player: SUCCESS
add_player: SUCCESS
add_player: SUCCESS
add_player: SUCCESS
add_player_cards: SUCCESS
play_match: FAILURE
get_ith_pointless_ability: SUCCESS, 87
get_partial_spirit: SUCCESS, 1,2,3,4,5
add_player: SUCCESS
add_team: SUCCESS
num_played_games_for_player: SUCCESS, 22
num_played_games_for_player: SUCCESS, 22
add_player: SUCCESS
get_partial_spirit: SUCCESS, 1,2,3,4,5
get_team_points: SUCCESS, 0
add_player: SUCCESS
get_ith_pointless_ability: FAILURE
get_team_points: SUCCESS, 0
get_ith_pointless_ability: SUCCESS, 50
add_player: SUCCESS
get_ith_pointless_ability: FAILURE
get_team_points: SUCCESS, 0
buy_team: SUCCESS
get_partial_spirit: SUCCESS, 1,2,3,4,5
get_player_cards: SUCCESS, 131
add_player: SUCCESS
get_player_cards: SUCCESS, 44
get_ith_pointless_ability: SUCCESS, 81
remove_team: FAILURE
buy_team: SUCCESS
get_ith_pointless_ability: SUCCESS, 51
buy_team: SUCCESS
add_player: SUCCESS
buy_team: SUCCESS
play_match: FAILURE
get_player_cards: SUCCESS, 1
remove_team: FAILURE
get_player_cards: SUCCESS, 202
get_team_points: SUCCESS, 0
get_partial_spirit: SUCCESS, 4,1,3,5,2
buy_team: SUCCESS
add_player: SUCCESS
get_player_cards: SUCCESS, 180
play_match: FAILURE
num_played_games_for_player: SUCCESS, 22
get_ith_pointless_ability: SUCCESS, 9
add_player: SUCCESS
add_player: SUCCESS
get_team_points: SUCCESS, 0
add_team: FAILURE
get_partial_spirit: SUCCESS, 4,2,1,3,5
buy_team: SUCCESS
add_team: FAILURE
remove_team: FAILURE
num_played_games_for_player: SUCCESS, 22
add_player: SUCCESS
num_played_games_for_player: SUCCESS, 22
get_player_cards: SUCCESS, 256
remove_team: FAILURE
add_player_cards: SUCCESS
play_match: FAILURE
add_player: SUCCESS
play_match: FAILURE
add_player: SUCCESS
remove_team: FAILURE
get_partial_spirit: SUCCESS, 1,2,3,4,5
get_team_points: SUCCESS, 0
add_player: SUCCESS
add_team: FAILURE
get_team_points: SUCCESS, 0
get_ith_pointless_ability: FAILURE
remove_team: FAILURE
get_partial_spirit: SUCCESS, 1,2,3,4,5
add_team: FAILURE
buy_team: SUCCESS
get_team_points: SUCCESS, 0
add_player_cards: SUCCESS
num_played_games_for_player: SUCCESS, 22
add_player_cards: SUCCESS
get_partial_spirit: SUCCESS, 1,2,3,4,5
add_player: SUCCESS
remove_team: FAILURE
add_player: SUCCESS
num_played_games_for_player: SUCCESS, 22
play_match: FAILURE
add_player_cards: SUCCESS
buy_team: SUCCESS
add_team: FAILURE
get_player_cards: SUCCESS, 242
get_ith_pointless_ability: FAILURE
add_player: SUCCESS
remove_team: FAILURE
add_player: SUCCESS
buy_team: SUCCESS
get_ith_pointless_ability: FAILURE
add_player: SUCCESS
get_player_cards: SUCCESS, 104
add_team: FAILURE
add_player: SUCCESS
add_player_cards: SUCCESS
add_player: SUCCESS
get_partial_spirit: SUCCESS, 1,2,3,4,5
add_player_cards: SUCCESS
get_player_cards: SUCCESS, 467
get_player_cards: SUCCESS, 147
remove_team: FAILURE
remove_team: FAILURE
buy_team: SUCCESS
add_player: SUCCESS
add_player_cards: SUCCESS
add_player: SUCCESS
num_played_games_for_player: SUCCESS, 22
get_team_points: SUCCESS, 0
num_played_games_for_player: SUCCESS, 22
add_player: FAILURE
add_player_cards: SUCCESS
get_partial_spirit: SUCCESS, 5,3,1,2,4
play_match: FAILURE
play_match: FAILURE
play_match: SUCCESS, 3
buy_team: SUCCESS
add_player: SUCCESS
get_ith_pointless_ability: FAILURE
get_ith_pointless_ability: FAILURE
add_player: SUCCESS
remove_team: FAILURE
buy_team: SUCCESS
get_partial_spirit: SUCCESS, 3,1,2,4,5
get_partial_spirit: SUCCESS, 3,4,2,5,1
get_partial_spirit: SUCCESS, 1,2,3,4,5
num_played_games_for_player: SUCCESS, 22
get_partial_spirit: SUCCESS, 4,2,3,1,5
get_partial_spirit: SUCCESS, 1,2,3,4,5
add_team: FAILURE
get_player_cards: SUCCESS, 141
get_team_points: SUCCESS, 0
play_match: SUCCESS, 1
add_player: SUCCESS
add_player_cards: SUCCESS
add_player_cards: SUCCESS
get_player_cards: SUCCESS, 129
buy_team: SUCCESS
add_player: SUCCESS
play_match: FAILURE
add_player: SUCCESS
num_played_games_for_player: SUCCESS, 22
get_partial_spirit: SUCCESS, 1,2,3,4,5
get_ith_pointless_ability: SUCCESS, 41
get_partial_spirit: SUCCESS, 3,2,5,1,4
num_played_games_for_player: SUCCESS, 22
add_player: SUCCESS
get_partial_spirit: SUCCESS, 3,1,2,4,5
remove_team: FAILURE
get_partial_spirit: SUCCESS, 1,2,3,4,5
play_match: FAILURE
add_player: SUCCESS
get_ith_pointless_ability: FAILURE
add_player: SUCCESS
get_player_cards: SUCCESS, 272
get_team_points: SUCCESS, 0
add_team: FAILURE
remove_team: FAILURE
get_team_points: SUCCESS, 0
add_team: FAILURE
add_player: SUCCESS
num_played_games_for_player: SUCCESS, 22
add_player: SUCCESS
remove_team: FAILURE
num_played_games_for_player: SUCCESS, 22
add_player_cards: SUCCESS
add_player: FAILURE
add_player: SUCCESS
add_team: FAILURE
get_partial_spirit: SUCCESS, 4,1,5,3,2
add_player: SUCCESS
add_player: SUCCESS
buy_team: SUCCESS
get_team_points: SUCCESS, 0
add_team: FAILURE
add_player: SUCCESS
num_played_games_for_player: SUCCESS, 22
get_team_points: SUCCESS, 0
get_team_points: SUCCESS, 0
get_partial_spirit: SUCCESS, 2,1,5,4,3
get_partial_spirit: SUCCESS, 1,2,3,4,5
add_player: SUCCESS
add_player_cards: SUCCESS
get_partial_spirit: SUCCESS, 1,4,5,3,2
num_played_games_for_player: SUCCESS, 22
play_match: FAILURE
add_player: SUCCESS
play_match: FAILURE
add_player: SUCCESS
add_team: FAILURE
add_player: SUCCESS
get_partial_spirit: SUCCESS, 3,1,2,4,5
get_team_points: SUCCESS, 0
get_team_points: SUCCESS, 0
num_played_games_for_player: SUCCESS, 22
add_team: FAILURE
get_ith_pointless_ability: SUCCESS, 95
num_played_games_for_player: SUCCESS, 22
add_player: FAILURE
add_player: SUCCESS
get_player_cards: SUCCESS, 210
play_match: FAILURE
add_player: SUCCESS
get_partial_spirit: SUCCESS, 4,1,3,5,2
num_played_games_for_player: SUCCESS, 22
get_player_cards: SUCCESS, 123
get_partial_spirit: SUCCESS, 1,2,3,4,5
get_player_cards: SUCCESS, 34
add_player: FAILURE
play_match: FAILURE
get_player_cards: SUCCESS, 173
play_match: FAILURE
add_player_cards: SUCCESS
num_played_games_for_player: SUCCESS, 22
play_match: FAILURE
add_player: FAILURE
get_team_points: SUCCESS, 0
get_ith_pointless_ability: SUCCESS, 9
get_ith_pointless_ability: FAILURE
add_player: SUCCESS
get_player_cards: SUCCESS, 205
play_match: FAILURE
num_played_games_for_player: SUCCESS, 22
num_played_games_for_player: SUCCESS, 22
add_player: SUCCESS
add_player: SUCCESS
num_played_games_for_player: SUCCESS, 22
add_player: SUCCESS
get_partial_spirit: SUCCESS, 1,2,3,4,5
get_partial_spirit: SUCCESS, 1,2,3,4,5
get_ith_pointless_ability: SUCCESS, 62
play_match: SUCCESS, 3
buy_team: SUCCESS
get_ith_pointless_ability: FAILURE
add_team: FAILURE
add_player: SUCCESS
num_played_games_for_player: SUCCESS, 22
play_match: FAILURE
add_player_cards: SUCCESS
get_ith_pointless_ability: SUCCESS, 56
get_partial_spirit: SUCCESS, 5,3,1,4,2
add_team: FAILURE
get_player_cards: SUCCESS, 140
get_partial_spirit: SUCCESS, 1,2,3,4,5
get_player_cards: SUCCESS, 77
add_player: SUCCESS
add_player: SUCCESS
get_ith_pointless_ability: SUCCESS, 55
get_player_cards: SUCCESS, 7
add_player_cards: SUCCESS
get_partial_spirit: SUCCESS, 1,2,3,4,5
play_match: FAILURE
add_player: SUCCESS
play_match: FAILURE
add_player: SUCCESS
get_player_cards: SUCCESS, 292
add_player: SUCCESS
add_player: SUCCESS
get_player_cards: SUCCESS, 31
get_partial_spirit: SUCCESS, 1,5,3,2,4
get_team_points: SUCCESS, 0
add_team: FAILURE
get_player_cards: SUCCESS, 192
remove_team: FAILURE
add_player: SUCCESS
get_player_cards: SUCCESS, 286
get_player_cards: SUCCESS, 78
get_ith_pointless_ability: SUCCESS, 76
add_player: SUCCESS
buy_team: SUCCESS
add_player_cards: SUCCESS
add_player: SUCCESS
add_player: SUCCESS
remove_team: FAILURE
get_partial_spirit: SUCCESS, 2,5,1,3,4
remove_team: FAILURE
buy_team: SUCCESS
get_player_cards: SUCCESS, 467
get_player_cards: SUCCESS, 203
num_played_games_for_player: SUCCESS, 22
add_player: SUCCESS
add_player: SUCCESS
get_team_points: SUCCESS, 0
add_player_cards: SUCCESS
get_partial_spirit: SUCCESS, 1,3,4,5,2
get_player_cards: SUCCESS, 141
play_match: FAILURE
get_team_points: SUCCESS, 0
remove_team: FAILURE
add_team: FAILURE
buy_team: SUCCESS
add_team: FAILURE
add_player: FAILURE
add_player: SUCCESS
get_player_cards: SUCCESS, 77
add_player: SUCCESS
add_player: SUCCESS
buy_team: SUCCESS
add_team: FAILURE
num_played_games_for_player: SUCCESS, 22
add_player: SUCCESS
remove_team: FAILURE
get_ith_pointless_ability: FAILURE
remove_team: FAILURE
add_player: FAILURE
get_player_cards: SUCCESS, 129
num_played_games_for_player: SUCCESS, 22
get_partial_spirit: SUCCESS, 2,3,4,5,1
buy_team: SUCCESS
buy_team: SUCCESS
add_player_cards: SUCCESS
play_match: SUCCESS, 3
play_match: FAILURE
add_player: SUCCESS
play_match: FAILURE
get_partial_spirit: SUCCESS, 1,2,3,4,5
add_player: SUCCESS
add_player_cards: SUCCESS
add_player: FAILURE
get_ith_pointless_ability: FAILURE
add_player: FAILURE
add_team: FAILURE
add_team: FAILURE
play_match: FAILURE
remove_team: FAILURE
get_player_cards: SUCCESS, 96
get_player_cards: SUCCESS, 147
remove_team: FAILURE
add_player: FAILURE
remove_team: FAILURE
num_played_games_for_player: SUCCESS, 22
add_player: FAILURE
num_played_games_for_player: SUCCESS, 22
buy_team: SUCCESS
play_match: SUCCESS, 1
buy_team: SUCCESS
get_player_cards: SUCCESS, 137
get_player_cards: SUCCESS, 102
buy_team: SUCCESS
add_team: FAILURE
add_player: FAILURE
play_match: FAILURE
buy_team: SUCCESS
add_player_cards: SUCCESS
add_player: FAILURE
add_player_cards: SUCCESS
add_player: FAILURE
add_player: FAILURE
remove_team: FAILURE
buy_team: SUCCESS
get_team_points: SUCCESS, 3
get_team_points: SUCCESS, 0
get_partial_spirit: SUCCESS, 1,2,3,4,5
remove_team: FAILURE
add_player: FAILURE
get_ith_pointless_ability: SUCCESS, 40
buy_team: SUCCESS
add_player: FAILURE
add_player: FAILURE
get_player_cards: SUCCESS, 96
get_ith_pointless_ability: SUCCESS, 13
remove_team: FAILURE
add_team: FAILURE
add_player: FAILURE
add_player_cards: SUCCESS
add_player: FAILURE
buy_team: SUCCESS
add_player: FAILURE
add_team: FAILURE
add_team: FAILURE
add_player_cards: SUCCESS
add_player: FAILURE
buy_team: SUCCESS
get_team_points: SUCCESS, 0
add_player: FAILURE
add_player: FAILURE
get_partial_spirit: SUCCESS, 1,2,3,4,5
add_player: FAILURE
remove_team: FAILURE
num_played_games_for_player: SUCCESS, 22
add_player_cards: SUCCESS
add_team: FAILURE
add_player_cards: SUCCESS
get_partial_spirit: FAILURE
add_player_cards: SUCCESS
get_partial_spirit: FAILURE
add_player: FAILURE
num_played_games_for_player: SUCCESS, 22
add_player: FAILURE
add_player: FAILURE
get_player_cards: SUCCESS, 467
add_player_cards: SUCCESS
remove_team: FAILURE
add_player: FAILURE
add_player: FAILURE
remove_team: FAILURE
buy_team: SUCCESS
get_partial_spirit: SUCCESS, 1,3,4,5,2
play_match: FAILURE
play_match: FAILURE
buy_team: SUCCESS
get_team_points: SUCCESS, 0
remove_team: FAILURE
add_player: FAILURE
get_partial_spirit: SUCCESS, 1,2,3,4,5
play_match: FAILURE
get_partial_spirit: SUCCESS, 4,3,2,1,5
get_partial_spirit: SUCCESS, 5,3,1,2,4
remove_team: FAILURE
get_partial_spirit: SUCCESS, 1,2,3,4,5
num_played_games_for_player: SUCCESS, 22
add_player: FAILURE
remove_team: FAILURE
get_team_points: SUCCESS, 0
play_match: SUCCESS, 1
add_player: FAILURE
num_played_games_for_player: SUCCESS, 22
num_played_games_for_player: SUCCESS, 22
buy_team: SUCCESS
get_partial_spirit: SUCCESS, 4,1,3,2,5
buy_team: SUCCESS
add_player: FAILURE
get_player_cards: SUCCESS, 242
get_partial_spirit: SUCCESS, 4,2,3,1,5
add_player_cards: SUCCESS
get_partial_spirit: SUCCESS, 4,1,5,2,3
num_played_games_for_player: SUCCESS, 22
get_team_points: SUCCESS, 0
get_partial_spirit: SUCCESS, 2,1,5,4,3
get_partial_spirit: SUCCESS, 1,2,3,4,5
add_player_cards: SUCCESS
buy_team: SUCCESS
play_match: FAILURE
num_played_games_for_player: SUCCESS, 22
get_ith_pointless_ability: FAILURE
get_team_points: SUCCESS, 0
remove_team: FAILURE
get_team_points: SUCCESS, 0
buy_team: SUCCESS
get_player_cards: SUCCESS, 235
num_played_games_for_player: SUCCESS, 22
get_team_points: SUCCESS, 0
get_player_cards: SUCCESS, 75
num_played_games_for_player: SUCCESS, 22
add_player: FAILURE
get_ith_pointless_ability: SUCCESS, 35
get_player_cards: SUCCESS, 179
add_player: FAILURE
add_team: FAILURE
remove_team: FAILURE
get_team_points: SUCCESS, 0
add_player: FAILURE
add_player: FAILURE
remove_team: FAILURE
add_player: FAILURE
add_player: FAILURE
get_partial_spirit: SUCCESS, 1,2,5,4,3
add_team: FAILURE
get_team_points: SUCCESS, 0
remove_team: FAILURE
add_player: FAILURE
num_played_games_for_player: SUCCESS, 22
add_player: FAILURE
get_team_points: SUCCESS, 0
add_player: FAILURE
remove_team: FAILURE
get_ith_pointless_ability: SUCCESS, 39
add_player: FAILURE
add_player: FAILURE
add_player: FAILURE
add_player: FAILURE
get_player_cards: SUCCESS, 135
get_ith_pointless_ability: SUCCESS, 62
get_ith_pointless_ability: SUCCESS, 95
num_played_games_for_player: SUCCESS, 22
play_match: SUCCESS, 3
get_team_points: FAILURE
get_team_points: SUCCESS, 0
add_player: FAILURE
num_played_games_for_player: SUCCESS, 22
add_player: FAILURE
add_player_cards: FAILURE
get_team_points: SUCCESS, 0
num_played_games_for_player: SUCCESS, 22
get_player_cards: SUCCESS, 3
remove_team: FAILURE
remove_team: FAILURE
get_player_cards: SUCCESS, 181
get_partial_spirit: SUCCESS, 1,4,5,3,2
add_player_cards: SUCCESS
num_played_games_for_player: SUCCESS, 22
add_player: FAILURE
add_player: FAILURE
play_match: FAILURE
add_player: FAILURE
add_team: FAILURE
remove_team: FAILURE
get_team_points: FAILURE
add_player: FAILURE
add_player: FAILURE
add_player: FAILURE
buy_team: SUCCESS
add_player: FAILURE
add_team: FAILURE
num_played_games_for_player: SUCCESS, 22
buy_team: SUCCESS
get_partial_spirit: SUCCESS, 5,3,4,1,2
play_match: SUCCESS, 1
get_player_cards: SUCCESS, 179
get_player_cards: SUCCESS, 187
add_player: FAILURE
get_player_cards: SUCCESS, 165
add_player_cards: SUCCESS
remove_team: FAILURE
add_player: FAILURE
add_player_cards: FAILURE
add_player_cards: SUCCESS
add_player: FAILURE
get_player_cards: SUCCESS, 273
get_team_points: SUCCESS, 3
get_partial_spirit: SUCCESS, 1,3,5,4,2
add_team: FAILURE
add_player: FAILURE
remove_team: FAILURE
get_player_cards: SUCCESS, 187
get_partial_spirit: SUCCESS, 2,5,1,3,4
get_team_points: SUCCESS, 3
buy_team: SUCCESS
play_match: FAILURE
get_partial_spirit: SUCCESS, 1,2,3,4,5
get_ith_pointless_ability: FAILURE
add_player_cards: SUCCESS
num_played_games_for_player: SUCCESS, 22
get_team_points: SUCCESS, 0
remove_team: FAILURE
add_player_cards: SUCCESS
play_match: FAILURE
get_player_cards: SUCCESS, 499
remove_team: FAILURE
add_player_cards: FAILURE
play_match: FAILURE
add_player: FAILURE
add_player: FAILURE
num_played_games_for_player: SUCCESS, 22
add_player: FAILURE
get_team_points: FAILURE
add_player_cards: SUCCESS
buy_team: SUCCESS
add_team: FAILURE
play_match: FAILURE
add_player: FAILURE
add_player_cards: SUCCESS
remove_team: FAILURE
add_player: FAILURE
add_team: FAILURE
buy_team: SUCCESS
add_player_cards: SUCCESS
remove_team: FAILURE
buy_team: SUCCESS
get_partial_spirit: SUCCESS, 1,2,3,4,5
get_team_points: SUCCESS, 0
add_player_cards: FAILURE
get_team_points: SUCCESS, 0
buy_team: SUCCESS
buy_team: SUCCESS
get_player_cards: SUCCESS, 137
add_team: FAILURE
add_player_cards: SUCCESS
play_match: FAILURE
buy_team: SUCCESS
add_player: FAILURE
get_ith_pointless_ability: SUCCESS, 78
add_player_cards: SUCCESS
add_player: FAILURE
add_player: FAILURE
get_player_cards: SUCCESS, 200
remove_team: FAILURE
get_player_cards: SUCCESS, 173
play_match: FAILURE
num_played_games_for_player: SUCCESS, 22
add_player: FAILURE
get_ith_pointless_ability: SUCCESS, 48
add_player: FAILURE
add_player: FAILURE
add_player: FAILURE
add_team: FAILURE
add_team: FAILURE
get_ith_pointless_ability: FAILURE
add_player: FAILURE
play_match: SUCCESS, 3
add_player: FAILURE
buy_team: SUCCESS
play_match: FAILURE
add_team: FAILURE
add_player: FAILURE
get_partial_spirit: SUCCESS, 2,4,1,3,5
remove_team: FAILURE
buy_team: SUCCESS
add_player_cards: SUCCESS
add_player: FAILURE
add_player: FAILURE
add_player: FAILURE
add_player: FAILURE
add_player: FAILURE
remove_team: FAILURE
num_played_games_for_player: SUCCESS, 22
add_player_cards: SUCCESS
num_played_games_for_player: SUCCESS, 22
add_player: FAILURE
play_match: FAILURE
get_team_points: SUCCESS, 0
add_player: FAILURE
get_partial_spirit: FAILURE
get_player_cards: SUCCESS, 147
get_partial_spirit: SUCCESS, 1,2,3,4,5
get_partial_spirit: SUCCESS, 1,2,3,4,5
add_player: FAILURE
remove_team: FAILURE
buy_team: SUCCESS
get_team_points: SUCCESS, 3
get_partial_spirit: SUCCESS, 4,1,3,2,5
play_match: FAILURE
add_player: FAILURE
add_player_cards: SUCCESS
add_player_cards: SUCCESS
add_player_cards: FAILURE
buy_team: SUCCESS
remove_team: FAILURE
add_player: FAILURE
add_player: FAILURE
get_team_points: SUCCESS, 0
add_team: FAILURE
remove_team: FAILURE
play_match: FAILURE
get_team_points: SUCCESS, 0
get_ith_pointless_ability: SUCCESS, 33
get_team_points: SUCCESS, 0
remove_team: FAILURE
add_player: FAILURE
buy_team: SUCCESS
add_player: FAILURE
add_team: FAILURE
play_match: FAILURE
get_player_cards: SUCCESS, 261
get_team_points: SUCCESS, 0
get_team_points: FAILURE
add_player_cards: SUCCESS
num_played_games_for_player: SUCCESS, 22
play_match: FAILURE
get_partial_spirit: SUCCESS, 1,5,3,2,4
add_player: FAILURE
remove_team: FAILURE
play_match: FAILURE
add_player: FAILURE
add_team: FAILURE
get_ith_pointless_ability: SUCCESS, 47
add_team: FAILURE
add_player: FAILURE
play_match: FAILURE
num_played_games_for_player: SUCCESS, 22
buy_team: SUCCESS
play_match: FAILURE
get_player_cards: SUCCESS, 212
add_player: FAILURE
add_player: FAILURE
num_played_games_for_player: SUCCESS, 22
get_ith_pointless_ability: FAILURE
get_player_cards: SUCCESS, 110
add_player: FAILURE
add_player: FAILURE
get_ith_pointless_ability: SUCCESS, 83
add_player: FAILURE
add_team: FAILURE
buy_team: SUCCESS
remove_team: FAILURE
get_team_points: SUCCESS, 0
play_match: SUCCESS, 3
get_player_cards: SUCCESS, 42
add_player: FAILURE
get_team_points: FAILURE
add_player: FAILURE
add_team: FAILURE
add_player: FAILURE
add_player_cards: FAILURE
get_partial_spirit: SUCCESS, 1,2,3,4,5
num_played_games_for_player: SUCCESS, 22
add_player: FAILURE
get_partial_spirit: SUCCESS, 1,3,5,4,2
add_team: FAILURE
buy_team: SUCCESS
add_team: FAILURE
play_match: FAILURE
remove_team: FAILURE
add_player_cards: SUCCESS
remove_team: FAILURE
add_player: FAILURE
add_team: FAILURE
get_team_points: FAILURE
num_played_games_for_player: SUCCESS, 22
get_team_points: SUCCESS, 0
remove_team: FAILURE
remove_team: FAILURE
add_player: FAILURE
play_match: FAILURE
get_partial_spirit: SUCCESS, 1,2,3,4,5
get_partial_spirit: SUCCESS, 1,2,3,4,5
add_team: FAILURE
remove_team: FAILURE
add_team: FAILURE
buy_team: SUCCESS
get_team_points: SUCCESS, 0
num_played_games_for_player: SUCCESS, 22
get_ith_pointless_ability: SUCCESS, 40
buy_team: SUCCESS
get_partial_spirit: SUCCESS, 1,2,3,4,5
add_player: FAILURE
add_player: FAILURE
num_played_games_for_player: SUCCESS, 22
add_player: FAILURE
add_player: FAILURE
play_match: SUCCESS, 3
add_player: FAILURE
add_player: FAILURE
get_player_cards: SUCCESS, 7
buy_team: SUCCESS
num_played_games_for_player: SUCCESS, 22
num_played_games_for_player: SUCCESS, 22
add_team: FAILURE
get_ith_pointless_ability: SUCCESS, 50
add_team: FAILURE
get_team_points: SUCCESS, 0
add_team: FAILURE
play_match: FAILURE
add_player_cards: SUCCESS
get_ith_pointless_ability: SUCCESS, 95
get_team_points: SUCCESS, 0
add_team: FAILURE
remove_team: FAILURE
get_team_points: SUCCESS, 0
add_player: FAILURE
get_partial_spirit: SUCCESS, 4,1,3,5,2
buy_team: SUCCESS
add_player: FAILURE
get_team_points: SUCCESS, 0
play_match: FAILURE
get_partial_spirit: SUCCESS, 1,4,2,3,5
add_team: FAILURE
add_player_cards: SUCCESS
add_player: FAILURE
add_player: FAILURE
num_played_games_for_player: SUCCESS, 22
add_player: FAILURE
get_player_cards: SUCCESS, 131
add_team: FAILURE
num_played_games_for_player: SUCCESS, 22
add_player: FAILURE
buy_team: SUCCESS
get_player_cards: SUCCESS, 168
play_match: FAILURE
get_team_points: SUCCESS, 0
play_match: SUCCESS, 1
add_player_cards: SUCCESS
get_player_cards: SUCCESS, 185
add_player_cards: SUCCESS
get_ith_pointless_ability: SUCCESS, 56
add_player: FAILURE
remove_team: FAILURE
get_partial_spirit: SUCCESS, 1,2,3,4,5
get_player_cards: SUCCESS, 218
add_player_cards: SUCCESS
get_ith_pointless_ability: FAILURE
get_player_cards: SUCCESS, 222
get_ith_pointless_ability: SUCCESS, 42
add_player: FAILURE
add_player: FAILURE
add_player: FAILURE
num_played_games_for_player: SUCCESS, 22
get_team_points: SUCCESS, 0
add_player: FAILURE
add_player: FAILURE
get_player_cards: SUCCESS, 181
add_player: FAILURE
add_player_cards: SUCCESS
play_match: FAILURE
remove_team: FAILURE
get_team_points: SUCCESS, 0
play_match: FAILURE
add_player: FAILURE
add_player_cards: FAILURE
add_team: FAILURE
num_played_games_for_player: SUCCESS, 22
add_player: FAILURE
add_player: FAILURE
get_ith_pointless_ability: SUCCESS, 46
remove_team: FAILURE
add_team: FAILURE
buy_team: SUCCESS
remove_team: FAILURE
buy_team: SUCCESS
remove_team: FAILURE
play_match: SUCCESS, 3
add_player_cards: SUCCESS
add_player_cards: SUCCESS
add_team: FAILURE
play_match: FAILURE
get_ith_pointless_ability: SUCCESS, 99
add_player: FAILURE
get_ith_pointless_ability: SUCCESS, 76
get_team_points: SUCCESS, 0
get_team_points: SUCCESS, 0
remove_team: FAILURE
add_player: FAILURE
add_team: FAILURE
buy_team: SUCCESS
add_team: FAILURE
add_team: FAILURE
buy_team: SUCCESS
get_team_points: SUCCESS, 3
play_match: FAILURE
add_team: FAILURE
get_team_points: FAILURE
buy_team: SUCCESS
remove_team: FAILURE
add_player: FAILURE
get_partial_spirit: FAILURE
buy_team: SUCCESS
get_player_cards: SUCCESS, 50
buy_team: SUCCESS
buy_team: SUCCESS
buy_team: SUCCESS
num_played_games_for_player: SUCCESS, 22
add_player: FAILURE
remove_team: FAILURE
get_player_cards: SUCCESS, 75
get_ith_pointless_ability: SUCCESS, 36
get_partial_spirit: SUCCESS, 1,2,3,4,5
get_ith_pointless_ability: FAILURE
get_team_points: SUCCESS, 0
get_team_points: SUCCESS, 0
get_partial_spirit: SUCCESS, 2,4,5,3,1
play_match: SUCCESS, 3
add_player_cards: SUCCESS
buy_team: SUCCESS
buy_team: SUCCESS
buy_team: SUCCESS
get_player_cards: SUCCESS, 440
add_player: FAILURE
add_player: FAILURE
remove_team: FAILURE
get_player_cards: SUCCESS, 836
add_player_cards: FAILURE
add_player_cards: SUCCESS
num_played_games_for_player: SUCCESS, 22
get_partial_spirit: SUCCESS, 1,2,3,4,5
get_partial_spirit: SUCCESS, 1,5,3,2,4
remove_team: FAILURE
get_player_cards: SUCCESS, 185
add_player_cards: SUCCESS
play_match: FAILURE
add_player: FAILURE
get_partial_spirit: SUCCESS, 4,3,2,1,5
num_played_games_for_player: SUCCESS, 22
get_player_cards: SUCCESS, 131
get_player_cards: SUCCESS, 106
get_partial_spirit: FAILURE
get_ith_pointless_ability: SUCCESS, 55
get_team_points: FAILURE
add_player: FAILURE
get_partial_spirit: SUCCESS, 1,2,3,4,5
add_player_cards: SUCCESS
num_played_games_for_player: SUCCESS, 22
add_player: FAILURE
buy_team: SUCCESS
add_player: FAILURE
num_played_games_for_player: SUCCESS, 22
num_played_games_for_player: SUCCESS, 22
add_player: FAILURE
add_player: FAILURE
add_player: FAILURE
num_played_games_for_player: SUCCESS, 22
get_team_points: SUCCESS, 0
num_played_games_for_player: SUCCESS, 22
play_match: FAILURE
add_player_cards: FAILURE
get_ith_pointless_ability: SUCCESS, 5
get_player_cards: SUCCESS, 47
add_player: FAILURE
add_player: FAILURE
get_partial_spirit: SUCCESS, 1,2,3,4,5
add_player: FAILURE
add_player: FAILURE
add_player: FAILURE
add_team: FAILURE
add_player_cards: SUCCESS
add_team: FAILURE
play_match: FAILURE
add_player: FAILURE
buy_team: SUCCESS
add_player: FAILURE
add_player: FAILURE
add_player_cards: SUCCESS
add_player_cards: SUCCESS
get_ith_pointless_ability: SUCCESS, 98
play_match: FAILURE
num_played_games_for_player: SUCCESS, 22
add_player: FAILURE
buy_team: SUCCESS
add_player_cards: SUCCESS
num_played_games_for_player: SUCCESS, 22
get_player_cards: SUCCESS, 123
add_player: FAILURE
get_ith_pointless_ability: SUCCESS, 13
get_player_cards: SUCCESS, 246
add_player: FAILURE
add_player: FAILURE
remove_team: FAILURE
add_player_cards: FAILURE
add_team: FAILURE
get_ith_pointless_ability: SUCCESS, 56
buy_team: SUCCESS
get_ith_pointless_ability: SUCCESS, 5
remove_team: FAILURE
add_player: FAILURE
get_ith_pointless_ability: SUCCESS, 35
buy_team: SUCCESS
add_player: FAILURE
play_match: SUCCESS, 3
buy_team: SUCCESS
play_match: FAILURE
num_played_games_for_player: SUCCESS, 22
add_player_cards: FAILURE
get_ith_pointless_ability: SUCCESS, 89
get_player_cards: SUCCESS, 688
buy_team: SUCCESS
add_player: FAILURE
get_ith_pointless_ability: FAILURE
get_ith_pointless_ability: SUCCESS, 78
add_player_cards: FAILURE
add_player: FAILURE
add_player: FAILURE
add_player: FAILURE
get_partial_spirit: SUCCESS, 5,4,3,2,1
buy_team: SUCCESS
add_player: FAILURE
add_player: FAILURE
get_team_points: FAILURE
add_player: FAILURE
add_team: FAILURE
buy_team: SUCCESS
add_player_cards: SUCCESS
play_match: SUCCESS, 3
get_team_points: SUCCESS, 3
remove_team: FAILURE
play_match: FAILURE
add_player_cards: SUCCESS
get_team_points: SUCCESS, 3
add_player: FAILURE
play_match: SUCCESS, 1
get_ith_pointless_ability: FAILURE
add_player: FAILURE
buy_team: SUCCESS
get_partial_spirit: FAILURE
add_player: FAILURE
get_player_cards: SUCCESS, 34
add_team: FAILURE
add_player: FAILURE
add_player: FAILURE
add_player: FAILURE
add_player: FAILURE
add_player: FAILURE
add_player: FAILURE
get_partial_spirit: SUCCESS, 1,2,3,4,5
num_played_games_for_player: SUCCESS, 22
add_player_cards: FAILURE
buy_team: SUCCESS
buy_team: SUCCESS
add_player: FAILURE
add_team: FAILURE
play_match: SUCCESS, 3
get_ith_pointless_ability: SUCCESS, 41
play_match: FAILURE
add_player: FAILURE
buy_team: SUCCESS
add_player: FAILURE
num_played_games_for_player: SUCCESS, 22
get_player_cards: SUCCESS, 205
add_player: FAILURE
add_team: FAILURE
add_player: FAILURE
add_player: FAILURE
remove_team: FAILURE
get_player_cards: SUCCESS, 499
get_ith_pointless_ability: SUCCESS, 95
play_match: FAILURE
add_player: FAILURE
add_player: FAILURE
get_team_points: FAILURE
add_team: FAILURE
num_played_games_for_player: SUCCESS, 22
