add_team: SUCCESS
add_team: SUCCESS
add_team: SUCCESS
add_team: SUCCESS
add_team: SUCCESS
add_team: SUCCESS
add_team: SUCCESS
add_team: SUCCESS
add_team: SUCCESS
add_team: SUCCESS
add_team: SUCCESS
add_team: SUCCESS
add_team: SUCCESS
add_team: SUCCESS
add_team: SUCCESS
add_team: SUCCESS
add_team: SUCCESS
add_team: SUCCESS
add_team: SUCCESS
add_team: SUCCESS
add_team: SUCCESS
add_team: SUCCESS
add_team: SUCCESS
add_team: SUCCESS
add_team: SUCCESS
add_team: SUCCESS
add_team: SUCCESS
add_team: SUCCESS
add_team: SUCCESS
add_team: SUCCESS
add_team: SUCCESS
add_team: SUCCESS
add_team: SUCCESS
add_team: SUCCESS
add_team: SUCCESS
add_team: SUCCESS
add_team: SUCCESS
add_team: SUCCESS
add_team: SUCCESS
add_team: SUCCESS
add_team: SUCCESS
add_team: SUCCESS
add_team: SUCCESS
add_team: SUCCESS
add_team: SUCCESS
add_team: SUCCESS
add_team: SUCCESS
add_team: SUCCESS
add_team: SUCCESS
add_team: SUCCESS
add_team: SUCCESS
add_team: SUCCESS
add_team: SUCCESS
add_team: SUCCESS
add_team: SUCCESS
add_team: SUCCESS
add_team: SUCCESS
add_team: SUCCESS
add_team: SUCCESS
add_team: SUCCESS
add_team: SUCCESS
add_team: SUCCESS
add_team: SUCCESS
add_team: SUCCESS
add_team: SUCCESS
add_team: SUCCESS
add_team: SUCCESS
add_team: SUCCESS
add_team: SUCCESS
add_team: SUCCESS
add_team: SUCCESS
add_team: SUCCESS
add_team: SUCCESS
add_team: SUCCESS
add_team: SUCCESS
add_team: SUCCESS
add_team: SUCCESS
add_team: SUCCESS
add_team: SUCCESS
add_team: SUCCESS
add_team: SUCCESS
add_team: SUCCESS
add_team: SUCCESS
add_team: SUCCESS
add_team: SUCCESS
add_team: SUCCESS
add_team: SUCCESS
add_team: SUCCESS
add_team: SUCCESS
add_team: SUCCESS
add_team: SUCCESS
add_team: SUCCESS
add_team: SUCCESS
add_team: SUCCESS
add_team: SUCCESS
add_team: SUCCESS
add_team: SUCCESS
add_team: SUCCESS
add_team: SUCCESS
add_team: SUCCESS
add_player: SUCCESS
add_player: SUCCESS
add_player: SUCCESS
add_player: SUCCESS
add_player: SUCCESS
add_player: SUCCESS
add_player: SUCCESS
add_player: SUCCESS
add_player: SUCCESS
add_player: SUCCESS
add_player: SUCCESS
add_player: SUCCESS
add_player: SUCCESS
add_player: SUCCESS
add_player: SUCCESS
add_player: SUCCESS
add_player: SUCCESS
add_player: SUCCESS
add_player: SUCCESS
add_player: SUCCESS
add_player: SUCCESS
add_player: SUCCESS
add_player: SUCCESS
add_player: SUCCESS
add_player: SUCCESS
add_player: SUCCESS
add_player: SUCCESS
add_player: SUCCESS
add_player: SUCCESS
add_player: SUCCESS
add_player: SUCCESS
add_player: SUCCESS
add_player: SUCCESS
add_player: SUCCESS
add_player: SUCCESS
add_player: SUCCESS
add_player: SUCCESS
add_player: SUCCESS
add_player: SUCCESS
add_player: SUCCESS
add_player: SUCCESS
add_player: SUCCESS
add_player: SUCCESS
add_player: SUCCESS
add_player: SUCCESS
add_player: SUCCESS
add_player: SUCCESS
add_player: SUCCESS
add_player: SUCCESS
add_player: SUCCESS
add_player: SUCCESS
add_player: SUCCESS
add_player: SUCCESS
add_player: SUCCESS
add_player: SUCCESS
add_player: SUCCESS
add_player: SUCCESS
add_player: SUCCESS
add_player: SUCCESS
add_player: SUCCESS
add_player: SUCCESS
add_player: SUCCESS
add_player: SUCCESS
add_player: SUCCESS
add_player: SUCCESS
add_player: SUCCESS
add_player: SUCCESS
add_player: SUCCESS
add_player: SUCCESS
add_player: SUCCESS
add_player: SUCCESS
add_player: SUCCESS
add_player: SUCCESS
add_player: SUCCESS
add_player: SUCCESS
add_player: SUCCESS
add_player: SUCCESS
add_player: SUCCESS
add_player: SUCCESS
add_player: SUCCESS
add_player: SUCCESS
add_player: SUCCESS
add_player: SUCCESS
add_player: SUCCESS
add_player: SUCCESS
add_player: SUCCESS
add_player: SUCCESS
add_player: SUCCESS
add_player: SUCCESS
add_player: SUCCESS
add_player: SUCCESS
add_player: SUCCESS
add_player: SUCCESS
add_player: SUCCESS
add_player: SUCCESS
add_player: SUCCESS
add_player: SUCCESS
add_player: SUCCESS
add_player: SUCCESS
add_player: SUCCESS
add_player: SUCCESS
get_ith_pointless_ability: FAILURE
add_player: SUCCESS
play_match: SUCCESS, 3
remove_team: FAILURE
num_played_games_for_player: SUCCESS, 22
add_player: SUCCESS
add_player: SUCCESS
get_player_cards: SUCCESS, 203
get_partial_spirit: SUCCESS, 2,4,5,1,3
add_team: SUCCESS
num_played_games_for_player: SUCCESS, 22
get_ith_pointless_ability: FAILURE
add_team: FAILURE
add_player: SUCCESS
add_player: SUCCESS
remove_team: FAILURE
add_player: SUCCESS
get_partial_spirit: SUCCESS, 1,2,3,4,5
get_player_cards: SUCCESS, 49
play_match: FAILURE
buy_team: SUCCESS
get_team_points: SUCCESS, 0
add_team: FAILURE
buy_team: SUCCESS
add_team: FAILURE
play_match: FAILURE
get_team_points: SUCCESS, 0
add_team: FAILURE
buy_team: SUCCESS
get_partial_spirit: SUCCESS, 1,2,3,4,5
get_ith_pointless_ability: SUCCESS, 78
add_team: FAILURE
play_match: SUCCESS, 3
add_team: FAILURE
add_team: FAILURE
num_played_games_for_player: SUCCESS, 22
num_played_games_for_player: SUCCESS, 22
add_player: SUCCESS
get_partial_spirit: SUCCESS, 1,2,3,4,5
add_player: SUCCESS
add_player: SUCCESS
get_player_cards: SUCCESS, 247
num_played_games_for_player: SUCCESS, 22
add_player: SUCCESS
buy_team: SUCCESS
get_partial_spirit: SUCCESS, 1,2,3,4,5
get_ith_pointless_ability: FAILURE
add_player: SUCCESS
get_ith_pointless_ability: SUCCESS, 60
add_player: SUCCESS
num_played_games_for_player: SUCCESS, 22
play_match: FAILURE
get_team_points: SUCCESS, 0
buy_team: SUCCESS
get_ith_pointless_ability: SUCCESS, 2
add_player: SUCCESS
get_team_points: SUCCESS, 0
add_player: SUCCESS
add_team: FAILURE
add_player: SUCCESS
add_player: SUCCESS
get_team_points: SUCCESS, 0
buy_team: SUCCESS
get_team_points: SUCCESS, 0
add_player: SUCCESS
add_player: SUCCESS
remove_team: FAILURE
get_ith_pointless_ability: SUCCESS, 49
num_played_games_for_player: SUCCESS, 22
get_player_cards: SUCCESS, 49
add_player_cards: SUCCESS
get_partial_spirit: SUCCESS, 2,5,1,3,4
play_match: FAILURE
get_player_cards: SUCCESS, 47
add_player_cards: SUCCESS
get_partial_spirit: SUCCESS, 1,2,3,4,5
add_team: FAILURE
get_partial_spirit: SUCCESS, 1,2,3,4,5
get_ith_pointless_ability: SUCCESS, 52
num_played_games_for_player: SUCCESS, 22
get_ith_pointless_ability: FAILURE
get_partial_spirit: SUCCESS, 1,2,3,4,5
add_player: FAILURE
add_player: SUCCESS
get_player_cards: SUCCESS, 86
get_partial_spirit: SUCCESS, 1,2,3,4,5
play_match: FAILURE
add_player: FAILURE
remove_team: FAILURE
add_player: SUCCESS
get_player_cards: SUCCESS, 76
get_ith_pointless_ability: FAILURE
buy_team: SUCCESS
get_partial_spirit: SUCCESS, 1,2,3,4,5
play_match: FAILURE
get_player_cards: SUCCESS, 88
add_player_cards: SUCCESS
add_player_cards: SUCCESS
remove_team: FAILURE
buy_team: SUCCESS
add_team: FAILURE
get_player_cards: SUCCESS, 270
add_player_cards: SUCCESS
add_player: SUCCESS
num_played_games_for_player: SUCCESS, 22
get_ith_pointless_ability: SUCCESS, 78
get_team_points: SUCCESS, 0
get_team_points: SUCCESS, 0
add_team: FAILURE
add_player: SUCCESS
get_partial_spirit: SUCCESS, 1,2,3,4,5
get_team_points: SUCCESS, 0
add_player_cards: SUCCESS
add_player_cards: SUCCESS
get_team_points: SUCCESS, 0
buy_team: SUCCESS
play_match: FAILURE
add_player_cards: SUCCESS
remove_team: FAILURE
num_played_games_for_player: SUCCESS, 22
add_player: SUCCESS
add_player_cards: SUCCESS
add_player_cards: SUCCESS
add_player_cards: SUCCESS
num_played_games_for_player: SUCCESS, 22
add_player: SUCCESS
remove_team: FAILURE
remove_team: FAILURE
add_player: SUCCESS
num_played_games_for_player: SUCCESS, 22
add_player: SUCCESS
add_player_cards: SUCCESS
num_played_games_for_player: SUCCESS, 22
add_player: SUCCESS
get_player_cards: SUCCESS, 144
get_partial_spirit: SUCCESS, 5,4,3,1,2
add_player_cards: SUCCESS
add_player: FAILURE
add_team: FAILURE
remove_team: FAILURE
add_player: SUCCESS
get_ith_pointless_ability: FAILURE
num_played_games_for_player: SUCCESS, 22
num_played_games_for_player: SUCCESS, 22
add_player: SUCCESS
get_team_points: SUCCESS, 0
add_player: FAILURE
get_team_points: SUCCESS, 0
get_ith_pointless_ability: FAILURE
remove_team: FAILURE
get_partial_spirit: SUCCESS, 1,2,3,4,5
add_player_cards: SUCCESS
num_played_games_for_player: SUCCESS, 22
add_player_cards: SUCCESS
add_player: SUCCESS
add_player: SUCCESS
get_partial_spirit: SUCCESS, 1,2,3,4,5
add_player: SUCCESS
add_player: SUCCESS
num_played_games_for_player: SUCCESS, 22
get_team_points: SUCCESS, 0
buy_team: SUCCESS
play_match: FAILURE
num_played_games_for_player: SUCCESS, 22
get_ith_pointless_ability: SUCCESS, 52
buy_team: SUCCESS
play_match: FAILURE
add_player: SUCCESS
add_player: SUCCESS
play_match: SUCCESS, 3
play_match: FAILURE
add_player_cards: SUCCESS
add_player: SUCCESS
play_match: FAILURE
get_partial_spirit: SUCCESS, 1,2,3,4,5
num_played_games_for_player: SUCCESS, 22
add_player_cards: SUCCESS
play_match: FAILURE
add_player_cards: SUCCESS
add_player: FAILURE
add_player: SUCCESS
get_partial_spirit: SUCCESS, 1,2,3,4,5
add_player: SUCCESS
play_match: FAILURE
get_player_cards: SUCCESS, 57
get_team_points: SUCCESS, 0
get_ith_pointless_ability: FAILURE
add_player: SUCCESS
get_player_cards: SUCCESS, 203
add_player: SUCCESS
add_player: SUCCESS
get_ith_pointless_ability: SUCCESS, 68
remove_team: FAILURE
add_team: FAILURE
get_player_cards: SUCCESS, 80
get_team_points: SUCCESS, 0
remove_team: FAILURE
num_played_games_for_player: SUCCESS, 22
get_team_points: SUCCESS, 0
play_match: FAILURE
play_match: FAILURE
remove_team: FAILURE
add_player: SUCCESS
add_player_cards: SUCCESS
add_player: SUCCESS
get_partial_spirit: SUCCESS, 1,2,4,5,3
add_team: FAILURE
get_player_cards: SUCCESS, 157
add_player: SUCCESS
buy_team: SUCCESS
add_player_cards: SUCCESS
get_ith_pointless_ability: SUCCESS, 52
get_player_cards: SUCCESS, 57
remove_team: FAILURE
add_player: SUCCESS
add_player: SUCCESS
get_ith_pointless_ability: SUCCESS, 41
get_ith_pointless_ability: SUCCESS, 16
add_player: SUCCESS
add_player: SUCCESS
add_player: FAILURE
add_team: FAILURE
add_team: FAILURE
add_player: SUCCESS
add_team: FAILURE
add_player: SUCCESS
get_ith_pointless_ability: SUCCESS, 25
buy_team: SUCCESS
get_team_points: SUCCESS, 0
get_ith_pointless_ability: SUCCESS, 74
buy_team: SUCCESS
get_team_points: SUCCESS, 0
add_player: SUCCESS
play_match: FAILURE
add_player: SUCCESS
add_player: SUCCESS
buy_team: SUCCESS
get_player_cards: SUCCESS, 79
add_player: SUCCESS
num_played_games_for_player: SUCCESS, 22
get_team_points: SUCCESS, 0
remove_team: FAILURE
get_player_cards: SUCCESS, 216
play_match: FAILURE
add_team: FAILURE
get_partial_spirit: SUCCESS, 1,2,3,4,5
add_player: FAILURE
remove_team: FAILURE
play_match: FAILURE
get_team_points: SUCCESS, 0
get_player_cards: SUCCESS, 149
buy_team: SUCCESS
add_player: FAILURE
get_player_cards: SUCCESS, 31
add_player: SUCCESS
get_player_cards: SUCCESS, 157
add_player: SUCCESS
add_player: SUCCESS
add_player: FAILURE
get_team_points: SUCCESS, 0
play_match: FAILURE
add_player_cards: SUCCESS
add_team: FAILURE
get_partial_spirit: SUCCESS, 1,2,3,4,5
get_team_points: SUCCESS, 0
play_match: FAILURE
num_played_games_for_player: SUCCESS, 22
get_partial_spirit: SUCCESS, 1,2,3,4,5
num_played_games_for_player: SUCCESS, 22
add_player: SUCCESS
get_team_points: SUCCESS, 0
get_partial_spirit: SUCCESS, 1,2,3,4,5
get_player_cards: SUCCESS, 289
add_player_cards: SUCCESS
num_played_games_for_player: SUCCESS, 22
get_partial_spirit: SUCCESS, 5,1,4,2,3
get_player_cards: SUCCESS, 124
add_team: FAILURE
get_ith_pointless_ability: FAILURE
add_player: FAILURE
add_team: FAILURE
buy_team: SUCCESS
get_ith_pointless_ability: SUCCESS, 8
get_ith_pointless_ability: SUCCESS, 42
play_match: SUCCESS, 3
remove_team: FAILURE
get_player_cards: SUCCESS, 234
add_player_cards: SUCCESS
remove_team: FAILURE
play_match: SUCCESS, 1
get_team_points: SUCCESS, 0
get_team_points: SUCCESS, 0
add_player: SUCCESS
add_player: SUCCESS
get_ith_pointless_ability: SUCCESS, 69
add_team: FAILURE
buy_team: SUCCESS
add_player: SUCCESS
add_player: SUCCESS
buy_team: SUCCESS
get_ith_pointless_ability: FAILURE
buy_team: SUCCESS
add_player: FAILURE
add_player: SUCCESS
add_player: SUCCESS
play_match: SUCCESS, 3
add_team: FAILURE
play_match: FAILURE
remove_team: FAILURE
add_player_cards: SUCCESS
add_player_cards: SUCCESS
get_ith_pointless_ability: SUCCESS, 67
num_played_games_for_player: SUCCESS, 22
add_player_cards: SUCCESS
get_team_points: FAILURE
add_team: FAILURE
add_player: FAILURE
get_team_points: SUCCESS, 0
get_partial_spirit: SUCCESS, 1,2,3,4,5
add_player: SUCCESS
remove_team: FAILURE
add_player: SUCCESS
num_played_games_for_player: SUCCESS, 22
num_played_games_for_player: SUCCESS, 22
add_team: FAILURE
add_player: FAILURE
add_player: SUCCESS
add_player: FAILURE
buy_team: SUCCESS
get_partial_spirit: SUCCESS, 2,3,1,4,5
get_ith_pointless_ability: SUCCESS, 26
num_played_games_for_player: SUCCESS, 22
add_player: SUCCESS
add_player: SUCCESS
num_played_games_for_player: SUCCESS, 22
play_match: FAILURE
add_player: SUCCESS
remove_team: FAILURE
add_player: SUCCESS
get_player_cards: SUCCESS, 247
add_team: FAILURE
get_player_cards: SUCCESS, 104
remove_team: FAILURE
get_partial_spirit: SUCCESS, 3,1,4,5,2
buy_team: SUCCESS
add_player: SUCCESS
get_partial_spirit: SUCCESS, 3,4,5,2,1
get_ith_pointless_ability: SUCCESS, 1
add_player: SUCCESS
get_ith_pointless_ability: FAILURE
remove_team: FAILURE
play_match: FAILURE
remove_team: FAILURE
get_partial_spirit: SUCCESS, 1,2,3,4,5
get_team_points: SUCCESS, 0
add_player: SUCCESS
get_team_points: SUCCESS, 0
buy_team: SUCCESS
add_player: SUCCESS
remove_team: FAILURE
add_player: FAILURE
get_partial_spirit: SUCCESS, 3,4,5,2,1
get_player_cards: SUCCESS, 360
add_player: SUCCESS
get_player_cards: SUCCESS, 81
add_player: FAILURE
play_match: FAILURE
add_player: SUCCESS
get_ith_pointless_ability: SUCCESS, 1
get_team_points: SUCCESS, 0
remove_team: FAILURE
add_team: FAILURE
get_player_cards: SUCCESS, 202
get_partial_spirit: SUCCESS, 1,2,3,4,5
get_player_cards: SUCCESS, 116
add_player: FAILURE
get_partial_spirit: SUCCESS, 5,1,4,2,3
add_team: FAILURE
add_player_cards: SUCCESS
add_player: SUCCESS
add_player_cards: SUCCESS
add_team: FAILURE
add_player: FAILURE
get_ith_pointless_ability: SUCCESS, 100
add_player_cards: SUCCESS
add_player: SUCCESS
num_played_games_for_player: SUCCESS, 22
remove_team: FAILURE
add_player_cards: SUCCESS
num_played_games_for_player: SUCCESS, 22
get_ith_pointless_ability: SUCCESS, 41
add_player_cards: SUCCESS
num_played_games_for_player: SUCCESS, 22
add_player: SUCCESS
remove_team: FAILURE
get_partial_spirit: SUCCESS, 5,1,4,2,3
num_played_games_for_player: SUCCESS, 22
add_player: SUCCESS
add_player: SUCCESS
num_played_games_for_player: SUCCESS, 22
add_player: SUCCESS
buy_team: SUCCESS
get_partial_spirit: SUCCESS, 1,2,3,4,5
get_team_points: SUCCESS, 0
remove_team: FAILURE
add_player_cards: SUCCESS
add_player: FAILURE
add_player: SUCCESS
get_partial_spirit: SUCCESS, 1,2,3,4,5
add_player: SUCCESS
add_player: FAILURE
get_ith_pointless_ability: SUCCESS, 90
play_match: SUCCESS, 3
add_player: SUCCESS
buy_team: SUCCESS
buy_team: SUCCESS
get_team_points: SUCCESS, 0
get_team_points: SUCCESS, 0
add_team: FAILURE
add_player: SUCCESS
play_match: FAILURE
add_team: FAILURE
num_played_games_for_player: SUCCESS, 22
buy_team: SUCCESS
get_ith_pointless_ability: SUCCESS, 60
add_team: FAILURE
buy_team: SUCCESS
add_player: SUCCESS
buy_team: SUCCESS
play_match: FAILURE
remove_team: FAILURE
num_played_games_for_player: SUCCESS, 22
add_player: FAILURE
add_player: SUCCESS
get_partial_spirit: SUCCESS, 1,2,3,4,5
get_team_points: SUCCESS, 0
add_player: SUCCESS
add_player: SUCCESS
add_player: SUCCESS
get_partial_spirit: SUCCESS, 2,4,5,3,1
add_player_cards: SUCCESS
get_ith_pointless_ability: SUCCESS, 8
num_played_games_for_player: SUCCESS, 22
get_team_points: SUCCESS, 0
get_team_points: SUCCESS, 0
add_player: FAILURE
get_player_cards: SUCCESS, 287
get_player_cards: SUCCESS, 292
add_player_cards: SUCCESS
get_partial_spirit: SUCCESS, 3,5,2,1,4
add_player_cards: SUCCESS
add_team: FAILURE
add_player: FAILURE
add_player_cards: SUCCESS
add_team: FAILURE
buy_team: SUCCESS
play_match: FAILURE
get_ith_pointless_ability: SUCCESS, 41
add_player: FAILURE
get_partial_spirit: SUCCESS, 1,2,3,4,5
play_match: SUCCESS, 3
add_player_cards: SUCCESS
add_player: SUCCESS
play_match: SUCCESS, 3
get_team_points: SUCCESS, 0
buy_team: SUCCESS
buy_team: SUCCESS
get_ith_pointless_ability: FAILURE
play_match: SUCCESS, 3
play_match: FAILURE
add_team: FAILURE
add_player_cards: SUCCESS
play_match: FAILURE
get_ith_pointless_ability: FAILURE
buy_team: SUCCESS
play_match: SUCCESS, 1
buy_team: SUCCESS
get_ith_pointless_ability: SUCCESS, 97
add_player: SUCCESS
num_played_games_for_player: SUCCESS, 22
add_team: FAILURE
num_played_games_for_player: SUCCESS, 22
get_ith_pointless_ability: FAILURE
add_player: FAILURE
get_player_cards: SUCCESS, 382
get_team_points: SUCCESS, 0
buy_team: SUCCESS
get_player_cards: SUCCESS, 179
play_match: FAILURE
get_ith_pointless_ability: SUCCESS, 26
add_team: FAILURE
add_player: SUCCESS
add_team: FAILURE
buy_team: SUCCESS
add_player_cards: SUCCESS
get_ith_pointless_ability: SUCCESS, 6
num_played_games_for_player: SUCCESS, 22
play_match: SUCCESS, 1
play_match: SUCCESS, 3
num_played_games_for_player: SUCCESS, 22
remove_team: FAILURE
play_match: SUCCESS, 3
add_player: SUCCESS
add_player: SUCCESS
get_partial_spirit: SUCCESS, 1,2,3,4,5
add_player: SUCCESS
add_team: FAILURE
get_partial_spirit: SUCCESS, 1,2,3,4,5
add_player_cards: SUCCESS
get_ith_pointless_ability: SUCCESS, 48
get_team_points: SUCCESS, 0
get_team_points: SUCCESS, 3
play_match: SUCCESS, 3
add_player_cards: SUCCESS
get_partial_spirit: SUCCESS, 4,2,3,1,5
add_player: SUCCESS
get_player_cards: SUCCESS, 287
buy_team: SUCCESS
add_player: SUCCESS
get_team_points: SUCCESS, 0
play_match: FAILURE
get_partial_spirit: SUCCESS, 4,5,3,1,2
num_played_games_for_player: SUCCESS, 22
add_player: SUCCESS
get_ith_pointless_ability: SUCCESS, 39
add_team: FAILURE
add_team: FAILURE
add_player: SUCCESS
get_team_points: FAILURE
get_player_cards: SUCCESS, 316
get_team_points: SUCCESS, 0
add_player_cards: SUCCESS
play_match: FAILURE
get_partial_spirit: SUCCESS, 2,3,1,5,4
get_ith_pointless_ability: SUCCESS, 19
add_player: FAILURE
get_ith_pointless_ability: SUCCESS, 76
add_player: SUCCESS
get_partial_spirit: SUCCESS, 4,3,5,1,2
play_match: FAILURE
play_match: FAILURE
add_player: SUCCESS
num_played_games_for_player: SUCCESS, 22
play_match: SUCCESS, 1
get_partial_spirit: SUCCESS, 1,2,3,4,5
play_match: FAILURE
get_partial_spirit: SUCCESS, 1,4,5,3,2
remove_team: FAILURE
get_player_cards: SUCCESS, 86
num_played_games_for_player: SUCCESS, 22
add_player: SUCCESS
get_partial_spirit: SUCCESS, 2,1,5,4,3
get_ith_pointless_ability: SUCCESS, 78
get_team_points: SUCCESS, 3
add_team: SUCCESS
get_ith_pointless_ability: FAILURE
add_team: FAILURE
add_team: FAILURE
buy_team: SUCCESS
get_ith_pointless_ability: SUCCESS, 15
play_match: SUCCESS, 3
play_match: FAILURE
remove_team: FAILURE
add_player: FAILURE
get_team_points: SUCCESS, 3
get_partial_spirit: SUCCESS, 5,2,4,1,3
add_player: FAILURE
play_match: SUCCESS, 3
get_team_points: SUCCESS, 0
add_player: SUCCESS
play_match: SUCCESS, 3
get_player_cards: SUCCESS, 48
num_played_games_for_player: SUCCESS, 22
add_player: SUCCESS
get_partial_spirit: SUCCESS, 4,3,5,2,1
get_partial_spirit: SUCCESS, 1,5,4,3,2
get_partial_spirit: SUCCESS, 5,4,2,3,1
get_team_points: SUCCESS, 0
buy_team: SUCCESS
add_team: FAILURE
get_ith_pointless_ability: SUCCESS, 29
add_player: FAILURE
num_played_games_for_player: SUCCESS, 22
add_player_cards: FAILURE
buy_team: SUCCESS
remove_team: FAILURE
get_ith_pointless_ability: FAILURE
play_match: SUCCESS, 1
play_match: FAILURE
add_player: SUCCESS
get_team_points: SUCCESS, 0
buy_team: SUCCESS
get_player_cards: SUCCESS, 190
add_player: FAILURE
buy_team: SUCCESS
add_team: FAILURE
get_partial_spirit: SUCCESS, 1,3,5,4,2
play_match: SUCCESS, 3
add_player: FAILURE
play_match: SUCCESS, 1
remove_team: FAILURE
get_ith_pointless_ability: SUCCESS, 64
get_player_cards: SUCCESS, 47
get_partial_spirit: SUCCESS, 3,5,2,1,4
add_team: FAILURE
remove_team: FAILURE
num_played_games_for_player: SUCCESS, 22
get_ith_pointless_ability: SUCCESS, 29
remove_team: FAILURE
buy_team: SUCCESS
add_player: SUCCESS
add_player: SUCCESS
get_partial_spirit: SUCCESS, 3,5,2,1,4
remove_team: FAILURE
get_partial_spirit: SUCCESS, 5,2,1,3,4
get_player_cards: SUCCESS, 231
play_match: SUCCESS, 1
buy_team: SUCCESS
play_match: FAILURE
add_player: FAILURE
add_player: SUCCESS
remove_team: FAILURE
num_played_games_for_player: SUCCESS, 22
add_team: FAILURE
add_player_cards: SUCCESS
add_player: FAILURE
get_ith_pointless_ability: FAILURE
remove_team: FAILURE
add_team: FAILURE
get_player_cards: SUCCESS, 49
get_ith_pointless_ability: SUCCESS, 29
add_team: FAILURE
get_partial_spirit: FAILURE
num_played_games_for_player: SUCCESS, 22
get_player_cards: SUCCESS, 86
get_player_cards: SUCCESS, 129
play_match: SUCCESS, 3
get_team_points: SUCCESS, 0
get_team_points: SUCCESS, 0
get_partial_spirit: SUCCESS, 1,2,3,4,5
add_player: SUCCESS
get_partial_spirit: SUCCESS, 1,2,4,5,3
add_team: FAILURE
add_player: SUCCESS
add_team: FAILURE
get_ith_pointless_ability: SUCCESS, 79
add_player: SUCCESS
add_player: FAILURE
get_player_cards: SUCCESS, 57
get_team_points: SUCCESS, 3
get_team_points: SUCCESS, 0
get_team_points: SUCCESS, 0
add_player: SUCCESS
get_player_cards: SUCCESS, 190
add_player: SUCCESS
add_player_cards: SUCCESS
add_team: FAILURE
get_ith_pointless_ability: SUCCESS, 97
remove_team: FAILURE
remove_team: FAILURE
add_player_cards: SUCCESS
num_played_games_for_player: SUCCESS, 22
add_player_cards: SUCCESS
get_team_points: SUCCESS, 0
remove_team: FAILURE
buy_team: SUCCESS
get_player_cards: SUCCESS, 192
num_played_games_for_player: SUCCESS, 22
get_partial_spirit: SUCCESS, 5,3,4,2,1
add_player_cards: SUCCESS
get_ith_pointless_ability: SUCCESS, 60
add_player: FAILURE
num_played_games_for_player: SUCCESS, 22
add_team: FAILURE
play_match: FAILURE
add_player: FAILURE
add_team: FAILURE
add_player: FAILURE
add_player: FAILURE
get_ith_pointless_ability: FAILURE
get_player_cards: SUCCESS, 39
buy_team: SUCCESS
add_team: FAILURE
get_ith_pointless_ability: SUCCESS, 42
remove_team: FAILURE
add_player_cards: SUCCESS
add_player: FAILURE
buy_team: SUCCESS
num_played_games_for_player: SUCCESS, 22
get_team_points: SUCCESS, 0
remove_team: FAILURE
get_player_cards: SUCCESS, 144
add_player: FAILURE
get_partial_spirit: FAILURE
get_ith_pointless_ability: FAILURE
get_player_cards: SUCCESS, 237
get_player_cards: SUCCESS, 134
play_match: SUCCESS, 3
get_ith_pointless_ability: SUCCESS, 34
remove_team: FAILURE
buy_team: SUCCESS
remove_team: FAILURE
buy_team: SUCCESS
add_team: FAILURE
get_team_points: FAILURE
add_player: SUCCESS
play_match: SUCCESS, 3
add_player: FAILURE
get_team_points: SUCCESS, 6
add_player: SUCCESS
add_player_cards: SUCCESS
get_ith_pointless_ability: SUCCESS, 44
add_player_cards: SUCCESS
play_match: FAILURE
num_played_games_for_player: SUCCESS, 22
buy_team: SUCCESS
add_player: SUCCESS
add_player: FAILURE
add_player: SUCCESS
get_ith_pointless_ability: FAILURE
add_player: FAILURE
num_played_games_for_player: SUCCESS, 22
get_player_cards: SUCCESS, 392
get_team_points: SUCCESS, 0
buy_team: SUCCESS
remove_team: FAILURE
remove_team: FAILURE
num_played_games_for_player: SUCCESS, 22
get_team_points: SUCCESS, 3
add_team: FAILURE
add_player: SUCCESS
buy_team: SUCCESS
add_player: FAILURE
get_ith_pointless_ability: SUCCESS, 26
add_player_cards: FAILURE
get_player_cards: SUCCESS, 157
get_player_cards: SUCCESS, 144
get_ith_pointless_ability: SUCCESS, 39
add_player: SUCCESS
get_team_points: SUCCESS, 0
buy_team: SUCCESS
add_team: FAILURE
get_team_points: SUCCESS, 0
play_match: FAILURE
num_played_games_for_player: SUCCESS, 22
add_team: FAILURE
play_match: SUCCESS, 3
add_player: FAILURE
num_played_games_for_player: SUCCESS, 22
get_team_points: SUCCESS, 0
add_player: FAILURE
add_player_cards: SUCCESS
add_team: FAILURE
play_match: FAILURE
get_ith_pointless_ability: SUCCESS, 61
add_player: FAILURE
add_team: FAILURE
add_player: FAILURE
get_ith_pointless_ability: SUCCESS, 73
get_player_cards: SUCCESS, 107
add_player: SUCCESS
get_ith_pointless_ability: SUCCESS, 29
num_played_games_for_player: SUCCESS, 22
add_player: SUCCESS
get_team_points: SUCCESS, 0
get_ith_pointless_ability: FAILURE
get_player_cards: SUCCESS, 17
play_match: FAILURE
add_team: FAILURE
get_player_cards: SUCCESS, 154
add_player_cards: SUCCESS
buy_team: SUCCESS
add_team: FAILURE
get_player_cards: SUCCESS, 87
remove_team: FAILURE
add_player: FAILURE
add_player_cards: SUCCESS
get_team_points: SUCCESS, 0
play_match: FAILURE
add_player_cards: SUCCESS
add_player: FAILURE
add_team: FAILURE
buy_team: SUCCESS
add_team: FAILURE
get_team_points: SUCCESS, 0
add_team: FAILURE
add_player: FAILURE
num_played_games_for_player: SUCCESS, 22
add_team: FAILURE
get_player_cards: SUCCESS, 234
add_player: SUCCESS
remove_team: FAILURE
get_partial_spirit: SUCCESS, 2,5,1,3,4
remove_team: FAILURE
get_ith_pointless_ability: FAILURE
num_played_games_for_player: SUCCESS, 22
add_team: FAILURE
get_team_points: SUCCESS, 3
remove_team: FAILURE
add_player: SUCCESS
add_player: FAILURE
add_player: FAILURE
add_player: FAILURE
add_player: SUCCESS
buy_team: SUCCESS
add_team: FAILURE
remove_team: FAILURE
buy_team: SUCCESS
get_ith_pointless_ability: SUCCESS, 46
add_player: SUCCESS
add_player: FAILURE
play_match: FAILURE
get_team_points: FAILURE
add_player: FAILURE
get_team_points: SUCCESS, 3
get_partial_spirit: SUCCESS, 3,5,1,2,4
remove_team: FAILURE
add_player: FAILURE
add_team: FAILURE
add_team: FAILURE
buy_team: SUCCESS
get_team_points: SUCCESS, 3
add_player_cards: SUCCESS
play_match: SUCCESS, 3
get_team_points: FAILURE
buy_team: SUCCESS
add_player: SUCCESS
buy_team: SUCCESS
add_team: FAILURE
add_player: FAILURE
get_team_points: SUCCESS, 0
add_player: SUCCESS
get_team_points: FAILURE
get_ith_pointless_ability: SUCCESS, 90
get_player_cards: SUCCESS, 66
get_team_points: SUCCESS, 6
get_partial_spirit: SUCCESS, 3,5,2,1,4
get_team_points: SUCCESS, 3
add_player_cards: SUCCESS
add_player_cards: SUCCESS
get_partial_spirit: SUCCESS, 1,2,3,4,5
add_player_cards: SUCCESS
add_player: SUCCESS
add_player_cards: SUCCESS
play_match: SUCCESS, 3
add_team: FAILURE
get_player_cards: SUCCESS, 277
play_match: SUCCESS, 1
add_player: FAILURE
play_match: SUCCESS, 3
get_partial_spirit: SUCCESS, 1,2,3,4,5
get_player_cards: SUCCESS, 382
get_player_cards: SUCCESS, 116
add_player: FAILURE
buy_team: SUCCESS
num_played_games_for_player: SUCCESS, 22
add_player: FAILURE
add_player: FAILURE
get_player_cards: SUCCESS, 26
remove_team: FAILURE
remove_team: FAILURE
buy_team: SUCCESS
play_match: SUCCESS, 1
get_player_cards: SUCCESS, 68
get_player_cards: SUCCESS, 517
get_ith_pointless_ability: FAILURE
add_team: FAILURE
get_partial_spirit: FAILURE
add_player: SUCCESS
remove_team: FAILURE
add_player: SUCCESS
add_team: FAILURE
add_player: FAILURE
add_team: FAILURE
buy_team: SUCCESS
get_team_points: SUCCESS, 0
add_player_cards: SUCCESS
num_played_games_for_player: SUCCESS, 22
num_played_games_for_player: SUCCESS, 22
add_player: FAILURE
add_player: SUCCESS
add_player_cards: SUCCESS
get_player_cards: SUCCESS, 27
get_partial_spirit: SUCCESS, 4,2,3,5,1
play_match: FAILURE
buy_team: SUCCESS
get_player_cards: SUCCESS, 182
add_player_cards: SUCCESS
add_player: SUCCESS
buy_team: SUCCESS
add_player_cards: FAILURE
get_player_cards: SUCCESS, 362
play_match: FAILURE
add_player: SUCCESS
remove_team: FAILURE
buy_team: SUCCESS
remove_team: FAILURE
get_player_cards: SUCCESS, 137
get_ith_pointless_ability: SUCCESS, 64
add_player: FAILURE
add_player: FAILURE
get_ith_pointless_ability: FAILURE
add_player: FAILURE
play_match: FAILURE
add_player_cards: SUCCESS
remove_team: FAILURE
remove_team: FAILURE
add_player: FAILURE
add_team: FAILURE
play_match: FAILURE
get_ith_pointless_ability: SUCCESS, 6
get_ith_pointless_ability: SUCCESS, 6
get_player_cards: SUCCESS, 231
add_player: FAILURE
get_player_cards: SUCCESS, 165
add_player: FAILURE
add_player: FAILURE
add_player_cards: SUCCESS
add_player: FAILURE
add_player: FAILURE
get_partial_spirit: SUCCESS, 4,5,2,1,3
add_player: FAILURE
get_ith_pointless_ability: FAILURE
add_player: FAILURE
get_team_points: FAILURE
buy_team: SUCCESS
num_played_games_for_player: SUCCESS, 22
add_player: FAILURE
add_player: FAILURE
add_player: FAILURE
play_match: FAILURE
buy_team: SUCCESS
add_player: FAILURE
remove_team: FAILURE
buy_team: SUCCESS
add_player_cards: FAILURE
add_player: FAILURE
get_partial_spirit: SUCCESS, 5,1,3,4,2
get_partial_spirit: SUCCESS, 1,2,3,4,5
add_player: FAILURE
remove_team: FAILURE
num_played_games_for_player: SUCCESS, 22
add_team: FAILURE
get_ith_pointless_ability: FAILURE
add_player: FAILURE
add_player_cards: SUCCESS
add_player_cards: SUCCESS
play_match: FAILURE
add_player: FAILURE
add_player: FAILURE
add_player: FAILURE
add_player_cards: FAILURE
get_team_points: FAILURE
get_ith_pointless_ability: SUCCESS, 49
buy_team: SUCCESS
add_player: FAILURE
get_partial_spirit: SUCCESS, 3,5,4,1,2
buy_team: SUCCESS
add_player: FAILURE
get_partial_spirit: FAILURE
add_player: FAILURE
num_played_games_for_player: SUCCESS, 22
get_team_points: SUCCESS, 0
add_team: FAILURE
buy_team: SUCCESS
get_ith_pointless_ability: SUCCESS, 22
remove_team: FAILURE
add_player: FAILURE
get_team_points: SUCCESS, 9
add_player: FAILURE
add_player: FAILURE
num_played_games_for_player: SUCCESS, 22
add_player_cards: FAILURE
add_player_cards: SUCCESS
add_player: FAILURE
add_player_cards: FAILURE
add_player: FAILURE
add_player: FAILURE
play_match: FAILURE
add_team: FAILURE
add_team: FAILURE
num_played_games_for_player: SUCCESS, 22
remove_team: FAILURE
add_player_cards: SUCCESS
buy_team: SUCCESS
get_team_points: FAILURE
get_team_points: SUCCESS, 0
add_player_cards: FAILURE
add_player: FAILURE
get_player_cards: SUCCESS, 120
get_team_points: SUCCESS, 6
add_player: FAILURE
play_match: FAILURE
get_partial_spirit: SUCCESS, 5,4,2,1,3
add_player: FAILURE
num_played_games_for_player: SUCCESS, 22
buy_team: SUCCESS
play_match: SUCCESS, 3
get_ith_pointless_ability: FAILURE
