add_team: SUCCESS
add_team: SUCCESS
add_team: SUCCESS
add_team: SUCCESS
add_team: SUCCESS
add_team: SUCCESS
add_team: SUCCESS
add_team: SUCCESS
add_team: SUCCESS
add_team: SUCCESS
add_team: SUCCESS
add_team: SUCCESS
add_team: SUCCESS
add_team: SUCCESS
add_team: SUCCESS
add_team: SUCCESS
add_team: SUCCESS
add_team: SUCCESS
add_team: SUCCESS
add_team: SUCCESS
add_team: SUCCESS
add_team: SUCCESS
add_team: SUCCESS
add_team: SUCCESS
add_team: SUCCESS
add_team: SUCCESS
add_team: SUCCESS
add_team: SUCCESS
add_team: SUCCESS
add_team: SUCCESS
add_team: SUCCESS
add_team: SUCCESS
add_team: SUCCESS
add_team: SUCCESS
add_team: SUCCESS
add_team: SUCCESS
add_team: SUCCESS
add_team: SUCCESS
add_team: SUCCESS
add_team: SUCCESS
add_team: SUCCESS
add_team: SUCCESS
add_team: SUCCESS
add_team: SUCCESS
add_team: SUCCESS
add_team: SUCCESS
add_team: SUCCESS
add_team: SUCCESS
add_team: SUCCESS
add_team: SUCCESS
add_team: SUCCESS
add_team: SUCCESS
add_team: SUCCESS
add_team: SUCCESS
add_team: SUCCESS
add_team: SUCCESS
add_team: SUCCESS
add_team: SUCCESS
add_team: SUCCESS
add_team: SUCCESS
add_team: SUCCESS
add_team: SUCCESS
add_team: SUCCESS
add_team: SUCCESS
add_team: SUCCESS
add_team: SUCCESS
add_team: SUCCESS
add_team: SUCCESS
add_team: SUCCESS
add_team: SUCCESS
add_team: SUCCESS
add_team: SUCCESS
add_team: SUCCESS
add_team: SUCCESS
add_team: SUCCESS
add_team: SUCCESS
add_team: SUCCESS
add_team: SUCCESS
add_team: SUCCESS
add_team: SUCCESS
add_team: SUCCESS
add_team: SUCCESS
add_team: SUCCESS
add_team: SUCCESS
add_team: SUCCESS
add_team: SUCCESS
add_team: SUCCESS
add_team: SUCCESS
add_team: SUCCESS
add_team: SUCCESS
add_team: SUCCESS
add_team: SUCCESS
add_team: SUCCESS
add_team: SUCCESS
add_team: SUCCESS
add_team: SUCCESS
add_team: SUCCESS
add_team: SUCCESS
add_team: SUCCESS
add_team: SUCCESS
add_player: SUCCESS
add_player: SUCCESS
add_player: SUCCESS
add_player: SUCCESS
add_player: SUCCESS
add_player: SUCCESS
add_player: SUCCESS
add_player: SUCCESS
add_player: SUCCESS
add_player: SUCCESS
add_player: SUCCESS
add_player: SUCCESS
add_player: SUCCESS
add_player: SUCCESS
add_player: SUCCESS
add_player: SUCCESS
add_player: SUCCESS
add_player: SUCCESS
add_player: SUCCESS
add_player: SUCCESS
add_player: SUCCESS
add_player: SUCCESS
add_player: SUCCESS
add_player: SUCCESS
add_player: SUCCESS
add_player: SUCCESS
add_player: SUCCESS
add_player: SUCCESS
add_player: SUCCESS
add_player: SUCCESS
add_player: SUCCESS
add_player: SUCCESS
add_player: SUCCESS
add_player: SUCCESS
add_player: SUCCESS
add_player: SUCCESS
add_player: SUCCESS
add_player: SUCCESS
add_player: SUCCESS
add_player: SUCCESS
add_player: SUCCESS
add_player: SUCCESS
add_player: SUCCESS
add_player: SUCCESS
add_player: SUCCESS
add_player: SUCCESS
add_player: SUCCESS
add_player: SUCCESS
add_player: SUCCESS
add_player: SUCCESS
add_player: SUCCESS
add_player: SUCCESS
add_player: SUCCESS
add_player: SUCCESS
add_player: SUCCESS
add_player: SUCCESS
add_player: SUCCESS
add_player: SUCCESS
add_player: SUCCESS
add_player: SUCCESS
add_player: SUCCESS
add_player: SUCCESS
add_player: SUCCESS
add_player: SUCCESS
add_player: SUCCESS
add_player: SUCCESS
add_player: SUCCESS
add_player: SUCCESS
add_player: SUCCESS
add_player: SUCCESS
add_player: SUCCESS
add_player: SUCCESS
add_player: SUCCESS
add_player: SUCCESS
add_player: SUCCESS
add_player: SUCCESS
add_player: SUCCESS
add_player: SUCCESS
add_player: SUCCESS
add_player: SUCCESS
add_player: SUCCESS
add_player: SUCCESS
add_player: SUCCESS
add_player: SUCCESS
add_player: SUCCESS
add_player: SUCCESS
add_player: SUCCESS
add_player: SUCCESS
add_player: SUCCESS
add_player: SUCCESS
add_player: SUCCESS
add_player: SUCCESS
add_player: SUCCESS
add_player: SUCCESS
add_player: SUCCESS
add_player: SUCCESS
add_player: SUCCESS
add_player: SUCCESS
add_player: SUCCESS
add_player: SUCCESS
get_ith_pointless_ability: SUCCESS, 13
buy_team: SUCCESS
buy_team: SUCCESS
get_ith_pointless_ability: SUCCESS, 50
add_player: SUCCESS
get_ith_pointless_ability: SUCCESS, 91
add_player: SUCCESS
add_player: SUCCESS
get_ith_pointless_ability: FAILURE
get_player_cards: SUCCESS, 165
buy_team: SUCCESS
get_team_points: SUCCESS, 0
num_played_games_for_player: SUCCESS, 22
num_played_games_for_player: SUCCESS, 22
add_player: SUCCESS
play_match: FAILURE
remove_team: FAILURE
remove_team: FAILURE
add_player: FAILURE
add_player_cards: SUCCESS
play_match: FAILURE
get_player_cards: SUCCESS, 224
get_partial_spirit: SUCCESS, 1,2,3,4,5
add_player: FAILURE
get_player_cards: SUCCESS, 171
get_team_points: SUCCESS, 0
num_played_games_for_player: SUCCESS, 22
play_match: FAILURE
add_team: SUCCESS
add_player: FAILURE
play_match: FAILURE
add_player_cards: SUCCESS
get_player_cards: SUCCESS, 39
buy_team: SUCCESS
remove_team: FAILURE
num_played_games_for_player: SUCCESS, 22
add_player: FAILURE
add_player: FAILURE
num_played_games_for_player: SUCCESS, 22
buy_team: SUCCESS
buy_team: SUCCESS
add_player: FAILURE
add_player: FAILURE
buy_team: SUCCESS
get_ith_pointless_ability: FAILURE
buy_team: SUCCESS
add_player: FAILURE
get_player_cards: SUCCESS, 203
add_player_cards: SUCCESS
get_team_points: SUCCESS, 0
buy_team: SUCCESS
num_played_games_for_player: SUCCESS, 22
add_team: FAILURE
get_team_points: SUCCESS, 0
remove_team: FAILURE
get_team_points: SUCCESS, 0
add_player: FAILURE
add_player: FAILURE
add_player: FAILURE
add_player: FAILURE
play_match: FAILURE
add_player_cards: SUCCESS
add_player: FAILURE
add_player: FAILURE
add_player: FAILURE
add_player: FAILURE
get_player_cards: SUCCESS, 171
add_player: FAILURE
play_match: FAILURE
num_played_games_for_player: SUCCESS, 22
add_team: FAILURE
add_team: FAILURE
add_player: FAILURE
add_team: FAILURE
add_player_cards: SUCCESS
add_player: FAILURE
add_player_cards: SUCCESS
add_player: FAILURE
get_team_points: SUCCESS, 0
add_player: FAILURE
add_player: FAILURE
add_player: FAILURE
add_player: FAILURE
buy_team: SUCCESS
remove_team: FAILURE
add_player_cards: SUCCESS
remove_team: FAILURE
add_player: FAILURE
add_player: FAILURE
play_match: FAILURE
add_player: FAILURE
get_player_cards: SUCCESS, 197
play_match: FAILURE
num_played_games_for_player: SUCCESS, 22
add_player: FAILURE
get_partial_spirit: SUCCESS, 1,2,3,4,5
add_player_cards: SUCCESS
num_played_games_for_player: SUCCESS, 22
remove_team: FAILURE
buy_team: SUCCESS
add_team: FAILURE
get_ith_pointless_ability: FAILURE
add_team: FAILURE
num_played_games_for_player: SUCCESS, 22
add_player_cards: SUCCESS
get_player_cards: SUCCESS, 144
num_played_games_for_player: SUCCESS, 22
get_player_cards: SUCCESS, 79
get_player_cards: SUCCESS, 12
remove_team: FAILURE
get_ith_pointless_ability: SUCCESS, 14
add_player: FAILURE
get_team_points: SUCCESS, 0
buy_team: SUCCESS
get_partial_spirit: SUCCESS, 3,5,1,4,2
buy_team: SUCCESS
get_ith_pointless_ability: FAILURE
remove_team: FAILURE
play_match: FAILURE
get_ith_pointless_ability: SUCCESS, 97
add_player: FAILURE
add_team: FAILURE
get_partial_spirit: SUCCESS, 1,2,3,4,5
add_player: FAILURE
add_player: FAILURE
add_team: FAILURE
get_team_points: SUCCESS, 0
add_player_cards: SUCCESS
add_player: FAILURE
get_player_cards: SUCCESS, 235
add_player_cards: SUCCESS
remove_team: FAILURE
buy_team: SUCCESS
get_team_points: SUCCESS, 0
get_partial_spirit: SUCCESS, 2,1,5,3,4
remove_team: FAILURE
add_player_cards: SUCCESS
get_player_cards: SUCCESS, 137
get_player_cards: SUCCESS, 39
add_player: FAILURE
add_player: FAILURE
play_match: SUCCESS, 3
get_ith_pointless_ability: FAILURE
buy_team: SUCCESS
add_player: FAILURE
add_player_cards: SUCCESS
add_player: FAILURE
num_played_games_for_player: SUCCESS, 22
add_player_cards: SUCCESS
add_player: FAILURE
remove_team: FAILURE
buy_team: SUCCESS
get_player_cards: SUCCESS, 103
add_player: FAILURE
buy_team: SUCCESS
get_partial_spirit: SUCCESS, 1,2,3,4,5
add_player_cards: SUCCESS
num_played_games_for_player: SUCCESS, 22
add_player: FAILURE
get_team_points: SUCCESS, 0
add_player: FAILURE
get_ith_pointless_ability: SUCCESS, 82
add_player: FAILURE
remove_team: FAILURE
add_player: FAILURE
num_played_games_for_player: SUCCESS, 22
remove_team: FAILURE
remove_team: FAILURE
add_player: FAILURE
add_team: FAILURE
add_team: FAILURE
buy_team: SUCCESS
add_player: FAILURE
buy_team: SUCCESS
remove_team: FAILURE
num_played_games_for_player: SUCCESS, 22
get_partial_spirit: SUCCESS, 1,2,3,4,5
buy_team: SUCCESS
get_team_points: SUCCESS, 0
add_player: FAILURE
get_player_cards: SUCCESS, 159
add_team: FAILURE
num_played_games_for_player: SUCCESS, 22
add_player: FAILURE
add_player_cards: SUCCESS
get_team_points: SUCCESS, 0
add_team: FAILURE
add_player: FAILURE
buy_team: SUCCESS
add_player: FAILURE
add_player: FAILURE
get_ith_pointless_ability: FAILURE
add_player: FAILURE
num_played_games_for_player: SUCCESS, 22
add_player: FAILURE
get_team_points: SUCCESS, 0
remove_team: FAILURE
num_played_games_for_player: SUCCESS, 22
add_team: FAILURE
num_played_games_for_player: SUCCESS, 22
add_player_cards: SUCCESS
get_ith_pointless_ability: FAILURE
add_player: FAILURE
add_team: FAILURE
get_ith_pointless_ability: SUCCESS, 27
remove_team: FAILURE
get_team_points: SUCCESS, 0
get_team_points: SUCCESS, 0
get_team_points: SUCCESS, 0
get_team_points: SUCCESS, 0
num_played_games_for_player: SUCCESS, 22
add_player: FAILURE
add_player: FAILURE
remove_team: FAILURE
play_match: FAILURE
remove_team: FAILURE
add_player_cards: SUCCESS
add_player: FAILURE
add_player: FAILURE
add_player_cards: SUCCESS
add_player_cards: SUCCESS
add_player: FAILURE
play_match: FAILURE
get_team_points: SUCCESS, 0
add_player: FAILURE
add_player: FAILURE
get_player_cards: SUCCESS, 268
play_match: SUCCESS, 3
buy_team: SUCCESS
add_player: FAILURE
play_match: FAILURE
add_player_cards: SUCCESS
add_player_cards: SUCCESS
remove_team: FAILURE
play_match: FAILURE
buy_team: SUCCESS
add_team: FAILURE
add_player: FAILURE
add_player: FAILURE
num_played_games_for_player: SUCCESS, 22
get_player_cards: SUCCESS, 205
add_player_cards: SUCCESS
get_player_cards: SUCCESS, 230
add_player: FAILURE
add_player: FAILURE
num_played_games_for_player: SUCCESS, 22
play_match: FAILURE
add_player: FAILURE
get_partial_spirit: SUCCESS, 1,2,3,4,5
buy_team: SUCCESS
add_player: FAILURE
add_team: FAILURE
get_player_cards: SUCCESS, 382
add_player: FAILURE
get_partial_spirit: SUCCESS, 1,2,3,5,4
play_match: FAILURE
get_team_points: SUCCESS, 0
num_played_games_for_player: SUCCESS, 22
get_team_points: SUCCESS, 0
get_player_cards: SUCCESS, 43
add_player: FAILURE
add_team: FAILURE
play_match: FAILURE
num_played_games_for_player: SUCCESS, 22
add_player: FAILURE
get_ith_pointless_ability: FAILURE
get_ith_pointless_ability: SUCCESS, 64
get_ith_pointless_ability: FAILURE
get_player_cards: SUCCESS, 294
buy_team: SUCCESS
get_team_points: SUCCESS, 0
get_team_points: SUCCESS, 0
remove_team: FAILURE
get_ith_pointless_ability: FAILURE
remove_team: FAILURE
get_ith_pointless_ability: FAILURE
add_player: FAILURE
remove_team: FAILURE
num_played_games_for_player: SUCCESS, 22
get_team_points: SUCCESS, 0
add_player_cards: SUCCESS
get_team_points: SUCCESS, 0
add_player_cards: SUCCESS
get_player_cards: SUCCESS, 239
add_team: FAILURE
play_match: FAILURE
get_partial_spirit: SUCCESS, 1,2,3,4,5
add_player: FAILURE
get_team_points: SUCCESS, 0
play_match: FAILURE
remove_team: FAILURE
add_player: FAILURE
add_player: FAILURE
buy_team: SUCCESS
add_player: FAILURE
get_player_cards: SUCCESS, 33
get_ith_pointless_ability: FAILURE
buy_team: SUCCESS
play_match: FAILURE
add_player_cards: SUCCESS
buy_team: SUCCESS
get_partial_spirit: SUCCESS, 1,2,3,4,5
add_player_cards: FAILURE
add_player_cards: SUCCESS
add_player: FAILURE
buy_team: SUCCESS
get_ith_pointless_ability: FAILURE
buy_team: SUCCESS
num_played_games_for_player: SUCCESS, 22
remove_team: FAILURE
get_partial_spirit: SUCCESS, 1,2,3,4,5
remove_team: FAILURE
num_played_games_for_player: SUCCESS, 22
add_player: FAILURE
get_player_cards: SUCCESS, 88
remove_team: FAILURE
add_team: FAILURE
add_player_cards: SUCCESS
add_team: FAILURE
remove_team: FAILURE
play_match: FAILURE
remove_team: FAILURE
remove_team: FAILURE
get_player_cards: SUCCESS, 203
num_played_games_for_player: SUCCESS, 22
add_player: FAILURE
get_partial_spirit: SUCCESS, 4,1,3,5,2
add_player: FAILURE
play_match: FAILURE
add_player: FAILURE
add_player: FAILURE
add_player: FAILURE
add_player: FAILURE
get_team_points: SUCCESS, 0
get_player_cards: SUCCESS, 251
add_team: FAILURE
get_player_cards: SUCCESS, 395
add_player: FAILURE
get_team_points: SUCCESS, 0
add_player_cards: SUCCESS
get_player_cards: SUCCESS, 119
get_ith_pointless_ability: FAILURE
add_player: FAILURE
add_player: FAILURE
get_ith_pointless_ability: FAILURE
get_partial_spirit: SUCCESS, 5,2,1,3,4
get_partial_spirit: SUCCESS, 1,2,3,4,5
add_player: FAILURE
add_player: FAILURE
get_team_points: SUCCESS, 0
add_player: FAILURE
add_player: FAILURE
add_player: FAILURE
remove_team: FAILURE
add_team: FAILURE
buy_team: SUCCESS
add_player: FAILURE
play_match: FAILURE
add_player: FAILURE
add_player_cards: SUCCESS
get_ith_pointless_ability: FAILURE
remove_team: FAILURE
get_partial_spirit: SUCCESS, 1,2,3,4,5
add_player: FAILURE
add_player_cards: SUCCESS
get_team_points: SUCCESS, 0
add_player: FAILURE
get_partial_spirit: SUCCESS, 4,1,2,3,5
play_match: FAILURE
get_player_cards: SUCCESS, 216
play_match: FAILURE
get_partial_spirit: SUCCESS, 1,2,3,4,5
num_played_games_for_player: SUCCESS, 22
add_player: FAILURE
add_player_cards: SUCCESS
get_ith_pointless_ability: SUCCESS, 50
add_player: FAILURE
remove_team: FAILURE
remove_team: FAILURE
add_player: FAILURE
buy_team: SUCCESS
add_player: FAILURE
remove_team: FAILURE
get_partial_spirit: SUCCESS, 2,3,5,1,4
get_player_cards: SUCCESS, 275
add_player: FAILURE
add_team: FAILURE
add_player: FAILURE
add_team: FAILURE
play_match: FAILURE
remove_team: FAILURE
get_player_cards: SUCCESS, 43
get_partial_spirit: SUCCESS, 1,2,3,5,4
get_partial_spirit: SUCCESS, 2,1,5,3,4
remove_team: FAILURE
buy_team: SUCCESS
add_team: FAILURE
get_player_cards: SUCCESS, 275
add_player: FAILURE
get_partial_spirit: SUCCESS, 2,4,1,3,5
get_ith_pointless_ability: FAILURE
add_player_cards: SUCCESS
add_player: FAILURE
add_player: FAILURE
add_player_cards: SUCCESS
play_match: SUCCESS, 3
num_played_games_for_player: SUCCESS, 22
add_player: FAILURE
get_partial_spirit: SUCCESS, 1,2,3,4,5
add_player: FAILURE
get_team_points: FAILURE
get_partial_spirit: SUCCESS, 1,2,3,4,5
buy_team: SUCCESS
add_player_cards: SUCCESS
get_ith_pointless_ability: FAILURE
get_ith_pointless_ability: FAILURE
get_player_cards: SUCCESS, 21
buy_team: SUCCESS
get_team_points: FAILURE
get_player_cards: SUCCESS, 241
add_player_cards: SUCCESS
get_partial_spirit: SUCCESS, 1,2,3,4,5
add_player_cards: SUCCESS
get_team_points: SUCCESS, 0
play_match: FAILURE
get_ith_pointless_ability: SUCCESS, 8
get_ith_pointless_ability: SUCCESS, 77
get_team_points: SUCCESS, 0
get_ith_pointless_ability: SUCCESS, 77
get_player_cards: SUCCESS, 346
remove_team: FAILURE
add_team: FAILURE
remove_team: FAILURE
get_team_points: SUCCESS, 0
add_player: FAILURE
remove_team: FAILURE
play_match: FAILURE
get_player_cards: SUCCESS, 144
add_team: FAILURE
get_partial_spirit: SUCCESS, 1,2,3,4,5
remove_team: FAILURE
add_player_cards: SUCCESS
add_player: FAILURE
add_player: FAILURE
buy_team: SUCCESS
get_partial_spirit: SUCCESS, 1,2,3,4,5
add_player_cards: FAILURE
get_ith_pointless_ability: SUCCESS, 48
add_player_cards: SUCCESS
add_player: FAILURE
add_player: FAILURE
add_player: FAILURE
add_player: FAILURE
add_player: FAILURE
get_player_cards: SUCCESS, 12
play_match: FAILURE
get_player_cards: SUCCESS, 142
get_player_cards: SUCCESS, 33
play_match: FAILURE
add_player: FAILURE
add_player: FAILURE
add_player_cards: SUCCESS
get_ith_pointless_ability: SUCCESS, 16
get_team_points: SUCCESS, 0
add_player: FAILURE
get_partial_spirit: SUCCESS, 1,2,3,4,5
get_partial_spirit: SUCCESS, 1,2,3,4,5
buy_team: SUCCESS
play_match: FAILURE
get_ith_pointless_ability: FAILURE
add_team: FAILURE
get_partial_spirit: SUCCESS, 1,2,3,4,5
get_ith_pointless_ability: FAILURE
add_player: FAILURE
get_player_cards: SUCCESS, 297
get_player_cards: SUCCESS, 12
get_ith_pointless_ability: SUCCESS, 18
get_partial_spirit: SUCCESS, 1,2,3,4,5
get_ith_pointless_ability: FAILURE
add_team: FAILURE
get_team_points: SUCCESS, 0
get_partial_spirit: SUCCESS, 2,4,1,3,5
remove_team: FAILURE
add_player: FAILURE
add_player_cards: SUCCESS
remove_team: FAILURE
get_player_cards: SUCCESS, 86
num_played_games_for_player: SUCCESS, 22
add_team: FAILURE
get_ith_pointless_ability: FAILURE
add_player: FAILURE
get_partial_spirit: SUCCESS, 1,2,3,4,5
remove_team: FAILURE
add_player: FAILURE
get_player_cards: SUCCESS, 22
get_player_cards: SUCCESS, 103
get_ith_pointless_ability: SUCCESS, 14
play_match: FAILURE
buy_team: SUCCESS
get_ith_pointless_ability: SUCCESS, 66
get_team_points: SUCCESS, 3
get_team_points: SUCCESS, 0
remove_team: FAILURE
get_partial_spirit: SUCCESS, 5,2,3,1,4
get_player_cards: SUCCESS, 171
add_player: FAILURE
remove_team: FAILURE
get_ith_pointless_ability: SUCCESS, 66
get_ith_pointless_ability: FAILURE
get_player_cards: SUCCESS, 165
add_team: FAILURE
add_player: FAILURE
get_ith_pointless_ability: SUCCESS, 82
get_player_cards: SUCCESS, 58
get_partial_spirit: SUCCESS, 1,2,3,4,5
add_player: FAILURE
add_player: FAILURE
get_partial_spirit: SUCCESS, 3,2,1,4,5
play_match: FAILURE
add_player: FAILURE
get_ith_pointless_ability: SUCCESS, 30
buy_team: SUCCESS
buy_team: SUCCESS
get_team_points: SUCCESS, 0
get_ith_pointless_ability: SUCCESS, 40
add_player_cards: SUCCESS
get_player_cards: SUCCESS, 256
add_player: FAILURE
get_player_cards: SUCCESS, 76
add_player: FAILURE
get_partial_spirit: SUCCESS, 1,2,3,4,5
play_match: FAILURE
buy_team: SUCCESS
add_player: FAILURE
add_team: FAILURE
buy_team: SUCCESS
play_match: FAILURE
play_match: FAILURE
remove_team: FAILURE
remove_team: FAILURE
add_player: FAILURE
get_partial_spirit: SUCCESS, 1,2,3,4,5
num_played_games_for_player: SUCCESS, 22
get_player_cards: SUCCESS, 33
remove_team: FAILURE
get_team_points: FAILURE
add_player_cards: SUCCESS
add_player: FAILURE
num_played_games_for_player: SUCCESS, 22
buy_team: SUCCESS
add_player_cards: SUCCESS
buy_team: SUCCESS
add_player: FAILURE
get_team_points: FAILURE
get_partial_spirit: FAILURE
add_player: FAILURE
num_played_games_for_player: SUCCESS, 22
play_match: FAILURE
buy_team: SUCCESS
get_ith_pointless_ability: FAILURE
play_match: FAILURE
add_player: FAILURE
num_played_games_for_player: SUCCESS, 22
num_played_games_for_player: SUCCESS, 22
add_player: FAILURE
get_partial_spirit: SUCCESS, 1,2,3,4,5
get_ith_pointless_ability: FAILURE
add_player_cards: FAILURE
get_team_points: FAILURE
remove_team: FAILURE
add_player: FAILURE
get_partial_spirit: SUCCESS, 1,2,3,4,5
remove_team: FAILURE
play_match: SUCCESS, 3
add_player: FAILURE
play_match: FAILURE
add_player: FAILURE
add_player: FAILURE
num_played_games_for_player: SUCCESS, 22
play_match: FAILURE
remove_team: FAILURE
get_ith_pointless_ability: SUCCESS, 53
add_player_cards: FAILURE
get_player_cards: SUCCESS, 31
play_match: SUCCESS, 1
add_player: FAILURE
get_partial_spirit: SUCCESS, 1,2,3,4,5
num_played_games_for_player: SUCCESS, 22
get_partial_spirit: SUCCESS, 1,5,4,3,2
add_player: FAILURE
get_player_cards: SUCCESS, 30
buy_team: SUCCESS
add_team: FAILURE
num_played_games_for_player: SUCCESS, 22
get_ith_pointless_ability: FAILURE
add_player: FAILURE
add_player: FAILURE
play_match: FAILURE
get_partial_spirit: SUCCESS, 4,2,1,5,3
buy_team: SUCCESS
add_player: FAILURE
add_player: FAILURE
add_player: FAILURE
add_player: FAILURE
get_team_points: FAILURE
get_partial_spirit: SUCCESS, 1,2,3,4,5
play_match: FAILURE
get_player_cards: SUCCESS, 216
play_match: FAILURE
buy_team: SUCCESS
get_partial_spirit: SUCCESS, 2,3,5,1,4
buy_team: SUCCESS
add_player_cards: SUCCESS
add_player: FAILURE
add_player: FAILURE
get_player_cards: SUCCESS, 206
add_player: FAILURE
get_team_points: FAILURE
get_ith_pointless_ability: FAILURE
add_player: FAILURE
get_team_points: SUCCESS, 0
add_player: FAILURE
remove_team: FAILURE
add_player: FAILURE
num_played_games_for_player: SUCCESS, 22
get_team_points: SUCCESS, 0
add_player: FAILURE
buy_team: SUCCESS
buy_team: SUCCESS
buy_team: SUCCESS
buy_team: SUCCESS
add_player: FAILURE
num_played_games_for_player: SUCCESS, 22
buy_team: SUCCESS
get_ith_pointless_ability: SUCCESS, 16
buy_team: SUCCESS
num_played_games_for_player: SUCCESS, 22
get_ith_pointless_ability: FAILURE
play_match: FAILURE
add_player: FAILURE
get_player_cards: SUCCESS, 886
play_match: FAILURE
add_player: FAILURE
num_played_games_for_player: SUCCESS, 22
get_ith_pointless_ability: SUCCESS, 27
remove_team: FAILURE
get_team_points: SUCCESS, 0
buy_team: SUCCESS
add_player: FAILURE
add_player_cards: SUCCESS
get_player_cards: SUCCESS, 88
add_player: FAILURE
play_match: FAILURE
add_player: FAILURE
add_player: FAILURE
add_player: FAILURE
add_player_cards: FAILURE
add_player: FAILURE
play_match: FAILURE
add_player: FAILURE
add_player: FAILURE
num_played_games_for_player: SUCCESS, 22
add_player: FAILURE
buy_team: SUCCESS
remove_team: FAILURE
add_player: FAILURE
add_player: FAILURE
buy_team: SUCCESS
get_player_cards: SUCCESS, 142
get_team_points: SUCCESS, 0
num_played_games_for_player: SUCCESS, 22
get_player_cards: SUCCESS, 188
buy_team: SUCCESS
get_team_points: SUCCESS, 0
add_player: FAILURE
play_match: FAILURE
add_player: FAILURE
num_played_games_for_player: SUCCESS, 22
get_partial_spirit: SUCCESS, 1,2,3,4,5
get_partial_spirit: SUCCESS, 3,2,1,4,5
remove_team: FAILURE
get_team_points: FAILURE
add_player: FAILURE
add_player: FAILURE
num_played_games_for_player: SUCCESS, 22
remove_team: FAILURE
play_match: FAILURE
add_player: FAILURE
add_team: FAILURE
add_player: FAILURE
add_team: FAILURE
num_played_games_for_player: SUCCESS, 22
buy_team: SUCCESS
get_partial_spirit: SUCCESS, 1,2,3,4,5
num_played_games_for_player: SUCCESS, 22
add_player_cards: SUCCESS
play_match: FAILURE
buy_team: SUCCESS
get_partial_spirit: SUCCESS, 1,5,3,4,2
add_player: FAILURE
get_player_cards: SUCCESS, 230
add_player: FAILURE
get_player_cards: SUCCESS, 58
add_player: FAILURE
add_player: FAILURE
play_match: FAILURE
num_played_games_for_player: SUCCESS, 22
add_player: FAILURE
play_match: SUCCESS, 1
play_match: FAILURE
get_ith_pointless_ability: FAILURE
add_player_cards: SUCCESS
num_played_games_for_player: SUCCESS, 22
add_player: FAILURE
get_partial_spirit: SUCCESS, 1,2,3,4,5
num_played_games_for_player: SUCCESS, 22
get_ith_pointless_ability: SUCCESS, 8
remove_team: FAILURE
add_player: FAILURE
get_ith_pointless_ability: FAILURE
get_partial_spirit: SUCCESS, 1,2,3,4,5
play_match: FAILURE
get_ith_pointless_ability: FAILURE
add_player: FAILURE
get_team_points: SUCCESS, 0
get_partial_spirit: FAILURE
add_player: FAILURE
remove_team: FAILURE
buy_team: SUCCESS
add_player: FAILURE
remove_team: FAILURE
get_ith_pointless_ability: FAILURE
add_team: FAILURE
add_player: FAILURE
get_player_cards: SUCCESS, 259
add_player: FAILURE
add_player: FAILURE
add_team: FAILURE
num_played_games_for_player: SUCCESS, 22
add_team: FAILURE
remove_team: FAILURE
buy_team: SUCCESS
add_player_cards: SUCCESS
add_player: FAILURE
get_partial_spirit: FAILURE
num_played_games_for_player: SUCCESS, 22
add_player: FAILURE
get_player_cards: SUCCESS, 39
get_team_points: FAILURE
add_player: FAILURE
remove_team: FAILURE
get_ith_pointless_ability: SUCCESS, 70
buy_team: SUCCESS
play_match: FAILURE
remove_team: FAILURE
add_team: FAILURE
get_partial_spirit: SUCCESS, 1,2,3,4,5
add_player: FAILURE
remove_team: FAILURE
add_player: FAILURE
get_player_cards: SUCCESS, 165
get_team_points: FAILURE
buy_team: SUCCESS
num_played_games_for_player: SUCCESS, 22
add_player: FAILURE
num_played_games_for_player: SUCCESS, 22
buy_team: SUCCESS
buy_team: SUCCESS
get_player_cards: SUCCESS, 382
get_team_points: FAILURE
get_player_cards: SUCCESS, 22
num_played_games_for_player: SUCCESS, 22
buy_team: SUCCESS
remove_team: FAILURE
add_player: FAILURE
remove_team: FAILURE
remove_team: FAILURE
num_played_games_for_player: SUCCESS, 22
get_partial_spirit: SUCCESS, 1,2,3,4,5
num_played_games_for_player: SUCCESS, 22
get_team_points: SUCCESS, 0
get_ith_pointless_ability: FAILURE
get_partial_spirit: SUCCESS, 1,2,3,4,5
get_player_cards: SUCCESS, 251
get_ith_pointless_ability: FAILURE
num_played_games_for_player: SUCCESS, 22
get_partial_spirit: SUCCESS, 1,2,3,4,5
buy_team: SUCCESS
num_played_games_for_player: SUCCESS, 22
buy_team: SUCCESS
add_player: FAILURE
add_player_cards: SUCCESS
add_team: FAILURE
buy_team: SUCCESS
buy_team: SUCCESS
add_team: FAILURE
add_player: FAILURE
get_player_cards: SUCCESS, 159
play_match: FAILURE
play_match: FAILURE
add_player: FAILURE
add_team: FAILURE
buy_team: SUCCESS
get_ith_pointless_ability: FAILURE
get_team_points: SUCCESS, 0
add_team: FAILURE
get_ith_pointless_ability: SUCCESS, 14
get_team_points: SUCCESS, 0
add_player_cards: SUCCESS
num_played_games_for_player: SUCCESS, 22
add_player: FAILURE
get_partial_spirit: FAILURE
add_player: FAILURE
get_team_points: SUCCESS, 0
add_team: FAILURE
add_player: FAILURE
num_played_games_for_player: SUCCESS, 22
get_player_cards: SUCCESS, 272
get_team_points: SUCCESS, 0
remove_team: FAILURE
add_player: FAILURE
play_match: SUCCESS, 3
add_player: FAILURE
play_match: FAILURE
add_player: FAILURE
remove_team: FAILURE
add_team: FAILURE
get_team_points: FAILURE
get_partial_spirit: SUCCESS, 2,4,5,3,1
add_player: FAILURE
add_player: FAILURE
remove_team: FAILURE
buy_team: SUCCESS
add_player: FAILURE
add_team: FAILURE
play_match: FAILURE
buy_team: SUCCESS
remove_team: FAILURE
add_player: FAILURE
num_played_games_for_player: SUCCESS, 22
get_player_cards: SUCCESS, 119
add_player_cards: SUCCESS
remove_team: FAILURE
add_team: FAILURE
get_ith_pointless_ability: SUCCESS, 76
get_ith_pointless_ability: FAILURE
get_player_cards: SUCCESS, 182
add_player: FAILURE
get_ith_pointless_ability: FAILURE
play_match: FAILURE
buy_team: SUCCESS
add_player: FAILURE
buy_team: SUCCESS
add_player: FAILURE
remove_team: FAILURE
get_ith_pointless_ability: FAILURE
add_player: FAILURE
get_player_cards: SUCCESS, 194
num_played_games_for_player: SUCCESS, 22
buy_team: SUCCESS
add_player: FAILURE
num_played_games_for_player: SUCCESS, 22
get_partial_spirit: FAILURE
remove_team: FAILURE
play_match: SUCCESS, 3
add_player: FAILURE
remove_team: FAILURE
num_played_games_for_player: SUCCESS, 22
add_player: FAILURE
add_team: SUCCESS
get_team_points: FAILURE
buy_team: SUCCESS
buy_team: SUCCESS
remove_team: FAILURE
add_team: FAILURE
remove_team: FAILURE
get_partial_spirit: SUCCESS, 1,2,3,4,5
num_played_games_for_player: SUCCESS, 22
get_ith_pointless_ability: FAILURE
add_player_cards: SUCCESS
play_match: FAILURE
remove_team: FAILURE
add_player: FAILURE
add_player: FAILURE
buy_team: SUCCESS
remove_team: FAILURE
num_played_games_for_player: SUCCESS, 22
get_ith_pointless_ability: SUCCESS, 40
add_player_cards: SUCCESS
get_ith_pointless_ability: FAILURE
add_player: FAILURE
play_match: FAILURE
add_player: FAILURE
add_team: FAILURE
play_match: FAILURE
add_player: FAILURE
get_player_cards: SUCCESS, 242
num_played_games_for_player: SUCCESS, 22
get_ith_pointless_ability: SUCCESS, 84
add_player_cards: FAILURE
num_played_games_for_player: SUCCESS, 22
get_partial_spirit: FAILURE
add_player: FAILURE
get_partial_spirit: SUCCESS, 1,5,3,4,2
play_match: FAILURE
get_team_points: SUCCESS, 3
add_team: FAILURE
get_player_cards: SUCCESS, 156
remove_team: FAILURE
get_team_points: FAILURE
get_partial_spirit: FAILURE
add_player_cards: FAILURE
add_team: FAILURE
add_player: FAILURE
num_played_games_for_player: SUCCESS, 22
add_player: FAILURE
play_match: FAILURE
get_player_cards: SUCCESS, 288
add_team: FAILURE
get_player_cards: SUCCESS, 49
num_played_games_for_player: SUCCESS, 22
get_partial_spirit: FAILURE
num_played_games_for_player: SUCCESS, 22
add_player: FAILURE
num_played_games_for_player: SUCCESS, 22
play_match: FAILURE
remove_team: FAILURE
add_team: FAILURE
buy_team: SUCCESS
remove_team: FAILURE
num_played_games_for_player: SUCCESS, 22
buy_team: SUCCESS
add_team: FAILURE
remove_team: FAILURE
get_partial_spirit: SUCCESS, 1,2,3,4,5
get_player_cards: SUCCESS, 276
add_player_cards: SUCCESS
get_ith_pointless_ability: SUCCESS, 44
add_player: FAILURE
get_player_cards: SUCCESS, 259
buy_team: SUCCESS
get_player_cards: SUCCESS, 363
remove_team: FAILURE
get_player_cards: SUCCESS, 167
get_partial_spirit: SUCCESS, 4,3,5,1,2
get_player_cards: SUCCESS, 197
play_match: FAILURE
num_played_games_for_player: SUCCESS, 22
add_team: FAILURE
num_played_games_for_player: SUCCESS, 22
get_team_points: SUCCESS, 0
add_player: FAILURE
add_player: FAILURE
get_player_cards: SUCCESS, 86
get_partial_spirit: SUCCESS, 2,3,5,1,4
add_player: FAILURE
add_player: FAILURE
play_match: FAILURE
add_team: FAILURE
get_player_cards: SUCCESS, 162
get_team_points: FAILURE
add_player: FAILURE
play_match: FAILURE
add_player: FAILURE
play_match: FAILURE
play_match: FAILURE
buy_team: SUCCESS
add_player: FAILURE
buy_team: SUCCESS
num_played_games_for_player: SUCCESS, 22
get_ith_pointless_ability: SUCCESS, 22
add_player_cards: SUCCESS
add_player: FAILURE
add_team: FAILURE
get_ith_pointless_ability: FAILURE
get_partial_spirit: SUCCESS, 3,1,4,5,2
add_player: FAILURE
play_match: SUCCESS, 1
get_team_points: SUCCESS, 0
get_partial_spirit: SUCCESS, 1,2,3,4,5
add_player: FAILURE
add_team: FAILURE
add_player: FAILURE
get_ith_pointless_ability: FAILURE
add_player: FAILURE
add_player: FAILURE
add_team: FAILURE
add_player_cards: SUCCESS
add_player_cards: SUCCESS
add_player_cards: FAILURE
add_player_cards: FAILURE
get_team_points: SUCCESS, 0
get_team_points: SUCCESS, 0
add_player: FAILURE
add_player: FAILURE
buy_team: SUCCESS
add_player_cards: SUCCESS
add_player: FAILURE
add_player: FAILURE
add_player: FAILURE
