add_team: SUCCESS
add_team: SUCCESS
add_team: SUCCESS
add_team: SUCCESS
add_team: SUCCESS
add_team: SUCCESS
add_team: SUCCESS
add_team: SUCCESS
add_team: SUCCESS
add_team: SUCCESS
add_team: SUCCESS
add_team: SUCCESS
add_team: SUCCESS
add_team: SUCCESS
add_team: SUCCESS
add_team: SUCCESS
add_team: SUCCESS
add_team: SUCCESS
add_team: SUCCESS
add_team: SUCCESS
add_team: SUCCESS
add_team: SUCCESS
add_team: SUCCESS
add_team: SUCCESS
add_team: SUCCESS
add_team: SUCCESS
add_team: SUCCESS
add_team: SUCCESS
add_team: SUCCESS
add_team: SUCCESS
add_team: SUCCESS
add_team: SUCCESS
add_team: SUCCESS
add_team: SUCCESS
add_team: SUCCESS
add_team: SUCCESS
add_team: SUCCESS
add_team: SUCCESS
add_team: SUCCESS
add_team: SUCCESS
add_team: SUCCESS
add_team: SUCCESS
add_team: SUCCESS
add_team: SUCCESS
add_team: SUCCESS
add_team: SUCCESS
add_team: SUCCESS
add_team: SUCCESS
add_team: SUCCESS
add_team: SUCCESS
add_team: SUCCESS
add_team: SUCCESS
add_team: SUCCESS
add_team: SUCCESS
add_team: SUCCESS
add_team: SUCCESS
add_team: SUCCESS
add_team: SUCCESS
add_team: SUCCESS
add_team: SUCCESS
add_team: SUCCESS
add_team: SUCCESS
add_team: SUCCESS
add_team: SUCCESS
add_team: SUCCESS
add_team: SUCCESS
add_team: SUCCESS
add_team: SUCCESS
add_team: SUCCESS
add_team: SUCCESS
add_team: SUCCESS
add_team: SUCCESS
add_team: SUCCESS
add_team: SUCCESS
add_team: SUCCESS
add_team: SUCCESS
add_team: SUCCESS
add_team: SUCCESS
add_team: SUCCESS
add_team: SUCCESS
add_team: SUCCESS
add_team: SUCCESS
add_team: SUCCESS
add_team: SUCCESS
add_team: SUCCESS
add_team: SUCCESS
add_team: SUCCESS
add_team: SUCCESS
add_team: SUCCESS
add_team: SUCCESS
add_team: SUCCESS
add_team: SUCCESS
add_team: SUCCESS
add_team: SUCCESS
add_team: SUCCESS
add_team: SUCCESS
add_team: SUCCESS
add_team: SUCCESS
add_team: SUCCESS
add_team: SUCCESS
add_player: SUCCESS
add_player: SUCCESS
add_player: SUCCESS
add_player: SUCCESS
add_player: SUCCESS
add_player: SUCCESS
add_player: SUCCESS
add_player: SUCCESS
add_player: SUCCESS
add_player: SUCCESS
add_player: SUCCESS
add_player: SUCCESS
add_player: SUCCESS
add_player: SUCCESS
add_player: SUCCESS
add_player: SUCCESS
add_player: SUCCESS
add_player: SUCCESS
add_player: SUCCESS
add_player: SUCCESS
add_player: SUCCESS
add_player: SUCCESS
add_player: SUCCESS
add_player: SUCCESS
add_player: SUCCESS
add_player: SUCCESS
add_player: SUCCESS
add_player: SUCCESS
add_player: SUCCESS
add_player: SUCCESS
add_player: SUCCESS
add_player: SUCCESS
add_player: SUCCESS
add_player: SUCCESS
add_player: SUCCESS
add_player: SUCCESS
add_player: SUCCESS
add_player: SUCCESS
add_player: SUCCESS
add_player: SUCCESS
add_player: SUCCESS
add_player: SUCCESS
add_player: SUCCESS
add_player: SUCCESS
add_player: SUCCESS
add_player: SUCCESS
add_player: SUCCESS
add_player: SUCCESS
add_player: SUCCESS
add_player: SUCCESS
add_player: SUCCESS
add_player: SUCCESS
add_player: SUCCESS
add_player: SUCCESS
add_player: SUCCESS
add_player: SUCCESS
add_player: SUCCESS
add_player: SUCCESS
add_player: SUCCESS
add_player: SUCCESS
add_player: SUCCESS
add_player: SUCCESS
add_player: SUCCESS
add_player: SUCCESS
add_player: SUCCESS
add_player: SUCCESS
add_player: SUCCESS
add_player: SUCCESS
add_player: SUCCESS
add_player: SUCCESS
add_player: SUCCESS
add_player: SUCCESS
add_player: SUCCESS
add_player: SUCCESS
add_player: SUCCESS
add_player: SUCCESS
add_player: SUCCESS
add_player: SUCCESS
add_player: SUCCESS
add_player: SUCCESS
add_player: SUCCESS
add_player: SUCCESS
add_player: SUCCESS
add_player: SUCCESS
add_player: SUCCESS
add_player: SUCCESS
add_player: SUCCESS
add_player: SUCCESS
add_player: SUCCESS
add_player: SUCCESS
add_player: SUCCESS
add_player: SUCCESS
add_player: SUCCESS
add_player: SUCCESS
add_player: SUCCESS
add_player: SUCCESS
add_player: SUCCESS
add_player: SUCCESS
add_player: SUCCESS
add_player: SUCCESS
get_player_cards: SUCCESS, 94
get_partial_spirit: SUCCESS, 2,4,3,1,5
add_player: SUCCESS
get_player_cards: SUCCESS, 271
add_player: SUCCESS
add_player: SUCCESS
num_played_games_for_player: SUCCESS, 22
get_partial_spirit: SUCCESS, 2,3,4,1,5
play_match: SUCCESS, 1
add_player: SUCCESS
play_match: SUCCESS, 1
add_player_cards: SUCCESS
get_team_points: SUCCESS, 0
get_player_cards: SUCCESS, 17
get_team_points: SUCCESS, 0
get_player_cards: SUCCESS, 186
add_team: SUCCESS
add_team: FAILURE
get_player_cards: SUCCESS, 189
add_player: SUCCESS
buy_team: SUCCESS
remove_team: FAILURE
get_team_points: SUCCESS, 0
play_match: FAILURE
add_player: SUCCESS
get_ith_pointless_ability: SUCCESS, 51
add_player_cards: SUCCESS
play_match: FAILURE
buy_team: SUCCESS
add_player_cards: SUCCESS
add_player: SUCCESS
get_ith_pointless_ability: FAILURE
remove_team: FAILURE
buy_team: SUCCESS
num_played_games_for_player: SUCCESS, 22
get_player_cards: SUCCESS, 129
add_player_cards: SUCCESS
add_player: SUCCESS
add_player: SUCCESS
get_partial_spirit: SUCCESS, 1,2,3,4,5
get_player_cards: SUCCESS, 18
get_partial_spirit: SUCCESS, 1,2,3,4,5
remove_team: FAILURE
add_player: SUCCESS
num_played_games_for_player: SUCCESS, 22
add_player: SUCCESS
add_player: SUCCESS
add_player_cards: SUCCESS
num_played_games_for_player: SUCCESS, 22
play_match: FAILURE
add_team: FAILURE
get_ith_pointless_ability: FAILURE
add_player: SUCCESS
get_partial_spirit: SUCCESS, 2,4,3,1,5
num_played_games_for_player: SUCCESS, 22
num_played_games_for_player: SUCCESS, 22
get_player_cards: SUCCESS, 104
add_team: FAILURE
add_player_cards: SUCCESS
buy_team: SUCCESS
get_partial_spirit: SUCCESS, 1,2,3,4,5
add_player_cards: SUCCESS
add_player: SUCCESS
get_partial_spirit: SUCCESS, 4,2,1,3,5
add_player_cards: SUCCESS
add_team: FAILURE
add_player_cards: SUCCESS
add_team: FAILURE
get_partial_spirit: SUCCESS, 3,5,1,2,4
play_match: SUCCESS, 3
add_player: SUCCESS
remove_team: FAILURE
buy_team: SUCCESS
remove_team: FAILURE
get_team_points: SUCCESS, 0
add_player: FAILURE
get_team_points: SUCCESS, 0
buy_team: SUCCESS
get_team_points: SUCCESS, 0
get_player_cards: SUCCESS, 218
get_ith_pointless_ability: SUCCESS, 91
get_team_points: SUCCESS, 0
get_team_points: SUCCESS, 0
buy_team: SUCCESS
add_player: SUCCESS
num_played_games_for_player: SUCCESS, 22
remove_team: FAILURE
get_team_points: SUCCESS, 0
add_player: SUCCESS
add_team: FAILURE
play_match: FAILURE
get_partial_spirit: SUCCESS, 1,2,3,4,5
get_team_points: SUCCESS, 0
get_player_cards: SUCCESS, 192
add_team: FAILURE
add_player_cards: SUCCESS
get_player_cards: SUCCESS, 226
add_player: SUCCESS
add_player: SUCCESS
get_team_points: SUCCESS, 0
add_player: SUCCESS
add_player: SUCCESS
num_played_games_for_player: SUCCESS, 22
add_team: FAILURE
buy_team: SUCCESS
get_partial_spirit: SUCCESS, 1,2,3,4,5
get_team_points: SUCCESS, 0
get_partial_spirit: SUCCESS, 1,2,3,4,5
add_player: SUCCESS
get_ith_pointless_ability: SUCCESS, 51
remove_team: FAILURE
add_player: SUCCESS
add_player: SUCCESS
add_player: SUCCESS
add_player: SUCCESS
num_played_games_for_player: SUCCESS, 22
add_team: FAILURE
remove_team: FAILURE
add_player: FAILURE
remove_team: FAILURE
buy_team: SUCCESS
get_team_points: SUCCESS, 0
get_player_cards: SUCCESS, 23
get_player_cards: SUCCESS, 255
add_player: SUCCESS
get_player_cards: SUCCESS, 158
get_team_points: SUCCESS, 0
add_player_cards: SUCCESS
num_played_games_for_player: SUCCESS, 22
get_player_cards: SUCCESS, 17
add_player: SUCCESS
play_match: SUCCESS, 1
remove_team: FAILURE
get_team_points: SUCCESS, 0
get_ith_pointless_ability: SUCCESS, 24
buy_team: SUCCESS
get_partial_spirit: SUCCESS, 1,2,3,4,5
get_player_cards: SUCCESS, 222
add_player_cards: SUCCESS
get_player_cards: SUCCESS, 95
add_player_cards: SUCCESS
get_partial_spirit: SUCCESS, 2,1,5,4,3
get_team_points: SUCCESS, 0
buy_team: SUCCESS
remove_team: FAILURE
add_player: SUCCESS
add_player: SUCCESS
add_player_cards: SUCCESS
add_player_cards: SUCCESS
buy_team: SUCCESS
add_player: SUCCESS
add_player: SUCCESS
buy_team: SUCCESS
get_team_points: SUCCESS, 0
play_match: FAILURE
get_team_points: SUCCESS, 0
get_partial_spirit: SUCCESS, 1,2,3,4,5
get_ith_pointless_ability: FAILURE
play_match: FAILURE
num_played_games_for_player: SUCCESS, 22
add_player: SUCCESS
get_team_points: SUCCESS, 0
add_player: SUCCESS
get_partial_spirit: SUCCESS, 1,2,3,4,5
get_ith_pointless_ability: SUCCESS, 67
get_partial_spirit: SUCCESS, 1,2,3,4,5
num_played_games_for_player: SUCCESS, 22
buy_team: SUCCESS
get_partial_spirit: FAILURE
get_team_points: SUCCESS, 0
buy_team: SUCCESS
add_player_cards: SUCCESS
get_player_cards: SUCCESS, 100
get_team_points: SUCCESS, 0
get_team_points: SUCCESS, 0
get_ith_pointless_ability: FAILURE
get_team_points: SUCCESS, 0
remove_team: FAILURE
get_team_points: SUCCESS, 0
add_player: SUCCESS
remove_team: FAILURE
add_player: SUCCESS
add_player: FAILURE
add_player: SUCCESS
get_partial_spirit: SUCCESS, 1,2,3,4,5
add_player: SUCCESS
num_played_games_for_player: SUCCESS, 22
play_match: FAILURE
remove_team: FAILURE
add_player_cards: SUCCESS
add_player: SUCCESS
get_player_cards: SUCCESS, 277
play_match: SUCCESS, 3
get_partial_spirit: SUCCESS, 1,2,3,4,5
num_played_games_for_player: SUCCESS, 22
add_player: SUCCESS
play_match: FAILURE
add_player_cards: SUCCESS
get_partial_spirit: SUCCESS, 1,2,3,4,5
remove_team: FAILURE
add_player: SUCCESS
add_player: SUCCESS
get_partial_spirit: SUCCESS, 1,2,3,4,5
add_player: SUCCESS
get_ith_pointless_ability: SUCCESS, 73
remove_team: FAILURE
get_team_points: SUCCESS, 0
add_player: SUCCESS
add_player: SUCCESS
get_partial_spirit: SUCCESS, 1,2,3,4,5
add_player: SUCCESS
add_player: SUCCESS
add_team: FAILURE
remove_team: FAILURE
num_played_games_for_player: SUCCESS, 22
num_played_games_for_player: SUCCESS, 22
add_player: SUCCESS
get_player_cards: SUCCESS, 28
buy_team: SUCCESS
get_team_points: SUCCESS, 0
num_played_games_for_player: SUCCESS, 22
buy_team: SUCCESS
add_player_cards: SUCCESS
get_team_points: SUCCESS, 0
play_match: FAILURE
get_team_points: SUCCESS, 0
add_player: SUCCESS
get_team_points: SUCCESS, 0
add_player: SUCCESS
get_ith_pointless_ability: SUCCESS, 77
get_team_points: SUCCESS, 0
buy_team: SUCCESS
get_team_points: SUCCESS, 6
add_player_cards: SUCCESS
play_match: SUCCESS, 3
get_ith_pointless_ability: FAILURE
add_player: SUCCESS
add_team: FAILURE
remove_team: FAILURE
get_partial_spirit: SUCCESS, 1,3,2,5,4
get_ith_pointless_ability: SUCCESS, 47
get_partial_spirit: SUCCESS, 1,2,4,3,5
play_match: SUCCESS, 3
add_team: FAILURE
add_player: SUCCESS
add_team: FAILURE
add_player: SUCCESS
add_player_cards: SUCCESS
add_player: SUCCESS
get_ith_pointless_ability: SUCCESS, 35
add_player_cards: SUCCESS
get_ith_pointless_ability: SUCCESS, 91
get_player_cards: SUCCESS, 100
get_partial_spirit: SUCCESS, 1,2,3,4,5
add_player: SUCCESS
play_match: FAILURE
add_player: SUCCESS
add_player_cards: SUCCESS
num_played_games_for_player: SUCCESS, 22
add_player: SUCCESS
get_team_points: SUCCESS, 0
get_player_cards: SUCCESS, 271
get_player_cards: SUCCESS, 292
play_match: SUCCESS, 1
get_partial_spirit: SUCCESS, 1,2,3,4,5
add_player: SUCCESS
add_player: SUCCESS
add_player: SUCCESS
buy_team: SUCCESS
get_player_cards: SUCCESS, 282
get_ith_pointless_ability: FAILURE
add_player_cards: SUCCESS
remove_team: FAILURE
get_team_points: SUCCESS, 0
remove_team: FAILURE
add_player: SUCCESS
play_match: SUCCESS, 3
get_ith_pointless_ability: FAILURE
num_played_games_for_player: SUCCESS, 22
add_player: SUCCESS
remove_team: FAILURE
add_player: SUCCESS
get_team_points: SUCCESS, 0
get_team_points: SUCCESS, 0
remove_team: FAILURE
remove_team: FAILURE
add_player_cards: SUCCESS
add_player: FAILURE
add_team: FAILURE
get_player_cards: SUCCESS, 38
get_ith_pointless_ability: SUCCESS, 4
add_player: SUCCESS
add_player: SUCCESS
get_ith_pointless_ability: SUCCESS, 3
buy_team: SUCCESS
remove_team: FAILURE
add_player_cards: SUCCESS
add_player_cards: SUCCESS
add_player_cards: SUCCESS
add_player: SUCCESS
get_team_points: SUCCESS, 0
add_player_cards: SUCCESS
play_match: FAILURE
add_player: SUCCESS
add_player: SUCCESS
get_partial_spirit: SUCCESS, 1,2,3,4,5
add_player: SUCCESS
add_player: SUCCESS
get_player_cards: SUCCESS, 94
get_partial_spirit: SUCCESS, 1,3,2,4,5
get_partial_spirit: SUCCESS, 4,2,1,3,5
buy_team: SUCCESS
get_player_cards: SUCCESS, 266
get_ith_pointless_ability: SUCCESS, 73
get_ith_pointless_ability: SUCCESS, 27
buy_team: SUCCESS
get_ith_pointless_ability: FAILURE
add_player: SUCCESS
num_played_games_for_player: SUCCESS, 22
play_match: FAILURE
remove_team: FAILURE
buy_team: SUCCESS
get_team_points: SUCCESS, 0
add_player: SUCCESS
add_player_cards: SUCCESS
buy_team: SUCCESS
get_player_cards: SUCCESS, 141
add_player: FAILURE
play_match: FAILURE
get_player_cards: SUCCESS, 115
get_player_cards: SUCCESS, 7
get_ith_pointless_ability: FAILURE
add_player: SUCCESS
add_team: FAILURE
add_player_cards: SUCCESS
play_match: SUCCESS, 3
add_player_cards: SUCCESS
buy_team: SUCCESS
play_match: SUCCESS, 1
get_team_points: SUCCESS, 0
num_played_games_for_player: SUCCESS, 22
add_player: SUCCESS
get_player_cards: SUCCESS, 190
remove_team: FAILURE
add_player: SUCCESS
get_partial_spirit: SUCCESS, 1,4,3,5,2
buy_team: SUCCESS
remove_team: FAILURE
play_match: FAILURE
remove_team: FAILURE
add_player: SUCCESS
get_ith_pointless_ability: SUCCESS, 37
get_ith_pointless_ability: SUCCESS, 94
get_partial_spirit: SUCCESS, 1,2,3,4,5
add_team: FAILURE
get_player_cards: SUCCESS, 28
get_ith_pointless_ability: FAILURE
remove_team: FAILURE
play_match: FAILURE
buy_team: SUCCESS
add_player: SUCCESS
play_match: FAILURE
num_played_games_for_player: SUCCESS, 22
add_player: SUCCESS
get_player_cards: SUCCESS, 113
get_team_points: SUCCESS, 0
add_player: FAILURE
add_player_cards: SUCCESS
play_match: SUCCESS, 3
num_played_games_for_player: SUCCESS, 22
remove_team: FAILURE
num_played_games_for_player: SUCCESS, 22
get_ith_pointless_ability: FAILURE
get_partial_spirit: SUCCESS, 1,4,2,5,3
add_player: SUCCESS
play_match: SUCCESS, 3
add_player_cards: SUCCESS
add_player: SUCCESS
get_ith_pointless_ability: FAILURE
get_player_cards: SUCCESS, 176
remove_team: FAILURE
get_partial_spirit: SUCCESS, 1,2,3,5,4
get_partial_spirit: SUCCESS, 1,2,3,4,5
get_ith_pointless_ability: FAILURE
add_team: FAILURE
get_partial_spirit: SUCCESS, 1,2,3,4,5
add_team: FAILURE
get_team_points: SUCCESS, 0
num_played_games_for_player: SUCCESS, 22
get_player_cards: SUCCESS, 186
remove_team: FAILURE
add_player_cards: SUCCESS
add_team: FAILURE
num_played_games_for_player: SUCCESS, 22
add_team: FAILURE
get_player_cards: SUCCESS, 69
num_played_games_for_player: SUCCESS, 22
get_partial_spirit: SUCCESS, 1,2,3,4,5
add_player_cards: SUCCESS
num_played_games_for_player: SUCCESS, 22
add_player_cards: FAILURE
get_partial_spirit: SUCCESS, 1,2,3,4,5
get_team_points: SUCCESS, 0
play_match: FAILURE
num_played_games_for_player: SUCCESS, 22
get_player_cards: SUCCESS, 28
get_ith_pointless_ability: FAILURE
get_ith_pointless_ability: SUCCESS, 24
get_team_points: SUCCESS, 0
add_player: FAILURE
get_player_cards: SUCCESS, 223
add_player: SUCCESS
add_player: FAILURE
remove_team: FAILURE
play_match: SUCCESS, 3
get_ith_pointless_ability: SUCCESS, 34
remove_team: FAILURE
add_player_cards: SUCCESS
add_player_cards: FAILURE
num_played_games_for_player: SUCCESS, 22
get_ith_pointless_ability: SUCCESS, 61
get_team_points: FAILURE
get_ith_pointless_ability: SUCCESS, 8
get_player_cards: SUCCESS, 412
buy_team: SUCCESS
add_player: SUCCESS
num_played_games_for_player: SUCCESS, 22
get_team_points: SUCCESS, 0
add_player: SUCCESS
add_player_cards: SUCCESS
play_match: FAILURE
add_team: FAILURE
remove_team: FAILURE
get_ith_pointless_ability: SUCCESS, 52
add_player: FAILURE
get_partial_spirit: SUCCESS, 1,2,3,4,5
remove_team: FAILURE
add_player_cards: SUCCESS
get_partial_spirit: SUCCESS, 1,2,3,4,5
get_team_points: SUCCESS, 3
play_match: FAILURE
add_team: FAILURE
add_player: SUCCESS
add_player: SUCCESS
add_player_cards: SUCCESS
get_team_points: SUCCESS, 0
add_player: SUCCESS
buy_team: SUCCESS
buy_team: SUCCESS
add_player: SUCCESS
get_partial_spirit: SUCCESS, 1,2,3,4,5
add_player_cards: SUCCESS
add_player: SUCCESS
add_player_cards: SUCCESS
get_partial_spirit: SUCCESS, 1,2,3,4,5
get_ith_pointless_ability: SUCCESS, 64
num_played_games_for_player: SUCCESS, 22
num_played_games_for_player: SUCCESS, 22
add_team: FAILURE
get_player_cards: SUCCESS, 104
add_team: FAILURE
get_partial_spirit: SUCCESS, 5,3,4,2,1
play_match: FAILURE
get_ith_pointless_ability: SUCCESS, 47
get_player_cards: SUCCESS, 140
add_player_cards: SUCCESS
add_player: SUCCESS
get_ith_pointless_ability: SUCCESS, 98
buy_team: SUCCESS
add_player: SUCCESS
get_ith_pointless_ability: FAILURE
get_ith_pointless_ability: SUCCESS, 34
remove_team: FAILURE
get_partial_spirit: SUCCESS, 2,4,3,1,5
get_team_points: FAILURE
get_partial_spirit: SUCCESS, 3,5,4,1,2
add_player: FAILURE
num_played_games_for_player: SUCCESS, 22
get_player_cards: SUCCESS, 64
add_player: SUCCESS
add_player: SUCCESS
buy_team: SUCCESS
add_player: SUCCESS
add_player: SUCCESS
get_ith_pointless_ability: SUCCESS, 61
num_played_games_for_player: SUCCESS, 22
get_ith_pointless_ability: SUCCESS, 100
buy_team: SUCCESS
add_player: FAILURE
play_match: FAILURE
get_player_cards: SUCCESS, 297
get_partial_spirit: SUCCESS, 1,2,3,4,5
buy_team: SUCCESS
get_partial_spirit: SUCCESS, 3,5,4,1,2
add_player_cards: SUCCESS
get_partial_spirit: SUCCESS, 4,3,1,5,2
num_played_games_for_player: SUCCESS, 22
buy_team: SUCCESS
get_ith_pointless_ability: SUCCESS, 65
add_team: FAILURE
add_player: SUCCESS
add_player_cards: SUCCESS
add_team: FAILURE
add_player_cards: SUCCESS
num_played_games_for_player: SUCCESS, 22
play_match: SUCCESS, 3
get_partial_spirit: SUCCESS, 1,2,3,4,5
get_partial_spirit: SUCCESS, 1,2,3,4,5
num_played_games_for_player: SUCCESS, 22
add_player: SUCCESS
play_match: FAILURE
add_player: FAILURE
add_player: SUCCESS
add_player: SUCCESS
add_player: FAILURE
add_team: FAILURE
get_ith_pointless_ability: SUCCESS, 78
remove_team: FAILURE
get_partial_spirit: SUCCESS, 1,2,3,4,5
get_partial_spirit: SUCCESS, 1,2,3,4,5
get_partial_spirit: SUCCESS, 3,4,1,5,2
get_ith_pointless_ability: SUCCESS, 52
add_player: SUCCESS
get_partial_spirit: SUCCESS, 3,4,1,2,5
add_player: SUCCESS
num_played_games_for_player: SUCCESS, 22
buy_team: SUCCESS
get_player_cards: SUCCESS, 433
get_partial_spirit: SUCCESS, 1,2,3,4,5
buy_team: SUCCESS
buy_team: SUCCESS
play_match: SUCCESS, 3
play_match: FAILURE
get_ith_pointless_ability: SUCCESS, 12
add_player: SUCCESS
add_player: SUCCESS
play_match: FAILURE
add_team: FAILURE
add_player: SUCCESS
get_player_cards: SUCCESS, 230
get_ith_pointless_ability: SUCCESS, 76
add_player_cards: SUCCESS
num_played_games_for_player: SUCCESS, 22
add_player: FAILURE
add_player: SUCCESS
remove_team: FAILURE
add_team: FAILURE
remove_team: FAILURE
add_player: FAILURE
get_partial_spirit: SUCCESS, 3,1,5,4,2
add_player: SUCCESS
add_player_cards: SUCCESS
num_played_games_for_player: SUCCESS, 22
num_played_games_for_player: SUCCESS, 22
get_partial_spirit: SUCCESS, 1,4,3,5,2
get_player_cards: SUCCESS, 539
get_player_cards: SUCCESS, 433
add_player: FAILURE
add_team: FAILURE
add_player: SUCCESS
add_team: FAILURE
add_team: FAILURE
get_partial_spirit: SUCCESS, 1,2,3,4,5
get_partial_spirit: SUCCESS, 5,2,1,4,3
add_player_cards: SUCCESS
get_player_cards: SUCCESS, 279
add_player: SUCCESS
get_partial_spirit: SUCCESS, 1,5,3,2,4
buy_team: SUCCESS
num_played_games_for_player: SUCCESS, 22
remove_team: FAILURE
remove_team: FAILURE
buy_team: SUCCESS
add_team: FAILURE
add_team: FAILURE
add_player: SUCCESS
get_ith_pointless_ability: SUCCESS, 13
add_player: FAILURE
get_team_points: SUCCESS, 6
add_player: SUCCESS
get_player_cards: SUCCESS, 139
get_partial_spirit: SUCCESS, 2,1,3,5,4
buy_team: SUCCESS
add_team: FAILURE
add_player: SUCCESS
add_player: SUCCESS
remove_team: FAILURE
get_team_points: SUCCESS, 0
add_player_cards: SUCCESS
add_player: FAILURE
get_ith_pointless_ability: SUCCESS, 24
num_played_games_for_player: SUCCESS, 22
get_player_cards: SUCCESS, 9
get_partial_spirit: SUCCESS, 1,2,3,4,5
num_played_games_for_player: SUCCESS, 22
add_player: SUCCESS
remove_team: FAILURE
add_player: SUCCESS
add_player_cards: SUCCESS
remove_team: FAILURE
get_team_points: SUCCESS, 0
remove_team: FAILURE
remove_team: FAILURE
get_partial_spirit: SUCCESS, 5,2,3,4,1
add_player_cards: SUCCESS
get_player_cards: SUCCESS, 144
add_player: FAILURE
remove_team: FAILURE
add_player_cards: SUCCESS
get_player_cards: SUCCESS, 54
add_player: SUCCESS
get_ith_pointless_ability: SUCCESS, 73
num_played_games_for_player: SUCCESS, 22
buy_team: SUCCESS
remove_team: FAILURE
add_player: SUCCESS
add_team: FAILURE
add_player: SUCCESS
get_partial_spirit: SUCCESS, 3,5,1,4,2
play_match: SUCCESS, 3
add_player: SUCCESS
get_partial_spirit: SUCCESS, 1,2,3,4,5
add_team: FAILURE
remove_team: FAILURE
get_team_points: SUCCESS, 0
get_team_points: SUCCESS, 0
add_player: SUCCESS
add_player: SUCCESS
buy_team: SUCCESS
add_player: SUCCESS
add_player: SUCCESS
get_team_points: SUCCESS, 0
get_player_cards: SUCCESS, 9
add_player: SUCCESS
add_player: FAILURE
add_player: FAILURE
get_ith_pointless_ability: SUCCESS, 12
add_player: SUCCESS
num_played_games_for_player: SUCCESS, 22
get_ith_pointless_ability: SUCCESS, 73
get_ith_pointless_ability: FAILURE
add_player: FAILURE
num_played_games_for_player: SUCCESS, 22
num_played_games_for_player: SUCCESS, 22
get_team_points: SUCCESS, 6
add_player: SUCCESS
add_player: SUCCESS
add_player: SUCCESS
add_team: FAILURE
buy_team: SUCCESS
add_player: FAILURE
get_partial_spirit: SUCCESS, 5,4,2,3,1
num_played_games_for_player: SUCCESS, 22
add_player_cards: FAILURE
get_team_points: SUCCESS, 6
get_partial_spirit: SUCCESS, 1,2,3,4,5
buy_team: SUCCESS
remove_team: FAILURE
num_played_games_for_player: SUCCESS, 22
buy_team: SUCCESS
add_player: FAILURE
get_partial_spirit: SUCCESS, 5,1,2,4,3
add_player_cards: SUCCESS
get_ith_pointless_ability: SUCCESS, 61
add_team: FAILURE
get_player_cards: SUCCESS, 300
add_player: SUCCESS
play_match: FAILURE
add_player_cards: SUCCESS
add_team: FAILURE
get_ith_pointless_ability: SUCCESS, 27
add_player: SUCCESS
num_played_games_for_player: SUCCESS, 22
add_player: SUCCESS
add_player: SUCCESS
num_played_games_for_player: SUCCESS, 22
get_ith_pointless_ability: SUCCESS, 54
get_team_points: SUCCESS, 0
get_player_cards: SUCCESS, 263
add_team: FAILURE
add_team: FAILURE
add_player: FAILURE
get_player_cards: SUCCESS, 23
add_player_cards: SUCCESS
get_player_cards: SUCCESS, 245
get_player_cards: SUCCESS, 88
get_team_points: SUCCESS, 0
get_player_cards: SUCCESS, 6
get_team_points: SUCCESS, 0
play_match: SUCCESS, 1
get_ith_pointless_ability: SUCCESS, 32
num_played_games_for_player: SUCCESS, 22
get_player_cards: SUCCESS, 223
buy_team: SUCCESS
get_team_points: FAILURE
get_player_cards: SUCCESS, 173
get_partial_spirit: SUCCESS, 4,5,1,3,2
add_player: SUCCESS
add_player: FAILURE
buy_team: SUCCESS
add_team: FAILURE
remove_team: FAILURE
get_player_cards: SUCCESS, 190
add_team: FAILURE
add_team: FAILURE
buy_team: SUCCESS
get_partial_spirit: SUCCESS, 3,4,2,1,5
get_ith_pointless_ability: SUCCESS, 65
get_ith_pointless_ability: FAILURE
num_played_games_for_player: SUCCESS, 22
add_player: SUCCESS
add_player_cards: SUCCESS
add_player_cards: SUCCESS
get_ith_pointless_ability: FAILURE
remove_team: FAILURE
get_player_cards: SUCCESS, 122
buy_team: SUCCESS
add_player: SUCCESS
num_played_games_for_player: SUCCESS, 22
add_player: SUCCESS
buy_team: SUCCESS
buy_team: SUCCESS
get_ith_pointless_ability: SUCCESS, 13
add_player: FAILURE
num_played_games_for_player: SUCCESS, 22
num_played_games_for_player: SUCCESS, 22
get_player_cards: SUCCESS, 243
get_partial_spirit: FAILURE
add_player: SUCCESS
get_partial_spirit: SUCCESS, 1,2,3,4,5
play_match: SUCCESS, 1
get_player_cards: SUCCESS, 119
add_team: FAILURE
add_player: FAILURE
buy_team: SUCCESS
buy_team: SUCCESS
play_match: FAILURE
add_player: FAILURE
add_player_cards: SUCCESS
add_player_cards: SUCCESS
add_player_cards: SUCCESS
get_ith_pointless_ability: SUCCESS, 26
num_played_games_for_player: SUCCESS, 22
add_player_cards: SUCCESS
add_team: FAILURE
get_partial_spirit: SUCCESS, 1,2,3,4,5
remove_team: FAILURE
add_team: FAILURE
get_team_points: FAILURE
play_match: FAILURE
add_player: FAILURE
play_match: FAILURE
add_team: FAILURE
add_player: SUCCESS
play_match: FAILURE
get_team_points: SUCCESS, 6
add_team: FAILURE
buy_team: SUCCESS
get_partial_spirit: SUCCESS, 2,5,3,4,1
get_player_cards: SUCCESS, 207
add_team: FAILURE
get_ith_pointless_ability: SUCCESS, 61
add_player: FAILURE
get_team_points: SUCCESS, 6
add_player: SUCCESS
get_team_points: SUCCESS, 6
play_match: SUCCESS, 1
add_player: FAILURE
play_match: FAILURE
get_player_cards: SUCCESS, 299
add_team: FAILURE
get_ith_pointless_ability: SUCCESS, 94
get_ith_pointless_ability: SUCCESS, 91
add_team: FAILURE
get_partial_spirit: SUCCESS, 3,5,4,1,2
buy_team: SUCCESS
play_match: FAILURE
get_ith_pointless_ability: SUCCESS, 67
add_player_cards: FAILURE
add_team: FAILURE
num_played_games_for_player: SUCCESS, 22
get_partial_spirit: FAILURE
get_team_points: SUCCESS, 0
buy_team: SUCCESS
get_team_points: SUCCESS, 0
add_team: FAILURE
num_played_games_for_player: SUCCESS, 22
buy_team: SUCCESS
add_player: SUCCESS
add_player_cards: SUCCESS
get_partial_spirit: SUCCESS, 1,4,2,5,3
buy_team: SUCCESS
add_player: FAILURE
add_player_cards: SUCCESS
remove_team: FAILURE
play_match: SUCCESS, 3
buy_team: SUCCESS
add_team: FAILURE
get_team_points: SUCCESS, 0
get_player_cards: SUCCESS, 198
play_match: FAILURE
get_team_points: SUCCESS, 0
buy_team: SUCCESS
get_partial_spirit: SUCCESS, 4,3,5,1,2
get_partial_spirit: SUCCESS, 1,4,3,5,2
get_team_points: SUCCESS, 0
add_player: FAILURE
num_played_games_for_player: SUCCESS, 22
get_team_points: SUCCESS, 6
play_match: FAILURE
add_player: SUCCESS
add_player: FAILURE
add_player: SUCCESS
add_player: FAILURE
get_team_points: SUCCESS, 6
get_player_cards: SUCCESS, 234
add_player: FAILURE
buy_team: SUCCESS
get_player_cards: SUCCESS, 261
add_player: SUCCESS
add_player: FAILURE
add_player: FAILURE
remove_team: FAILURE
play_match: FAILURE
remove_team: FAILURE
add_player: SUCCESS
get_team_points: SUCCESS, 0
add_team: FAILURE
get_team_points: SUCCESS, 0
get_player_cards: SUCCESS, 11
get_player_cards: SUCCESS, 298
remove_team: FAILURE
add_player: SUCCESS
add_player_cards: SUCCESS
get_player_cards: SUCCESS, 136
add_player: SUCCESS
buy_team: SUCCESS
add_player_cards: SUCCESS
get_ith_pointless_ability: SUCCESS, 13
add_player: SUCCESS
get_team_points: FAILURE
num_played_games_for_player: SUCCESS, 22
play_match: FAILURE
add_team: FAILURE
add_player_cards: SUCCESS
num_played_games_for_player: SUCCESS, 22
add_team: FAILURE
add_team: FAILURE
num_played_games_for_player: SUCCESS, 22
add_player: FAILURE
add_player_cards: SUCCESS
add_player: FAILURE
add_team: FAILURE
add_player: FAILURE
add_player: SUCCESS
add_player_cards: FAILURE
get_partial_spirit: SUCCESS, 1,2,3,4,5
get_partial_spirit: SUCCESS, 1,2,3,4,5
get_player_cards: SUCCESS, 234
add_player: FAILURE
add_player: SUCCESS
play_match: FAILURE
get_ith_pointless_ability: SUCCESS, 79
add_player: SUCCESS
add_player: SUCCESS
buy_team: SUCCESS
play_match: FAILURE
remove_team: FAILURE
add_team: FAILURE
add_player_cards: SUCCESS
buy_team: SUCCESS
remove_team: FAILURE
get_team_points: SUCCESS, 0
add_player: SUCCESS
remove_team: FAILURE
get_partial_spirit: SUCCESS, 1,3,4,2,5
add_player_cards: SUCCESS
get_team_points: SUCCESS, 0
get_team_points: SUCCESS, 0
get_team_points: FAILURE
add_player: FAILURE
add_player: SUCCESS
get_partial_spirit: SUCCESS, 2,5,3,4,1
add_player: SUCCESS
get_partial_spirit: SUCCESS, 4,2,3,1,5
get_player_cards: SUCCESS, 44
play_match: SUCCESS, 1
add_team: FAILURE
get_team_points: SUCCESS, 0
play_match: SUCCESS, 3
add_team: FAILURE
get_partial_spirit: SUCCESS, 1,2,3,4,5
add_team: FAILURE
add_team: FAILURE
add_player_cards: SUCCESS
get_partial_spirit: SUCCESS, 1,2,3,4,5
num_played_games_for_player: SUCCESS, 22
get_player_cards: SUCCESS, 46
add_player_cards: SUCCESS
add_player: FAILURE
buy_team: SUCCESS
add_player: FAILURE
add_player: FAILURE
get_team_points: SUCCESS, 0
play_match: FAILURE
get_team_points: FAILURE
add_player: SUCCESS
buy_team: SUCCESS
buy_team: SUCCESS
add_player_cards: SUCCESS
add_player: SUCCESS
add_player_cards: SUCCESS
get_player_cards: SUCCESS, 286
add_team: FAILURE
add_player: SUCCESS
num_played_games_for_player: SUCCESS, 22
add_player: SUCCESS
get_ith_pointless_ability: SUCCESS, 15
add_player: SUCCESS
add_player: FAILURE
add_player: FAILURE
add_player: SUCCESS
get_ith_pointless_ability: SUCCESS, 52
get_ith_pointless_ability: SUCCESS, 51
add_player: SUCCESS
get_player_cards: SUCCESS, 539
play_match: SUCCESS, 1
add_player_cards: SUCCESS
get_partial_spirit: SUCCESS, 5,1,3,2,4
play_match: FAILURE
add_player_cards: SUCCESS
get_ith_pointless_ability: SUCCESS, 28
get_ith_pointless_ability: SUCCESS, 92
get_player_cards: SUCCESS, 158
play_match: FAILURE
get_team_points: SUCCESS, 3
play_match: FAILURE
num_played_games_for_player: SUCCESS, 22
add_team: FAILURE
add_player_cards: SUCCESS
get_player_cards: SUCCESS, 290
get_ith_pointless_ability: SUCCESS, 91
get_ith_pointless_ability: SUCCESS, 35
add_team: FAILURE
add_player: FAILURE
add_team: FAILURE
get_partial_spirit: SUCCESS, 1,2,3,4,5
get_ith_pointless_ability: SUCCESS, 53
add_player_cards: SUCCESS
add_player: FAILURE
add_player: FAILURE
play_match: SUCCESS, 3
add_player: SUCCESS
add_player: SUCCESS
get_player_cards: SUCCESS, 89
get_player_cards: SUCCESS, 192
get_ith_pointless_ability: SUCCESS, 68
add_player_cards: FAILURE
num_played_games_for_player: SUCCESS, 22
add_player: SUCCESS
add_player: FAILURE
add_player_cards: SUCCESS
play_match: FAILURE
buy_team: SUCCESS
add_player: FAILURE
get_ith_pointless_ability: SUCCESS, 12
add_player: FAILURE
get_player_cards: SUCCESS, 190
remove_team: FAILURE
add_player: SUCCESS
add_player: SUCCESS
num_played_games_for_player: SUCCESS, 22
remove_team: FAILURE
get_ith_pointless_ability: SUCCESS, 61
buy_team: SUCCESS
get_partial_spirit: SUCCESS, 1,2,3,4,5
add_player_cards: SUCCESS
add_player: SUCCESS
add_player: FAILURE
num_played_games_for_player: SUCCESS, 22
buy_team: SUCCESS
play_match: SUCCESS, 1
add_player: FAILURE
remove_team: FAILURE
add_team: FAILURE
add_player: SUCCESS
play_match: SUCCESS, 1
add_player: SUCCESS
add_team: FAILURE
add_player: FAILURE
get_ith_pointless_ability: SUCCESS, 27
remove_team: FAILURE
get_ith_pointless_ability: SUCCESS, 64
get_ith_pointless_ability: SUCCESS, 92
buy_team: SUCCESS
add_player: SUCCESS
add_player_cards: SUCCESS
buy_team: SUCCESS
buy_team: SUCCESS
add_player: SUCCESS
