add_team: SUCCESS
add_team: SUCCESS
add_team: SUCCESS
add_team: SUCCESS
add_team: SUCCESS
add_team: SUCCESS
add_team: SUCCESS
add_team: SUCCESS
add_team: SUCCESS
add_team: SUCCESS
add_team: SUCCESS
add_team: SUCCESS
add_team: SUCCESS
add_team: SUCCESS
add_team: SUCCESS
add_team: SUCCESS
add_team: SUCCESS
add_team: SUCCESS
add_team: SUCCESS
add_team: SUCCESS
add_team: SUCCESS
add_team: SUCCESS
add_team: SUCCESS
add_team: SUCCESS
add_team: SUCCESS
add_team: SUCCESS
add_team: SUCCESS
add_team: SUCCESS
add_team: SUCCESS
add_team: SUCCESS
add_team: SUCCESS
add_team: SUCCESS
add_team: SUCCESS
add_team: SUCCESS
add_team: SUCCESS
add_team: SUCCESS
add_team: SUCCESS
add_team: SUCCESS
add_team: SUCCESS
add_team: SUCCESS
add_team: SUCCESS
add_team: SUCCESS
add_team: SUCCESS
add_team: SUCCESS
add_team: SUCCESS
add_team: SUCCESS
add_team: SUCCESS
add_team: SUCCESS
add_team: SUCCESS
add_team: SUCCESS
add_team: SUCCESS
add_team: SUCCESS
add_team: SUCCESS
add_team: SUCCESS
add_team: SUCCESS
add_team: SUCCESS
add_team: SUCCESS
add_team: SUCCESS
add_team: SUCCESS
add_team: SUCCESS
add_team: SUCCESS
add_team: SUCCESS
add_team: SUCCESS
add_team: SUCCESS
add_team: SUCCESS
add_team: SUCCESS
add_team: SUCCESS
add_team: SUCCESS
add_team: SUCCESS
add_team: SUCCESS
add_team: SUCCESS
add_team: SUCCESS
add_team: SUCCESS
add_team: SUCCESS
add_team: SUCCESS
add_team: SUCCESS
add_team: SUCCESS
add_team: SUCCESS
add_team: SUCCESS
add_team: SUCCESS
add_team: SUCCESS
add_team: SUCCESS
add_team: SUCCESS
add_team: SUCCESS
add_team: SUCCESS
add_team: SUCCESS
add_team: SUCCESS
add_team: SUCCESS
add_team: SUCCESS
add_team: SUCCESS
add_team: SUCCESS
add_team: SUCCESS
add_team: SUCCESS
add_team: SUCCESS
add_team: SUCCESS
add_team: SUCCESS
add_team: SUCCESS
add_team: SUCCESS
add_team: SUCCESS
add_team: SUCCESS
add_player: SUCCESS
add_player: SUCCESS
add_player: SUCCESS
add_player: SUCCESS
add_player: SUCCESS
add_player: SUCCESS
add_player: SUCCESS
add_player: SUCCESS
add_player: SUCCESS
add_player: SUCCESS
add_player: SUCCESS
add_player: SUCCESS
add_player: SUCCESS
add_player: SUCCESS
add_player: SUCCESS
add_player: SUCCESS
add_player: SUCCESS
add_player: SUCCESS
add_player: SUCCESS
add_player: SUCCESS
add_player: SUCCESS
add_player: SUCCESS
add_player: SUCCESS
add_player: SUCCESS
add_player: SUCCESS
add_player: SUCCESS
add_player: SUCCESS
add_player: SUCCESS
add_player: SUCCESS
add_player: SUCCESS
add_player: SUCCESS
add_player: SUCCESS
add_player: SUCCESS
add_player: SUCCESS
add_player: SUCCESS
add_player: SUCCESS
add_player: SUCCESS
add_player: SUCCESS
add_player: SUCCESS
add_player: SUCCESS
add_player: SUCCESS
add_player: SUCCESS
add_player: SUCCESS
add_player: SUCCESS
add_player: SUCCESS
add_player: SUCCESS
add_player: SUCCESS
add_player: SUCCESS
add_player: SUCCESS
add_player: SUCCESS
add_player: SUCCESS
add_player: SUCCESS
add_player: SUCCESS
add_player: SUCCESS
add_player: SUCCESS
add_player: SUCCESS
add_player: SUCCESS
add_player: SUCCESS
add_player: SUCCESS
add_player: SUCCESS
add_player: SUCCESS
add_player: SUCCESS
add_player: SUCCESS
add_player: SUCCESS
add_player: SUCCESS
add_player: SUCCESS
add_player: SUCCESS
add_player: SUCCESS
add_player: SUCCESS
add_player: SUCCESS
add_player: SUCCESS
add_player: SUCCESS
add_player: SUCCESS
add_player: SUCCESS
add_player: SUCCESS
add_player: SUCCESS
add_player: SUCCESS
add_player: SUCCESS
add_player: SUCCESS
add_player: SUCCESS
add_player: SUCCESS
add_player: SUCCESS
add_player: SUCCESS
add_player: SUCCESS
add_player: SUCCESS
add_player: SUCCESS
add_player: SUCCESS
add_player: SUCCESS
add_player: SUCCESS
add_player: SUCCESS
add_player: SUCCESS
add_player: SUCCESS
add_player: SUCCESS
add_player: SUCCESS
add_player: SUCCESS
add_player: SUCCESS
add_player: SUCCESS
add_player: SUCCESS
add_player: SUCCESS
add_player: SUCCESS
get_player_cards: SUCCESS, 58
num_played_games_for_player: SUCCESS, 22
add_player: SUCCESS
add_player_cards: SUCCESS
remove_team: FAILURE
add_player: SUCCESS
add_player: SUCCESS
add_player_cards: SUCCESS
get_player_cards: SUCCESS, 263
get_player_cards: SUCCESS, 132
remove_team: FAILURE
add_team: SUCCESS
play_match: FAILURE
play_match: FAILURE
get_player_cards: SUCCESS, 50
add_player_cards: SUCCESS
add_player: SUCCESS
add_player: SUCCESS
get_player_cards: SUCCESS, 92
get_player_cards: SUCCESS, 153
add_team: FAILURE
get_partial_spirit: SUCCESS, 1,2,3,4,5
add_player: SUCCESS
get_player_cards: SUCCESS, 181
get_player_cards: SUCCESS, 45
add_player_cards: SUCCESS
buy_team: SUCCESS
get_team_points: SUCCESS, 0
get_partial_spirit: SUCCESS, 3,5,4,2,1
get_player_cards: SUCCESS, 82
add_player: SUCCESS
get_player_cards: SUCCESS, 3
add_player_cards: SUCCESS
get_team_points: SUCCESS, 0
play_match: FAILURE
get_player_cards: SUCCESS, 258
play_match: FAILURE
remove_team: FAILURE
num_played_games_for_player: SUCCESS, 22
add_player: SUCCESS
add_team: FAILURE
add_player: SUCCESS
buy_team: SUCCESS
add_player: SUCCESS
get_partial_spirit: SUCCESS, 1,2,3,4,5
add_player: SUCCESS
get_ith_pointless_ability: SUCCESS, 85
get_partial_spirit: SUCCESS, 1,2,3,4,5
add_player: SUCCESS
get_player_cards: SUCCESS, 23
get_team_points: SUCCESS, 0
get_player_cards: SUCCESS, 385
get_ith_pointless_ability: FAILURE
get_team_points: SUCCESS, 0
add_player_cards: SUCCESS
buy_team: SUCCESS
num_played_games_for_player: SUCCESS, 22
add_team: FAILURE
play_match: SUCCESS, 1
get_partial_spirit: SUCCESS, 1,2,3,4,5
add_player: SUCCESS
add_player: SUCCESS
remove_team: FAILURE
num_played_games_for_player: SUCCESS, 22
remove_team: FAILURE
add_player_cards: SUCCESS
get_ith_pointless_ability: SUCCESS, 37
add_player_cards: SUCCESS
add_player: FAILURE
get_player_cards: SUCCESS, 214
play_match: FAILURE
add_player: SUCCESS
add_player: SUCCESS
buy_team: SUCCESS
buy_team: SUCCESS
play_match: FAILURE
get_partial_spirit: SUCCESS, 1,2,3,4,5
add_team: FAILURE
get_partial_spirit: SUCCESS, 1,2,3,4,5
remove_team: FAILURE
buy_team: SUCCESS
add_player_cards: SUCCESS
add_player: SUCCESS
buy_team: SUCCESS
get_player_cards: SUCCESS, 202
get_ith_pointless_ability: SUCCESS, 39
get_team_points: SUCCESS, 0
get_ith_pointless_ability: SUCCESS, 84
buy_team: SUCCESS
get_player_cards: SUCCESS, 158
add_player: SUCCESS
add_player: SUCCESS
add_team: FAILURE
add_player: SUCCESS
get_player_cards: SUCCESS, 102
buy_team: SUCCESS
buy_team: SUCCESS
get_partial_spirit: SUCCESS, 1,2,3,4,5
num_played_games_for_player: SUCCESS, 22
get_ith_pointless_ability: FAILURE
remove_team: FAILURE
buy_team: SUCCESS
play_match: FAILURE
add_player_cards: SUCCESS
add_player: SUCCESS
num_played_games_for_player: SUCCESS, 22
add_player: SUCCESS
buy_team: SUCCESS
num_played_games_for_player: SUCCESS, 22
add_player: SUCCESS
get_player_cards: SUCCESS, 254
add_player_cards: SUCCESS
get_ith_pointless_ability: FAILURE
add_player: SUCCESS
get_team_points: SUCCESS, 0
play_match: SUCCESS, 1
add_player: SUCCESS
num_played_games_for_player: SUCCESS, 22
add_player: SUCCESS
buy_team: SUCCESS
play_match: FAILURE
play_match: FAILURE
add_team: FAILURE
remove_team: FAILURE
add_player: SUCCESS
get_team_points: SUCCESS, 0
buy_team: SUCCESS
get_team_points: SUCCESS, 0
add_player: SUCCESS
add_team: FAILURE
add_player: SUCCESS
add_player_cards: SUCCESS
add_player: SUCCESS
remove_team: FAILURE
num_played_games_for_player: SUCCESS, 22
get_team_points: SUCCESS, 0
get_ith_pointless_ability: SUCCESS, 26
add_player_cards: SUCCESS
add_player: SUCCESS
add_player: SUCCESS
add_player: SUCCESS
get_player_cards: SUCCESS, 34
buy_team: SUCCESS
add_player: FAILURE
get_team_points: SUCCESS, 0
remove_team: FAILURE
add_team: FAILURE
add_player: SUCCESS
add_player_cards: SUCCESS
buy_team: SUCCESS
add_team: FAILURE
add_team: FAILURE
get_partial_spirit: SUCCESS, 1,5,2,3,4
get_partial_spirit: SUCCESS, 2,5,3,4,1
get_team_points: SUCCESS, 0
add_player: SUCCESS
get_partial_spirit: SUCCESS, 3,2,5,4,1
get_player_cards: SUCCESS, 282
num_played_games_for_player: SUCCESS, 22
add_player_cards: SUCCESS
add_player_cards: SUCCESS
get_ith_pointless_ability: FAILURE
play_match: FAILURE
add_team: FAILURE
add_team: FAILURE
buy_team: SUCCESS
add_player: SUCCESS
play_match: SUCCESS, 3
add_player: FAILURE
add_player: SUCCESS
num_played_games_for_player: SUCCESS, 22
buy_team: SUCCESS
add_player: SUCCESS
add_player: FAILURE
add_player: SUCCESS
play_match: FAILURE
remove_team: FAILURE
get_player_cards: SUCCESS, 86
remove_team: FAILURE
get_partial_spirit: SUCCESS, 1,3,2,5,4
add_team: FAILURE
add_player: FAILURE
add_player: SUCCESS
add_team: FAILURE
get_player_cards: SUCCESS, 104
add_team: FAILURE
add_team: FAILURE
get_team_points: SUCCESS, 0
add_player: SUCCESS
add_player: SUCCESS
get_partial_spirit: SUCCESS, 4,2,3,5,1
add_player: SUCCESS
add_player: FAILURE
play_match: FAILURE
buy_team: SUCCESS
buy_team: SUCCESS
add_team: FAILURE
add_player: SUCCESS
get_player_cards: SUCCESS, 153
add_team: FAILURE
add_player: SUCCESS
add_player: SUCCESS
get_ith_pointless_ability: SUCCESS, 72
play_match: FAILURE
remove_team: FAILURE
get_team_points: SUCCESS, 0
buy_team: SUCCESS
num_played_games_for_player: SUCCESS, 22
num_played_games_for_player: SUCCESS, 22
buy_team: SUCCESS
get_player_cards: SUCCESS, 222
play_match: FAILURE
buy_team: SUCCESS
num_played_games_for_player: SUCCESS, 22
add_player_cards: SUCCESS
add_player_cards: SUCCESS
get_ith_pointless_ability: FAILURE
add_team: FAILURE
num_played_games_for_player: SUCCESS, 22
remove_team: FAILURE
add_player: SUCCESS
get_partial_spirit: SUCCESS, 1,2,3,4,5
get_ith_pointless_ability: SUCCESS, 100
add_team: FAILURE
remove_team: FAILURE
remove_team: FAILURE
get_player_cards: SUCCESS, 178
get_ith_pointless_ability: SUCCESS, 95
add_player: SUCCESS
add_player: SUCCESS
get_team_points: SUCCESS, 0
remove_team: FAILURE
get_player_cards: SUCCESS, 270
add_player: FAILURE
get_team_points: SUCCESS, 0
buy_team: SUCCESS
add_player_cards: SUCCESS
buy_team: SUCCESS
add_player: SUCCESS
add_team: FAILURE
add_player: SUCCESS
add_team: FAILURE
get_partial_spirit: SUCCESS, 3,1,2,5,4
add_team: FAILURE
get_partial_spirit: SUCCESS, 4,3,1,2,5
get_ith_pointless_ability: FAILURE
add_player: FAILURE
remove_team: FAILURE
play_match: FAILURE
add_team: FAILURE
remove_team: FAILURE
add_player_cards: SUCCESS
add_player: SUCCESS
buy_team: SUCCESS
buy_team: SUCCESS
add_player: SUCCESS
num_played_games_for_player: SUCCESS, 22
get_team_points: SUCCESS, 0
add_player: SUCCESS
buy_team: SUCCESS
get_partial_spirit: SUCCESS, 2,1,4,5,3
play_match: SUCCESS, 1
get_ith_pointless_ability: SUCCESS, 26
add_player: FAILURE
add_player: SUCCESS
get_partial_spirit: SUCCESS, 1,2,3,4,5
remove_team: FAILURE
add_player_cards: SUCCESS
add_team: FAILURE
play_match: FAILURE
add_player: FAILURE
get_team_points: SUCCESS, 0
get_ith_pointless_ability: SUCCESS, 12
add_player_cards: SUCCESS
add_player: SUCCESS
buy_team: SUCCESS
add_team: FAILURE
add_player_cards: SUCCESS
buy_team: SUCCESS
play_match: FAILURE
remove_team: FAILURE
num_played_games_for_player: SUCCESS, 22
add_player: SUCCESS
play_match: FAILURE
num_played_games_for_player: SUCCESS, 22
num_played_games_for_player: SUCCESS, 22
buy_team: SUCCESS
add_player_cards: SUCCESS
num_played_games_for_player: SUCCESS, 22
get_partial_spirit: SUCCESS, 1,2,3,4,5
get_ith_pointless_ability: SUCCESS, 65
get_player_cards: SUCCESS, 339
add_team: FAILURE
get_partial_spirit: SUCCESS, 1,2,3,4,5
add_player: SUCCESS
add_player_cards: SUCCESS
remove_team: FAILURE
add_player: FAILURE
add_player: SUCCESS
add_team: FAILURE
add_player: SUCCESS
remove_team: FAILURE
num_played_games_for_player: SUCCESS, 22
remove_team: FAILURE
add_player_cards: SUCCESS
add_player: SUCCESS
add_player: SUCCESS
get_player_cards: SUCCESS, 16
get_player_cards: SUCCESS, 86
add_player_cards: SUCCESS
add_team: FAILURE
add_team: FAILURE
buy_team: SUCCESS
add_team: FAILURE
num_played_games_for_player: SUCCESS, 22
add_player_cards: SUCCESS
add_player: SUCCESS
remove_team: FAILURE
remove_team: FAILURE
add_player: SUCCESS
add_player: SUCCESS
add_team: FAILURE
add_player: SUCCESS
add_player_cards: SUCCESS
add_player: SUCCESS
add_player: SUCCESS
play_match: SUCCESS, 3
get_team_points: FAILURE
get_partial_spirit: SUCCESS, 4,2,3,1,5
add_player: FAILURE
add_player_cards: SUCCESS
num_played_games_for_player: SUCCESS, 22
add_player: SUCCESS
add_player: FAILURE
buy_team: SUCCESS
get_ith_pointless_ability: SUCCESS, 58
get_ith_pointless_ability: SUCCESS, 58
get_ith_pointless_ability: SUCCESS, 32
num_played_games_for_player: SUCCESS, 22
play_match: FAILURE
add_player: SUCCESS
add_player: FAILURE
num_played_games_for_player: SUCCESS, 22
play_match: SUCCESS, 1
remove_team: FAILURE
add_player_cards: SUCCESS
add_player: SUCCESS
add_player_cards: SUCCESS
get_player_cards: SUCCESS, 145
get_ith_pointless_ability: SUCCESS, 70
add_player: FAILURE
add_player_cards: SUCCESS
get_player_cards: SUCCESS, 112
get_ith_pointless_ability: SUCCESS, 65
get_team_points: SUCCESS, 0
add_team: FAILURE
add_team: FAILURE
add_player: FAILURE
remove_team: FAILURE
get_player_cards: SUCCESS, 41
add_team: FAILURE
add_player_cards: SUCCESS
add_team: FAILURE
get_partial_spirit: SUCCESS, 1,2,3,4,5
add_player_cards: SUCCESS
num_played_games_for_player: SUCCESS, 22
play_match: SUCCESS, 3
remove_team: FAILURE
buy_team: SUCCESS
remove_team: FAILURE
get_partial_spirit: SUCCESS, 3,2,1,4,5
add_player: FAILURE
add_team: FAILURE
num_played_games_for_player: SUCCESS, 22
get_ith_pointless_ability: FAILURE
get_ith_pointless_ability: SUCCESS, 1
get_player_cards: SUCCESS, 5
add_player: SUCCESS
remove_team: FAILURE
get_ith_pointless_ability: SUCCESS, 81
add_player: SUCCESS
add_player: FAILURE
play_match: FAILURE
add_player: FAILURE
get_partial_spirit: SUCCESS, 2,4,5,1,3
num_played_games_for_player: SUCCESS, 22
get_player_cards: SUCCESS, 222
get_ith_pointless_ability: SUCCESS, 76
buy_team: SUCCESS
remove_team: FAILURE
get_player_cards: SUCCESS, 226
add_player_cards: SUCCESS
buy_team: SUCCESS
get_ith_pointless_ability: SUCCESS, 26
add_player: FAILURE
get_team_points: SUCCESS, 0
remove_team: FAILURE
get_partial_spirit: SUCCESS, 1,2,3,4,5
play_match: SUCCESS, 1
get_partial_spirit: SUCCESS, 1,5,4,3,2
get_team_points: SUCCESS, 0
play_match: SUCCESS, 3
get_partial_spirit: SUCCESS, 1,2,3,4,5
add_player: SUCCESS
get_player_cards: SUCCESS, 11
add_player_cards: SUCCESS
add_player_cards: SUCCESS
num_played_games_for_player: SUCCESS, 22
add_player: SUCCESS
get_partial_spirit: SUCCESS, 1,2,3,4,5
get_player_cards: SUCCESS, 188
add_team: FAILURE
play_match: SUCCESS, 3
get_partial_spirit: SUCCESS, 1,2,3,4,5
add_player: SUCCESS
get_player_cards: SUCCESS, 7
get_player_cards: SUCCESS, 149
play_match: FAILURE
get_ith_pointless_ability: SUCCESS, 38
get_partial_spirit: SUCCESS, 1,2,3,4,5
add_player_cards: SUCCESS
num_played_games_for_player: SUCCESS, 22
add_player: SUCCESS
add_team: FAILURE
get_ith_pointless_ability: SUCCESS, 64
add_team: FAILURE
get_ith_pointless_ability: SUCCESS, 87
get_player_cards: SUCCESS, 42
add_player: SUCCESS
get_team_points: SUCCESS, 0
buy_team: SUCCESS
remove_team: FAILURE
buy_team: SUCCESS
add_player: FAILURE
get_player_cards: SUCCESS, 109
remove_team: FAILURE
play_match: SUCCESS, 1
add_player: FAILURE
buy_team: SUCCESS
add_player_cards: SUCCESS
get_ith_pointless_ability: FAILURE
add_player: FAILURE
play_match: FAILURE
add_player: SUCCESS
add_player_cards: SUCCESS
add_team: FAILURE
add_player: FAILURE
get_ith_pointless_ability: SUCCESS, 81
add_team: FAILURE
get_player_cards: SUCCESS, 109
get_player_cards: SUCCESS, 72
play_match: FAILURE
remove_team: FAILURE
remove_team: FAILURE
get_player_cards: SUCCESS, 223
buy_team: SUCCESS
add_player: SUCCESS
num_played_games_for_player: SUCCESS, 22
add_team: FAILURE
get_partial_spirit: SUCCESS, 4,2,5,1,3
num_played_games_for_player: SUCCESS, 22
add_player: SUCCESS
get_ith_pointless_ability: SUCCESS, 35
get_ith_pointless_ability: SUCCESS, 38
buy_team: SUCCESS
get_team_points: FAILURE
get_player_cards: SUCCESS, 311
add_player: SUCCESS
get_player_cards: SUCCESS, 120
remove_team: FAILURE
get_partial_spirit: SUCCESS, 1,2,3,4,5
buy_team: SUCCESS
add_team: FAILURE
add_player: FAILURE
play_match: FAILURE
add_player: FAILURE
remove_team: FAILURE
get_partial_spirit: SUCCESS, 2,1,3,4,5
get_player_cards: SUCCESS, 11
add_player: FAILURE
num_played_games_for_player: SUCCESS, 22
buy_team: SUCCESS
get_ith_pointless_ability: SUCCESS, 41
buy_team: SUCCESS
add_team: FAILURE
buy_team: SUCCESS
add_player: SUCCESS
get_partial_spirit: SUCCESS, 1,2,3,4,5
get_partial_spirit: SUCCESS, 1,2,3,4,5
get_team_points: SUCCESS, 0
add_player_cards: SUCCESS
buy_team: SUCCESS
num_played_games_for_player: SUCCESS, 22
add_player_cards: SUCCESS
play_match: FAILURE
get_player_cards: SUCCESS, 348
remove_team: FAILURE
buy_team: SUCCESS
get_team_points: FAILURE
add_team: FAILURE
remove_team: FAILURE
get_player_cards: SUCCESS, 132
add_player: FAILURE
add_player: FAILURE
get_player_cards: SUCCESS, 4
remove_team: FAILURE
add_player_cards: SUCCESS
add_team: FAILURE
add_player: FAILURE
add_player: SUCCESS
get_player_cards: SUCCESS, 226
add_player_cards: SUCCESS
get_player_cards: SUCCESS, 99
add_team: FAILURE
get_partial_spirit: SUCCESS, 5,4,3,2,1
add_player: FAILURE
buy_team: SUCCESS
add_player: SUCCESS
remove_team: FAILURE
num_played_games_for_player: SUCCESS, 22
buy_team: SUCCESS
add_player: FAILURE
add_player_cards: SUCCESS
add_player: FAILURE
add_player: SUCCESS
get_ith_pointless_ability: SUCCESS, 26
add_player: FAILURE
remove_team: FAILURE
get_team_points: SUCCESS, 0
add_player_cards: FAILURE
get_ith_pointless_ability: SUCCESS, 32
get_player_cards: SUCCESS, 55
buy_team: SUCCESS
num_played_games_for_player: SUCCESS, 22
get_ith_pointless_ability: SUCCESS, 59
num_played_games_for_player: SUCCESS, 22
get_partial_spirit: SUCCESS, 2,1,5,3,4
add_team: FAILURE
play_match: FAILURE
add_player: SUCCESS
remove_team: FAILURE
num_played_games_for_player: SUCCESS, 22
add_player: FAILURE
add_player_cards: FAILURE
buy_team: SUCCESS
add_player: SUCCESS
add_player_cards: SUCCESS
num_played_games_for_player: SUCCESS, 22
get_ith_pointless_ability: SUCCESS, 45
add_player: FAILURE
get_partial_spirit: SUCCESS, 1,2,3,4,5
add_player: SUCCESS
get_ith_pointless_ability: FAILURE
add_player: FAILURE
add_player: FAILURE
add_team: FAILURE
add_team: FAILURE
add_player: FAILURE
get_player_cards: SUCCESS, 110
add_player: SUCCESS
get_team_points: SUCCESS, 0
add_player: FAILURE
get_team_points: FAILURE
play_match: FAILURE
add_player_cards: SUCCESS
add_team: FAILURE
add_player: SUCCESS
get_team_points: SUCCESS, 0
add_player_cards: SUCCESS
remove_team: FAILURE
add_player: FAILURE
get_ith_pointless_ability: SUCCESS, 67
get_partial_spirit: SUCCESS, 2,1,3,5,4
remove_team: FAILURE
add_player: FAILURE
play_match: SUCCESS, 1
get_player_cards: SUCCESS, 222
get_team_points: SUCCESS, 0
get_ith_pointless_ability: SUCCESS, 42
add_player: FAILURE
buy_team: SUCCESS
add_team: FAILURE
get_player_cards: SUCCESS, 172
buy_team: SUCCESS
add_player: SUCCESS
get_team_points: SUCCESS, 3
add_player: SUCCESS
add_player: FAILURE
get_team_points: SUCCESS, 3
add_player_cards: SUCCESS
get_ith_pointless_ability: SUCCESS, 35
num_played_games_for_player: SUCCESS, 22
get_team_points: FAILURE
get_team_points: SUCCESS, 0
buy_team: SUCCESS
get_player_cards: SUCCESS, 22
play_match: FAILURE
play_match: FAILURE
remove_team: FAILURE
get_ith_pointless_ability: SUCCESS, 65
get_partial_spirit: SUCCESS, 1,2,3,4,5
add_player: SUCCESS
get_team_points: SUCCESS, 0
add_player: SUCCESS
buy_team: SUCCESS
add_player: SUCCESS
add_team: FAILURE
add_player_cards: SUCCESS
buy_team: SUCCESS
get_team_points: FAILURE
get_team_points: SUCCESS, 0
remove_team: FAILURE
buy_team: SUCCESS
get_player_cards: SUCCESS, 213
add_player_cards: SUCCESS
buy_team: SUCCESS
get_ith_pointless_ability: SUCCESS, 67
buy_team: SUCCESS
get_player_cards: SUCCESS, 207
add_player: SUCCESS
get_player_cards: SUCCESS, 461
add_player: SUCCESS
add_player: SUCCESS
remove_team: FAILURE
add_player_cards: SUCCESS
add_player: FAILURE
add_team: FAILURE
num_played_games_for_player: SUCCESS, 22
get_ith_pointless_ability: SUCCESS, 58
add_player: SUCCESS
play_match: SUCCESS, 3
remove_team: FAILURE
get_player_cards: SUCCESS, 221
get_player_cards: SUCCESS, 234
get_ith_pointless_ability: SUCCESS, 58
add_player: SUCCESS
get_ith_pointless_ability: SUCCESS, 72
get_player_cards: SUCCESS, 104
num_played_games_for_player: SUCCESS, 22
add_team: FAILURE
play_match: SUCCESS, 3
buy_team: SUCCESS
get_player_cards: SUCCESS, 61
get_ith_pointless_ability: SUCCESS, 15
add_player: FAILURE
add_team: FAILURE
remove_team: FAILURE
add_player_cards: SUCCESS
add_team: FAILURE
buy_team: SUCCESS
get_partial_spirit: SUCCESS, 1,2,3,4,5
get_partial_spirit: SUCCESS, 1,2,3,4,5
add_team: FAILURE
get_player_cards: SUCCESS, 224
buy_team: SUCCESS
remove_team: FAILURE
num_played_games_for_player: SUCCESS, 22
get_partial_spirit: SUCCESS, 3,4,1,2,5
get_team_points: SUCCESS, 0
get_ith_pointless_ability: FAILURE
add_team: FAILURE
add_player: SUCCESS
get_player_cards: SUCCESS, 82
add_team: FAILURE
get_player_cards: SUCCESS, 207
get_team_points: SUCCESS, 0
num_played_games_for_player: SUCCESS, 22
add_player: FAILURE
add_player: FAILURE
add_team: FAILURE
add_player: FAILURE
buy_team: SUCCESS
num_played_games_for_player: SUCCESS, 22
add_player: SUCCESS
get_partial_spirit: SUCCESS, 4,3,1,2,5
remove_team: FAILURE
add_player_cards: SUCCESS
num_played_games_for_player: SUCCESS, 22
num_played_games_for_player: SUCCESS, 22
num_played_games_for_player: SUCCESS, 22
play_match: FAILURE
add_player: FAILURE
num_played_games_for_player: SUCCESS, 22
add_player: SUCCESS
get_partial_spirit: SUCCESS, 2,1,3,4,5
get_ith_pointless_ability: SUCCESS, 67
get_player_cards: SUCCESS, 252
add_player: FAILURE
num_played_games_for_player: SUCCESS, 22
add_player: SUCCESS
get_team_points: SUCCESS, 0
get_team_points: SUCCESS, 0
remove_team: FAILURE
add_team: SUCCESS
get_player_cards: SUCCESS, 207
add_player_cards: SUCCESS
add_player_cards: SUCCESS
get_team_points: SUCCESS, 3
get_team_points: SUCCESS, 0
add_player: SUCCESS
play_match: SUCCESS, 3
add_team: FAILURE
get_player_cards: SUCCESS, 117
remove_team: FAILURE
get_team_points: SUCCESS, 0
play_match: FAILURE
play_match: SUCCESS, 1
get_ith_pointless_ability: SUCCESS, 42
buy_team: SUCCESS
remove_team: FAILURE
get_ith_pointless_ability: SUCCESS, 27
add_player: FAILURE
buy_team: SUCCESS
add_player: FAILURE
play_match: FAILURE
buy_team: SUCCESS
get_team_points: SUCCESS, 3
add_player: FAILURE
get_partial_spirit: SUCCESS, 5,2,4,3,1
remove_team: FAILURE
get_partial_spirit: SUCCESS, 5,1,4,3,2
num_played_games_for_player: SUCCESS, 22
remove_team: FAILURE
get_partial_spirit: SUCCESS, 1,2,3,4,5
remove_team: FAILURE
add_player_cards: SUCCESS
num_played_games_for_player: SUCCESS, 22
remove_team: FAILURE
add_player: SUCCESS
play_match: FAILURE
play_match: FAILURE
add_team: FAILURE
add_player: FAILURE
get_partial_spirit: FAILURE
get_team_points: SUCCESS, 0
add_player: FAILURE
add_player: FAILURE
add_player: SUCCESS
add_player: SUCCESS
add_player: SUCCESS
get_team_points: SUCCESS, 0
get_player_cards: SUCCESS, 153
add_player_cards: SUCCESS
buy_team: SUCCESS
play_match: FAILURE
buy_team: SUCCESS
get_team_points: FAILURE
play_match: SUCCESS, 3
get_ith_pointless_ability: SUCCESS, 15
get_team_points: FAILURE
get_team_points: SUCCESS, 6
play_match: FAILURE
get_partial_spirit: FAILURE
num_played_games_for_player: SUCCESS, 22
add_player_cards: SUCCESS
num_played_games_for_player: SUCCESS, 22
add_player: SUCCESS
add_player: FAILURE
get_team_points: SUCCESS, 0
add_player: FAILURE
remove_team: FAILURE
add_player: FAILURE
get_team_points: SUCCESS, 0
get_player_cards: SUCCESS, 290
add_player: FAILURE
add_player_cards: SUCCESS
add_player: SUCCESS
get_team_points: SUCCESS, 0
get_player_cards: SUCCESS, 207
get_ith_pointless_ability: SUCCESS, 26
remove_team: FAILURE
get_ith_pointless_ability: SUCCESS, 9
add_player_cards: SUCCESS
remove_team: FAILURE
get_ith_pointless_ability: SUCCESS, 1
add_player: FAILURE
num_played_games_for_player: SUCCESS, 22
get_ith_pointless_ability: SUCCESS, 33
add_player: FAILURE
remove_team: FAILURE
get_player_cards: SUCCESS, 4
get_team_points: SUCCESS, 0
num_played_games_for_player: SUCCESS, 22
add_team: FAILURE
get_ith_pointless_ability: SUCCESS, 60
add_player: FAILURE
get_partial_spirit: FAILURE
buy_team: SUCCESS
add_team: FAILURE
add_player: FAILURE
add_player_cards: SUCCESS
play_match: FAILURE
get_partial_spirit: SUCCESS, 2,4,3,1,5
buy_team: SUCCESS
add_team: FAILURE
add_player_cards: SUCCESS
num_played_games_for_player: SUCCESS, 22
add_player: FAILURE
add_team: FAILURE
play_match: SUCCESS, 3
get_partial_spirit: SUCCESS, 2,1,3,4,5
add_player_cards: SUCCESS
remove_team: FAILURE
num_played_games_for_player: SUCCESS, 22
add_player: FAILURE
add_player_cards: SUCCESS
add_player: SUCCESS
add_player: FAILURE
play_match: FAILURE
remove_team: FAILURE
get_team_points: SUCCESS, 0
get_ith_pointless_ability: SUCCESS, 6
add_player_cards: FAILURE
get_team_points: SUCCESS, 0
add_team: FAILURE
add_player: SUCCESS
add_player: SUCCESS
add_player_cards: SUCCESS
add_team: FAILURE
add_player: SUCCESS
add_player: SUCCESS
play_match: SUCCESS, 3
add_player: FAILURE
get_team_points: FAILURE
add_player: FAILURE
play_match: FAILURE
add_player: FAILURE
get_partial_spirit: FAILURE
play_match: SUCCESS, 3
add_player: FAILURE
add_player: SUCCESS
add_player_cards: SUCCESS
get_team_points: SUCCESS, 0
get_partial_spirit: SUCCESS, 1,2,3,4,5
num_played_games_for_player: SUCCESS, 22
play_match: SUCCESS, 1
add_team: FAILURE
get_ith_pointless_ability: SUCCESS, 67
add_team: FAILURE
get_partial_spirit: SUCCESS, 3,5,2,4,1
play_match: SUCCESS, 3
get_team_points: FAILURE
get_ith_pointless_ability: FAILURE
get_partial_spirit: SUCCESS, 1,2,3,4,5
play_match: FAILURE
get_team_points: SUCCESS, 0
remove_team: FAILURE
get_partial_spirit: SUCCESS, 2,4,1,3,5
remove_team: FAILURE
add_player: SUCCESS
add_player: FAILURE
add_player_cards: SUCCESS
get_player_cards: SUCCESS, 302
add_player: SUCCESS
add_team: FAILURE
get_team_points: SUCCESS, 0
get_ith_pointless_ability: SUCCESS, 81
add_team: FAILURE
remove_team: FAILURE
num_played_games_for_player: SUCCESS, 22
add_player: SUCCESS
add_player: FAILURE
remove_team: FAILURE
play_match: SUCCESS, 3
add_player_cards: SUCCESS
get_team_points: SUCCESS, 0
add_team: FAILURE
add_player_cards: FAILURE
get_ith_pointless_ability: SUCCESS, 26
get_ith_pointless_ability: SUCCESS, 54
add_player_cards: FAILURE
add_player: FAILURE
num_played_games_for_player: SUCCESS, 22
add_team: FAILURE
remove_team: FAILURE
remove_team: FAILURE
add_player: SUCCESS
remove_team: FAILURE
add_player: FAILURE
add_player: FAILURE
buy_team: SUCCESS
add_player: FAILURE
get_partial_spirit: SUCCESS, 2,1,5,3,4
add_player_cards: SUCCESS
num_played_games_for_player: SUCCESS, 22
play_match: SUCCESS, 1
add_player_cards: SUCCESS
get_team_points: SUCCESS, 3
add_player_cards: SUCCESS
play_match: FAILURE
get_player_cards: SUCCESS, 293
add_player_cards: SUCCESS
play_match: FAILURE
add_player_cards: SUCCESS
add_player_cards: FAILURE
buy_team: SUCCESS
remove_team: FAILURE
get_partial_spirit: SUCCESS, 1,2,3,4,5
buy_team: SUCCESS
num_played_games_for_player: SUCCESS, 22
num_played_games_for_player: SUCCESS, 22
buy_team: SUCCESS
add_team: FAILURE
get_partial_spirit: SUCCESS, 1,2,3,4,5
get_team_points: SUCCESS, 0
get_partial_spirit: SUCCESS, 5,3,4,2,1
get_team_points: FAILURE
get_ith_pointless_ability: SUCCESS, 71
add_team: FAILURE
add_player: FAILURE
play_match: FAILURE
get_ith_pointless_ability: SUCCESS, 76
buy_team: SUCCESS
add_player: FAILURE
buy_team: SUCCESS
get_player_cards: SUCCESS, 255
get_partial_spirit: SUCCESS, 1,2,3,4,5
get_team_points: FAILURE
add_player: FAILURE
get_ith_pointless_ability: SUCCESS, 87
get_partial_spirit: SUCCESS, 1,2,3,4,5
get_team_points: SUCCESS, 0
buy_team: SUCCESS
add_player: SUCCESS
num_played_games_for_player: SUCCESS, 22
add_player_cards: SUCCESS
add_player: FAILURE
num_played_games_for_player: SUCCESS, 22
add_player: FAILURE
num_played_games_for_player: SUCCESS, 22
add_player: FAILURE
get_partial_spirit: FAILURE
add_team: FAILURE
add_team: FAILURE
add_player: FAILURE
add_player: SUCCESS
add_player: SUCCESS
add_team: FAILURE
get_team_points: FAILURE
num_played_games_for_player: SUCCESS, 22
get_partial_spirit: SUCCESS, 5,3,4,2,1
add_player_cards: FAILURE
add_player: FAILURE
add_player: SUCCESS
get_player_cards: SUCCESS, 27
get_team_points: FAILURE
add_player: FAILURE
add_player: FAILURE
get_ith_pointless_ability: SUCCESS, 11
add_player: FAILURE
get_ith_pointless_ability: SUCCESS, 64
add_player: FAILURE
add_player: SUCCESS
num_played_games_for_player: SUCCESS, 22
get_partial_spirit: SUCCESS, 1,4,5,2,3
get_partial_spirit: SUCCESS, 1,2,3,4,5
play_match: FAILURE
get_ith_pointless_ability: SUCCESS, 26
num_played_games_for_player: SUCCESS, 22
num_played_games_for_player: SUCCESS, 22
add_player: SUCCESS
add_player: SUCCESS
get_partial_spirit: SUCCESS, 2,5,3,4,1
add_player: FAILURE
play_match: SUCCESS, 3
add_team: FAILURE
add_team: FAILURE
get_ith_pointless_ability: SUCCESS, 42
num_played_games_for_player: SUCCESS, 22
num_played_games_for_player: SUCCESS, 22
buy_team: SUCCESS
buy_team: SUCCESS
get_player_cards: SUCCESS, 270
buy_team: SUCCESS
add_player: SUCCESS
add_team: FAILURE
get_partial_spirit: SUCCESS, 5,4,3,1,2
get_partial_spirit: SUCCESS, 1,2,3,4,5
get_partial_spirit: FAILURE
add_player: SUCCESS
add_player: SUCCESS
add_player: FAILURE
remove_team: FAILURE
remove_team: FAILURE
buy_team: SUCCESS
add_player_cards: SUCCESS
get_team_points: FAILURE
get_player_cards: SUCCESS, 21
get_ith_pointless_ability: SUCCESS, 76
add_player_cards: SUCCESS
add_player: SUCCESS
play_match: FAILURE
play_match: FAILURE
get_player_cards: SUCCESS, 99
get_team_points: FAILURE
add_player: FAILURE
buy_team: SUCCESS
add_player: FAILURE
num_played_games_for_player: SUCCESS, 22
get_team_points: FAILURE
