add_team: SUCCESS
add_team: SUCCESS
add_team: SUCCESS
add_team: SUCCESS
add_team: SUCCESS
add_team: SUCCESS
add_team: SUCCESS
add_team: SUCCESS
add_team: SUCCESS
add_team: SUCCESS
add_team: SUCCESS
add_team: SUCCESS
add_team: SUCCESS
add_team: SUCCESS
add_team: SUCCESS
add_team: SUCCESS
add_team: SUCCESS
add_team: SUCCESS
add_team: SUCCESS
add_team: SUCCESS
add_team: SUCCESS
add_team: SUCCESS
add_team: SUCCESS
add_team: SUCCESS
add_team: SUCCESS
add_team: SUCCESS
add_team: SUCCESS
add_team: SUCCESS
add_team: SUCCESS
add_team: SUCCESS
add_team: SUCCESS
add_team: SUCCESS
add_team: SUCCESS
add_team: SUCCESS
add_team: SUCCESS
add_team: SUCCESS
add_team: SUCCESS
add_team: SUCCESS
add_team: SUCCESS
add_team: SUCCESS
add_team: SUCCESS
add_team: SUCCESS
add_team: SUCCESS
add_team: SUCCESS
add_team: SUCCESS
add_team: SUCCESS
add_team: SUCCESS
add_team: SUCCESS
add_team: SUCCESS
add_team: SUCCESS
add_team: SUCCESS
add_team: SUCCESS
add_team: SUCCESS
add_team: SUCCESS
add_team: SUCCESS
add_team: SUCCESS
add_team: SUCCESS
add_team: SUCCESS
add_team: SUCCESS
add_team: SUCCESS
add_team: SUCCESS
add_team: SUCCESS
add_team: SUCCESS
add_team: SUCCESS
add_team: SUCCESS
add_team: SUCCESS
add_team: SUCCESS
add_team: SUCCESS
add_team: SUCCESS
add_team: SUCCESS
add_team: SUCCESS
add_team: SUCCESS
add_team: SUCCESS
add_team: SUCCESS
add_team: SUCCESS
add_team: SUCCESS
add_team: SUCCESS
add_team: SUCCESS
add_team: SUCCESS
add_team: SUCCESS
add_team: SUCCESS
add_team: SUCCESS
add_team: SUCCESS
add_team: SUCCESS
add_team: SUCCESS
add_team: SUCCESS
add_team: SUCCESS
add_team: SUCCESS
add_team: SUCCESS
add_team: SUCCESS
add_team: SUCCESS
add_team: SUCCESS
add_team: SUCCESS
add_team: SUCCESS
add_team: SUCCESS
add_team: SUCCESS
add_team: SUCCESS
add_team: SUCCESS
add_team: SUCCESS
add_team: SUCCESS
add_player: SUCCESS
add_player: SUCCESS
add_player: SUCCESS
add_player: SUCCESS
add_player: SUCCESS
add_player: SUCCESS
add_player: SUCCESS
add_player: SUCCESS
add_player: SUCCESS
add_player: SUCCESS
add_player: SUCCESS
add_player: SUCCESS
add_player: SUCCESS
add_player: SUCCESS
add_player: SUCCESS
add_player: SUCCESS
add_player: SUCCESS
add_player: SUCCESS
add_player: SUCCESS
add_player: SUCCESS
add_player: SUCCESS
add_player: SUCCESS
add_player: SUCCESS
add_player: SUCCESS
add_player: SUCCESS
add_player: SUCCESS
add_player: SUCCESS
add_player: SUCCESS
add_player: SUCCESS
add_player: SUCCESS
add_player: SUCCESS
add_player: SUCCESS
add_player: SUCCESS
add_player: SUCCESS
add_player: SUCCESS
add_player: SUCCESS
add_player: SUCCESS
add_player: SUCCESS
add_player: SUCCESS
add_player: SUCCESS
add_player: SUCCESS
add_player: SUCCESS
add_player: SUCCESS
add_player: SUCCESS
add_player: SUCCESS
add_player: SUCCESS
add_player: SUCCESS
add_player: SUCCESS
add_player: SUCCESS
add_player: SUCCESS
add_player: SUCCESS
add_player: SUCCESS
add_player: SUCCESS
add_player: SUCCESS
add_player: SUCCESS
add_player: SUCCESS
add_player: SUCCESS
add_player: SUCCESS
add_player: SUCCESS
add_player: SUCCESS
add_player: SUCCESS
add_player: SUCCESS
add_player: SUCCESS
add_player: SUCCESS
add_player: SUCCESS
add_player: SUCCESS
add_player: SUCCESS
add_player: SUCCESS
add_player: SUCCESS
add_player: SUCCESS
add_player: SUCCESS
add_player: SUCCESS
add_player: SUCCESS
add_player: SUCCESS
add_player: SUCCESS
add_player: SUCCESS
add_player: SUCCESS
add_player: SUCCESS
add_player: SUCCESS
add_player: SUCCESS
add_player: SUCCESS
add_player: SUCCESS
add_player: SUCCESS
add_player: SUCCESS
add_player: SUCCESS
add_player: SUCCESS
add_player: SUCCESS
add_player: SUCCESS
add_player: SUCCESS
add_player: SUCCESS
add_player: SUCCESS
add_player: SUCCESS
add_player: SUCCESS
add_player: SUCCESS
add_player: SUCCESS
add_player: SUCCESS
add_player: SUCCESS
add_player: SUCCESS
add_player: SUCCESS
add_player: SUCCESS
get_partial_spirit: SUCCESS, 1,2,3,4,5
add_player: SUCCESS
buy_team: SUCCESS
get_team_points: SUCCESS, 0
add_player_cards: SUCCESS
num_played_games_for_player: SUCCESS, 22
buy_team: SUCCESS
num_played_games_for_player: SUCCESS, 22
play_match: FAILURE
num_played_games_for_player: SUCCESS, 22
get_partial_spirit: SUCCESS, 5,2,1,3,4
get_player_cards: SUCCESS, 132
add_player_cards: SUCCESS
get_ith_pointless_ability: SUCCESS, 31
buy_team: SUCCESS
get_partial_spirit: SUCCESS, 1,2,3,4,5
play_match: SUCCESS, 1
add_player: SUCCESS
play_match: FAILURE
add_player: SUCCESS
get_team_points: SUCCESS, 0
buy_team: SUCCESS
get_ith_pointless_ability: FAILURE
add_player: SUCCESS
get_ith_pointless_ability: FAILURE
num_played_games_for_player: SUCCESS, 22
get_partial_spirit: SUCCESS, 1,2,3,4,5
play_match: FAILURE
get_ith_pointless_ability: SUCCESS, 34
play_match: FAILURE
add_team: SUCCESS
add_player: SUCCESS
play_match: FAILURE
get_team_points: SUCCESS, 0
add_team: FAILURE
remove_team: FAILURE
remove_team: FAILURE
get_partial_spirit: SUCCESS, 5,4,2,1,3
remove_team: FAILURE
get_team_points: SUCCESS, 0
buy_team: SUCCESS
get_player_cards: SUCCESS, 63
add_player: SUCCESS
add_player: SUCCESS
get_ith_pointless_ability: SUCCESS, 48
play_match: FAILURE
add_player: SUCCESS
play_match: FAILURE
add_player: SUCCESS
get_partial_spirit: SUCCESS, 1,2,3,4,5
add_player: SUCCESS
add_player: SUCCESS
get_partial_spirit: SUCCESS, 5,3,4,1,2
play_match: FAILURE
add_player: SUCCESS
remove_team: FAILURE
add_team: FAILURE
get_player_cards: SUCCESS, 186
add_player: SUCCESS
get_partial_spirit: SUCCESS, 1,2,3,4,5
add_player: SUCCESS
get_player_cards: SUCCESS, 243
remove_team: FAILURE
add_player_cards: SUCCESS
add_player: SUCCESS
buy_team: SUCCESS
buy_team: SUCCESS
get_ith_pointless_ability: FAILURE
get_player_cards: SUCCESS, 134
add_player: SUCCESS
add_team: FAILURE
play_match: FAILURE
add_player: SUCCESS
get_partial_spirit: SUCCESS, 1,3,4,2,5
get_team_points: SUCCESS, 0
add_player: SUCCESS
remove_team: FAILURE
add_player: SUCCESS
buy_team: SUCCESS
add_player: SUCCESS
num_played_games_for_player: SUCCESS, 22
get_player_cards: SUCCESS, 86
add_player: SUCCESS
add_player: SUCCESS
get_partial_spirit: SUCCESS, 1,3,4,2,5
play_match: SUCCESS, 3
get_player_cards: SUCCESS, 156
add_player: SUCCESS
remove_team: FAILURE
get_ith_pointless_ability: SUCCESS, 51
add_player: SUCCESS
get_ith_pointless_ability: SUCCESS, 67
add_player: SUCCESS
add_player: SUCCESS
add_player: SUCCESS
remove_team: FAILURE
add_team: FAILURE
get_ith_pointless_ability: FAILURE
add_player_cards: SUCCESS
add_team: FAILURE
get_ith_pointless_ability: FAILURE
get_player_cards: SUCCESS, 214
get_ith_pointless_ability: FAILURE
get_team_points: SUCCESS, 0
get_partial_spirit: SUCCESS, 1,2,3,4,5
num_played_games_for_player: SUCCESS, 22
add_player_cards: SUCCESS
add_player: SUCCESS
add_player_cards: SUCCESS
add_player: SUCCESS
play_match: FAILURE
remove_team: FAILURE
add_team: FAILURE
num_played_games_for_player: SUCCESS, 22
num_played_games_for_player: SUCCESS, 22
add_team: FAILURE
play_match: FAILURE
add_player: SUCCESS
get_player_cards: SUCCESS, 55
add_player: SUCCESS
add_player: SUCCESS
get_player_cards: SUCCESS, 180
add_player: SUCCESS
play_match: SUCCESS, 1
get_partial_spirit: SUCCESS, 4,1,5,2,3
get_partial_spirit: SUCCESS, 1,2,3,4,5
get_partial_spirit: SUCCESS, 3,5,2,1,4
get_partial_spirit: SUCCESS, 1,2,3,4,5
buy_team: SUCCESS
num_played_games_for_player: SUCCESS, 22
buy_team: SUCCESS
num_played_games_for_player: SUCCESS, 22
get_team_points: SUCCESS, 0
add_player: SUCCESS
get_team_points: SUCCESS, 3
add_player_cards: SUCCESS
add_team: FAILURE
remove_team: FAILURE
add_player: SUCCESS
get_team_points: SUCCESS, 0
get_ith_pointless_ability: FAILURE
get_partial_spirit: SUCCESS, 1,4,5,3,2
add_team: FAILURE
add_player_cards: SUCCESS
add_team: FAILURE
play_match: SUCCESS, 3
remove_team: FAILURE
add_player: SUCCESS
remove_team: FAILURE
buy_team: SUCCESS
add_team: FAILURE
remove_team: FAILURE
num_played_games_for_player: SUCCESS, 22
get_player_cards: SUCCESS, 227
play_match: FAILURE
add_player: SUCCESS
add_player: SUCCESS
add_player_cards: SUCCESS
play_match: FAILURE
add_team: FAILURE
get_partial_spirit: SUCCESS, 1,2,3,4,5
get_player_cards: SUCCESS, 113
add_player: SUCCESS
add_player_cards: SUCCESS
get_player_cards: SUCCESS, 58
remove_team: FAILURE
get_team_points: SUCCESS, 0
buy_team: SUCCESS
play_match: FAILURE
remove_team: FAILURE
add_player: SUCCESS
play_match: SUCCESS, 1
add_player: FAILURE
get_partial_spirit: SUCCESS, 1,2,3,4,5
add_player_cards: SUCCESS
add_player: SUCCESS
add_player: SUCCESS
play_match: FAILURE
get_player_cards: SUCCESS, 274
add_player: FAILURE
get_player_cards: SUCCESS, 119
buy_team: SUCCESS
num_played_games_for_player: SUCCESS, 22
get_team_points: SUCCESS, 0
play_match: FAILURE
remove_team: FAILURE
add_player: SUCCESS
get_player_cards: SUCCESS, 3
get_ith_pointless_ability: SUCCESS, 31
get_ith_pointless_ability: FAILURE
play_match: SUCCESS, 1
add_player: SUCCESS
get_team_points: SUCCESS, 0
add_player: FAILURE
remove_team: FAILURE
play_match: SUCCESS, 1
remove_team: FAILURE
get_player_cards: SUCCESS, 104
buy_team: SUCCESS
get_partial_spirit: SUCCESS, 2,3,4,5,1
get_team_points: SUCCESS, 0
get_partial_spirit: SUCCESS, 1,2,3,4,5
get_partial_spirit: SUCCESS, 1,2,3,4,5
add_player: FAILURE
get_ith_pointless_ability: SUCCESS, 80
add_player_cards: SUCCESS
add_player: SUCCESS
get_player_cards: SUCCESS, 7
add_player_cards: SUCCESS
remove_team: FAILURE
remove_team: FAILURE
add_player_cards: SUCCESS
get_ith_pointless_ability: SUCCESS, 33
get_team_points: SUCCESS, 3
remove_team: FAILURE
get_ith_pointless_ability: FAILURE
get_ith_pointless_ability: SUCCESS, 33
get_team_points: SUCCESS, 0
buy_team: SUCCESS
add_player: SUCCESS
get_partial_spirit: SUCCESS, 5,4,2,1,3
remove_team: FAILURE
add_player: SUCCESS
get_team_points: SUCCESS, 0
buy_team: SUCCESS
add_player: SUCCESS
get_team_points: SUCCESS, 0
get_ith_pointless_ability: SUCCESS, 19
get_partial_spirit: SUCCESS, 1,3,5,4,2
add_team: FAILURE
get_partial_spirit: SUCCESS, 1,2,3,4,5
add_player: FAILURE
num_played_games_for_player: SUCCESS, 22
add_player_cards: SUCCESS
add_player: SUCCESS
num_played_games_for_player: SUCCESS, 22
get_partial_spirit: SUCCESS, 1,2,3,4,5
add_player_cards: SUCCESS
get_player_cards: SUCCESS, 145
add_player_cards: SUCCESS
remove_team: FAILURE
num_played_games_for_player: SUCCESS, 22
add_team: FAILURE
play_match: FAILURE
remove_team: FAILURE
add_player_cards: SUCCESS
get_partial_spirit: SUCCESS, 2,1,5,4,3
remove_team: FAILURE
add_player: SUCCESS
buy_team: SUCCESS
add_player_cards: SUCCESS
add_player: SUCCESS
get_ith_pointless_ability: SUCCESS, 94
buy_team: SUCCESS
buy_team: SUCCESS
get_player_cards: SUCCESS, 37
get_partial_spirit: SUCCESS, 1,2,3,4,5
num_played_games_for_player: SUCCESS, 22
add_player: SUCCESS
get_partial_spirit: SUCCESS, 2,4,1,3,5
add_player: FAILURE
add_player: SUCCESS
get_team_points: SUCCESS, 0
buy_team: SUCCESS
add_team: FAILURE
add_player: SUCCESS
buy_team: SUCCESS
remove_team: FAILURE
add_team: FAILURE
add_player: SUCCESS
add_player: FAILURE
remove_team: FAILURE
get_ith_pointless_ability: FAILURE
get_partial_spirit: SUCCESS, 1,2,3,4,5
add_player: SUCCESS
get_partial_spirit: SUCCESS, 5,4,1,2,3
add_player: SUCCESS
remove_team: FAILURE
get_player_cards: SUCCESS, 298
get_partial_spirit: SUCCESS, 2,3,5,1,4
get_ith_pointless_ability: FAILURE
add_player: SUCCESS
get_ith_pointless_ability: FAILURE
add_player: SUCCESS
play_match: SUCCESS, 1
buy_team: SUCCESS
add_player: SUCCESS
get_ith_pointless_ability: FAILURE
get_player_cards: SUCCESS, 68
get_ith_pointless_ability: SUCCESS, 47
add_player: SUCCESS
add_player_cards: SUCCESS
add_team: FAILURE
num_played_games_for_player: SUCCESS, 22
add_player_cards: SUCCESS
add_player: FAILURE
add_player: FAILURE
add_player: SUCCESS
play_match: FAILURE
add_player: SUCCESS
add_player: SUCCESS
remove_team: FAILURE
add_player: FAILURE
num_played_games_for_player: SUCCESS, 22
play_match: SUCCESS, 1
remove_team: FAILURE
get_team_points: SUCCESS, 0
num_played_games_for_player: SUCCESS, 22
get_partial_spirit: SUCCESS, 1,4,5,2,3
remove_team: FAILURE
get_team_points: SUCCESS, 0
buy_team: SUCCESS
num_played_games_for_player: SUCCESS, 22
get_ith_pointless_ability: SUCCESS, 33
add_player_cards: SUCCESS
add_player: SUCCESS
get_partial_spirit: SUCCESS, 3,4,2,1,5
add_player: FAILURE
add_player: SUCCESS
get_player_cards: SUCCESS, 3
add_player: SUCCESS
add_player_cards: SUCCESS
add_player: SUCCESS
add_team: FAILURE
add_player: FAILURE
add_player: FAILURE
play_match: FAILURE
get_ith_pointless_ability: SUCCESS, 11
remove_team: FAILURE
add_team: FAILURE
buy_team: SUCCESS
play_match: SUCCESS, 3
get_player_cards: SUCCESS, 48
add_team: FAILURE
get_team_points: SUCCESS, 0
get_player_cards: SUCCESS, 289
remove_team: FAILURE
get_ith_pointless_ability: SUCCESS, 83
get_partial_spirit: SUCCESS, 1,2,3,4,5
get_team_points: SUCCESS, 0
add_player_cards: SUCCESS
add_team: FAILURE
get_partial_spirit: SUCCESS, 1,2,3,4,5
get_ith_pointless_ability: SUCCESS, 96
add_player: SUCCESS
add_player: SUCCESS
num_played_games_for_player: SUCCESS, 22
play_match: SUCCESS, 1
play_match: FAILURE
play_match: SUCCESS, 3
get_team_points: SUCCESS, 3
add_player: SUCCESS
add_player: SUCCESS
num_played_games_for_player: SUCCESS, 22
buy_team: SUCCESS
add_player: SUCCESS
add_team: FAILURE
play_match: SUCCESS, 1
add_player: SUCCESS
buy_team: SUCCESS
get_team_points: SUCCESS, 0
add_team: FAILURE
add_team: FAILURE
add_player: SUCCESS
num_played_games_for_player: SUCCESS, 22
buy_team: SUCCESS
buy_team: SUCCESS
play_match: SUCCESS, 1
remove_team: FAILURE
buy_team: SUCCESS
add_player: SUCCESS
add_player: FAILURE
get_ith_pointless_ability: FAILURE
get_team_points: SUCCESS, 3
add_player: SUCCESS
get_team_points: SUCCESS, 0
get_ith_pointless_ability: SUCCESS, 9
remove_team: FAILURE
get_ith_pointless_ability: FAILURE
remove_team: FAILURE
get_player_cards: SUCCESS, 365
add_team: FAILURE
add_team: FAILURE
get_player_cards: SUCCESS, 37
remove_team: FAILURE
add_player_cards: SUCCESS
get_ith_pointless_ability: SUCCESS, 15
get_partial_spirit: SUCCESS, 1,2,3,4,5
get_team_points: SUCCESS, 0
get_player_cards: SUCCESS, 194
play_match: SUCCESS, 3
buy_team: SUCCESS
buy_team: SUCCESS
add_team: FAILURE
buy_team: SUCCESS
play_match: FAILURE
get_team_points: SUCCESS, 0
num_played_games_for_player: SUCCESS, 22
num_played_games_for_player: SUCCESS, 22
get_partial_spirit: SUCCESS, 5,3,4,1,2
add_player_cards: SUCCESS
add_player_cards: SUCCESS
add_team: FAILURE
get_ith_pointless_ability: SUCCESS, 35
get_ith_pointless_ability: SUCCESS, 10
get_player_cards: SUCCESS, 298
get_partial_spirit: SUCCESS, 4,3,5,1,2
get_ith_pointless_ability: FAILURE
add_player_cards: SUCCESS
get_player_cards: SUCCESS, 117
buy_team: SUCCESS
add_player: FAILURE
get_ith_pointless_ability: SUCCESS, 80
add_player: SUCCESS
add_team: FAILURE
add_team: FAILURE
get_team_points: SUCCESS, 0
get_partial_spirit: SUCCESS, 1,2,3,4,5
add_player: FAILURE
get_team_points: SUCCESS, 3
get_partial_spirit: SUCCESS, 4,1,2,3,5
get_partial_spirit: SUCCESS, 1,2,3,4,5
get_player_cards: SUCCESS, 72
num_played_games_for_player: SUCCESS, 22
play_match: SUCCESS, 3
get_team_points: FAILURE
add_player: FAILURE
play_match: SUCCESS, 1
add_team: FAILURE
add_player: SUCCESS
get_ith_pointless_ability: SUCCESS, 74
add_player: FAILURE
add_player: FAILURE
get_team_points: SUCCESS, 0
add_team: FAILURE
add_player: SUCCESS
remove_team: FAILURE
num_played_games_for_player: SUCCESS, 22
buy_team: SUCCESS
num_played_games_for_player: SUCCESS, 22
add_team: FAILURE
add_team: FAILURE
add_player: SUCCESS
add_player_cards: SUCCESS
play_match: SUCCESS, 1
add_team: FAILURE
add_player_cards: SUCCESS
add_team: FAILURE
remove_team: FAILURE
get_ith_pointless_ability: SUCCESS, 32
get_partial_spirit: SUCCESS, 1,2,3,4,5
get_team_points: SUCCESS, 0
add_player: FAILURE
add_player: SUCCESS
add_player_cards: SUCCESS
add_player: FAILURE
get_partial_spirit: SUCCESS, 1,2,3,4,5
get_partial_spirit: SUCCESS, 1,2,3,4,5
add_player_cards: SUCCESS
add_team: FAILURE
add_player: SUCCESS
buy_team: SUCCESS
add_player: SUCCESS
buy_team: SUCCESS
get_player_cards: SUCCESS, 72
get_partial_spirit: SUCCESS, 4,1,2,5,3
play_match: SUCCESS, 1
get_partial_spirit: SUCCESS, 2,1,5,4,3
add_player_cards: SUCCESS
get_player_cards: SUCCESS, 1
add_player: SUCCESS
get_partial_spirit: SUCCESS, 3,2,1,5,4
get_player_cards: SUCCESS, 9
remove_team: FAILURE
num_played_games_for_player: SUCCESS, 22
remove_team: FAILURE
buy_team: SUCCESS
get_partial_spirit: FAILURE
add_player: SUCCESS
remove_team: FAILURE
num_played_games_for_player: SUCCESS, 22
add_player: SUCCESS
add_player: SUCCESS
add_team: FAILURE
add_player: SUCCESS
get_player_cards: SUCCESS, 115
get_player_cards: SUCCESS, 201
get_team_points: SUCCESS, 0
play_match: SUCCESS, 1
num_played_games_for_player: SUCCESS, 22
num_played_games_for_player: SUCCESS, 22
add_player_cards: SUCCESS
get_partial_spirit: SUCCESS, 1,3,5,4,2
get_ith_pointless_ability: SUCCESS, 84
buy_team: SUCCESS
play_match: FAILURE
remove_team: FAILURE
get_partial_spirit: SUCCESS, 2,4,5,3,1
get_partial_spirit: SUCCESS, 5,2,3,1,4
add_player: SUCCESS
get_team_points: SUCCESS, 0
add_player: SUCCESS
get_partial_spirit: SUCCESS, 1,5,3,2,4
buy_team: SUCCESS
buy_team: SUCCESS
get_team_points: SUCCESS, 0
add_player: SUCCESS
add_team: FAILURE
add_player_cards: SUCCESS
play_match: SUCCESS, 1
remove_team: FAILURE
get_partial_spirit: SUCCESS, 1,2,3,4,5
remove_team: FAILURE
play_match: SUCCESS, 3
get_player_cards: SUCCESS, 38
get_partial_spirit: SUCCESS, 1,2,3,4,5
remove_team: FAILURE
add_player: FAILURE
play_match: FAILURE
get_player_cards: SUCCESS, 154
add_player: SUCCESS
remove_team: FAILURE
add_player: FAILURE
add_player: SUCCESS
get_ith_pointless_ability: FAILURE
get_ith_pointless_ability: SUCCESS, 62
remove_team: FAILURE
get_team_points: SUCCESS, 0
num_played_games_for_player: SUCCESS, 22
add_player: SUCCESS
get_ith_pointless_ability: SUCCESS, 35
add_player: SUCCESS
add_player: FAILURE
play_match: FAILURE
add_team: FAILURE
get_ith_pointless_ability: SUCCESS, 11
add_player_cards: FAILURE
play_match: SUCCESS, 3
get_player_cards: SUCCESS, 179
get_ith_pointless_ability: SUCCESS, 80
get_ith_pointless_ability: SUCCESS, 34
add_player: FAILURE
add_player: SUCCESS
remove_team: FAILURE
add_player: SUCCESS
add_player: FAILURE
num_played_games_for_player: SUCCESS, 22
buy_team: SUCCESS
add_team: FAILURE
add_player_cards: SUCCESS
add_player: FAILURE
get_player_cards: SUCCESS, 24
get_player_cards: SUCCESS, 176
remove_team: FAILURE
remove_team: FAILURE
remove_team: FAILURE
add_player_cards: SUCCESS
get_partial_spirit: SUCCESS, 1,2,3,4,5
add_player: SUCCESS
add_player_cards: SUCCESS
num_played_games_for_player: SUCCESS, 22
play_match: SUCCESS, 1
add_player: FAILURE
get_ith_pointless_ability: SUCCESS, 10
add_team: FAILURE
add_player: SUCCESS
play_match: FAILURE
get_team_points: SUCCESS, 3
remove_team: FAILURE
add_player_cards: SUCCESS
get_ith_pointless_ability: SUCCESS, 5
add_player: SUCCESS
add_player_cards: SUCCESS
add_player: FAILURE
num_played_games_for_player: SUCCESS, 22
add_player: SUCCESS
get_player_cards: SUCCESS, 209
add_player: SUCCESS
add_player: FAILURE
add_player: SUCCESS
add_team: FAILURE
get_ith_pointless_ability: SUCCESS, 96
add_team: FAILURE
get_ith_pointless_ability: SUCCESS, 95
num_played_games_for_player: SUCCESS, 22
get_ith_pointless_ability: SUCCESS, 75
get_team_points: SUCCESS, 0
add_player_cards: SUCCESS
add_player: FAILURE
get_team_points: SUCCESS, 0
get_player_cards: SUCCESS, 269
play_match: FAILURE
play_match: FAILURE
add_player: SUCCESS
get_player_cards: SUCCESS, 40
num_played_games_for_player: SUCCESS, 22
add_player_cards: SUCCESS
get_partial_spirit: SUCCESS, 1,2,5,3,4
remove_team: FAILURE
get_partial_spirit: SUCCESS, 1,2,3,4,5
add_player: FAILURE
add_player: SUCCESS
add_player: FAILURE
add_player_cards: FAILURE
get_partial_spirit: SUCCESS, 4,3,2,5,1
get_player_cards: SUCCESS, 102
remove_team: FAILURE
get_partial_spirit: SUCCESS, 1,2,3,4,5
play_match: SUCCESS, 1
add_player: FAILURE
buy_team: SUCCESS
get_partial_spirit: SUCCESS, 1,2,3,4,5
get_partial_spirit: SUCCESS, 3,5,2,4,1
get_partial_spirit: SUCCESS, 3,5,4,1,2
get_team_points: SUCCESS, 0
buy_team: SUCCESS
buy_team: SUCCESS
get_partial_spirit: SUCCESS, 2,5,4,3,1
add_player_cards: SUCCESS
add_player: FAILURE
play_match: FAILURE
play_match: SUCCESS, 3
num_played_games_for_player: SUCCESS, 22
buy_team: SUCCESS
buy_team: SUCCESS
buy_team: SUCCESS
add_player_cards: SUCCESS
add_player: SUCCESS
get_player_cards: SUCCESS, 243
buy_team: SUCCESS
get_team_points: SUCCESS, 0
add_player: FAILURE
remove_team: FAILURE
add_player: FAILURE
play_match: FAILURE
get_team_points: FAILURE
get_ith_pointless_ability: SUCCESS, 50
add_player: FAILURE
get_player_cards: SUCCESS, 243
remove_team: FAILURE
add_team: FAILURE
add_player_cards: SUCCESS
get_partial_spirit: SUCCESS, 1,2,3,4,5
add_player: FAILURE
get_player_cards: SUCCESS, 45
play_match: FAILURE
buy_team: SUCCESS
get_player_cards: SUCCESS, 172
get_ith_pointless_ability: SUCCESS, 33
add_team: FAILURE
get_partial_spirit: SUCCESS, 3,2,5,4,1
add_player_cards: SUCCESS
add_player: SUCCESS
get_player_cards: SUCCESS, 48
add_player_cards: SUCCESS
buy_team: SUCCESS
get_partial_spirit: SUCCESS, 5,4,1,2,3
add_team: FAILURE
add_team: FAILURE
add_player_cards: SUCCESS
add_player_cards: SUCCESS
add_player: FAILURE
num_played_games_for_player: SUCCESS, 22
get_team_points: SUCCESS, 0
remove_team: FAILURE
play_match: FAILURE
num_played_games_for_player: SUCCESS, 22
get_player_cards: SUCCESS, 40
add_player: SUCCESS
add_player: FAILURE
remove_team: FAILURE
num_played_games_for_player: SUCCESS, 22
num_played_games_for_player: SUCCESS, 22
get_team_points: FAILURE
buy_team: SUCCESS
num_played_games_for_player: SUCCESS, 22
get_player_cards: SUCCESS, 222
get_partial_spirit: SUCCESS, 1,2,3,4,5
add_player_cards: SUCCESS
get_partial_spirit: SUCCESS, 1,2,3,4,5
num_played_games_for_player: SUCCESS, 22
add_player: SUCCESS
add_team: FAILURE
add_player_cards: SUCCESS
buy_team: SUCCESS
get_ith_pointless_ability: SUCCESS, 41
num_played_games_for_player: SUCCESS, 22
play_match: FAILURE
buy_team: SUCCESS
num_played_games_for_player: SUCCESS, 22
buy_team: SUCCESS
buy_team: SUCCESS
get_partial_spirit: FAILURE
num_played_games_for_player: SUCCESS, 22
play_match: FAILURE
add_player: FAILURE
get_ith_pointless_ability: SUCCESS, 34
add_team: FAILURE
add_player_cards: SUCCESS
add_player_cards: SUCCESS
get_player_cards: SUCCESS, 577
add_team: FAILURE
buy_team: SUCCESS
get_ith_pointless_ability: SUCCESS, 96
buy_team: SUCCESS
add_player: SUCCESS
get_ith_pointless_ability: SUCCESS, 70
num_played_games_for_player: SUCCESS, 22
add_player_cards: SUCCESS
add_player: FAILURE
get_ith_pointless_ability: SUCCESS, 5
remove_team: FAILURE
get_team_points: FAILURE
add_team: FAILURE
get_ith_pointless_ability: SUCCESS, 96
buy_team: SUCCESS
get_team_points: SUCCESS, 3
remove_team: FAILURE
get_partial_spirit: SUCCESS, 5,3,2,4,1
remove_team: FAILURE
get_player_cards: SUCCESS, 227
num_played_games_for_player: SUCCESS, 22
get_ith_pointless_ability: SUCCESS, 94
get_partial_spirit: FAILURE
get_partial_spirit: SUCCESS, 1,2,3,4,5
play_match: FAILURE
add_player: FAILURE
add_player: SUCCESS
get_player_cards: SUCCESS, 44
get_partial_spirit: SUCCESS, 4,5,1,2,3
add_player: FAILURE
add_player_cards: SUCCESS
add_player: FAILURE
get_team_points: SUCCESS, 0
play_match: FAILURE
get_player_cards: SUCCESS, 754
get_partial_spirit: SUCCESS, 2,4,1,3,5
add_team: FAILURE
add_player: FAILURE
buy_team: SUCCESS
buy_team: SUCCESS
get_ith_pointless_ability: SUCCESS, 31
get_partial_spirit: SUCCESS, 2,4,1,3,5
add_team: FAILURE
get_ith_pointless_ability: SUCCESS, 47
remove_team: FAILURE
play_match: FAILURE
add_player_cards: FAILURE
buy_team: SUCCESS
add_team: FAILURE
add_player: FAILURE
add_player: SUCCESS
add_player: SUCCESS
add_player: FAILURE
num_played_games_for_player: SUCCESS, 22
get_partial_spirit: SUCCESS, 5,1,3,4,2
buy_team: SUCCESS
add_player: SUCCESS
get_partial_spirit: SUCCESS, 1,5,3,2,4
add_player: FAILURE
remove_team: FAILURE
add_player: SUCCESS
add_player: FAILURE
get_ith_pointless_ability: SUCCESS, 5
play_match: FAILURE
get_ith_pointless_ability: SUCCESS, 5
get_ith_pointless_ability: SUCCESS, 24
get_ith_pointless_ability: SUCCESS, 34
get_team_points: SUCCESS, 0
get_player_cards: SUCCESS, 10
play_match: SUCCESS, 3
get_ith_pointless_ability: FAILURE
add_player_cards: SUCCESS
add_player: FAILURE
get_ith_pointless_ability: SUCCESS, 19
add_player: SUCCESS
add_player_cards: FAILURE
get_ith_pointless_ability: SUCCESS, 41
buy_team: SUCCESS
get_player_cards: SUCCESS, 151
play_match: SUCCESS, 3
add_team: FAILURE
add_team: FAILURE
add_player: SUCCESS
add_player_cards: FAILURE
get_ith_pointless_ability: SUCCESS, 62
add_team: FAILURE
add_player: FAILURE
add_player: FAILURE
buy_team: SUCCESS
num_played_games_for_player: SUCCESS, 22
num_played_games_for_player: SUCCESS, 22
add_player_cards: SUCCESS
remove_team: FAILURE
get_partial_spirit: SUCCESS, 1,2,3,4,5
get_player_cards: SUCCESS, 44
add_player: FAILURE
remove_team: FAILURE
buy_team: SUCCESS
get_partial_spirit: SUCCESS, 4,3,2,1,5
get_team_points: FAILURE
add_player: FAILURE
add_player_cards: SUCCESS
add_player: FAILURE
add_player_cards: SUCCESS
add_player_cards: SUCCESS
get_ith_pointless_ability: SUCCESS, 35
add_player: FAILURE
remove_team: FAILURE
num_played_games_for_player: SUCCESS, 22
get_partial_spirit: SUCCESS, 4,3,2,1,5
add_player_cards: SUCCESS
num_played_games_for_player: SUCCESS, 22
add_player: FAILURE
num_played_games_for_player: SUCCESS, 22
get_ith_pointless_ability: FAILURE
remove_team: FAILURE
add_player: FAILURE
get_player_cards: SUCCESS, 117
add_player: FAILURE
play_match: SUCCESS, 1
num_played_games_for_player: SUCCESS, 22
buy_team: SUCCESS
get_team_points: SUCCESS, 3
buy_team: SUCCESS
add_player: FAILURE
buy_team: SUCCESS
play_match: SUCCESS, 1
get_player_cards: SUCCESS, 102
num_played_games_for_player: SUCCESS, 22
add_player: FAILURE
remove_team: FAILURE
buy_team: SUCCESS
play_match: FAILURE
get_ith_pointless_ability: SUCCESS, 34
get_player_cards: SUCCESS, 283
add_player: FAILURE
remove_team: FAILURE
get_team_points: SUCCESS, 0
add_player_cards: SUCCESS
buy_team: SUCCESS
get_player_cards: SUCCESS, 299
play_match: SUCCESS, 3
add_player: FAILURE
get_ith_pointless_ability: SUCCESS, 83
num_played_games_for_player: SUCCESS, 22
get_player_cards: SUCCESS, 296
add_player_cards: SUCCESS
get_player_cards: SUCCESS, 102
buy_team: SUCCESS
add_player: FAILURE
remove_team: FAILURE
get_player_cards: SUCCESS, 87
add_player_cards: SUCCESS
add_player: FAILURE
remove_team: FAILURE
add_player: FAILURE
add_team: SUCCESS
add_team: FAILURE
get_team_points: FAILURE
get_partial_spirit: SUCCESS, 2,4,5,3,1
add_player_cards: SUCCESS
remove_team: FAILURE
play_match: FAILURE
num_played_games_for_player: SUCCESS, 22
get_ith_pointless_ability: SUCCESS, 79
remove_team: FAILURE
add_team: FAILURE
get_ith_pointless_ability: FAILURE
get_ith_pointless_ability: SUCCESS, 62
add_player: FAILURE
add_player: FAILURE
get_ith_pointless_ability: FAILURE
add_team: FAILURE
num_played_games_for_player: SUCCESS, 22
buy_team: SUCCESS
add_player: FAILURE
num_played_games_for_player: SUCCESS, 22
play_match: FAILURE
get_ith_pointless_ability: SUCCESS, 30
get_player_cards: SUCCESS, 115
add_player_cards: SUCCESS
add_player: FAILURE
get_team_points: SUCCESS, 3
remove_team: FAILURE
get_player_cards: SUCCESS, 218
play_match: SUCCESS, 1
remove_team: FAILURE
add_player: FAILURE
play_match: SUCCESS, 3
add_player_cards: FAILURE
buy_team: SUCCESS
get_ith_pointless_ability: SUCCESS, 16
get_team_points: FAILURE
play_match: SUCCESS, 1
get_partial_spirit: SUCCESS, 3,2,5,4,1
num_played_games_for_player: SUCCESS, 22
num_played_games_for_player: SUCCESS, 22
add_player_cards: SUCCESS
add_player: FAILURE
get_ith_pointless_ability: SUCCESS, 72
get_team_points: SUCCESS, 3
buy_team: SUCCESS
add_team: FAILURE
remove_team: FAILURE
buy_team: SUCCESS
get_ith_pointless_ability: SUCCESS, 7
add_player: FAILURE
num_played_games_for_player: SUCCESS, 22
get_team_points: SUCCESS, 0
add_player: FAILURE
get_ith_pointless_ability: SUCCESS, 35
add_player: FAILURE
add_player_cards: FAILURE
add_player: FAILURE
buy_team: SUCCESS
num_played_games_for_player: SUCCESS, 22
add_team: FAILURE
get_ith_pointless_ability: SUCCESS, 19
add_player: FAILURE
buy_team: SUCCESS
add_player: FAILURE
add_player: FAILURE
num_played_games_for_player: SUCCESS, 22
add_player: FAILURE
get_partial_spirit: FAILURE
remove_team: FAILURE
add_player: FAILURE
get_team_points: SUCCESS, 0
add_player: FAILURE
add_player: FAILURE
add_player_cards: SUCCESS
num_played_games_for_player: SUCCESS, 22
get_partial_spirit: SUCCESS, 1,2,3,4,5
add_player: FAILURE
add_player: FAILURE
remove_team: FAILURE
buy_team: SUCCESS
get_player_cards: SUCCESS, 156
buy_team: SUCCESS
remove_team: FAILURE
remove_team: FAILURE
add_player_cards: SUCCESS
add_player: FAILURE
add_player_cards: FAILURE
buy_team: SUCCESS
get_partial_spirit: SUCCESS, 1,2,5,3,4
get_ith_pointless_ability: SUCCESS, 24
remove_team: FAILURE
get_ith_pointless_ability: FAILURE
get_ith_pointless_ability: FAILURE
buy_team: SUCCESS
add_player: FAILURE
get_player_cards: SUCCESS, 68
add_team: FAILURE
get_partial_spirit: SUCCESS, 1,2,5,3,4
add_player: FAILURE
get_ith_pointless_ability: FAILURE
num_played_games_for_player: SUCCESS, 22
add_player: FAILURE
buy_team: SUCCESS
add_player: FAILURE
add_player: FAILURE
get_player_cards: SUCCESS, 293
get_team_points: FAILURE
get_partial_spirit: SUCCESS, 1,2,3,4,5
get_partial_spirit: SUCCESS, 5,2,4,3,1
get_partial_spirit: FAILURE
add_team: FAILURE
add_player: FAILURE
get_player_cards: SUCCESS, 68
get_player_cards: SUCCESS, 175
add_player_cards: SUCCESS
get_partial_spirit: SUCCESS, 1,2,3,4,5
num_played_games_for_player: SUCCESS, 22
get_ith_pointless_ability: FAILURE
add_player_cards: SUCCESS
add_player: FAILURE
add_player_cards: FAILURE
add_player: FAILURE
add_player: FAILURE
remove_team: FAILURE
add_player: FAILURE
add_team: FAILURE
play_match: FAILURE
add_team: FAILURE
get_partial_spirit: SUCCESS, 2,4,1,3,5
get_partial_spirit: FAILURE
get_team_points: FAILURE
add_team: FAILURE
get_partial_spirit: SUCCESS, 1,5,3,2,4
get_ith_pointless_ability: SUCCESS, 62
play_match: FAILURE
play_match: FAILURE
get_partial_spirit: SUCCESS, 5,2,4,3,1
get_ith_pointless_ability: SUCCESS, 79
num_played_games_for_player: SUCCESS, 22
add_player_cards: SUCCESS
play_match: FAILURE
add_player: FAILURE
