add_team: SUCCESS
add_team: SUCCESS
add_team: SUCCESS
add_team: SUCCESS
add_team: SUCCESS
add_team: SUCCESS
add_team: SUCCESS
add_team: SUCCESS
add_team: SUCCESS
add_team: SUCCESS
add_team: SUCCESS
add_team: SUCCESS
add_team: SUCCESS
add_team: SUCCESS
add_team: SUCCESS
add_team: SUCCESS
add_team: SUCCESS
add_team: SUCCESS
add_team: SUCCESS
add_team: SUCCESS
add_team: SUCCESS
add_team: SUCCESS
add_team: SUCCESS
add_team: SUCCESS
add_team: SUCCESS
add_team: SUCCESS
add_team: SUCCESS
add_team: SUCCESS
add_team: SUCCESS
add_team: SUCCESS
add_team: SUCCESS
add_team: SUCCESS
add_team: SUCCESS
add_team: SUCCESS
add_team: SUCCESS
add_team: SUCCESS
add_team: SUCCESS
add_team: SUCCESS
add_team: SUCCESS
add_team: SUCCESS
add_team: SUCCESS
add_team: SUCCESS
add_team: SUCCESS
add_team: SUCCESS
add_team: SUCCESS
add_team: SUCCESS
add_team: SUCCESS
add_team: SUCCESS
add_team: SUCCESS
add_team: SUCCESS
add_team: SUCCESS
add_team: SUCCESS
add_team: SUCCESS
add_team: SUCCESS
add_team: SUCCESS
add_team: SUCCESS
add_team: SUCCESS
add_team: SUCCESS
add_team: SUCCESS
add_team: SUCCESS
add_team: SUCCESS
add_team: SUCCESS
add_team: SUCCESS
add_team: SUCCESS
add_team: SUCCESS
add_team: SUCCESS
add_team: SUCCESS
add_team: SUCCESS
add_team: SUCCESS
add_team: SUCCESS
add_team: SUCCESS
add_team: SUCCESS
add_team: SUCCESS
add_team: SUCCESS
add_team: SUCCESS
add_team: SUCCESS
add_team: SUCCESS
add_team: SUCCESS
add_team: SUCCESS
add_team: SUCCESS
add_team: SUCCESS
add_team: SUCCESS
add_team: SUCCESS
add_team: SUCCESS
add_team: SUCCESS
add_team: SUCCESS
add_team: SUCCESS
add_team: SUCCESS
add_team: SUCCESS
add_team: SUCCESS
add_team: SUCCESS
add_team: SUCCESS
add_team: SUCCESS
add_team: SUCCESS
add_team: SUCCESS
add_team: SUCCESS
add_team: SUCCESS
add_team: SUCCESS
add_team: SUCCESS
add_team: SUCCESS
add_player: SUCCESS
add_player: SUCCESS
add_player: SUCCESS
add_player: SUCCESS
add_player: SUCCESS
add_player: SUCCESS
add_player: SUCCESS
add_player: SUCCESS
add_player: SUCCESS
add_player: SUCCESS
add_player: SUCCESS
add_player: SUCCESS
add_player: SUCCESS
add_player: SUCCESS
add_player: SUCCESS
add_player: SUCCESS
add_player: SUCCESS
add_player: SUCCESS
add_player: SUCCESS
add_player: SUCCESS
add_player: SUCCESS
add_player: SUCCESS
add_player: SUCCESS
add_player: SUCCESS
add_player: SUCCESS
add_player: SUCCESS
add_player: SUCCESS
add_player: SUCCESS
add_player: SUCCESS
add_player: SUCCESS
add_player: SUCCESS
add_player: SUCCESS
add_player: SUCCESS
add_player: SUCCESS
add_player: SUCCESS
add_player: SUCCESS
add_player: SUCCESS
add_player: SUCCESS
add_player: SUCCESS
add_player: SUCCESS
add_player: SUCCESS
add_player: SUCCESS
add_player: SUCCESS
add_player: SUCCESS
add_player: SUCCESS
add_player: SUCCESS
add_player: SUCCESS
add_player: SUCCESS
add_player: SUCCESS
add_player: SUCCESS
add_player: SUCCESS
add_player: SUCCESS
add_player: SUCCESS
add_player: SUCCESS
add_player: SUCCESS
add_player: SUCCESS
add_player: SUCCESS
add_player: SUCCESS
add_player: SUCCESS
add_player: SUCCESS
add_player: SUCCESS
add_player: SUCCESS
add_player: SUCCESS
add_player: SUCCESS
add_player: SUCCESS
add_player: SUCCESS
add_player: SUCCESS
add_player: SUCCESS
add_player: SUCCESS
add_player: SUCCESS
add_player: SUCCESS
add_player: SUCCESS
add_player: SUCCESS
add_player: SUCCESS
add_player: SUCCESS
add_player: SUCCESS
add_player: SUCCESS
add_player: SUCCESS
add_player: SUCCESS
add_player: SUCCESS
add_player: SUCCESS
add_player: SUCCESS
add_player: SUCCESS
add_player: SUCCESS
add_player: SUCCESS
add_player: SUCCESS
add_player: SUCCESS
add_player: SUCCESS
add_player: SUCCESS
add_player: SUCCESS
add_player: SUCCESS
add_player: SUCCESS
add_player: SUCCESS
add_player: SUCCESS
add_player: SUCCESS
add_player: SUCCESS
add_player: SUCCESS
add_player: SUCCESS
add_player: SUCCESS
add_player: SUCCESS
add_team: SUCCESS
remove_team: FAILURE
get_ith_pointless_ability: SUCCESS, 85
get_partial_spirit: SUCCESS, 1,2,3,4,5
add_player: SUCCESS
get_ith_pointless_ability: FAILURE
buy_team: SUCCESS
get_team_points: SUCCESS, 0
add_player: SUCCESS
play_match: FAILURE
add_player: SUCCESS
get_team_points: SUCCESS, 0
add_team: FAILURE
add_team: FAILURE
remove_team: FAILURE
remove_team: FAILURE
get_player_cards: SUCCESS, 226
add_team: FAILURE
add_player_cards: SUCCESS
get_ith_pointless_ability: FAILURE
get_ith_pointless_ability: FAILURE
get_team_points: SUCCESS, 0
remove_team: FAILURE
add_player: SUCCESS
add_player: SUCCESS
add_team: FAILURE
add_player: SUCCESS
add_player: SUCCESS
get_team_points: SUCCESS, 0
buy_team: SUCCESS
get_team_points: SUCCESS, 0
add_player_cards: SUCCESS
remove_team: FAILURE
remove_team: FAILURE
get_team_points: SUCCESS, 0
add_player: SUCCESS
add_player: SUCCESS
add_player: SUCCESS
get_team_points: SUCCESS, 0
get_player_cards: SUCCESS, 67
add_team: FAILURE
add_team: FAILURE
get_player_cards: SUCCESS, 158
play_match: FAILURE
get_player_cards: SUCCESS, 11
add_player: SUCCESS
buy_team: SUCCESS
add_player: SUCCESS
add_team: FAILURE
get_partial_spirit: SUCCESS, 3,4,1,5,2
num_played_games_for_player: SUCCESS, 22
buy_team: SUCCESS
add_player: SUCCESS
add_team: FAILURE
play_match: FAILURE
num_played_games_for_player: SUCCESS, 22
get_ith_pointless_ability: SUCCESS, 3
add_player: SUCCESS
remove_team: FAILURE
buy_team: SUCCESS
add_player: SUCCESS
add_player: SUCCESS
get_partial_spirit: SUCCESS, 2,5,1,3,4
play_match: FAILURE
get_partial_spirit: SUCCESS, 1,2,3,4,5
get_partial_spirit: SUCCESS, 3,2,1,5,4
get_team_points: SUCCESS, 0
buy_team: SUCCESS
add_player: SUCCESS
add_player: SUCCESS
add_player_cards: SUCCESS
buy_team: SUCCESS
add_player_cards: SUCCESS
add_player: SUCCESS
get_partial_spirit: SUCCESS, 1,2,3,4,5
add_player_cards: SUCCESS
get_player_cards: SUCCESS, 1
get_ith_pointless_ability: SUCCESS, 64
get_player_cards: SUCCESS, 138
buy_team: SUCCESS
num_played_games_for_player: SUCCESS, 22
num_played_games_for_player: SUCCESS, 22
add_player: SUCCESS
add_team: FAILURE
get_team_points: SUCCESS, 0
play_match: FAILURE
add_player_cards: SUCCESS
add_player: SUCCESS
play_match: FAILURE
play_match: FAILURE
get_team_points: SUCCESS, 0
add_player: FAILURE
buy_team: SUCCESS
remove_team: FAILURE
add_player: SUCCESS
play_match: FAILURE
play_match: SUCCESS, 3
num_played_games_for_player: SUCCESS, 22
add_player_cards: SUCCESS
play_match: FAILURE
get_ith_pointless_ability: SUCCESS, 69
get_player_cards: SUCCESS, 356
add_player_cards: SUCCESS
add_player: SUCCESS
add_player: SUCCESS
get_player_cards: SUCCESS, 252
buy_team: SUCCESS
add_player: SUCCESS
add_team: FAILURE
buy_team: SUCCESS
add_player: SUCCESS
add_team: FAILURE
buy_team: SUCCESS
add_player_cards: SUCCESS
add_player: SUCCESS
add_player: FAILURE
get_team_points: SUCCESS, 0
add_player: SUCCESS
get_partial_spirit: SUCCESS, 1,5,4,2,3
buy_team: SUCCESS
add_player: SUCCESS
get_team_points: SUCCESS, 0
add_player: SUCCESS
add_team: FAILURE
get_partial_spirit: SUCCESS, 1,2,3,4,5
buy_team: SUCCESS
get_ith_pointless_ability: FAILURE
get_partial_spirit: SUCCESS, 1,4,5,2,3
num_played_games_for_player: SUCCESS, 22
get_team_points: SUCCESS, 0
remove_team: FAILURE
num_played_games_for_player: SUCCESS, 22
get_team_points: SUCCESS, 0
add_player: SUCCESS
add_player: SUCCESS
add_player: SUCCESS
num_played_games_for_player: SUCCESS, 22
get_partial_spirit: SUCCESS, 1,3,4,5,2
play_match: FAILURE
get_partial_spirit: SUCCESS, 1,2,3,4,5
add_player: SUCCESS
buy_team: SUCCESS
get_ith_pointless_ability: FAILURE
add_player: SUCCESS
get_team_points: SUCCESS, 0
play_match: SUCCESS, 1
add_player: SUCCESS
remove_team: FAILURE
remove_team: FAILURE
add_player: SUCCESS
num_played_games_for_player: SUCCESS, 22
add_team: FAILURE
add_player: SUCCESS
play_match: FAILURE
buy_team: SUCCESS
get_team_points: SUCCESS, 0
add_team: FAILURE
get_team_points: SUCCESS, 0
get_player_cards: SUCCESS, 9
add_team: FAILURE
add_player: SUCCESS
play_match: SUCCESS, 1
add_player: SUCCESS
get_ith_pointless_ability: SUCCESS, 35
num_played_games_for_player: SUCCESS, 22
add_player_cards: SUCCESS
get_ith_pointless_ability: SUCCESS, 88
add_player: SUCCESS
add_player: SUCCESS
add_team: FAILURE
add_player: SUCCESS
get_player_cards: SUCCESS, 28
add_player: SUCCESS
get_team_points: SUCCESS, 0
add_player: SUCCESS
get_team_points: SUCCESS, 0
add_player: SUCCESS
get_partial_spirit: SUCCESS, 5,2,1,3,4
add_player_cards: SUCCESS
buy_team: SUCCESS
remove_team: FAILURE
play_match: FAILURE
buy_team: SUCCESS
get_team_points: SUCCESS, 0
get_player_cards: SUCCESS, 276
get_ith_pointless_ability: FAILURE
add_player: SUCCESS
add_player: SUCCESS
get_partial_spirit: SUCCESS, 1,2,3,4,5
get_team_points: SUCCESS, 0
buy_team: SUCCESS
add_player: SUCCESS
get_partial_spirit: SUCCESS, 1,2,3,4,5
get_player_cards: SUCCESS, 12
add_player: FAILURE
add_team: FAILURE
get_player_cards: SUCCESS, 7
add_team: FAILURE
add_player_cards: SUCCESS
get_player_cards: SUCCESS, 273
get_team_points: SUCCESS, 0
num_played_games_for_player: SUCCESS, 22
num_played_games_for_player: SUCCESS, 22
get_ith_pointless_ability: SUCCESS, 19
add_player: SUCCESS
play_match: FAILURE
add_player_cards: SUCCESS
play_match: FAILURE
add_player: SUCCESS
add_player: SUCCESS
add_player_cards: SUCCESS
add_player: FAILURE
get_ith_pointless_ability: SUCCESS, 30
remove_team: FAILURE
add_player: SUCCESS
add_player: SUCCESS
get_ith_pointless_ability: FAILURE
add_player: SUCCESS
buy_team: SUCCESS
add_player: FAILURE
get_partial_spirit: SUCCESS, 2,1,4,3,5
play_match: SUCCESS, 1
get_partial_spirit: SUCCESS, 5,4,1,2,3
get_partial_spirit: SUCCESS, 1,2,3,4,5
add_player: SUCCESS
get_player_cards: SUCCESS, 187
add_player: FAILURE
get_ith_pointless_ability: FAILURE
add_player: SUCCESS
get_team_points: SUCCESS, 0
add_team: FAILURE
buy_team: SUCCESS
add_player: SUCCESS
get_team_points: SUCCESS, 0
add_player: SUCCESS
add_player_cards: SUCCESS
play_match: FAILURE
add_player_cards: SUCCESS
add_player: FAILURE
add_player: SUCCESS
get_team_points: SUCCESS, 0
remove_team: FAILURE
get_player_cards: SUCCESS, 252
num_played_games_for_player: SUCCESS, 22
add_player: SUCCESS
add_player: SUCCESS
play_match: FAILURE
num_played_games_for_player: SUCCESS, 22
add_player: SUCCESS
add_player: FAILURE
play_match: FAILURE
remove_team: FAILURE
add_player_cards: SUCCESS
remove_team: FAILURE
remove_team: FAILURE
add_team: FAILURE
get_partial_spirit: SUCCESS, 2,1,5,4,3
add_player: SUCCESS
get_player_cards: SUCCESS, 180
remove_team: FAILURE
add_player: SUCCESS
buy_team: SUCCESS
play_match: FAILURE
add_team: FAILURE
get_partial_spirit: SUCCESS, 1,2,3,4,5
add_player: FAILURE
add_player: FAILURE
add_player: SUCCESS
get_player_cards: SUCCESS, 30
get_player_cards: SUCCESS, 128
get_partial_spirit: SUCCESS, 5,3,1,2,4
add_team: FAILURE
add_team: FAILURE
play_match: FAILURE
add_player: SUCCESS
get_ith_pointless_ability: SUCCESS, 9
play_match: SUCCESS, 3
add_player: FAILURE
add_player_cards: SUCCESS
buy_team: SUCCESS
buy_team: SUCCESS
num_played_games_for_player: SUCCESS, 22
play_match: FAILURE
add_player: SUCCESS
add_player: SUCCESS
play_match: FAILURE
num_played_games_for_player: SUCCESS, 22
add_player_cards: SUCCESS
add_player: SUCCESS
play_match: FAILURE
get_team_points: SUCCESS, 0
get_partial_spirit: SUCCESS, 2,3,5,1,4
add_player_cards: SUCCESS
add_player: SUCCESS
add_player_cards: SUCCESS
add_player: SUCCESS
add_team: FAILURE
get_partial_spirit: SUCCESS, 1,2,3,4,5
add_player: SUCCESS
get_player_cards: SUCCESS, 71
buy_team: SUCCESS
play_match: FAILURE
add_player: SUCCESS
add_player: SUCCESS
add_player: SUCCESS
add_player: SUCCESS
get_player_cards: SUCCESS, 236
add_team: FAILURE
play_match: FAILURE
get_player_cards: SUCCESS, 87
buy_team: SUCCESS
add_player: FAILURE
num_played_games_for_player: SUCCESS, 22
play_match: FAILURE
get_partial_spirit: SUCCESS, 1,2,3,4,5
remove_team: FAILURE
get_ith_pointless_ability: SUCCESS, 60
get_ith_pointless_ability: FAILURE
remove_team: FAILURE
add_player: SUCCESS
add_player: FAILURE
get_player_cards: SUCCESS, 17
add_team: FAILURE
get_player_cards: SUCCESS, 247
add_player: SUCCESS
num_played_games_for_player: SUCCESS, 22
add_player_cards: SUCCESS
get_partial_spirit: SUCCESS, 1,2,3,4,5
add_team: FAILURE
add_player: FAILURE
buy_team: SUCCESS
play_match: SUCCESS, 1
get_team_points: SUCCESS, 0
get_ith_pointless_ability: FAILURE
add_player: FAILURE
add_player: SUCCESS
play_match: SUCCESS, 1
get_ith_pointless_ability: SUCCESS, 51
get_team_points: SUCCESS, 0
get_team_points: SUCCESS, 0
get_partial_spirit: SUCCESS, 1,2,3,4,5
add_player: SUCCESS
add_player: SUCCESS
add_player_cards: SUCCESS
add_player: SUCCESS
add_player: SUCCESS
add_player: FAILURE
get_player_cards: SUCCESS, 257
add_player: SUCCESS
get_team_points: SUCCESS, 0
add_team: FAILURE
buy_team: SUCCESS
add_player: FAILURE
get_ith_pointless_ability: SUCCESS, 62
add_player: SUCCESS
add_player_cards: SUCCESS
remove_team: FAILURE
add_team: FAILURE
buy_team: SUCCESS
num_played_games_for_player: SUCCESS, 22
get_partial_spirit: SUCCESS, 5,2,3,4,1
get_partial_spirit: SUCCESS, 1,2,3,4,5
add_player_cards: SUCCESS
num_played_games_for_player: SUCCESS, 22
remove_team: FAILURE
add_team: FAILURE
play_match: FAILURE
get_team_points: SUCCESS, 0
get_team_points: SUCCESS, 3
add_team: FAILURE
play_match: SUCCESS, 3
add_player: FAILURE
get_team_points: SUCCESS, 0
get_player_cards: SUCCESS, 443
get_partial_spirit: FAILURE
add_player_cards: SUCCESS
remove_team: FAILURE
remove_team: FAILURE
add_player: SUCCESS
add_player: SUCCESS
get_ith_pointless_ability: SUCCESS, 79
add_player: SUCCESS
get_partial_spirit: SUCCESS, 1,4,3,5,2
num_played_games_for_player: SUCCESS, 22
add_player: SUCCESS
add_player: SUCCESS
buy_team: SUCCESS
add_player_cards: SUCCESS
get_ith_pointless_ability: SUCCESS, 80
get_ith_pointless_ability: SUCCESS, 11
buy_team: SUCCESS
get_player_cards: SUCCESS, 274
play_match: FAILURE
add_team: FAILURE
remove_team: FAILURE
num_played_games_for_player: SUCCESS, 22
num_played_games_for_player: SUCCESS, 22
get_team_points: SUCCESS, 0
get_team_points: SUCCESS, 0
num_played_games_for_player: SUCCESS, 22
num_played_games_for_player: SUCCESS, 22
add_player_cards: SUCCESS
add_team: FAILURE
buy_team: SUCCESS
get_ith_pointless_ability: SUCCESS, 67
buy_team: SUCCESS
add_player: SUCCESS
add_player: SUCCESS
add_player_cards: SUCCESS
get_ith_pointless_ability: FAILURE
add_team: FAILURE
play_match: SUCCESS, 3
get_player_cards: SUCCESS, 30
get_partial_spirit: SUCCESS, 3,2,4,5,1
add_player_cards: SUCCESS
add_player: SUCCESS
get_team_points: SUCCESS, 0
get_ith_pointless_ability: SUCCESS, 41
add_player: SUCCESS
add_player: SUCCESS
buy_team: SUCCESS
buy_team: SUCCESS
get_partial_spirit: SUCCESS, 4,3,5,2,1
add_player: SUCCESS
get_ith_pointless_ability: SUCCESS, 19
get_team_points: SUCCESS, 0
add_player_cards: SUCCESS
get_partial_spirit: FAILURE
add_player: SUCCESS
get_ith_pointless_ability: SUCCESS, 100
get_partial_spirit: SUCCESS, 1,2,3,4,5
get_player_cards: SUCCESS, 274
get_team_points: SUCCESS, 0
num_played_games_for_player: SUCCESS, 22
remove_team: FAILURE
get_player_cards: SUCCESS, 105
buy_team: SUCCESS
add_player_cards: SUCCESS
num_played_games_for_player: SUCCESS, 22
add_player: SUCCESS
add_player: FAILURE
add_player_cards: SUCCESS
add_team: FAILURE
add_player: FAILURE
get_partial_spirit: SUCCESS, 3,2,1,5,4
add_player_cards: SUCCESS
add_player: SUCCESS
add_player_cards: SUCCESS
buy_team: SUCCESS
add_team: FAILURE
add_player: SUCCESS
add_player: SUCCESS
add_player: SUCCESS
buy_team: SUCCESS
add_player_cards: SUCCESS
add_team: FAILURE
play_match: FAILURE
get_ith_pointless_ability: SUCCESS, 21
get_player_cards: SUCCESS, 257
buy_team: SUCCESS
buy_team: SUCCESS
add_player: SUCCESS
remove_team: FAILURE
add_player: SUCCESS
buy_team: SUCCESS
add_player: FAILURE
get_team_points: SUCCESS, 0
add_player: FAILURE
get_team_points: FAILURE
buy_team: SUCCESS
add_player_cards: SUCCESS
add_player: SUCCESS
add_player_cards: SUCCESS
add_player: SUCCESS
num_played_games_for_player: SUCCESS, 22
add_player: SUCCESS
buy_team: SUCCESS
num_played_games_for_player: SUCCESS, 22
get_partial_spirit: SUCCESS, 1,2,3,4,5
add_player: FAILURE
get_player_cards: SUCCESS, 188
add_team: FAILURE
get_ith_pointless_ability: SUCCESS, 80
add_player: SUCCESS
buy_team: SUCCESS
buy_team: SUCCESS
add_player: SUCCESS
get_ith_pointless_ability: SUCCESS, 80
remove_team: FAILURE
play_match: FAILURE
add_player: FAILURE
get_team_points: SUCCESS, 0
add_player: SUCCESS
get_partial_spirit: SUCCESS, 1,2,3,4,5
num_played_games_for_player: SUCCESS, 22
num_played_games_for_player: SUCCESS, 22
buy_team: SUCCESS
add_player_cards: SUCCESS
add_player: SUCCESS
get_ith_pointless_ability: FAILURE
buy_team: SUCCESS
add_player: FAILURE
remove_team: FAILURE
add_team: FAILURE
add_team: FAILURE
num_played_games_for_player: SUCCESS, 22
add_player: SUCCESS
get_team_points: SUCCESS, 0
get_player_cards: SUCCESS, 33
get_team_points: SUCCESS, 0
get_partial_spirit: SUCCESS, 5,1,3,4,2
add_team: FAILURE
get_team_points: SUCCESS, 0
num_played_games_for_player: SUCCESS, 22
num_played_games_for_player: SUCCESS, 22
add_team: FAILURE
add_player: SUCCESS
get_ith_pointless_ability: SUCCESS, 79
add_player: FAILURE
add_player: SUCCESS
play_match: SUCCESS, 3
num_played_games_for_player: SUCCESS, 22
remove_team: FAILURE
play_match: SUCCESS, 1
add_player: SUCCESS
add_player: SUCCESS
num_played_games_for_player: SUCCESS, 22
add_player_cards: SUCCESS
get_partial_spirit: FAILURE
num_played_games_for_player: SUCCESS, 22
get_player_cards: SUCCESS, 33
add_player_cards: SUCCESS
remove_team: FAILURE
add_team: FAILURE
add_player: SUCCESS
add_player: SUCCESS
add_player: SUCCESS
add_player: FAILURE
get_partial_spirit: SUCCESS, 1,2,3,4,5
play_match: SUCCESS, 3
add_team: FAILURE
play_match: SUCCESS, 3
get_partial_spirit: SUCCESS, 5,1,4,3,2
get_player_cards: SUCCESS, 511
get_ith_pointless_ability: SUCCESS, 17
get_player_cards: SUCCESS, 482
add_player: FAILURE
add_player: SUCCESS
add_player: SUCCESS
add_team: FAILURE
get_partial_spirit: SUCCESS, 5,1,3,4,2
add_player: FAILURE
get_player_cards: SUCCESS, 28
get_team_points: SUCCESS, 0
add_player_cards: SUCCESS
get_ith_pointless_ability: SUCCESS, 40
add_team: FAILURE
play_match: FAILURE
get_partial_spirit: SUCCESS, 1,2,3,4,5
add_team: FAILURE
num_played_games_for_player: SUCCESS, 22
add_player: SUCCESS
add_player: SUCCESS
num_played_games_for_player: SUCCESS, 22
buy_team: SUCCESS
add_player: FAILURE
play_match: SUCCESS, 1
get_ith_pointless_ability: SUCCESS, 39
get_ith_pointless_ability: FAILURE
remove_team: FAILURE
num_played_games_for_player: SUCCESS, 22
buy_team: SUCCESS
get_partial_spirit: SUCCESS, 5,1,3,4,2
play_match: SUCCESS, 3
add_player_cards: SUCCESS
get_partial_spirit: SUCCESS, 1,2,3,4,5
buy_team: SUCCESS
get_player_cards: SUCCESS, 293
buy_team: SUCCESS
buy_team: SUCCESS
get_player_cards: SUCCESS, 340
play_match: FAILURE
num_played_games_for_player: SUCCESS, 22
add_team: FAILURE
get_ith_pointless_ability: SUCCESS, 62
add_player: SUCCESS
add_player_cards: SUCCESS
get_ith_pointless_ability: FAILURE
get_partial_spirit: SUCCESS, 1,2,3,4,5
add_team: FAILURE
get_partial_spirit: FAILURE
get_player_cards: SUCCESS, 15
add_player: FAILURE
get_partial_spirit: FAILURE
add_player: FAILURE
add_player: SUCCESS
play_match: SUCCESS, 3
play_match: FAILURE
add_player_cards: SUCCESS
add_player: SUCCESS
get_partial_spirit: SUCCESS, 4,3,2,5,1
play_match: SUCCESS, 3
remove_team: FAILURE
num_played_games_for_player: SUCCESS, 22
buy_team: SUCCESS
get_partial_spirit: SUCCESS, 3,1,4,2,5
add_player_cards: SUCCESS
num_played_games_for_player: SUCCESS, 22
get_partial_spirit: FAILURE
add_player: SUCCESS
play_match: SUCCESS, 1
get_player_cards: SUCCESS, 10
add_player: FAILURE
get_team_points: SUCCESS, 0
add_player: SUCCESS
buy_team: SUCCESS
buy_team: SUCCESS
get_team_points: SUCCESS, 3
get_partial_spirit: SUCCESS, 4,3,1,2,5
get_player_cards: SUCCESS, 435
add_player: SUCCESS
get_player_cards: SUCCESS, 235
buy_team: SUCCESS
add_player: FAILURE
buy_team: SUCCESS
get_partial_spirit: SUCCESS, 1,2,3,4,5
remove_team: FAILURE
get_player_cards: SUCCESS, 222
add_player: SUCCESS
add_team: FAILURE
get_player_cards: SUCCESS, 340
get_partial_spirit: SUCCESS, 2,4,3,1,5
buy_team: SUCCESS
get_player_cards: SUCCESS, 283
play_match: FAILURE
add_player: SUCCESS
play_match: SUCCESS, 3
add_player: FAILURE
add_team: FAILURE
get_player_cards: SUCCESS, 287
buy_team: SUCCESS
add_team: FAILURE
add_player: FAILURE
add_player: FAILURE
get_team_points: SUCCESS, 0
num_played_games_for_player: SUCCESS, 22
add_player: SUCCESS
num_played_games_for_player: SUCCESS, 22
add_team: FAILURE
play_match: FAILURE
add_player_cards: SUCCESS
add_player: FAILURE
get_team_points: SUCCESS, 0
get_partial_spirit: SUCCESS, 1,5,4,2,3
add_player_cards: SUCCESS
get_partial_spirit: SUCCESS, 1,2,3,4,5
add_player_cards: SUCCESS
get_partial_spirit: SUCCESS, 5,3,4,1,2
play_match: FAILURE
add_player: FAILURE
buy_team: SUCCESS
get_player_cards: SUCCESS, 7
play_match: FAILURE
add_player_cards: SUCCESS
get_partial_spirit: SUCCESS, 1,2,3,4,5
get_partial_spirit: SUCCESS, 1,2,3,4,5
add_team: FAILURE
get_ith_pointless_ability: SUCCESS, 15
buy_team: SUCCESS
add_player: SUCCESS
get_ith_pointless_ability: SUCCESS, 15
get_player_cards: SUCCESS, 466
add_player: SUCCESS
play_match: SUCCESS, 3
buy_team: SUCCESS
play_match: SUCCESS, 1
remove_team: FAILURE
add_team: FAILURE
get_ith_pointless_ability: SUCCESS, 68
play_match: SUCCESS, 3
add_player_cards: SUCCESS
add_team: FAILURE
get_ith_pointless_ability: SUCCESS, 63
get_ith_pointless_ability: SUCCESS, 24
add_player: FAILURE
get_ith_pointless_ability: SUCCESS, 40
buy_team: SUCCESS
get_partial_spirit: SUCCESS, 1,2,3,4,5
add_player: FAILURE
buy_team: SUCCESS
get_team_points: FAILURE
add_player_cards: SUCCESS
add_player: FAILURE
play_match: SUCCESS, 3
add_team: FAILURE
get_player_cards: SUCCESS, 283
add_player_cards: FAILURE
add_player: SUCCESS
get_ith_pointless_ability: SUCCESS, 55
get_partial_spirit: SUCCESS, 1,2,3,4,5
play_match: SUCCESS, 1
get_team_points: SUCCESS, 0
get_ith_pointless_ability: FAILURE
num_played_games_for_player: SUCCESS, 22
buy_team: SUCCESS
add_player: SUCCESS
get_partial_spirit: SUCCESS, 2,1,4,3,5
add_player: FAILURE
get_player_cards: SUCCESS, 57
add_player_cards: SUCCESS
play_match: SUCCESS, 1
buy_team: SUCCESS
buy_team: SUCCESS
get_player_cards: SUCCESS, 204
add_player_cards: SUCCESS
buy_team: SUCCESS
add_player: SUCCESS
buy_team: SUCCESS
add_player: FAILURE
remove_team: FAILURE
add_team: FAILURE
add_player: SUCCESS
add_player: SUCCESS
get_ith_pointless_ability: SUCCESS, 62
buy_team: SUCCESS
add_player: FAILURE
num_played_games_for_player: SUCCESS, 22
get_partial_spirit: FAILURE
add_player_cards: SUCCESS
add_player: SUCCESS
add_player: FAILURE
add_player: FAILURE
get_team_points: SUCCESS, 6
buy_team: SUCCESS
buy_team: SUCCESS
play_match: SUCCESS, 1
add_player: SUCCESS
add_player: SUCCESS
add_player: FAILURE
get_player_cards: SUCCESS, 9
get_player_cards: SUCCESS, 435
add_player_cards: SUCCESS
get_team_points: SUCCESS, 0
add_player: FAILURE
get_team_points: SUCCESS, 0
add_player_cards: SUCCESS
add_player: SUCCESS
get_player_cards: SUCCESS, 181
add_team: FAILURE
get_team_points: SUCCESS, 0
add_player: SUCCESS
get_player_cards: SUCCESS, 116
add_player_cards: SUCCESS
add_player_cards: SUCCESS
play_match: SUCCESS, 1
add_player: SUCCESS
add_player: SUCCESS
add_team: FAILURE
buy_team: SUCCESS
add_team: FAILURE
play_match: FAILURE
buy_team: SUCCESS
add_player: FAILURE
add_player_cards: SUCCESS
add_player: SUCCESS
num_played_games_for_player: SUCCESS, 22
get_ith_pointless_ability: SUCCESS, 64
add_player: SUCCESS
play_match: SUCCESS, 3
num_played_games_for_player: SUCCESS, 22
add_player: SUCCESS
get_player_cards: SUCCESS, 481
play_match: FAILURE
add_team: FAILURE
buy_team: SUCCESS
num_played_games_for_player: SUCCESS, 22
get_player_cards: SUCCESS, 7
num_played_games_for_player: SUCCESS, 22
remove_team: FAILURE
add_team: FAILURE
add_player: SUCCESS
get_partial_spirit: SUCCESS, 1,2,3,4,5
get_ith_pointless_ability: SUCCESS, 100
add_player: SUCCESS
add_player: FAILURE
add_player: SUCCESS
get_team_points: SUCCESS, 3
play_match: SUCCESS, 3
remove_team: FAILURE
get_team_points: SUCCESS, 3
add_player: SUCCESS
num_played_games_for_player: SUCCESS, 22
remove_team: FAILURE
remove_team: FAILURE
add_team: FAILURE
get_ith_pointless_ability: SUCCESS, 40
buy_team: SUCCESS
buy_team: SUCCESS
get_ith_pointless_ability: SUCCESS, 20
get_ith_pointless_ability: SUCCESS, 89
buy_team: SUCCESS
add_player: SUCCESS
add_player: SUCCESS
play_match: SUCCESS, 1
add_player: SUCCESS
buy_team: SUCCESS
add_team: FAILURE
add_player: FAILURE
add_player: SUCCESS
add_player: SUCCESS
add_team: FAILURE
remove_team: FAILURE
add_player: FAILURE
add_player_cards: SUCCESS
buy_team: SUCCESS
get_team_points: SUCCESS, 0
buy_team: SUCCESS
get_ith_pointless_ability: SUCCESS, 88
add_player: FAILURE
add_player: SUCCESS
play_match: SUCCESS, 3
play_match: SUCCESS, 3
play_match: FAILURE
get_partial_spirit: SUCCESS, 5,4,3,2,1
num_played_games_for_player: SUCCESS, 22
add_team: FAILURE
get_partial_spirit: SUCCESS, 1,4,3,5,2
add_player: SUCCESS
add_player_cards: SUCCESS
get_ith_pointless_ability: FAILURE
add_player: FAILURE
play_match: FAILURE
get_team_points: SUCCESS, 0
add_team: FAILURE
add_player: SUCCESS
get_partial_spirit: SUCCESS, 3,1,4,2,5
get_partial_spirit: SUCCESS, 1,2,3,4,5
num_played_games_for_player: SUCCESS, 22
buy_team: SUCCESS
add_player_cards: SUCCESS
add_player_cards: FAILURE
remove_team: FAILURE
buy_team: SUCCESS
buy_team: SUCCESS
add_player: SUCCESS
get_team_points: SUCCESS, 0
add_player: SUCCESS
play_match: FAILURE
buy_team: SUCCESS
add_player: FAILURE
buy_team: SUCCESS
get_team_points: SUCCESS, 0
get_team_points: SUCCESS, 0
get_player_cards: SUCCESS, 230
get_partial_spirit: FAILURE
remove_team: FAILURE
add_player: SUCCESS
play_match: SUCCESS, 1
add_player_cards: FAILURE
add_player: SUCCESS
add_player_cards: FAILURE
get_team_points: SUCCESS, 0
add_player_cards: SUCCESS
get_ith_pointless_ability: SUCCESS, 88
num_played_games_for_player: SUCCESS, 22
get_partial_spirit: SUCCESS, 1,2,3,4,5
add_player_cards: SUCCESS
add_player: SUCCESS
play_match: SUCCESS, 3
play_match: FAILURE
add_player: SUCCESS
get_partial_spirit: SUCCESS, 4,3,1,2,5
add_player: SUCCESS
get_partial_spirit: SUCCESS, 1,2,3,4,5
add_player_cards: SUCCESS
add_player: SUCCESS
add_team: FAILURE
get_ith_pointless_ability: SUCCESS, 3
get_partial_spirit: SUCCESS, 4,3,5,2,1
get_partial_spirit: FAILURE
add_team: FAILURE
add_team: FAILURE
add_player: SUCCESS
add_player: SUCCESS
add_player_cards: SUCCESS
get_partial_spirit: SUCCESS, 2,1,5,3,4
num_played_games_for_player: SUCCESS, 22
add_player: SUCCESS
add_player_cards: SUCCESS
get_partial_spirit: SUCCESS, 3,2,4,5,1
get_partial_spirit: SUCCESS, 1,3,4,5,2
add_player_cards: SUCCESS
num_played_games_for_player: SUCCESS, 22
get_team_points: SUCCESS, 3
num_played_games_for_player: SUCCESS, 22
buy_team: SUCCESS
remove_team: FAILURE
get_ith_pointless_ability: SUCCESS, 16
add_team: FAILURE
buy_team: SUCCESS
get_ith_pointless_ability: SUCCESS, 74
add_player: SUCCESS
add_team: FAILURE
remove_team: FAILURE
buy_team: SUCCESS
get_player_cards: SUCCESS, 62
add_player_cards: SUCCESS
remove_team: FAILURE
add_player: SUCCESS
get_partial_spirit: SUCCESS, 3,4,1,2,5
add_player_cards: SUCCESS
get_player_cards: SUCCESS, 128
add_team: FAILURE
buy_team: SUCCESS
add_player_cards: FAILURE
add_player: SUCCESS
get_partial_spirit: SUCCESS, 5,3,1,4,2
play_match: SUCCESS, 1
get_team_points: SUCCESS, 0
add_player: SUCCESS
add_player: SUCCESS
add_player: FAILURE
remove_team: FAILURE
get_player_cards: SUCCESS, 244
remove_team: FAILURE
get_ith_pointless_ability: SUCCESS, 46
get_ith_pointless_ability: SUCCESS, 79
get_ith_pointless_ability: SUCCESS, 41
num_played_games_for_player: SUCCESS, 22
buy_team: SUCCESS
play_match: FAILURE
get_partial_spirit: SUCCESS, 1,2,3,4,5
add_player_cards: SUCCESS
add_player: FAILURE
add_player_cards: SUCCESS
get_partial_spirit: SUCCESS, 3,5,2,4,1
add_team: FAILURE
add_team: FAILURE
add_team: FAILURE
get_player_cards: SUCCESS, 93
add_player_cards: FAILURE
num_played_games_for_player: SUCCESS, 22
buy_team: SUCCESS
buy_team: SUCCESS
add_player: FAILURE
buy_team: SUCCESS
buy_team: SUCCESS
add_team: FAILURE
play_match: FAILURE
add_player_cards: SUCCESS
get_partial_spirit: SUCCESS, 1,3,4,2,5
get_team_points: SUCCESS, 0
buy_team: SUCCESS
add_team: FAILURE
play_match: FAILURE
add_team: FAILURE
add_player: FAILURE
add_player_cards: SUCCESS
remove_team: FAILURE
add_player: FAILURE
remove_team: FAILURE
num_played_games_for_player: SUCCESS, 22
buy_team: SUCCESS
add_team: FAILURE
get_partial_spirit: SUCCESS, 3,2,1,4,5
add_player: FAILURE
add_player: SUCCESS
get_player_cards: SUCCESS, 49
buy_team: SUCCESS
buy_team: SUCCESS
get_player_cards: SUCCESS, 93
add_player: SUCCESS
add_player: FAILURE
add_player: SUCCESS
remove_team: FAILURE
get_partial_spirit: FAILURE
add_team: FAILURE
add_player: FAILURE
play_match: FAILURE
add_team: FAILURE
add_team: FAILURE
add_player_cards: FAILURE
add_player: FAILURE
add_team: FAILURE
add_team: FAILURE
remove_team: FAILURE
add_player: FAILURE
add_player: SUCCESS
get_player_cards: SUCCESS, 227
add_player: SUCCESS
get_team_points: SUCCESS, 3
get_player_cards: SUCCESS, 241
add_player: SUCCESS
buy_team: SUCCESS
add_player: SUCCESS
get_player_cards: SUCCESS, 294
get_partial_spirit: FAILURE
add_player: SUCCESS
num_played_games_for_player: SUCCESS, 22
get_ith_pointless_ability: SUCCESS, 68
