add_team: SUCCESS
add_team: SUCCESS
add_team: SUCCESS
add_team: SUCCESS
add_team: SUCCESS
add_team: SUCCESS
add_team: SUCCESS
add_team: SUCCESS
add_team: SUCCESS
add_team: SUCCESS
add_team: SUCCESS
add_team: SUCCESS
add_team: SUCCESS
add_team: SUCCESS
add_team: SUCCESS
add_team: SUCCESS
add_team: SUCCESS
add_team: SUCCESS
add_team: SUCCESS
add_team: SUCCESS
add_team: SUCCESS
add_team: SUCCESS
add_team: SUCCESS
add_team: SUCCESS
add_team: SUCCESS
add_team: SUCCESS
add_team: SUCCESS
add_team: SUCCESS
add_team: SUCCESS
add_team: SUCCESS
add_team: SUCCESS
add_team: SUCCESS
add_team: SUCCESS
add_team: SUCCESS
add_team: SUCCESS
add_team: SUCCESS
add_team: SUCCESS
add_team: SUCCESS
add_team: SUCCESS
add_team: SUCCESS
add_team: SUCCESS
add_team: SUCCESS
add_team: SUCCESS
add_team: SUCCESS
add_team: SUCCESS
add_team: SUCCESS
add_team: SUCCESS
add_team: SUCCESS
add_team: SUCCESS
add_team: SUCCESS
add_team: SUCCESS
add_team: SUCCESS
add_team: SUCCESS
add_team: SUCCESS
add_team: SUCCESS
add_team: SUCCESS
add_team: SUCCESS
add_team: SUCCESS
add_team: SUCCESS
add_team: SUCCESS
add_team: SUCCESS
add_team: SUCCESS
add_team: SUCCESS
add_team: SUCCESS
add_team: SUCCESS
add_team: SUCCESS
add_team: SUCCESS
add_team: SUCCESS
add_team: SUCCESS
add_team: SUCCESS
add_team: SUCCESS
add_team: SUCCESS
add_team: SUCCESS
add_team: SUCCESS
add_team: SUCCESS
add_team: SUCCESS
add_team: SUCCESS
add_team: SUCCESS
add_team: SUCCESS
add_team: SUCCESS
add_team: SUCCESS
add_team: SUCCESS
add_team: SUCCESS
add_team: SUCCESS
add_team: SUCCESS
add_team: SUCCESS
add_team: SUCCESS
add_team: SUCCESS
add_team: SUCCESS
add_team: SUCCESS
add_team: SUCCESS
add_team: SUCCESS
add_team: SUCCESS
add_team: SUCCESS
add_team: SUCCESS
add_team: SUCCESS
add_team: SUCCESS
add_team: SUCCESS
add_team: SUCCESS
add_team: SUCCESS
add_player: SUCCESS
add_player: SUCCESS
add_player: SUCCESS
add_player: SUCCESS
add_player: SUCCESS
add_player: SUCCESS
add_player: SUCCESS
add_player: SUCCESS
add_player: SUCCESS
add_player: SUCCESS
add_player: SUCCESS
add_player: SUCCESS
add_player: SUCCESS
add_player: SUCCESS
add_player: SUCCESS
add_player: SUCCESS
add_player: SUCCESS
add_player: SUCCESS
add_player: SUCCESS
add_player: SUCCESS
add_player: SUCCESS
add_player: SUCCESS
add_player: SUCCESS
add_player: SUCCESS
add_player: SUCCESS
add_player: SUCCESS
add_player: SUCCESS
add_player: SUCCESS
add_player: SUCCESS
add_player: SUCCESS
add_player: SUCCESS
add_player: SUCCESS
add_player: SUCCESS
add_player: SUCCESS
add_player: SUCCESS
add_player: SUCCESS
add_player: SUCCESS
add_player: SUCCESS
add_player: SUCCESS
add_player: SUCCESS
add_player: SUCCESS
add_player: SUCCESS
add_player: SUCCESS
add_player: SUCCESS
add_player: SUCCESS
add_player: SUCCESS
add_player: SUCCESS
add_player: SUCCESS
add_player: SUCCESS
add_player: SUCCESS
add_player: SUCCESS
add_player: SUCCESS
add_player: SUCCESS
add_player: SUCCESS
add_player: SUCCESS
add_player: SUCCESS
add_player: SUCCESS
add_player: SUCCESS
add_player: SUCCESS
add_player: SUCCESS
add_player: SUCCESS
add_player: SUCCESS
add_player: SUCCESS
add_player: SUCCESS
add_player: SUCCESS
add_player: SUCCESS
add_player: SUCCESS
add_player: SUCCESS
add_player: SUCCESS
add_player: SUCCESS
add_player: SUCCESS
add_player: SUCCESS
add_player: SUCCESS
add_player: SUCCESS
add_player: SUCCESS
add_player: SUCCESS
add_player: SUCCESS
add_player: SUCCESS
add_player: SUCCESS
add_player: SUCCESS
add_player: SUCCESS
add_player: SUCCESS
add_player: SUCCESS
add_player: SUCCESS
add_player: SUCCESS
add_player: SUCCESS
add_player: SUCCESS
add_player: SUCCESS
add_player: SUCCESS
add_player: SUCCESS
add_player: SUCCESS
add_player: SUCCESS
add_player: SUCCESS
add_player: SUCCESS
add_player: SUCCESS
add_player: SUCCESS
add_player: SUCCESS
add_player: SUCCESS
add_player: SUCCESS
add_player: SUCCESS
get_ith_pointless_ability: SUCCESS, 93
add_player: SUCCESS
remove_team: FAILURE
remove_team: FAILURE
add_player: SUCCESS
add_player_cards: SUCCESS
get_team_points: SUCCESS, 0
get_partial_spirit: SUCCESS, 1,2,3,4,5
add_team: SUCCESS
num_played_games_for_player: SUCCESS, 22
remove_team: FAILURE
add_team: FAILURE
add_player: SUCCESS
add_player: SUCCESS
add_team: FAILURE
num_played_games_for_player: SUCCESS, 22
add_player_cards: SUCCESS
get_partial_spirit: SUCCESS, 1,5,2,3,4
add_team: FAILURE
add_player: SUCCESS
get_team_points: SUCCESS, 0
add_player_cards: SUCCESS
remove_team: FAILURE
get_team_points: SUCCESS, 0
get_ith_pointless_ability: FAILURE
get_partial_spirit: SUCCESS, 2,1,3,5,4
add_team: FAILURE
num_played_games_for_player: SUCCESS, 22
add_player_cards: SUCCESS
num_played_games_for_player: SUCCESS, 22
buy_team: SUCCESS
num_played_games_for_player: SUCCESS, 22
add_player: SUCCESS
add_player_cards: SUCCESS
add_player_cards: SUCCESS
add_team: FAILURE
add_player_cards: SUCCESS
get_partial_spirit: SUCCESS, 1,2,3,4,5
get_team_points: SUCCESS, 0
add_player: SUCCESS
get_partial_spirit: SUCCESS, 3,1,4,2,5
get_ith_pointless_ability: FAILURE
buy_team: SUCCESS
num_played_games_for_player: SUCCESS, 22
num_played_games_for_player: SUCCESS, 22
get_player_cards: SUCCESS, 202
get_team_points: SUCCESS, 0
get_ith_pointless_ability: FAILURE
get_partial_spirit: SUCCESS, 1,2,3,4,5
add_player: SUCCESS
get_ith_pointless_ability: FAILURE
buy_team: SUCCESS
num_played_games_for_player: SUCCESS, 22
add_player: SUCCESS
get_partial_spirit: SUCCESS, 1,2,3,4,5
add_player: SUCCESS
add_player: SUCCESS
num_played_games_for_player: SUCCESS, 22
get_partial_spirit: SUCCESS, 5,1,2,3,4
add_player_cards: SUCCESS
add_team: FAILURE
play_match: FAILURE
add_team: FAILURE
num_played_games_for_player: SUCCESS, 22
get_partial_spirit: SUCCESS, 1,2,3,4,5
get_team_points: SUCCESS, 0
remove_team: FAILURE
buy_team: SUCCESS
play_match: FAILURE
add_player_cards: SUCCESS
buy_team: SUCCESS
add_player_cards: SUCCESS
add_player_cards: SUCCESS
num_played_games_for_player: SUCCESS, 22
add_team: FAILURE
add_team: FAILURE
add_player: SUCCESS
add_player: SUCCESS
add_player_cards: SUCCESS
buy_team: SUCCESS
get_ith_pointless_ability: SUCCESS, 22
get_player_cards: SUCCESS, 22
add_player: SUCCESS
remove_team: FAILURE
add_player: SUCCESS
add_team: FAILURE
get_team_points: SUCCESS, 0
num_played_games_for_player: SUCCESS, 22
play_match: FAILURE
buy_team: SUCCESS
add_player: SUCCESS
remove_team: FAILURE
play_match: FAILURE
add_player: SUCCESS
get_team_points: SUCCESS, 0
add_player: SUCCESS
add_team: FAILURE
buy_team: SUCCESS
add_player: SUCCESS
buy_team: SUCCESS
add_team: FAILURE
play_match: FAILURE
get_player_cards: SUCCESS, 128
get_player_cards: SUCCESS, 220
num_played_games_for_player: SUCCESS, 22
add_player_cards: SUCCESS
add_player: SUCCESS
get_ith_pointless_ability: SUCCESS, 27
add_player: SUCCESS
add_player: SUCCESS
add_player: SUCCESS
get_partial_spirit: SUCCESS, 1,2,3,4,5
remove_team: FAILURE
buy_team: SUCCESS
add_player: SUCCESS
add_player: SUCCESS
buy_team: SUCCESS
remove_team: FAILURE
play_match: SUCCESS, 3
get_team_points: SUCCESS, 0
num_played_games_for_player: SUCCESS, 22
get_player_cards: SUCCESS, 149
buy_team: SUCCESS
add_team: FAILURE
play_match: FAILURE
play_match: SUCCESS, 1
buy_team: SUCCESS
get_team_points: SUCCESS, 3
play_match: SUCCESS, 1
get_partial_spirit: SUCCESS, 4,1,2,5,3
buy_team: SUCCESS
get_player_cards: SUCCESS, 288
add_player: SUCCESS
add_team: FAILURE
num_played_games_for_player: SUCCESS, 22
remove_team: FAILURE
get_player_cards: SUCCESS, 105
get_team_points: SUCCESS, 0
get_team_points: SUCCESS, 0
get_partial_spirit: SUCCESS, 4,1,5,3,2
get_player_cards: SUCCESS, 194
add_player: SUCCESS
get_ith_pointless_ability: SUCCESS, 42
get_partial_spirit: SUCCESS, 1,2,3,4,5
get_ith_pointless_ability: SUCCESS, 5
add_player: FAILURE
get_player_cards: SUCCESS, 133
get_partial_spirit: SUCCESS, 1,2,3,4,5
add_player: SUCCESS
get_partial_spirit: SUCCESS, 1,2,3,4,5
remove_team: FAILURE
add_player: SUCCESS
add_player_cards: SUCCESS
add_player: SUCCESS
get_team_points: SUCCESS, 0
buy_team: SUCCESS
add_player: SUCCESS
num_played_games_for_player: SUCCESS, 22
play_match: FAILURE
add_player: SUCCESS
get_partial_spirit: SUCCESS, 1,4,5,2,3
get_player_cards: SUCCESS, 72
num_played_games_for_player: SUCCESS, 22
add_player: SUCCESS
buy_team: SUCCESS
get_ith_pointless_ability: SUCCESS, 74
num_played_games_for_player: SUCCESS, 22
get_player_cards: SUCCESS, 224
num_played_games_for_player: SUCCESS, 22
get_player_cards: SUCCESS, 143
get_player_cards: SUCCESS, 247
get_partial_spirit: SUCCESS, 1,2,3,4,5
add_player: SUCCESS
add_player: SUCCESS
get_team_points: SUCCESS, 0
remove_team: FAILURE
add_player: SUCCESS
get_partial_spirit: SUCCESS, 1,2,3,4,5
add_player: SUCCESS
get_partial_spirit: SUCCESS, 1,2,3,4,5
num_played_games_for_player: SUCCESS, 22
add_player_cards: SUCCESS
get_player_cards: SUCCESS, 114
add_team: FAILURE
get_partial_spirit: SUCCESS, 1,2,3,4,5
add_player: SUCCESS
get_ith_pointless_ability: FAILURE
play_match: FAILURE
add_player: SUCCESS
get_ith_pointless_ability: SUCCESS, 82
add_team: FAILURE
add_player: SUCCESS
play_match: FAILURE
play_match: SUCCESS, 3
add_team: FAILURE
get_ith_pointless_ability: FAILURE
add_player: SUCCESS
play_match: SUCCESS, 3
get_player_cards: SUCCESS, 209
get_ith_pointless_ability: SUCCESS, 30
buy_team: SUCCESS
get_team_points: SUCCESS, 0
add_player_cards: SUCCESS
remove_team: FAILURE
add_player: SUCCESS
get_partial_spirit: SUCCESS, 1,2,3,4,5
get_player_cards: SUCCESS, 269
add_team: FAILURE
get_partial_spirit: SUCCESS, 1,2,3,4,5
buy_team: SUCCESS
get_player_cards: SUCCESS, 236
get_partial_spirit: SUCCESS, 1,2,3,4,5
add_player_cards: FAILURE
num_played_games_for_player: SUCCESS, 22
get_player_cards: SUCCESS, 202
play_match: FAILURE
get_player_cards: SUCCESS, 223
get_ith_pointless_ability: SUCCESS, 83
add_player: FAILURE
get_team_points: SUCCESS, 0
buy_team: SUCCESS
get_partial_spirit: SUCCESS, 1,2,3,4,5
add_team: FAILURE
get_team_points: SUCCESS, 0
get_team_points: SUCCESS, 0
play_match: FAILURE
get_ith_pointless_ability: SUCCESS, 35
remove_team: FAILURE
buy_team: SUCCESS
add_player_cards: SUCCESS
play_match: FAILURE
add_player: SUCCESS
add_player: SUCCESS
add_player: SUCCESS
get_partial_spirit: SUCCESS, 3,2,5,4,1
get_partial_spirit: SUCCESS, 1,2,3,4,5
play_match: SUCCESS, 1
add_player: FAILURE
play_match: FAILURE
get_player_cards: SUCCESS, 44
get_ith_pointless_ability: FAILURE
add_team: FAILURE
get_player_cards: SUCCESS, 51
add_player: SUCCESS
add_player: SUCCESS
remove_team: FAILURE
add_player_cards: SUCCESS
get_ith_pointless_ability: SUCCESS, 98
add_player: FAILURE
num_played_games_for_player: SUCCESS, 22
remove_team: FAILURE
add_player: FAILURE
add_player_cards: SUCCESS
add_team: FAILURE
buy_team: SUCCESS
add_player_cards: SUCCESS
add_player: FAILURE
add_team: FAILURE
add_player: FAILURE
get_partial_spirit: SUCCESS, 5,1,3,4,2
play_match: FAILURE
num_played_games_for_player: SUCCESS, 22
get_player_cards: SUCCESS, 497
num_played_games_for_player: SUCCESS, 22
get_partial_spirit: SUCCESS, 5,4,1,3,2
get_player_cards: SUCCESS, 369
add_player_cards: SUCCESS
add_player_cards: SUCCESS
add_player_cards: SUCCESS
play_match: FAILURE
add_player_cards: SUCCESS
play_match: FAILURE
add_player_cards: SUCCESS
get_team_points: SUCCESS, 0
get_team_points: SUCCESS, 0
buy_team: SUCCESS
add_player: FAILURE
add_player: FAILURE
num_played_games_for_player: SUCCESS, 22
play_match: SUCCESS, 3
get_ith_pointless_ability: SUCCESS, 64
num_played_games_for_player: SUCCESS, 22
remove_team: FAILURE
add_player: FAILURE
play_match: FAILURE
num_played_games_for_player: SUCCESS, 22
num_played_games_for_player: SUCCESS, 22
play_match: FAILURE
get_partial_spirit: SUCCESS, 2,4,3,5,1
add_team: FAILURE
get_partial_spirit: SUCCESS, 1,2,3,4,5
add_player: FAILURE
get_team_points: SUCCESS, 0
get_ith_pointless_ability: SUCCESS, 22
get_ith_pointless_ability: FAILURE
remove_team: FAILURE
remove_team: FAILURE
remove_team: FAILURE
num_played_games_for_player: SUCCESS, 22
buy_team: SUCCESS
add_team: FAILURE
add_player: FAILURE
get_team_points: SUCCESS, 0
get_player_cards: SUCCESS, 42
get_player_cards: SUCCESS, 24
get_ith_pointless_ability: SUCCESS, 9
buy_team: SUCCESS
add_player_cards: SUCCESS
add_player_cards: SUCCESS
get_ith_pointless_ability: SUCCESS, 15
add_player: FAILURE
play_match: SUCCESS, 1
add_player: FAILURE
add_player: FAILURE
add_player: FAILURE
add_player: FAILURE
buy_team: SUCCESS
add_player: FAILURE
buy_team: SUCCESS
num_played_games_for_player: SUCCESS, 22
num_played_games_for_player: SUCCESS, 22
buy_team: SUCCESS
get_ith_pointless_ability: SUCCESS, 4
add_player: FAILURE
num_played_games_for_player: SUCCESS, 22
get_team_points: SUCCESS, 0
play_match: FAILURE
get_partial_spirit: SUCCESS, 1,2,3,4,5
add_player: FAILURE
get_partial_spirit: SUCCESS, 1,2,3,4,5
num_played_games_for_player: SUCCESS, 22
get_partial_spirit: SUCCESS, 1,2,3,4,5
add_team: FAILURE
get_partial_spirit: SUCCESS, 2,1,3,5,4
add_player_cards: SUCCESS
add_player: FAILURE
buy_team: SUCCESS
buy_team: SUCCESS
add_team: FAILURE
play_match: FAILURE
buy_team: SUCCESS
add_player: FAILURE
get_partial_spirit: SUCCESS, 5,1,4,3,2
buy_team: SUCCESS
buy_team: SUCCESS
get_ith_pointless_ability: SUCCESS, 94
add_player: FAILURE
play_match: FAILURE
add_player: FAILURE
play_match: SUCCESS, 1
buy_team: SUCCESS
get_partial_spirit: SUCCESS, 5,1,3,4,2
add_team: FAILURE
add_player: FAILURE
add_team: FAILURE
num_played_games_for_player: SUCCESS, 22
add_player: FAILURE
play_match: SUCCESS, 3
add_player_cards: SUCCESS
num_played_games_for_player: SUCCESS, 22
add_player_cards: SUCCESS
add_player: FAILURE
add_player: FAILURE
add_player_cards: SUCCESS
get_team_points: SUCCESS, 0
add_player: FAILURE
add_player: FAILURE
buy_team: SUCCESS
add_team: FAILURE
get_ith_pointless_ability: FAILURE
buy_team: SUCCESS
num_played_games_for_player: SUCCESS, 22
add_player_cards: SUCCESS
add_player: FAILURE
add_player: FAILURE
remove_team: FAILURE
num_played_games_for_player: SUCCESS, 22
add_player: FAILURE
buy_team: SUCCESS
add_player_cards: SUCCESS
play_match: FAILURE
buy_team: SUCCESS
remove_team: FAILURE
add_team: FAILURE
get_player_cards: SUCCESS, 478
get_player_cards: SUCCESS, 246
num_played_games_for_player: SUCCESS, 22
get_team_points: SUCCESS, 0
get_player_cards: SUCCESS, 417
get_ith_pointless_ability: SUCCESS, 30
add_player: FAILURE
get_player_cards: SUCCESS, 143
add_player: FAILURE
get_ith_pointless_ability: SUCCESS, 65
get_team_points: SUCCESS, 0
get_team_points: SUCCESS, 0
add_team: FAILURE
remove_team: FAILURE
add_team: FAILURE
get_partial_spirit: SUCCESS, 1,2,3,4,5
add_team: FAILURE
num_played_games_for_player: SUCCESS, 22
add_player: FAILURE
get_player_cards: SUCCESS, 128
remove_team: FAILURE
get_team_points: SUCCESS, 0
add_player_cards: SUCCESS
add_player_cards: SUCCESS
play_match: SUCCESS, 1
get_partial_spirit: SUCCESS, 1,2,3,4,5
get_team_points: SUCCESS, 3
play_match: FAILURE
add_player: FAILURE
add_player_cards: SUCCESS
buy_team: SUCCESS
add_player: FAILURE
get_ith_pointless_ability: FAILURE
play_match: FAILURE
add_player_cards: SUCCESS
num_played_games_for_player: SUCCESS, 22
get_player_cards: SUCCESS, 276
remove_team: FAILURE
num_played_games_for_player: SUCCESS, 22
add_player_cards: SUCCESS
add_player: FAILURE
add_player_cards: SUCCESS
add_player_cards: SUCCESS
get_ith_pointless_ability: SUCCESS, 25
num_played_games_for_player: SUCCESS, 22
add_team: FAILURE
get_team_points: SUCCESS, 0
add_team: FAILURE
add_player: FAILURE
get_partial_spirit: SUCCESS, 1,2,3,4,5
get_ith_pointless_ability: SUCCESS, 22
add_player: FAILURE
get_ith_pointless_ability: SUCCESS, 54
get_player_cards: SUCCESS, 58
add_player: FAILURE
num_played_games_for_player: SUCCESS, 22
get_partial_spirit: SUCCESS, 5,4,1,3,2
num_played_games_for_player: SUCCESS, 22
buy_team: SUCCESS
remove_team: FAILURE
play_match: FAILURE
get_ith_pointless_ability: SUCCESS, 65
buy_team: SUCCESS
add_player: FAILURE
get_ith_pointless_ability: SUCCESS, 39
add_player_cards: SUCCESS
add_player: FAILURE
num_played_games_for_player: SUCCESS, 22
get_team_points: SUCCESS, 0
get_player_cards: SUCCESS, 518
num_played_games_for_player: SUCCESS, 22
get_player_cards: SUCCESS, 335
buy_team: SUCCESS
add_player: FAILURE
add_player_cards: SUCCESS
get_ith_pointless_ability: SUCCESS, 91
remove_team: FAILURE
add_player: FAILURE
play_match: FAILURE
remove_team: FAILURE
buy_team: SUCCESS
add_player: FAILURE
num_played_games_for_player: SUCCESS, 22
remove_team: FAILURE
get_partial_spirit: SUCCESS, 1,2,3,4,5
get_player_cards: SUCCESS, 93
get_team_points: SUCCESS, 0
get_ith_pointless_ability: SUCCESS, 18
num_played_games_for_player: SUCCESS, 22
get_partial_spirit: SUCCESS, 1,2,3,4,5
get_team_points: SUCCESS, 0
get_player_cards: SUCCESS, 34
get_team_points: SUCCESS, 0
play_match: SUCCESS, 1
remove_team: FAILURE
play_match: SUCCESS, 3
num_played_games_for_player: SUCCESS, 22
add_team: FAILURE
buy_team: SUCCESS
add_player_cards: SUCCESS
get_ith_pointless_ability: FAILURE
add_team: FAILURE
get_player_cards: SUCCESS, 58
play_match: SUCCESS, 3
add_player: FAILURE
get_player_cards: SUCCESS, 518
get_ith_pointless_ability: SUCCESS, 18
add_player: FAILURE
add_player_cards: SUCCESS
add_player: FAILURE
num_played_games_for_player: SUCCESS, 22
get_team_points: SUCCESS, 0
get_team_points: SUCCESS, 0
add_player: FAILURE
add_player: FAILURE
add_player: FAILURE
buy_team: SUCCESS
add_player: FAILURE
play_match: SUCCESS, 1
get_partial_spirit: SUCCESS, 1,2,3,4,5
play_match: FAILURE
get_team_points: SUCCESS, 3
add_player: FAILURE
add_player: FAILURE
get_player_cards: SUCCESS, 101
add_player: FAILURE
get_partial_spirit: SUCCESS, 1,2,3,4,5
remove_team: FAILURE
add_player: FAILURE
remove_team: FAILURE
add_player: FAILURE
get_team_points: SUCCESS, 0
add_player: FAILURE
add_player: FAILURE
get_partial_spirit: SUCCESS, 1,2,3,4,5
remove_team: FAILURE
add_player: FAILURE
get_team_points: SUCCESS, 0
buy_team: SUCCESS
get_team_points: SUCCESS, 0
buy_team: SUCCESS
remove_team: FAILURE
play_match: SUCCESS, 1
add_player_cards: SUCCESS
play_match: FAILURE
remove_team: FAILURE
add_player: FAILURE
play_match: FAILURE
get_player_cards: SUCCESS, 24
get_team_points: SUCCESS, 0
add_player: FAILURE
buy_team: SUCCESS
num_played_games_for_player: SUCCESS, 22
num_played_games_for_player: SUCCESS, 22
add_team: FAILURE
num_played_games_for_player: SUCCESS, 22
remove_team: FAILURE
get_ith_pointless_ability: SUCCESS, 67
get_partial_spirit: SUCCESS, 1,2,3,4,5
get_partial_spirit: SUCCESS, 3,1,4,2,5
add_player: FAILURE
add_player: FAILURE
add_player_cards: SUCCESS
add_player: FAILURE
add_player_cards: SUCCESS
get_team_points: SUCCESS, 0
get_player_cards: SUCCESS, 254
get_ith_pointless_ability: SUCCESS, 68
num_played_games_for_player: SUCCESS, 22
buy_team: SUCCESS
get_ith_pointless_ability: SUCCESS, 18
get_team_points: SUCCESS, 0
add_player: FAILURE
add_team: FAILURE
get_partial_spirit: SUCCESS, 5,4,1,2,3
add_player: FAILURE
add_team: FAILURE
get_team_points: SUCCESS, 0
add_team: FAILURE
add_player: FAILURE
play_match: FAILURE
add_team: FAILURE
get_ith_pointless_ability: FAILURE
add_player_cards: SUCCESS
num_played_games_for_player: SUCCESS, 22
add_player: FAILURE
get_partial_spirit: SUCCESS, 1,2,3,4,5
add_team: FAILURE
num_played_games_for_player: SUCCESS, 22
remove_team: FAILURE
add_team: FAILURE
play_match: FAILURE
get_partial_spirit: SUCCESS, 4,1,5,3,2
remove_team: FAILURE
add_player: FAILURE
num_played_games_for_player: SUCCESS, 22
get_player_cards: SUCCESS, 7
get_team_points: SUCCESS, 0
remove_team: FAILURE
get_team_points: SUCCESS, 0
get_player_cards: SUCCESS, 297
get_ith_pointless_ability: SUCCESS, 35
add_player_cards: SUCCESS
add_team: FAILURE
add_player: FAILURE
get_team_points: SUCCESS, 0
get_ith_pointless_ability: FAILURE
remove_team: FAILURE
play_match: FAILURE
num_played_games_for_player: SUCCESS, 22
get_partial_spirit: SUCCESS, 1,2,3,4,5
get_partial_spirit: SUCCESS, 1,2,3,4,5
remove_team: FAILURE
get_team_points: FAILURE
add_player_cards: SUCCESS
get_partial_spirit: SUCCESS, 1,2,3,4,5
add_player: FAILURE
buy_team: SUCCESS
num_played_games_for_player: SUCCESS, 22
buy_team: SUCCESS
add_player_cards: FAILURE
get_partial_spirit: SUCCESS, 1,2,3,4,5
add_team: FAILURE
add_team: FAILURE
get_partial_spirit: SUCCESS, 1,2,3,4,5
remove_team: FAILURE
add_team: FAILURE
get_player_cards: SUCCESS, 155
buy_team: SUCCESS
add_team: FAILURE
num_played_games_for_player: SUCCESS, 22
add_player: FAILURE
num_played_games_for_player: SUCCESS, 22
get_ith_pointless_ability: SUCCESS, 46
add_player: FAILURE
add_player: FAILURE
get_player_cards: SUCCESS, 58
add_player: FAILURE
get_ith_pointless_ability: FAILURE
play_match: FAILURE
add_player: FAILURE
get_partial_spirit: SUCCESS, 1,2,3,4,5
add_player: FAILURE
num_played_games_for_player: SUCCESS, 22
get_player_cards: SUCCESS, 162
add_player: FAILURE
buy_team: SUCCESS
buy_team: SUCCESS
play_match: FAILURE
play_match: FAILURE
add_player_cards: SUCCESS
add_player: FAILURE
get_partial_spirit: SUCCESS, 5,4,1,3,2
num_played_games_for_player: SUCCESS, 22
add_player_cards: SUCCESS
get_player_cards: SUCCESS, 518
add_player_cards: SUCCESS
add_player: FAILURE
get_team_points: SUCCESS, 3
num_played_games_for_player: SUCCESS, 22
get_partial_spirit: SUCCESS, 1,2,3,4,5
add_player: FAILURE
add_player: FAILURE
get_player_cards: SUCCESS, 153
get_player_cards: SUCCESS, 417
play_match: SUCCESS, 1
add_player: FAILURE
num_played_games_for_player: SUCCESS, 22
add_player: FAILURE
get_player_cards: SUCCESS, 139
get_partial_spirit: SUCCESS, 2,4,1,5,3
add_player: FAILURE
add_player: FAILURE
add_player: FAILURE
play_match: FAILURE
get_ith_pointless_ability: SUCCESS, 83
remove_team: FAILURE
add_team: FAILURE
num_played_games_for_player: SUCCESS, 22
add_team: FAILURE
get_ith_pointless_ability: FAILURE
get_team_points: SUCCESS, 6
get_ith_pointless_ability: FAILURE
get_partial_spirit: SUCCESS, 1,2,3,4,5
add_team: FAILURE
get_partial_spirit: SUCCESS, 5,4,2,3,1
buy_team: SUCCESS
get_partial_spirit: SUCCESS, 5,4,1,3,2
num_played_games_for_player: SUCCESS, 22
get_team_points: SUCCESS, 0
get_ith_pointless_ability: SUCCESS, 25
get_team_points: SUCCESS, 3
get_ith_pointless_ability: FAILURE
add_team: FAILURE
num_played_games_for_player: SUCCESS, 22
add_team: FAILURE
add_team: FAILURE
add_player_cards: SUCCESS
remove_team: FAILURE
get_player_cards: SUCCESS, 254
add_player: FAILURE
remove_team: FAILURE
get_player_cards: SUCCESS, 426
get_player_cards: SUCCESS, 224
get_player_cards: SUCCESS, 288
add_team: FAILURE
add_player: FAILURE
get_team_points: SUCCESS, 0
add_player_cards: FAILURE
add_player: FAILURE
num_played_games_for_player: SUCCESS, 22
get_player_cards: SUCCESS, 269
add_player: FAILURE
remove_team: FAILURE
get_player_cards: SUCCESS, 473
get_ith_pointless_ability: SUCCESS, 71
get_player_cards: SUCCESS, 164
num_played_games_for_player: SUCCESS, 22
add_team: FAILURE
remove_team: FAILURE
play_match: SUCCESS, 1
add_player_cards: FAILURE
get_team_points: SUCCESS, 0
remove_team: FAILURE
play_match: FAILURE
add_player: FAILURE
add_player: FAILURE
add_player_cards: SUCCESS
add_player: FAILURE
get_player_cards: SUCCESS, 29
get_team_points: SUCCESS, 0
add_player: FAILURE
num_played_games_for_player: SUCCESS, 22
get_ith_pointless_ability: FAILURE
add_player: FAILURE
add_team: FAILURE
get_partial_spirit: FAILURE
num_played_games_for_player: SUCCESS, 22
buy_team: SUCCESS
buy_team: SUCCESS
get_partial_spirit: SUCCESS, 1,2,3,4,5
get_player_cards: SUCCESS, 247
add_player_cards: SUCCESS
remove_team: FAILURE
get_player_cards: SUCCESS, 254
remove_team: FAILURE
add_player: FAILURE
get_ith_pointless_ability: FAILURE
add_team: FAILURE
remove_team: FAILURE
buy_team: SUCCESS
buy_team: SUCCESS
add_player: FAILURE
get_ith_pointless_ability: SUCCESS, 99
add_player_cards: SUCCESS
add_player_cards: SUCCESS
get_partial_spirit: SUCCESS, 3,5,2,4,1
add_player_cards: SUCCESS
get_team_points: SUCCESS, 0
add_player: FAILURE
get_ith_pointless_ability: FAILURE
add_player: FAILURE
get_ith_pointless_ability: FAILURE
add_player: FAILURE
remove_team: FAILURE
get_ith_pointless_ability: SUCCESS, 18
get_team_points: SUCCESS, 0
num_played_games_for_player: SUCCESS, 22
get_player_cards: SUCCESS, 485
add_player: FAILURE
add_player: FAILURE
get_team_points: SUCCESS, 0
add_player: FAILURE
add_player: FAILURE
buy_team: SUCCESS
get_ith_pointless_ability: FAILURE
num_played_games_for_player: SUCCESS, 22
get_player_cards: SUCCESS, 234
play_match: FAILURE
buy_team: SUCCESS
add_player: FAILURE
get_team_points: SUCCESS, 0
add_player: FAILURE
get_ith_pointless_ability: FAILURE
remove_team: FAILURE
buy_team: SUCCESS
get_ith_pointless_ability: FAILURE
add_player_cards: SUCCESS
get_player_cards: SUCCESS, 107
add_team: FAILURE
add_team: FAILURE
get_partial_spirit: SUCCESS, 3,2,1,5,4
add_player: FAILURE
add_player: FAILURE
add_team: FAILURE
add_player: FAILURE
get_team_points: FAILURE
add_team: FAILURE
get_team_points: SUCCESS, 0
num_played_games_for_player: SUCCESS, 22
add_team: FAILURE
get_ith_pointless_ability: FAILURE
get_partial_spirit: SUCCESS, 5,4,3,1,2
add_player_cards: SUCCESS
add_player: FAILURE
play_match: FAILURE
add_player: FAILURE
remove_team: FAILURE
get_ith_pointless_ability: FAILURE
add_player_cards: SUCCESS
get_player_cards: SUCCESS, 42
get_player_cards: SUCCESS, 302
get_team_points: SUCCESS, 0
add_player: FAILURE
get_partial_spirit: SUCCESS, 3,1,4,2,5
add_player: FAILURE
get_partial_spirit: SUCCESS, 4,5,3,2,1
add_player: FAILURE
remove_team: FAILURE
get_partial_spirit: SUCCESS, 4,5,2,1,3
add_player_cards: SUCCESS
get_partial_spirit: SUCCESS, 5,4,3,1,2
play_match: FAILURE
add_player: FAILURE
get_team_points: SUCCESS, 0
add_player: FAILURE
buy_team: SUCCESS
buy_team: SUCCESS
get_player_cards: SUCCESS, 34
get_ith_pointless_ability: SUCCESS, 65
get_player_cards: SUCCESS, 22
add_player: FAILURE
add_player: FAILURE
get_partial_spirit: SUCCESS, 1,2,3,4,5
add_player: FAILURE
get_ith_pointless_ability: SUCCESS, 64
add_player_cards: SUCCESS
get_player_cards: SUCCESS, 544
add_player: FAILURE
remove_team: FAILURE
get_partial_spirit: SUCCESS, 1,2,3,4,5
play_match: FAILURE
add_player: FAILURE
remove_team: FAILURE
remove_team: FAILURE
add_team: FAILURE
play_match: FAILURE
add_player: FAILURE
remove_team: FAILURE
add_player: FAILURE
remove_team: FAILURE
add_player_cards: SUCCESS
add_player_cards: SUCCESS
add_player: FAILURE
get_team_points: SUCCESS, 3
remove_team: FAILURE
buy_team: SUCCESS
get_partial_spirit: SUCCESS, 1,2,3,4,5
get_ith_pointless_ability: SUCCESS, 28
add_player_cards: SUCCESS
buy_team: SUCCESS
play_match: FAILURE
add_team: FAILURE
remove_team: FAILURE
add_player_cards: SUCCESS
play_match: FAILURE
add_player: FAILURE
buy_team: SUCCESS
add_player: FAILURE
num_played_games_for_player: SUCCESS, 22
get_team_points: FAILURE
buy_team: SUCCESS
add_player: FAILURE
get_team_points: FAILURE
remove_team: FAILURE
add_player: FAILURE
add_player: FAILURE
get_ith_pointless_ability: SUCCESS, 85
num_played_games_for_player: SUCCESS, 22
add_player: FAILURE
add_player_cards: FAILURE
get_player_cards: SUCCESS, 164
add_player: FAILURE
get_partial_spirit: FAILURE
num_played_games_for_player: SUCCESS, 22
get_ith_pointless_ability: SUCCESS, 10
buy_team: SUCCESS
add_player: FAILURE
add_player: FAILURE
remove_team: FAILURE
play_match: FAILURE
get_partial_spirit: SUCCESS, 3,1,2,4,5
num_played_games_for_player: SUCCESS, 22
get_player_cards: SUCCESS, 72
add_player: FAILURE
add_player: FAILURE
buy_team: SUCCESS
get_ith_pointless_ability: SUCCESS, 41
add_player: FAILURE
remove_team: FAILURE
num_played_games_for_player: SUCCESS, 22
remove_team: FAILURE
play_match: SUCCESS, 3
get_player_cards: SUCCESS, 19
add_player: FAILURE
get_ith_pointless_ability: SUCCESS, 43
get_team_points: SUCCESS, 0
remove_team: FAILURE
get_team_points: SUCCESS, 0
add_player: FAILURE
buy_team: SUCCESS
remove_team: FAILURE
num_played_games_for_player: SUCCESS, 22
num_played_games_for_player: SUCCESS, 22
play_match: FAILURE
play_match: SUCCESS, 1
buy_team: SUCCESS
add_team: FAILURE
add_player: FAILURE
get_player_cards: SUCCESS, 290
get_team_points: SUCCESS, 0
add_team: FAILURE
add_player_cards: FAILURE
add_team: FAILURE
add_player: FAILURE
buy_team: SUCCESS
num_played_games_for_player: SUCCESS, 22
add_player: FAILURE
get_player_cards: SUCCESS, 276
add_player: FAILURE
buy_team: SUCCESS
num_played_games_for_player: SUCCESS, 22
add_player: FAILURE
get_team_points: SUCCESS, 0
add_team: FAILURE
play_match: FAILURE
play_match: FAILURE
get_ith_pointless_ability: SUCCESS, 35
add_team: FAILURE
buy_team: SUCCESS
get_player_cards: SUCCESS, 344
get_ith_pointless_ability: FAILURE
num_played_games_for_player: SUCCESS, 22
get_partial_spirit: SUCCESS, 1,2,3,4,5
play_match: FAILURE
add_player: FAILURE
num_played_games_for_player: SUCCESS, 22
buy_team: SUCCESS
get_team_points: SUCCESS, 0
remove_team: FAILURE
add_player: FAILURE
play_match: FAILURE
get_ith_pointless_ability: SUCCESS, 68
add_player: FAILURE
add_team: FAILURE
buy_team: SUCCESS
add_player: FAILURE
play_match: FAILURE
add_player: FAILURE
num_played_games_for_player: SUCCESS, 22
play_match: SUCCESS, 3
add_team: FAILURE
get_team_points: SUCCESS, 0
buy_team: SUCCESS
remove_team: FAILURE
play_match: FAILURE
buy_team: SUCCESS
num_played_games_for_player: SUCCESS, 22
get_partial_spirit: SUCCESS, 1,2,3,4,5
get_player_cards: SUCCESS, 162
get_ith_pointless_ability: FAILURE
add_player_cards: SUCCESS
get_player_cards: SUCCESS, 626
get_player_cards: SUCCESS, 27
add_player: FAILURE
get_ith_pointless_ability: FAILURE
num_played_games_for_player: SUCCESS, 22
add_player: FAILURE
add_player: FAILURE
num_played_games_for_player: SUCCESS, 22
play_match: SUCCESS, 1
get_team_points: SUCCESS, 0
get_partial_spirit: FAILURE
get_partial_spirit: FAILURE
add_team: FAILURE
add_player: FAILURE
get_team_points: SUCCESS, 3
num_played_games_for_player: SUCCESS, 22
add_player: FAILURE
add_player: FAILURE
add_player: FAILURE
num_played_games_for_player: SUCCESS, 22
play_match: FAILURE
get_ith_pointless_ability: FAILURE
num_played_games_for_player: SUCCESS, 22
add_player: FAILURE
add_player: FAILURE
get_ith_pointless_ability: SUCCESS, 55
add_player: FAILURE
add_player_cards: SUCCESS
add_player: FAILURE
get_team_points: SUCCESS, 6
buy_team: SUCCESS
add_player: FAILURE
add_player_cards: FAILURE
buy_team: SUCCESS
add_player: FAILURE
play_match: FAILURE
add_player: FAILURE
get_team_points: SUCCESS, 0
get_team_points: SUCCESS, 0
add_player_cards: FAILURE
add_player_cards: FAILURE
buy_team: SUCCESS
add_player: FAILURE
add_player: FAILURE
