add_team: SUCCESS
add_team: SUCCESS
add_team: SUCCESS
add_team: SUCCESS
add_team: SUCCESS
add_team: SUCCESS
add_team: SUCCESS
add_team: SUCCESS
add_team: SUCCESS
add_team: SUCCESS
add_team: SUCCESS
add_team: SUCCESS
add_team: SUCCESS
add_team: SUCCESS
add_team: SUCCESS
add_team: SUCCESS
add_team: SUCCESS
add_team: SUCCESS
add_team: SUCCESS
add_team: SUCCESS
add_team: SUCCESS
add_team: SUCCESS
add_team: SUCCESS
add_team: SUCCESS
add_team: SUCCESS
add_team: SUCCESS
add_team: SUCCESS
add_team: SUCCESS
add_team: SUCCESS
add_team: SUCCESS
add_team: SUCCESS
add_team: SUCCESS
add_team: SUCCESS
add_team: SUCCESS
add_team: SUCCESS
add_team: SUCCESS
add_team: SUCCESS
add_team: SUCCESS
add_team: SUCCESS
add_team: SUCCESS
add_team: SUCCESS
add_team: SUCCESS
add_team: SUCCESS
add_team: SUCCESS
add_team: SUCCESS
add_team: SUCCESS
add_team: SUCCESS
add_team: SUCCESS
add_team: SUCCESS
add_team: SUCCESS
add_team: SUCCESS
add_team: SUCCESS
add_team: SUCCESS
add_team: SUCCESS
add_team: SUCCESS
add_team: SUCCESS
add_team: SUCCESS
add_team: SUCCESS
add_team: SUCCESS
add_team: SUCCESS
add_team: SUCCESS
add_team: SUCCESS
add_team: SUCCESS
add_team: SUCCESS
add_team: SUCCESS
add_team: SUCCESS
add_team: SUCCESS
add_team: SUCCESS
add_team: SUCCESS
add_team: SUCCESS
add_team: SUCCESS
add_team: SUCCESS
add_team: SUCCESS
add_team: SUCCESS
add_team: SUCCESS
add_team: SUCCESS
add_team: SUCCESS
add_team: SUCCESS
add_team: SUCCESS
add_team: SUCCESS
add_team: SUCCESS
add_team: SUCCESS
add_team: SUCCESS
add_team: SUCCESS
add_team: SUCCESS
add_team: SUCCESS
add_team: SUCCESS
add_team: SUCCESS
add_team: SUCCESS
add_team: SUCCESS
add_team: SUCCESS
add_team: SUCCESS
add_team: SUCCESS
add_team: SUCCESS
add_team: SUCCESS
add_team: SUCCESS
add_team: SUCCESS
add_team: SUCCESS
add_team: SUCCESS
add_team: SUCCESS
add_player: SUCCESS
add_player: SUCCESS
add_player: SUCCESS
add_player: SUCCESS
add_player: SUCCESS
add_player: SUCCESS
add_player: SUCCESS
add_player: SUCCESS
add_player: SUCCESS
add_player: SUCCESS
add_player: SUCCESS
add_player: SUCCESS
add_player: SUCCESS
add_player: SUCCESS
add_player: SUCCESS
add_player: SUCCESS
add_player: SUCCESS
add_player: SUCCESS
add_player: SUCCESS
add_player: SUCCESS
add_player: SUCCESS
add_player: SUCCESS
add_player: SUCCESS
add_player: SUCCESS
add_player: SUCCESS
add_player: SUCCESS
add_player: SUCCESS
add_player: SUCCESS
add_player: SUCCESS
add_player: SUCCESS
add_player: SUCCESS
add_player: SUCCESS
add_player: SUCCESS
add_player: SUCCESS
add_player: SUCCESS
add_player: SUCCESS
add_player: SUCCESS
add_player: SUCCESS
add_player: SUCCESS
add_player: SUCCESS
add_player: SUCCESS
add_player: SUCCESS
add_player: SUCCESS
add_player: SUCCESS
add_player: SUCCESS
add_player: SUCCESS
add_player: SUCCESS
add_player: SUCCESS
add_player: SUCCESS
add_player: SUCCESS
add_player: SUCCESS
add_player: SUCCESS
add_player: SUCCESS
add_player: SUCCESS
add_player: SUCCESS
add_player: SUCCESS
add_player: SUCCESS
add_player: SUCCESS
add_player: SUCCESS
add_player: SUCCESS
add_player: SUCCESS
add_player: SUCCESS
add_player: SUCCESS
add_player: SUCCESS
add_player: SUCCESS
add_player: SUCCESS
add_player: SUCCESS
add_player: SUCCESS
add_player: SUCCESS
add_player: SUCCESS
add_player: SUCCESS
add_player: SUCCESS
add_player: SUCCESS
add_player: SUCCESS
add_player: SUCCESS
add_player: SUCCESS
add_player: SUCCESS
add_player: SUCCESS
add_player: SUCCESS
add_player: SUCCESS
add_player: SUCCESS
add_player: SUCCESS
add_player: SUCCESS
add_player: SUCCESS
add_player: SUCCESS
add_player: SUCCESS
add_player: SUCCESS
add_player: SUCCESS
add_player: SUCCESS
add_player: SUCCESS
add_player: SUCCESS
add_player: SUCCESS
add_player: SUCCESS
add_player: SUCCESS
add_player: SUCCESS
add_player: SUCCESS
add_player: SUCCESS
add_player: SUCCESS
add_player: SUCCESS
add_player: SUCCESS
add_player: SUCCESS
get_ith_pointless_ability: SUCCESS, 46
buy_team: SUCCESS
add_player: SUCCESS
add_player: SUCCESS
buy_team: SUCCESS
buy_team: SUCCESS
get_ith_pointless_ability: FAILURE
remove_team: FAILURE
play_match: FAILURE
get_ith_pointless_ability: SUCCESS, 52
get_player_cards: SUCCESS, 6
buy_team: SUCCESS
get_ith_pointless_ability: SUCCESS, 52
play_match: FAILURE
play_match: FAILURE
add_player: SUCCESS
get_player_cards: SUCCESS, 199
num_played_games_for_player: SUCCESS, 22
num_played_games_for_player: SUCCESS, 22
add_team: SUCCESS
add_player: SUCCESS
add_player_cards: SUCCESS
num_played_games_for_player: SUCCESS, 22
get_ith_pointless_ability: SUCCESS, 81
add_player_cards: SUCCESS
buy_team: SUCCESS
num_played_games_for_player: SUCCESS, 22
get_player_cards: SUCCESS, 91
get_team_points: SUCCESS, 0
add_player: SUCCESS
add_player: SUCCESS
get_player_cards: SUCCESS, 212
get_ith_pointless_ability: FAILURE
play_match: FAILURE
add_player: SUCCESS
get_ith_pointless_ability: FAILURE
num_played_games_for_player: SUCCESS, 22
add_team: FAILURE
get_team_points: SUCCESS, 0
get_partial_spirit: SUCCESS, 1,2,3,4,5
add_player: SUCCESS
play_match: FAILURE
play_match: FAILURE
add_player_cards: SUCCESS
get_team_points: SUCCESS, 0
get_player_cards: SUCCESS, 31
add_player: SUCCESS
buy_team: SUCCESS
add_player: SUCCESS
get_team_points: SUCCESS, 0
add_player_cards: SUCCESS
buy_team: SUCCESS
buy_team: SUCCESS
get_ith_pointless_ability: FAILURE
get_partial_spirit: SUCCESS, 1,2,3,4,5
remove_team: FAILURE
get_team_points: SUCCESS, 0
num_played_games_for_player: SUCCESS, 22
add_player_cards: SUCCESS
buy_team: SUCCESS
add_player: SUCCESS
num_played_games_for_player: SUCCESS, 22
add_team: FAILURE
remove_team: FAILURE
get_ith_pointless_ability: SUCCESS, 75
add_player_cards: SUCCESS
add_team: FAILURE
add_player: SUCCESS
add_player_cards: SUCCESS
add_team: FAILURE
add_player: SUCCESS
buy_team: SUCCESS
add_team: FAILURE
get_player_cards: SUCCESS, 242
add_player: SUCCESS
remove_team: FAILURE
add_player: SUCCESS
buy_team: SUCCESS
add_player: SUCCESS
add_player: SUCCESS
add_team: FAILURE
add_team: FAILURE
add_player: SUCCESS
num_played_games_for_player: SUCCESS, 22
get_team_points: SUCCESS, 0
buy_team: SUCCESS
get_ith_pointless_ability: FAILURE
add_player: FAILURE
get_ith_pointless_ability: SUCCESS, 72
buy_team: SUCCESS
add_team: FAILURE
get_ith_pointless_ability: FAILURE
buy_team: SUCCESS
get_partial_spirit: SUCCESS, 1,2,3,4,5
add_player: SUCCESS
get_team_points: SUCCESS, 0
get_player_cards: SUCCESS, 132
add_player: SUCCESS
get_team_points: SUCCESS, 0
get_player_cards: SUCCESS, 243
get_player_cards: SUCCESS, 154
add_team: FAILURE
get_ith_pointless_ability: FAILURE
num_played_games_for_player: SUCCESS, 22
play_match: SUCCESS, 1
add_player: FAILURE
get_partial_spirit: SUCCESS, 1,2,3,4,5
remove_team: FAILURE
add_player: SUCCESS
add_team: FAILURE
add_team: FAILURE
buy_team: SUCCESS
buy_team: SUCCESS
play_match: FAILURE
play_match: FAILURE
add_player: SUCCESS
add_player_cards: SUCCESS
get_player_cards: SUCCESS, 87
remove_team: FAILURE
num_played_games_for_player: SUCCESS, 22
get_partial_spirit: SUCCESS, 1,2,3,4,5
remove_team: FAILURE
get_player_cards: SUCCESS, 261
num_played_games_for_player: SUCCESS, 22
add_team: FAILURE
get_player_cards: SUCCESS, 247
play_match: FAILURE
add_team: FAILURE
get_partial_spirit: SUCCESS, 1,4,5,3,2
get_partial_spirit: SUCCESS, 1,2,3,4,5
get_ith_pointless_ability: SUCCESS, 21
add_player: SUCCESS
get_ith_pointless_ability: SUCCESS, 40
buy_team: SUCCESS
get_player_cards: SUCCESS, 291
play_match: SUCCESS, 1
get_player_cards: SUCCESS, 209
add_player: SUCCESS
num_played_games_for_player: SUCCESS, 22
play_match: FAILURE
remove_team: FAILURE
add_player: SUCCESS
get_team_points: SUCCESS, 0
add_player: SUCCESS
get_player_cards: SUCCESS, 243
num_played_games_for_player: SUCCESS, 22
get_ith_pointless_ability: FAILURE
add_player: SUCCESS
add_player: SUCCESS
add_team: FAILURE
add_player_cards: SUCCESS
add_player: SUCCESS
num_played_games_for_player: SUCCESS, 22
add_player: SUCCESS
add_player: SUCCESS
add_player: SUCCESS
get_player_cards: SUCCESS, 291
buy_team: SUCCESS
add_team: FAILURE
play_match: FAILURE
add_player: SUCCESS
get_partial_spirit: SUCCESS, 1,2,3,4,5
get_player_cards: SUCCESS, 108
add_player: FAILURE
add_team: FAILURE
get_ith_pointless_ability: FAILURE
get_ith_pointless_ability: SUCCESS, 22
add_player: SUCCESS
get_ith_pointless_ability: SUCCESS, 31
add_player_cards: SUCCESS
buy_team: SUCCESS
buy_team: SUCCESS
get_partial_spirit: SUCCESS, 1,2,3,4,5
add_player: FAILURE
add_team: FAILURE
buy_team: SUCCESS
num_played_games_for_player: SUCCESS, 22
play_match: FAILURE
remove_team: FAILURE
get_player_cards: SUCCESS, 42
remove_team: FAILURE
play_match: FAILURE
remove_team: FAILURE
get_team_points: SUCCESS, 0
add_player: SUCCESS
add_player: SUCCESS
get_team_points: SUCCESS, 0
add_player: SUCCESS
get_partial_spirit: SUCCESS, 1,2,3,4,5
get_player_cards: SUCCESS, 236
num_played_games_for_player: SUCCESS, 22
remove_team: FAILURE
get_team_points: SUCCESS, 0
get_player_cards: SUCCESS, 108
buy_team: SUCCESS
add_player: SUCCESS
add_player: SUCCESS
get_player_cards: SUCCESS, 12
add_player: SUCCESS
add_player: SUCCESS
buy_team: SUCCESS
get_player_cards: SUCCESS, 196
add_player: SUCCESS
play_match: FAILURE
get_player_cards: SUCCESS, 114
get_partial_spirit: SUCCESS, 1,2,3,4,5
add_player_cards: SUCCESS
add_player: SUCCESS
get_partial_spirit: SUCCESS, 1,2,3,4,5
get_partial_spirit: SUCCESS, 1,2,3,4,5
add_player: FAILURE
get_partial_spirit: SUCCESS, 3,2,5,1,4
add_team: FAILURE
get_partial_spirit: SUCCESS, 1,2,3,4,5
add_player: SUCCESS
num_played_games_for_player: SUCCESS, 22
add_player: FAILURE
get_ith_pointless_ability: FAILURE
add_player: FAILURE
add_player: SUCCESS
buy_team: SUCCESS
add_player: SUCCESS
add_player: SUCCESS
num_played_games_for_player: SUCCESS, 22
play_match: FAILURE
add_team: FAILURE
add_player_cards: SUCCESS
num_played_games_for_player: SUCCESS, 22
add_player: SUCCESS
buy_team: SUCCESS
get_partial_spirit: SUCCESS, 1,2,3,4,5
get_ith_pointless_ability: FAILURE
get_team_points: SUCCESS, 0
remove_team: FAILURE
get_team_points: SUCCESS, 0
remove_team: FAILURE
play_match: SUCCESS, 3
add_team: FAILURE
add_team: FAILURE
add_player_cards: SUCCESS
get_partial_spirit: SUCCESS, 1,2,3,4,5
add_player: SUCCESS
add_team: FAILURE
get_team_points: SUCCESS, 3
add_player: FAILURE
get_ith_pointless_ability: FAILURE
play_match: FAILURE
get_partial_spirit: SUCCESS, 1,2,3,4,5
add_player: SUCCESS
add_team: FAILURE
buy_team: SUCCESS
add_player: SUCCESS
remove_team: FAILURE
add_player_cards: SUCCESS
add_player: SUCCESS
get_partial_spirit: SUCCESS, 1,2,3,4,5
get_team_points: SUCCESS, 0
add_player_cards: SUCCESS
add_player: FAILURE
get_ith_pointless_ability: FAILURE
buy_team: SUCCESS
get_partial_spirit: SUCCESS, 1,2,3,4,5
add_player_cards: SUCCESS
get_partial_spirit: SUCCESS, 1,2,3,4,5
add_player_cards: SUCCESS
add_player: SUCCESS
get_partial_spirit: SUCCESS, 1,2,3,4,5
add_team: FAILURE
play_match: FAILURE
get_player_cards: SUCCESS, 123
add_player: SUCCESS
remove_team: FAILURE
get_player_cards: SUCCESS, 214
get_player_cards: SUCCESS, 168
add_team: FAILURE
get_player_cards: SUCCESS, 126
add_player_cards: SUCCESS
num_played_games_for_player: SUCCESS, 22
add_player_cards: SUCCESS
get_ith_pointless_ability: FAILURE
get_team_points: SUCCESS, 0
num_played_games_for_player: SUCCESS, 22
get_player_cards: SUCCESS, 197
add_team: FAILURE
num_played_games_for_player: SUCCESS, 22
get_partial_spirit: SUCCESS, 1,2,3,4,5
add_player: SUCCESS
add_team: FAILURE
get_partial_spirit: SUCCESS, 2,4,3,1,5
num_played_games_for_player: SUCCESS, 22
add_team: FAILURE
get_player_cards: SUCCESS, 217
num_played_games_for_player: SUCCESS, 22
get_partial_spirit: SUCCESS, 1,5,3,2,4
num_played_games_for_player: SUCCESS, 22
remove_team: FAILURE
add_player: SUCCESS
add_player: SUCCESS
add_player: FAILURE
get_player_cards: SUCCESS, 248
play_match: FAILURE
add_player_cards: SUCCESS
get_partial_spirit: SUCCESS, 4,5,1,3,2
add_player_cards: SUCCESS
add_team: FAILURE
num_played_games_for_player: SUCCESS, 22
get_partial_spirit: SUCCESS, 2,3,4,1,5
num_played_games_for_player: SUCCESS, 22
num_played_games_for_player: SUCCESS, 22
add_player: SUCCESS
buy_team: SUCCESS
remove_team: FAILURE
num_played_games_for_player: SUCCESS, 22
get_ith_pointless_ability: FAILURE
add_player: FAILURE
get_player_cards: SUCCESS, 287
get_team_points: SUCCESS, 0
get_ith_pointless_ability: FAILURE
add_player: SUCCESS
add_player: SUCCESS
add_team: FAILURE
get_ith_pointless_ability: SUCCESS, 44
get_player_cards: SUCCESS, 123
add_player: SUCCESS
get_partial_spirit: SUCCESS, 1,3,5,2,4
get_player_cards: SUCCESS, 216
add_player_cards: SUCCESS
add_player: SUCCESS
get_team_points: SUCCESS, 0
get_ith_pointless_ability: FAILURE
add_team: FAILURE
get_player_cards: SUCCESS, 42
add_player_cards: SUCCESS
get_team_points: SUCCESS, 0
add_player: SUCCESS
add_team: FAILURE
add_player: SUCCESS
get_player_cards: SUCCESS, 247
add_player_cards: FAILURE
add_player: SUCCESS
add_team: FAILURE
add_player: SUCCESS
add_player: SUCCESS
buy_team: SUCCESS
get_player_cards: SUCCESS, 242
add_player: SUCCESS
get_ith_pointless_ability: SUCCESS, 26
remove_team: FAILURE
get_player_cards: SUCCESS, 45
get_partial_spirit: FAILURE
play_match: FAILURE
get_player_cards: SUCCESS, 41
add_player: SUCCESS
remove_team: FAILURE
add_player_cards: SUCCESS
get_team_points: SUCCESS, 0
get_ith_pointless_ability: SUCCESS, 4
play_match: FAILURE
play_match: FAILURE
get_team_points: SUCCESS, 0
get_partial_spirit: SUCCESS, 1,2,3,4,5
play_match: FAILURE
add_player: FAILURE
get_team_points: SUCCESS, 0
add_player_cards: SUCCESS
get_team_points: SUCCESS, 0
get_player_cards: SUCCESS, 265
add_player: FAILURE
play_match: FAILURE
add_player: FAILURE
add_team: FAILURE
play_match: FAILURE
buy_team: SUCCESS
get_ith_pointless_ability: SUCCESS, 24
buy_team: SUCCESS
add_player_cards: SUCCESS
get_partial_spirit: FAILURE
add_player_cards: SUCCESS
buy_team: SUCCESS
num_played_games_for_player: SUCCESS, 22
remove_team: FAILURE
get_partial_spirit: SUCCESS, 5,2,4,3,1
get_ith_pointless_ability: FAILURE
get_player_cards: SUCCESS, 53
play_match: FAILURE
get_player_cards: SUCCESS, 39
add_team: FAILURE
get_team_points: SUCCESS, 0
get_team_points: SUCCESS, 0
get_ith_pointless_ability: FAILURE
get_player_cards: SUCCESS, 421
buy_team: SUCCESS
add_team: FAILURE
add_player: SUCCESS
remove_team: FAILURE
get_player_cards: SUCCESS, 163
play_match: FAILURE
add_player_cards: SUCCESS
add_player_cards: SUCCESS
get_player_cards: SUCCESS, 299
get_team_points: SUCCESS, 0
get_ith_pointless_ability: SUCCESS, 98
get_partial_spirit: SUCCESS, 1,3,5,2,4
get_player_cards: SUCCESS, 196
play_match: FAILURE
get_ith_pointless_ability: FAILURE
add_player: SUCCESS
add_team: FAILURE
get_team_points: SUCCESS, 0
add_team: FAILURE
play_match: FAILURE
add_player: SUCCESS
add_team: FAILURE
add_player: SUCCESS
add_player: FAILURE
get_partial_spirit: SUCCESS, 1,2,3,4,5
get_team_points: SUCCESS, 0
add_team: FAILURE
add_player_cards: SUCCESS
get_ith_pointless_ability: SUCCESS, 31
add_player_cards: FAILURE
get_player_cards: SUCCESS, 106
remove_team: FAILURE
add_player_cards: SUCCESS
num_played_games_for_player: SUCCESS, 22
get_team_points: SUCCESS, 0
play_match: SUCCESS, 1
add_team: FAILURE
add_team: FAILURE
add_player: FAILURE
add_player: SUCCESS
get_team_points: SUCCESS, 0
add_player_cards: SUCCESS
get_ith_pointless_ability: SUCCESS, 90
num_played_games_for_player: SUCCESS, 22
get_player_cards: SUCCESS, 321
add_team: FAILURE
remove_team: FAILURE
remove_team: FAILURE
add_player: SUCCESS
num_played_games_for_player: SUCCESS, 22
get_player_cards: SUCCESS, 89
num_played_games_for_player: SUCCESS, 22
add_player_cards: SUCCESS
get_partial_spirit: SUCCESS, 1,5,3,4,2
get_team_points: SUCCESS, 0
play_match: FAILURE
add_player: FAILURE
add_player: FAILURE
get_team_points: SUCCESS, 0
add_player: FAILURE
num_played_games_for_player: SUCCESS, 22
remove_team: FAILURE
add_team: FAILURE
get_ith_pointless_ability: SUCCESS, 34
add_player: SUCCESS
add_team: FAILURE
buy_team: SUCCESS
get_ith_pointless_ability: SUCCESS, 23
buy_team: SUCCESS
remove_team: FAILURE
add_team: FAILURE
add_player: SUCCESS
play_match: SUCCESS, 3
add_player: SUCCESS
buy_team: SUCCESS
add_player: SUCCESS
remove_team: FAILURE
get_player_cards: SUCCESS, 236
num_played_games_for_player: SUCCESS, 22
get_player_cards: SUCCESS, 154
add_player_cards: SUCCESS
remove_team: FAILURE
get_player_cards: SUCCESS, 172
add_player: SUCCESS
get_team_points: SUCCESS, 0
get_partial_spirit: SUCCESS, 3,4,2,1,5
get_team_points: SUCCESS, 0
add_team: FAILURE
add_player: FAILURE
add_player_cards: SUCCESS
buy_team: SUCCESS
num_played_games_for_player: SUCCESS, 22
add_player_cards: SUCCESS
remove_team: FAILURE
add_team: FAILURE
add_player_cards: SUCCESS
get_ith_pointless_ability: SUCCESS, 34
add_team: FAILURE
add_player_cards: SUCCESS
get_team_points: SUCCESS, 0
get_player_cards: SUCCESS, 76
remove_team: FAILURE
get_ith_pointless_ability: SUCCESS, 24
add_player_cards: FAILURE
buy_team: SUCCESS
buy_team: SUCCESS
get_player_cards: SUCCESS, 96
get_ith_pointless_ability: SUCCESS, 98
get_player_cards: SUCCESS, 165
add_player: SUCCESS
play_match: SUCCESS, 1
num_played_games_for_player: SUCCESS, 22
get_team_points: SUCCESS, 0
num_played_games_for_player: SUCCESS, 22
add_team: FAILURE
get_partial_spirit: SUCCESS, 1,2,3,4,5
add_player: SUCCESS
get_partial_spirit: SUCCESS, 1,4,5,2,3
remove_team: FAILURE
buy_team: SUCCESS
get_team_points: FAILURE
get_team_points: SUCCESS, 0
add_player: SUCCESS
add_player_cards: FAILURE
get_team_points: SUCCESS, 0
get_player_cards: SUCCESS, 415
add_team: FAILURE
get_ith_pointless_ability: SUCCESS, 29
add_player: SUCCESS
add_player: FAILURE
get_partial_spirit: FAILURE
add_team: FAILURE
get_partial_spirit: SUCCESS, 4,3,2,5,1
num_played_games_for_player: SUCCESS, 22
add_player_cards: SUCCESS
remove_team: FAILURE
add_player: FAILURE
play_match: FAILURE
buy_team: SUCCESS
remove_team: FAILURE
get_team_points: SUCCESS, 0
get_partial_spirit: SUCCESS, 3,5,1,2,4
get_partial_spirit: SUCCESS, 1,4,2,3,5
add_player: SUCCESS
get_ith_pointless_ability: FAILURE
get_player_cards: SUCCESS, 223
buy_team: SUCCESS
add_player_cards: SUCCESS
buy_team: SUCCESS
add_player_cards: SUCCESS
play_match: FAILURE
add_player: FAILURE
num_played_games_for_player: SUCCESS, 22
play_match: SUCCESS, 3
buy_team: SUCCESS
add_player: SUCCESS
remove_team: FAILURE
add_team: FAILURE
get_ith_pointless_ability: SUCCESS, 65
num_played_games_for_player: SUCCESS, 22
num_played_games_for_player: SUCCESS, 22
play_match: SUCCESS, 1
add_player: SUCCESS
get_ith_pointless_ability: SUCCESS, 53
get_player_cards: SUCCESS, 76
get_partial_spirit: SUCCESS, 1,2,3,4,5
add_team: FAILURE
num_played_games_for_player: SUCCESS, 22
play_match: FAILURE
num_played_games_for_player: SUCCESS, 22
add_player: FAILURE
buy_team: SUCCESS
add_player: SUCCESS
play_match: FAILURE
get_team_points: SUCCESS, 0
add_team: FAILURE
play_match: FAILURE
buy_team: SUCCESS
add_player_cards: SUCCESS
num_played_games_for_player: SUCCESS, 22
buy_team: SUCCESS
add_team: FAILURE
get_partial_spirit: SUCCESS, 1,2,3,4,5
add_player: SUCCESS
play_match: FAILURE
get_partial_spirit: SUCCESS, 5,2,4,3,1
add_player_cards: FAILURE
get_team_points: SUCCESS, 0
num_played_games_for_player: SUCCESS, 22
play_match: FAILURE
get_partial_spirit: SUCCESS, 1,4,3,5,2
get_team_points: SUCCESS, 0
add_player: FAILURE
buy_team: SUCCESS
add_player: SUCCESS
play_match: SUCCESS, 3
get_partial_spirit: SUCCESS, 1,2,3,4,5
remove_team: FAILURE
buy_team: SUCCESS
get_player_cards: SUCCESS, 217
add_player: SUCCESS
add_player: SUCCESS
buy_team: SUCCESS
remove_team: FAILURE
add_player: SUCCESS
buy_team: SUCCESS
add_player_cards: SUCCESS
get_partial_spirit: SUCCESS, 5,3,2,1,4
add_player: SUCCESS
buy_team: SUCCESS
add_team: FAILURE
add_player_cards: SUCCESS
add_player: FAILURE
remove_team: FAILURE
get_player_cards: SUCCESS, 112
play_match: SUCCESS, 3
num_played_games_for_player: SUCCESS, 22
get_ith_pointless_ability: SUCCESS, 26
add_team: FAILURE
buy_team: SUCCESS
remove_team: FAILURE
add_player_cards: SUCCESS
get_team_points: SUCCESS, 0
add_player: FAILURE
get_player_cards: SUCCESS, 300
add_player: SUCCESS
add_team: FAILURE
buy_team: SUCCESS
get_player_cards: SUCCESS, 120
buy_team: SUCCESS
add_player: SUCCESS
remove_team: FAILURE
num_played_games_for_player: SUCCESS, 22
get_team_points: SUCCESS, 0
add_team: SUCCESS
add_player: SUCCESS
add_player: SUCCESS
play_match: FAILURE
get_partial_spirit: SUCCESS, 4,5,1,3,2
add_player: FAILURE
get_partial_spirit: SUCCESS, 1,2,3,4,5
get_ith_pointless_ability: FAILURE
get_partial_spirit: SUCCESS, 1,4,5,3,2
num_played_games_for_player: SUCCESS, 22
add_player: SUCCESS
num_played_games_for_player: SUCCESS, 22
play_match: FAILURE
add_player: FAILURE
num_played_games_for_player: SUCCESS, 22
num_played_games_for_player: SUCCESS, 22
add_player: FAILURE
buy_team: SUCCESS
get_partial_spirit: SUCCESS, 5,1,4,3,2
get_partial_spirit: SUCCESS, 1,2,3,4,5
get_ith_pointless_ability: SUCCESS, 4
buy_team: SUCCESS
add_player: FAILURE
add_player: FAILURE
remove_team: FAILURE
add_player: FAILURE
get_team_points: SUCCESS, 0
add_player: SUCCESS
remove_team: FAILURE
add_player_cards: SUCCESS
add_team: FAILURE
add_player_cards: SUCCESS
add_player: FAILURE
play_match: FAILURE
add_team: FAILURE
add_team: FAILURE
add_player: FAILURE
add_player: FAILURE
get_ith_pointless_ability: SUCCESS, 17
get_partial_spirit: SUCCESS, 1,2,3,4,5
get_player_cards: SUCCESS, 80
add_player: FAILURE
add_player: FAILURE
get_ith_pointless_ability: SUCCESS, 87
get_ith_pointless_ability: SUCCESS, 17
add_team: FAILURE
play_match: FAILURE
add_player: FAILURE
get_ith_pointless_ability: SUCCESS, 39
get_player_cards: SUCCESS, 210
add_player_cards: SUCCESS
remove_team: FAILURE
buy_team: SUCCESS
add_player: FAILURE
play_match: SUCCESS, 3
get_partial_spirit: SUCCESS, 1,2,3,4,5
get_partial_spirit: SUCCESS, 1,2,3,4,5
add_player: FAILURE
add_player: FAILURE
get_partial_spirit: SUCCESS, 5,1,4,3,2
play_match: FAILURE
get_ith_pointless_ability: FAILURE
get_ith_pointless_ability: FAILURE
add_player: FAILURE
add_player: FAILURE
get_ith_pointless_ability: SUCCESS, 23
add_player: FAILURE
add_player: FAILURE
add_player_cards: SUCCESS
remove_team: FAILURE
get_ith_pointless_ability: SUCCESS, 7
get_partial_spirit: FAILURE
add_player: FAILURE
buy_team: SUCCESS
remove_team: FAILURE
get_team_points: SUCCESS, 0
play_match: SUCCESS, 1
add_team: FAILURE
get_partial_spirit: SUCCESS, 4,3,2,5,1
add_team: FAILURE
buy_team: SUCCESS
remove_team: FAILURE
play_match: SUCCESS, 3
get_player_cards: SUCCESS, 210
get_partial_spirit: SUCCESS, 4,3,2,5,1
add_player: FAILURE
get_ith_pointless_ability: SUCCESS, 27
add_player: FAILURE
add_team: FAILURE
get_team_points: SUCCESS, 0
buy_team: SUCCESS
get_player_cards: SUCCESS, 234
add_player: FAILURE
remove_team: FAILURE
add_player_cards: SUCCESS
get_ith_pointless_ability: FAILURE
buy_team: SUCCESS
play_match: SUCCESS, 3
add_team: FAILURE
get_team_points: SUCCESS, 3
add_player: FAILURE
add_player: FAILURE
buy_team: SUCCESS
add_team: FAILURE
num_played_games_for_player: SUCCESS, 22
add_team: FAILURE
add_player: FAILURE
add_player_cards: SUCCESS
get_ith_pointless_ability: SUCCESS, 65
get_partial_spirit: FAILURE
add_player_cards: SUCCESS
get_ith_pointless_ability: FAILURE
add_player: FAILURE
add_player: FAILURE
get_partial_spirit: SUCCESS, 4,5,1,3,2
add_player_cards: SUCCESS
add_player: FAILURE
add_team: FAILURE
add_player: FAILURE
add_player: FAILURE
add_player_cards: SUCCESS
buy_team: SUCCESS
add_team: FAILURE
buy_team: SUCCESS
num_played_games_for_player: SUCCESS, 22
num_played_games_for_player: SUCCESS, 22
get_partial_spirit: SUCCESS, 1,2,3,4,5
play_match: FAILURE
remove_team: FAILURE
play_match: SUCCESS, 3
get_ith_pointless_ability: FAILURE
add_player: FAILURE
add_player_cards: SUCCESS
add_player: FAILURE
get_partial_spirit: SUCCESS, 2,3,4,5,1
add_player: FAILURE
get_team_points: SUCCESS, 0
add_player_cards: SUCCESS
get_team_points: SUCCESS, 0
get_partial_spirit: SUCCESS, 2,1,5,3,4
play_match: SUCCESS, 1
get_partial_spirit: SUCCESS, 1,2,3,4,5
buy_team: SUCCESS
get_partial_spirit: SUCCESS, 5,1,4,3,2
num_played_games_for_player: SUCCESS, 22
add_team: FAILURE
add_team: FAILURE
num_played_games_for_player: SUCCESS, 22
num_played_games_for_player: SUCCESS, 22
get_ith_pointless_ability: FAILURE
get_player_cards: SUCCESS, 214
get_team_points: SUCCESS, 3
add_player_cards: FAILURE
get_player_cards: SUCCESS, 160
add_player: FAILURE
add_team: FAILURE
buy_team: SUCCESS
play_match: FAILURE
num_played_games_for_player: SUCCESS, 22
add_player: FAILURE
get_ith_pointless_ability: SUCCESS, 64
buy_team: SUCCESS
add_player_cards: SUCCESS
play_match: SUCCESS, 1
add_player: FAILURE
add_player: FAILURE
get_ith_pointless_ability: FAILURE
add_player: FAILURE
add_team: FAILURE
get_team_points: SUCCESS, 0
get_team_points: SUCCESS, 0
get_ith_pointless_ability: SUCCESS, 98
buy_team: SUCCESS
add_player: FAILURE
buy_team: SUCCESS
get_team_points: SUCCESS, 3
add_team: FAILURE
buy_team: SUCCESS
get_partial_spirit: SUCCESS, 1,2,3,4,5
buy_team: SUCCESS
remove_team: FAILURE
get_team_points: SUCCESS, 0
get_team_points: FAILURE
get_ith_pointless_ability: FAILURE
add_team: FAILURE
get_ith_pointless_ability: SUCCESS, 61
get_partial_spirit: SUCCESS, 2,4,5,1,3
add_player: FAILURE
add_player: FAILURE
add_player: FAILURE
get_team_points: SUCCESS, 3
remove_team: FAILURE
remove_team: FAILURE
add_team: FAILURE
add_player: FAILURE
remove_team: FAILURE
add_player: FAILURE
get_team_points: SUCCESS, 0
get_partial_spirit: SUCCESS, 1,5,4,3,2
get_team_points: SUCCESS, 3
add_player_cards: SUCCESS
get_player_cards: SUCCESS, 199
get_player_cards: SUCCESS, 71
get_partial_spirit: SUCCESS, 4,5,1,3,2
play_match: FAILURE
get_partial_spirit: SUCCESS, 1,2,3,4,5
get_partial_spirit: SUCCESS, 3,2,1,5,4
add_team: FAILURE
get_team_points: SUCCESS, 0
buy_team: SUCCESS
play_match: FAILURE
get_partial_spirit: SUCCESS, 2,4,1,3,5
get_ith_pointless_ability: FAILURE
add_team: FAILURE
add_player: FAILURE
buy_team: SUCCESS
buy_team: SUCCESS
add_team: FAILURE
get_team_points: SUCCESS, 0
add_player: FAILURE
remove_team: FAILURE
get_partial_spirit: SUCCESS, 5,4,3,2,1
add_player: FAILURE
add_team: FAILURE
get_player_cards: SUCCESS, 249
play_match: FAILURE
get_team_points: SUCCESS, 0
get_player_cards: SUCCESS, 188
remove_team: FAILURE
play_match: FAILURE
get_team_points: SUCCESS, 0
add_player: FAILURE
num_played_games_for_player: SUCCESS, 22
num_played_games_for_player: SUCCESS, 22
remove_team: FAILURE
add_player: FAILURE
add_player_cards: FAILURE
get_ith_pointless_ability: SUCCESS, 69
num_played_games_for_player: SUCCESS, 22
num_played_games_for_player: SUCCESS, 22
buy_team: SUCCESS
get_partial_spirit: FAILURE
add_team: FAILURE
add_team: FAILURE
add_player_cards: FAILURE
get_team_points: SUCCESS, 0
get_partial_spirit: FAILURE
add_team: FAILURE
get_player_cards: SUCCESS, 121
add_team: FAILURE
play_match: FAILURE
add_team: FAILURE
get_partial_spirit: SUCCESS, 1,5,2,3,4
add_player: FAILURE
add_player: FAILURE
remove_team: FAILURE
add_player: FAILURE
add_player: FAILURE
remove_team: FAILURE
remove_team: FAILURE
buy_team: SUCCESS
add_player: FAILURE
add_player: FAILURE
buy_team: SUCCESS
get_team_points: SUCCESS, 3
get_partial_spirit: SUCCESS, 4,2,3,5,1
play_match: FAILURE
add_player: FAILURE
play_match: FAILURE
get_team_points: SUCCESS, 0
get_partial_spirit: SUCCESS, 4,3,2,5,1
buy_team: SUCCESS
get_player_cards: SUCCESS, 247
add_player: FAILURE
add_team: FAILURE
get_ith_pointless_ability: SUCCESS, 90
get_team_points: SUCCESS, 0
add_player: FAILURE
get_partial_spirit: SUCCESS, 3,5,1,2,4
add_player_cards: SUCCESS
buy_team: SUCCESS
get_ith_pointless_ability: SUCCESS, 61
buy_team: SUCCESS
add_player: FAILURE
play_match: SUCCESS, 1
add_player: FAILURE
num_played_games_for_player: SUCCESS, 22
num_played_games_for_player: SUCCESS, 22
get_partial_spirit: SUCCESS, 1,5,4,3,2
add_player: FAILURE
get_ith_pointless_ability: FAILURE
remove_team: FAILURE
add_player: FAILURE
get_team_points: SUCCESS, 0
get_ith_pointless_ability: SUCCESS, 69
get_team_points: SUCCESS, 0
get_partial_spirit: SUCCESS, 2,4,1,3,5
num_played_games_for_player: SUCCESS, 22
get_team_points: SUCCESS, 0
get_ith_pointless_ability: SUCCESS, 98
add_player_cards: FAILURE
get_ith_pointless_ability: FAILURE
get_team_points: SUCCESS, 3
get_partial_spirit: FAILURE
play_match: FAILURE
buy_team: SUCCESS
get_partial_spirit: SUCCESS, 1,2,3,4,5
add_player: FAILURE
get_team_points: SUCCESS, 0
add_player: FAILURE
num_played_games_for_player: SUCCESS, 22
buy_team: SUCCESS
get_player_cards: SUCCESS, 462
add_player: FAILURE
get_partial_spirit: SUCCESS, 1,2,3,4,5
buy_team: SUCCESS
buy_team: SUCCESS
remove_team: FAILURE
add_player: FAILURE
num_played_games_for_player: SUCCESS, 22
get_team_points: FAILURE
num_played_games_for_player: SUCCESS, 22
add_player: FAILURE
add_player: FAILURE
get_ith_pointless_ability: FAILURE
buy_team: SUCCESS
get_team_points: SUCCESS, 0
get_ith_pointless_ability: SUCCESS, 69
buy_team: SUCCESS
add_player: FAILURE
remove_team: FAILURE
add_team: FAILURE
remove_team: FAILURE
num_played_games_for_player: SUCCESS, 22
add_player_cards: SUCCESS
add_player_cards: SUCCESS
add_player: FAILURE
get_player_cards: SUCCESS, 236
get_ith_pointless_ability: SUCCESS, 52
get_ith_pointless_ability: SUCCESS, 81
add_player: FAILURE
add_player: FAILURE
get_team_points: SUCCESS, 3
add_player: FAILURE
get_ith_pointless_ability: SUCCESS, 87
add_player: FAILURE
play_match: FAILURE
add_team: FAILURE
get_ith_pointless_ability: SUCCESS, 46
get_team_points: FAILURE
get_ith_pointless_ability: SUCCESS, 22
play_match: FAILURE
remove_team: FAILURE
get_team_points: SUCCESS, 3
add_player: FAILURE
get_partial_spirit: FAILURE
get_team_points: SUCCESS, 0
play_match: FAILURE
add_player: FAILURE
add_player_cards: SUCCESS
get_team_points: FAILURE
add_team: FAILURE
num_played_games_for_player: SUCCESS, 22
num_played_games_for_player: SUCCESS, 22
play_match: FAILURE
buy_team: SUCCESS
remove_team: FAILURE
remove_team: FAILURE
play_match: FAILURE
get_player_cards: SUCCESS, 247
buy_team: SUCCESS
get_ith_pointless_ability: SUCCESS, 95
add_team: FAILURE
add_player: FAILURE
