add_team: SUCCESS
add_team: SUCCESS
add_team: SUCCESS
add_team: SUCCESS
add_team: SUCCESS
add_team: SUCCESS
add_team: SUCCESS
add_team: SUCCESS
add_team: SUCCESS
add_team: SUCCESS
add_team: SUCCESS
add_team: SUCCESS
add_team: SUCCESS
add_team: SUCCESS
add_team: SUCCESS
add_team: SUCCESS
add_team: SUCCESS
add_team: SUCCESS
add_team: SUCCESS
add_team: SUCCESS
add_team: SUCCESS
add_team: SUCCESS
add_team: SUCCESS
add_team: SUCCESS
add_team: SUCCESS
add_team: SUCCESS
add_team: SUCCESS
add_team: SUCCESS
add_team: SUCCESS
add_team: SUCCESS
add_team: SUCCESS
add_team: SUCCESS
add_team: SUCCESS
add_team: SUCCESS
add_team: SUCCESS
add_team: SUCCESS
add_team: SUCCESS
add_team: SUCCESS
add_team: SUCCESS
add_team: SUCCESS
add_team: SUCCESS
add_team: SUCCESS
add_team: SUCCESS
add_team: SUCCESS
add_team: SUCCESS
add_team: SUCCESS
add_team: SUCCESS
add_team: SUCCESS
add_team: SUCCESS
add_team: SUCCESS
add_team: SUCCESS
add_team: SUCCESS
add_team: SUCCESS
add_team: SUCCESS
add_team: SUCCESS
add_team: SUCCESS
add_team: SUCCESS
add_team: SUCCESS
add_team: SUCCESS
add_team: SUCCESS
add_team: SUCCESS
add_team: SUCCESS
add_team: SUCCESS
add_team: SUCCESS
add_team: SUCCESS
add_team: SUCCESS
add_team: SUCCESS
add_team: SUCCESS
add_team: SUCCESS
add_team: SUCCESS
add_team: SUCCESS
add_team: SUCCESS
add_team: SUCCESS
add_team: SUCCESS
add_team: SUCCESS
add_team: SUCCESS
add_team: SUCCESS
add_team: SUCCESS
add_team: SUCCESS
add_team: SUCCESS
add_team: SUCCESS
add_team: SUCCESS
add_team: SUCCESS
add_team: SUCCESS
add_team: SUCCESS
add_team: SUCCESS
add_team: SUCCESS
add_team: SUCCESS
add_team: SUCCESS
add_team: SUCCESS
add_team: SUCCESS
add_team: SUCCESS
add_team: SUCCESS
add_team: SUCCESS
add_team: SUCCESS
add_team: SUCCESS
add_team: SUCCESS
add_team: SUCCESS
add_team: SUCCESS
add_team: SUCCESS
add_player: SUCCESS
add_player: SUCCESS
add_player: SUCCESS
add_player: SUCCESS
add_player: SUCCESS
add_player: SUCCESS
add_player: SUCCESS
add_player: SUCCESS
add_player: SUCCESS
add_player: SUCCESS
add_player: SUCCESS
add_player: SUCCESS
add_player: SUCCESS
add_player: SUCCESS
add_player: SUCCESS
add_player: SUCCESS
add_player: SUCCESS
add_player: SUCCESS
add_player: SUCCESS
add_player: SUCCESS
add_player: SUCCESS
add_player: SUCCESS
add_player: SUCCESS
add_player: SUCCESS
add_player: SUCCESS
add_player: SUCCESS
add_player: SUCCESS
add_player: SUCCESS
add_player: SUCCESS
add_player: SUCCESS
add_player: SUCCESS
add_player: SUCCESS
add_player: SUCCESS
add_player: SUCCESS
add_player: SUCCESS
add_player: SUCCESS
add_player: SUCCESS
add_player: SUCCESS
add_player: SUCCESS
add_player: SUCCESS
add_player: SUCCESS
add_player: SUCCESS
add_player: SUCCESS
add_player: SUCCESS
add_player: SUCCESS
add_player: SUCCESS
add_player: SUCCESS
add_player: SUCCESS
add_player: SUCCESS
add_player: SUCCESS
add_player: SUCCESS
add_player: SUCCESS
add_player: SUCCESS
add_player: SUCCESS
add_player: SUCCESS
add_player: SUCCESS
add_player: SUCCESS
add_player: SUCCESS
add_player: SUCCESS
add_player: SUCCESS
add_player: SUCCESS
add_player: SUCCESS
add_player: SUCCESS
add_player: SUCCESS
add_player: SUCCESS
add_player: SUCCESS
add_player: SUCCESS
add_player: SUCCESS
add_player: SUCCESS
add_player: SUCCESS
add_player: SUCCESS
add_player: SUCCESS
add_player: SUCCESS
add_player: SUCCESS
add_player: SUCCESS
add_player: SUCCESS
add_player: SUCCESS
add_player: SUCCESS
add_player: SUCCESS
add_player: SUCCESS
add_player: SUCCESS
add_player: SUCCESS
add_player: SUCCESS
add_player: SUCCESS
add_player: SUCCESS
add_player: SUCCESS
add_player: SUCCESS
add_player: SUCCESS
add_player: SUCCESS
add_player: SUCCESS
add_player: SUCCESS
add_player: SUCCESS
add_player: SUCCESS
add_player: SUCCESS
add_player: SUCCESS
add_player: SUCCESS
add_player: SUCCESS
add_player: SUCCESS
add_player: SUCCESS
add_player: SUCCESS
get_player_cards: SUCCESS, 210
num_played_games_for_player: SUCCESS, 22
buy_team: SUCCESS
add_team: SUCCESS
add_player: SUCCESS
play_match: FAILURE
play_match: FAILURE
get_player_cards: SUCCESS, 226
add_player: SUCCESS
get_player_cards: SUCCESS, 269
get_team_points: SUCCESS, 0
num_played_games_for_player: SUCCESS, 22
get_player_cards: SUCCESS, 59
get_team_points: SUCCESS, 0
add_player: SUCCESS
get_partial_spirit: SUCCESS, 1,2,3,4,5
remove_team: FAILURE
add_player: SUCCESS
num_played_games_for_player: SUCCESS, 22
get_player_cards: SUCCESS, 243
get_player_cards: SUCCESS, 279
add_player: SUCCESS
add_team: FAILURE
add_player_cards: SUCCESS
get_team_points: SUCCESS, 0
add_player: SUCCESS
add_team: FAILURE
add_player_cards: SUCCESS
get_team_points: SUCCESS, 0
get_ith_pointless_ability: SUCCESS, 66
get_player_cards: SUCCESS, 295
add_player: SUCCESS
add_player_cards: SUCCESS
add_player: SUCCESS
add_player: SUCCESS
num_played_games_for_player: SUCCESS, 22
get_player_cards: SUCCESS, 26
add_player: SUCCESS
add_player_cards: SUCCESS
add_team: FAILURE
get_ith_pointless_ability: SUCCESS, 74
get_player_cards: SUCCESS, 279
add_player: SUCCESS
remove_team: FAILURE
remove_team: FAILURE
play_match: FAILURE
buy_team: SUCCESS
num_played_games_for_player: SUCCESS, 22
get_team_points: SUCCESS, 0
num_played_games_for_player: SUCCESS, 22
get_team_points: SUCCESS, 0
add_team: FAILURE
add_player: SUCCESS
add_player: SUCCESS
get_partial_spirit: SUCCESS, 1,2,3,4,5
add_player: SUCCESS
buy_team: SUCCESS
get_team_points: SUCCESS, 0
add_player: SUCCESS
add_player: SUCCESS
remove_team: FAILURE
get_team_points: SUCCESS, 0
buy_team: SUCCESS
add_player: SUCCESS
buy_team: SUCCESS
play_match: FAILURE
add_player: SUCCESS
get_team_points: SUCCESS, 0
remove_team: FAILURE
add_player: SUCCESS
get_team_points: SUCCESS, 0
get_team_points: SUCCESS, 0
num_played_games_for_player: SUCCESS, 22
get_ith_pointless_ability: FAILURE
add_player: SUCCESS
get_team_points: SUCCESS, 0
num_played_games_for_player: SUCCESS, 22
get_player_cards: SUCCESS, 277
add_player: SUCCESS
get_partial_spirit: SUCCESS, 4,1,2,3,5
add_player_cards: SUCCESS
add_team: FAILURE
add_player: SUCCESS
add_player: SUCCESS
add_player_cards: SUCCESS
play_match: FAILURE
add_player: SUCCESS
add_team: FAILURE
remove_team: FAILURE
add_player: SUCCESS
num_played_games_for_player: SUCCESS, 22
add_player: SUCCESS
get_player_cards: SUCCESS, 262
get_ith_pointless_ability: SUCCESS, 46
add_player: SUCCESS
get_partial_spirit: SUCCESS, 1,2,3,4,5
get_partial_spirit: SUCCESS, 1,2,3,4,5
get_ith_pointless_ability: FAILURE
get_partial_spirit: SUCCESS, 1,2,3,4,5
buy_team: SUCCESS
get_ith_pointless_ability: SUCCESS, 66
add_player: SUCCESS
get_partial_spirit: SUCCESS, 1,2,3,4,5
add_player: SUCCESS
get_team_points: SUCCESS, 0
add_player: SUCCESS
buy_team: SUCCESS
add_player_cards: SUCCESS
add_player: SUCCESS
get_ith_pointless_ability: FAILURE
get_player_cards: SUCCESS, 269
add_player: SUCCESS
play_match: SUCCESS, 1
get_player_cards: SUCCESS, 290
buy_team: SUCCESS
get_partial_spirit: SUCCESS, 1,2,3,4,5
remove_team: FAILURE
get_partial_spirit: SUCCESS, 5,3,2,1,4
add_player: SUCCESS
get_partial_spirit: SUCCESS, 1,2,3,4,5
add_team: FAILURE
add_player_cards: SUCCESS
get_team_points: SUCCESS, 3
add_player: SUCCESS
get_team_points: SUCCESS, 0
add_player: SUCCESS
add_team: FAILURE
get_team_points: SUCCESS, 0
num_played_games_for_player: SUCCESS, 22
get_player_cards: SUCCESS, 13
get_ith_pointless_ability: SUCCESS, 74
add_player: SUCCESS
add_player: SUCCESS
get_player_cards: SUCCESS, 60
get_player_cards: SUCCESS, 85
play_match: FAILURE
get_ith_pointless_ability: FAILURE
get_team_points: SUCCESS, 0
add_player: SUCCESS
get_player_cards: SUCCESS, 214
add_player_cards: SUCCESS
num_played_games_for_player: SUCCESS, 22
num_played_games_for_player: SUCCESS, 22
add_player: SUCCESS
get_player_cards: SUCCESS, 22
get_ith_pointless_ability: SUCCESS, 1
add_player: SUCCESS
add_player: SUCCESS
num_played_games_for_player: SUCCESS, 22
add_player: FAILURE
get_ith_pointless_ability: FAILURE
get_player_cards: SUCCESS, 10
buy_team: SUCCESS
add_player_cards: SUCCESS
add_player: SUCCESS
add_team: FAILURE
buy_team: SUCCESS
buy_team: SUCCESS
add_team: FAILURE
get_team_points: SUCCESS, 0
num_played_games_for_player: SUCCESS, 22
add_player: SUCCESS
add_player: SUCCESS
add_player: SUCCESS
get_ith_pointless_ability: FAILURE
add_player: SUCCESS
num_played_games_for_player: SUCCESS, 22
buy_team: SUCCESS
add_player: SUCCESS
get_ith_pointless_ability: SUCCESS, 8
get_team_points: SUCCESS, 0
get_ith_pointless_ability: SUCCESS, 92
add_player_cards: SUCCESS
add_player: SUCCESS
get_team_points: SUCCESS, 0
get_ith_pointless_ability: SUCCESS, 14
add_player_cards: SUCCESS
get_partial_spirit: SUCCESS, 1,2,3,4,5
num_played_games_for_player: SUCCESS, 22
buy_team: SUCCESS
get_partial_spirit: SUCCESS, 1,2,3,4,5
buy_team: SUCCESS
add_player: SUCCESS
play_match: FAILURE
play_match: FAILURE
get_player_cards: SUCCESS, 125
get_partial_spirit: SUCCESS, 4,5,3,2,1
buy_team: SUCCESS
get_player_cards: SUCCESS, 286
add_player: SUCCESS
add_player_cards: SUCCESS
add_player: SUCCESS
add_player: SUCCESS
add_player: SUCCESS
remove_team: FAILURE
get_partial_spirit: SUCCESS, 1,2,3,4,5
get_partial_spirit: SUCCESS, 5,4,1,3,2
num_played_games_for_player: SUCCESS, 22
add_player_cards: SUCCESS
play_match: FAILURE
add_team: FAILURE
remove_team: FAILURE
get_player_cards: SUCCESS, 8
num_played_games_for_player: SUCCESS, 22
buy_team: SUCCESS
get_player_cards: SUCCESS, 98
add_player: SUCCESS
get_player_cards: SUCCESS, 127
add_player: SUCCESS
play_match: FAILURE
add_player_cards: SUCCESS
get_ith_pointless_ability: FAILURE
get_ith_pointless_ability: SUCCESS, 91
add_player: FAILURE
add_player: SUCCESS
get_ith_pointless_ability: FAILURE
get_ith_pointless_ability: SUCCESS, 68
get_partial_spirit: SUCCESS, 4,5,3,1,2
buy_team: SUCCESS
play_match: FAILURE
play_match: SUCCESS, 1
buy_team: SUCCESS
play_match: FAILURE
add_player: FAILURE
add_team: FAILURE
get_team_points: SUCCESS, 0
get_player_cards: SUCCESS, 56
add_player: SUCCESS
play_match: FAILURE
play_match: SUCCESS, 3
get_partial_spirit: SUCCESS, 1,2,3,4,5
add_player_cards: SUCCESS
add_team: FAILURE
add_team: FAILURE
get_ith_pointless_ability: SUCCESS, 63
play_match: FAILURE
add_player: SUCCESS
play_match: FAILURE
buy_team: SUCCESS
add_player: SUCCESS
remove_team: FAILURE
add_player: SUCCESS
get_team_points: SUCCESS, 0
play_match: SUCCESS, 1
add_team: FAILURE
play_match: FAILURE
buy_team: SUCCESS
add_player_cards: SUCCESS
play_match: FAILURE
get_partial_spirit: SUCCESS, 4,1,2,3,5
get_team_points: SUCCESS, 0
remove_team: FAILURE
get_team_points: SUCCESS, 0
buy_team: SUCCESS
num_played_games_for_player: SUCCESS, 22
num_played_games_for_player: SUCCESS, 22
get_partial_spirit: SUCCESS, 1,4,3,5,2
buy_team: SUCCESS
get_player_cards: SUCCESS, 236
get_ith_pointless_ability: FAILURE
get_player_cards: SUCCESS, 61
play_match: FAILURE
get_partial_spirit: SUCCESS, 2,5,4,3,1
add_player: SUCCESS
get_player_cards: SUCCESS, 267
get_ith_pointless_ability: SUCCESS, 60
add_player: FAILURE
add_player: FAILURE
get_ith_pointless_ability: SUCCESS, 76
get_ith_pointless_ability: SUCCESS, 2
play_match: FAILURE
num_played_games_for_player: SUCCESS, 22
play_match: FAILURE
remove_team: FAILURE
add_team: FAILURE
add_player: SUCCESS
remove_team: FAILURE
add_player: SUCCESS
get_ith_pointless_ability: SUCCESS, 59
get_ith_pointless_ability: SUCCESS, 88
get_player_cards: SUCCESS, 8
add_team: FAILURE
add_team: FAILURE
remove_team: FAILURE
get_ith_pointless_ability: SUCCESS, 16
add_player: SUCCESS
buy_team: SUCCESS
remove_team: FAILURE
get_partial_spirit: SUCCESS, 5,2,3,4,1
num_played_games_for_player: SUCCESS, 22
num_played_games_for_player: SUCCESS, 22
buy_team: SUCCESS
add_player: SUCCESS
add_player: SUCCESS
add_player_cards: SUCCESS
get_team_points: SUCCESS, 0
add_player: SUCCESS
add_player: SUCCESS
get_partial_spirit: SUCCESS, 1,2,3,4,5
play_match: SUCCESS, 3
add_player: SUCCESS
get_team_points: SUCCESS, 0
add_player: SUCCESS
add_team: FAILURE
add_player: FAILURE
get_partial_spirit: SUCCESS, 2,3,1,5,4
add_player: SUCCESS
play_match: FAILURE
buy_team: SUCCESS
get_ith_pointless_ability: FAILURE
remove_team: FAILURE
get_ith_pointless_ability: SUCCESS, 75
get_ith_pointless_ability: SUCCESS, 76
get_partial_spirit: SUCCESS, 1,2,3,4,5
remove_team: FAILURE
add_player: SUCCESS
get_team_points: SUCCESS, 0
add_player: FAILURE
add_player: SUCCESS
add_player: SUCCESS
get_player_cards: SUCCESS, 41
get_player_cards: SUCCESS, 25
num_played_games_for_player: SUCCESS, 22
add_player: SUCCESS
add_team: FAILURE
get_ith_pointless_ability: SUCCESS, 88
get_player_cards: SUCCESS, 95
get_team_points: SUCCESS, 0
get_team_points: FAILURE
get_ith_pointless_ability: SUCCESS, 48
add_player_cards: SUCCESS
add_player: SUCCESS
buy_team: SUCCESS
play_match: SUCCESS, 1
remove_team: FAILURE
num_played_games_for_player: SUCCESS, 22
add_team: FAILURE
play_match: FAILURE
buy_team: SUCCESS
buy_team: SUCCESS
buy_team: SUCCESS
add_player_cards: SUCCESS
add_player: FAILURE
get_ith_pointless_ability: SUCCESS, 76
add_team: FAILURE
buy_team: SUCCESS
add_team: FAILURE
add_player: FAILURE
add_team: FAILURE
add_player: FAILURE
get_player_cards: SUCCESS, 23
num_played_games_for_player: SUCCESS, 22
get_player_cards: SUCCESS, 91
num_played_games_for_player: SUCCESS, 22
add_player: SUCCESS
get_team_points: SUCCESS, 0
play_match: FAILURE
add_team: FAILURE
remove_team: FAILURE
add_team: FAILURE
get_partial_spirit: SUCCESS, 5,1,2,3,4
get_partial_spirit: SUCCESS, 1,2,3,4,5
buy_team: SUCCESS
add_player: SUCCESS
add_player: SUCCESS
add_team: FAILURE
remove_team: FAILURE
buy_team: SUCCESS
add_player_cards: SUCCESS
buy_team: SUCCESS
num_played_games_for_player: SUCCESS, 22
num_played_games_for_player: SUCCESS, 22
add_player_cards: SUCCESS
get_player_cards: SUCCESS, 246
get_partial_spirit: SUCCESS, 2,4,1,5,3
get_partial_spirit: SUCCESS, 1,2,3,4,5
add_player: SUCCESS
get_team_points: SUCCESS, 0
get_player_cards: SUCCESS, 276
add_team: FAILURE
get_team_points: SUCCESS, 0
add_player_cards: SUCCESS
get_player_cards: SUCCESS, 22
add_player: SUCCESS
add_player_cards: SUCCESS
buy_team: SUCCESS
add_player: FAILURE
remove_team: FAILURE
get_team_points: SUCCESS, 0
add_player: SUCCESS
get_player_cards: SUCCESS, 80
get_ith_pointless_ability: SUCCESS, 46
add_player: FAILURE
num_played_games_for_player: SUCCESS, 22
add_player: SUCCESS
remove_team: FAILURE
get_team_points: SUCCESS, 0
play_match: SUCCESS, 1
get_partial_spirit: SUCCESS, 5,4,1,3,2
get_partial_spirit: SUCCESS, 1,2,3,4,5
play_match: FAILURE
add_player_cards: SUCCESS
get_team_points: SUCCESS, 0
buy_team: SUCCESS
add_player: SUCCESS
num_played_games_for_player: SUCCESS, 22
play_match: SUCCESS, 1
buy_team: SUCCESS
get_player_cards: SUCCESS, 164
add_team: FAILURE
add_player_cards: SUCCESS
play_match: SUCCESS, 1
remove_team: FAILURE
add_player: SUCCESS
get_ith_pointless_ability: SUCCESS, 63
remove_team: FAILURE
num_played_games_for_player: SUCCESS, 22
num_played_games_for_player: SUCCESS, 22
get_team_points: SUCCESS, 3
get_team_points: SUCCESS, 0
get_partial_spirit: SUCCESS, 1,2,3,4,5
add_player: SUCCESS
buy_team: SUCCESS
get_team_points: SUCCESS, 0
get_team_points: SUCCESS, 0
add_team: FAILURE
add_player: SUCCESS
get_team_points: SUCCESS, 0
num_played_games_for_player: SUCCESS, 22
add_player: SUCCESS
num_played_games_for_player: SUCCESS, 22
play_match: FAILURE
buy_team: SUCCESS
add_player_cards: SUCCESS
add_player: SUCCESS
add_player: SUCCESS
remove_team: FAILURE
get_partial_spirit: SUCCESS, 2,3,5,4,1
get_ith_pointless_ability: SUCCESS, 66
get_partial_spirit: SUCCESS, 1,2,3,4,5
play_match: FAILURE
get_partial_spirit: SUCCESS, 1,2,3,4,5
get_team_points: SUCCESS, 0
buy_team: SUCCESS
get_team_points: SUCCESS, 0
add_player: SUCCESS
play_match: FAILURE
get_partial_spirit: SUCCESS, 1,2,4,5,3
play_match: SUCCESS, 3
get_player_cards: SUCCESS, 171
add_player: FAILURE
add_player: SUCCESS
add_player: SUCCESS
get_ith_pointless_ability: SUCCESS, 42
get_player_cards: SUCCESS, 138
buy_team: SUCCESS
add_player: SUCCESS
num_played_games_for_player: SUCCESS, 22
add_player: FAILURE
add_player: FAILURE
num_played_games_for_player: SUCCESS, 22
get_partial_spirit: SUCCESS, 1,2,3,4,5
num_played_games_for_player: SUCCESS, 22
add_player_cards: SUCCESS
add_player: SUCCESS
num_played_games_for_player: SUCCESS, 22
play_match: FAILURE
get_player_cards: SUCCESS, 86
buy_team: SUCCESS
add_player: SUCCESS
remove_team: FAILURE
add_player: SUCCESS
play_match: FAILURE
get_team_points: SUCCESS, 0
get_team_points: SUCCESS, 0
add_team: FAILURE
get_player_cards: SUCCESS, 210
add_team: FAILURE
add_player: SUCCESS
remove_team: FAILURE
add_player: SUCCESS
add_player: FAILURE
remove_team: FAILURE
add_player_cards: SUCCESS
add_player: FAILURE
add_team: FAILURE
add_player: SUCCESS
add_player: FAILURE
num_played_games_for_player: SUCCESS, 22
add_player_cards: SUCCESS
num_played_games_for_player: SUCCESS, 22
get_team_points: FAILURE
add_player: SUCCESS
add_player_cards: SUCCESS
add_player: SUCCESS
add_player: SUCCESS
get_team_points: SUCCESS, 3
add_player: SUCCESS
num_played_games_for_player: SUCCESS, 22
play_match: FAILURE
get_player_cards: SUCCESS, 141
add_player_cards: SUCCESS
num_played_games_for_player: SUCCESS, 22
add_player_cards: SUCCESS
add_team: FAILURE
add_player: SUCCESS
add_team: FAILURE
add_player_cards: SUCCESS
remove_team: FAILURE
num_played_games_for_player: SUCCESS, 22
add_player: SUCCESS
add_team: FAILURE
get_ith_pointless_ability: SUCCESS, 44
remove_team: FAILURE
get_player_cards: SUCCESS, 63
add_player: FAILURE
add_player_cards: SUCCESS
add_player_cards: SUCCESS
add_player: SUCCESS
play_match: SUCCESS, 4
add_player: SUCCESS
get_partial_spirit: SUCCESS, 2,5,3,4,1
get_ith_pointless_ability: SUCCESS, 18
remove_team: FAILURE
add_team: FAILURE
remove_team: FAILURE
get_ith_pointless_ability: FAILURE
add_player_cards: SUCCESS
add_player: SUCCESS
get_team_points: SUCCESS, 0
buy_team: SUCCESS
add_player_cards: SUCCESS
buy_team: SUCCESS
add_team: FAILURE
num_played_games_for_player: SUCCESS, 22
add_player: SUCCESS
add_player_cards: SUCCESS
get_partial_spirit: SUCCESS, 3,2,4,5,1
play_match: FAILURE
get_ith_pointless_ability: SUCCESS, 25
get_player_cards: SUCCESS, 90
get_partial_spirit: SUCCESS, 5,2,4,1,3
get_partial_spirit: SUCCESS, 3,4,1,2,5
play_match: FAILURE
buy_team: SUCCESS
remove_team: FAILURE
get_partial_spirit: SUCCESS, 4,2,3,1,5
add_team: FAILURE
add_player_cards: SUCCESS
add_player: FAILURE
play_match: SUCCESS, 3
get_ith_pointless_ability: SUCCESS, 57
buy_team: SUCCESS
add_player: FAILURE
buy_team: SUCCESS
remove_team: FAILURE
get_partial_spirit: SUCCESS, 4,5,2,3,1
add_player: SUCCESS
play_match: SUCCESS, 1
add_team: FAILURE
remove_team: FAILURE
play_match: FAILURE
get_team_points: SUCCESS, 0
add_player: FAILURE
get_ith_pointless_ability: SUCCESS, 46
get_partial_spirit: FAILURE
get_partial_spirit: SUCCESS, 1,5,3,2,4
remove_team: FAILURE
play_match: SUCCESS, 3
get_partial_spirit: SUCCESS, 1,2,3,4,5
get_player_cards: SUCCESS, 82
add_team: FAILURE
add_player: SUCCESS
add_team: FAILURE
get_partial_spirit: SUCCESS, 1,2,3,4,5
add_player: SUCCESS
get_ith_pointless_ability: SUCCESS, 56
play_match: FAILURE
add_team: FAILURE
add_player_cards: SUCCESS
get_partial_spirit: SUCCESS, 3,1,5,2,4
add_player_cards: SUCCESS
add_player: SUCCESS
add_team: FAILURE
add_team: FAILURE
add_player: FAILURE
add_player: FAILURE
get_player_cards: SUCCESS, 61
add_player_cards: FAILURE
get_partial_spirit: SUCCESS, 1,2,3,4,5
add_team: FAILURE
add_player: SUCCESS
add_player: SUCCESS
add_team: FAILURE
get_partial_spirit: SUCCESS, 5,2,4,1,3
add_player: SUCCESS
get_team_points: SUCCESS, 0
remove_team: FAILURE
remove_team: FAILURE
num_played_games_for_player: SUCCESS, 22
get_partial_spirit: SUCCESS, 5,2,4,1,3
buy_team: SUCCESS
add_player: SUCCESS
get_partial_spirit: SUCCESS, 1,2,3,4,5
remove_team: FAILURE
get_player_cards: SUCCESS, 425
num_played_games_for_player: SUCCESS, 22
remove_team: FAILURE
remove_team: FAILURE
get_ith_pointless_ability: SUCCESS, 92
num_played_games_for_player: SUCCESS, 22
buy_team: SUCCESS
get_partial_spirit: SUCCESS, 1,2,5,4,3
play_match: SUCCESS, 3
play_match: FAILURE
add_player_cards: SUCCESS
add_player: SUCCESS
get_partial_spirit: SUCCESS, 1,2,5,4,3
add_player_cards: SUCCESS
buy_team: SUCCESS
add_player: FAILURE
get_player_cards: SUCCESS, 276
add_player: SUCCESS
remove_team: FAILURE
get_partial_spirit: SUCCESS, 3,1,2,5,4
get_team_points: FAILURE
add_player: SUCCESS
add_player: SUCCESS
add_player: FAILURE
add_player: FAILURE
get_partial_spirit: SUCCESS, 4,3,2,1,5
get_team_points: FAILURE
get_team_points: SUCCESS, 0
num_played_games_for_player: SUCCESS, 22
buy_team: SUCCESS
add_team: FAILURE
get_ith_pointless_ability: SUCCESS, 84
get_team_points: SUCCESS, 0
buy_team: SUCCESS
remove_team: FAILURE
add_player_cards: SUCCESS
get_ith_pointless_ability: SUCCESS, 2
remove_team: FAILURE
remove_team: FAILURE
get_team_points: SUCCESS, 0
add_player_cards: SUCCESS
remove_team: FAILURE
get_player_cards: SUCCESS, 23
buy_team: SUCCESS
add_player: FAILURE
play_match: FAILURE
add_player_cards: SUCCESS
add_player_cards: SUCCESS
remove_team: FAILURE
get_ith_pointless_ability: SUCCESS, 94
get_player_cards: SUCCESS, 243
get_ith_pointless_ability: SUCCESS, 59
remove_team: FAILURE
play_match: FAILURE
get_partial_spirit: SUCCESS, 3,1,2,5,4
play_match: FAILURE
get_team_points: SUCCESS, 3
get_team_points: SUCCESS, 0
add_player: FAILURE
get_player_cards: SUCCESS, 286
add_player_cards: SUCCESS
get_ith_pointless_ability: SUCCESS, 8
add_player: SUCCESS
num_played_games_for_player: SUCCESS, 22
get_partial_spirit: SUCCESS, 4,3,1,5,2
get_player_cards: SUCCESS, 196
get_ith_pointless_ability: FAILURE
get_ith_pointless_ability: SUCCESS, 44
add_player: FAILURE
get_team_points: SUCCESS, 0
buy_team: SUCCESS
get_player_cards: SUCCESS, 243
add_player_cards: SUCCESS
get_ith_pointless_ability: FAILURE
add_player: FAILURE
get_team_points: SUCCESS, 0
remove_team: FAILURE
remove_team: FAILURE
get_player_cards: SUCCESS, 79
num_played_games_for_player: SUCCESS, 22
get_team_points: SUCCESS, 3
remove_team: FAILURE
add_team: FAILURE
play_match: FAILURE
buy_team: SUCCESS
add_player: SUCCESS
get_team_points: SUCCESS, 3
get_team_points: SUCCESS, 0
remove_team: FAILURE
get_partial_spirit: SUCCESS, 1,2,3,4,5
get_team_points: SUCCESS, 0
get_partial_spirit: SUCCESS, 1,3,2,4,5
get_team_points: SUCCESS, 0
add_player: FAILURE
get_player_cards: SUCCESS, 98
get_team_points: SUCCESS, 3
add_player: FAILURE
play_match: SUCCESS, 3
add_player: FAILURE
get_ith_pointless_ability: SUCCESS, 69
get_player_cards: SUCCESS, 262
add_team: FAILURE
num_played_games_for_player: SUCCESS, 22
play_match: SUCCESS, 3
add_team: FAILURE
add_player: FAILURE
num_played_games_for_player: SUCCESS, 22
add_team: FAILURE
buy_team: SUCCESS
add_team: FAILURE
get_partial_spirit: SUCCESS, 1,2,5,4,3
add_player: FAILURE
add_player_cards: SUCCESS
add_player: FAILURE
add_player: FAILURE
get_player_cards: SUCCESS, 129
add_player: SUCCESS
num_played_games_for_player: SUCCESS, 22
remove_team: FAILURE
num_played_games_for_player: SUCCESS, 22
get_partial_spirit: SUCCESS, 5,2,1,4,3
add_team: FAILURE
get_team_points: FAILURE
get_player_cards: SUCCESS, 225
add_player: FAILURE
get_ith_pointless_ability: FAILURE
add_player: SUCCESS
buy_team: SUCCESS
add_player: SUCCESS
get_team_points: SUCCESS, 3
get_player_cards: SUCCESS, 234
buy_team: SUCCESS
add_player: FAILURE
get_ith_pointless_ability: FAILURE
remove_team: FAILURE
num_played_games_for_player: SUCCESS, 22
num_played_games_for_player: SUCCESS, 22
add_player: FAILURE
remove_team: FAILURE
add_player_cards: FAILURE
buy_team: SUCCESS
get_team_points: SUCCESS, 0
num_played_games_for_player: SUCCESS, 22
add_player: FAILURE
get_team_points: FAILURE
add_team: FAILURE
add_player: SUCCESS
add_player: SUCCESS
get_team_points: SUCCESS, 0
get_team_points: SUCCESS, 0
get_partial_spirit: SUCCESS, 4,1,3,5,2
add_player_cards: SUCCESS
play_match: FAILURE
get_ith_pointless_ability: SUCCESS, 1
add_player: FAILURE
get_team_points: SUCCESS, 0
remove_team: FAILURE
play_match: SUCCESS, 3
add_player: SUCCESS
get_ith_pointless_ability: SUCCESS, 5
get_team_points: SUCCESS, 3
add_team: FAILURE
add_team: FAILURE
get_partial_spirit: SUCCESS, 4,2,1,5,3
add_player: FAILURE
num_played_games_for_player: SUCCESS, 22
get_player_cards: SUCCESS, 120
buy_team: SUCCESS
add_player: FAILURE
add_player: FAILURE
get_player_cards: SUCCESS, 150
remove_team: FAILURE
get_player_cards: SUCCESS, 145
get_player_cards: SUCCESS, 98
add_team: FAILURE
get_team_points: SUCCESS, 3
remove_team: FAILURE
buy_team: SUCCESS
remove_team: FAILURE
get_ith_pointless_ability: SUCCESS, 99
add_player_cards: SUCCESS
add_player: SUCCESS
add_player: FAILURE
get_partial_spirit: FAILURE
get_partial_spirit: SUCCESS, 1,2,3,4,5
add_player_cards: SUCCESS
get_player_cards: SUCCESS, 203
add_player: SUCCESS
get_team_points: FAILURE
play_match: FAILURE
remove_team: FAILURE
add_team: FAILURE
add_player: FAILURE
num_played_games_for_player: SUCCESS, 22
remove_team: FAILURE
add_player: FAILURE
get_partial_spirit: SUCCESS, 1,2,3,4,5
buy_team: SUCCESS
buy_team: SUCCESS
get_partial_spirit: SUCCESS, 1,2,3,4,5
add_player_cards: SUCCESS
add_team: FAILURE
add_player: SUCCESS
add_player: SUCCESS
play_match: SUCCESS, 1
play_match: SUCCESS, 1
add_player: SUCCESS
remove_team: FAILURE
add_team: FAILURE
num_played_games_for_player: SUCCESS, 22
add_player: FAILURE
get_player_cards: SUCCESS, 208
add_player_cards: SUCCESS
get_ith_pointless_ability: SUCCESS, 94
get_player_cards: SUCCESS, 168
get_ith_pointless_ability: FAILURE
get_ith_pointless_ability: SUCCESS, 5
buy_team: SUCCESS
play_match: FAILURE
num_played_games_for_player: SUCCESS, 22
get_ith_pointless_ability: SUCCESS, 39
add_team: FAILURE
add_team: FAILURE
get_player_cards: SUCCESS, 347
add_player_cards: SUCCESS
add_player: SUCCESS
get_player_cards: SUCCESS, 273
add_player: FAILURE
get_partial_spirit: SUCCESS, 2,4,3,1,5
get_partial_spirit: FAILURE
play_match: FAILURE
get_team_points: SUCCESS, 0
get_ith_pointless_ability: SUCCESS, 23
play_match: FAILURE
add_player_cards: SUCCESS
add_player_cards: FAILURE
get_team_points: SUCCESS, 0
get_ith_pointless_ability: SUCCESS, 5
add_team: FAILURE
add_player: FAILURE
buy_team: SUCCESS
add_team: FAILURE
get_partial_spirit: SUCCESS, 1,2,3,4,5
add_player: FAILURE
get_partial_spirit: SUCCESS, 1,3,4,2,5
add_player: FAILURE
add_player: SUCCESS
add_team: FAILURE
buy_team: SUCCESS
add_player: FAILURE
get_team_points: SUCCESS, 0
remove_team: FAILURE
get_ith_pointless_ability: SUCCESS, 25
add_player: FAILURE
play_match: SUCCESS, 1
get_ith_pointless_ability: FAILURE
add_player: FAILURE
add_player: FAILURE
get_ith_pointless_ability: FAILURE
add_team: FAILURE
get_ith_pointless_ability: SUCCESS, 3
get_ith_pointless_ability: SUCCESS, 84
get_ith_pointless_ability: SUCCESS, 8
remove_team: FAILURE
add_player_cards: SUCCESS
num_played_games_for_player: SUCCESS, 22
get_partial_spirit: SUCCESS, 1,5,4,3,2
remove_team: FAILURE
add_player: FAILURE
buy_team: SUCCESS
add_team: FAILURE
num_played_games_for_player: SUCCESS, 22
add_team: FAILURE
buy_team: SUCCESS
num_played_games_for_player: SUCCESS, 22
buy_team: SUCCESS
remove_team: FAILURE
get_ith_pointless_ability: SUCCESS, 17
num_played_games_for_player: SUCCESS, 22
get_partial_spirit: SUCCESS, 1,2,3,4,5
remove_team: FAILURE
add_player: SUCCESS
add_player_cards: SUCCESS
add_player_cards: FAILURE
add_player_cards: SUCCESS
get_partial_spirit: SUCCESS, 1,2,3,4,5
add_team: FAILURE
get_player_cards: SUCCESS, 82
add_team: FAILURE
get_ith_pointless_ability: FAILURE
add_player: SUCCESS
add_player_cards: SUCCESS
buy_team: SUCCESS
play_match: SUCCESS, 1
add_player: SUCCESS
get_team_points: SUCCESS, 0
get_ith_pointless_ability: SUCCESS, 25
get_player_cards: SUCCESS, 196
get_ith_pointless_ability: FAILURE
get_ith_pointless_ability: SUCCESS, 77
add_player: FAILURE
get_player_cards: SUCCESS, 274
get_team_points: FAILURE
add_team: FAILURE
get_partial_spirit: SUCCESS, 1,3,2,5,4
get_partial_spirit: SUCCESS, 4,1,3,2,5
num_played_games_for_player: SUCCESS, 22
buy_team: SUCCESS
get_player_cards: SUCCESS, 277
add_player_cards: SUCCESS
get_ith_pointless_ability: SUCCESS, 94
get_partial_spirit: SUCCESS, 1,2,3,4,5
add_player: FAILURE
add_player: SUCCESS
remove_team: FAILURE
remove_team: FAILURE
add_team: FAILURE
add_player_cards: SUCCESS
add_player_cards: FAILURE
play_match: SUCCESS, 1
remove_team: FAILURE
add_player: FAILURE
add_player: FAILURE
get_partial_spirit: SUCCESS, 1,2,3,4,5
add_player: FAILURE
get_player_cards: SUCCESS, 268
add_player: FAILURE
add_team: FAILURE
play_match: FAILURE
add_team: FAILURE
play_match: SUCCESS, 3
add_player_cards: SUCCESS
add_player: FAILURE
add_player: SUCCESS
add_player: FAILURE
play_match: FAILURE
add_player: FAILURE
get_ith_pointless_ability: FAILURE
add_player: FAILURE
buy_team: SUCCESS
add_player_cards: SUCCESS
get_team_points: FAILURE
num_played_games_for_player: SUCCESS, 22
add_player_cards: SUCCESS
get_ith_pointless_ability: FAILURE
get_team_points: SUCCESS, 0
play_match: FAILURE
add_player: SUCCESS
buy_team: SUCCESS
get_ith_pointless_ability: FAILURE
play_match: FAILURE
add_player: SUCCESS
get_player_cards: SUCCESS, 257
add_player: SUCCESS
add_player: SUCCESS
get_player_cards: SUCCESS, 560
add_player_cards: FAILURE
add_team: FAILURE
get_player_cards: SUCCESS, 274
get_partial_spirit: SUCCESS, 5,2,3,4,1
get_partial_spirit: SUCCESS, 1,2,3,4,5
add_team: FAILURE
get_partial_spirit: FAILURE
add_player: SUCCESS
remove_team: FAILURE
num_played_games_for_player: SUCCESS, 22
remove_team: FAILURE
add_player_cards: SUCCESS
remove_team: FAILURE
buy_team: SUCCESS
num_played_games_for_player: SUCCESS, 22
get_team_points: SUCCESS, 3
get_player_cards: SUCCESS, 498
add_player_cards: FAILURE
add_player: FAILURE
buy_team: SUCCESS
remove_team: FAILURE
add_player_cards: SUCCESS
add_team: FAILURE
add_player_cards: SUCCESS
add_player_cards: SUCCESS
get_partial_spirit: SUCCESS, 5,3,4,1,2
add_player: FAILURE
num_played_games_for_player: SUCCESS, 22
buy_team: SUCCESS
get_player_cards: SUCCESS, 221
get_team_points: SUCCESS, 3
get_player_cards: SUCCESS, 246
get_team_points: FAILURE
get_team_points: FAILURE
add_player_cards: SUCCESS
get_player_cards: SUCCESS, 363
add_player_cards: FAILURE
num_played_games_for_player: SUCCESS, 22
add_player: FAILURE
