add_team: SUCCESS
add_team: SUCCESS
add_team: SUCCESS
add_team: SUCCESS
add_team: SUCCESS
add_team: SUCCESS
add_team: SUCCESS
add_team: SUCCESS
add_team: SUCCESS
add_team: SUCCESS
add_team: SUCCESS
add_team: SUCCESS
add_team: SUCCESS
add_team: SUCCESS
add_team: SUCCESS
add_team: SUCCESS
add_team: SUCCESS
add_team: SUCCESS
add_team: SUCCESS
add_team: SUCCESS
add_team: SUCCESS
add_team: SUCCESS
add_team: SUCCESS
add_team: SUCCESS
add_team: SUCCESS
add_team: SUCCESS
add_team: SUCCESS
add_team: SUCCESS
add_team: SUCCESS
add_team: SUCCESS
add_team: SUCCESS
add_team: SUCCESS
add_team: SUCCESS
add_team: SUCCESS
add_team: SUCCESS
add_team: SUCCESS
add_team: SUCCESS
add_team: SUCCESS
add_team: SUCCESS
add_team: SUCCESS
add_team: SUCCESS
add_team: SUCCESS
add_team: SUCCESS
add_team: SUCCESS
add_team: SUCCESS
add_team: SUCCESS
add_team: SUCCESS
add_team: SUCCESS
add_team: SUCCESS
add_team: SUCCESS
add_team: SUCCESS
add_team: SUCCESS
add_team: SUCCESS
add_team: SUCCESS
add_team: SUCCESS
add_team: SUCCESS
add_team: SUCCESS
add_team: SUCCESS
add_team: SUCCESS
add_team: SUCCESS
add_team: SUCCESS
add_team: SUCCESS
add_team: SUCCESS
add_team: SUCCESS
add_team: SUCCESS
add_team: SUCCESS
add_team: SUCCESS
add_team: SUCCESS
add_team: SUCCESS
add_team: SUCCESS
add_team: SUCCESS
add_team: SUCCESS
add_team: SUCCESS
add_team: SUCCESS
add_team: SUCCESS
add_team: SUCCESS
add_team: SUCCESS
add_team: SUCCESS
add_team: SUCCESS
add_team: SUCCESS
add_team: SUCCESS
add_team: SUCCESS
add_team: SUCCESS
add_team: SUCCESS
add_team: SUCCESS
add_team: SUCCESS
add_team: SUCCESS
add_team: SUCCESS
add_team: SUCCESS
add_team: SUCCESS
add_team: SUCCESS
add_team: SUCCESS
add_team: SUCCESS
add_team: SUCCESS
add_team: SUCCESS
add_team: SUCCESS
add_team: SUCCESS
add_team: SUCCESS
add_team: SUCCESS
add_team: SUCCESS
add_player: SUCCESS
add_player: SUCCESS
add_player: SUCCESS
add_player: SUCCESS
add_player: SUCCESS
add_player: SUCCESS
add_player: SUCCESS
add_player: SUCCESS
add_player: SUCCESS
add_player: SUCCESS
add_player: SUCCESS
add_player: SUCCESS
add_player: SUCCESS
add_player: SUCCESS
add_player: SUCCESS
add_player: SUCCESS
add_player: SUCCESS
add_player: SUCCESS
add_player: SUCCESS
add_player: SUCCESS
add_player: SUCCESS
add_player: SUCCESS
add_player: SUCCESS
add_player: SUCCESS
add_player: SUCCESS
add_player: SUCCESS
add_player: SUCCESS
add_player: SUCCESS
add_player: SUCCESS
add_player: SUCCESS
add_player: SUCCESS
add_player: SUCCESS
add_player: SUCCESS
add_player: SUCCESS
add_player: SUCCESS
add_player: SUCCESS
add_player: SUCCESS
add_player: SUCCESS
add_player: SUCCESS
add_player: SUCCESS
add_player: SUCCESS
add_player: SUCCESS
add_player: SUCCESS
add_player: SUCCESS
add_player: SUCCESS
add_player: SUCCESS
add_player: SUCCESS
add_player: SUCCESS
add_player: SUCCESS
add_player: SUCCESS
add_player: SUCCESS
add_player: SUCCESS
add_player: SUCCESS
add_player: SUCCESS
add_player: SUCCESS
add_player: SUCCESS
add_player: SUCCESS
add_player: SUCCESS
add_player: SUCCESS
add_player: SUCCESS
add_player: SUCCESS
add_player: SUCCESS
add_player: SUCCESS
add_player: SUCCESS
add_player: SUCCESS
add_player: SUCCESS
add_player: SUCCESS
add_player: SUCCESS
add_player: SUCCESS
add_player: SUCCESS
add_player: SUCCESS
add_player: SUCCESS
add_player: SUCCESS
add_player: SUCCESS
add_player: SUCCESS
add_player: SUCCESS
add_player: SUCCESS
add_player: SUCCESS
add_player: SUCCESS
add_player: SUCCESS
add_player: SUCCESS
add_player: SUCCESS
add_player: SUCCESS
add_player: SUCCESS
add_player: SUCCESS
add_player: SUCCESS
add_player: SUCCESS
add_player: SUCCESS
add_player: SUCCESS
add_player: SUCCESS
add_player: SUCCESS
add_player: SUCCESS
add_player: SUCCESS
add_player: SUCCESS
add_player: SUCCESS
add_player: SUCCESS
add_player: SUCCESS
add_player: SUCCESS
add_player: SUCCESS
add_player: SUCCESS
get_ith_pointless_ability: FAILURE
add_player_cards: SUCCESS
get_ith_pointless_ability: SUCCESS, 14
add_player_cards: SUCCESS
get_partial_spirit: SUCCESS, 3,2,4,1,5
buy_team: SUCCESS
get_partial_spirit: SUCCESS, 1,2,3,4,5
add_player_cards: SUCCESS
add_team: SUCCESS
add_player: SUCCESS
play_match: FAILURE
buy_team: SUCCESS
add_player: SUCCESS
get_player_cards: SUCCESS, 35
add_player_cards: SUCCESS
get_player_cards: SUCCESS, 209
num_played_games_for_player: SUCCESS, 22
play_match: FAILURE
get_player_cards: SUCCESS, 178
get_ith_pointless_ability: FAILURE
play_match: FAILURE
get_ith_pointless_ability: SUCCESS, 37
num_played_games_for_player: SUCCESS, 22
get_ith_pointless_ability: FAILURE
add_player: SUCCESS
get_team_points: SUCCESS, 0
get_player_cards: SUCCESS, 218
get_partial_spirit: SUCCESS, 1,2,3,4,5
add_player: SUCCESS
buy_team: SUCCESS
get_ith_pointless_ability: FAILURE
add_player: SUCCESS
remove_team: FAILURE
buy_team: SUCCESS
play_match: FAILURE
add_player: SUCCESS
get_player_cards: SUCCESS, 96
add_team: FAILURE
add_player_cards: SUCCESS
num_played_games_for_player: SUCCESS, 22
get_player_cards: SUCCESS, 74
add_player: SUCCESS
get_team_points: SUCCESS, 0
num_played_games_for_player: SUCCESS, 22
add_team: FAILURE
play_match: SUCCESS, 1
add_player: SUCCESS
get_player_cards: SUCCESS, 190
add_player_cards: SUCCESS
get_ith_pointless_ability: SUCCESS, 77
get_team_points: SUCCESS, 0
add_player: SUCCESS
get_ith_pointless_ability: SUCCESS, 2
play_match: FAILURE
get_ith_pointless_ability: FAILURE
get_team_points: SUCCESS, 0
remove_team: FAILURE
get_partial_spirit: SUCCESS, 3,2,1,5,4
get_partial_spirit: SUCCESS, 1,2,3,4,5
get_team_points: SUCCESS, 0
add_player: SUCCESS
add_team: FAILURE
get_partial_spirit: SUCCESS, 1,2,3,4,5
add_team: FAILURE
remove_team: FAILURE
buy_team: SUCCESS
num_played_games_for_player: SUCCESS, 22
num_played_games_for_player: SUCCESS, 22
remove_team: FAILURE
get_player_cards: SUCCESS, 176
remove_team: FAILURE
add_team: FAILURE
get_ith_pointless_ability: FAILURE
add_team: FAILURE
add_player: FAILURE
remove_team: FAILURE
buy_team: SUCCESS
play_match: FAILURE
get_team_points: SUCCESS, 0
play_match: FAILURE
add_team: FAILURE
buy_team: SUCCESS
remove_team: FAILURE
play_match: SUCCESS, 3
add_player_cards: SUCCESS
get_ith_pointless_ability: SUCCESS, 90
add_player: SUCCESS
add_player: FAILURE
add_team: FAILURE
get_partial_spirit: SUCCESS, 1,2,3,4,5
add_player: SUCCESS
get_ith_pointless_ability: SUCCESS, 63
add_player_cards: SUCCESS
add_player: SUCCESS
get_team_points: SUCCESS, 0
add_team: FAILURE
add_player: SUCCESS
add_player: SUCCESS
get_player_cards: SUCCESS, 56
add_player: SUCCESS
add_player_cards: SUCCESS
add_player: FAILURE
add_team: FAILURE
buy_team: SUCCESS
get_ith_pointless_ability: SUCCESS, 90
add_team: FAILURE
get_ith_pointless_ability: SUCCESS, 12
buy_team: SUCCESS
get_ith_pointless_ability: FAILURE
get_partial_spirit: SUCCESS, 1,2,3,4,5
num_played_games_for_player: SUCCESS, 22
play_match: FAILURE
add_player_cards: SUCCESS
get_ith_pointless_ability: FAILURE
num_played_games_for_player: SUCCESS, 22
get_player_cards: SUCCESS, 12
get_ith_pointless_ability: SUCCESS, 15
add_team: FAILURE
num_played_games_for_player: SUCCESS, 22
play_match: FAILURE
get_partial_spirit: SUCCESS, 1,2,3,4,5
buy_team: SUCCESS
add_player: SUCCESS
add_player_cards: SUCCESS
get_ith_pointless_ability: FAILURE
get_player_cards: SUCCESS, 174
get_team_points: SUCCESS, 0
add_player: SUCCESS
get_ith_pointless_ability: SUCCESS, 12
play_match: SUCCESS, 1
get_team_points: SUCCESS, 0
add_player: SUCCESS
add_player: SUCCESS
buy_team: SUCCESS
add_team: FAILURE
add_player: FAILURE
add_player: SUCCESS
add_player: SUCCESS
add_team: FAILURE
get_ith_pointless_ability: SUCCESS, 23
add_player: SUCCESS
add_player: SUCCESS
get_team_points: SUCCESS, 0
remove_team: FAILURE
add_team: FAILURE
add_player: SUCCESS
add_player: SUCCESS
get_player_cards: SUCCESS, 270
get_player_cards: SUCCESS, 173
get_ith_pointless_ability: FAILURE
get_player_cards: SUCCESS, 245
play_match: SUCCESS, 3
add_team: FAILURE
get_team_points: SUCCESS, 3
play_match: FAILURE
remove_team: FAILURE
num_played_games_for_player: SUCCESS, 22
buy_team: SUCCESS
remove_team: FAILURE
get_player_cards: SUCCESS, 210
num_played_games_for_player: SUCCESS, 22
get_team_points: SUCCESS, 0
play_match: SUCCESS, 1
get_partial_spirit: SUCCESS, 1,2,3,4,5
add_player: SUCCESS
num_played_games_for_player: SUCCESS, 22
add_player: SUCCESS
buy_team: SUCCESS
add_player: SUCCESS
remove_team: FAILURE
get_partial_spirit: SUCCESS, 3,5,1,2,4
get_team_points: SUCCESS, 0
buy_team: SUCCESS
get_player_cards: SUCCESS, 266
get_partial_spirit: SUCCESS, 1,2,3,4,5
play_match: SUCCESS, 3
add_player: SUCCESS
add_player: SUCCESS
add_player: FAILURE
add_player: SUCCESS
add_player: FAILURE
buy_team: SUCCESS
get_ith_pointless_ability: FAILURE
get_team_points: SUCCESS, 0
num_played_games_for_player: SUCCESS, 22
add_player: SUCCESS
add_player: SUCCESS
num_played_games_for_player: SUCCESS, 22
remove_team: FAILURE
add_player_cards: SUCCESS
get_team_points: SUCCESS, 0
get_team_points: SUCCESS, 0
add_player: SUCCESS
remove_team: FAILURE
add_player: SUCCESS
add_player: SUCCESS
play_match: FAILURE
buy_team: SUCCESS
add_player: SUCCESS
add_player: SUCCESS
add_player: SUCCESS
add_team: FAILURE
add_player: FAILURE
get_ith_pointless_ability: SUCCESS, 96
play_match: FAILURE
get_team_points: SUCCESS, 0
buy_team: SUCCESS
add_player: SUCCESS
remove_team: FAILURE
get_player_cards: SUCCESS, 20
buy_team: SUCCESS
add_player: SUCCESS
play_match: FAILURE
play_match: FAILURE
add_player_cards: SUCCESS
add_player_cards: SUCCESS
num_played_games_for_player: SUCCESS, 22
play_match: FAILURE
get_team_points: SUCCESS, 0
add_player: SUCCESS
num_played_games_for_player: SUCCESS, 22
add_player: SUCCESS
get_ith_pointless_ability: SUCCESS, 77
get_partial_spirit: SUCCESS, 3,5,2,4,1
get_partial_spirit: SUCCESS, 5,4,2,1,3
get_player_cards: SUCCESS, 172
buy_team: SUCCESS
play_match: FAILURE
get_partial_spirit: SUCCESS, 1,2,3,4,5
add_player_cards: FAILURE
add_player: SUCCESS
add_player_cards: SUCCESS
get_ith_pointless_ability: FAILURE
remove_team: FAILURE
get_player_cards: SUCCESS, 12
get_ith_pointless_ability: FAILURE
add_player: SUCCESS
get_player_cards: SUCCESS, 131
add_player_cards: SUCCESS
buy_team: SUCCESS
play_match: FAILURE
add_player: SUCCESS
get_ith_pointless_ability: SUCCESS, 64
get_player_cards: SUCCESS, 260
get_partial_spirit: SUCCESS, 3,5,1,2,4
add_team: FAILURE
get_player_cards: SUCCESS, 103
num_played_games_for_player: SUCCESS, 22
add_team: FAILURE
add_team: FAILURE
num_played_games_for_player: SUCCESS, 22
add_player: SUCCESS
get_player_cards: SUCCESS, 281
get_player_cards: SUCCESS, 34
add_player: SUCCESS
remove_team: FAILURE
add_player: SUCCESS
add_player: SUCCESS
get_ith_pointless_ability: FAILURE
add_player: SUCCESS
add_player: SUCCESS
add_player_cards: SUCCESS
get_team_points: SUCCESS, 3
remove_team: FAILURE
get_player_cards: SUCCESS, 20
add_player: SUCCESS
buy_team: SUCCESS
num_played_games_for_player: SUCCESS, 22
get_partial_spirit: SUCCESS, 3,5,2,4,1
remove_team: FAILURE
get_player_cards: SUCCESS, 46
get_player_cards: SUCCESS, 209
get_player_cards: SUCCESS, 35
get_player_cards: SUCCESS, 281
get_player_cards: SUCCESS, 259
add_player_cards: SUCCESS
get_ith_pointless_ability: SUCCESS, 10
get_ith_pointless_ability: SUCCESS, 73
remove_team: FAILURE
get_partial_spirit: SUCCESS, 1,2,3,4,5
num_played_games_for_player: SUCCESS, 22
add_player_cards: SUCCESS
add_team: FAILURE
add_player: SUCCESS
get_player_cards: SUCCESS, 7
num_played_games_for_player: SUCCESS, 22
play_match: SUCCESS, 3
buy_team: SUCCESS
get_player_cards: SUCCESS, 174
buy_team: SUCCESS
add_player: SUCCESS
num_played_games_for_player: SUCCESS, 22
add_player_cards: SUCCESS
add_player: SUCCESS
get_ith_pointless_ability: SUCCESS, 97
play_match: FAILURE
num_played_games_for_player: SUCCESS, 22
get_partial_spirit: SUCCESS, 1,2,3,4,5
num_played_games_for_player: SUCCESS, 22
num_played_games_for_player: SUCCESS, 22
get_partial_spirit: SUCCESS, 1,2,3,4,5
add_player: SUCCESS
add_player_cards: SUCCESS
get_team_points: FAILURE
add_team: FAILURE
add_player: SUCCESS
add_player: SUCCESS
get_team_points: SUCCESS, 0
play_match: FAILURE
add_team: FAILURE
get_player_cards: SUCCESS, 88
add_player_cards: SUCCESS
get_ith_pointless_ability: SUCCESS, 63
get_partial_spirit: SUCCESS, 1,2,3,4,5
add_player: SUCCESS
buy_team: SUCCESS
remove_team: FAILURE
add_player: FAILURE
get_player_cards: SUCCESS, 162
remove_team: FAILURE
remove_team: FAILURE
num_played_games_for_player: SUCCESS, 22
add_player: FAILURE
num_played_games_for_player: SUCCESS, 22
get_ith_pointless_ability: SUCCESS, 43
add_player: FAILURE
add_team: FAILURE
get_player_cards: SUCCESS, 254
get_team_points: SUCCESS, 0
get_player_cards: SUCCESS, 273
add_player: SUCCESS
get_player_cards: SUCCESS, 163
get_ith_pointless_ability: SUCCESS, 89
play_match: FAILURE
add_player: SUCCESS
add_player_cards: SUCCESS
add_player: FAILURE
add_player_cards: SUCCESS
num_played_games_for_player: SUCCESS, 22
remove_team: FAILURE
add_player: FAILURE
add_player: SUCCESS
add_team: FAILURE
play_match: FAILURE
play_match: SUCCESS, 1
add_player: SUCCESS
add_player: FAILURE
play_match: FAILURE
get_team_points: SUCCESS, 0
buy_team: SUCCESS
get_ith_pointless_ability: FAILURE
remove_team: FAILURE
get_partial_spirit: SUCCESS, 4,2,5,3,1
buy_team: SUCCESS
play_match: FAILURE
remove_team: FAILURE
add_player_cards: SUCCESS
add_player: FAILURE
add_player_cards: SUCCESS
num_played_games_for_player: SUCCESS, 22
get_partial_spirit: SUCCESS, 1,2,3,4,5
buy_team: SUCCESS
add_player: SUCCESS
add_player: SUCCESS
num_played_games_for_player: SUCCESS, 22
play_match: FAILURE
num_played_games_for_player: SUCCESS, 22
add_player: SUCCESS
add_player: SUCCESS
remove_team: FAILURE
get_team_points: SUCCESS, 0
get_player_cards: SUCCESS, 67
get_player_cards: SUCCESS, 260
remove_team: FAILURE
add_player: FAILURE
num_played_games_for_player: SUCCESS, 22
get_player_cards: SUCCESS, 165
remove_team: FAILURE
get_partial_spirit: SUCCESS, 1,2,3,4,5
get_ith_pointless_ability: SUCCESS, 85
num_played_games_for_player: SUCCESS, 22
add_team: FAILURE
add_player: SUCCESS
get_player_cards: SUCCESS, 210
add_player: SUCCESS
get_team_points: SUCCESS, 0
add_player: FAILURE
buy_team: SUCCESS
num_played_games_for_player: SUCCESS, 22
add_player: FAILURE
buy_team: SUCCESS
play_match: SUCCESS, 1
num_played_games_for_player: SUCCESS, 22
get_player_cards: SUCCESS, 230
get_partial_spirit: SUCCESS, 1,2,3,4,5
get_team_points: SUCCESS, 0
add_team: FAILURE
buy_team: SUCCESS
add_player: SUCCESS
get_partial_spirit: SUCCESS, 1,2,3,4,5
get_player_cards: SUCCESS, 373
get_team_points: SUCCESS, 0
buy_team: SUCCESS
add_player_cards: SUCCESS
add_player: FAILURE
add_player: FAILURE
buy_team: SUCCESS
get_team_points: SUCCESS, 3
play_match: FAILURE
buy_team: SUCCESS
add_team: FAILURE
buy_team: SUCCESS
remove_team: FAILURE
get_partial_spirit: SUCCESS, 3,2,4,1,5
get_partial_spirit: SUCCESS, 3,4,5,1,2
add_player: SUCCESS
num_played_games_for_player: SUCCESS, 22
remove_team: FAILURE
get_partial_spirit: SUCCESS, 2,1,4,5,3
buy_team: SUCCESS
play_match: FAILURE
buy_team: SUCCESS
buy_team: SUCCESS
add_player: SUCCESS
add_player: FAILURE
play_match: FAILURE
add_player: FAILURE
buy_team: SUCCESS
add_team: FAILURE
remove_team: FAILURE
remove_team: FAILURE
get_team_points: SUCCESS, 0
add_player: SUCCESS
get_player_cards: SUCCESS, 131
buy_team: SUCCESS
get_team_points: SUCCESS, 0
play_match: FAILURE
add_player: FAILURE
get_ith_pointless_ability: SUCCESS, 63
add_player: SUCCESS
buy_team: SUCCESS
add_player_cards: SUCCESS
get_player_cards: SUCCESS, 3
get_partial_spirit: SUCCESS, 2,3,5,1,4
add_player: SUCCESS
get_ith_pointless_ability: SUCCESS, 60
get_ith_pointless_ability: FAILURE
play_match: FAILURE
get_player_cards: SUCCESS, 23
add_player_cards: SUCCESS
add_player: SUCCESS
play_match: FAILURE
add_team: FAILURE
add_team: FAILURE
get_player_cards: SUCCESS, 419
add_player: FAILURE
add_team: FAILURE
add_player_cards: SUCCESS
get_partial_spirit: SUCCESS, 1,3,2,5,4
add_team: FAILURE
get_partial_spirit: SUCCESS, 3,4,5,1,2
add_player: SUCCESS
get_ith_pointless_ability: FAILURE
add_player: FAILURE
add_player: FAILURE
play_match: SUCCESS, 1
buy_team: SUCCESS
add_player_cards: SUCCESS
get_ith_pointless_ability: FAILURE
buy_team: SUCCESS
add_player: FAILURE
add_player: SUCCESS
get_player_cards: SUCCESS, 139
get_team_points: SUCCESS, 0
add_team: FAILURE
add_player: SUCCESS
add_player: SUCCESS
get_ith_pointless_ability: SUCCESS, 43
get_team_points: FAILURE
add_player_cards: SUCCESS
remove_team: FAILURE
add_player_cards: SUCCESS
add_player: SUCCESS
add_player: SUCCESS
add_team: FAILURE
num_played_games_for_player: SUCCESS, 22
get_player_cards: SUCCESS, 72
add_team: FAILURE
add_player: SUCCESS
buy_team: SUCCESS
add_player: SUCCESS
buy_team: SUCCESS
num_played_games_for_player: SUCCESS, 22
remove_team: FAILURE
add_player_cards: SUCCESS
get_partial_spirit: SUCCESS, 1,2,3,4,5
add_player: SUCCESS
add_team: FAILURE
remove_team: FAILURE
play_match: FAILURE
add_team: FAILURE
get_team_points: SUCCESS, 3
add_player: FAILURE
get_player_cards: SUCCESS, 227
get_player_cards: SUCCESS, 132
get_ith_pointless_ability: SUCCESS, 75
play_match: FAILURE
add_player: FAILURE
get_ith_pointless_ability: FAILURE
get_ith_pointless_ability: SUCCESS, 1
buy_team: SUCCESS
get_ith_pointless_ability: SUCCESS, 82
get_ith_pointless_ability: SUCCESS, 2
get_player_cards: SUCCESS, 162
add_player: SUCCESS
get_team_points: FAILURE
get_player_cards: SUCCESS, 217
add_player: FAILURE
add_player: SUCCESS
add_player: SUCCESS
add_player: SUCCESS
buy_team: SUCCESS
add_team: FAILURE
play_match: SUCCESS, 3
play_match: FAILURE
get_team_points: SUCCESS, 0
add_team: FAILURE
buy_team: SUCCESS
get_team_points: SUCCESS, 0
add_player: SUCCESS
get_ith_pointless_ability: SUCCESS, 76
remove_team: FAILURE
add_player: FAILURE
get_partial_spirit: SUCCESS, 1,3,4,2,5
add_player_cards: SUCCESS
play_match: FAILURE
play_match: SUCCESS, 1
add_player: SUCCESS
get_team_points: SUCCESS, 0
play_match: FAILURE
get_team_points: SUCCESS, 0
play_match: SUCCESS, 3
add_team: FAILURE
buy_team: SUCCESS
add_team: FAILURE
add_player: SUCCESS
play_match: FAILURE
get_team_points: SUCCESS, 0
get_ith_pointless_ability: SUCCESS, 8
add_player: FAILURE
buy_team: SUCCESS
play_match: FAILURE
play_match: FAILURE
get_ith_pointless_ability: FAILURE
buy_team: SUCCESS
buy_team: SUCCESS
add_player_cards: SUCCESS
play_match: FAILURE
buy_team: SUCCESS
add_player: SUCCESS
add_team: FAILURE
play_match: SUCCESS, 3
buy_team: SUCCESS
remove_team: FAILURE
buy_team: SUCCESS
get_ith_pointless_ability: FAILURE
get_ith_pointless_ability: FAILURE
add_player: FAILURE
add_player: SUCCESS
num_played_games_for_player: SUCCESS, 22
get_partial_spirit: SUCCESS, 5,4,1,3,2
num_played_games_for_player: SUCCESS, 22
add_player: SUCCESS
num_played_games_for_player: SUCCESS, 22
play_match: FAILURE
add_team: FAILURE
play_match: SUCCESS, 3
remove_team: FAILURE
add_player: SUCCESS
play_match: FAILURE
play_match: FAILURE
add_team: FAILURE
play_match: FAILURE
add_team: FAILURE
add_player: SUCCESS
get_player_cards: SUCCESS, 61
num_played_games_for_player: SUCCESS, 22
get_player_cards: SUCCESS, 214
play_match: SUCCESS, 1
get_partial_spirit: FAILURE
buy_team: SUCCESS
get_ith_pointless_ability: FAILURE
add_player: SUCCESS
get_partial_spirit: SUCCESS, 1,2,3,4,5
add_player: SUCCESS
get_partial_spirit: SUCCESS, 2,5,1,3,4
add_player: FAILURE
num_played_games_for_player: SUCCESS, 22
add_player: FAILURE
play_match: FAILURE
buy_team: SUCCESS
get_team_points: SUCCESS, 0
get_team_points: SUCCESS, 3
buy_team: SUCCESS
remove_team: FAILURE
add_player_cards: SUCCESS
add_team: FAILURE
get_team_points: SUCCESS, 6
add_player_cards: SUCCESS
get_player_cards: SUCCESS, 64
get_ith_pointless_ability: FAILURE
play_match: SUCCESS, 1
remove_team: FAILURE
add_player: SUCCESS
get_partial_spirit: SUCCESS, 1,2,3,4,5
add_player_cards: FAILURE
add_player: FAILURE
get_player_cards: SUCCESS, 69
get_partial_spirit: SUCCESS, 2,3,5,1,4
num_played_games_for_player: SUCCESS, 22
buy_team: SUCCESS
play_match: FAILURE
buy_team: SUCCESS
add_team: FAILURE
get_player_cards: SUCCESS, 174
get_partial_spirit: SUCCESS, 5,4,1,2,3
num_played_games_for_player: SUCCESS, 22
add_player_cards: SUCCESS
get_player_cards: SUCCESS, 85
add_player: SUCCESS
add_team: FAILURE
buy_team: SUCCESS
get_partial_spirit: SUCCESS, 3,1,5,2,4
get_partial_spirit: SUCCESS, 1,2,3,4,5
get_team_points: SUCCESS, 0
num_played_games_for_player: SUCCESS, 22
add_player_cards: SUCCESS
add_team: FAILURE
buy_team: SUCCESS
get_player_cards: SUCCESS, 7
get_partial_spirit: SUCCESS, 5,1,3,2,4
add_player: FAILURE
add_player: FAILURE
add_player: SUCCESS
get_team_points: SUCCESS, 0
get_partial_spirit: SUCCESS, 1,2,3,4,5
play_match: FAILURE
add_player: FAILURE
add_team: FAILURE
num_played_games_for_player: SUCCESS, 22
add_player_cards: SUCCESS
get_partial_spirit: SUCCESS, 5,4,1,2,3
num_played_games_for_player: SUCCESS, 22
remove_team: FAILURE
add_player: SUCCESS
num_played_games_for_player: SUCCESS, 22
num_played_games_for_player: SUCCESS, 22
remove_team: FAILURE
remove_team: FAILURE
buy_team: SUCCESS
get_player_cards: SUCCESS, 37
get_player_cards: SUCCESS, 213
get_partial_spirit: SUCCESS, 2,3,1,4,5
add_player: FAILURE
get_partial_spirit: SUCCESS, 1,2,3,4,5
add_player: FAILURE
add_team: FAILURE
remove_team: FAILURE
add_player: FAILURE
buy_team: SUCCESS
add_player: SUCCESS
add_player: FAILURE
add_team: FAILURE
add_team: FAILURE
get_player_cards: SUCCESS, 245
get_player_cards: SUCCESS, 245
add_player_cards: SUCCESS
buy_team: SUCCESS
remove_team: FAILURE
buy_team: SUCCESS
get_player_cards: SUCCESS, 255
get_ith_pointless_ability: FAILURE
play_match: SUCCESS, 1
get_partial_spirit: SUCCESS, 4,1,2,5,3
get_player_cards: SUCCESS, 263
get_partial_spirit: SUCCESS, 3,1,4,2,5
buy_team: SUCCESS
remove_team: FAILURE
get_player_cards: SUCCESS, 273
get_ith_pointless_ability: SUCCESS, 30
remove_team: FAILURE
buy_team: SUCCESS
get_team_points: SUCCESS, 0
remove_team: FAILURE
num_played_games_for_player: SUCCESS, 22
get_team_points: FAILURE
get_partial_spirit: FAILURE
buy_team: SUCCESS
num_played_games_for_player: SUCCESS, 22
get_player_cards: SUCCESS, 250
add_player: FAILURE
remove_team: FAILURE
num_played_games_for_player: SUCCESS, 22
get_player_cards: SUCCESS, 14
num_played_games_for_player: SUCCESS, 22
get_player_cards: SUCCESS, 214
get_team_points: SUCCESS, 0
add_player: FAILURE
remove_team: FAILURE
get_player_cards: SUCCESS, 176
add_player: SUCCESS
get_ith_pointless_ability: SUCCESS, 64
add_player_cards: SUCCESS
get_team_points: SUCCESS, 0
add_player: SUCCESS
remove_team: FAILURE
remove_team: FAILURE
num_played_games_for_player: SUCCESS, 22
add_player_cards: SUCCESS
add_team: FAILURE
buy_team: SUCCESS
get_player_cards: SUCCESS, 214
buy_team: SUCCESS
add_player: SUCCESS
add_player: SUCCESS
get_team_points: SUCCESS, 3
add_team: FAILURE
get_partial_spirit: SUCCESS, 2,5,1,3,4
remove_team: FAILURE
remove_team: FAILURE
remove_team: FAILURE
add_player: SUCCESS
add_team: FAILURE
add_player: SUCCESS
get_team_points: SUCCESS, 6
add_team: FAILURE
add_team: FAILURE
get_team_points: SUCCESS, 0
get_ith_pointless_ability: SUCCESS, 77
remove_team: FAILURE
add_player_cards: SUCCESS
add_player: SUCCESS
get_ith_pointless_ability: SUCCESS, 23
add_team: FAILURE
add_player: FAILURE
get_player_cards: SUCCESS, 78
get_partial_spirit: SUCCESS, 5,2,1,3,4
add_player: FAILURE
add_player: SUCCESS
get_partial_spirit: SUCCESS, 2,5,1,3,4
add_team: FAILURE
remove_team: FAILURE
get_team_points: SUCCESS, 0
get_team_points: SUCCESS, 0
get_ith_pointless_ability: SUCCESS, 16
get_player_cards: SUCCESS, 231
get_team_points: SUCCESS, 0
remove_team: FAILURE
add_player: FAILURE
play_match: FAILURE
add_player: SUCCESS
get_team_points: FAILURE
add_player: FAILURE
get_player_cards: SUCCESS, 165
add_player_cards: FAILURE
add_team: FAILURE
add_player_cards: FAILURE
buy_team: SUCCESS
add_player: FAILURE
get_team_points: SUCCESS, 12
get_player_cards: SUCCESS, 26
get_team_points: SUCCESS, 0
get_team_points: SUCCESS, 0
play_match: FAILURE
add_player_cards: SUCCESS
add_player: SUCCESS
add_player: SUCCESS
remove_team: FAILURE
add_player: FAILURE
get_team_points: FAILURE
play_match: FAILURE
add_team: FAILURE
remove_team: FAILURE
get_team_points: SUCCESS, 3
get_partial_spirit: SUCCESS, 1,2,3,4,5
get_team_points: SUCCESS, 0
get_ith_pointless_ability: SUCCESS, 37
get_team_points: FAILURE
get_ith_pointless_ability: SUCCESS, 16
get_partial_spirit: SUCCESS, 1,2,3,4,5
get_partial_spirit: SUCCESS, 5,4,1,2,3
add_player: SUCCESS
remove_team: FAILURE
num_played_games_for_player: SUCCESS, 22
get_team_points: FAILURE
get_player_cards: SUCCESS, 243
add_player_cards: SUCCESS
add_player: FAILURE
get_player_cards: SUCCESS, 216
add_player: FAILURE
get_ith_pointless_ability: SUCCESS, 29
buy_team: SUCCESS
add_player: SUCCESS
get_player_cards: SUCCESS, 259
get_team_points: SUCCESS, 0
remove_team: FAILURE
add_player: SUCCESS
get_team_points: FAILURE
get_player_cards: SUCCESS, 103
add_player: SUCCESS
remove_team: FAILURE
play_match: FAILURE
get_team_points: SUCCESS, 0
get_player_cards: SUCCESS, 26
play_match: FAILURE
add_player_cards: SUCCESS
add_player_cards: SUCCESS
add_player: FAILURE
get_partial_spirit: SUCCESS, 1,2,3,4,5
get_team_points: SUCCESS, 0
add_player_cards: SUCCESS
play_match: FAILURE
get_partial_spirit: FAILURE
play_match: FAILURE
get_ith_pointless_ability: SUCCESS, 85
buy_team: SUCCESS
get_partial_spirit: SUCCESS, 5,2,3,4,1
add_player: SUCCESS
remove_team: FAILURE
add_player_cards: SUCCESS
get_partial_spirit: SUCCESS, 5,2,3,4,1
get_team_points: SUCCESS, 0
get_ith_pointless_ability: SUCCESS, 69
get_player_cards: SUCCESS, 184
remove_team: FAILURE
add_team: SUCCESS
num_played_games_for_player: SUCCESS, 22
get_player_cards: SUCCESS, 146
buy_team: SUCCESS
buy_team: SUCCESS
add_player: FAILURE
add_player: SUCCESS
add_player: SUCCESS
add_player: FAILURE
add_player: SUCCESS
get_player_cards: SUCCESS, 178
add_team: FAILURE
add_player: SUCCESS
add_team: FAILURE
num_played_games_for_player: SUCCESS, 22
add_player: FAILURE
add_player: FAILURE
play_match: FAILURE
add_player: FAILURE
get_player_cards: SUCCESS, 20
get_player_cards: SUCCESS, 27
num_played_games_for_player: SUCCESS, 22
remove_team: FAILURE
num_played_games_for_player: SUCCESS, 22
get_ith_pointless_ability: SUCCESS, 45
get_team_points: SUCCESS, 0
add_player: SUCCESS
add_player: SUCCESS
remove_team: FAILURE
add_player: SUCCESS
add_player_cards: SUCCESS
play_match: FAILURE
buy_team: SUCCESS
get_player_cards: SUCCESS, 93
add_player: FAILURE
play_match: FAILURE
add_player: FAILURE
add_player: FAILURE
get_team_points: FAILURE
add_player: FAILURE
add_player: SUCCESS
get_ith_pointless_ability: SUCCESS, 8
get_team_points: FAILURE
get_ith_pointless_ability: SUCCESS, 12
get_player_cards: SUCCESS, 52
add_player: FAILURE
get_partial_spirit: FAILURE
get_team_points: SUCCESS, 0
play_match: FAILURE
num_played_games_for_player: SUCCESS, 22
num_played_games_for_player: SUCCESS, 22
get_ith_pointless_ability: SUCCESS, 65
add_player: FAILURE
add_player: SUCCESS
add_player: FAILURE
get_team_points: SUCCESS, 3
play_match: FAILURE
add_player: FAILURE
remove_team: FAILURE
add_player: FAILURE
buy_team: SUCCESS
add_player: FAILURE
add_player: FAILURE
play_match: FAILURE
add_player_cards: SUCCESS
remove_team: FAILURE
get_partial_spirit: SUCCESS, 1,2,3,4,5
add_player_cards: SUCCESS
get_team_points: SUCCESS, 3
get_player_cards: SUCCESS, 131
add_team: FAILURE
num_played_games_for_player: SUCCESS, 22
remove_team: FAILURE
remove_team: FAILURE
add_player_cards: FAILURE
get_ith_pointless_ability: SUCCESS, 77
add_player: SUCCESS
num_played_games_for_player: SUCCESS, 22
add_player: SUCCESS
add_player: SUCCESS
num_played_games_for_player: SUCCESS, 22
add_player: FAILURE
add_player: SUCCESS
add_player: FAILURE
add_player: FAILURE
get_ith_pointless_ability: SUCCESS, 97
add_player_cards: FAILURE
buy_team: SUCCESS
remove_team: FAILURE
get_ith_pointless_ability: SUCCESS, 35
add_team: FAILURE
add_player_cards: SUCCESS
add_player: SUCCESS
remove_team: FAILURE
get_partial_spirit: SUCCESS, 1,2,3,4,5
get_ith_pointless_ability: FAILURE
add_player_cards: SUCCESS
play_match: FAILURE
add_player: FAILURE
add_player: FAILURE
buy_team: SUCCESS
play_match: FAILURE
add_team: FAILURE
add_team: FAILURE
remove_team: FAILURE
num_played_games_for_player: SUCCESS, 22
num_played_games_for_player: SUCCESS, 22
add_player: FAILURE
get_player_cards: SUCCESS, 409
play_match: FAILURE
remove_team: FAILURE
get_player_cards: SUCCESS, 96
get_team_points: SUCCESS, 0
get_ith_pointless_ability: SUCCESS, 46
get_player_cards: SUCCESS, 64
buy_team: SUCCESS
buy_team: SUCCESS
buy_team: SUCCESS
num_played_games_for_player: SUCCESS, 22
remove_team: FAILURE
get_partial_spirit: FAILURE
add_team: FAILURE
play_match: FAILURE
get_partial_spirit: SUCCESS, 1,2,3,4,5
buy_team: SUCCESS
add_player: FAILURE
num_played_games_for_player: SUCCESS, 22
num_played_games_for_player: SUCCESS, 22
get_partial_spirit: SUCCESS, 3,2,5,4,1
add_player: FAILURE
remove_team: FAILURE
play_match: FAILURE
get_player_cards: SUCCESS, 29
add_team: FAILURE
add_team: FAILURE
add_player_cards: SUCCESS
add_player: FAILURE
get_team_points: SUCCESS, 3
get_partial_spirit: SUCCESS, 2,5,4,1,3
add_player: SUCCESS
remove_team: FAILURE
add_player_cards: SUCCESS
add_player_cards: FAILURE
num_played_games_for_player: SUCCESS, 22
add_player: SUCCESS
add_player: SUCCESS
add_player_cards: SUCCESS
add_team: FAILURE
get_ith_pointless_ability: FAILURE
get_ith_pointless_ability: FAILURE
get_player_cards: SUCCESS, 134
play_match: FAILURE
add_team: FAILURE
add_player_cards: SUCCESS
get_ith_pointless_ability: SUCCESS, 77
buy_team: SUCCESS
add_player: FAILURE
get_team_points: SUCCESS, 0
get_ith_pointless_ability: FAILURE
remove_team: FAILURE
num_played_games_for_player: SUCCESS, 22
add_player_cards: SUCCESS
add_player_cards: FAILURE
add_player: SUCCESS
add_player: FAILURE
