add_team: SUCCESS
add_team: SUCCESS
add_team: SUCCESS
add_team: SUCCESS
add_team: SUCCESS
add_team: SUCCESS
add_team: SUCCESS
add_team: SUCCESS
add_team: SUCCESS
add_team: SUCCESS
add_team: SUCCESS
add_team: SUCCESS
add_team: SUCCESS
add_team: SUCCESS
add_team: SUCCESS
add_team: SUCCESS
add_team: SUCCESS
add_team: SUCCESS
add_team: SUCCESS
add_team: SUCCESS
add_team: SUCCESS
add_team: SUCCESS
add_team: SUCCESS
add_team: SUCCESS
add_team: SUCCESS
add_team: SUCCESS
add_team: SUCCESS
add_team: SUCCESS
add_team: SUCCESS
add_team: SUCCESS
add_team: SUCCESS
add_team: SUCCESS
add_team: SUCCESS
add_team: SUCCESS
add_team: SUCCESS
add_team: SUCCESS
add_team: SUCCESS
add_team: SUCCESS
add_team: SUCCESS
add_team: SUCCESS
add_team: SUCCESS
add_team: SUCCESS
add_team: SUCCESS
add_team: SUCCESS
add_team: SUCCESS
add_team: SUCCESS
add_team: SUCCESS
add_team: SUCCESS
add_team: SUCCESS
add_team: SUCCESS
add_team: SUCCESS
add_team: SUCCESS
add_team: SUCCESS
add_team: SUCCESS
add_team: SUCCESS
add_team: SUCCESS
add_team: SUCCESS
add_team: SUCCESS
add_team: SUCCESS
add_team: SUCCESS
add_team: SUCCESS
add_team: SUCCESS
add_team: SUCCESS
add_team: SUCCESS
add_team: SUCCESS
add_team: SUCCESS
add_team: SUCCESS
add_team: SUCCESS
add_team: SUCCESS
add_team: SUCCESS
add_team: SUCCESS
add_team: SUCCESS
add_team: SUCCESS
add_team: SUCCESS
add_team: SUCCESS
add_team: SUCCESS
add_team: SUCCESS
add_team: SUCCESS
add_team: SUCCESS
add_team: SUCCESS
add_team: SUCCESS
add_team: SUCCESS
add_team: SUCCESS
add_team: SUCCESS
add_team: SUCCESS
add_team: SUCCESS
add_team: SUCCESS
add_team: SUCCESS
add_team: SUCCESS
add_team: SUCCESS
add_team: SUCCESS
add_team: SUCCESS
add_team: SUCCESS
add_team: SUCCESS
add_team: SUCCESS
add_team: SUCCESS
add_team: SUCCESS
add_team: SUCCESS
add_team: SUCCESS
add_team: SUCCESS
add_player: SUCCESS
add_player: SUCCESS
add_player: SUCCESS
add_player: SUCCESS
add_player: SUCCESS
add_player: SUCCESS
add_player: SUCCESS
add_player: SUCCESS
add_player: SUCCESS
add_player: SUCCESS
add_player: SUCCESS
add_player: SUCCESS
add_player: SUCCESS
add_player: SUCCESS
add_player: SUCCESS
add_player: SUCCESS
add_player: SUCCESS
add_player: SUCCESS
add_player: SUCCESS
add_player: SUCCESS
add_player: SUCCESS
add_player: SUCCESS
add_player: SUCCESS
add_player: SUCCESS
add_player: SUCCESS
add_player: SUCCESS
add_player: SUCCESS
add_player: SUCCESS
add_player: SUCCESS
add_player: SUCCESS
add_player: SUCCESS
add_player: SUCCESS
add_player: SUCCESS
add_player: SUCCESS
add_player: SUCCESS
add_player: SUCCESS
add_player: SUCCESS
add_player: SUCCESS
add_player: SUCCESS
add_player: SUCCESS
add_player: SUCCESS
add_player: SUCCESS
add_player: SUCCESS
add_player: SUCCESS
add_player: SUCCESS
add_player: SUCCESS
add_player: SUCCESS
add_player: SUCCESS
add_player: SUCCESS
add_player: SUCCESS
add_player: SUCCESS
add_player: SUCCESS
add_player: SUCCESS
add_player: SUCCESS
add_player: SUCCESS
add_player: SUCCESS
add_player: SUCCESS
add_player: SUCCESS
add_player: SUCCESS
add_player: SUCCESS
add_player: SUCCESS
add_player: SUCCESS
add_player: SUCCESS
add_player: SUCCESS
add_player: SUCCESS
add_player: SUCCESS
add_player: SUCCESS
add_player: SUCCESS
add_player: SUCCESS
add_player: SUCCESS
add_player: SUCCESS
add_player: SUCCESS
add_player: SUCCESS
add_player: SUCCESS
add_player: SUCCESS
add_player: SUCCESS
add_player: SUCCESS
add_player: SUCCESS
add_player: SUCCESS
add_player: SUCCESS
add_player: SUCCESS
add_player: SUCCESS
add_player: SUCCESS
add_player: SUCCESS
add_player: SUCCESS
add_player: SUCCESS
add_player: SUCCESS
add_player: SUCCESS
add_player: SUCCESS
add_player: SUCCESS
add_player: SUCCESS
add_player: SUCCESS
add_player: SUCCESS
add_player: SUCCESS
add_player: SUCCESS
add_player: SUCCESS
add_player: SUCCESS
add_player: SUCCESS
add_player: SUCCESS
add_player: SUCCESS
get_partial_spirit: SUCCESS, 1,2,3,4,5
buy_team: SUCCESS
get_player_cards: SUCCESS, 166
add_player_cards: SUCCESS
add_player: SUCCESS
get_team_points: SUCCESS, 0
add_player: SUCCESS
remove_team: FAILURE
buy_team: SUCCESS
remove_team: FAILURE
play_match: FAILURE
get_team_points: SUCCESS, 0
add_player: SUCCESS
add_player_cards: SUCCESS
play_match: FAILURE
add_player: SUCCESS
add_player_cards: SUCCESS
num_played_games_for_player: SUCCESS, 22
add_player_cards: SUCCESS
num_played_games_for_player: SUCCESS, 22
add_player_cards: SUCCESS
add_player: SUCCESS
add_team: SUCCESS
get_team_points: SUCCESS, 0
add_team: FAILURE
add_team: FAILURE
get_team_points: SUCCESS, 0
add_player: SUCCESS
add_player: SUCCESS
add_player_cards: SUCCESS
play_match: FAILURE
get_partial_spirit: SUCCESS, 1,2,3,4,5
get_partial_spirit: SUCCESS, 1,2,3,4,5
add_player: SUCCESS
play_match: FAILURE
num_played_games_for_player: SUCCESS, 22
get_player_cards: SUCCESS, 188
get_partial_spirit: SUCCESS, 1,2,3,4,5
add_player: SUCCESS
get_player_cards: SUCCESS, 91
get_partial_spirit: SUCCESS, 1,2,3,4,5
get_player_cards: SUCCESS, 213
add_player: SUCCESS
add_team: FAILURE
add_player: SUCCESS
num_played_games_for_player: SUCCESS, 22
num_played_games_for_player: SUCCESS, 22
get_partial_spirit: SUCCESS, 1,2,3,4,5
num_played_games_for_player: SUCCESS, 22
remove_team: FAILURE
add_player: SUCCESS
remove_team: FAILURE
buy_team: SUCCESS
get_ith_pointless_ability: FAILURE
add_player_cards: SUCCESS
add_player: SUCCESS
add_player: SUCCESS
num_played_games_for_player: SUCCESS, 22
add_player: SUCCESS
add_player_cards: SUCCESS
play_match: FAILURE
get_player_cards: SUCCESS, 45
num_played_games_for_player: SUCCESS, 22
play_match: FAILURE
add_player: SUCCESS
get_ith_pointless_ability: FAILURE
add_team: FAILURE
get_ith_pointless_ability: SUCCESS, 3
add_player: SUCCESS
get_team_points: SUCCESS, 0
buy_team: SUCCESS
add_player: SUCCESS
add_player: SUCCESS
num_played_games_for_player: SUCCESS, 22
add_player: SUCCESS
buy_team: SUCCESS
get_team_points: SUCCESS, 0
get_team_points: SUCCESS, 0
num_played_games_for_player: SUCCESS, 22
get_team_points: SUCCESS, 0
get_player_cards: SUCCESS, 2
buy_team: SUCCESS
get_ith_pointless_ability: FAILURE
add_team: FAILURE
get_ith_pointless_ability: FAILURE
get_team_points: SUCCESS, 0
get_player_cards: SUCCESS, 71
add_player: SUCCESS
add_player: SUCCESS
add_player: SUCCESS
get_partial_spirit: SUCCESS, 1,2,3,4,5
remove_team: FAILURE
num_played_games_for_player: SUCCESS, 22
get_team_points: SUCCESS, 0
add_player_cards: SUCCESS
add_player: SUCCESS
get_partial_spirit: SUCCESS, 1,5,2,4,3
play_match: FAILURE
num_played_games_for_player: SUCCESS, 22
add_player: SUCCESS
add_player: SUCCESS
get_player_cards: SUCCESS, 77
play_match: SUCCESS, 3
remove_team: FAILURE
num_played_games_for_player: SUCCESS, 22
buy_team: SUCCESS
num_played_games_for_player: SUCCESS, 22
add_player: SUCCESS
play_match: FAILURE
add_player: SUCCESS
remove_team: FAILURE
buy_team: SUCCESS
add_player: SUCCESS
add_player_cards: SUCCESS
add_player: SUCCESS
add_player: SUCCESS
add_team: FAILURE
add_player: SUCCESS
add_player: SUCCESS
buy_team: SUCCESS
get_ith_pointless_ability: SUCCESS, 16
get_player_cards: SUCCESS, 30
buy_team: SUCCESS
add_player: SUCCESS
remove_team: FAILURE
add_team: FAILURE
buy_team: SUCCESS
get_partial_spirit: SUCCESS, 4,1,3,5,2
remove_team: FAILURE
get_ith_pointless_ability: FAILURE
get_partial_spirit: SUCCESS, 1,2,3,4,5
play_match: FAILURE
add_team: FAILURE
buy_team: SUCCESS
get_ith_pointless_ability: FAILURE
num_played_games_for_player: SUCCESS, 22
play_match: FAILURE
get_partial_spirit: SUCCESS, 3,5,2,4,1
add_player: SUCCESS
remove_team: FAILURE
num_played_games_for_player: SUCCESS, 22
num_played_games_for_player: SUCCESS, 22
buy_team: SUCCESS
add_player_cards: FAILURE
get_partial_spirit: SUCCESS, 1,2,3,4,5
get_team_points: SUCCESS, 0
get_player_cards: SUCCESS, 75
get_ith_pointless_ability: FAILURE
add_player: SUCCESS
add_player: SUCCESS
add_player_cards: SUCCESS
add_player: SUCCESS
get_ith_pointless_ability: FAILURE
num_played_games_for_player: SUCCESS, 22
remove_team: FAILURE
add_player: SUCCESS
get_partial_spirit: SUCCESS, 1,2,3,4,5
add_player: SUCCESS
remove_team: FAILURE
add_team: FAILURE
get_player_cards: SUCCESS, 68
add_team: FAILURE
add_player: SUCCESS
buy_team: SUCCESS
add_player: SUCCESS
add_player: SUCCESS
get_partial_spirit: SUCCESS, 1,2,3,4,5
add_player: SUCCESS
add_player: SUCCESS
remove_team: FAILURE
buy_team: SUCCESS
add_team: FAILURE
buy_team: SUCCESS
get_team_points: SUCCESS, 0
get_ith_pointless_ability: FAILURE
play_match: FAILURE
add_player: SUCCESS
get_partial_spirit: SUCCESS, 1,2,3,4,5
add_player: SUCCESS
buy_team: SUCCESS
get_ith_pointless_ability: SUCCESS, 39
add_player: SUCCESS
get_player_cards: SUCCESS, 252
add_player: SUCCESS
play_match: FAILURE
get_player_cards: SUCCESS, 276
add_team: FAILURE
add_player: SUCCESS
num_played_games_for_player: SUCCESS, 22
play_match: FAILURE
add_player: SUCCESS
remove_team: FAILURE
add_player_cards: SUCCESS
remove_team: FAILURE
add_player: FAILURE
add_player_cards: SUCCESS
add_player_cards: SUCCESS
add_player: SUCCESS
add_player_cards: SUCCESS
add_player_cards: SUCCESS
add_player: SUCCESS
buy_team: SUCCESS
num_played_games_for_player: SUCCESS, 22
remove_team: FAILURE
add_team: FAILURE
buy_team: SUCCESS
get_player_cards: SUCCESS, 197
get_player_cards: SUCCESS, 204
get_player_cards: SUCCESS, 446
get_partial_spirit: SUCCESS, 1,3,2,4,5
num_played_games_for_player: SUCCESS, 22
buy_team: SUCCESS
remove_team: FAILURE
play_match: FAILURE
add_player: SUCCESS
add_player: SUCCESS
get_player_cards: SUCCESS, 227
add_player_cards: SUCCESS
add_player: SUCCESS
add_player: SUCCESS
get_player_cards: SUCCESS, 176
add_player: SUCCESS
get_team_points: SUCCESS, 0
buy_team: SUCCESS
add_player: FAILURE
add_team: FAILURE
add_player_cards: SUCCESS
add_player: SUCCESS
add_player: FAILURE
remove_team: FAILURE
get_ith_pointless_ability: FAILURE
get_team_points: SUCCESS, 0
get_partial_spirit: FAILURE
add_player: SUCCESS
buy_team: SUCCESS
add_player: FAILURE
add_player: SUCCESS
get_ith_pointless_ability: FAILURE
get_team_points: SUCCESS, 0
get_ith_pointless_ability: SUCCESS, 53
get_team_points: SUCCESS, 0
add_player_cards: SUCCESS
add_player: SUCCESS
add_player_cards: SUCCESS
get_partial_spirit: SUCCESS, 3,5,2,4,1
add_team: FAILURE
get_ith_pointless_ability: SUCCESS, 47
add_player: SUCCESS
add_player_cards: SUCCESS
add_player: SUCCESS
add_player_cards: SUCCESS
add_player: SUCCESS
buy_team: SUCCESS
add_player: SUCCESS
remove_team: FAILURE
add_player: SUCCESS
add_team: FAILURE
remove_team: FAILURE
add_player: SUCCESS
get_team_points: SUCCESS, 0
get_player_cards: SUCCESS, 260
add_team: FAILURE
num_played_games_for_player: SUCCESS, 22
add_player: SUCCESS
add_player: SUCCESS
buy_team: SUCCESS
get_ith_pointless_ability: FAILURE
get_team_points: SUCCESS, 0
add_player: SUCCESS
play_match: SUCCESS, 3
buy_team: SUCCESS
get_ith_pointless_ability: SUCCESS, 1
add_team: FAILURE
get_partial_spirit: SUCCESS, 1,3,4,5,2
play_match: FAILURE
num_played_games_for_player: SUCCESS, 22
num_played_games_for_player: SUCCESS, 22
get_team_points: SUCCESS, 0
remove_team: FAILURE
play_match: SUCCESS, 3
num_played_games_for_player: SUCCESS, 22
get_ith_pointless_ability: FAILURE
buy_team: SUCCESS
add_player: SUCCESS
play_match: SUCCESS, 1
add_team: FAILURE
get_ith_pointless_ability: SUCCESS, 41
add_player: SUCCESS
add_player_cards: SUCCESS
add_player_cards: SUCCESS
get_player_cards: SUCCESS, 183
add_player: SUCCESS
num_played_games_for_player: SUCCESS, 22
add_player: FAILURE
get_partial_spirit: SUCCESS, 1,2,3,4,5
num_played_games_for_player: SUCCESS, 22
play_match: SUCCESS, 1
buy_team: SUCCESS
add_player: SUCCESS
add_player: SUCCESS
num_played_games_for_player: SUCCESS, 22
add_player: SUCCESS
add_player: SUCCESS
get_partial_spirit: SUCCESS, 3,4,5,1,2
add_player: SUCCESS
remove_team: FAILURE
play_match: FAILURE
get_partial_spirit: SUCCESS, 4,2,1,3,5
add_team: FAILURE
remove_team: FAILURE
get_ith_pointless_ability: FAILURE
get_player_cards: SUCCESS, 251
play_match: FAILURE
add_player: FAILURE
get_team_points: SUCCESS, 0
add_player: FAILURE
add_player: FAILURE
add_player: FAILURE
add_player_cards: SUCCESS
add_player_cards: SUCCESS
add_player: FAILURE
buy_team: SUCCESS
get_ith_pointless_ability: FAILURE
get_ith_pointless_ability: SUCCESS, 62
get_partial_spirit: FAILURE
add_player: FAILURE
get_player_cards: SUCCESS, 74
add_player_cards: SUCCESS
buy_team: SUCCESS
add_player: FAILURE
add_player: FAILURE
remove_team: FAILURE
get_team_points: SUCCESS, 3
play_match: FAILURE
add_player: FAILURE
remove_team: FAILURE
play_match: FAILURE
add_player_cards: SUCCESS
get_player_cards: SUCCESS, 209
num_played_games_for_player: SUCCESS, 22
get_ith_pointless_ability: FAILURE
remove_team: FAILURE
get_player_cards: SUCCESS, 67
add_player: FAILURE
add_player: FAILURE
add_player: FAILURE
add_team: FAILURE
get_team_points: SUCCESS, 0
add_player_cards: SUCCESS
get_team_points: SUCCESS, 0
add_player_cards: SUCCESS
add_player_cards: SUCCESS
add_player: FAILURE
remove_team: FAILURE
add_player_cards: SUCCESS
add_player: FAILURE
get_partial_spirit: SUCCESS, 3,1,5,2,4
get_player_cards: SUCCESS, 244
add_player_cards: SUCCESS
add_team: FAILURE
get_ith_pointless_ability: FAILURE
get_ith_pointless_ability: FAILURE
add_player: FAILURE
add_player: FAILURE
add_player: FAILURE
num_played_games_for_player: SUCCESS, 22
num_played_games_for_player: SUCCESS, 22
add_player: FAILURE
remove_team: FAILURE
add_player_cards: SUCCESS
add_player_cards: SUCCESS
remove_team: FAILURE
remove_team: FAILURE
remove_team: FAILURE
buy_team: SUCCESS
get_player_cards: SUCCESS, 200
get_partial_spirit: SUCCESS, 1,2,3,4,5
add_player: FAILURE
add_player_cards: SUCCESS
buy_team: SUCCESS
get_team_points: SUCCESS, 0
add_player_cards: SUCCESS
add_player_cards: SUCCESS
add_team: FAILURE
num_played_games_for_player: SUCCESS, 22
get_partial_spirit: SUCCESS, 3,5,2,1,4
add_team: FAILURE
get_team_points: SUCCESS, 0
get_player_cards: SUCCESS, 79
num_played_games_for_player: SUCCESS, 22
get_ith_pointless_ability: SUCCESS, 33
get_player_cards: SUCCESS, 249
add_team: FAILURE
get_partial_spirit: SUCCESS, 1,2,3,4,5
add_player: FAILURE
buy_team: SUCCESS
add_player: FAILURE
get_player_cards: SUCCESS, 142
add_player: FAILURE
get_player_cards: SUCCESS, 68
play_match: SUCCESS, 1
get_partial_spirit: SUCCESS, 5,4,2,3,1
num_played_games_for_player: SUCCESS, 22
add_player: FAILURE
play_match: FAILURE
buy_team: SUCCESS
add_player: FAILURE
get_team_points: FAILURE
add_player_cards: SUCCESS
play_match: FAILURE
add_player_cards: SUCCESS
add_team: FAILURE
add_team: FAILURE
get_player_cards: SUCCESS, 420
num_played_games_for_player: SUCCESS, 22
add_player: FAILURE
get_team_points: SUCCESS, 0
add_player: FAILURE
play_match: SUCCESS, 1
add_player: FAILURE
add_player: FAILURE
play_match: FAILURE
add_player_cards: SUCCESS
remove_team: FAILURE
get_team_points: SUCCESS, 0
add_player: FAILURE
get_ith_pointless_ability: SUCCESS, 41
get_team_points: FAILURE
add_player: FAILURE
get_partial_spirit: SUCCESS, 1,2,3,4,5
num_played_games_for_player: SUCCESS, 22
get_ith_pointless_ability: SUCCESS, 28
add_player_cards: SUCCESS
add_player: FAILURE
remove_team: FAILURE
num_played_games_for_player: SUCCESS, 22
get_partial_spirit: SUCCESS, 1,2,3,4,5
add_player: FAILURE
get_partial_spirit: SUCCESS, 5,4,1,2,3
add_player: FAILURE
get_team_points: SUCCESS, 0
get_partial_spirit: SUCCESS, 3,2,1,5,4
get_player_cards: SUCCESS, 94
get_partial_spirit: SUCCESS, 1,2,3,4,5
add_player: FAILURE
add_player: FAILURE
add_team: FAILURE
get_player_cards: SUCCESS, 192
add_player: FAILURE
add_player_cards: SUCCESS
remove_team: FAILURE
buy_team: SUCCESS
play_match: SUCCESS, 1
add_player: FAILURE
get_player_cards: SUCCESS, 278
remove_team: FAILURE
get_team_points: SUCCESS, 0
remove_team: FAILURE
add_player: FAILURE
buy_team: SUCCESS
add_player: FAILURE
play_match: FAILURE
get_ith_pointless_ability: FAILURE
add_player: FAILURE
play_match: FAILURE
get_team_points: SUCCESS, 0
remove_team: FAILURE
get_partial_spirit: SUCCESS, 2,1,3,4,5
num_played_games_for_player: SUCCESS, 22
remove_team: FAILURE
get_player_cards: SUCCESS, 192
add_player_cards: SUCCESS
get_player_cards: SUCCESS, 173
remove_team: FAILURE
add_player: FAILURE
add_player: FAILURE
add_player_cards: SUCCESS
add_player: FAILURE
get_ith_pointless_ability: SUCCESS, 76
buy_team: SUCCESS
get_partial_spirit: SUCCESS, 5,3,4,2,1
get_player_cards: SUCCESS, 286
add_player: FAILURE
add_player: FAILURE
add_player: FAILURE
num_played_games_for_player: SUCCESS, 22
play_match: FAILURE
add_player_cards: SUCCESS
buy_team: SUCCESS
add_team: FAILURE
add_player: FAILURE
buy_team: SUCCESS
add_team: FAILURE
get_player_cards: SUCCESS, 497
add_player_cards: FAILURE
add_player: FAILURE
buy_team: SUCCESS
num_played_games_for_player: SUCCESS, 22
get_team_points: SUCCESS, 0
get_team_points: SUCCESS, 0
add_player_cards: SUCCESS
add_player: FAILURE
add_player: FAILURE
get_ith_pointless_ability: SUCCESS, 41
num_played_games_for_player: SUCCESS, 22
add_player: FAILURE
get_team_points: SUCCESS, 0
add_team: FAILURE
get_team_points: SUCCESS, 0
buy_team: SUCCESS
play_match: FAILURE
num_played_games_for_player: SUCCESS, 22
play_match: FAILURE
get_partial_spirit: SUCCESS, 1,2,3,4,5
play_match: SUCCESS, 1
get_partial_spirit: SUCCESS, 1,2,3,4,5
get_partial_spirit: SUCCESS, 1,2,3,4,5
add_player_cards: SUCCESS
get_ith_pointless_ability: FAILURE
play_match: FAILURE
num_played_games_for_player: SUCCESS, 22
add_player: FAILURE
add_player: FAILURE
add_player: FAILURE
add_team: FAILURE
add_player: FAILURE
add_player: FAILURE
add_player_cards: SUCCESS
buy_team: SUCCESS
get_partial_spirit: SUCCESS, 1,4,2,5,3
add_player: FAILURE
add_player: FAILURE
add_player: FAILURE
add_player: FAILURE
buy_team: SUCCESS
num_played_games_for_player: SUCCESS, 22
num_played_games_for_player: SUCCESS, 22
play_match: FAILURE
get_player_cards: SUCCESS, 126
buy_team: SUCCESS
add_player: FAILURE
add_player: FAILURE
add_player: FAILURE
get_partial_spirit: SUCCESS, 1,2,3,4,5
add_player_cards: SUCCESS
get_partial_spirit: SUCCESS, 1,2,3,4,5
get_partial_spirit: SUCCESS, 1,2,5,4,3
add_team: FAILURE
get_team_points: SUCCESS, 0
num_played_games_for_player: SUCCESS, 22
add_player: FAILURE
add_player: FAILURE
num_played_games_for_player: SUCCESS, 22
add_player_cards: SUCCESS
get_partial_spirit: SUCCESS, 5,2,1,4,3
add_player: FAILURE
remove_team: FAILURE
add_player: FAILURE
remove_team: FAILURE
add_player_cards: FAILURE
get_team_points: SUCCESS, 0
add_team: FAILURE
add_player: FAILURE
get_partial_spirit: SUCCESS, 1,2,3,4,5
add_player_cards: SUCCESS
num_played_games_for_player: SUCCESS, 22
add_player: FAILURE
add_player: FAILURE
buy_team: SUCCESS
add_team: FAILURE
num_played_games_for_player: SUCCESS, 22
add_player: FAILURE
get_ith_pointless_ability: SUCCESS, 11
get_team_points: FAILURE
play_match: FAILURE
get_team_points: SUCCESS, 3
get_ith_pointless_ability: SUCCESS, 49
play_match: FAILURE
get_team_points: SUCCESS, 0
get_ith_pointless_ability: SUCCESS, 45
add_player: FAILURE
num_played_games_for_player: SUCCESS, 22
add_player: FAILURE
num_played_games_for_player: SUCCESS, 22
get_player_cards: SUCCESS, 166
add_team: FAILURE
add_player: FAILURE
play_match: FAILURE
add_player: FAILURE
add_player: FAILURE
get_ith_pointless_ability: FAILURE
get_partial_spirit: SUCCESS, 1,2,3,4,5
buy_team: SUCCESS
add_team: FAILURE
num_played_games_for_player: SUCCESS, 22
num_played_games_for_player: SUCCESS, 22
add_team: FAILURE
play_match: SUCCESS, 1
add_player_cards: SUCCESS
remove_team: FAILURE
get_partial_spirit: SUCCESS, 4,2,1,3,5
add_player: FAILURE
get_team_points: SUCCESS, 0
get_ith_pointless_ability: SUCCESS, 3
add_player: FAILURE
add_player: FAILURE
add_player_cards: SUCCESS
get_partial_spirit: SUCCESS, 5,3,4,1,2
add_team: FAILURE
remove_team: FAILURE
get_ith_pointless_ability: SUCCESS, 11
buy_team: SUCCESS
add_team: FAILURE
num_played_games_for_player: SUCCESS, 22
add_player: FAILURE
add_player: FAILURE
play_match: FAILURE
add_player_cards: SUCCESS
get_ith_pointless_ability: SUCCESS, 50
add_team: FAILURE
get_ith_pointless_ability: FAILURE
add_player: FAILURE
get_partial_spirit: SUCCESS, 1,4,2,5,3
add_player: FAILURE
get_ith_pointless_ability: SUCCESS, 86
add_team: FAILURE
get_ith_pointless_ability: FAILURE
add_player: FAILURE
num_played_games_for_player: SUCCESS, 22
get_ith_pointless_ability: SUCCESS, 93
add_player: FAILURE
get_player_cards: SUCCESS, 166
get_ith_pointless_ability: SUCCESS, 3
remove_team: FAILURE
get_partial_spirit: FAILURE
add_player: FAILURE
add_player_cards: SUCCESS
add_player: FAILURE
get_team_points: SUCCESS, 0
buy_team: SUCCESS
get_player_cards: SUCCESS, 254
num_played_games_for_player: SUCCESS, 22
add_player: FAILURE
buy_team: SUCCESS
add_player: FAILURE
remove_team: FAILURE
add_player: FAILURE
play_match: FAILURE
num_played_games_for_player: SUCCESS, 22
add_player: FAILURE
buy_team: SUCCESS
add_player: FAILURE
add_player_cards: SUCCESS
add_player: FAILURE
add_player: FAILURE
get_partial_spirit: SUCCESS, 3,5,4,2,1
add_player: FAILURE
add_player: FAILURE
buy_team: SUCCESS
play_match: FAILURE
add_player: FAILURE
get_team_points: SUCCESS, 0
num_played_games_for_player: SUCCESS, 22
add_player_cards: SUCCESS
remove_team: FAILURE
add_team: FAILURE
add_player: FAILURE
get_ith_pointless_ability: SUCCESS, 84
add_player_cards: SUCCESS
buy_team: SUCCESS
get_partial_spirit: SUCCESS, 3,1,2,5,4
add_player: FAILURE
get_ith_pointless_ability: SUCCESS, 66
add_player: FAILURE
add_team: FAILURE
play_match: FAILURE
get_player_cards: SUCCESS, 71
add_player: FAILURE
buy_team: SUCCESS
remove_team: FAILURE
buy_team: SUCCESS
add_team: FAILURE
add_player: FAILURE
add_player: FAILURE
add_player: FAILURE
add_team: FAILURE
play_match: SUCCESS, 3
add_player: FAILURE
remove_team: FAILURE
num_played_games_for_player: SUCCESS, 22
add_player: FAILURE
num_played_games_for_player: SUCCESS, 22
get_team_points: SUCCESS, 0
remove_team: FAILURE
get_ith_pointless_ability: FAILURE
add_team: FAILURE
add_player: FAILURE
add_player_cards: SUCCESS
get_ith_pointless_ability: SUCCESS, 100
get_player_cards: SUCCESS, 145
add_player_cards: SUCCESS
num_played_games_for_player: SUCCESS, 22
add_player: FAILURE
add_team: FAILURE
buy_team: SUCCESS
add_player: FAILURE
add_player: FAILURE
add_player_cards: SUCCESS
remove_team: FAILURE
num_played_games_for_player: SUCCESS, 22
get_player_cards: SUCCESS, 72
add_player: FAILURE
remove_team: FAILURE
buy_team: SUCCESS
add_player: FAILURE
remove_team: FAILURE
buy_team: SUCCESS
get_player_cards: SUCCESS, 337
add_player_cards: SUCCESS
add_player: FAILURE
remove_team: FAILURE
add_player: FAILURE
add_player: FAILURE
add_player: FAILURE
get_player_cards: SUCCESS, 254
add_player: FAILURE
add_player: FAILURE
get_partial_spirit: SUCCESS, 4,1,3,5,2
remove_team: FAILURE
add_team: FAILURE
add_team: FAILURE
num_played_games_for_player: SUCCESS, 22
add_player_cards: SUCCESS
num_played_games_for_player: SUCCESS, 22
add_player: FAILURE
add_team: FAILURE
buy_team: SUCCESS
get_partial_spirit: SUCCESS, 1,2,3,4,5
add_team: FAILURE
num_played_games_for_player: SUCCESS, 22
get_partial_spirit: FAILURE
num_played_games_for_player: SUCCESS, 22
get_partial_spirit: SUCCESS, 2,4,3,5,1
num_played_games_for_player: SUCCESS, 22
play_match: FAILURE
num_played_games_for_player: SUCCESS, 22
get_team_points: SUCCESS, 0
add_player: FAILURE
add_player: FAILURE
num_played_games_for_player: SUCCESS, 22
num_played_games_for_player: SUCCESS, 22
add_team: FAILURE
buy_team: SUCCESS
add_player: FAILURE
add_player: FAILURE
get_team_points: SUCCESS, 0
add_player: FAILURE
add_player_cards: SUCCESS
remove_team: FAILURE
remove_team: FAILURE
num_played_games_for_player: SUCCESS, 22
add_player: FAILURE
num_played_games_for_player: SUCCESS, 22
add_player: FAILURE
add_player_cards: SUCCESS
play_match: FAILURE
add_player: FAILURE
get_ith_pointless_ability: SUCCESS, 54
add_team: FAILURE
remove_team: FAILURE
buy_team: SUCCESS
get_ith_pointless_ability: SUCCESS, 70
add_player: FAILURE
add_player: FAILURE
add_team: FAILURE
get_ith_pointless_ability: SUCCESS, 94
get_ith_pointless_ability: FAILURE
add_player_cards: SUCCESS
add_team: FAILURE
get_team_points: SUCCESS, 0
get_ith_pointless_ability: FAILURE
add_player_cards: SUCCESS
add_player: FAILURE
add_player: FAILURE
get_team_points: SUCCESS, 0
get_ith_pointless_ability: FAILURE
add_player: FAILURE
buy_team: SUCCESS
add_player: FAILURE
get_partial_spirit: SUCCESS, 1,2,3,4,5
get_ith_pointless_ability: FAILURE
add_player: FAILURE
get_team_points: SUCCESS, 0
get_partial_spirit: SUCCESS, 1,5,2,4,3
add_player_cards: FAILURE
add_team: FAILURE
add_team: FAILURE
remove_team: FAILURE
play_match: FAILURE
get_player_cards: SUCCESS, 50
get_team_points: FAILURE
add_player: FAILURE
get_team_points: SUCCESS, 0
num_played_games_for_player: SUCCESS, 22
add_team: FAILURE
buy_team: SUCCESS
get_partial_spirit: SUCCESS, 1,2,3,4,5
get_team_points: SUCCESS, 0
add_team: FAILURE
add_team: FAILURE
get_partial_spirit: FAILURE
add_player_cards: SUCCESS
add_team: FAILURE
add_team: FAILURE
get_team_points: SUCCESS, 0
get_ith_pointless_ability: FAILURE
remove_team: FAILURE
add_player_cards: SUCCESS
remove_team: FAILURE
get_team_points: FAILURE
get_partial_spirit: SUCCESS, 3,4,5,2,1
remove_team: FAILURE
add_team: FAILURE
play_match: FAILURE
play_match: SUCCESS, 1
get_ith_pointless_ability: SUCCESS, 93
add_player: FAILURE
add_player: FAILURE
add_player_cards: SUCCESS
get_ith_pointless_ability: SUCCESS, 36
get_team_points: SUCCESS, 0
get_partial_spirit: FAILURE
num_played_games_for_player: SUCCESS, 22
get_partial_spirit: SUCCESS, 1,2,3,4,5
get_team_points: SUCCESS, 0
add_player_cards: SUCCESS
get_player_cards: SUCCESS, 68
remove_team: FAILURE
num_played_games_for_player: SUCCESS, 22
add_player: FAILURE
get_ith_pointless_ability: SUCCESS, 34
num_played_games_for_player: SUCCESS, 22
get_team_points: FAILURE
get_ith_pointless_ability: SUCCESS, 34
buy_team: SUCCESS
remove_team: FAILURE
add_player_cards: SUCCESS
buy_team: SUCCESS
add_player: FAILURE
get_player_cards: SUCCESS, 292
play_match: FAILURE
num_played_games_for_player: SUCCESS, 22
remove_team: FAILURE
add_player: FAILURE
get_player_cards: SUCCESS, 245
play_match: FAILURE
add_player: FAILURE
num_played_games_for_player: SUCCESS, 22
num_played_games_for_player: SUCCESS, 22
add_team: FAILURE
play_match: FAILURE
add_player_cards: SUCCESS
remove_team: FAILURE
num_played_games_for_player: SUCCESS, 22
buy_team: SUCCESS
add_player: FAILURE
play_match: FAILURE
remove_team: FAILURE
buy_team: SUCCESS
get_team_points: SUCCESS, 0
add_player: FAILURE
get_player_cards: SUCCESS, 190
get_team_points: SUCCESS, 0
get_ith_pointless_ability: SUCCESS, 49
buy_team: SUCCESS
play_match: FAILURE
add_team: FAILURE
get_team_points: SUCCESS, 0
remove_team: FAILURE
add_team: FAILURE
add_player_cards: FAILURE
add_player: FAILURE
play_match: FAILURE
buy_team: SUCCESS
add_player: FAILURE
play_match: FAILURE
get_partial_spirit: FAILURE
add_player: FAILURE
add_player_cards: SUCCESS
num_played_games_for_player: SUCCESS, 22
play_match: FAILURE
get_team_points: SUCCESS, 0
get_ith_pointless_ability: SUCCESS, 16
add_player_cards: FAILURE
add_player: FAILURE
get_ith_pointless_ability: SUCCESS, 100
num_played_games_for_player: SUCCESS, 22
add_player: FAILURE
add_player: FAILURE
add_player: FAILURE
get_partial_spirit: SUCCESS, 3,4,5,1,2
get_team_points: FAILURE
add_player: FAILURE
num_played_games_for_player: SUCCESS, 22
get_partial_spirit: SUCCESS, 1,2,3,4,5
add_player_cards: FAILURE
play_match: FAILURE
add_player: FAILURE
buy_team: SUCCESS
get_partial_spirit: SUCCESS, 1,2,3,4,5
buy_team: SUCCESS
num_played_games_for_player: SUCCESS, 22
get_partial_spirit: FAILURE
add_player_cards: SUCCESS
add_player: FAILURE
buy_team: SUCCESS
add_player_cards: SUCCESS
get_player_cards: SUCCESS, 610
add_team: FAILURE
add_player: FAILURE
add_team: FAILURE
remove_team: FAILURE
remove_team: FAILURE
add_player_cards: FAILURE
get_player_cards: SUCCESS, 244
add_player: FAILURE
get_team_points: FAILURE
num_played_games_for_player: SUCCESS, 22
add_player_cards: SUCCESS
buy_team: SUCCESS
num_played_games_for_player: SUCCESS, 22
get_ith_pointless_ability: SUCCESS, 27
buy_team: SUCCESS
get_team_points: SUCCESS, 0
add_player: FAILURE
get_player_cards: SUCCESS, 247
get_partial_spirit: FAILURE
add_player_cards: FAILURE
get_team_points: SUCCESS, 0
get_ith_pointless_ability: SUCCESS, 8
get_team_points: FAILURE
add_player: FAILURE
play_match: FAILURE
add_player: FAILURE
add_player: FAILURE
add_player: FAILURE
add_player: FAILURE
add_player_cards: FAILURE
add_player: FAILURE
add_player: FAILURE
play_match: FAILURE
get_partial_spirit: SUCCESS, 1,2,3,4,5
add_player: FAILURE
get_ith_pointless_ability: FAILURE
buy_team: SUCCESS
add_player: FAILURE
num_played_games_for_player: SUCCESS, 22
add_player: FAILURE
remove_team: FAILURE
add_player: FAILURE
add_player: FAILURE
remove_team: FAILURE
add_player: FAILURE
add_player: FAILURE
play_match: FAILURE
get_team_points: FAILURE
get_partial_spirit: FAILURE
num_played_games_for_player: SUCCESS, 22
buy_team: SUCCESS
get_player_cards: SUCCESS, 145
remove_team: FAILURE
get_partial_spirit: SUCCESS, 1,2,5,4,3
add_player: FAILURE
remove_team: FAILURE
add_player: FAILURE
get_player_cards: SUCCESS, 80
play_match: FAILURE
get_partial_spirit: FAILURE
add_player: FAILURE
play_match: FAILURE
add_player: FAILURE
num_played_games_for_player: SUCCESS, 22
add_player: FAILURE
get_team_points: FAILURE
num_played_games_for_player: SUCCESS, 22
add_team: FAILURE
get_partial_spirit: SUCCESS, 2,5,3,1,4
add_player: FAILURE
add_player: FAILURE
remove_team: FAILURE
add_player_cards: SUCCESS
get_partial_spirit: FAILURE
remove_team: FAILURE
play_match: FAILURE
add_player_cards: SUCCESS
add_player: FAILURE
play_match: FAILURE
get_partial_spirit: SUCCESS, 1,4,2,5,3
get_team_points: SUCCESS, 3
add_player: FAILURE
