add_team: SUCCESS
add_team: SUCCESS
add_team: SUCCESS
add_team: SUCCESS
add_team: SUCCESS
add_team: SUCCESS
add_team: SUCCESS
add_team: SUCCESS
add_team: SUCCESS
add_team: SUCCESS
add_team: SUCCESS
add_team: SUCCESS
add_team: SUCCESS
add_team: SUCCESS
add_team: SUCCESS
add_team: SUCCESS
add_team: SUCCESS
add_team: SUCCESS
add_team: SUCCESS
add_team: SUCCESS
add_team: SUCCESS
add_team: SUCCESS
add_team: SUCCESS
add_team: SUCCESS
add_team: SUCCESS
add_team: SUCCESS
add_team: SUCCESS
add_team: SUCCESS
add_team: SUCCESS
add_team: SUCCESS
add_team: SUCCESS
add_team: SUCCESS
add_team: SUCCESS
add_team: SUCCESS
add_team: SUCCESS
add_team: SUCCESS
add_team: SUCCESS
add_team: SUCCESS
add_team: SUCCESS
add_team: SUCCESS
add_team: SUCCESS
add_team: SUCCESS
add_team: SUCCESS
add_team: SUCCESS
add_team: SUCCESS
add_team: SUCCESS
add_team: SUCCESS
add_team: SUCCESS
add_team: SUCCESS
add_team: SUCCESS
add_team: SUCCESS
add_team: SUCCESS
add_team: SUCCESS
add_team: SUCCESS
add_team: SUCCESS
add_team: SUCCESS
add_team: SUCCESS
add_team: SUCCESS
add_team: SUCCESS
add_team: SUCCESS
add_team: SUCCESS
add_team: SUCCESS
add_team: SUCCESS
add_team: SUCCESS
add_team: SUCCESS
add_team: SUCCESS
add_team: SUCCESS
add_team: SUCCESS
add_team: SUCCESS
add_team: SUCCESS
add_team: SUCCESS
add_team: SUCCESS
add_team: SUCCESS
add_team: SUCCESS
add_team: SUCCESS
add_team: SUCCESS
add_team: SUCCESS
add_team: SUCCESS
add_team: SUCCESS
add_team: SUCCESS
add_team: SUCCESS
add_team: SUCCESS
add_team: SUCCESS
add_team: SUCCESS
add_team: SUCCESS
add_team: SUCCESS
add_team: SUCCESS
add_team: SUCCESS
add_team: SUCCESS
add_team: SUCCESS
add_team: SUCCESS
add_team: SUCCESS
add_team: SUCCESS
add_team: SUCCESS
add_team: SUCCESS
add_team: SUCCESS
add_team: SUCCESS
add_team: SUCCESS
add_team: SUCCESS
add_team: SUCCESS
add_player: SUCCESS
add_player: SUCCESS
add_player: SUCCESS
add_player: SUCCESS
add_player: SUCCESS
add_player: SUCCESS
add_player: SUCCESS
add_player: SUCCESS
add_player: SUCCESS
add_player: SUCCESS
add_player: SUCCESS
add_player: SUCCESS
add_player: SUCCESS
add_player: SUCCESS
add_player: SUCCESS
add_player: SUCCESS
add_player: SUCCESS
add_player: SUCCESS
add_player: SUCCESS
add_player: SUCCESS
add_player: SUCCESS
add_player: SUCCESS
add_player: SUCCESS
add_player: SUCCESS
add_player: SUCCESS
add_player: SUCCESS
add_player: SUCCESS
add_player: SUCCESS
add_player: SUCCESS
add_player: SUCCESS
add_player: SUCCESS
add_player: SUCCESS
add_player: SUCCESS
add_player: SUCCESS
add_player: SUCCESS
add_player: SUCCESS
add_player: SUCCESS
add_player: SUCCESS
add_player: SUCCESS
add_player: SUCCESS
add_player: SUCCESS
add_player: SUCCESS
add_player: SUCCESS
add_player: SUCCESS
add_player: SUCCESS
add_player: SUCCESS
add_player: SUCCESS
add_player: SUCCESS
add_player: SUCCESS
add_player: SUCCESS
add_player: SUCCESS
add_player: SUCCESS
add_player: SUCCESS
add_player: SUCCESS
add_player: SUCCESS
add_player: SUCCESS
add_player: SUCCESS
add_player: SUCCESS
add_player: SUCCESS
add_player: SUCCESS
add_player: SUCCESS
add_player: SUCCESS
add_player: SUCCESS
add_player: SUCCESS
add_player: SUCCESS
add_player: SUCCESS
add_player: SUCCESS
add_player: SUCCESS
add_player: SUCCESS
add_player: SUCCESS
add_player: SUCCESS
add_player: SUCCESS
add_player: SUCCESS
add_player: SUCCESS
add_player: SUCCESS
add_player: SUCCESS
add_player: SUCCESS
add_player: SUCCESS
add_player: SUCCESS
add_player: SUCCESS
add_player: SUCCESS
add_player: SUCCESS
add_player: SUCCESS
add_player: SUCCESS
add_player: SUCCESS
add_player: SUCCESS
add_player: SUCCESS
add_player: SUCCESS
add_player: SUCCESS
add_player: SUCCESS
add_player: SUCCESS
add_player: SUCCESS
add_player: SUCCESS
add_player: SUCCESS
add_player: SUCCESS
add_player: SUCCESS
add_player: SUCCESS
add_player: SUCCESS
add_player: SUCCESS
add_player: SUCCESS
get_team_points: SUCCESS, 0
add_player_cards: SUCCESS
add_player: SUCCESS
buy_team: SUCCESS
add_player: SUCCESS
num_played_games_for_player: SUCCESS, 22
remove_team: FAILURE
add_player_cards: SUCCESS
add_player: SUCCESS
add_player: SUCCESS
remove_team: FAILURE
add_player_cards: SUCCESS
get_player_cards: SUCCESS, 94
add_player: SUCCESS
remove_team: FAILURE
add_player: SUCCESS
add_player: SUCCESS
play_match: FAILURE
num_played_games_for_player: SUCCESS, 22
add_team: SUCCESS
remove_team: FAILURE
add_player_cards: SUCCESS
buy_team: SUCCESS
add_player: SUCCESS
add_team: FAILURE
get_team_points: SUCCESS, 0
add_player: SUCCESS
get_player_cards: SUCCESS, 136
add_player: SUCCESS
get_partial_spirit: SUCCESS, 4,1,3,2,5
get_team_points: SUCCESS, 0
add_player: SUCCESS
get_player_cards: SUCCESS, 146
buy_team: SUCCESS
get_partial_spirit: SUCCESS, 5,1,2,3,4
add_team: FAILURE
get_player_cards: SUCCESS, 229
get_ith_pointless_ability: SUCCESS, 30
buy_team: SUCCESS
get_team_points: SUCCESS, 0
num_played_games_for_player: SUCCESS, 22
add_player: SUCCESS
get_team_points: SUCCESS, 0
add_player: SUCCESS
get_player_cards: SUCCESS, 102
add_player: SUCCESS
add_player: SUCCESS
get_player_cards: SUCCESS, 82
remove_team: FAILURE
add_player: SUCCESS
add_player: SUCCESS
add_player_cards: SUCCESS
get_ith_pointless_ability: FAILURE
get_player_cards: SUCCESS, 295
remove_team: FAILURE
add_player: SUCCESS
num_played_games_for_player: SUCCESS, 22
remove_team: FAILURE
add_player_cards: SUCCESS
get_ith_pointless_ability: SUCCESS, 73
add_player: SUCCESS
buy_team: SUCCESS
buy_team: SUCCESS
num_played_games_for_player: SUCCESS, 22
add_team: FAILURE
get_ith_pointless_ability: FAILURE
add_team: FAILURE
num_played_games_for_player: SUCCESS, 22
num_played_games_for_player: SUCCESS, 22
add_player: SUCCESS
get_player_cards: SUCCESS, 146
add_player: SUCCESS
get_player_cards: SUCCESS, 146
add_player: SUCCESS
get_ith_pointless_ability: SUCCESS, 23
get_player_cards: SUCCESS, 235
num_played_games_for_player: SUCCESS, 22
buy_team: SUCCESS
play_match: FAILURE
num_played_games_for_player: SUCCESS, 22
get_player_cards: SUCCESS, 55
get_team_points: SUCCESS, 0
remove_team: FAILURE
buy_team: SUCCESS
play_match: FAILURE
get_partial_spirit: SUCCESS, 1,2,3,4,5
add_player: SUCCESS
get_team_points: SUCCESS, 0
add_player: SUCCESS
add_team: FAILURE
add_team: FAILURE
add_player: SUCCESS
add_player: SUCCESS
add_team: FAILURE
add_player: SUCCESS
buy_team: SUCCESS
get_team_points: SUCCESS, 0
add_player: SUCCESS
get_team_points: SUCCESS, 0
get_player_cards: SUCCESS, 167
add_player: SUCCESS
add_player: FAILURE
play_match: FAILURE
get_ith_pointless_ability: FAILURE
get_team_points: SUCCESS, 0
get_partial_spirit: SUCCESS, 3,1,5,4,2
remove_team: FAILURE
num_played_games_for_player: SUCCESS, 22
add_player: SUCCESS
play_match: FAILURE
num_played_games_for_player: SUCCESS, 22
add_player_cards: SUCCESS
add_player_cards: SUCCESS
get_team_points: SUCCESS, 0
get_player_cards: SUCCESS, 193
add_team: FAILURE
get_partial_spirit: SUCCESS, 1,2,3,4,5
get_player_cards: SUCCESS, 13
add_player: SUCCESS
play_match: SUCCESS, 1
add_team: FAILURE
get_player_cards: SUCCESS, 30
add_player_cards: SUCCESS
get_ith_pointless_ability: FAILURE
add_player_cards: SUCCESS
num_played_games_for_player: SUCCESS, 22
add_player: SUCCESS
get_partial_spirit: SUCCESS, 1,4,3,5,2
play_match: FAILURE
play_match: FAILURE
get_ith_pointless_ability: SUCCESS, 90
add_player_cards: SUCCESS
remove_team: FAILURE
buy_team: SUCCESS
get_ith_pointless_ability: SUCCESS, 97
get_team_points: SUCCESS, 0
buy_team: SUCCESS
add_team: FAILURE
get_ith_pointless_ability: FAILURE
num_played_games_for_player: SUCCESS, 22
play_match: FAILURE
play_match: FAILURE
get_ith_pointless_ability: SUCCESS, 2
add_team: FAILURE
get_ith_pointless_ability: FAILURE
play_match: FAILURE
add_player: SUCCESS
remove_team: FAILURE
add_team: FAILURE
remove_team: FAILURE
add_player_cards: SUCCESS
get_partial_spirit: SUCCESS, 1,2,3,4,5
remove_team: FAILURE
add_player_cards: SUCCESS
add_player: SUCCESS
num_played_games_for_player: SUCCESS, 22
remove_team: FAILURE
get_player_cards: SUCCESS, 191
get_team_points: SUCCESS, 0
add_player: SUCCESS
play_match: FAILURE
add_player: FAILURE
get_partial_spirit: SUCCESS, 1,2,3,4,5
get_ith_pointless_ability: SUCCESS, 8
get_partial_spirit: SUCCESS, 1,2,3,4,5
add_player: SUCCESS
add_player: SUCCESS
remove_team: FAILURE
buy_team: SUCCESS
get_ith_pointless_ability: FAILURE
get_ith_pointless_ability: FAILURE
add_player_cards: SUCCESS
get_player_cards: SUCCESS, 223
add_team: FAILURE
get_ith_pointless_ability: FAILURE
buy_team: SUCCESS
num_played_games_for_player: SUCCESS, 22
remove_team: FAILURE
add_player_cards: SUCCESS
get_team_points: SUCCESS, 0
add_team: FAILURE
buy_team: SUCCESS
add_player_cards: SUCCESS
add_player: FAILURE
play_match: SUCCESS, 3
get_ith_pointless_ability: SUCCESS, 58
get_ith_pointless_ability: SUCCESS, 53
remove_team: FAILURE
add_player: SUCCESS
get_ith_pointless_ability: SUCCESS, 57
get_player_cards: SUCCESS, 229
add_player: SUCCESS
get_ith_pointless_ability: SUCCESS, 90
remove_team: FAILURE
add_player_cards: SUCCESS
add_player_cards: SUCCESS
get_partial_spirit: SUCCESS, 5,4,2,1,3
play_match: SUCCESS, 3
buy_team: SUCCESS
add_player: SUCCESS
get_team_points: SUCCESS, 0
get_team_points: SUCCESS, 0
play_match: FAILURE
num_played_games_for_player: SUCCESS, 22
play_match: SUCCESS, 1
add_player: SUCCESS
num_played_games_for_player: SUCCESS, 22
get_team_points: SUCCESS, 0
buy_team: SUCCESS
add_player_cards: SUCCESS
add_player: SUCCESS
add_player: SUCCESS
add_player: SUCCESS
add_player_cards: SUCCESS
get_player_cards: SUCCESS, 269
get_player_cards: SUCCESS, 15
buy_team: SUCCESS
get_ith_pointless_ability: SUCCESS, 28
add_player: SUCCESS
add_player: FAILURE
add_player: SUCCESS
add_player: SUCCESS
add_player_cards: SUCCESS
add_player: SUCCESS
play_match: FAILURE
get_ith_pointless_ability: SUCCESS, 83
buy_team: SUCCESS
get_team_points: SUCCESS, 0
add_team: FAILURE
add_player: FAILURE
get_player_cards: SUCCESS, 183
get_player_cards: SUCCESS, 94
play_match: FAILURE
buy_team: SUCCESS
add_team: FAILURE
remove_team: FAILURE
buy_team: SUCCESS
num_played_games_for_player: SUCCESS, 22
play_match: SUCCESS, 1
get_partial_spirit: SUCCESS, 1,2,3,4,5
get_team_points: SUCCESS, 0
play_match: FAILURE
add_player: SUCCESS
add_player: SUCCESS
get_ith_pointless_ability: SUCCESS, 39
buy_team: SUCCESS
add_player: FAILURE
get_player_cards: SUCCESS, 136
num_played_games_for_player: SUCCESS, 22
add_team: FAILURE
add_player: SUCCESS
get_partial_spirit: SUCCESS, 4,2,5,3,1
num_played_games_for_player: SUCCESS, 22
get_partial_spirit: SUCCESS, 1,2,3,4,5
get_partial_spirit: SUCCESS, 1,2,3,4,5
add_player: SUCCESS
remove_team: FAILURE
get_partial_spirit: SUCCESS, 1,2,3,4,5
get_player_cards: SUCCESS, 101
num_played_games_for_player: SUCCESS, 22
add_player_cards: SUCCESS
remove_team: FAILURE
add_team: FAILURE
num_played_games_for_player: SUCCESS, 22
add_player: FAILURE
get_partial_spirit: SUCCESS, 1,2,3,4,5
add_player: FAILURE
add_team: FAILURE
get_player_cards: SUCCESS, 100
add_player: SUCCESS
add_player: SUCCESS
play_match: FAILURE
add_team: FAILURE
get_partial_spirit: SUCCESS, 1,2,3,4,5
remove_team: FAILURE
get_partial_spirit: SUCCESS, 1,2,3,4,5
add_player_cards: SUCCESS
add_player_cards: SUCCESS
add_player: SUCCESS
add_team: FAILURE
remove_team: FAILURE
add_team: FAILURE
remove_team: FAILURE
get_partial_spirit: SUCCESS, 1,2,3,4,5
get_partial_spirit: SUCCESS, 1,2,3,4,5
add_player: SUCCESS
add_team: FAILURE
add_player: SUCCESS
num_played_games_for_player: SUCCESS, 22
add_player: SUCCESS
play_match: FAILURE
num_played_games_for_player: SUCCESS, 22
get_team_points: SUCCESS, 0
get_player_cards: SUCCESS, 155
add_player: FAILURE
remove_team: FAILURE
num_played_games_for_player: SUCCESS, 22
add_player: SUCCESS
add_player: SUCCESS
add_player_cards: SUCCESS
add_player: SUCCESS
add_player: SUCCESS
add_player: FAILURE
play_match: SUCCESS, 1
buy_team: SUCCESS
get_ith_pointless_ability: SUCCESS, 30
num_played_games_for_player: SUCCESS, 22
get_partial_spirit: SUCCESS, 1,2,3,4,5
add_player_cards: SUCCESS
add_player: SUCCESS
add_player_cards: SUCCESS
add_player: FAILURE
buy_team: SUCCESS
get_ith_pointless_ability: SUCCESS, 92
add_player: FAILURE
play_match: FAILURE
add_player: FAILURE
buy_team: SUCCESS
get_player_cards: SUCCESS, 183
num_played_games_for_player: SUCCESS, 22
get_ith_pointless_ability: SUCCESS, 74
add_team: FAILURE
get_partial_spirit: SUCCESS, 1,2,3,4,5
add_player: FAILURE
add_player: FAILURE
num_played_games_for_player: SUCCESS, 22
get_player_cards: SUCCESS, 239
buy_team: SUCCESS
buy_team: SUCCESS
add_player: SUCCESS
add_player: SUCCESS
add_player_cards: SUCCESS
get_partial_spirit: SUCCESS, 1,2,3,4,5
remove_team: FAILURE
num_played_games_for_player: SUCCESS, 22
add_team: FAILURE
get_team_points: SUCCESS, 0
add_team: FAILURE
get_partial_spirit: SUCCESS, 1,2,3,4,5
get_ith_pointless_ability: FAILURE
get_partial_spirit: SUCCESS, 1,2,3,4,5
play_match: SUCCESS, 1
add_player: SUCCESS
remove_team: FAILURE
play_match: SUCCESS, 1
play_match: SUCCESS, 3
get_team_points: SUCCESS, 0
add_team: FAILURE
add_team: FAILURE
get_partial_spirit: SUCCESS, 2,1,3,4,5
add_player: SUCCESS
get_player_cards: SUCCESS, 224
add_player_cards: SUCCESS
play_match: SUCCESS, 1
add_team: FAILURE
add_player: FAILURE
add_team: FAILURE
get_player_cards: SUCCESS, 228
add_player: SUCCESS
get_partial_spirit: SUCCESS, 5,4,1,2,3
add_player: SUCCESS
get_partial_spirit: SUCCESS, 1,2,3,4,5
add_player: SUCCESS
remove_team: FAILURE
add_team: FAILURE
num_played_games_for_player: SUCCESS, 22
get_partial_spirit: SUCCESS, 1,2,3,4,5
add_player_cards: SUCCESS
add_player: SUCCESS
add_player: SUCCESS
get_player_cards: SUCCESS, 155
remove_team: FAILURE
get_ith_pointless_ability: SUCCESS, 80
play_match: FAILURE
add_player: SUCCESS
add_team: FAILURE
add_player: SUCCESS
play_match: FAILURE
add_player: FAILURE
add_player_cards: FAILURE
num_played_games_for_player: SUCCESS, 22
num_played_games_for_player: SUCCESS, 22
remove_team: FAILURE
get_player_cards: SUCCESS, 172
add_player: SUCCESS
get_team_points: SUCCESS, 0
add_team: FAILURE
add_player: FAILURE
get_partial_spirit: SUCCESS, 1,2,3,4,5
get_ith_pointless_ability: SUCCESS, 39
buy_team: SUCCESS
get_partial_spirit: SUCCESS, 1,2,3,4,5
get_player_cards: SUCCESS, 462
remove_team: FAILURE
add_team: FAILURE
add_player: FAILURE
get_team_points: SUCCESS, 0
buy_team: SUCCESS
add_player: FAILURE
get_team_points: SUCCESS, 0
add_player: SUCCESS
play_match: SUCCESS, 3
get_ith_pointless_ability: SUCCESS, 83
get_team_points: SUCCESS, 0
add_team: FAILURE
add_team: FAILURE
get_player_cards: SUCCESS, 197
add_player: SUCCESS
get_partial_spirit: SUCCESS, 1,2,3,4,5
play_match: FAILURE
play_match: SUCCESS, 1
num_played_games_for_player: SUCCESS, 22
get_partial_spirit: SUCCESS, 5,1,4,3,2
add_player: FAILURE
get_team_points: SUCCESS, 0
play_match: FAILURE
num_played_games_for_player: SUCCESS, 22
get_player_cards: SUCCESS, 224
add_team: FAILURE
get_team_points: SUCCESS, 0
add_player: FAILURE
num_played_games_for_player: SUCCESS, 22
get_player_cards: SUCCESS, 407
get_ith_pointless_ability: SUCCESS, 53
add_player: SUCCESS
remove_team: FAILURE
add_team: FAILURE
add_player_cards: SUCCESS
num_played_games_for_player: SUCCESS, 22
remove_team: FAILURE
get_team_points: SUCCESS, 0
play_match: SUCCESS, 3
add_player_cards: SUCCESS
num_played_games_for_player: SUCCESS, 22
play_match: FAILURE
get_ith_pointless_ability: SUCCESS, 39
get_player_cards: SUCCESS, 167
play_match: SUCCESS, 1
add_player: SUCCESS
get_ith_pointless_ability: SUCCESS, 25
get_ith_pointless_ability: SUCCESS, 40
get_partial_spirit: SUCCESS, 1,2,3,4,5
get_partial_spirit: SUCCESS, 4,1,2,3,5
remove_team: FAILURE
buy_team: SUCCESS
add_player: SUCCESS
add_player: SUCCESS
buy_team: SUCCESS
get_player_cards: SUCCESS, 55
get_player_cards: SUCCESS, 236
add_player: SUCCESS
get_team_points: SUCCESS, 0
remove_team: FAILURE
get_team_points: SUCCESS, 0
add_player_cards: SUCCESS
get_team_points: SUCCESS, 0
get_ith_pointless_ability: SUCCESS, 16
play_match: SUCCESS, 1
get_player_cards: SUCCESS, 126
add_player_cards: SUCCESS
add_player_cards: SUCCESS
add_player: FAILURE
add_player_cards: SUCCESS
get_ith_pointless_ability: SUCCESS, 40
get_team_points: SUCCESS, 0
add_team: FAILURE
get_partial_spirit: SUCCESS, 1,2,3,4,5
get_team_points: SUCCESS, 0
add_player: SUCCESS
get_player_cards: SUCCESS, 235
add_player_cards: SUCCESS
buy_team: SUCCESS
num_played_games_for_player: SUCCESS, 22
get_player_cards: SUCCESS, 197
buy_team: SUCCESS
buy_team: SUCCESS
remove_team: FAILURE
play_match: SUCCESS, 3
num_played_games_for_player: SUCCESS, 22
buy_team: SUCCESS
add_player: FAILURE
remove_team: FAILURE
remove_team: FAILURE
buy_team: SUCCESS
get_player_cards: SUCCESS, 263
buy_team: SUCCESS
get_partial_spirit: SUCCESS, 1,2,3,4,5
add_team: FAILURE
get_player_cards: SUCCESS, 261
get_team_points: SUCCESS, 0
play_match: FAILURE
play_match: FAILURE
get_player_cards: SUCCESS, 126
add_player: FAILURE
add_player: SUCCESS
play_match: FAILURE
get_partial_spirit: SUCCESS, 1,2,3,4,5
add_player: SUCCESS
get_player_cards: SUCCESS, 35
add_player: FAILURE
get_ith_pointless_ability: SUCCESS, 28
get_ith_pointless_ability: SUCCESS, 88
get_team_points: FAILURE
get_ith_pointless_ability: SUCCESS, 73
get_player_cards: SUCCESS, 202
remove_team: FAILURE
add_player: SUCCESS
num_played_games_for_player: SUCCESS, 22
add_player: FAILURE
num_played_games_for_player: SUCCESS, 22
add_player: SUCCESS
add_player: SUCCESS
add_team: FAILURE
remove_team: FAILURE
add_player: SUCCESS
add_team: FAILURE
get_partial_spirit: SUCCESS, 1,2,3,4,5
buy_team: SUCCESS
get_player_cards: SUCCESS, 223
get_ith_pointless_ability: SUCCESS, 12
add_team: FAILURE
remove_team: FAILURE
get_player_cards: SUCCESS, 129
add_player: FAILURE
get_ith_pointless_ability: SUCCESS, 93
add_player: SUCCESS
buy_team: SUCCESS
add_team: FAILURE
add_player: FAILURE
get_team_points: SUCCESS, 0
remove_team: FAILURE
add_player_cards: SUCCESS
get_partial_spirit: SUCCESS, 1,3,4,2,5
get_player_cards: SUCCESS, 182
add_player: SUCCESS
add_player: FAILURE
num_played_games_for_player: SUCCESS, 22
add_player: SUCCESS
add_player: SUCCESS
add_player: SUCCESS
buy_team: SUCCESS
get_partial_spirit: SUCCESS, 1,4,5,2,3
get_partial_spirit: SUCCESS, 1,3,2,4,5
num_played_games_for_player: SUCCESS, 22
play_match: FAILURE
remove_team: FAILURE
add_player_cards: SUCCESS
add_player: FAILURE
get_partial_spirit: SUCCESS, 1,2,3,4,5
get_ith_pointless_ability: SUCCESS, 16
add_team: FAILURE
num_played_games_for_player: SUCCESS, 22
get_ith_pointless_ability: SUCCESS, 35
get_ith_pointless_ability: SUCCESS, 49
get_team_points: SUCCESS, 0
add_player_cards: SUCCESS
add_player: SUCCESS
get_ith_pointless_ability: SUCCESS, 45
add_player: FAILURE
get_ith_pointless_ability: SUCCESS, 2
add_player: SUCCESS
add_player: FAILURE
buy_team: SUCCESS
buy_team: SUCCESS
get_partial_spirit: SUCCESS, 4,5,1,2,3
add_player: SUCCESS
play_match: FAILURE
play_match: FAILURE
get_partial_spirit: SUCCESS, 2,3,4,5,1
buy_team: SUCCESS
add_team: FAILURE
add_player: SUCCESS
get_player_cards: SUCCESS, 53
add_player_cards: FAILURE
add_player: SUCCESS
add_player: SUCCESS
add_player: FAILURE
buy_team: SUCCESS
buy_team: SUCCESS
get_player_cards: SUCCESS, 37
add_player: SUCCESS
add_player: SUCCESS
get_player_cards: SUCCESS, 470
get_team_points: SUCCESS, 0
play_match: FAILURE
add_team: FAILURE
get_player_cards: SUCCESS, 652
add_player: SUCCESS
get_team_points: SUCCESS, 0
add_player: FAILURE
get_team_points: SUCCESS, 0
add_player: SUCCESS
get_ith_pointless_ability: SUCCESS, 72
get_player_cards: SUCCESS, 182
add_player: SUCCESS
play_match: SUCCESS, 3
get_player_cards: SUCCESS, 652
get_ith_pointless_ability: SUCCESS, 88
add_team: FAILURE
get_ith_pointless_ability: FAILURE
get_team_points: SUCCESS, 0
add_team: FAILURE
get_ith_pointless_ability: FAILURE
add_player: SUCCESS
play_match: FAILURE
add_player: FAILURE
buy_team: SUCCESS
get_player_cards: SUCCESS, 175
get_ith_pointless_ability: FAILURE
add_team: FAILURE
get_player_cards: SUCCESS, 158
get_ith_pointless_ability: SUCCESS, 93
buy_team: SUCCESS
add_player: FAILURE
play_match: SUCCESS, 3
play_match: FAILURE
play_match: SUCCESS, 3
add_player: FAILURE
get_team_points: SUCCESS, 0
get_player_cards: SUCCESS, 233
play_match: FAILURE
play_match: FAILURE
add_player: SUCCESS
num_played_games_for_player: SUCCESS, 22
remove_team: FAILURE
remove_team: FAILURE
add_player: FAILURE
get_partial_spirit: SUCCESS, 1,2,3,4,5
get_team_points: FAILURE
remove_team: FAILURE
add_team: FAILURE
get_player_cards: SUCCESS, 70
add_player: FAILURE
add_player_cards: SUCCESS
add_player: SUCCESS
add_team: FAILURE
add_player: FAILURE
get_partial_spirit: SUCCESS, 1,2,3,4,5
get_team_points: SUCCESS, 3
add_team: FAILURE
get_partial_spirit: SUCCESS, 1,2,3,4,5
remove_team: FAILURE
get_partial_spirit: SUCCESS, 4,1,2,5,3
get_team_points: SUCCESS, 0
get_team_points: SUCCESS, 0
add_player: SUCCESS
add_player: SUCCESS
remove_team: FAILURE
remove_team: FAILURE
add_player: FAILURE
buy_team: SUCCESS
add_team: FAILURE
get_partial_spirit: SUCCESS, 1,2,3,4,5
get_player_cards: SUCCESS, 228
add_player: FAILURE
get_team_points: SUCCESS, 0
buy_team: SUCCESS
get_team_points: SUCCESS, 3
num_played_games_for_player: SUCCESS, 22
get_team_points: SUCCESS, 3
add_player: FAILURE
get_partial_spirit: SUCCESS, 1,2,3,4,5
remove_team: FAILURE
buy_team: SUCCESS
get_ith_pointless_ability: SUCCESS, 5
get_team_points: SUCCESS, 0
get_ith_pointless_ability: SUCCESS, 72
get_partial_spirit: SUCCESS, 1,2,3,4,5
add_player_cards: SUCCESS
play_match: FAILURE
add_player: SUCCESS
num_played_games_for_player: SUCCESS, 22
get_team_points: SUCCESS, 0
add_player: FAILURE
num_played_games_for_player: SUCCESS, 22
remove_team: FAILURE
add_player_cards: SUCCESS
buy_team: SUCCESS
get_team_points: SUCCESS, 0
get_team_points: SUCCESS, 0
play_match: SUCCESS, 3
get_player_cards: SUCCESS, 407
get_partial_spirit: FAILURE
buy_team: SUCCESS
add_player: FAILURE
get_player_cards: SUCCESS, 239
add_player_cards: SUCCESS
get_player_cards: SUCCESS, 133
add_player: FAILURE
add_player: SUCCESS
remove_team: FAILURE
remove_team: FAILURE
add_player_cards: SUCCESS
get_team_points: SUCCESS, 0
add_player: FAILURE
buy_team: SUCCESS
get_team_points: SUCCESS, 0
add_player_cards: FAILURE
get_ith_pointless_ability: SUCCESS, 74
num_played_games_for_player: SUCCESS, 22
get_team_points: SUCCESS, 0
add_player: SUCCESS
get_team_points: SUCCESS, 12
get_player_cards: SUCCESS, 99
add_player: FAILURE
get_player_cards: SUCCESS, 261
add_player: FAILURE
get_ith_pointless_ability: SUCCESS, 61
add_player: FAILURE
add_player: SUCCESS
get_player_cards: SUCCESS, 58
get_ith_pointless_ability: SUCCESS, 57
buy_team: SUCCESS
get_player_cards: SUCCESS, 208
add_team: SUCCESS
get_ith_pointless_ability: SUCCESS, 71
get_player_cards: SUCCESS, 140
get_ith_pointless_ability: SUCCESS, 21
buy_team: SUCCESS
add_player_cards: SUCCESS
remove_team: FAILURE
num_played_games_for_player: SUCCESS, 22
add_player: FAILURE
get_team_points: SUCCESS, 0
get_team_points: FAILURE
get_team_points: SUCCESS, 0
buy_team: SUCCESS
buy_team: SUCCESS
add_team: FAILURE
get_ith_pointless_ability: SUCCESS, 23
add_player_cards: SUCCESS
get_partial_spirit: SUCCESS, 2,3,4,5,1
get_player_cards: SUCCESS, 219
play_match: FAILURE
get_team_points: SUCCESS, 0
num_played_games_for_player: SUCCESS, 22
add_player_cards: SUCCESS
get_team_points: SUCCESS, 0
remove_team: FAILURE
add_player: SUCCESS
add_player: SUCCESS
add_player: SUCCESS
get_team_points: SUCCESS, 0
add_player: FAILURE
num_played_games_for_player: SUCCESS, 22
add_player: FAILURE
add_player_cards: SUCCESS
get_ith_pointless_ability: SUCCESS, 16
add_player: FAILURE
add_player: FAILURE
get_ith_pointless_ability: SUCCESS, 90
get_partial_spirit: SUCCESS, 1,2,3,4,5
get_partial_spirit: SUCCESS, 1,2,3,4,5
get_team_points: SUCCESS, 3
get_ith_pointless_ability: SUCCESS, 88
buy_team: SUCCESS
play_match: FAILURE
get_ith_pointless_ability: SUCCESS, 67
add_player_cards: FAILURE
remove_team: FAILURE
add_player: FAILURE
add_player_cards: FAILURE
add_player: SUCCESS
get_ith_pointless_ability: SUCCESS, 88
add_team: FAILURE
add_player_cards: FAILURE
get_ith_pointless_ability: SUCCESS, 9
get_partial_spirit: FAILURE
add_team: FAILURE
buy_team: SUCCESS
get_ith_pointless_ability: FAILURE
get_team_points: FAILURE
get_partial_spirit: SUCCESS, 1,2,3,4,5
num_played_games_for_player: SUCCESS, 22
add_player: FAILURE
get_ith_pointless_ability: SUCCESS, 71
add_player: SUCCESS
get_team_points: SUCCESS, 0
play_match: FAILURE
add_player_cards: SUCCESS
add_player: SUCCESS
add_player: FAILURE
add_player: SUCCESS
add_player: SUCCESS
play_match: SUCCESS, 1
buy_team: SUCCESS
num_played_games_for_player: SUCCESS, 22
remove_team: FAILURE
add_player: SUCCESS
add_player: SUCCESS
remove_team: FAILURE
get_team_points: SUCCESS, 3
add_player: SUCCESS
buy_team: SUCCESS
num_played_games_for_player: SUCCESS, 22
get_partial_spirit: SUCCESS, 4,2,5,3,1
add_team: FAILURE
add_player: SUCCESS
get_team_points: SUCCESS, 0
get_team_points: SUCCESS, 0
get_team_points: SUCCESS, 3
add_player: FAILURE
add_player_cards: SUCCESS
add_team: FAILURE
get_ith_pointless_ability: SUCCESS, 33
get_ith_pointless_ability: SUCCESS, 40
play_match: FAILURE
get_player_cards: SUCCESS, 183
get_partial_spirit: FAILURE
add_player_cards: SUCCESS
get_partial_spirit: SUCCESS, 3,2,4,1,5
play_match: SUCCESS, 1
add_player_cards: FAILURE
remove_team: FAILURE
buy_team: SUCCESS
add_player_cards: SUCCESS
num_played_games_for_player: SUCCESS, 22
buy_team: SUCCESS
add_player: FAILURE
add_team: FAILURE
add_player: FAILURE
get_partial_spirit: SUCCESS, 1,2,3,4,5
num_played_games_for_player: SUCCESS, 22
add_player: SUCCESS
buy_team: SUCCESS
get_player_cards: SUCCESS, 193
play_match: SUCCESS, 3
remove_team: FAILURE
add_player_cards: SUCCESS
get_player_cards: SUCCESS, 245
get_team_points: SUCCESS, 3
add_player_cards: SUCCESS
play_match: FAILURE
add_player: SUCCESS
play_match: SUCCESS, 1
buy_team: SUCCESS
play_match: FAILURE
get_partial_spirit: FAILURE
num_played_games_for_player: SUCCESS, 22
add_player: FAILURE
add_player: FAILURE
add_team: FAILURE
remove_team: FAILURE
num_played_games_for_player: SUCCESS, 22
add_player: FAILURE
get_team_points: SUCCESS, 0
buy_team: SUCCESS
add_team: FAILURE
buy_team: SUCCESS
remove_team: FAILURE
add_player: FAILURE
get_partial_spirit: SUCCESS, 1,2,3,4,5
get_ith_pointless_ability: SUCCESS, 90
add_player_cards: FAILURE
add_player: SUCCESS
add_player: FAILURE
num_played_games_for_player: SUCCESS, 22
get_partial_spirit: SUCCESS, 1,2,5,3,4
add_player: SUCCESS
add_player: SUCCESS
get_team_points: SUCCESS, 3
add_player: SUCCESS
buy_team: SUCCESS
add_player: FAILURE
buy_team: SUCCESS
play_match: SUCCESS, 3
add_player: FAILURE
get_team_points: SUCCESS, 3
get_team_points: FAILURE
remove_team: FAILURE
get_partial_spirit: FAILURE
add_player: FAILURE
get_player_cards: SUCCESS, 223
add_player: FAILURE
get_partial_spirit: SUCCESS, 1,2,3,4,5
get_ith_pointless_ability: SUCCESS, 93
num_played_games_for_player: SUCCESS, 22
add_player_cards: FAILURE
get_ith_pointless_ability: FAILURE
add_player_cards: SUCCESS
num_played_games_for_player: SUCCESS, 22
get_team_points: FAILURE
add_player: FAILURE
add_player: FAILURE
add_player: FAILURE
get_partial_spirit: SUCCESS, 1,4,5,3,2
add_player: FAILURE
remove_team: FAILURE
num_played_games_for_player: SUCCESS, 22
remove_team: FAILURE
get_team_points: SUCCESS, 3
buy_team: SUCCESS
add_player: FAILURE
add_player_cards: SUCCESS
add_team: FAILURE
play_match: SUCCESS, 3
add_player: SUCCESS
get_partial_spirit: SUCCESS, 2,3,4,5,1
get_ith_pointless_ability: SUCCESS, 33
add_player: SUCCESS
buy_team: SUCCESS
add_player: FAILURE
add_player_cards: SUCCESS
get_team_points: SUCCESS, 0
get_partial_spirit: SUCCESS, 3,5,4,1,2
add_player: FAILURE
play_match: FAILURE
add_player: SUCCESS
get_ith_pointless_ability: SUCCESS, 55
add_player: SUCCESS
add_player: FAILURE
get_player_cards: SUCCESS, 217
remove_team: FAILURE
play_match: SUCCESS, 1
get_ith_pointless_ability: SUCCESS, 41
get_player_cards: SUCCESS, 295
get_ith_pointless_ability: FAILURE
get_team_points: SUCCESS, 0
add_team: FAILURE
remove_team: FAILURE
get_partial_spirit: FAILURE
add_player_cards: SUCCESS
add_player: SUCCESS
get_ith_pointless_ability: SUCCESS, 9
add_player_cards: SUCCESS
buy_team: SUCCESS
get_player_cards: SUCCESS, 168
buy_team: SUCCESS
add_player: SUCCESS
add_team: FAILURE
get_player_cards: SUCCESS, 70
get_partial_spirit: SUCCESS, 1,2,3,4,5
num_played_games_for_player: SUCCESS, 22
add_player: SUCCESS
num_played_games_for_player: SUCCESS, 22
play_match: SUCCESS, 3
play_match: FAILURE
add_team: FAILURE
add_player: FAILURE
get_ith_pointless_ability: SUCCESS, 57
buy_team: SUCCESS
get_partial_spirit: SUCCESS, 5,1,2,4,3
get_partial_spirit: SUCCESS, 3,2,1,5,4
get_player_cards: SUCCESS, 55
add_player: FAILURE
add_player: FAILURE
add_player: FAILURE
buy_team: SUCCESS
add_team: FAILURE
get_ith_pointless_ability: SUCCESS, 74
play_match: FAILURE
num_played_games_for_player: SUCCESS, 22
play_match: SUCCESS, 1
add_player: FAILURE
get_player_cards: SUCCESS, 99
add_player: FAILURE
get_partial_spirit: SUCCESS, 1,2,3,4,5
add_player: FAILURE
remove_team: FAILURE
add_player_cards: SUCCESS
get_partial_spirit: SUCCESS, 4,1,3,2,5
get_player_cards: SUCCESS, 56
add_player: SUCCESS
add_team: FAILURE
get_team_points: FAILURE
add_player: FAILURE
add_player: FAILURE
remove_team: FAILURE
add_player: FAILURE
add_player: FAILURE
add_player: SUCCESS
add_player: FAILURE
remove_team: FAILURE
get_team_points: SUCCESS, 0
num_played_games_for_player: SUCCESS, 22
add_player: FAILURE
play_match: FAILURE
buy_team: SUCCESS
get_team_points: SUCCESS, 3
get_partial_spirit: SUCCESS, 3,1,4,5,2
add_player_cards: SUCCESS
add_player: FAILURE
buy_team: SUCCESS
get_team_points: SUCCESS, 3
add_player: SUCCESS
get_ith_pointless_ability: SUCCESS, 73
add_player_cards: SUCCESS
add_player: FAILURE
get_ith_pointless_ability: SUCCESS, 2
get_partial_spirit: FAILURE
get_partial_spirit: SUCCESS, 1,2,3,4,5
get_ith_pointless_ability: FAILURE
play_match: SUCCESS, 1
get_team_points: SUCCESS, 3
play_match: FAILURE
add_team: FAILURE
get_partial_spirit: SUCCESS, 3,5,4,1,2
add_team: FAILURE
add_player: FAILURE
get_team_points: SUCCESS, 0
