add_team: SUCCESS
add_team: SUCCESS
add_team: SUCCESS
add_team: SUCCESS
add_team: SUCCESS
add_team: SUCCESS
add_team: SUCCESS
add_team: SUCCESS
add_team: SUCCESS
add_team: SUCCESS
add_team: SUCCESS
add_team: SUCCESS
add_team: SUCCESS
add_team: SUCCESS
add_team: SUCCESS
add_team: SUCCESS
add_team: SUCCESS
add_team: SUCCESS
add_team: SUCCESS
add_team: SUCCESS
add_team: SUCCESS
add_team: SUCCESS
add_team: SUCCESS
add_team: SUCCESS
add_team: SUCCESS
add_team: SUCCESS
add_team: SUCCESS
add_team: SUCCESS
add_team: SUCCESS
add_team: SUCCESS
add_team: SUCCESS
add_team: SUCCESS
add_team: SUCCESS
add_team: SUCCESS
add_team: SUCCESS
add_team: SUCCESS
add_team: SUCCESS
add_team: SUCCESS
add_team: SUCCESS
add_team: SUCCESS
add_team: SUCCESS
add_team: SUCCESS
add_team: SUCCESS
add_team: SUCCESS
add_team: SUCCESS
add_team: SUCCESS
add_team: SUCCESS
add_team: SUCCESS
add_team: SUCCESS
add_team: SUCCESS
add_team: SUCCESS
add_team: SUCCESS
add_team: SUCCESS
add_team: SUCCESS
add_team: SUCCESS
add_team: SUCCESS
add_team: SUCCESS
add_team: SUCCESS
add_team: SUCCESS
add_team: SUCCESS
add_team: SUCCESS
add_team: SUCCESS
add_team: SUCCESS
add_team: SUCCESS
add_team: SUCCESS
add_team: SUCCESS
add_team: SUCCESS
add_team: SUCCESS
add_team: SUCCESS
add_team: SUCCESS
add_team: SUCCESS
add_team: SUCCESS
add_team: SUCCESS
add_team: SUCCESS
add_team: SUCCESS
add_team: SUCCESS
add_team: SUCCESS
add_team: SUCCESS
add_team: SUCCESS
add_team: SUCCESS
add_team: SUCCESS
add_team: SUCCESS
add_team: SUCCESS
add_team: SUCCESS
add_team: SUCCESS
add_team: SUCCESS
add_team: SUCCESS
add_team: SUCCESS
add_team: SUCCESS
add_team: SUCCESS
add_team: SUCCESS
add_team: SUCCESS
add_team: SUCCESS
add_team: SUCCESS
add_team: SUCCESS
add_team: SUCCESS
add_team: SUCCESS
add_team: SUCCESS
add_team: SUCCESS
add_team: SUCCESS
add_player: SUCCESS
add_player: SUCCESS
add_player: SUCCESS
add_player: SUCCESS
add_player: SUCCESS
add_player: SUCCESS
add_player: SUCCESS
add_player: SUCCESS
add_player: SUCCESS
add_player: SUCCESS
add_player: SUCCESS
add_player: SUCCESS
add_player: SUCCESS
add_player: SUCCESS
add_player: SUCCESS
add_player: SUCCESS
add_player: SUCCESS
add_player: SUCCESS
add_player: SUCCESS
add_player: SUCCESS
add_player: SUCCESS
add_player: SUCCESS
add_player: SUCCESS
add_player: SUCCESS
add_player: SUCCESS
add_player: SUCCESS
add_player: SUCCESS
add_player: SUCCESS
add_player: SUCCESS
add_player: SUCCESS
add_player: SUCCESS
add_player: SUCCESS
add_player: SUCCESS
add_player: SUCCESS
add_player: SUCCESS
add_player: SUCCESS
add_player: SUCCESS
add_player: SUCCESS
add_player: SUCCESS
add_player: SUCCESS
add_player: SUCCESS
add_player: SUCCESS
add_player: SUCCESS
add_player: SUCCESS
add_player: SUCCESS
add_player: SUCCESS
add_player: SUCCESS
add_player: SUCCESS
add_player: SUCCESS
add_player: SUCCESS
add_player: SUCCESS
add_player: SUCCESS
add_player: SUCCESS
add_player: SUCCESS
add_player: SUCCESS
add_player: SUCCESS
add_player: SUCCESS
add_player: SUCCESS
add_player: SUCCESS
add_player: SUCCESS
add_player: SUCCESS
add_player: SUCCESS
add_player: SUCCESS
add_player: SUCCESS
add_player: SUCCESS
add_player: SUCCESS
add_player: SUCCESS
add_player: SUCCESS
add_player: SUCCESS
add_player: SUCCESS
add_player: SUCCESS
add_player: SUCCESS
add_player: SUCCESS
add_player: SUCCESS
add_player: SUCCESS
add_player: SUCCESS
add_player: SUCCESS
add_player: SUCCESS
add_player: SUCCESS
add_player: SUCCESS
add_player: SUCCESS
add_player: SUCCESS
add_player: SUCCESS
add_player: SUCCESS
add_player: SUCCESS
add_player: SUCCESS
add_player: SUCCESS
add_player: SUCCESS
add_player: SUCCESS
add_player: SUCCESS
add_player: SUCCESS
add_player: SUCCESS
add_player: SUCCESS
add_player: SUCCESS
add_player: SUCCESS
add_player: SUCCESS
add_player: SUCCESS
add_player: SUCCESS
add_player: SUCCESS
add_player: SUCCESS
get_team_points: SUCCESS, 0
num_played_games_for_player: SUCCESS, 22
buy_team: SUCCESS
add_player: SUCCESS
get_team_points: SUCCESS, 0
num_played_games_for_player: SUCCESS, 22
add_player: SUCCESS
remove_team: FAILURE
buy_team: SUCCESS
get_ith_pointless_ability: FAILURE
add_player: SUCCESS
play_match: FAILURE
get_ith_pointless_ability: SUCCESS, 27
add_team: SUCCESS
get_team_points: SUCCESS, 0
get_player_cards: SUCCESS, 7
buy_team: SUCCESS
get_ith_pointless_ability: SUCCESS, 72
remove_team: FAILURE
add_player: SUCCESS
play_match: FAILURE
add_player: SUCCESS
add_player: SUCCESS
add_player: SUCCESS
add_player: SUCCESS
buy_team: SUCCESS
buy_team: SUCCESS
add_player: SUCCESS
play_match: FAILURE
add_team: FAILURE
buy_team: SUCCESS
add_player: SUCCESS
buy_team: SUCCESS
num_played_games_for_player: SUCCESS, 22
get_partial_spirit: SUCCESS, 3,2,4,1,5
add_player: SUCCESS
play_match: FAILURE
add_player: SUCCESS
buy_team: SUCCESS
remove_team: FAILURE
buy_team: SUCCESS
buy_team: SUCCESS
add_player: SUCCESS
add_team: FAILURE
buy_team: SUCCESS
buy_team: SUCCESS
add_player_cards: SUCCESS
get_partial_spirit: SUCCESS, 1,2,3,4,5
add_player: SUCCESS
get_ith_pointless_ability: SUCCESS, 61
add_player: SUCCESS
get_ith_pointless_ability: FAILURE
add_team: FAILURE
get_partial_spirit: SUCCESS, 4,1,3,5,2
get_ith_pointless_ability: SUCCESS, 12
get_player_cards: SUCCESS, 73
get_team_points: SUCCESS, 0
get_player_cards: SUCCESS, 61
add_team: FAILURE
add_player_cards: SUCCESS
add_team: FAILURE
remove_team: FAILURE
get_team_points: SUCCESS, 0
get_player_cards: SUCCESS, 263
remove_team: FAILURE
num_played_games_for_player: SUCCESS, 22
add_player_cards: SUCCESS
get_partial_spirit: SUCCESS, 1,2,3,4,5
add_player: SUCCESS
get_ith_pointless_ability: SUCCESS, 97
add_team: FAILURE
add_player: SUCCESS
num_played_games_for_player: SUCCESS, 22
num_played_games_for_player: SUCCESS, 22
add_player: SUCCESS
get_team_points: SUCCESS, 0
add_player: SUCCESS
add_player_cards: SUCCESS
remove_team: FAILURE
get_partial_spirit: SUCCESS, 4,3,2,1,5
get_ith_pointless_ability: FAILURE
get_partial_spirit: SUCCESS, 2,3,1,4,5
buy_team: SUCCESS
play_match: FAILURE
get_partial_spirit: SUCCESS, 1,2,3,4,5
add_player: SUCCESS
add_player: SUCCESS
add_player: SUCCESS
get_player_cards: SUCCESS, 298
get_ith_pointless_ability: FAILURE
add_player_cards: SUCCESS
remove_team: FAILURE
get_team_points: SUCCESS, 0
add_team: FAILURE
remove_team: FAILURE
play_match: FAILURE
add_player: SUCCESS
add_player: SUCCESS
add_player: SUCCESS
num_played_games_for_player: SUCCESS, 22
get_team_points: FAILURE
get_team_points: SUCCESS, 0
add_team: FAILURE
add_player: SUCCESS
add_player: SUCCESS
remove_team: FAILURE
add_player: SUCCESS
add_player_cards: SUCCESS
num_played_games_for_player: SUCCESS, 22
add_player_cards: SUCCESS
get_partial_spirit: SUCCESS, 3,2,1,4,5
get_partial_spirit: SUCCESS, 4,3,2,1,5
add_player: SUCCESS
get_ith_pointless_ability: FAILURE
add_team: FAILURE
add_player: SUCCESS
add_player: SUCCESS
play_match: SUCCESS, 3
get_ith_pointless_ability: SUCCESS, 98
remove_team: FAILURE
add_player: FAILURE
num_played_games_for_player: SUCCESS, 22
add_player_cards: SUCCESS
get_team_points: SUCCESS, 0
remove_team: FAILURE
add_player_cards: SUCCESS
get_partial_spirit: SUCCESS, 4,3,1,5,2
add_player: FAILURE
buy_team: SUCCESS
get_team_points: SUCCESS, 0
add_player: FAILURE
add_player: FAILURE
add_player: FAILURE
get_team_points: SUCCESS, 0
add_player: FAILURE
num_played_games_for_player: SUCCESS, 22
add_player_cards: SUCCESS
buy_team: SUCCESS
add_player: FAILURE
add_team: FAILURE
add_player: FAILURE
add_player: FAILURE
remove_team: FAILURE
get_player_cards: SUCCESS, 319
add_team: FAILURE
add_player: FAILURE
remove_team: FAILURE
add_player: FAILURE
remove_team: FAILURE
play_match: SUCCESS, 1
add_player: FAILURE
buy_team: SUCCESS
buy_team: SUCCESS
get_player_cards: SUCCESS, 198
get_partial_spirit: SUCCESS, 5,2,3,4,1
add_player_cards: SUCCESS
add_player: FAILURE
remove_team: FAILURE
buy_team: SUCCESS
num_played_games_for_player: SUCCESS, 22
add_player: FAILURE
get_player_cards: SUCCESS, 159
add_player_cards: SUCCESS
get_team_points: SUCCESS, 0
play_match: SUCCESS, 3
remove_team: FAILURE
add_player: FAILURE
get_team_points: SUCCESS, 0
get_team_points: SUCCESS, 0
remove_team: FAILURE
num_played_games_for_player: SUCCESS, 22
num_played_games_for_player: SUCCESS, 22
remove_team: FAILURE
add_player: FAILURE
remove_team: FAILURE
add_team: FAILURE
get_team_points: SUCCESS, 0
get_ith_pointless_ability: FAILURE
get_partial_spirit: SUCCESS, 1,2,3,4,5
num_played_games_for_player: SUCCESS, 22
get_ith_pointless_ability: FAILURE
play_match: FAILURE
get_ith_pointless_ability: SUCCESS, 68
add_player_cards: SUCCESS
remove_team: FAILURE
get_partial_spirit: SUCCESS, 1,2,3,4,5
get_player_cards: SUCCESS, 117
get_team_points: SUCCESS, 3
add_team: FAILURE
buy_team: SUCCESS
buy_team: SUCCESS
add_player: FAILURE
add_player: FAILURE
play_match: FAILURE
get_team_points: SUCCESS, 0
play_match: FAILURE
remove_team: FAILURE
get_partial_spirit: SUCCESS, 1,2,3,4,5
num_played_games_for_player: SUCCESS, 22
add_player: FAILURE
num_played_games_for_player: SUCCESS, 22
add_team: FAILURE
remove_team: FAILURE
get_player_cards: SUCCESS, 50
add_player: FAILURE
add_player: FAILURE
play_match: FAILURE
add_player_cards: SUCCESS
add_player_cards: SUCCESS
get_partial_spirit: SUCCESS, 1,2,3,4,5
num_played_games_for_player: SUCCESS, 22
add_player_cards: SUCCESS
get_player_cards: SUCCESS, 285
get_player_cards: SUCCESS, 124
num_played_games_for_player: SUCCESS, 22
num_played_games_for_player: SUCCESS, 22
add_player_cards: SUCCESS
get_ith_pointless_ability: FAILURE
add_team: FAILURE
add_player: FAILURE
play_match: SUCCESS, 1
get_player_cards: SUCCESS, 175
add_team: FAILURE
buy_team: SUCCESS
remove_team: FAILURE
num_played_games_for_player: SUCCESS, 22
add_player: FAILURE
play_match: FAILURE
play_match: FAILURE
add_player: FAILURE
num_played_games_for_player: SUCCESS, 22
add_player: FAILURE
buy_team: SUCCESS
get_team_points: SUCCESS, 3
add_player: FAILURE
add_player: FAILURE
add_team: FAILURE
get_ith_pointless_ability: SUCCESS, 72
remove_team: FAILURE
get_ith_pointless_ability: SUCCESS, 24
buy_team: SUCCESS
get_player_cards: SUCCESS, 146
get_team_points: SUCCESS, 0
get_player_cards: SUCCESS, 272
buy_team: SUCCESS
add_team: FAILURE
add_player: FAILURE
add_team: FAILURE
num_played_games_for_player: SUCCESS, 22
add_player: FAILURE
add_player: FAILURE
buy_team: SUCCESS
play_match: FAILURE
add_player: FAILURE
add_player_cards: SUCCESS
add_player_cards: SUCCESS
get_partial_spirit: SUCCESS, 5,4,3,1,2
get_ith_pointless_ability: FAILURE
play_match: FAILURE
get_ith_pointless_ability: SUCCESS, 44
get_partial_spirit: SUCCESS, 1,2,3,4,5
buy_team: SUCCESS
buy_team: SUCCESS
get_partial_spirit: SUCCESS, 4,3,5,2,1
get_player_cards: SUCCESS, 87
get_player_cards: SUCCESS, 201
add_team: FAILURE
add_player: FAILURE
buy_team: SUCCESS
add_player_cards: SUCCESS
get_player_cards: SUCCESS, 240
get_team_points: SUCCESS, 3
add_player_cards: SUCCESS
buy_team: SUCCESS
play_match: FAILURE
buy_team: SUCCESS
get_team_points: SUCCESS, 0
get_ith_pointless_ability: FAILURE
remove_team: FAILURE
get_team_points: SUCCESS, 0
play_match: FAILURE
get_partial_spirit: SUCCESS, 1,2,3,4,5
add_player: FAILURE
get_partial_spirit: SUCCESS, 4,1,3,5,2
add_player: FAILURE
add_player_cards: SUCCESS
add_player_cards: SUCCESS
add_player: FAILURE
get_ith_pointless_ability: SUCCESS, 81
add_player: FAILURE
remove_team: FAILURE
get_partial_spirit: SUCCESS, 1,2,3,4,5
add_player_cards: SUCCESS
add_player: FAILURE
get_player_cards: SUCCESS, 151
add_team: FAILURE
add_player: FAILURE
play_match: FAILURE
remove_team: FAILURE
num_played_games_for_player: SUCCESS, 22
num_played_games_for_player: SUCCESS, 22
add_player: FAILURE
get_ith_pointless_ability: SUCCESS, 93
buy_team: SUCCESS
get_partial_spirit: SUCCESS, 5,2,1,4,3
add_team: FAILURE
buy_team: SUCCESS
add_player: FAILURE
add_player: FAILURE
buy_team: SUCCESS
add_player: FAILURE
add_player_cards: SUCCESS
add_team: FAILURE
add_player: FAILURE
get_team_points: SUCCESS, 0
num_played_games_for_player: SUCCESS, 22
get_ith_pointless_ability: FAILURE
remove_team: FAILURE
remove_team: FAILURE
add_player: FAILURE
get_partial_spirit: SUCCESS, 1,2,3,4,5
add_player: FAILURE
add_player_cards: SUCCESS
add_team: FAILURE
num_played_games_for_player: SUCCESS, 22
add_player: FAILURE
add_player: FAILURE
add_player: FAILURE
get_player_cards: SUCCESS, 264
add_player: FAILURE
buy_team: SUCCESS
add_player_cards: SUCCESS
add_team: FAILURE
get_team_points: FAILURE
play_match: FAILURE
remove_team: FAILURE
get_ith_pointless_ability: FAILURE
get_team_points: SUCCESS, 0
num_played_games_for_player: SUCCESS, 22
add_player: FAILURE
buy_team: SUCCESS
add_player: FAILURE
buy_team: SUCCESS
get_player_cards: SUCCESS, 177
num_played_games_for_player: SUCCESS, 22
get_ith_pointless_ability: FAILURE
add_player_cards: SUCCESS
get_player_cards: SUCCESS, 249
get_ith_pointless_ability: SUCCESS, 40
add_player_cards: SUCCESS
num_played_games_for_player: SUCCESS, 22
get_partial_spirit: SUCCESS, 4,5,1,3,2
add_player: FAILURE
get_team_points: SUCCESS, 0
add_team: FAILURE
buy_team: SUCCESS
get_ith_pointless_ability: FAILURE
get_partial_spirit: SUCCESS, 4,1,3,5,2
num_played_games_for_player: SUCCESS, 22
add_player_cards: SUCCESS
add_player_cards: SUCCESS
num_played_games_for_player: SUCCESS, 22
get_player_cards: SUCCESS, 146
add_player: FAILURE
num_played_games_for_player: SUCCESS, 22
get_player_cards: SUCCESS, 387
get_player_cards: SUCCESS, 252
num_played_games_for_player: SUCCESS, 22
add_player: FAILURE
get_team_points: SUCCESS, 0
add_player: FAILURE
buy_team: SUCCESS
play_match: FAILURE
get_team_points: SUCCESS, 0
add_player: FAILURE
add_player: FAILURE
get_ith_pointless_ability: SUCCESS, 72
add_team: FAILURE
add_player: FAILURE
add_team: FAILURE
get_player_cards: SUCCESS, 72
add_player_cards: SUCCESS
get_player_cards: SUCCESS, 268
buy_team: SUCCESS
add_player: FAILURE
add_team: FAILURE
get_ith_pointless_ability: SUCCESS, 80
get_player_cards: SUCCESS, 114
add_player_cards: SUCCESS
add_player: FAILURE
add_player: FAILURE
remove_team: FAILURE
get_player_cards: SUCCESS, 277
get_ith_pointless_ability: SUCCESS, 52
add_player_cards: SUCCESS
remove_team: FAILURE
remove_team: FAILURE
buy_team: SUCCESS
num_played_games_for_player: SUCCESS, 22
add_player: FAILURE
buy_team: SUCCESS
get_partial_spirit: SUCCESS, 2,3,1,5,4
remove_team: FAILURE
play_match: SUCCESS, 1
add_player: FAILURE
add_player: FAILURE
num_played_games_for_player: SUCCESS, 22
get_ith_pointless_ability: FAILURE
add_player: FAILURE
remove_team: FAILURE
get_team_points: FAILURE
get_player_cards: SUCCESS, 342
remove_team: FAILURE
add_player: FAILURE
add_player_cards: SUCCESS
num_played_games_for_player: SUCCESS, 22
get_ith_pointless_ability: FAILURE
remove_team: FAILURE
get_player_cards: SUCCESS, 58
get_team_points: SUCCESS, 0
get_ith_pointless_ability: FAILURE
get_player_cards: SUCCESS, 50
get_player_cards: SUCCESS, 36
get_player_cards: SUCCESS, 298
num_played_games_for_player: SUCCESS, 22
get_player_cards: SUCCESS, 145
add_player: FAILURE
play_match: FAILURE
add_player: FAILURE
get_ith_pointless_ability: SUCCESS, 19
play_match: FAILURE
add_player: FAILURE
add_player: FAILURE
get_partial_spirit: SUCCESS, 1,2,3,4,5
num_played_games_for_player: SUCCESS, 22
get_ith_pointless_ability: FAILURE
play_match: FAILURE
get_player_cards: SUCCESS, 199
remove_team: FAILURE
add_team: FAILURE
add_team: FAILURE
get_ith_pointless_ability: SUCCESS, 69
add_player_cards: SUCCESS
add_player: FAILURE
add_player: FAILURE
add_player_cards: SUCCESS
add_player: FAILURE
get_ith_pointless_ability: FAILURE
buy_team: SUCCESS
get_team_points: SUCCESS, 0
add_player: FAILURE
get_team_points: SUCCESS, 0
add_player: FAILURE
get_player_cards: SUCCESS, 220
num_played_games_for_player: SUCCESS, 22
remove_team: FAILURE
add_team: FAILURE
get_partial_spirit: SUCCESS, 5,4,2,1,3
add_player: FAILURE
remove_team: FAILURE
add_player: FAILURE
add_player: FAILURE
get_player_cards: SUCCESS, 214
add_player: FAILURE
get_player_cards: SUCCESS, 124
play_match: SUCCESS, 3
get_ith_pointless_ability: FAILURE
add_player: FAILURE
add_player: FAILURE
remove_team: FAILURE
add_player: FAILURE
play_match: FAILURE
get_partial_spirit: SUCCESS, 1,2,3,4,5
play_match: FAILURE
add_player_cards: SUCCESS
get_player_cards: SUCCESS, 24
add_player_cards: SUCCESS
play_match: FAILURE
play_match: FAILURE
get_ith_pointless_ability: SUCCESS, 32
buy_team: SUCCESS
get_team_points: FAILURE
buy_team: SUCCESS
get_team_points: SUCCESS, 0
get_partial_spirit: SUCCESS, 1,2,3,4,5
play_match: SUCCESS, 3
get_team_points: SUCCESS, 0
add_player: FAILURE
add_player: FAILURE
add_player: FAILURE
get_player_cards: SUCCESS, 317
get_ith_pointless_ability: FAILURE
add_team: FAILURE
get_team_points: SUCCESS, 0
get_team_points: FAILURE
add_player_cards: SUCCESS
add_player: FAILURE
play_match: FAILURE
play_match: FAILURE
add_player: FAILURE
add_team: FAILURE
get_ith_pointless_ability: SUCCESS, 32
remove_team: FAILURE
add_player: FAILURE
add_player: FAILURE
get_player_cards: SUCCESS, 158
add_player: FAILURE
add_player: FAILURE
add_team: FAILURE
add_player: FAILURE
remove_team: FAILURE
buy_team: SUCCESS
get_team_points: SUCCESS, 6
add_player: FAILURE
play_match: FAILURE
add_player: FAILURE
remove_team: FAILURE
add_player: FAILURE
num_played_games_for_player: SUCCESS, 22
buy_team: SUCCESS
get_partial_spirit: SUCCESS, 4,3,5,2,1
get_partial_spirit: FAILURE
get_partial_spirit: SUCCESS, 1,2,3,4,5
add_player_cards: SUCCESS
add_team: FAILURE
get_player_cards: SUCCESS, 39
get_partial_spirit: SUCCESS, 4,3,5,2,1
buy_team: SUCCESS
add_player: FAILURE
get_partial_spirit: SUCCESS, 1,2,3,4,5
add_player_cards: SUCCESS
remove_team: FAILURE
get_player_cards: SUCCESS, 541
play_match: FAILURE
get_player_cards: SUCCESS, 315
add_player: FAILURE
get_player_cards: SUCCESS, 177
add_player: FAILURE
get_team_points: SUCCESS, 0
add_team: FAILURE
add_player: FAILURE
add_team: FAILURE
add_player_cards: SUCCESS
add_player: FAILURE
get_ith_pointless_ability: FAILURE
buy_team: SUCCESS
get_ith_pointless_ability: SUCCESS, 81
num_played_games_for_player: SUCCESS, 22
add_player: FAILURE
add_player_cards: SUCCESS
get_partial_spirit: SUCCESS, 1,2,3,4,5
get_ith_pointless_ability: FAILURE
add_team: FAILURE
num_played_games_for_player: SUCCESS, 22
remove_team: FAILURE
get_partial_spirit: FAILURE
get_player_cards: SUCCESS, 87
add_player: FAILURE
add_player_cards: SUCCESS
play_match: FAILURE
get_partial_spirit: SUCCESS, 1,2,3,4,5
get_player_cards: SUCCESS, 252
get_partial_spirit: SUCCESS, 5,3,2,4,1
add_team: FAILURE
get_team_points: SUCCESS, 0
buy_team: SUCCESS
add_player: FAILURE
add_player: FAILURE
num_played_games_for_player: SUCCESS, 22
get_partial_spirit: FAILURE
get_ith_pointless_ability: FAILURE
add_team: FAILURE
buy_team: SUCCESS
get_ith_pointless_ability: SUCCESS, 19
add_player_cards: SUCCESS
get_partial_spirit: SUCCESS, 2,5,4,3,1
add_team: FAILURE
buy_team: SUCCESS
remove_team: FAILURE
remove_team: FAILURE
get_partial_spirit: SUCCESS, 1,2,3,4,5
add_team: FAILURE
get_team_points: SUCCESS, 3
get_partial_spirit: SUCCESS, 1,2,3,4,5
add_player: FAILURE
add_team: FAILURE
add_player: FAILURE
add_player: FAILURE
num_played_games_for_player: SUCCESS, 22
add_player: FAILURE
get_ith_pointless_ability: SUCCESS, 32
get_team_points: SUCCESS, 0
add_team: FAILURE
add_player_cards: SUCCESS
get_ith_pointless_ability: SUCCESS, 29
add_player: FAILURE
get_ith_pointless_ability: SUCCESS, 80
add_team: FAILURE
buy_team: SUCCESS
get_partial_spirit: SUCCESS, 1,2,3,4,5
add_team: FAILURE
add_player: FAILURE
get_ith_pointless_ability: SUCCESS, 12
get_team_points: SUCCESS, 0
add_player: FAILURE
remove_team: FAILURE
play_match: FAILURE
add_player_cards: FAILURE
num_played_games_for_player: SUCCESS, 22
add_player: FAILURE
add_player: FAILURE
get_ith_pointless_ability: SUCCESS, 73
add_player: FAILURE
get_player_cards: SUCCESS, 260
add_player: FAILURE
get_ith_pointless_ability: SUCCESS, 80
get_partial_spirit: SUCCESS, 1,2,3,4,5
remove_team: FAILURE
buy_team: SUCCESS
get_ith_pointless_ability: SUCCESS, 36
buy_team: SUCCESS
add_player_cards: SUCCESS
get_player_cards: SUCCESS, 145
add_player_cards: SUCCESS
get_ith_pointless_ability: SUCCESS, 46
buy_team: SUCCESS
get_player_cards: SUCCESS, 272
buy_team: SUCCESS
play_match: FAILURE
add_team: FAILURE
add_player: FAILURE
get_partial_spirit: SUCCESS, 1,2,3,4,5
play_match: FAILURE
add_player: FAILURE
add_player_cards: SUCCESS
play_match: FAILURE
add_team: FAILURE
add_team: FAILURE
get_partial_spirit: SUCCESS, 1,2,3,4,5
get_team_points: SUCCESS, 0
get_player_cards: SUCCESS, 160
add_team: FAILURE
add_player: FAILURE
add_player: FAILURE
add_player: FAILURE
get_ith_pointless_ability: FAILURE
get_ith_pointless_ability: SUCCESS, 55
get_partial_spirit: SUCCESS, 1,2,3,4,5
add_player: FAILURE
add_player_cards: SUCCESS
get_team_points: SUCCESS, 0
num_played_games_for_player: SUCCESS, 22
num_played_games_for_player: SUCCESS, 22
add_player_cards: FAILURE
get_player_cards: SUCCESS, 146
buy_team: SUCCESS
num_played_games_for_player: SUCCESS, 22
get_team_points: SUCCESS, 0
get_ith_pointless_ability: FAILURE
add_player: FAILURE
add_team: FAILURE
add_player: FAILURE
add_player: FAILURE
add_player: FAILURE
add_player_cards: SUCCESS
add_player: FAILURE
add_player_cards: SUCCESS
get_ith_pointless_ability: SUCCESS, 98
add_player: FAILURE
add_player_cards: SUCCESS
get_partial_spirit: SUCCESS, 1,2,3,4,5
add_player: FAILURE
get_team_points: SUCCESS, 0
play_match: FAILURE
get_player_cards: SUCCESS, 252
add_team: FAILURE
get_partial_spirit: SUCCESS, 3,4,2,1,5
remove_team: FAILURE
get_player_cards: SUCCESS, 343
add_player_cards: SUCCESS
get_ith_pointless_ability: FAILURE
add_player: FAILURE
add_player: FAILURE
play_match: FAILURE
buy_team: SUCCESS
remove_team: FAILURE
add_player: FAILURE
get_ith_pointless_ability: SUCCESS, 36
play_match: FAILURE
get_team_points: SUCCESS, 0
add_player: FAILURE
add_player: FAILURE
add_team: FAILURE
add_player: FAILURE
add_player: FAILURE
get_ith_pointless_ability: SUCCESS, 24
get_player_cards: SUCCESS, 216
get_team_points: FAILURE
num_played_games_for_player: SUCCESS, 22
buy_team: SUCCESS
add_player_cards: SUCCESS
add_player_cards: SUCCESS
add_player_cards: FAILURE
get_ith_pointless_ability: SUCCESS, 52
add_player: FAILURE
add_team: FAILURE
get_ith_pointless_ability: SUCCESS, 93
get_player_cards: SUCCESS, 670
remove_team: FAILURE
get_ith_pointless_ability: SUCCESS, 72
add_player: FAILURE
add_player: FAILURE
get_team_points: FAILURE
get_player_cards: SUCCESS, 252
get_ith_pointless_ability: FAILURE
add_player: FAILURE
buy_team: SUCCESS
add_player: FAILURE
add_player: FAILURE
buy_team: SUCCESS
play_match: FAILURE
get_partial_spirit: FAILURE
play_match: FAILURE
add_team: FAILURE
remove_team: FAILURE
get_ith_pointless_ability: SUCCESS, 18
num_played_games_for_player: SUCCESS, 22
add_player_cards: SUCCESS
buy_team: SUCCESS
add_team: FAILURE
get_team_points: SUCCESS, 0
add_player: FAILURE
add_player: FAILURE
play_match: FAILURE
remove_team: FAILURE
get_player_cards: SUCCESS, 511
add_player: FAILURE
add_player: FAILURE
add_player: FAILURE
get_team_points: SUCCESS, 0
add_player: FAILURE
get_player_cards: SUCCESS, 174
add_player: FAILURE
get_team_points: FAILURE
add_team: FAILURE
add_player: FAILURE
add_player_cards: SUCCESS
get_player_cards: SUCCESS, 155
remove_team: FAILURE
get_ith_pointless_ability: SUCCESS, 82
add_team: FAILURE
add_team: FAILURE
get_player_cards: SUCCESS, 294
add_player: FAILURE
add_player: FAILURE
num_played_games_for_player: SUCCESS, 22
add_player: FAILURE
get_team_points: SUCCESS, 0
add_team: FAILURE
play_match: FAILURE
buy_team: SUCCESS
add_player: FAILURE
remove_team: FAILURE
play_match: FAILURE
get_ith_pointless_ability: SUCCESS, 46
add_player: FAILURE
remove_team: FAILURE
remove_team: FAILURE
get_ith_pointless_ability: FAILURE
add_player: FAILURE
add_player: FAILURE
add_team: FAILURE
remove_team: FAILURE
num_played_games_for_player: SUCCESS, 22
buy_team: SUCCESS
get_team_points: SUCCESS, 0
remove_team: FAILURE
remove_team: FAILURE
add_player: FAILURE
get_partial_spirit: SUCCESS, 4,3,5,2,1
num_played_games_for_player: SUCCESS, 22
add_player: FAILURE
buy_team: SUCCESS
add_player_cards: SUCCESS
add_player: FAILURE
get_ith_pointless_ability: SUCCESS, 93
play_match: FAILURE
num_played_games_for_player: SUCCESS, 22
num_played_games_for_player: SUCCESS, 22
add_player: FAILURE
get_partial_spirit: SUCCESS, 1,4,3,2,5
add_player: FAILURE
num_played_games_for_player: SUCCESS, 22
play_match: FAILURE
add_player_cards: SUCCESS
get_ith_pointless_ability: SUCCESS, 82
add_player: FAILURE
get_ith_pointless_ability: SUCCESS, 26
num_played_games_for_player: SUCCESS, 22
add_player: FAILURE
remove_team: FAILURE
add_team: FAILURE
add_player_cards: FAILURE
remove_team: FAILURE
add_player: FAILURE
add_player_cards: SUCCESS
add_team: FAILURE
get_team_points: SUCCESS, 0
remove_team: FAILURE
num_played_games_for_player: SUCCESS, 22
play_match: FAILURE
add_player: FAILURE
get_player_cards: SUCCESS, 240
play_match: SUCCESS, 3
remove_team: FAILURE
add_player: FAILURE
add_team: FAILURE
get_partial_spirit: SUCCESS, 1,2,3,4,5
remove_team: FAILURE
add_player: FAILURE
buy_team: SUCCESS
get_ith_pointless_ability: FAILURE
num_played_games_for_player: SUCCESS, 22
add_player_cards: SUCCESS
add_player: FAILURE
get_partial_spirit: SUCCESS, 1,2,3,4,5
get_ith_pointless_ability: FAILURE
buy_team: SUCCESS
add_player_cards: SUCCESS
add_player: FAILURE
get_ith_pointless_ability: FAILURE
remove_team: FAILURE
add_player_cards: SUCCESS
num_played_games_for_player: SUCCESS, 22
add_team: FAILURE
add_player: FAILURE
play_match: FAILURE
get_player_cards: SUCCESS, 28
buy_team: SUCCESS
get_player_cards: SUCCESS, 63
buy_team: SUCCESS
add_player_cards: SUCCESS
add_player: FAILURE
get_team_points: SUCCESS, 0
add_player: FAILURE
add_player: FAILURE
get_team_points: FAILURE
remove_team: FAILURE
get_partial_spirit: SUCCESS, 4,2,3,5,1
get_partial_spirit: FAILURE
buy_team: SUCCESS
get_ith_pointless_ability: SUCCESS, 26
add_player: FAILURE
add_team: FAILURE
add_player: FAILURE
add_player: FAILURE
add_player_cards: FAILURE
get_ith_pointless_ability: SUCCESS, 55
remove_team: FAILURE
add_player_cards: FAILURE
get_player_cards: SUCCESS, 187
buy_team: SUCCESS
add_player: FAILURE
get_ith_pointless_ability: SUCCESS, 47
get_team_points: SUCCESS, 0
remove_team: FAILURE
buy_team: SUCCESS
add_player_cards: SUCCESS
get_team_points: SUCCESS, 0
num_played_games_for_player: SUCCESS, 22
add_player: FAILURE
play_match: FAILURE
add_player: FAILURE
add_team: FAILURE
remove_team: FAILURE
add_player: FAILURE
add_player: FAILURE
get_player_cards: SUCCESS, 24
play_match: FAILURE
add_player: FAILURE
get_team_points: SUCCESS, 0
get_player_cards: SUCCESS, 214
add_team: FAILURE
add_player: FAILURE
num_played_games_for_player: SUCCESS, 22
add_player_cards: SUCCESS
get_partial_spirit: FAILURE
add_team: FAILURE
add_player: FAILURE
add_player: FAILURE
add_player_cards: SUCCESS
add_player: FAILURE
get_ith_pointless_ability: FAILURE
add_team: FAILURE
num_played_games_for_player: SUCCESS, 22
remove_team: FAILURE
remove_team: FAILURE
get_partial_spirit: SUCCESS, 3,4,2,1,5
add_player: FAILURE
add_team: FAILURE
add_player: FAILURE
get_partial_spirit: FAILURE
add_player: FAILURE
add_player: FAILURE
buy_team: SUCCESS
get_ith_pointless_ability: FAILURE
buy_team: SUCCESS
buy_team: SUCCESS
add_player_cards: SUCCESS
add_player_cards: FAILURE
num_played_games_for_player: SUCCESS, 22
get_ith_pointless_ability: FAILURE
play_match: FAILURE
add_player: FAILURE
get_team_points: FAILURE
get_ith_pointless_ability: SUCCESS, 80
add_team: FAILURE
add_team: FAILURE
buy_team: SUCCESS
add_player: FAILURE
get_player_cards: SUCCESS, 427
play_match: FAILURE
num_played_games_for_player: SUCCESS, 22
add_player: FAILURE
add_player: FAILURE
add_player: FAILURE
buy_team: SUCCESS
get_player_cards: SUCCESS, 503
add_team: FAILURE
play_match: FAILURE
add_player_cards: SUCCESS
add_player: FAILURE
get_team_points: FAILURE
add_player: FAILURE
get_ith_pointless_ability: FAILURE
add_player: FAILURE
play_match: SUCCESS, 1
num_played_games_for_player: SUCCESS, 22
add_player: FAILURE
get_team_points: SUCCESS, 0
add_player: FAILURE
add_player: FAILURE
num_played_games_for_player: SUCCESS, 22
add_player_cards: FAILURE
play_match: FAILURE
num_played_games_for_player: SUCCESS, 22
buy_team: SUCCESS
get_ith_pointless_ability: FAILURE
add_player: FAILURE
get_ith_pointless_ability: FAILURE
remove_team: FAILURE
add_player_cards: SUCCESS
play_match: FAILURE
play_match: FAILURE
add_team: FAILURE
num_played_games_for_player: SUCCESS, 22
get_ith_pointless_ability: FAILURE
remove_team: FAILURE
remove_team: FAILURE
get_team_points: FAILURE
add_player: FAILURE
get_partial_spirit: FAILURE
remove_team: FAILURE
add_team: SUCCESS
add_player: FAILURE
add_player_cards: FAILURE
remove_team: FAILURE
num_played_games_for_player: SUCCESS, 22
add_player: FAILURE
add_team: FAILURE
buy_team: SUCCESS
play_match: FAILURE
get_team_points: FAILURE
buy_team: SUCCESS
get_partial_spirit: FAILURE
remove_team: FAILURE
play_match: FAILURE
add_player_cards: SUCCESS
buy_team: SUCCESS
get_partial_spirit: SUCCESS, 3,1,5,2,4
add_player_cards: FAILURE
add_player_cards: FAILURE
num_played_games_for_player: SUCCESS, 22
get_ith_pointless_ability: SUCCESS, 40
add_player: FAILURE
play_match: FAILURE
add_player: FAILURE
get_ith_pointless_ability: SUCCESS, 23
get_ith_pointless_ability: SUCCESS, 93
num_played_games_for_player: SUCCESS, 22
add_player: FAILURE
add_team: FAILURE
add_team: FAILURE
get_ith_pointless_ability: FAILURE
get_partial_spirit: SUCCESS, 1,2,3,4,5
add_player: FAILURE
add_player: FAILURE
get_ith_pointless_ability: FAILURE
remove_team: FAILURE
add_player: FAILURE
