add_team: SUCCESS
add_team: SUCCESS
add_team: SUCCESS
add_team: SUCCESS
add_team: SUCCESS
add_team: SUCCESS
add_team: SUCCESS
add_team: SUCCESS
add_team: SUCCESS
add_team: SUCCESS
add_team: SUCCESS
add_team: SUCCESS
add_team: SUCCESS
add_team: SUCCESS
add_team: SUCCESS
add_team: SUCCESS
add_team: SUCCESS
add_team: SUCCESS
add_team: SUCCESS
add_team: SUCCESS
add_team: SUCCESS
add_team: SUCCESS
add_team: SUCCESS
add_team: SUCCESS
add_team: SUCCESS
add_team: SUCCESS
add_team: SUCCESS
add_team: SUCCESS
add_team: SUCCESS
add_team: SUCCESS
add_team: SUCCESS
add_team: SUCCESS
add_team: SUCCESS
add_team: SUCCESS
add_team: SUCCESS
add_team: SUCCESS
add_team: SUCCESS
add_team: SUCCESS
add_team: SUCCESS
add_team: SUCCESS
add_team: SUCCESS
add_team: SUCCESS
add_team: SUCCESS
add_team: SUCCESS
add_team: SUCCESS
add_team: SUCCESS
add_team: SUCCESS
add_team: SUCCESS
add_team: SUCCESS
add_team: SUCCESS
add_team: SUCCESS
add_team: SUCCESS
add_team: SUCCESS
add_team: SUCCESS
add_team: SUCCESS
add_team: SUCCESS
add_team: SUCCESS
add_team: SUCCESS
add_team: SUCCESS
add_team: SUCCESS
add_team: SUCCESS
add_team: SUCCESS
add_team: SUCCESS
add_team: SUCCESS
add_team: SUCCESS
add_team: SUCCESS
add_team: SUCCESS
add_team: SUCCESS
add_team: SUCCESS
add_team: SUCCESS
add_team: SUCCESS
add_team: SUCCESS
add_team: SUCCESS
add_team: SUCCESS
add_team: SUCCESS
add_team: SUCCESS
add_team: SUCCESS
add_team: SUCCESS
add_team: SUCCESS
add_team: SUCCESS
add_team: SUCCESS
add_team: SUCCESS
add_team: SUCCESS
add_team: SUCCESS
add_team: SUCCESS
add_team: SUCCESS
add_team: SUCCESS
add_team: SUCCESS
add_team: SUCCESS
add_team: SUCCESS
add_team: SUCCESS
add_team: SUCCESS
add_team: SUCCESS
add_team: SUCCESS
add_team: SUCCESS
add_team: SUCCESS
add_team: SUCCESS
add_team: SUCCESS
add_team: SUCCESS
add_team: SUCCESS
add_player: SUCCESS
add_player: SUCCESS
add_player: SUCCESS
add_player: SUCCESS
add_player: SUCCESS
add_player: SUCCESS
add_player: SUCCESS
add_player: SUCCESS
add_player: SUCCESS
add_player: SUCCESS
add_player: SUCCESS
add_player: SUCCESS
add_player: SUCCESS
add_player: SUCCESS
add_player: SUCCESS
add_player: SUCCESS
add_player: SUCCESS
add_player: SUCCESS
add_player: SUCCESS
add_player: SUCCESS
add_player: SUCCESS
add_player: SUCCESS
add_player: SUCCESS
add_player: SUCCESS
add_player: SUCCESS
add_player: SUCCESS
add_player: SUCCESS
add_player: SUCCESS
add_player: SUCCESS
add_player: SUCCESS
add_player: SUCCESS
add_player: SUCCESS
add_player: SUCCESS
add_player: SUCCESS
add_player: SUCCESS
add_player: SUCCESS
add_player: SUCCESS
add_player: SUCCESS
add_player: SUCCESS
add_player: SUCCESS
add_player: SUCCESS
add_player: SUCCESS
add_player: SUCCESS
add_player: SUCCESS
add_player: SUCCESS
add_player: SUCCESS
add_player: SUCCESS
add_player: SUCCESS
add_player: SUCCESS
add_player: SUCCESS
add_player: SUCCESS
add_player: SUCCESS
add_player: SUCCESS
add_player: SUCCESS
add_player: SUCCESS
add_player: SUCCESS
add_player: SUCCESS
add_player: SUCCESS
add_player: SUCCESS
add_player: SUCCESS
add_player: SUCCESS
add_player: SUCCESS
add_player: SUCCESS
add_player: SUCCESS
add_player: SUCCESS
add_player: SUCCESS
add_player: SUCCESS
add_player: SUCCESS
add_player: SUCCESS
add_player: SUCCESS
add_player: SUCCESS
add_player: SUCCESS
add_player: SUCCESS
add_player: SUCCESS
add_player: SUCCESS
add_player: SUCCESS
add_player: SUCCESS
add_player: SUCCESS
add_player: SUCCESS
add_player: SUCCESS
add_player: SUCCESS
add_player: SUCCESS
add_player: SUCCESS
add_player: SUCCESS
add_player: SUCCESS
add_player: SUCCESS
add_player: SUCCESS
add_player: SUCCESS
add_player: SUCCESS
add_player: SUCCESS
add_player: SUCCESS
add_player: SUCCESS
add_player: SUCCESS
add_player: SUCCESS
add_player: SUCCESS
add_player: SUCCESS
add_player: SUCCESS
add_player: SUCCESS
add_player: SUCCESS
add_player: SUCCESS
remove_team: FAILURE
add_player: SUCCESS
add_player_cards: SUCCESS
remove_team: FAILURE
get_partial_spirit: SUCCESS, 1,2,3,4,5
buy_team: SUCCESS
get_player_cards: SUCCESS, 86
add_player: SUCCESS
get_player_cards: SUCCESS, 84
add_player_cards: SUCCESS
get_team_points: SUCCESS, 0
add_player_cards: SUCCESS
remove_team: FAILURE
buy_team: SUCCESS
add_team: SUCCESS
get_ith_pointless_ability: SUCCESS, 4
buy_team: SUCCESS
add_team: FAILURE
remove_team: FAILURE
play_match: FAILURE
num_played_games_for_player: SUCCESS, 22
add_player: SUCCESS
add_team: FAILURE
play_match: FAILURE
remove_team: FAILURE
add_player: SUCCESS
get_ith_pointless_ability: FAILURE
remove_team: FAILURE
play_match: FAILURE
play_match: FAILURE
add_player_cards: SUCCESS
play_match: FAILURE
add_player_cards: SUCCESS
add_player_cards: SUCCESS
get_team_points: SUCCESS, 0
add_team: FAILURE
buy_team: SUCCESS
remove_team: FAILURE
add_player_cards: SUCCESS
get_team_points: SUCCESS, 0
add_player: SUCCESS
num_played_games_for_player: SUCCESS, 22
add_player: SUCCESS
get_player_cards: SUCCESS, 120
add_player: SUCCESS
add_player: SUCCESS
get_partial_spirit: SUCCESS, 1,2,3,4,5
add_player: SUCCESS
num_played_games_for_player: SUCCESS, 22
get_partial_spirit: SUCCESS, 1,2,3,4,5
add_player: SUCCESS
play_match: FAILURE
buy_team: SUCCESS
get_team_points: SUCCESS, 0
add_player_cards: SUCCESS
get_player_cards: SUCCESS, 100
add_player_cards: SUCCESS
get_team_points: SUCCESS, 0
play_match: SUCCESS, 3
remove_team: FAILURE
add_player: SUCCESS
get_partial_spirit: SUCCESS, 5,1,2,4,3
add_player_cards: SUCCESS
add_player: SUCCESS
get_player_cards: SUCCESS, 283
get_ith_pointless_ability: FAILURE
get_team_points: SUCCESS, 0
add_player: SUCCESS
buy_team: SUCCESS
remove_team: FAILURE
get_partial_spirit: SUCCESS, 1,2,3,4,5
get_partial_spirit: SUCCESS, 1,5,4,2,3
get_player_cards: SUCCESS, 177
get_player_cards: SUCCESS, 206
add_player: SUCCESS
remove_team: FAILURE
get_team_points: SUCCESS, 0
get_player_cards: SUCCESS, 239
add_team: FAILURE
add_team: FAILURE
add_player: SUCCESS
add_player_cards: SUCCESS
add_player: FAILURE
add_team: FAILURE
add_player: SUCCESS
buy_team: SUCCESS
add_player: SUCCESS
add_player_cards: SUCCESS
get_ith_pointless_ability: SUCCESS, 54
remove_team: FAILURE
get_ith_pointless_ability: FAILURE
play_match: SUCCESS, 1
add_player_cards: SUCCESS
get_ith_pointless_ability: FAILURE
buy_team: SUCCESS
get_team_points: SUCCESS, 0
add_player: SUCCESS
play_match: FAILURE
num_played_games_for_player: SUCCESS, 22
add_player: SUCCESS
play_match: FAILURE
buy_team: SUCCESS
get_ith_pointless_ability: SUCCESS, 100
play_match: FAILURE
add_player_cards: SUCCESS
buy_team: SUCCESS
add_player_cards: SUCCESS
buy_team: SUCCESS
get_ith_pointless_ability: SUCCESS, 36
get_team_points: SUCCESS, 0
get_team_points: SUCCESS, 0
get_team_points: SUCCESS, 0
play_match: FAILURE
get_partial_spirit: SUCCESS, 2,3,1,5,4
get_team_points: SUCCESS, 0
add_player: SUCCESS
get_ith_pointless_ability: SUCCESS, 9
get_player_cards: SUCCESS, 126
add_player: SUCCESS
add_player_cards: SUCCESS
add_player: SUCCESS
add_team: FAILURE
play_match: SUCCESS, 3
play_match: SUCCESS, 3
get_partial_spirit: SUCCESS, 5,4,2,1,3
add_player: SUCCESS
add_team: FAILURE
get_team_points: SUCCESS, 0
get_ith_pointless_ability: SUCCESS, 39
add_player: SUCCESS
add_player: SUCCESS
add_player: SUCCESS
add_player_cards: SUCCESS
play_match: FAILURE
play_match: SUCCESS, 1
add_player_cards: SUCCESS
num_played_games_for_player: SUCCESS, 22
add_team: FAILURE
add_player_cards: SUCCESS
get_ith_pointless_ability: FAILURE
num_played_games_for_player: SUCCESS, 22
add_team: FAILURE
add_player_cards: SUCCESS
buy_team: SUCCESS
add_team: FAILURE
get_team_points: SUCCESS, 0
get_ith_pointless_ability: SUCCESS, 63
play_match: FAILURE
get_ith_pointless_ability: SUCCESS, 100
add_player: FAILURE
get_ith_pointless_ability: FAILURE
get_partial_spirit: SUCCESS, 3,1,4,5,2
buy_team: SUCCESS
add_player: SUCCESS
add_player: SUCCESS
add_player: SUCCESS
get_ith_pointless_ability: SUCCESS, 100
add_team: FAILURE
add_player: SUCCESS
buy_team: SUCCESS
get_partial_spirit: SUCCESS, 1,2,3,4,5
add_player_cards: SUCCESS
add_team: FAILURE
add_player: SUCCESS
add_player: SUCCESS
get_team_points: SUCCESS, 0
get_player_cards: SUCCESS, 21
get_player_cards: SUCCESS, 152
add_player: FAILURE
get_player_cards: SUCCESS, 178
add_player_cards: SUCCESS
get_partial_spirit: SUCCESS, 1,2,3,4,5
get_ith_pointless_ability: SUCCESS, 92
remove_team: FAILURE
remove_team: FAILURE
get_team_points: SUCCESS, 3
add_player: SUCCESS
buy_team: SUCCESS
add_team: FAILURE
add_player_cards: SUCCESS
get_partial_spirit: SUCCESS, 1,2,3,4,5
get_player_cards: SUCCESS, 85
get_partial_spirit: SUCCESS, 1,2,5,3,4
remove_team: FAILURE
get_team_points: SUCCESS, 0
play_match: SUCCESS, 3
get_partial_spirit: SUCCESS, 4,3,2,1,5
add_team: FAILURE
buy_team: SUCCESS
remove_team: FAILURE
add_player: SUCCESS
add_player: SUCCESS
add_team: FAILURE
add_player: SUCCESS
play_match: FAILURE
num_played_games_for_player: SUCCESS, 22
get_player_cards: SUCCESS, 60
add_team: FAILURE
get_player_cards: SUCCESS, 109
add_team: FAILURE
get_partial_spirit: SUCCESS, 3,4,2,1,5
num_played_games_for_player: SUCCESS, 22
buy_team: SUCCESS
add_player_cards: FAILURE
add_player: SUCCESS
remove_team: FAILURE
add_player_cards: SUCCESS
get_player_cards: SUCCESS, 206
add_team: FAILURE
add_player_cards: SUCCESS
add_player_cards: SUCCESS
remove_team: FAILURE
play_match: FAILURE
add_team: FAILURE
add_player: SUCCESS
add_player: FAILURE
play_match: FAILURE
add_player: SUCCESS
add_player: SUCCESS
get_ith_pointless_ability: SUCCESS, 30
add_player: SUCCESS
buy_team: SUCCESS
add_player: SUCCESS
add_player_cards: SUCCESS
get_player_cards: SUCCESS, 484
add_player: SUCCESS
add_player: SUCCESS
add_team: FAILURE
get_player_cards: SUCCESS, 85
play_match: SUCCESS, 3
get_team_points: SUCCESS, 3
get_player_cards: SUCCESS, 255
remove_team: FAILURE
add_player: SUCCESS
add_player: SUCCESS
add_player: SUCCESS
get_team_points: SUCCESS, 0
num_played_games_for_player: SUCCESS, 22
get_team_points: SUCCESS, 0
get_player_cards: SUCCESS, 85
add_player: SUCCESS
get_player_cards: SUCCESS, 50
play_match: SUCCESS, 1
buy_team: SUCCESS
get_team_points: SUCCESS, 0
get_partial_spirit: SUCCESS, 1,2,3,4,5
add_player_cards: SUCCESS
get_ith_pointless_ability: FAILURE
play_match: FAILURE
add_player_cards: SUCCESS
get_partial_spirit: SUCCESS, 5,4,1,3,2
num_played_games_for_player: SUCCESS, 22
get_team_points: SUCCESS, 0
add_player: FAILURE
get_ith_pointless_ability: FAILURE
add_player: SUCCESS
get_player_cards: SUCCESS, 293
remove_team: FAILURE
get_team_points: SUCCESS, 0
num_played_games_for_player: SUCCESS, 22
get_player_cards: SUCCESS, 46
add_team: FAILURE
get_player_cards: SUCCESS, 141
add_player: SUCCESS
remove_team: FAILURE
add_player: SUCCESS
add_player: FAILURE
get_player_cards: SUCCESS, 452
add_player_cards: SUCCESS
get_team_points: SUCCESS, 0
get_ith_pointless_ability: FAILURE
add_player: SUCCESS
add_team: FAILURE
add_player: SUCCESS
add_player: FAILURE
add_player: SUCCESS
add_player: SUCCESS
add_player: SUCCESS
get_team_points: SUCCESS, 0
add_player_cards: SUCCESS
add_player_cards: SUCCESS
add_team: FAILURE
add_team: FAILURE
add_player: SUCCESS
add_player_cards: SUCCESS
add_player: SUCCESS
add_player: SUCCESS
buy_team: SUCCESS
get_player_cards: SUCCESS, 186
get_team_points: SUCCESS, 0
add_team: FAILURE
num_played_games_for_player: SUCCESS, 22
add_player: SUCCESS
add_player: SUCCESS
play_match: FAILURE
add_player: FAILURE
buy_team: SUCCESS
add_team: FAILURE
remove_team: FAILURE
remove_team: FAILURE
buy_team: SUCCESS
num_played_games_for_player: SUCCESS, 22
add_team: FAILURE
add_player: SUCCESS
get_partial_spirit: SUCCESS, 3,1,4,2,5
get_partial_spirit: SUCCESS, 1,2,3,4,5
get_ith_pointless_ability: SUCCESS, 49
get_partial_spirit: SUCCESS, 1,2,3,4,5
get_team_points: SUCCESS, 0
get_team_points: SUCCESS, 0
play_match: FAILURE
add_player: SUCCESS
get_team_points: SUCCESS, 6
remove_team: FAILURE
remove_team: FAILURE
add_player: SUCCESS
get_team_points: SUCCESS, 0
num_played_games_for_player: SUCCESS, 22
num_played_games_for_player: SUCCESS, 22
add_player: SUCCESS
get_ith_pointless_ability: SUCCESS, 49
add_player: SUCCESS
add_player: SUCCESS
get_partial_spirit: SUCCESS, 2,3,4,1,5
get_partial_spirit: SUCCESS, 1,2,3,4,5
num_played_games_for_player: SUCCESS, 22
get_partial_spirit: SUCCESS, 4,3,2,1,5
buy_team: SUCCESS
get_player_cards: SUCCESS, 212
add_player: SUCCESS
add_player: SUCCESS
add_player: SUCCESS
play_match: FAILURE
play_match: FAILURE
add_player: SUCCESS
get_player_cards: SUCCESS, 12
add_player: SUCCESS
add_team: FAILURE
play_match: SUCCESS, 3
add_player: FAILURE
get_team_points: SUCCESS, 0
get_team_points: SUCCESS, 0
add_player_cards: SUCCESS
get_team_points: SUCCESS, 0
get_ith_pointless_ability: FAILURE
add_player_cards: SUCCESS
num_played_games_for_player: SUCCESS, 22
add_player_cards: SUCCESS
play_match: SUCCESS, 1
add_player_cards: SUCCESS
get_team_points: SUCCESS, 0
add_player: FAILURE
add_player: SUCCESS
remove_team: FAILURE
buy_team: SUCCESS
add_player: SUCCESS
add_player: SUCCESS
get_ith_pointless_ability: FAILURE
add_player: SUCCESS
play_match: FAILURE
play_match: FAILURE
add_player: SUCCESS
get_player_cards: SUCCESS, 100
get_ith_pointless_ability: SUCCESS, 1
play_match: FAILURE
get_team_points: SUCCESS, 0
add_team: FAILURE
buy_team: SUCCESS
add_player: SUCCESS
buy_team: SUCCESS
get_team_points: SUCCESS, 0
remove_team: FAILURE
add_player_cards: SUCCESS
add_team: FAILURE
add_player: FAILURE
get_partial_spirit: SUCCESS, 1,2,3,4,5
add_player: FAILURE
add_player_cards: SUCCESS
play_match: FAILURE
add_player: SUCCESS
remove_team: FAILURE
add_player: SUCCESS
get_team_points: SUCCESS, 0
get_player_cards: SUCCESS, 286
buy_team: SUCCESS
get_partial_spirit: SUCCESS, 4,5,1,2,3
add_player: SUCCESS
remove_team: FAILURE
get_team_points: SUCCESS, 0
num_played_games_for_player: SUCCESS, 22
get_player_cards: SUCCESS, 246
play_match: FAILURE
play_match: FAILURE
add_team: FAILURE
buy_team: SUCCESS
buy_team: SUCCESS
add_player_cards: SUCCESS
get_ith_pointless_ability: FAILURE
add_player: SUCCESS
add_player: FAILURE
remove_team: FAILURE
num_played_games_for_player: SUCCESS, 22
remove_team: FAILURE
add_player: SUCCESS
add_team: FAILURE
get_team_points: SUCCESS, 0
get_ith_pointless_ability: FAILURE
add_team: FAILURE
buy_team: SUCCESS
play_match: FAILURE
add_player: SUCCESS
get_player_cards: SUCCESS, 257
num_played_games_for_player: SUCCESS, 22
get_team_points: SUCCESS, 0
add_player: FAILURE
buy_team: SUCCESS
add_player: SUCCESS
add_player: SUCCESS
get_ith_pointless_ability: SUCCESS, 35
add_player: SUCCESS
add_player: SUCCESS
add_team: FAILURE
add_player: FAILURE
get_player_cards: SUCCESS, 551
add_player_cards: SUCCESS
add_team: FAILURE
add_team: FAILURE
add_team: FAILURE
get_player_cards: SUCCESS, 31
get_player_cards: SUCCESS, 86
buy_team: SUCCESS
add_player: FAILURE
buy_team: SUCCESS
buy_team: SUCCESS
add_player_cards: SUCCESS
add_player: SUCCESS
play_match: FAILURE
add_team: FAILURE
add_player: SUCCESS
get_team_points: SUCCESS, 0
get_team_points: SUCCESS, 0
play_match: FAILURE
get_ith_pointless_ability: SUCCESS, 8
get_team_points: SUCCESS, 0
add_player: FAILURE
get_partial_spirit: SUCCESS, 3,5,2,1,4
get_player_cards: SUCCESS, 209
add_player: SUCCESS
num_played_games_for_player: SUCCESS, 22
add_player: SUCCESS
add_player_cards: SUCCESS
add_player_cards: SUCCESS
num_played_games_for_player: SUCCESS, 22
play_match: SUCCESS, 2
get_player_cards: SUCCESS, 37
play_match: SUCCESS, 3
get_team_points: SUCCESS, 0
add_player_cards: SUCCESS
get_ith_pointless_ability: SUCCESS, 37
add_player: SUCCESS
add_player: SUCCESS
buy_team: SUCCESS
remove_team: FAILURE
get_team_points: SUCCESS, 0
add_player: SUCCESS
get_ith_pointless_ability: FAILURE
add_team: FAILURE
buy_team: SUCCESS
get_team_points: SUCCESS, 0
get_player_cards: SUCCESS, 159
add_team: FAILURE
get_ith_pointless_ability: SUCCESS, 50
get_partial_spirit: SUCCESS, 1,2,3,4,5
num_played_games_for_player: SUCCESS, 22
get_partial_spirit: SUCCESS, 1,2,3,4,5
add_player_cards: SUCCESS
buy_team: SUCCESS
get_partial_spirit: SUCCESS, 1,5,2,3,4
add_player: FAILURE
get_player_cards: SUCCESS, 141
get_player_cards: SUCCESS, 16
add_player_cards: SUCCESS
add_team: FAILURE
get_team_points: SUCCESS, 3
buy_team: SUCCESS
add_player: FAILURE
remove_team: FAILURE
play_match: FAILURE
remove_team: FAILURE
get_ith_pointless_ability: SUCCESS, 67
remove_team: FAILURE
add_player: SUCCESS
add_player: SUCCESS
get_player_cards: SUCCESS, 286
play_match: FAILURE
num_played_games_for_player: SUCCESS, 22
add_player: FAILURE
get_player_cards: SUCCESS, 160
add_player: SUCCESS
add_player: FAILURE
add_player: SUCCESS
buy_team: SUCCESS
add_player_cards: SUCCESS
get_player_cards: SUCCESS, 242
buy_team: SUCCESS
add_player_cards: SUCCESS
remove_team: FAILURE
get_ith_pointless_ability: SUCCESS, 66
remove_team: FAILURE
add_team: FAILURE
get_ith_pointless_ability: FAILURE
remove_team: FAILURE
get_partial_spirit: SUCCESS, 1,4,5,3,2
get_partial_spirit: SUCCESS, 5,4,3,2,1
add_player_cards: SUCCESS
play_match: FAILURE
remove_team: FAILURE
remove_team: FAILURE
get_player_cards: SUCCESS, 194
add_player: SUCCESS
get_team_points: SUCCESS, 0
add_player: SUCCESS
get_ith_pointless_ability: SUCCESS, 16
buy_team: SUCCESS
add_player: SUCCESS
buy_team: SUCCESS
add_player: FAILURE
buy_team: SUCCESS
buy_team: SUCCESS
add_player: SUCCESS
get_team_points: SUCCESS, 0
get_ith_pointless_ability: SUCCESS, 25
get_player_cards: SUCCESS, 194
add_player: SUCCESS
play_match: FAILURE
add_team: FAILURE
buy_team: SUCCESS
get_partial_spirit: SUCCESS, 1,2,3,4,5
get_team_points: SUCCESS, 0
add_team: FAILURE
get_team_points: SUCCESS, 3
buy_team: SUCCESS
remove_team: FAILURE
add_player: FAILURE
num_played_games_for_player: SUCCESS, 22
get_team_points: SUCCESS, 0
get_team_points: SUCCESS, 0
get_team_points: FAILURE
add_team: FAILURE
play_match: FAILURE
buy_team: SUCCESS
get_team_points: SUCCESS, 0
play_match: FAILURE
add_player: SUCCESS
buy_team: SUCCESS
add_player: FAILURE
play_match: FAILURE
add_player: SUCCESS
num_played_games_for_player: SUCCESS, 22
get_team_points: SUCCESS, 0
add_team: FAILURE
buy_team: SUCCESS
add_player: SUCCESS
play_match: FAILURE
add_player_cards: SUCCESS
buy_team: SUCCESS
add_player: FAILURE
add_player: FAILURE
get_team_points: SUCCESS, 0
remove_team: FAILURE
get_ith_pointless_ability: SUCCESS, 98
add_player: FAILURE
add_player_cards: FAILURE
get_ith_pointless_ability: SUCCESS, 87
remove_team: FAILURE
get_ith_pointless_ability: SUCCESS, 31
add_player: FAILURE
get_ith_pointless_ability: SUCCESS, 22
num_played_games_for_player: SUCCESS, 22
get_team_points: SUCCESS, 6
get_ith_pointless_ability: SUCCESS, 9
get_ith_pointless_ability: SUCCESS, 1
get_partial_spirit: SUCCESS, 3,5,2,4,1
add_team: FAILURE
add_player_cards: SUCCESS
add_player_cards: FAILURE
get_team_points: SUCCESS, 0
remove_team: FAILURE
get_partial_spirit: SUCCESS, 4,2,3,1,5
remove_team: FAILURE
get_player_cards: SUCCESS, 107
get_ith_pointless_ability: SUCCESS, 72
get_player_cards: SUCCESS, 328
get_team_points: SUCCESS, 0
add_player: FAILURE
add_player: FAILURE
get_team_points: SUCCESS, 3
add_player: FAILURE
add_player: FAILURE
get_team_points: SUCCESS, 0
num_played_games_for_player: SUCCESS, 22
add_team: FAILURE
get_team_points: SUCCESS, 0
play_match: FAILURE
add_player: FAILURE
add_player: FAILURE
add_player_cards: SUCCESS
add_player: FAILURE
remove_team: FAILURE
add_player_cards: SUCCESS
remove_team: FAILURE
remove_team: FAILURE
get_player_cards: SUCCESS, 145
num_played_games_for_player: SUCCESS, 22
add_player: FAILURE
get_team_points: SUCCESS, 0
add_player: FAILURE
get_player_cards: SUCCESS, 166
get_team_points: SUCCESS, 0
get_ith_pointless_ability: SUCCESS, 66
add_team: FAILURE
get_ith_pointless_ability: SUCCESS, 9
add_player: FAILURE
get_ith_pointless_ability: SUCCESS, 54
add_player: FAILURE
get_partial_spirit: SUCCESS, 3,5,1,4,2
add_player: FAILURE
play_match: FAILURE
add_player: FAILURE
add_player: FAILURE
get_team_points: SUCCESS, 0
add_player: FAILURE
buy_team: SUCCESS
add_team: FAILURE
add_team: FAILURE
add_player_cards: SUCCESS
buy_team: SUCCESS
get_player_cards: SUCCESS, 663
get_team_points: SUCCESS, 0
get_ith_pointless_ability: SUCCESS, 17
play_match: SUCCESS, 3
get_ith_pointless_ability: SUCCESS, 13
remove_team: FAILURE
add_player: FAILURE
add_player_cards: SUCCESS
buy_team: SUCCESS
play_match: FAILURE
add_player_cards: SUCCESS
get_ith_pointless_ability: SUCCESS, 4
remove_team: FAILURE
get_player_cards: SUCCESS, 245
add_player: FAILURE
add_player: FAILURE
get_partial_spirit: SUCCESS, 2,3,4,1,5
get_ith_pointless_ability: FAILURE
play_match: SUCCESS, 1
add_player: FAILURE
buy_team: SUCCESS
add_player: FAILURE
add_team: FAILURE
add_player: FAILURE
get_partial_spirit: SUCCESS, 1,5,2,3,4
get_partial_spirit: SUCCESS, 4,1,2,3,5
num_played_games_for_player: SUCCESS, 22
get_partial_spirit: SUCCESS, 1,2,3,4,5
get_ith_pointless_ability: SUCCESS, 1
buy_team: SUCCESS
num_played_games_for_player: SUCCESS, 22
get_player_cards: SUCCESS, 179
get_player_cards: SUCCESS, 58
add_player_cards: FAILURE
get_partial_spirit: SUCCESS, 5,2,4,3,1
add_team: FAILURE
remove_team: FAILURE
play_match: FAILURE
add_team: FAILURE
get_player_cards: SUCCESS, 244
get_ith_pointless_ability: SUCCESS, 36
add_player: FAILURE
add_player: FAILURE
add_player: FAILURE
get_ith_pointless_ability: SUCCESS, 2
get_player_cards: SUCCESS, 149
get_ith_pointless_ability: FAILURE
buy_team: SUCCESS
add_player_cards: SUCCESS
remove_team: FAILURE
remove_team: FAILURE
add_player_cards: SUCCESS
play_match: FAILURE
add_player_cards: SUCCESS
add_team: FAILURE
get_player_cards: SUCCESS, 36
get_team_points: SUCCESS, 3
get_player_cards: SUCCESS, 46
add_player: FAILURE
add_player: FAILURE
remove_team: FAILURE
get_team_points: SUCCESS, 0
play_match: FAILURE
get_team_points: SUCCESS, 6
get_team_points: SUCCESS, 0
play_match: FAILURE
add_player: FAILURE
add_player: FAILURE
get_partial_spirit: SUCCESS, 3,1,5,2,4
add_player: FAILURE
buy_team: SUCCESS
add_team: FAILURE
add_team: FAILURE
get_partial_spirit: SUCCESS, 1,2,3,4,5
remove_team: FAILURE
add_player_cards: SUCCESS
get_partial_spirit: SUCCESS, 1,2,3,4,5
add_player_cards: SUCCESS
buy_team: SUCCESS
get_team_points: FAILURE
num_played_games_for_player: SUCCESS, 22
add_player: FAILURE
buy_team: SUCCESS
add_team: FAILURE
get_player_cards: SUCCESS, 37
remove_team: FAILURE
get_ith_pointless_ability: SUCCESS, 91
add_player: FAILURE
add_player_cards: SUCCESS
get_ith_pointless_ability: SUCCESS, 29
add_player: FAILURE
add_player: FAILURE
add_team: FAILURE
add_player: FAILURE
remove_team: FAILURE
get_team_points: FAILURE
get_team_points: FAILURE
get_partial_spirit: SUCCESS, 4,3,5,1,2
get_partial_spirit: SUCCESS, 1,2,3,4,5
add_team: FAILURE
add_player: FAILURE
num_played_games_for_player: SUCCESS, 22
num_played_games_for_player: SUCCESS, 22
get_team_points: SUCCESS, 0
add_team: FAILURE
get_partial_spirit: SUCCESS, 1,2,5,3,4
remove_team: FAILURE
add_player: FAILURE
add_player: FAILURE
add_player: FAILURE
add_player: FAILURE
num_played_games_for_player: SUCCESS, 22
get_partial_spirit: SUCCESS, 5,3,1,4,2
play_match: FAILURE
add_player: FAILURE
get_partial_spirit: SUCCESS, 3,5,2,1,4
add_player: FAILURE
buy_team: SUCCESS
remove_team: FAILURE
get_team_points: SUCCESS, 0
get_team_points: SUCCESS, 0
buy_team: SUCCESS
get_player_cards: SUCCESS, 262
add_player: FAILURE
get_partial_spirit: SUCCESS, 4,1,2,3,5
add_player: FAILURE
get_partial_spirit: FAILURE
buy_team: SUCCESS
get_player_cards: SUCCESS, 37
get_team_points: SUCCESS, 0
get_partial_spirit: SUCCESS, 1,2,3,4,5
add_player: FAILURE
buy_team: SUCCESS
get_ith_pointless_ability: SUCCESS, 71
num_played_games_for_player: SUCCESS, 22
add_player: FAILURE
num_played_games_for_player: SUCCESS, 22
remove_team: FAILURE
add_team: FAILURE
remove_team: FAILURE
num_played_games_for_player: SUCCESS, 22
get_team_points: SUCCESS, 0
buy_team: SUCCESS
play_match: SUCCESS, 1
get_player_cards: SUCCESS, 85
num_played_games_for_player: SUCCESS, 22
add_player: FAILURE
add_player: FAILURE
get_ith_pointless_ability: SUCCESS, 48
get_ith_pointless_ability: SUCCESS, 1
play_match: FAILURE
get_player_cards: SUCCESS, 94
add_player: FAILURE
add_player: FAILURE
buy_team: SUCCESS
num_played_games_for_player: SUCCESS, 22
get_partial_spirit: SUCCESS, 4,5,1,2,3
get_player_cards: SUCCESS, 89
buy_team: SUCCESS
add_player: FAILURE
add_player: FAILURE
add_player: FAILURE
get_partial_spirit: SUCCESS, 1,2,3,4,5
add_player: FAILURE
add_player: FAILURE
add_player: FAILURE
get_player_cards: SUCCESS, 179
remove_team: FAILURE
add_team: FAILURE
num_played_games_for_player: SUCCESS, 22
get_ith_pointless_ability: SUCCESS, 52
add_player: FAILURE
add_team: FAILURE
get_team_points: SUCCESS, 0
add_player_cards: SUCCESS
add_player: FAILURE
add_team: FAILURE
add_player: FAILURE
add_player: FAILURE
add_player: FAILURE
add_team: FAILURE
add_team: FAILURE
remove_team: FAILURE
buy_team: SUCCESS
play_match: SUCCESS, 3
add_team: FAILURE
add_player: FAILURE
add_player: FAILURE
num_played_games_for_player: SUCCESS, 22
play_match: SUCCESS, 1
get_ith_pointless_ability: SUCCESS, 47
remove_team: FAILURE
add_player_cards: SUCCESS
get_player_cards: SUCCESS, 94
play_match: FAILURE
add_player_cards: SUCCESS
add_player: FAILURE
get_team_points: SUCCESS, 0
add_player_cards: SUCCESS
num_played_games_for_player: SUCCESS, 22
get_partial_spirit: SUCCESS, 3,5,1,4,2
get_partial_spirit: SUCCESS, 4,3,1,5,2
get_partial_spirit: SUCCESS, 1,2,3,4,5
get_partial_spirit: SUCCESS, 4,3,2,1,5
remove_team: FAILURE
add_player_cards: SUCCESS
get_partial_spirit: SUCCESS, 1,2,5,3,4
add_player: FAILURE
get_player_cards: SUCCESS, 26
add_player_cards: SUCCESS
get_ith_pointless_ability: SUCCESS, 98
add_player_cards: SUCCESS
get_team_points: SUCCESS, 0
add_player_cards: SUCCESS
add_player: FAILURE
get_player_cards: SUCCESS, 203
add_team: FAILURE
add_player: FAILURE
add_team: FAILURE
add_player: FAILURE
add_player: FAILURE
get_ith_pointless_ability: SUCCESS, 58
get_ith_pointless_ability: SUCCESS, 84
get_partial_spirit: FAILURE
get_team_points: FAILURE
add_team: FAILURE
add_player: FAILURE
add_player: FAILURE
get_partial_spirit: SUCCESS, 1,5,2,3,4
buy_team: SUCCESS
remove_team: FAILURE
add_player: FAILURE
get_ith_pointless_ability: SUCCESS, 36
num_played_games_for_player: SUCCESS, 22
get_team_points: SUCCESS, 0
add_player: FAILURE
get_ith_pointless_ability: SUCCESS, 49
get_team_points: SUCCESS, 3
buy_team: SUCCESS
buy_team: SUCCESS
get_partial_spirit: FAILURE
buy_team: SUCCESS
get_player_cards: SUCCESS, 64
get_ith_pointless_ability: SUCCESS, 84
get_player_cards: SUCCESS, 265
get_partial_spirit: SUCCESS, 2,3,1,5,4
play_match: FAILURE
get_ith_pointless_ability: SUCCESS, 14
get_partial_spirit: SUCCESS, 2,1,5,4,3
num_played_games_for_player: SUCCESS, 22
add_player: FAILURE
add_team: FAILURE
add_player_cards: SUCCESS
buy_team: SUCCESS
buy_team: SUCCESS
add_player: FAILURE
get_team_points: SUCCESS, 0
add_player: FAILURE
play_match: FAILURE
add_team: FAILURE
add_player_cards: SUCCESS
get_player_cards: SUCCESS, 206
get_team_points: FAILURE
remove_team: FAILURE
add_player_cards: SUCCESS
num_played_games_for_player: SUCCESS, 22
get_team_points: SUCCESS, 0
add_team: FAILURE
add_player_cards: SUCCESS
num_played_games_for_player: SUCCESS, 22
add_player: FAILURE
add_player: FAILURE
play_match: SUCCESS, 3
remove_team: FAILURE
remove_team: FAILURE
get_team_points: SUCCESS, 0
add_player_cards: SUCCESS
get_team_points: SUCCESS, 6
add_player: FAILURE
add_player_cards: SUCCESS
remove_team: FAILURE
get_team_points: SUCCESS, 0
play_match: SUCCESS, 1
add_team: FAILURE
remove_team: FAILURE
get_partial_spirit: FAILURE
add_team: FAILURE
num_played_games_for_player: SUCCESS, 22
add_player: FAILURE
get_partial_spirit: FAILURE
play_match: SUCCESS, 1
get_ith_pointless_ability: SUCCESS, 30
get_team_points: SUCCESS, 0
add_player: FAILURE
get_player_cards: SUCCESS, 16
buy_team: SUCCESS
play_match: FAILURE
add_team: FAILURE
add_player: FAILURE
remove_team: FAILURE
get_team_points: FAILURE
add_player_cards: SUCCESS
add_player: FAILURE
add_player: FAILURE
add_player_cards: SUCCESS
add_player: FAILURE
buy_team: SUCCESS
play_match: FAILURE
add_team: FAILURE
play_match: FAILURE
play_match: FAILURE
get_ith_pointless_ability: FAILURE
get_player_cards: SUCCESS, 36
get_team_points: FAILURE
buy_team: SUCCESS
add_player_cards: SUCCESS
play_match: FAILURE
get_ith_pointless_ability: SUCCESS, 29
get_ith_pointless_ability: SUCCESS, 67
play_match: FAILURE
get_partial_spirit: SUCCESS, 1,2,3,4,5
remove_team: FAILURE
num_played_games_for_player: SUCCESS, 22
num_played_games_for_player: SUCCESS, 22
add_player: FAILURE
buy_team: SUCCESS
num_played_games_for_player: SUCCESS, 22
buy_team: SUCCESS
remove_team: FAILURE
get_player_cards: SUCCESS, 234
add_player: FAILURE
add_team: FAILURE
add_player: FAILURE
get_player_cards: SUCCESS, 151
buy_team: SUCCESS
add_player: FAILURE
get_ith_pointless_ability: SUCCESS, 54
get_ith_pointless_ability: SUCCESS, 52
add_team: FAILURE
get_partial_spirit: SUCCESS, 1,2,3,4,5
get_partial_spirit: SUCCESS, 2,3,1,5,4
get_ith_pointless_ability: SUCCESS, 31
get_team_points: SUCCESS, 3
add_player: FAILURE
add_player: FAILURE
get_player_cards: SUCCESS, 255
get_ith_pointless_ability: SUCCESS, 4
get_partial_spirit: SUCCESS, 4,3,1,5,2
add_player_cards: SUCCESS
buy_team: SUCCESS
buy_team: SUCCESS
add_player: FAILURE
add_player_cards: SUCCESS
add_player: FAILURE
add_player: FAILURE
remove_team: FAILURE
add_player: FAILURE
remove_team: FAILURE
play_match: SUCCESS, 3
add_team: FAILURE
add_team: FAILURE
add_player: FAILURE
get_player_cards: SUCCESS, 270
