add_team: SUCCESS
add_team: SUCCESS
add_team: SUCCESS
add_team: SUCCESS
add_team: SUCCESS
add_team: SUCCESS
add_team: SUCCESS
add_team: SUCCESS
add_team: SUCCESS
add_team: SUCCESS
add_team: SUCCESS
add_team: SUCCESS
add_team: SUCCESS
add_team: SUCCESS
add_team: SUCCESS
add_team: SUCCESS
add_team: SUCCESS
add_team: SUCCESS
add_team: SUCCESS
add_team: SUCCESS
add_team: SUCCESS
add_team: SUCCESS
add_team: SUCCESS
add_team: SUCCESS
add_team: SUCCESS
add_team: SUCCESS
add_team: SUCCESS
add_team: SUCCESS
add_team: SUCCESS
add_team: SUCCESS
add_team: SUCCESS
add_team: SUCCESS
add_team: SUCCESS
add_team: SUCCESS
add_team: SUCCESS
add_team: SUCCESS
add_team: SUCCESS
add_team: SUCCESS
add_team: SUCCESS
add_team: SUCCESS
add_team: SUCCESS
add_team: SUCCESS
add_team: SUCCESS
add_team: SUCCESS
add_team: SUCCESS
add_team: SUCCESS
add_team: SUCCESS
add_team: SUCCESS
add_team: SUCCESS
add_team: SUCCESS
add_team: SUCCESS
add_team: SUCCESS
add_team: SUCCESS
add_team: SUCCESS
add_team: SUCCESS
add_team: SUCCESS
add_team: SUCCESS
add_team: SUCCESS
add_team: SUCCESS
add_team: SUCCESS
add_team: SUCCESS
add_team: SUCCESS
add_team: SUCCESS
add_team: SUCCESS
add_team: SUCCESS
add_team: SUCCESS
add_team: SUCCESS
add_team: SUCCESS
add_team: SUCCESS
add_team: SUCCESS
add_team: SUCCESS
add_team: SUCCESS
add_team: SUCCESS
add_team: SUCCESS
add_team: SUCCESS
add_team: SUCCESS
add_team: SUCCESS
add_team: SUCCESS
add_team: SUCCESS
add_team: SUCCESS
add_team: SUCCESS
add_team: SUCCESS
add_team: SUCCESS
add_team: SUCCESS
add_team: SUCCESS
add_team: SUCCESS
add_team: SUCCESS
add_team: SUCCESS
add_team: SUCCESS
add_team: SUCCESS
add_team: SUCCESS
add_team: SUCCESS
add_team: SUCCESS
add_team: SUCCESS
add_team: SUCCESS
add_team: SUCCESS
add_team: SUCCESS
add_team: SUCCESS
add_team: SUCCESS
add_team: SUCCESS
add_player: SUCCESS
add_player: SUCCESS
add_player: SUCCESS
add_player: SUCCESS
add_player: SUCCESS
add_player: SUCCESS
add_player: SUCCESS
add_player: SUCCESS
add_player: SUCCESS
add_player: SUCCESS
add_player: SUCCESS
add_player: SUCCESS
add_player: SUCCESS
add_player: SUCCESS
add_player: SUCCESS
add_player: SUCCESS
add_player: SUCCESS
add_player: SUCCESS
add_player: SUCCESS
add_player: SUCCESS
add_player: SUCCESS
add_player: SUCCESS
add_player: SUCCESS
add_player: SUCCESS
add_player: SUCCESS
add_player: SUCCESS
add_player: SUCCESS
add_player: SUCCESS
add_player: SUCCESS
add_player: SUCCESS
add_player: SUCCESS
add_player: SUCCESS
add_player: SUCCESS
add_player: SUCCESS
add_player: SUCCESS
add_player: SUCCESS
add_player: SUCCESS
add_player: SUCCESS
add_player: SUCCESS
add_player: SUCCESS
add_player: SUCCESS
add_player: SUCCESS
add_player: SUCCESS
add_player: SUCCESS
add_player: SUCCESS
add_player: SUCCESS
add_player: SUCCESS
add_player: SUCCESS
add_player: SUCCESS
add_player: SUCCESS
add_player: SUCCESS
add_player: SUCCESS
add_player: SUCCESS
add_player: SUCCESS
add_player: SUCCESS
add_player: SUCCESS
add_player: SUCCESS
add_player: SUCCESS
add_player: SUCCESS
add_player: SUCCESS
add_player: SUCCESS
add_player: SUCCESS
add_player: SUCCESS
add_player: SUCCESS
add_player: SUCCESS
add_player: SUCCESS
add_player: SUCCESS
add_player: SUCCESS
add_player: SUCCESS
add_player: SUCCESS
add_player: SUCCESS
add_player: SUCCESS
add_player: SUCCESS
add_player: SUCCESS
add_player: SUCCESS
add_player: SUCCESS
add_player: SUCCESS
add_player: SUCCESS
add_player: SUCCESS
add_player: SUCCESS
add_player: SUCCESS
add_player: SUCCESS
add_player: SUCCESS
add_player: SUCCESS
add_player: SUCCESS
add_player: SUCCESS
add_player: SUCCESS
add_player: SUCCESS
add_player: SUCCESS
add_player: SUCCESS
add_player: SUCCESS
add_player: SUCCESS
add_player: SUCCESS
add_player: SUCCESS
add_player: SUCCESS
add_player: SUCCESS
add_player: SUCCESS
add_player: SUCCESS
add_player: SUCCESS
add_player: SUCCESS
add_player: SUCCESS
add_player: SUCCESS
get_ith_pointless_ability: FAILURE
add_player: SUCCESS
add_player: SUCCESS
play_match: FAILURE
add_player: SUCCESS
num_played_games_for_player: SUCCESS, 22
remove_team: FAILURE
get_team_points: SUCCESS, 0
play_match: FAILURE
add_player: SUCCESS
add_team: SUCCESS
num_played_games_for_player: SUCCESS, 22
add_player_cards: SUCCESS
get_team_points: SUCCESS, 0
buy_team: SUCCESS
add_player_cards: SUCCESS
add_player: SUCCESS
add_player: SUCCESS
add_player: SUCCESS
remove_team: FAILURE
add_player_cards: SUCCESS
get_partial_spirit: SUCCESS, 1,2,3,4,5
get_partial_spirit: SUCCESS, 5,4,2,1,3
add_player_cards: SUCCESS
add_player: SUCCESS
get_partial_spirit: SUCCESS, 1,2,3,4,5
get_partial_spirit: SUCCESS, 5,3,4,2,1
add_player: SUCCESS
remove_team: FAILURE
add_player: SUCCESS
add_player: SUCCESS
remove_team: FAILURE
get_ith_pointless_ability: FAILURE
add_player: SUCCESS
get_ith_pointless_ability: FAILURE
add_player_cards: SUCCESS
play_match: FAILURE
add_player: SUCCESS
num_played_games_for_player: SUCCESS, 22
add_player: SUCCESS
add_team: FAILURE
add_player: SUCCESS
get_team_points: SUCCESS, 0
get_player_cards: SUCCESS, 76
get_team_points: SUCCESS, 0
add_player: SUCCESS
play_match: FAILURE
get_ith_pointless_ability: FAILURE
add_player_cards: SUCCESS
get_ith_pointless_ability: FAILURE
buy_team: SUCCESS
buy_team: SUCCESS
get_ith_pointless_ability: FAILURE
remove_team: FAILURE
add_team: FAILURE
add_player: SUCCESS
get_player_cards: SUCCESS, 17
add_player_cards: SUCCESS
play_match: FAILURE
add_player_cards: SUCCESS
add_team: FAILURE
add_player: SUCCESS
get_ith_pointless_ability: SUCCESS, 11
play_match: FAILURE
add_player: SUCCESS
buy_team: SUCCESS
get_partial_spirit: SUCCESS, 5,4,2,1,3
add_player: SUCCESS
add_player: SUCCESS
add_player_cards: SUCCESS
add_player: FAILURE
remove_team: FAILURE
add_team: FAILURE
get_ith_pointless_ability: FAILURE
get_ith_pointless_ability: SUCCESS, 1
get_player_cards: SUCCESS, 212
get_team_points: SUCCESS, 0
remove_team: FAILURE
add_player: SUCCESS
num_played_games_for_player: SUCCESS, 22
num_played_games_for_player: SUCCESS, 22
add_player: SUCCESS
play_match: FAILURE
get_team_points: SUCCESS, 0
add_player_cards: SUCCESS
add_team: FAILURE
remove_team: FAILURE
num_played_games_for_player: SUCCESS, 22
get_ith_pointless_ability: FAILURE
num_played_games_for_player: SUCCESS, 22
add_player: SUCCESS
get_partial_spirit: SUCCESS, 3,2,1,5,4
get_player_cards: SUCCESS, 175
num_played_games_for_player: SUCCESS, 22
get_ith_pointless_ability: SUCCESS, 8
num_played_games_for_player: SUCCESS, 22
add_team: FAILURE
add_team: FAILURE
buy_team: SUCCESS
buy_team: SUCCESS
get_ith_pointless_ability: FAILURE
get_partial_spirit: SUCCESS, 1,3,4,2,5
remove_team: FAILURE
get_ith_pointless_ability: FAILURE
get_player_cards: SUCCESS, 5
add_player: SUCCESS
add_player: SUCCESS
add_team: FAILURE
num_played_games_for_player: SUCCESS, 22
buy_team: SUCCESS
buy_team: SUCCESS
get_player_cards: SUCCESS, 12
num_played_games_for_player: SUCCESS, 22
add_player: SUCCESS
add_player: SUCCESS
add_player: SUCCESS
add_team: FAILURE
get_player_cards: SUCCESS, 84
num_played_games_for_player: SUCCESS, 22
add_player: SUCCESS
buy_team: SUCCESS
add_team: FAILURE
add_player_cards: SUCCESS
add_team: FAILURE
add_player: SUCCESS
play_match: SUCCESS, 3
buy_team: SUCCESS
add_player: SUCCESS
add_player_cards: SUCCESS
get_team_points: SUCCESS, 0
add_team: FAILURE
get_ith_pointless_ability: SUCCESS, 19
get_partial_spirit: SUCCESS, 3,1,4,2,5
get_ith_pointless_ability: SUCCESS, 21
play_match: FAILURE
add_player: SUCCESS
add_team: FAILURE
add_player: SUCCESS
add_player: SUCCESS
get_team_points: SUCCESS, 0
play_match: FAILURE
add_player_cards: SUCCESS
remove_team: FAILURE
play_match: FAILURE
add_team: FAILURE
add_player: SUCCESS
add_player_cards: SUCCESS
add_player_cards: SUCCESS
num_played_games_for_player: SUCCESS, 22
add_player_cards: SUCCESS
buy_team: SUCCESS
add_team: FAILURE
get_ith_pointless_ability: SUCCESS, 37
get_ith_pointless_ability: FAILURE
add_player: SUCCESS
num_played_games_for_player: SUCCESS, 22
get_partial_spirit: SUCCESS, 1,2,3,4,5
play_match: FAILURE
get_partial_spirit: SUCCESS, 4,1,3,5,2
num_played_games_for_player: SUCCESS, 22
get_player_cards: SUCCESS, 133
get_player_cards: SUCCESS, 25
get_team_points: SUCCESS, 0
get_ith_pointless_ability: FAILURE
add_player: SUCCESS
remove_team: FAILURE
play_match: SUCCESS, 3
get_player_cards: SUCCESS, 171
get_ith_pointless_ability: SUCCESS, 50
get_partial_spirit: SUCCESS, 1,2,3,4,5
num_played_games_for_player: SUCCESS, 22
add_player: SUCCESS
play_match: FAILURE
play_match: FAILURE
get_team_points: SUCCESS, 0
remove_team: FAILURE
add_player: SUCCESS
get_player_cards: SUCCESS, 251
add_player: SUCCESS
get_partial_spirit: SUCCESS, 5,3,1,2,4
add_player_cards: SUCCESS
get_team_points: SUCCESS, 0
add_team: FAILURE
buy_team: SUCCESS
play_match: FAILURE
play_match: FAILURE
get_ith_pointless_ability: SUCCESS, 37
add_team: FAILURE
add_player: SUCCESS
num_played_games_for_player: SUCCESS, 22
remove_team: FAILURE
add_player_cards: SUCCESS
get_team_points: SUCCESS, 0
add_player: SUCCESS
remove_team: FAILURE
add_team: FAILURE
add_player: SUCCESS
buy_team: SUCCESS
get_ith_pointless_ability: SUCCESS, 65
buy_team: SUCCESS
get_player_cards: SUCCESS, 413
buy_team: SUCCESS
add_player_cards: SUCCESS
add_player: SUCCESS
get_partial_spirit: SUCCESS, 1,2,3,4,5
get_ith_pointless_ability: SUCCESS, 17
add_player: SUCCESS
buy_team: SUCCESS
add_player_cards: SUCCESS
get_partial_spirit: SUCCESS, 1,2,3,4,5
add_team: FAILURE
get_partial_spirit: SUCCESS, 1,2,3,4,5
add_player_cards: SUCCESS
play_match: SUCCESS, 1
buy_team: SUCCESS
get_player_cards: SUCCESS, 155
play_match: FAILURE
add_player: FAILURE
remove_team: FAILURE
num_played_games_for_player: SUCCESS, 22
get_team_points: SUCCESS, 0
add_player_cards: SUCCESS
buy_team: SUCCESS
get_ith_pointless_ability: FAILURE
add_player: SUCCESS
buy_team: SUCCESS
add_player: SUCCESS
get_team_points: SUCCESS, 0
add_player: FAILURE
add_player: SUCCESS
add_player: SUCCESS
get_ith_pointless_ability: SUCCESS, 42
add_player: SUCCESS
add_team: FAILURE
buy_team: SUCCESS
add_player: SUCCESS
add_player: SUCCESS
get_player_cards: SUCCESS, 149
num_played_games_for_player: SUCCESS, 22
play_match: SUCCESS, 3
add_player_cards: SUCCESS
get_team_points: SUCCESS, 0
get_team_points: SUCCESS, 0
remove_team: FAILURE
get_ith_pointless_ability: SUCCESS, 86
add_player: SUCCESS
add_player: FAILURE
remove_team: FAILURE
get_partial_spirit: SUCCESS, 1,2,3,4,5
add_player: SUCCESS
get_team_points: SUCCESS, 0
get_partial_spirit: SUCCESS, 1,2,3,4,5
buy_team: SUCCESS
play_match: FAILURE
remove_team: FAILURE
add_player: SUCCESS
remove_team: FAILURE
add_player_cards: SUCCESS
get_ith_pointless_ability: SUCCESS, 1
add_player: SUCCESS
play_match: FAILURE
add_player_cards: SUCCESS
get_player_cards: SUCCESS, 201
get_ith_pointless_ability: SUCCESS, 31
get_partial_spirit: SUCCESS, 2,3,1,5,4
add_player: SUCCESS
add_player: FAILURE
get_team_points: SUCCESS, 0
add_player: FAILURE
remove_team: FAILURE
play_match: SUCCESS, 1
buy_team: SUCCESS
add_player: SUCCESS
add_player: SUCCESS
add_player: SUCCESS
get_partial_spirit: SUCCESS, 1,2,3,4,5
remove_team: FAILURE
buy_team: SUCCESS
add_player: SUCCESS
add_player: SUCCESS
get_team_points: SUCCESS, 0
play_match: SUCCESS, 1
get_player_cards: SUCCESS, 12
get_partial_spirit: SUCCESS, 1,4,2,3,5
buy_team: SUCCESS
get_ith_pointless_ability: SUCCESS, 65
play_match: FAILURE
get_team_points: SUCCESS, 0
get_player_cards: SUCCESS, 124
get_player_cards: SUCCESS, 56
add_team: FAILURE
get_partial_spirit: SUCCESS, 1,2,3,4,5
remove_team: FAILURE
add_player_cards: SUCCESS
add_team: FAILURE
buy_team: SUCCESS
get_player_cards: SUCCESS, 7
add_player: SUCCESS
get_team_points: SUCCESS, 0
play_match: FAILURE
get_partial_spirit: SUCCESS, 1,2,3,4,5
get_ith_pointless_ability: FAILURE
add_player: SUCCESS
play_match: FAILURE
add_player: SUCCESS
get_player_cards: SUCCESS, 70
add_player_cards: SUCCESS
remove_team: FAILURE
get_ith_pointless_ability: FAILURE
get_team_points: SUCCESS, 0
get_partial_spirit: SUCCESS, 1,2,3,4,5
add_player: FAILURE
add_player_cards: SUCCESS
add_player: FAILURE
play_match: FAILURE
buy_team: SUCCESS
get_team_points: SUCCESS, 0
get_ith_pointless_ability: FAILURE
get_player_cards: SUCCESS, 280
buy_team: SUCCESS
remove_team: FAILURE
buy_team: SUCCESS
get_player_cards: SUCCESS, 389
num_played_games_for_player: SUCCESS, 22
add_player: SUCCESS
add_player: SUCCESS
play_match: FAILURE
get_player_cards: SUCCESS, 382
add_player: SUCCESS
get_ith_pointless_ability: SUCCESS, 42
add_player_cards: SUCCESS
add_team: FAILURE
get_ith_pointless_ability: SUCCESS, 1
play_match: FAILURE
remove_team: FAILURE
get_team_points: SUCCESS, 0
buy_team: SUCCESS
play_match: FAILURE
remove_team: FAILURE
add_player: FAILURE
add_team: FAILURE
add_team: FAILURE
add_team: FAILURE
get_player_cards: SUCCESS, 75
get_player_cards: SUCCESS, 367
add_player: FAILURE
add_player: FAILURE
buy_team: SUCCESS
get_partial_spirit: SUCCESS, 4,2,1,3,5
num_played_games_for_player: SUCCESS, 22
add_player_cards: SUCCESS
play_match: FAILURE
add_player: SUCCESS
add_player: FAILURE
get_player_cards: SUCCESS, 252
add_player: SUCCESS
buy_team: SUCCESS
add_player: SUCCESS
num_played_games_for_player: SUCCESS, 22
add_player: SUCCESS
play_match: FAILURE
add_player: SUCCESS
add_player: FAILURE
buy_team: SUCCESS
play_match: FAILURE
add_player: SUCCESS
add_player: SUCCESS
add_player: SUCCESS
buy_team: SUCCESS
add_team: FAILURE
num_played_games_for_player: SUCCESS, 22
add_player: SUCCESS
remove_team: FAILURE
buy_team: SUCCESS
get_ith_pointless_ability: SUCCESS, 34
add_team: FAILURE
buy_team: SUCCESS
add_team: FAILURE
get_partial_spirit: SUCCESS, 1,2,3,4,5
add_player: FAILURE
add_player: SUCCESS
get_team_points: SUCCESS, 0
add_player: SUCCESS
num_played_games_for_player: SUCCESS, 22
add_player: FAILURE
add_player_cards: SUCCESS
get_player_cards: SUCCESS, 185
get_ith_pointless_ability: SUCCESS, 74
add_player: SUCCESS
play_match: SUCCESS, 1
get_player_cards: SUCCESS, 65
add_player: FAILURE
get_partial_spirit: SUCCESS, 1,5,4,2,3
get_player_cards: SUCCESS, 73
play_match: FAILURE
add_player: SUCCESS
get_partial_spirit: SUCCESS, 1,2,3,4,5
get_ith_pointless_ability: FAILURE
get_partial_spirit: SUCCESS, 4,1,3,2,5
add_team: FAILURE
get_partial_spirit: FAILURE
add_player: FAILURE
get_player_cards: SUCCESS, 107
get_ith_pointless_ability: SUCCESS, 13
add_player: SUCCESS
buy_team: SUCCESS
remove_team: FAILURE
add_player: SUCCESS
add_player: SUCCESS
remove_team: FAILURE
add_player_cards: SUCCESS
add_player_cards: SUCCESS
add_player: FAILURE
add_team: FAILURE
add_player: SUCCESS
add_player: FAILURE
get_team_points: SUCCESS, 0
remove_team: FAILURE
get_player_cards: SUCCESS, 215
remove_team: FAILURE
num_played_games_for_player: SUCCESS, 22
add_player: SUCCESS
play_match: SUCCESS, 3
add_player_cards: SUCCESS
get_team_points: SUCCESS, 3
add_team: FAILURE
play_match: FAILURE
add_team: FAILURE
get_partial_spirit: SUCCESS, 1,2,3,4,5
get_partial_spirit: SUCCESS, 2,5,4,1,3
remove_team: FAILURE
get_player_cards: SUCCESS, 194
add_player: FAILURE
get_team_points: SUCCESS, 0
play_match: SUCCESS, 1
add_player: FAILURE
add_player_cards: SUCCESS
add_team: FAILURE
get_ith_pointless_ability: SUCCESS, 1
remove_team: FAILURE
add_player: SUCCESS
get_ith_pointless_ability: SUCCESS, 1
add_player: SUCCESS
add_player: SUCCESS
play_match: SUCCESS, 1
play_match: FAILURE
play_match: FAILURE
num_played_games_for_player: SUCCESS, 22
add_player_cards: SUCCESS
remove_team: FAILURE
get_ith_pointless_ability: SUCCESS, 31
add_player: SUCCESS
get_ith_pointless_ability: SUCCESS, 65
add_player_cards: SUCCESS
num_played_games_for_player: SUCCESS, 22
add_player: SUCCESS
add_player_cards: SUCCESS
get_team_points: SUCCESS, 0
add_player: SUCCESS
add_player: FAILURE
num_played_games_for_player: SUCCESS, 22
add_player_cards: SUCCESS
remove_team: FAILURE
get_player_cards: SUCCESS, 124
add_player_cards: SUCCESS
num_played_games_for_player: SUCCESS, 22
add_player_cards: SUCCESS
num_played_games_for_player: SUCCESS, 22
add_player: SUCCESS
get_team_points: SUCCESS, 0
get_partial_spirit: SUCCESS, 5,3,2,1,4
get_team_points: SUCCESS, 0
num_played_games_for_player: SUCCESS, 22
play_match: FAILURE
get_player_cards: SUCCESS, 75
add_player: SUCCESS
play_match: FAILURE
play_match: FAILURE
play_match: FAILURE
get_team_points: SUCCESS, 0
get_partial_spirit: FAILURE
remove_team: FAILURE
add_team: FAILURE
add_player: SUCCESS
play_match: FAILURE
add_team: FAILURE
add_player_cards: SUCCESS
get_ith_pointless_ability: SUCCESS, 31
num_played_games_for_player: SUCCESS, 22
add_player_cards: FAILURE
add_team: FAILURE
play_match: FAILURE
add_team: FAILURE
get_player_cards: SUCCESS, 55
get_team_points: SUCCESS, 0
add_player: FAILURE
get_ith_pointless_ability: SUCCESS, 31
add_team: FAILURE
num_played_games_for_player: SUCCESS, 22
add_player: FAILURE
add_player: SUCCESS
add_player_cards: SUCCESS
get_ith_pointless_ability: SUCCESS, 11
add_player_cards: SUCCESS
num_played_games_for_player: SUCCESS, 22
play_match: SUCCESS, 1
get_player_cards: SUCCESS, 236
add_player: SUCCESS
get_team_points: SUCCESS, 0
buy_team: SUCCESS
play_match: FAILURE
get_partial_spirit: FAILURE
play_match: SUCCESS, 1
get_team_points: SUCCESS, 0
add_player: FAILURE
get_team_points: SUCCESS, 0
add_player: FAILURE
remove_team: FAILURE
add_player: FAILURE
remove_team: FAILURE
num_played_games_for_player: SUCCESS, 22
remove_team: FAILURE
play_match: SUCCESS, 1
add_player: SUCCESS
add_team: FAILURE
buy_team: SUCCESS
play_match: FAILURE
remove_team: FAILURE
add_player: FAILURE
add_player: SUCCESS
get_player_cards: SUCCESS, 81
add_player: SUCCESS
buy_team: SUCCESS
add_player: FAILURE
add_player_cards: SUCCESS
num_played_games_for_player: SUCCESS, 22
add_player: SUCCESS
get_ith_pointless_ability: SUCCESS, 1
add_player: FAILURE
play_match: SUCCESS, 3
get_partial_spirit: SUCCESS, 1,2,3,4,5
add_player: FAILURE
remove_team: FAILURE
get_team_points: SUCCESS, 0
get_team_points: SUCCESS, 0
get_ith_pointless_ability: SUCCESS, 91
get_ith_pointless_ability: SUCCESS, 67
add_player: FAILURE
get_partial_spirit: SUCCESS, 1,2,3,4,5
play_match: FAILURE
buy_team: SUCCESS
get_partial_spirit: SUCCESS, 1,5,2,3,4
add_player_cards: SUCCESS
add_team: FAILURE
num_played_games_for_player: SUCCESS, 22
get_player_cards: SUCCESS, 157
remove_team: FAILURE
play_match: SUCCESS, 1
get_partial_spirit: SUCCESS, 4,3,1,2,5
add_player: FAILURE
get_team_points: SUCCESS, 0
add_player: SUCCESS
add_team: FAILURE
get_ith_pointless_ability: SUCCESS, 36
get_ith_pointless_ability: SUCCESS, 48
remove_team: FAILURE
add_player: SUCCESS
get_ith_pointless_ability: SUCCESS, 36
remove_team: FAILURE
add_player_cards: SUCCESS
add_team: FAILURE
get_player_cards: SUCCESS, 223
add_player_cards: SUCCESS
add_player: FAILURE
get_partial_spirit: FAILURE
buy_team: SUCCESS
get_ith_pointless_ability: SUCCESS, 48
get_team_points: SUCCESS, 0
add_player: SUCCESS
play_match: FAILURE
get_ith_pointless_ability: SUCCESS, 65
add_team: FAILURE
remove_team: FAILURE
play_match: FAILURE
get_team_points: SUCCESS, 6
get_team_points: SUCCESS, 0
add_player: SUCCESS
get_ith_pointless_ability: FAILURE
add_player: SUCCESS
get_partial_spirit: SUCCESS, 1,2,3,4,5
get_player_cards: SUCCESS, 241
add_team: FAILURE
get_ith_pointless_ability: FAILURE
remove_team: FAILURE
num_played_games_for_player: SUCCESS, 22
buy_team: SUCCESS
num_played_games_for_player: SUCCESS, 22
get_ith_pointless_ability: SUCCESS, 34
get_partial_spirit: SUCCESS, 1,2,4,3,5
play_match: FAILURE
remove_team: FAILURE
get_player_cards: SUCCESS, 76
add_player: FAILURE
add_player: FAILURE
get_team_points: SUCCESS, 0
buy_team: SUCCESS
add_team: FAILURE
add_team: FAILURE
get_partial_spirit: SUCCESS, 1,2,3,4,5
num_played_games_for_player: SUCCESS, 22
add_player_cards: SUCCESS
buy_team: SUCCESS
add_team: FAILURE
get_partial_spirit: SUCCESS, 1,2,3,4,5
buy_team: SUCCESS
get_ith_pointless_ability: FAILURE
add_player: FAILURE
add_player_cards: SUCCESS
add_player_cards: FAILURE
get_partial_spirit: SUCCESS, 1,2,3,4,5
add_player_cards: SUCCESS
remove_team: FAILURE
get_player_cards: SUCCESS, 287
add_team: FAILURE
get_player_cards: SUCCESS, 342
add_player: FAILURE
get_ith_pointless_ability: SUCCESS, 43
add_player: FAILURE
add_player: FAILURE
add_player_cards: SUCCESS
get_player_cards: SUCCESS, 17
add_team: FAILURE
get_player_cards: SUCCESS, 194
play_match: FAILURE
remove_team: FAILURE
add_player: SUCCESS
num_played_games_for_player: SUCCESS, 22
add_player: SUCCESS
add_player: SUCCESS
num_played_games_for_player: SUCCESS, 22
get_team_points: FAILURE
num_played_games_for_player: SUCCESS, 22
add_player: FAILURE
num_played_games_for_player: SUCCESS, 22
get_team_points: SUCCESS, 6
add_player: FAILURE
num_played_games_for_player: SUCCESS, 22
add_team: FAILURE
get_ith_pointless_ability: SUCCESS, 77
play_match: FAILURE
get_player_cards: SUCCESS, 185
get_ith_pointless_ability: SUCCESS, 2
num_played_games_for_player: SUCCESS, 22
add_player: SUCCESS
remove_team: FAILURE
buy_team: SUCCESS
add_player: FAILURE
add_player: SUCCESS
add_player: FAILURE
add_player_cards: SUCCESS
get_team_points: SUCCESS, 0
get_player_cards: SUCCESS, 210
remove_team: FAILURE
get_partial_spirit: SUCCESS, 3,2,4,1,5
num_played_games_for_player: SUCCESS, 22
get_team_points: FAILURE
add_player: FAILURE
get_ith_pointless_ability: SUCCESS, 28
add_team: FAILURE
num_played_games_for_player: SUCCESS, 22
add_player: SUCCESS
get_player_cards: SUCCESS, 84
num_played_games_for_player: SUCCESS, 22
add_team: FAILURE
get_partial_spirit: SUCCESS, 1,2,4,3,5
get_player_cards: SUCCESS, 300
add_player_cards: SUCCESS
add_player: SUCCESS
add_player: FAILURE
add_player: FAILURE
get_partial_spirit: SUCCESS, 5,2,1,3,4
add_team: FAILURE
play_match: FAILURE
get_ith_pointless_ability: FAILURE
get_partial_spirit: SUCCESS, 1,2,3,4,5
add_player: SUCCESS
num_played_games_for_player: SUCCESS, 22
play_match: FAILURE
num_played_games_for_player: SUCCESS, 22
get_player_cards: SUCCESS, 124
get_ith_pointless_ability: SUCCESS, 50
get_partial_spirit: SUCCESS, 4,3,5,1,2
add_player_cards: SUCCESS
buy_team: SUCCESS
add_player: FAILURE
remove_team: FAILURE
get_ith_pointless_ability: FAILURE
get_partial_spirit: FAILURE
get_player_cards: SUCCESS, 84
add_player: SUCCESS
add_player: FAILURE
remove_team: FAILURE
remove_team: FAILURE
remove_team: FAILURE
get_player_cards: SUCCESS, 71
get_player_cards: SUCCESS, 5
buy_team: SUCCESS
remove_team: FAILURE
num_played_games_for_player: SUCCESS, 22
add_player_cards: SUCCESS
get_partial_spirit: SUCCESS, 1,2,3,4,5
get_player_cards: SUCCESS, 154
add_player: FAILURE
add_player: SUCCESS
add_player: SUCCESS
add_team: FAILURE
add_player: FAILURE
buy_team: SUCCESS
get_partial_spirit: FAILURE
get_team_points: SUCCESS, 0
num_played_games_for_player: SUCCESS, 22
play_match: FAILURE
add_player: SUCCESS
play_match: SUCCESS, 1
add_player: SUCCESS
get_ith_pointless_ability: SUCCESS, 65
get_player_cards: SUCCESS, 413
get_player_cards: SUCCESS, 92
add_team: FAILURE
add_player_cards: SUCCESS
add_player: SUCCESS
get_team_points: SUCCESS, 6
play_match: FAILURE
get_partial_spirit: SUCCESS, 1,5,4,2,3
add_player: SUCCESS
add_player: FAILURE
add_player: FAILURE
add_player: FAILURE
add_player: SUCCESS
add_player: SUCCESS
get_ith_pointless_ability: SUCCESS, 34
get_player_cards: SUCCESS, 379
play_match: SUCCESS, 3
get_player_cards: SUCCESS, 98
num_played_games_for_player: SUCCESS, 22
get_player_cards: SUCCESS, 175
add_player: FAILURE
add_player: FAILURE
add_player: SUCCESS
buy_team: SUCCESS
add_team: FAILURE
play_match: SUCCESS, 3
add_player: SUCCESS
remove_team: FAILURE
get_player_cards: SUCCESS, 236
remove_team: FAILURE
get_ith_pointless_ability: SUCCESS, 75
get_partial_spirit: SUCCESS, 5,2,1,4,3
add_player: FAILURE
add_player: FAILURE
get_player_cards: SUCCESS, 258
num_played_games_for_player: SUCCESS, 22
play_match: FAILURE
get_ith_pointless_ability: SUCCESS, 99
get_ith_pointless_ability: SUCCESS, 44
num_played_games_for_player: SUCCESS, 22
remove_team: FAILURE
get_team_points: SUCCESS, 3
get_partial_spirit: SUCCESS, 2,1,5,3,4
get_ith_pointless_ability: SUCCESS, 78
add_player: FAILURE
add_player_cards: SUCCESS
add_player_cards: SUCCESS
add_team: FAILURE
get_partial_spirit: SUCCESS, 1,2,3,4,5
get_ith_pointless_ability: SUCCESS, 7
get_partial_spirit: FAILURE
add_player: SUCCESS
add_player: FAILURE
get_team_points: FAILURE
remove_team: FAILURE
add_player: SUCCESS
add_team: FAILURE
num_played_games_for_player: SUCCESS, 22
add_player: FAILURE
add_player_cards: SUCCESS
add_player: FAILURE
get_team_points: SUCCESS, 3
get_partial_spirit: SUCCESS, 3,5,2,4,1
get_partial_spirit: SUCCESS, 4,3,1,2,5
num_played_games_for_player: SUCCESS, 22
add_player: FAILURE
add_player: FAILURE
play_match: FAILURE
get_player_cards: SUCCESS, 148
num_played_games_for_player: SUCCESS, 22
add_player: SUCCESS
num_played_games_for_player: SUCCESS, 22
add_team: FAILURE
remove_team: FAILURE
add_team: FAILURE
add_player: SUCCESS
get_team_points: SUCCESS, 3
add_player: SUCCESS
get_ith_pointless_ability: SUCCESS, 7
add_player: FAILURE
num_played_games_for_player: SUCCESS, 22
buy_team: SUCCESS
add_team: FAILURE
get_ith_pointless_ability: FAILURE
add_player: SUCCESS
add_player: SUCCESS
remove_team: FAILURE
remove_team: FAILURE
play_match: FAILURE
get_team_points: SUCCESS, 0
get_ith_pointless_ability: FAILURE
get_partial_spirit: SUCCESS, 4,2,5,3,1
add_player: SUCCESS
remove_team: FAILURE
play_match: FAILURE
get_player_cards: SUCCESS, 285
get_ith_pointless_ability: SUCCESS, 65
get_player_cards: SUCCESS, 464
get_player_cards: SUCCESS, 190
add_team: FAILURE
add_player: SUCCESS
add_player_cards: FAILURE
get_team_points: SUCCESS, 0
buy_team: SUCCESS
add_player: SUCCESS
add_player: SUCCESS
play_match: SUCCESS, 1
num_played_games_for_player: SUCCESS, 22
get_ith_pointless_ability: SUCCESS, 78
add_player: FAILURE
add_player: SUCCESS
add_player: FAILURE
get_team_points: FAILURE
num_played_games_for_player: SUCCESS, 22
buy_team: SUCCESS
get_partial_spirit: SUCCESS, 5,1,4,3,2
get_team_points: SUCCESS, 6
remove_team: FAILURE
add_player_cards: FAILURE
get_team_points: FAILURE
add_player: FAILURE
buy_team: SUCCESS
get_team_points: FAILURE
add_team: FAILURE
get_player_cards: SUCCESS, 138
get_partial_spirit: SUCCESS, 2,1,3,5,4
add_player_cards: SUCCESS
add_team: FAILURE
add_player: FAILURE
remove_team: FAILURE
add_player: FAILURE
get_ith_pointless_ability: SUCCESS, 62
add_player: FAILURE
add_player: SUCCESS
remove_team: FAILURE
add_player_cards: FAILURE
play_match: FAILURE
add_player: FAILURE
remove_team: FAILURE
get_player_cards: SUCCESS, 131
get_partial_spirit: SUCCESS, 1,2,3,4,5
remove_team: FAILURE
add_team: FAILURE
add_player: FAILURE
remove_team: FAILURE
buy_team: SUCCESS
get_ith_pointless_ability: SUCCESS, 8
add_player: FAILURE
num_played_games_for_player: SUCCESS, 22
add_player: SUCCESS
get_ith_pointless_ability: SUCCESS, 2
get_team_points: SUCCESS, 3
add_player: SUCCESS
get_ith_pointless_ability: SUCCESS, 43
num_played_games_for_player: SUCCESS, 22
add_player: SUCCESS
get_player_cards: SUCCESS, 103
add_team: FAILURE
add_player: FAILURE
get_partial_spirit: SUCCESS, 4,3,1,5,2
add_player: FAILURE
buy_team: SUCCESS
add_player: FAILURE
add_player: SUCCESS
add_player: FAILURE
remove_team: FAILURE
add_team: FAILURE
add_player: FAILURE
add_player: FAILURE
buy_team: SUCCESS
get_player_cards: SUCCESS, 98
get_team_points: SUCCESS, 0
num_played_games_for_player: SUCCESS, 22
remove_team: FAILURE
get_ith_pointless_ability: SUCCESS, 65
remove_team: FAILURE
add_player_cards: SUCCESS
remove_team: FAILURE
remove_team: FAILURE
add_player_cards: SUCCESS
num_played_games_for_player: SUCCESS, 22
play_match: SUCCESS, 3
add_player: SUCCESS
add_player: SUCCESS
get_ith_pointless_ability: SUCCESS, 17
add_player_cards: SUCCESS
get_player_cards: SUCCESS, 15
get_player_cards: SUCCESS, 39
add_team: FAILURE
get_ith_pointless_ability: FAILURE
add_player: FAILURE
num_played_games_for_player: SUCCESS, 22
play_match: SUCCESS, 1
add_player: SUCCESS
get_partial_spirit: SUCCESS, 4,5,3,2,1
num_played_games_for_player: SUCCESS, 22
add_team: FAILURE
add_player: FAILURE
num_played_games_for_player: SUCCESS, 22
add_player: SUCCESS
add_team: FAILURE
add_player_cards: SUCCESS
add_player: FAILURE
add_player: FAILURE
get_partial_spirit: FAILURE
get_ith_pointless_ability: SUCCESS, 84
buy_team: SUCCESS
add_player: FAILURE
remove_team: FAILURE
add_player_cards: SUCCESS
add_team: FAILURE
remove_team: FAILURE
add_team: FAILURE
add_player: FAILURE
get_partial_spirit: FAILURE
num_played_games_for_player: SUCCESS, 22
get_player_cards: SUCCESS, 183
add_player: SUCCESS
get_player_cards: SUCCESS, 143
remove_team: FAILURE
add_player: SUCCESS
add_player: FAILURE
get_ith_pointless_ability: SUCCESS, 99
get_team_points: SUCCESS, 0
add_player_cards: FAILURE
get_player_cards: SUCCESS, 148
add_player: FAILURE
num_played_games_for_player: SUCCESS, 22
add_player: FAILURE
get_partial_spirit: FAILURE
get_team_points: SUCCESS, 0
add_player_cards: FAILURE
add_player: FAILURE
play_match: FAILURE
buy_team: SUCCESS
get_partial_spirit: SUCCESS, 4,5,3,2,1
add_player_cards: SUCCESS
buy_team: SUCCESS
add_player: FAILURE
add_team: SUCCESS
add_team: FAILURE
add_player: FAILURE
num_played_games_for_player: SUCCESS, 22
buy_team: SUCCESS
buy_team: SUCCESS
get_player_cards: SUCCESS, 176
buy_team: SUCCESS
get_team_points: SUCCESS, 0
get_team_points: SUCCESS, 0
num_played_games_for_player: SUCCESS, 22
add_team: FAILURE
get_ith_pointless_ability: SUCCESS, 8
add_player_cards: SUCCESS
play_match: FAILURE
add_player: SUCCESS
add_team: FAILURE
add_player_cards: FAILURE
add_player_cards: SUCCESS
get_player_cards: SUCCESS, 217
add_player: SUCCESS
add_player_cards: FAILURE
add_player: SUCCESS
buy_team: SUCCESS
play_match: SUCCESS, 3
add_player: SUCCESS
play_match: FAILURE
play_match: FAILURE
add_player: FAILURE
add_team: FAILURE
play_match: SUCCESS, 3
get_player_cards: SUCCESS, 54
buy_team: SUCCESS
