add_team: SUCCESS
add_team: SUCCESS
add_team: SUCCESS
add_team: SUCCESS
add_team: SUCCESS
add_team: SUCCESS
add_team: SUCCESS
add_team: SUCCESS
add_team: SUCCESS
add_team: SUCCESS
add_team: SUCCESS
add_team: SUCCESS
add_team: SUCCESS
add_team: SUCCESS
add_team: SUCCESS
add_team: SUCCESS
add_team: SUCCESS
add_team: SUCCESS
add_team: SUCCESS
add_team: SUCCESS
add_team: SUCCESS
add_team: SUCCESS
add_team: SUCCESS
add_team: SUCCESS
add_team: SUCCESS
add_team: SUCCESS
add_team: SUCCESS
add_team: SUCCESS
add_team: SUCCESS
add_team: SUCCESS
add_team: SUCCESS
add_team: SUCCESS
add_team: SUCCESS
add_team: SUCCESS
add_team: SUCCESS
add_team: SUCCESS
add_team: SUCCESS
add_team: SUCCESS
add_team: SUCCESS
add_team: SUCCESS
add_team: SUCCESS
add_team: SUCCESS
add_team: SUCCESS
add_team: SUCCESS
add_team: SUCCESS
add_team: SUCCESS
add_team: SUCCESS
add_team: SUCCESS
add_team: SUCCESS
add_team: SUCCESS
add_team: SUCCESS
add_team: SUCCESS
add_team: SUCCESS
add_team: SUCCESS
add_team: SUCCESS
add_team: SUCCESS
add_team: SUCCESS
add_team: SUCCESS
add_team: SUCCESS
add_team: SUCCESS
add_team: SUCCESS
add_team: SUCCESS
add_team: SUCCESS
add_team: SUCCESS
add_team: SUCCESS
add_team: SUCCESS
add_team: SUCCESS
add_team: SUCCESS
add_team: SUCCESS
add_team: SUCCESS
add_team: SUCCESS
add_team: SUCCESS
add_team: SUCCESS
add_team: SUCCESS
add_team: SUCCESS
add_team: SUCCESS
add_team: SUCCESS
add_team: SUCCESS
add_team: SUCCESS
add_team: SUCCESS
add_team: SUCCESS
add_team: SUCCESS
add_team: SUCCESS
add_team: SUCCESS
add_team: SUCCESS
add_team: SUCCESS
add_team: SUCCESS
add_team: SUCCESS
add_team: SUCCESS
add_team: SUCCESS
add_team: SUCCESS
add_team: SUCCESS
add_team: SUCCESS
add_team: SUCCESS
add_team: SUCCESS
add_team: SUCCESS
add_team: SUCCESS
add_team: SUCCESS
add_team: SUCCESS
add_team: SUCCESS
add_player: SUCCESS
add_player: SUCCESS
add_player: SUCCESS
add_player: SUCCESS
add_player: SUCCESS
add_player: SUCCESS
add_player: SUCCESS
add_player: SUCCESS
add_player: SUCCESS
add_player: SUCCESS
add_player: SUCCESS
add_player: SUCCESS
add_player: SUCCESS
add_player: SUCCESS
add_player: SUCCESS
add_player: SUCCESS
add_player: SUCCESS
add_player: SUCCESS
add_player: SUCCESS
add_player: SUCCESS
add_player: SUCCESS
add_player: SUCCESS
add_player: SUCCESS
add_player: SUCCESS
add_player: SUCCESS
add_player: SUCCESS
add_player: SUCCESS
add_player: SUCCESS
add_player: SUCCESS
add_player: SUCCESS
add_player: SUCCESS
add_player: SUCCESS
add_player: SUCCESS
add_player: SUCCESS
add_player: SUCCESS
add_player: SUCCESS
add_player: SUCCESS
add_player: SUCCESS
add_player: SUCCESS
add_player: SUCCESS
add_player: SUCCESS
add_player: SUCCESS
add_player: SUCCESS
add_player: SUCCESS
add_player: SUCCESS
add_player: SUCCESS
add_player: SUCCESS
add_player: SUCCESS
add_player: SUCCESS
add_player: SUCCESS
add_player: SUCCESS
add_player: SUCCESS
add_player: SUCCESS
add_player: SUCCESS
add_player: SUCCESS
add_player: SUCCESS
add_player: SUCCESS
add_player: SUCCESS
add_player: SUCCESS
add_player: SUCCESS
add_player: SUCCESS
add_player: SUCCESS
add_player: SUCCESS
add_player: SUCCESS
add_player: SUCCESS
add_player: SUCCESS
add_player: SUCCESS
add_player: SUCCESS
add_player: SUCCESS
add_player: SUCCESS
add_player: SUCCESS
add_player: SUCCESS
add_player: SUCCESS
add_player: SUCCESS
add_player: SUCCESS
add_player: SUCCESS
add_player: SUCCESS
add_player: SUCCESS
add_player: SUCCESS
add_player: SUCCESS
add_player: SUCCESS
add_player: SUCCESS
add_player: SUCCESS
add_player: SUCCESS
add_player: SUCCESS
add_player: SUCCESS
add_player: SUCCESS
add_player: SUCCESS
add_player: SUCCESS
add_player: SUCCESS
add_player: SUCCESS
add_player: SUCCESS
add_player: SUCCESS
add_player: SUCCESS
add_player: SUCCESS
add_player: SUCCESS
add_player: SUCCESS
add_player: SUCCESS
add_player: SUCCESS
add_player: SUCCESS
add_player: SUCCESS
get_partial_spirit: SUCCESS, 1,2,3,4,5
play_match: SUCCESS, 1
get_partial_spirit: SUCCESS, 2,3,5,4,1
remove_team: FAILURE
buy_team: SUCCESS
remove_team: FAILURE
add_player_cards: SUCCESS
buy_team: SUCCESS
num_played_games_for_player: SUCCESS, 22
get_partial_spirit: SUCCESS, 1,2,3,4,5
remove_team: FAILURE
add_player: SUCCESS
get_team_points: SUCCESS, 0
get_ith_pointless_ability: SUCCESS, 11
remove_team: FAILURE
add_player: SUCCESS
get_team_points: SUCCESS, 0
play_match: FAILURE
get_partial_spirit: SUCCESS, 1,2,3,4,5
num_played_games_for_player: SUCCESS, 22
add_player_cards: SUCCESS
buy_team: SUCCESS
play_match: FAILURE
add_player: SUCCESS
add_player: SUCCESS
play_match: FAILURE
remove_team: FAILURE
add_player: SUCCESS
add_player: SUCCESS
add_player: SUCCESS
get_ith_pointless_ability: FAILURE
add_player_cards: SUCCESS
add_player: SUCCESS
add_player_cards: SUCCESS
get_partial_spirit: SUCCESS, 4,5,3,2,1
play_match: FAILURE
add_team: SUCCESS
add_team: FAILURE
remove_team: FAILURE
add_player_cards: SUCCESS
buy_team: SUCCESS
get_player_cards: SUCCESS, 173
num_played_games_for_player: SUCCESS, 22
get_partial_spirit: SUCCESS, 1,2,3,4,5
add_team: FAILURE
play_match: FAILURE
add_player: SUCCESS
get_partial_spirit: SUCCESS, 1,2,3,4,5
add_team: FAILURE
add_player: SUCCESS
add_player: SUCCESS
add_player: SUCCESS
num_played_games_for_player: SUCCESS, 22
add_player_cards: SUCCESS
remove_team: FAILURE
num_played_games_for_player: SUCCESS, 22
num_played_games_for_player: SUCCESS, 22
get_partial_spirit: SUCCESS, 5,4,3,1,2
add_player: SUCCESS
get_ith_pointless_ability: FAILURE
add_player: SUCCESS
get_team_points: SUCCESS, 0
get_partial_spirit: SUCCESS, 1,2,3,4,5
get_team_points: SUCCESS, 0
get_player_cards: SUCCESS, 189
get_team_points: SUCCESS, 0
get_player_cards: SUCCESS, 189
num_played_games_for_player: SUCCESS, 22
play_match: FAILURE
get_player_cards: SUCCESS, 129
add_player: SUCCESS
add_player: SUCCESS
buy_team: SUCCESS
add_team: FAILURE
remove_team: FAILURE
get_ith_pointless_ability: FAILURE
get_team_points: SUCCESS, 0
add_player: SUCCESS
add_player: SUCCESS
get_player_cards: SUCCESS, 23
play_match: FAILURE
add_player: SUCCESS
remove_team: FAILURE
get_partial_spirit: SUCCESS, 1,2,3,4,5
get_ith_pointless_ability: SUCCESS, 24
add_player_cards: SUCCESS
add_team: FAILURE
get_team_points: SUCCESS, 0
get_ith_pointless_ability: SUCCESS, 48
add_player: FAILURE
add_player: SUCCESS
add_team: FAILURE
add_player_cards: SUCCESS
play_match: FAILURE
get_ith_pointless_ability: SUCCESS, 57
play_match: FAILURE
add_team: FAILURE
add_team: FAILURE
get_player_cards: SUCCESS, 181
get_ith_pointless_ability: SUCCESS, 89
remove_team: FAILURE
play_match: FAILURE
get_ith_pointless_ability: SUCCESS, 82
add_team: FAILURE
get_player_cards: SUCCESS, 58
num_played_games_for_player: SUCCESS, 22
add_player: SUCCESS
buy_team: SUCCESS
play_match: FAILURE
get_ith_pointless_ability: FAILURE
add_team: FAILURE
add_player: SUCCESS
get_ith_pointless_ability: FAILURE
get_ith_pointless_ability: FAILURE
get_ith_pointless_ability: FAILURE
remove_team: FAILURE
add_player_cards: SUCCESS
add_team: FAILURE
num_played_games_for_player: SUCCESS, 22
get_player_cards: SUCCESS, 22
add_player: FAILURE
add_player: SUCCESS
buy_team: SUCCESS
get_ith_pointless_ability: FAILURE
remove_team: FAILURE
add_player: SUCCESS
buy_team: SUCCESS
add_player_cards: SUCCESS
get_partial_spirit: SUCCESS, 3,4,1,5,2
get_partial_spirit: SUCCESS, 1,2,3,4,5
get_partial_spirit: SUCCESS, 1,2,3,4,5
get_player_cards: SUCCESS, 40
add_player: FAILURE
play_match: FAILURE
remove_team: FAILURE
get_team_points: SUCCESS, 0
get_team_points: SUCCESS, 0
get_player_cards: SUCCESS, 5
remove_team: FAILURE
add_player: SUCCESS
remove_team: FAILURE
get_team_points: SUCCESS, 0
add_player: SUCCESS
play_match: FAILURE
get_player_cards: SUCCESS, 127
num_played_games_for_player: SUCCESS, 22
num_played_games_for_player: SUCCESS, 22
get_partial_spirit: SUCCESS, 5,4,3,1,2
add_player: SUCCESS
buy_team: SUCCESS
play_match: FAILURE
play_match: SUCCESS, 3
add_player_cards: SUCCESS
add_player: SUCCESS
add_team: FAILURE
get_player_cards: SUCCESS, 99
num_played_games_for_player: SUCCESS, 22
get_player_cards: SUCCESS, 129
get_team_points: SUCCESS, 0
get_partial_spirit: SUCCESS, 1,3,5,4,2
get_partial_spirit: SUCCESS, 1,2,3,4,5
remove_team: FAILURE
remove_team: FAILURE
get_ith_pointless_ability: FAILURE
buy_team: SUCCESS
remove_team: FAILURE
add_team: FAILURE
get_player_cards: SUCCESS, 133
get_ith_pointless_ability: SUCCESS, 95
get_ith_pointless_ability: FAILURE
get_player_cards: SUCCESS, 294
play_match: FAILURE
get_team_points: SUCCESS, 0
get_partial_spirit: FAILURE
get_partial_spirit: SUCCESS, 4,3,5,2,1
add_player_cards: SUCCESS
add_player: SUCCESS
add_team: FAILURE
add_player: SUCCESS
get_ith_pointless_ability: FAILURE
add_player: SUCCESS
get_team_points: SUCCESS, 0
get_team_points: SUCCESS, 0
get_player_cards: SUCCESS, 281
add_team: FAILURE
num_played_games_for_player: SUCCESS, 22
add_player_cards: SUCCESS
get_partial_spirit: SUCCESS, 3,1,4,5,2
add_player: SUCCESS
get_player_cards: SUCCESS, 65
remove_team: FAILURE
add_team: FAILURE
num_played_games_for_player: SUCCESS, 22
get_ith_pointless_ability: FAILURE
play_match: FAILURE
num_played_games_for_player: SUCCESS, 22
num_played_games_for_player: SUCCESS, 22
get_player_cards: SUCCESS, 126
num_played_games_for_player: SUCCESS, 22
buy_team: SUCCESS
get_team_points: SUCCESS, 0
remove_team: FAILURE
get_player_cards: SUCCESS, 181
add_player: SUCCESS
add_player_cards: SUCCESS
add_team: FAILURE
get_player_cards: SUCCESS, 73
play_match: FAILURE
remove_team: FAILURE
get_partial_spirit: SUCCESS, 1,2,3,4,5
remove_team: FAILURE
remove_team: FAILURE
get_ith_pointless_ability: SUCCESS, 81
buy_team: SUCCESS
add_player: SUCCESS
remove_team: FAILURE
get_player_cards: SUCCESS, 11
remove_team: FAILURE
get_player_cards: SUCCESS, 76
add_player: SUCCESS
get_player_cards: SUCCESS, 578
remove_team: FAILURE
add_player: SUCCESS
remove_team: FAILURE
add_player: SUCCESS
add_player: SUCCESS
add_player: SUCCESS
get_partial_spirit: SUCCESS, 2,3,5,4,1
add_player: SUCCESS
get_team_points: SUCCESS, 0
get_partial_spirit: SUCCESS, 1,2,3,4,5
add_player_cards: SUCCESS
play_match: FAILURE
remove_team: FAILURE
add_player: SUCCESS
add_player: FAILURE
add_player: SUCCESS
add_player: SUCCESS
get_player_cards: SUCCESS, 380
add_player: SUCCESS
add_player: SUCCESS
num_played_games_for_player: SUCCESS, 22
num_played_games_for_player: SUCCESS, 22
add_player_cards: SUCCESS
buy_team: SUCCESS
get_partial_spirit: SUCCESS, 1,2,3,4,5
add_player: FAILURE
add_team: FAILURE
buy_team: SUCCESS
play_match: SUCCESS, 1
buy_team: SUCCESS
add_player: SUCCESS
get_partial_spirit: SUCCESS, 1,2,3,4,5
get_team_points: SUCCESS, 3
add_player: FAILURE
get_player_cards: SUCCESS, 172
add_player: SUCCESS
add_team: FAILURE
add_player: SUCCESS
num_played_games_for_player: SUCCESS, 22
buy_team: SUCCESS
add_team: FAILURE
add_team: FAILURE
get_player_cards: SUCCESS, 32
add_player_cards: SUCCESS
add_player: FAILURE
add_player_cards: SUCCESS
add_player: SUCCESS
get_ith_pointless_ability: SUCCESS, 11
get_player_cards: SUCCESS, 5
get_partial_spirit: SUCCESS, 5,2,3,4,1
get_team_points: SUCCESS, 0
num_played_games_for_player: SUCCESS, 22
add_team: FAILURE
add_player: SUCCESS
add_player: SUCCESS
num_played_games_for_player: SUCCESS, 22
play_match: FAILURE
get_partial_spirit: SUCCESS, 4,1,3,2,5
add_player: SUCCESS
get_team_points: SUCCESS, 0
add_player: SUCCESS
remove_team: FAILURE
add_player_cards: SUCCESS
remove_team: FAILURE
num_played_games_for_player: SUCCESS, 22
get_ith_pointless_ability: FAILURE
add_player: FAILURE
add_player: FAILURE
add_player: FAILURE
add_player: FAILURE
play_match: SUCCESS, 3
add_player: FAILURE
remove_team: FAILURE
remove_team: FAILURE
remove_team: FAILURE
add_player: FAILURE
get_team_points: SUCCESS, 0
get_team_points: SUCCESS, 0
add_player_cards: SUCCESS
add_team: FAILURE
add_player: FAILURE
buy_team: SUCCESS
remove_team: FAILURE
add_player: FAILURE
add_player: FAILURE
add_player: FAILURE
add_player: FAILURE
buy_team: SUCCESS
add_team: FAILURE
get_player_cards: SUCCESS, 45
play_match: SUCCESS, 1
add_player: FAILURE
get_team_points: SUCCESS, 0
play_match: FAILURE
add_player: FAILURE
num_played_games_for_player: SUCCESS, 22
add_player: FAILURE
get_team_points: SUCCESS, 3
get_partial_spirit: SUCCESS, 3,5,4,2,1
play_match: FAILURE
add_player: FAILURE
add_player_cards: SUCCESS
get_team_points: SUCCESS, 0
add_team: FAILURE
num_played_games_for_player: SUCCESS, 22
remove_team: FAILURE
get_partial_spirit: SUCCESS, 1,2,3,4,5
buy_team: SUCCESS
get_partial_spirit: SUCCESS, 3,5,4,1,2
get_player_cards: SUCCESS, 2
get_player_cards: SUCCESS, 23
get_player_cards: SUCCESS, 126
num_played_games_for_player: SUCCESS, 22
add_player: FAILURE
add_player: FAILURE
buy_team: SUCCESS
add_player: FAILURE
get_ith_pointless_ability: FAILURE
buy_team: SUCCESS
num_played_games_for_player: SUCCESS, 22
remove_team: FAILURE
get_partial_spirit: SUCCESS, 5,1,4,3,2
remove_team: FAILURE
add_player: FAILURE
get_team_points: FAILURE
add_team: FAILURE
add_team: FAILURE
get_team_points: SUCCESS, 0
add_player: FAILURE
buy_team: SUCCESS
get_partial_spirit: SUCCESS, 1,2,3,4,5
buy_team: SUCCESS
get_partial_spirit: SUCCESS, 3,2,1,5,4
add_player: FAILURE
remove_team: FAILURE
buy_team: SUCCESS
get_team_points: SUCCESS, 0
add_player: FAILURE
get_ith_pointless_ability: SUCCESS, 30
buy_team: SUCCESS
buy_team: SUCCESS
remove_team: FAILURE
add_player: FAILURE
add_player: FAILURE
get_ith_pointless_ability: SUCCESS, 38
play_match: FAILURE
get_player_cards: SUCCESS, 234
remove_team: FAILURE
get_partial_spirit: SUCCESS, 1,2,3,4,5
add_team: FAILURE
get_team_points: SUCCESS, 0
add_player: FAILURE
add_team: FAILURE
add_team: FAILURE
get_ith_pointless_ability: SUCCESS, 22
add_team: FAILURE
get_team_points: SUCCESS, 0
num_played_games_for_player: SUCCESS, 22
get_ith_pointless_ability: SUCCESS, 23
add_player: FAILURE
add_player: FAILURE
add_player: FAILURE
buy_team: SUCCESS
add_team: FAILURE
play_match: FAILURE
add_player_cards: SUCCESS
get_team_points: SUCCESS, 0
remove_team: FAILURE
get_player_cards: SUCCESS, 282
get_partial_spirit: SUCCESS, 1,3,5,4,2
add_player: FAILURE
add_player: FAILURE
add_team: FAILURE
get_player_cards: SUCCESS, 127
num_played_games_for_player: SUCCESS, 22
buy_team: SUCCESS
add_player: FAILURE
buy_team: SUCCESS
get_partial_spirit: SUCCESS, 1,2,3,4,5
add_team: FAILURE
remove_team: FAILURE
add_player: FAILURE
add_team: FAILURE
get_player_cards: SUCCESS, 53
add_team: FAILURE
add_player: FAILURE
remove_team: FAILURE
play_match: SUCCESS, 1
get_partial_spirit: SUCCESS, 1,5,3,2,4
get_player_cards: SUCCESS, 76
add_player: FAILURE
get_team_points: SUCCESS, 0
add_player: FAILURE
add_player: FAILURE
get_player_cards: SUCCESS, 126
get_ith_pointless_ability: SUCCESS, 65
get_ith_pointless_ability: SUCCESS, 39
get_ith_pointless_ability: FAILURE
add_player_cards: SUCCESS
play_match: FAILURE
add_player: FAILURE
add_player: FAILURE
add_player: FAILURE
get_ith_pointless_ability: FAILURE
get_team_points: SUCCESS, 0
add_player: FAILURE
buy_team: SUCCESS
add_player_cards: SUCCESS
add_player_cards: SUCCESS
add_player: FAILURE
remove_team: FAILURE
add_player: FAILURE
buy_team: SUCCESS
get_team_points: SUCCESS, 0
add_player: FAILURE
add_player: FAILURE
add_team: FAILURE
add_player_cards: SUCCESS
get_partial_spirit: SUCCESS, 1,2,5,4,3
get_team_points: SUCCESS, 0
get_ith_pointless_ability: FAILURE
add_player: FAILURE
buy_team: SUCCESS
play_match: FAILURE
add_player_cards: SUCCESS
num_played_games_for_player: SUCCESS, 22
get_partial_spirit: FAILURE
add_team: FAILURE
remove_team: FAILURE
play_match: SUCCESS, 1
add_player: FAILURE
get_player_cards: SUCCESS, 397
get_partial_spirit: FAILURE
add_player: FAILURE
add_player: FAILURE
add_team: FAILURE
add_player: FAILURE
buy_team: SUCCESS
buy_team: SUCCESS
play_match: FAILURE
add_player: FAILURE
get_team_points: SUCCESS, 0
get_player_cards: SUCCESS, 95
add_player: FAILURE
get_team_points: SUCCESS, 0
add_player: FAILURE
remove_team: FAILURE
add_player_cards: SUCCESS
num_played_games_for_player: SUCCESS, 22
get_player_cards: SUCCESS, 256
play_match: FAILURE
get_partial_spirit: SUCCESS, 1,4,2,3,5
add_player_cards: SUCCESS
remove_team: FAILURE
get_partial_spirit: SUCCESS, 5,3,2,1,4
get_partial_spirit: SUCCESS, 1,2,3,4,5
remove_team: FAILURE
get_partial_spirit: SUCCESS, 2,5,4,3,1
get_player_cards: SUCCESS, 75
remove_team: FAILURE
add_player_cards: SUCCESS
get_player_cards: SUCCESS, 95
get_team_points: SUCCESS, 0
remove_team: FAILURE
add_player: FAILURE
add_team: FAILURE
get_team_points: SUCCESS, 0
get_team_points: SUCCESS, 0
remove_team: FAILURE
play_match: FAILURE
get_player_cards: SUCCESS, 260
get_player_cards: SUCCESS, 41
add_player: FAILURE
add_team: FAILURE
num_played_games_for_player: SUCCESS, 22
get_partial_spirit: SUCCESS, 1,2,3,4,5
get_team_points: SUCCESS, 0
add_player: FAILURE
add_team: FAILURE
get_team_points: SUCCESS, 0
get_team_points: SUCCESS, 0
add_team: FAILURE
get_team_points: SUCCESS, 0
get_ith_pointless_ability: FAILURE
get_partial_spirit: SUCCESS, 2,1,3,4,5
get_team_points: SUCCESS, 0
num_played_games_for_player: SUCCESS, 22
add_player: FAILURE
add_player: FAILURE
remove_team: FAILURE
add_player: FAILURE
add_player: FAILURE
add_team: FAILURE
add_player_cards: FAILURE
add_player: FAILURE
add_player_cards: SUCCESS
play_match: FAILURE
add_player_cards: SUCCESS
get_ith_pointless_ability: FAILURE
buy_team: SUCCESS
get_ith_pointless_ability: SUCCESS, 42
add_player: FAILURE
get_ith_pointless_ability: SUCCESS, 100
remove_team: FAILURE
play_match: FAILURE
get_team_points: SUCCESS, 0
add_player: FAILURE
add_team: FAILURE
get_team_points: SUCCESS, 0
get_partial_spirit: SUCCESS, 4,3,5,2,1
remove_team: FAILURE
add_player: FAILURE
add_player: FAILURE
add_player: FAILURE
get_ith_pointless_ability: FAILURE
buy_team: SUCCESS
remove_team: FAILURE
add_player: FAILURE
add_player: FAILURE
num_played_games_for_player: SUCCESS, 22
add_player: FAILURE
add_player_cards: SUCCESS
add_team: FAILURE
num_played_games_for_player: SUCCESS, 22
add_team: FAILURE
play_match: FAILURE
add_player: FAILURE
get_team_points: SUCCESS, 0
get_ith_pointless_ability: SUCCESS, 57
get_partial_spirit: SUCCESS, 1,5,3,2,4
play_match: FAILURE
add_player: FAILURE
get_team_points: SUCCESS, 0
add_player: FAILURE
add_player_cards: SUCCESS
num_played_games_for_player: SUCCESS, 22
add_player: FAILURE
remove_team: FAILURE
get_partial_spirit: FAILURE
get_ith_pointless_ability: FAILURE
add_player: FAILURE
remove_team: FAILURE
add_team: FAILURE
get_ith_pointless_ability: FAILURE
get_player_cards: SUCCESS, 117
remove_team: FAILURE
add_player_cards: SUCCESS
add_team: FAILURE
add_team: FAILURE
add_team: FAILURE
add_team: FAILURE
add_team: FAILURE
num_played_games_for_player: SUCCESS, 22
get_team_points: SUCCESS, 3
buy_team: SUCCESS
add_player: FAILURE
buy_team: SUCCESS
get_team_points: SUCCESS, 0
add_player: FAILURE
get_team_points: FAILURE
add_team: FAILURE
get_partial_spirit: FAILURE
remove_team: FAILURE
get_team_points: SUCCESS, 3
buy_team: SUCCESS
add_player_cards: SUCCESS
add_player_cards: FAILURE
get_ith_pointless_ability: SUCCESS, 57
get_player_cards: SUCCESS, 424
add_player_cards: SUCCESS
add_player: FAILURE
get_player_cards: SUCCESS, 151
add_player: FAILURE
get_ith_pointless_ability: SUCCESS, 100
get_player_cards: SUCCESS, 443
add_player_cards: FAILURE
add_player: FAILURE
get_partial_spirit: SUCCESS, 1,2,3,4,5
num_played_games_for_player: SUCCESS, 22
get_team_points: SUCCESS, 0
add_player_cards: SUCCESS
add_team: FAILURE
add_player: FAILURE
get_player_cards: SUCCESS, 92
add_player: FAILURE
add_player: FAILURE
add_player: FAILURE
get_ith_pointless_ability: SUCCESS, 65
num_played_games_for_player: SUCCESS, 22
get_partial_spirit: SUCCESS, 4,1,5,2,3
buy_team: SUCCESS
get_ith_pointless_ability: SUCCESS, 9
num_played_games_for_player: SUCCESS, 22
add_player: FAILURE
add_player: FAILURE
buy_team: SUCCESS
add_team: FAILURE
num_played_games_for_player: SUCCESS, 22
add_team: FAILURE
add_player_cards: FAILURE
get_player_cards: SUCCESS, 121
add_player: FAILURE
play_match: FAILURE
add_player: FAILURE
add_player: FAILURE
num_played_games_for_player: SUCCESS, 22
get_partial_spirit: SUCCESS, 1,2,3,4,5
get_team_points: SUCCESS, 0
get_partial_spirit: SUCCESS, 5,2,1,4,3
add_player_cards: SUCCESS
add_player_cards: SUCCESS
play_match: FAILURE
buy_team: SUCCESS
add_player_cards: SUCCESS
buy_team: SUCCESS
add_player: FAILURE
add_team: FAILURE
add_player: FAILURE
add_player_cards: FAILURE
add_team: FAILURE
remove_team: FAILURE
add_player_cards: SUCCESS
get_ith_pointless_ability: FAILURE
play_match: FAILURE
add_team: FAILURE
add_team: FAILURE
add_player: FAILURE
get_ith_pointless_ability: SUCCESS, 82
add_player: FAILURE
add_player: FAILURE
get_team_points: SUCCESS, 0
buy_team: SUCCESS
get_partial_spirit: SUCCESS, 5,3,2,1,4
add_player: FAILURE
get_partial_spirit: SUCCESS, 3,1,2,4,5
buy_team: SUCCESS
add_player: FAILURE
add_player: FAILURE
add_team: FAILURE
buy_team: SUCCESS
add_team: FAILURE
num_played_games_for_player: SUCCESS, 22
get_ith_pointless_ability: FAILURE
get_team_points: SUCCESS, 0
num_played_games_for_player: SUCCESS, 22
add_team: FAILURE
num_played_games_for_player: SUCCESS, 22
remove_team: FAILURE
add_team: FAILURE
add_team: FAILURE
get_partial_spirit: SUCCESS, 4,3,2,5,1
remove_team: FAILURE
remove_team: FAILURE
get_ith_pointless_ability: FAILURE
add_player: FAILURE
get_player_cards: SUCCESS, 414
add_player: FAILURE
get_player_cards: SUCCESS, 196
num_played_games_for_player: SUCCESS, 22
remove_team: FAILURE
remove_team: FAILURE
num_played_games_for_player: SUCCESS, 22
get_ith_pointless_ability: FAILURE
add_player_cards: FAILURE
get_player_cards: SUCCESS, 53
buy_team: SUCCESS
num_played_games_for_player: SUCCESS, 22
add_player_cards: SUCCESS
get_partial_spirit: SUCCESS, 2,3,1,5,4
add_player: FAILURE
get_player_cards: SUCCESS, 76
num_played_games_for_player: SUCCESS, 22
get_ith_pointless_ability: FAILURE
remove_team: FAILURE
num_played_games_for_player: SUCCESS, 22
get_ith_pointless_ability: FAILURE
play_match: SUCCESS, 1
add_player: FAILURE
add_player_cards: FAILURE
get_team_points: SUCCESS, 0
num_played_games_for_player: SUCCESS, 22
get_player_cards: SUCCESS, 12
add_player: FAILURE
add_player: FAILURE
remove_team: FAILURE
add_team: FAILURE
buy_team: SUCCESS
play_match: SUCCESS, 3
buy_team: SUCCESS
num_played_games_for_player: SUCCESS, 22
remove_team: FAILURE
get_partial_spirit: FAILURE
get_player_cards: SUCCESS, 23
add_player_cards: FAILURE
buy_team: SUCCESS
add_player_cards: SUCCESS
get_player_cards: SUCCESS, 109
get_team_points: SUCCESS, 3
buy_team: SUCCESS
add_team: FAILURE
buy_team: SUCCESS
add_team: FAILURE
get_player_cards: SUCCESS, 230
buy_team: SUCCESS
add_team: FAILURE
num_played_games_for_player: SUCCESS, 22
play_match: FAILURE
add_player: FAILURE
add_player: FAILURE
add_player: FAILURE
add_player_cards: SUCCESS
remove_team: FAILURE
add_team: FAILURE
num_played_games_for_player: SUCCESS, 22
num_played_games_for_player: SUCCESS, 22
add_player: FAILURE
add_player: FAILURE
get_team_points: SUCCESS, 0
get_ith_pointless_ability: FAILURE
get_partial_spirit: FAILURE
add_team: FAILURE
get_team_points: FAILURE
add_player: FAILURE
remove_team: FAILURE
get_ith_pointless_ability: FAILURE
buy_team: SUCCESS
buy_team: SUCCESS
get_player_cards: SUCCESS, 182
add_player: FAILURE
get_player_cards: SUCCESS, 380
add_team: FAILURE
buy_team: SUCCESS
get_partial_spirit: FAILURE
remove_team: FAILURE
add_player: FAILURE
remove_team: FAILURE
remove_team: FAILURE
add_player: FAILURE
add_team: FAILURE
get_ith_pointless_ability: SUCCESS, 57
remove_team: FAILURE
remove_team: FAILURE
play_match: FAILURE
remove_team: FAILURE
get_team_points: SUCCESS, 0
buy_team: SUCCESS
add_player: FAILURE
get_partial_spirit: FAILURE
add_player: FAILURE
add_player: FAILURE
remove_team: FAILURE
buy_team: SUCCESS
remove_team: FAILURE
add_player_cards: SUCCESS
add_team: FAILURE
get_player_cards: SUCCESS, 61
add_player: FAILURE
add_player_cards: SUCCESS
get_ith_pointless_ability: SUCCESS, 24
add_player_cards: FAILURE
remove_team: FAILURE
add_player_cards: SUCCESS
get_team_points: SUCCESS, 3
add_player_cards: SUCCESS
get_partial_spirit: SUCCESS, 3,1,2,4,5
play_match: FAILURE
add_player_cards: FAILURE
add_player: FAILURE
num_played_games_for_player: SUCCESS, 22
play_match: FAILURE
remove_team: FAILURE
get_ith_pointless_ability: FAILURE
get_ith_pointless_ability: FAILURE
add_player: FAILURE
get_partial_spirit: SUCCESS, 3,1,5,4,2
buy_team: SUCCESS
play_match: FAILURE
buy_team: SUCCESS
play_match: FAILURE
get_ith_pointless_ability: FAILURE
buy_team: SUCCESS
add_player: FAILURE
add_team: FAILURE
remove_team: FAILURE
add_player: FAILURE
buy_team: SUCCESS
buy_team: SUCCESS
add_player: FAILURE
add_team: FAILURE
add_team: FAILURE
add_player: FAILURE
add_player: FAILURE
get_partial_spirit: SUCCESS, 1,2,3,4,5
get_team_points: SUCCESS, 0
play_match: FAILURE
add_team: FAILURE
get_ith_pointless_ability: FAILURE
add_player_cards: FAILURE
num_played_games_for_player: SUCCESS, 22
add_player: FAILURE
add_team: FAILURE
play_match: FAILURE
get_ith_pointless_ability: SUCCESS, 89
play_match: FAILURE
get_ith_pointless_ability: FAILURE
get_ith_pointless_ability: SUCCESS, 49
add_team: FAILURE
remove_team: FAILURE
add_team: FAILURE
add_player: FAILURE
add_player: FAILURE
add_team: FAILURE
remove_team: FAILURE
num_played_games_for_player: SUCCESS, 22
add_player: FAILURE
add_player: FAILURE
add_team: FAILURE
add_team: FAILURE
num_played_games_for_player: SUCCESS, 22
get_player_cards: SUCCESS, 67
play_match: FAILURE
get_ith_pointless_ability: FAILURE
num_played_games_for_player: SUCCESS, 22
add_player_cards: SUCCESS
get_team_points: FAILURE
num_played_games_for_player: SUCCESS, 22
buy_team: SUCCESS
add_player: FAILURE
get_player_cards: SUCCESS, 256
get_ith_pointless_ability: FAILURE
play_match: SUCCESS, 1
get_ith_pointless_ability: SUCCESS, 46
add_player: FAILURE
remove_team: FAILURE
add_player: FAILURE
get_ith_pointless_ability: FAILURE
add_player_cards: SUCCESS
buy_team: SUCCESS
get_player_cards: SUCCESS, 208
get_player_cards: SUCCESS, 435
play_match: FAILURE
num_played_games_for_player: SUCCESS, 22
get_ith_pointless_ability: SUCCESS, 21
get_partial_spirit: SUCCESS, 1,2,3,4,5
play_match: SUCCESS, 1
add_player: FAILURE
play_match: SUCCESS, 1
get_team_points: FAILURE
add_player: FAILURE
add_player: FAILURE
num_played_games_for_player: SUCCESS, 22
get_player_cards: SUCCESS, 298
get_player_cards: SUCCESS, 49
get_partial_spirit: SUCCESS, 5,4,1,3,2
num_played_games_for_player: SUCCESS, 22
remove_team: FAILURE
remove_team: FAILURE
num_played_games_for_player: SUCCESS, 22
add_player: FAILURE
play_match: SUCCESS, 1
add_player_cards: FAILURE
get_ith_pointless_ability: FAILURE
add_team: FAILURE
num_played_games_for_player: SUCCESS, 22
add_player_cards: SUCCESS
get_ith_pointless_ability: FAILURE
buy_team: SUCCESS
get_partial_spirit: FAILURE
add_player: FAILURE
add_player: FAILURE
get_partial_spirit: SUCCESS, 1,2,3,4,5
get_ith_pointless_ability: FAILURE
play_match: FAILURE
play_match: FAILURE
get_ith_pointless_ability: FAILURE
get_player_cards: SUCCESS, 229
get_team_points: FAILURE
get_ith_pointless_ability: FAILURE
num_played_games_for_player: SUCCESS, 22
get_partial_spirit: SUCCESS, 5,1,4,2,3
get_team_points: SUCCESS, 0
add_player: FAILURE
add_team: FAILURE
add_player: FAILURE
add_player: FAILURE
add_player: FAILURE
num_played_games_for_player: SUCCESS, 22
add_player: FAILURE
get_partial_spirit: SUCCESS, 1,2,3,4,5
get_team_points: FAILURE
get_partial_spirit: SUCCESS, 5,1,4,3,2
get_team_points: SUCCESS, 0
get_player_cards: SUCCESS, 208
buy_team: SUCCESS
add_player: FAILURE
buy_team: SUCCESS
add_player_cards: SUCCESS
add_player_cards: FAILURE
remove_team: FAILURE
get_player_cards: SUCCESS, 161
get_team_points: FAILURE
play_match: FAILURE
get_player_cards: SUCCESS, 206
remove_team: FAILURE
add_player: FAILURE
add_player: FAILURE
get_team_points: FAILURE
remove_team: FAILURE
buy_team: SUCCESS
add_team: SUCCESS
num_played_games_for_player: SUCCESS, 22
add_player: FAILURE
get_ith_pointless_ability: SUCCESS, 31
num_played_games_for_player: SUCCESS, 22
remove_team: FAILURE
add_player: FAILURE
add_player: FAILURE
buy_team: SUCCESS
buy_team: SUCCESS
add_player: FAILURE
get_partial_spirit: SUCCESS, 1,2,3,4,5
add_team: FAILURE
add_player_cards: SUCCESS
add_player: FAILURE
add_player: FAILURE
add_player: FAILURE
remove_team: FAILURE
play_match: FAILURE
get_team_points: SUCCESS, 3
add_team: FAILURE
get_team_points: SUCCESS, 6
add_player: FAILURE
add_player: FAILURE
get_team_points: FAILURE
get_player_cards: SUCCESS, 135
get_team_points: FAILURE
add_team: FAILURE
add_player: FAILURE
get_player_cards: SUCCESS, 213
remove_team: FAILURE
get_player_cards: SUCCESS, 67
get_player_cards: SUCCESS, 230
num_played_games_for_player: SUCCESS, 22
add_team: FAILURE
get_player_cards: SUCCESS, 92
buy_team: SUCCESS
num_played_games_for_player: SUCCESS, 22
add_team: FAILURE
add_player: FAILURE
num_played_games_for_player: SUCCESS, 22
remove_team: FAILURE
add_player: FAILURE
get_player_cards: SUCCESS, 458
buy_team: SUCCESS
get_ith_pointless_ability: FAILURE
add_player: FAILURE
add_player: FAILURE
remove_team: FAILURE
add_player: FAILURE
add_player: FAILURE
get_player_cards: SUCCESS, 171
get_team_points: SUCCESS, 0
buy_team: SUCCESS
num_played_games_for_player: SUCCESS, 22
add_player_cards: SUCCESS
get_team_points: FAILURE
add_player: FAILURE
get_partial_spirit: FAILURE
add_player_cards: FAILURE
play_match: FAILURE
add_player: FAILURE
add_player_cards: SUCCESS
add_team: FAILURE
add_player_cards: FAILURE
add_player: FAILURE
get_team_points: FAILURE
get_player_cards: SUCCESS, 397
add_player: FAILURE
