add_team: SUCCESS
add_team: SUCCESS
add_team: SUCCESS
add_team: SUCCESS
add_team: SUCCESS
add_team: SUCCESS
add_team: SUCCESS
add_team: SUCCESS
add_team: SUCCESS
add_team: SUCCESS
add_team: SUCCESS
add_team: SUCCESS
add_team: SUCCESS
add_team: SUCCESS
add_team: SUCCESS
add_team: SUCCESS
add_team: SUCCESS
add_team: SUCCESS
add_team: SUCCESS
add_team: SUCCESS
add_team: SUCCESS
add_team: SUCCESS
add_team: SUCCESS
add_team: SUCCESS
add_team: SUCCESS
add_team: SUCCESS
add_team: SUCCESS
add_team: SUCCESS
add_team: SUCCESS
add_team: SUCCESS
add_team: SUCCESS
add_team: SUCCESS
add_team: SUCCESS
add_team: SUCCESS
add_team: SUCCESS
add_team: SUCCESS
add_team: SUCCESS
add_team: SUCCESS
add_team: SUCCESS
add_team: SUCCESS
add_team: SUCCESS
add_team: SUCCESS
add_team: SUCCESS
add_team: SUCCESS
add_team: SUCCESS
add_team: SUCCESS
add_team: SUCCESS
add_team: SUCCESS
add_team: SUCCESS
add_team: SUCCESS
add_team: SUCCESS
add_team: SUCCESS
add_team: SUCCESS
add_team: SUCCESS
add_team: SUCCESS
add_team: SUCCESS
add_team: SUCCESS
add_team: SUCCESS
add_team: SUCCESS
add_team: SUCCESS
add_team: SUCCESS
add_team: SUCCESS
add_team: SUCCESS
add_team: SUCCESS
add_team: SUCCESS
add_team: SUCCESS
add_team: SUCCESS
add_team: SUCCESS
add_team: SUCCESS
add_team: SUCCESS
add_team: SUCCESS
add_team: SUCCESS
add_team: SUCCESS
add_team: SUCCESS
add_team: SUCCESS
add_team: SUCCESS
add_team: SUCCESS
add_team: SUCCESS
add_team: SUCCESS
add_team: SUCCESS
add_team: SUCCESS
add_team: SUCCESS
add_team: SUCCESS
add_team: SUCCESS
add_team: SUCCESS
add_team: SUCCESS
add_team: SUCCESS
add_team: SUCCESS
add_team: SUCCESS
add_team: SUCCESS
add_team: SUCCESS
add_team: SUCCESS
add_team: SUCCESS
add_team: SUCCESS
add_team: SUCCESS
add_team: SUCCESS
add_team: SUCCESS
add_team: SUCCESS
add_team: SUCCESS
add_team: SUCCESS
add_player: SUCCESS
add_player: SUCCESS
add_player: SUCCESS
add_player: SUCCESS
add_player: SUCCESS
add_player: SUCCESS
add_player: SUCCESS
add_player: SUCCESS
add_player: SUCCESS
add_player: SUCCESS
add_player: SUCCESS
add_player: SUCCESS
add_player: SUCCESS
add_player: SUCCESS
add_player: SUCCESS
add_player: SUCCESS
add_player: SUCCESS
add_player: SUCCESS
add_player: SUCCESS
add_player: SUCCESS
add_player: SUCCESS
add_player: SUCCESS
add_player: SUCCESS
add_player: SUCCESS
add_player: SUCCESS
add_player: SUCCESS
add_player: SUCCESS
add_player: SUCCESS
add_player: SUCCESS
add_player: SUCCESS
add_player: SUCCESS
add_player: SUCCESS
add_player: SUCCESS
add_player: SUCCESS
add_player: SUCCESS
add_player: SUCCESS
add_player: SUCCESS
add_player: SUCCESS
add_player: SUCCESS
add_player: SUCCESS
add_player: SUCCESS
add_player: SUCCESS
add_player: SUCCESS
add_player: SUCCESS
add_player: SUCCESS
add_player: SUCCESS
add_player: SUCCESS
add_player: SUCCESS
add_player: SUCCESS
add_player: SUCCESS
add_player: SUCCESS
add_player: SUCCESS
add_player: SUCCESS
add_player: SUCCESS
add_player: SUCCESS
add_player: SUCCESS
add_player: SUCCESS
add_player: SUCCESS
add_player: SUCCESS
add_player: SUCCESS
add_player: SUCCESS
add_player: SUCCESS
add_player: SUCCESS
add_player: SUCCESS
add_player: SUCCESS
add_player: SUCCESS
add_player: SUCCESS
add_player: SUCCESS
add_player: SUCCESS
add_player: SUCCESS
add_player: SUCCESS
add_player: SUCCESS
add_player: SUCCESS
add_player: SUCCESS
add_player: SUCCESS
add_player: SUCCESS
add_player: SUCCESS
add_player: SUCCESS
add_player: SUCCESS
add_player: SUCCESS
add_player: SUCCESS
add_player: SUCCESS
add_player: SUCCESS
add_player: SUCCESS
add_player: SUCCESS
add_player: SUCCESS
add_player: SUCCESS
add_player: SUCCESS
add_player: SUCCESS
add_player: SUCCESS
add_player: SUCCESS
add_player: SUCCESS
add_player: SUCCESS
add_player: SUCCESS
add_player: SUCCESS
add_player: SUCCESS
add_player: SUCCESS
add_player: SUCCESS
add_player: SUCCESS
add_player: SUCCESS
get_player_cards: SUCCESS, 51
add_team: SUCCESS
get_ith_pointless_ability: FAILURE
num_played_games_for_player: SUCCESS, 22
add_player_cards: SUCCESS
get_ith_pointless_ability: FAILURE
add_team: FAILURE
add_team: FAILURE
num_played_games_for_player: SUCCESS, 22
add_player: SUCCESS
add_team: FAILURE
add_player: SUCCESS
buy_team: SUCCESS
add_player: SUCCESS
get_player_cards: SUCCESS, 228
add_player: SUCCESS
remove_team: FAILURE
remove_team: FAILURE
add_team: SUCCESS
get_player_cards: SUCCESS, 146
play_match: FAILURE
get_partial_spirit: SUCCESS, 4,5,2,1,3
add_player: SUCCESS
get_player_cards: SUCCESS, 276
play_match: FAILURE
get_team_points: SUCCESS, 0
get_ith_pointless_ability: FAILURE
get_player_cards: SUCCESS, 221
get_partial_spirit: SUCCESS, 1,2,3,4,5
play_match: FAILURE
get_partial_spirit: SUCCESS, 1,2,3,4,5
add_player: SUCCESS
add_player: SUCCESS
play_match: FAILURE
remove_team: FAILURE
get_team_points: SUCCESS, 0
add_player: SUCCESS
num_played_games_for_player: SUCCESS, 22
remove_team: FAILURE
add_player: SUCCESS
remove_team: FAILURE
num_played_games_for_player: SUCCESS, 22
num_played_games_for_player: SUCCESS, 22
get_ith_pointless_ability: FAILURE
add_player: SUCCESS
add_player: SUCCESS
get_partial_spirit: SUCCESS, 1,2,3,4,5
remove_team: FAILURE
add_player: SUCCESS
get_ith_pointless_ability: FAILURE
get_player_cards: SUCCESS, 192
add_player_cards: SUCCESS
add_player: SUCCESS
add_player: SUCCESS
remove_team: FAILURE
get_team_points: SUCCESS, 0
add_player: SUCCESS
add_player: SUCCESS
add_player: SUCCESS
get_team_points: SUCCESS, 0
add_player: SUCCESS
get_partial_spirit: SUCCESS, 5,2,1,4,3
get_team_points: SUCCESS, 0
play_match: FAILURE
num_played_games_for_player: SUCCESS, 22
add_player: SUCCESS
add_player: SUCCESS
play_match: FAILURE
play_match: FAILURE
num_played_games_for_player: SUCCESS, 22
num_played_games_for_player: SUCCESS, 22
play_match: FAILURE
add_team: FAILURE
buy_team: SUCCESS
get_partial_spirit: SUCCESS, 4,1,3,2,5
get_partial_spirit: SUCCESS, 1,2,3,4,5
get_team_points: SUCCESS, 0
get_player_cards: SUCCESS, 162
get_team_points: SUCCESS, 0
get_player_cards: SUCCESS, 179
add_team: FAILURE
get_ith_pointless_ability: FAILURE
play_match: SUCCESS, 1
add_player: SUCCESS
add_player: SUCCESS
add_team: FAILURE
add_player: SUCCESS
add_player: SUCCESS
buy_team: SUCCESS
add_player: SUCCESS
add_player: SUCCESS
add_player: SUCCESS
get_team_points: SUCCESS, 0
add_team: FAILURE
get_partial_spirit: SUCCESS, 1,2,3,4,5
get_team_points: SUCCESS, 0
play_match: FAILURE
remove_team: FAILURE
remove_team: FAILURE
buy_team: SUCCESS
play_match: FAILURE
get_team_points: SUCCESS, 0
remove_team: FAILURE
get_ith_pointless_ability: SUCCESS, 46
remove_team: FAILURE
get_partial_spirit: SUCCESS, 1,4,3,2,5
add_player: FAILURE
get_team_points: SUCCESS, 0
add_player: SUCCESS
add_player: SUCCESS
buy_team: SUCCESS
get_player_cards: SUCCESS, 20
play_match: FAILURE
add_team: FAILURE
add_player: SUCCESS
add_team: FAILURE
add_player_cards: SUCCESS
add_team: FAILURE
add_player: SUCCESS
add_player_cards: SUCCESS
add_player: SUCCESS
get_ith_pointless_ability: SUCCESS, 10
add_player: SUCCESS
get_ith_pointless_ability: FAILURE
play_match: FAILURE
get_player_cards: SUCCESS, 10
get_ith_pointless_ability: FAILURE
add_player: SUCCESS
add_player: FAILURE
get_ith_pointless_ability: FAILURE
add_player_cards: SUCCESS
add_player: SUCCESS
remove_team: FAILURE
get_player_cards: SUCCESS, 229
add_player: SUCCESS
play_match: FAILURE
get_team_points: SUCCESS, 0
get_team_points: SUCCESS, 0
add_player: SUCCESS
remove_team: FAILURE
buy_team: SUCCESS
buy_team: SUCCESS
add_player: SUCCESS
get_player_cards: SUCCESS, 179
buy_team: SUCCESS
add_player_cards: SUCCESS
get_partial_spirit: SUCCESS, 1,2,3,4,5
remove_team: FAILURE
get_partial_spirit: SUCCESS, 4,5,3,1,2
get_team_points: SUCCESS, 0
add_player: SUCCESS
get_ith_pointless_ability: SUCCESS, 90
remove_team: FAILURE
add_player: SUCCESS
buy_team: SUCCESS
add_player_cards: SUCCESS
get_player_cards: SUCCESS, 165
add_team: FAILURE
get_player_cards: SUCCESS, 41
play_match: FAILURE
buy_team: SUCCESS
get_partial_spirit: SUCCESS, 1,2,3,4,5
buy_team: SUCCESS
add_player_cards: SUCCESS
remove_team: FAILURE
play_match: FAILURE
get_player_cards: SUCCESS, 206
get_partial_spirit: SUCCESS, 1,4,2,3,5
add_player: SUCCESS
play_match: FAILURE
add_player: SUCCESS
num_played_games_for_player: SUCCESS, 22
add_player: SUCCESS
get_player_cards: SUCCESS, 101
add_team: FAILURE
add_player: FAILURE
add_player_cards: SUCCESS
add_player_cards: SUCCESS
add_player: SUCCESS
add_team: FAILURE
add_player: SUCCESS
add_player: SUCCESS
num_played_games_for_player: SUCCESS, 22
buy_team: SUCCESS
get_team_points: SUCCESS, 0
num_played_games_for_player: SUCCESS, 22
get_team_points: SUCCESS, 0
add_player: SUCCESS
add_player: SUCCESS
get_ith_pointless_ability: FAILURE
get_player_cards: SUCCESS, 197
get_team_points: SUCCESS, 0
add_player: SUCCESS
add_player: SUCCESS
num_played_games_for_player: SUCCESS, 22
play_match: FAILURE
add_player: SUCCESS
play_match: FAILURE
get_partial_spirit: SUCCESS, 3,2,4,1,5
add_player: SUCCESS
get_partial_spirit: SUCCESS, 4,5,2,1,3
add_player: SUCCESS
get_team_points: SUCCESS, 0
buy_team: SUCCESS
add_player: FAILURE
play_match: FAILURE
add_player: SUCCESS
add_team: FAILURE
get_ith_pointless_ability: FAILURE
get_ith_pointless_ability: SUCCESS, 48
get_team_points: SUCCESS, 0
add_player: SUCCESS
get_team_points: SUCCESS, 0
get_partial_spirit: SUCCESS, 2,1,4,3,5
get_partial_spirit: SUCCESS, 5,3,1,4,2
add_player: SUCCESS
get_partial_spirit: SUCCESS, 1,2,3,4,5
add_player: SUCCESS
get_partial_spirit: SUCCESS, 5,3,2,1,4
get_ith_pointless_ability: FAILURE
add_team: FAILURE
get_team_points: SUCCESS, 0
get_ith_pointless_ability: FAILURE
add_player_cards: SUCCESS
num_played_games_for_player: SUCCESS, 22
play_match: FAILURE
num_played_games_for_player: SUCCESS, 22
add_player: SUCCESS
play_match: SUCCESS, 3
num_played_games_for_player: SUCCESS, 22
get_player_cards: SUCCESS, 8
get_team_points: SUCCESS, 0
add_team: FAILURE
get_ith_pointless_ability: SUCCESS, 59
num_played_games_for_player: SUCCESS, 22
get_ith_pointless_ability: FAILURE
get_team_points: SUCCESS, 0
buy_team: SUCCESS
buy_team: SUCCESS
play_match: FAILURE
remove_team: FAILURE
remove_team: FAILURE
add_player: SUCCESS
get_player_cards: SUCCESS, 143
add_player: SUCCESS
buy_team: SUCCESS
get_partial_spirit: SUCCESS, 1,2,3,4,5
remove_team: FAILURE
num_played_games_for_player: SUCCESS, 22
get_player_cards: SUCCESS, 101
buy_team: SUCCESS
get_partial_spirit: SUCCESS, 1,2,3,4,5
add_team: FAILURE
add_team: FAILURE
get_player_cards: SUCCESS, 184
get_partial_spirit: SUCCESS, 4,2,3,1,5
add_team: FAILURE
get_team_points: SUCCESS, 0
get_player_cards: SUCCESS, 88
num_played_games_for_player: SUCCESS, 22
buy_team: SUCCESS
add_player: SUCCESS
get_ith_pointless_ability: SUCCESS, 57
add_player: SUCCESS
play_match: SUCCESS, 3
get_ith_pointless_ability: SUCCESS, 90
add_player: SUCCESS
add_player: SUCCESS
add_player_cards: SUCCESS
buy_team: SUCCESS
get_ith_pointless_ability: SUCCESS, 46
get_partial_spirit: SUCCESS, 1,2,3,5,4
get_team_points: SUCCESS, 0
add_player: SUCCESS
add_player_cards: SUCCESS
get_ith_pointless_ability: FAILURE
get_team_points: SUCCESS, 0
remove_team: FAILURE
num_played_games_for_player: SUCCESS, 22
buy_team: SUCCESS
add_team: FAILURE
get_ith_pointless_ability: FAILURE
get_player_cards: SUCCESS, 229
get_ith_pointless_ability: FAILURE
get_ith_pointless_ability: SUCCESS, 16
add_player_cards: SUCCESS
buy_team: SUCCESS
add_player: SUCCESS
get_team_points: SUCCESS, 0
add_player: SUCCESS
get_player_cards: SUCCESS, 162
remove_team: FAILURE
add_player: FAILURE
get_ith_pointless_ability: SUCCESS, 77
num_played_games_for_player: SUCCESS, 22
get_player_cards: SUCCESS, 192
get_team_points: SUCCESS, 0
get_player_cards: SUCCESS, 95
add_player: SUCCESS
play_match: SUCCESS, 3
add_player_cards: SUCCESS
add_player: SUCCESS
get_partial_spirit: SUCCESS, 1,3,4,5,2
add_player: SUCCESS
add_player: SUCCESS
add_team: FAILURE
get_player_cards: SUCCESS, 209
buy_team: SUCCESS
num_played_games_for_player: SUCCESS, 22
num_played_games_for_player: SUCCESS, 22
remove_team: FAILURE
num_played_games_for_player: SUCCESS, 22
remove_team: FAILURE
get_ith_pointless_ability: FAILURE
get_player_cards: SUCCESS, 180
get_partial_spirit: SUCCESS, 1,3,4,5,2
num_played_games_for_player: SUCCESS, 22
remove_team: FAILURE
remove_team: FAILURE
add_player_cards: SUCCESS
get_team_points: SUCCESS, 0
remove_team: FAILURE
add_player: SUCCESS
add_player_cards: SUCCESS
play_match: FAILURE
get_ith_pointless_ability: SUCCESS, 57
num_played_games_for_player: SUCCESS, 22
get_player_cards: SUCCESS, 78
buy_team: SUCCESS
add_team: FAILURE
add_player_cards: SUCCESS
add_team: FAILURE
get_player_cards: SUCCESS, 234
get_player_cards: SUCCESS, 158
add_player_cards: SUCCESS
add_player: SUCCESS
add_player: FAILURE
add_player: SUCCESS
add_player: FAILURE
add_player: SUCCESS
get_player_cards: SUCCESS, 70
buy_team: SUCCESS
get_ith_pointless_ability: FAILURE
add_player: FAILURE
add_player: FAILURE
get_ith_pointless_ability: SUCCESS, 37
get_partial_spirit: SUCCESS, 1,2,3,4,5
get_team_points: SUCCESS, 0
add_player: SUCCESS
remove_team: FAILURE
add_player_cards: SUCCESS
add_player_cards: SUCCESS
remove_team: FAILURE
add_player: SUCCESS
buy_team: SUCCESS
add_player: SUCCESS
add_player_cards: SUCCESS
add_player_cards: SUCCESS
add_player: SUCCESS
get_ith_pointless_ability: FAILURE
add_player: SUCCESS
num_played_games_for_player: SUCCESS, 22
play_match: SUCCESS, 1
play_match: FAILURE
get_ith_pointless_ability: SUCCESS, 58
get_player_cards: SUCCESS, 158
add_team: FAILURE
get_team_points: SUCCESS, 0
get_partial_spirit: SUCCESS, 1,2,3,4,5
add_player: SUCCESS
buy_team: SUCCESS
num_played_games_for_player: SUCCESS, 22
play_match: FAILURE
get_team_points: SUCCESS, 0
play_match: SUCCESS, 1
buy_team: SUCCESS
remove_team: FAILURE
get_ith_pointless_ability: SUCCESS, 95
remove_team: FAILURE
get_player_cards: SUCCESS, 405
get_ith_pointless_ability: SUCCESS, 97
remove_team: FAILURE
get_team_points: SUCCESS, 0
get_partial_spirit: SUCCESS, 1,2,3,4,5
get_ith_pointless_ability: FAILURE
get_partial_spirit: SUCCESS, 4,3,5,1,2
add_player: SUCCESS
add_player: FAILURE
add_player_cards: SUCCESS
get_player_cards: SUCCESS, 238
add_team: FAILURE
get_ith_pointless_ability: SUCCESS, 97
add_player_cards: SUCCESS
get_team_points: SUCCESS, 0
get_ith_pointless_ability: SUCCESS, 39
get_player_cards: SUCCESS, 23
buy_team: SUCCESS
get_partial_spirit: SUCCESS, 1,2,3,4,5
add_player: FAILURE
get_ith_pointless_ability: SUCCESS, 40
add_player: SUCCESS
add_player: SUCCESS
add_team: FAILURE
add_player_cards: SUCCESS
add_team: FAILURE
add_team: FAILURE
remove_team: FAILURE
add_team: FAILURE
remove_team: FAILURE
remove_team: FAILURE
add_player: SUCCESS
buy_team: SUCCESS
add_player_cards: SUCCESS
add_player: FAILURE
num_played_games_for_player: SUCCESS, 22
remove_team: FAILURE
add_team: FAILURE
remove_team: FAILURE
get_partial_spirit: SUCCESS, 1,3,2,4,5
remove_team: FAILURE
get_player_cards: SUCCESS, 181
get_player_cards: SUCCESS, 46
get_ith_pointless_ability: SUCCESS, 73
get_ith_pointless_ability: SUCCESS, 2
get_partial_spirit: SUCCESS, 4,3,1,2,5
add_player: FAILURE
add_player: FAILURE
add_player: FAILURE
add_team: FAILURE
add_player_cards: SUCCESS
get_partial_spirit: SUCCESS, 5,4,2,3,1
add_player: FAILURE
get_ith_pointless_ability: SUCCESS, 1
num_played_games_for_player: SUCCESS, 22
buy_team: SUCCESS
num_played_games_for_player: SUCCESS, 22
get_player_cards: SUCCESS, 198
add_player_cards: SUCCESS
get_team_points: SUCCESS, 0
add_team: FAILURE
get_player_cards: SUCCESS, 181
play_match: FAILURE
add_team: FAILURE
play_match: FAILURE
add_player_cards: SUCCESS
add_player: FAILURE
remove_team: FAILURE
add_player: FAILURE
get_player_cards: SUCCESS, 209
add_player_cards: SUCCESS
add_player: FAILURE
add_player_cards: SUCCESS
add_team: FAILURE
add_player: FAILURE
get_player_cards: SUCCESS, 46
num_played_games_for_player: SUCCESS, 22
add_player: FAILURE
add_player: FAILURE
play_match: SUCCESS, 1
get_ith_pointless_ability: SUCCESS, 78
add_team: FAILURE
get_partial_spirit: SUCCESS, 1,2,3,4,5
add_player: FAILURE
remove_team: FAILURE
add_player: FAILURE
add_player: FAILURE
add_team: FAILURE
num_played_games_for_player: SUCCESS, 22
remove_team: FAILURE
get_ith_pointless_ability: SUCCESS, 90
remove_team: FAILURE
play_match: SUCCESS, 3
play_match: FAILURE
num_played_games_for_player: SUCCESS, 22
get_team_points: SUCCESS, 0
get_player_cards: SUCCESS, 63
add_team: FAILURE
add_player: FAILURE
add_player_cards: SUCCESS
buy_team: SUCCESS
remove_team: FAILURE
add_team: FAILURE
play_match: SUCCESS, 1
get_team_points: SUCCESS, 0
add_player_cards: SUCCESS
add_team: FAILURE
buy_team: SUCCESS
add_player_cards: SUCCESS
num_played_games_for_player: SUCCESS, 22
get_ith_pointless_ability: SUCCESS, 87
get_player_cards: SUCCESS, 75
add_player: FAILURE
add_team: FAILURE
add_player: FAILURE
add_player: FAILURE
play_match: FAILURE
add_player: FAILURE
num_played_games_for_player: SUCCESS, 22
add_team: FAILURE
get_player_cards: SUCCESS, 209
add_player: FAILURE
add_player: FAILURE
get_partial_spirit: SUCCESS, 1,3,4,5,2
remove_team: FAILURE
buy_team: SUCCESS
buy_team: SUCCESS
add_player_cards: SUCCESS
get_ith_pointless_ability: FAILURE
add_player_cards: SUCCESS
get_player_cards: SUCCESS, 160
add_player: FAILURE
add_player: FAILURE
get_ith_pointless_ability: SUCCESS, 97
play_match: SUCCESS, 1
add_player_cards: SUCCESS
get_team_points: SUCCESS, 0
get_partial_spirit: SUCCESS, 5,3,1,2,4
num_played_games_for_player: SUCCESS, 22
get_partial_spirit: SUCCESS, 4,5,2,1,3
get_team_points: SUCCESS, 0
add_player: FAILURE
get_team_points: SUCCESS, 0
play_match: FAILURE
add_player: FAILURE
get_player_cards: SUCCESS, 70
play_match: FAILURE
add_team: FAILURE
get_ith_pointless_ability: SUCCESS, 36
get_partial_spirit: SUCCESS, 1,2,3,4,5
buy_team: SUCCESS
num_played_games_for_player: SUCCESS, 22
get_team_points: SUCCESS, 0
add_player: FAILURE
get_partial_spirit: SUCCESS, 5,2,1,4,3
add_player: FAILURE
add_player: FAILURE
get_player_cards: SUCCESS, 179
play_match: FAILURE
get_partial_spirit: FAILURE
get_player_cards: SUCCESS, 260
add_player: FAILURE
add_player: FAILURE
get_ith_pointless_ability: FAILURE
add_team: FAILURE
remove_team: FAILURE
buy_team: SUCCESS
play_match: FAILURE
num_played_games_for_player: SUCCESS, 22
get_player_cards: SUCCESS, 201
add_player: FAILURE
remove_team: FAILURE
add_player_cards: SUCCESS
get_player_cards: SUCCESS, 238
get_partial_spirit: SUCCESS, 1,2,3,4,5
num_played_games_for_player: SUCCESS, 22
num_played_games_for_player: SUCCESS, 22
get_team_points: SUCCESS, 3
buy_team: SUCCESS
remove_team: FAILURE
add_player: FAILURE
get_ith_pointless_ability: SUCCESS, 97
add_team: FAILURE
num_played_games_for_player: SUCCESS, 22
play_match: FAILURE
play_match: FAILURE
buy_team: SUCCESS
buy_team: SUCCESS
num_played_games_for_player: SUCCESS, 22
add_team: FAILURE
add_player_cards: SUCCESS
get_partial_spirit: FAILURE
add_player: FAILURE
buy_team: SUCCESS
remove_team: FAILURE
get_partial_spirit: SUCCESS, 1,3,4,5,2
get_player_cards: SUCCESS, 405
add_player: FAILURE
add_player_cards: SUCCESS
buy_team: SUCCESS
add_player: FAILURE
get_player_cards: SUCCESS, 41
add_player: FAILURE
num_played_games_for_player: SUCCESS, 22
remove_team: FAILURE
get_team_points: SUCCESS, 3
get_partial_spirit: SUCCESS, 3,5,4,2,1
add_team: FAILURE
remove_team: FAILURE
add_player: FAILURE
add_player: FAILURE
buy_team: SUCCESS
remove_team: FAILURE
get_team_points: SUCCESS, 0
add_player: FAILURE
get_partial_spirit: SUCCESS, 1,3,4,5,2
get_team_points: FAILURE
add_team: FAILURE
get_ith_pointless_ability: FAILURE
get_partial_spirit: SUCCESS, 5,3,2,1,4
get_team_points: SUCCESS, 0
play_match: FAILURE
add_player_cards: SUCCESS
play_match: FAILURE
get_ith_pointless_ability: SUCCESS, 83
get_player_cards: SUCCESS, 173
num_played_games_for_player: SUCCESS, 22
add_player: FAILURE
add_team: FAILURE
add_player_cards: SUCCESS
get_partial_spirit: FAILURE
add_player_cards: SUCCESS
play_match: FAILURE
play_match: FAILURE
get_ith_pointless_ability: FAILURE
add_player: FAILURE
add_player: FAILURE
add_player: FAILURE
buy_team: SUCCESS
get_partial_spirit: SUCCESS, 1,3,2,4,5
add_player: FAILURE
add_player: FAILURE
add_team: FAILURE
get_partial_spirit: SUCCESS, 5,3,4,2,1
get_partial_spirit: SUCCESS, 1,2,3,4,5
play_match: FAILURE
get_player_cards: SUCCESS, 54
add_player_cards: SUCCESS
num_played_games_for_player: SUCCESS, 22
add_player_cards: SUCCESS
get_player_cards: SUCCESS, 272
add_player: FAILURE
add_player: FAILURE
play_match: FAILURE
add_player: FAILURE
add_player_cards: SUCCESS
get_team_points: SUCCESS, 0
num_played_games_for_player: SUCCESS, 22
add_player: FAILURE
get_player_cards: SUCCESS, 246
get_ith_pointless_ability: SUCCESS, 86
get_player_cards: SUCCESS, 142
get_player_cards: SUCCESS, 293
play_match: SUCCESS, 1
num_played_games_for_player: SUCCESS, 22
get_ith_pointless_ability: SUCCESS, 16
get_partial_spirit: SUCCESS, 4,1,5,3,2
get_ith_pointless_ability: SUCCESS, 14
add_player: FAILURE
add_player: FAILURE
play_match: SUCCESS, 1
add_player_cards: SUCCESS
play_match: SUCCESS, 1
add_team: FAILURE
add_team: FAILURE
play_match: SUCCESS, 3
num_played_games_for_player: SUCCESS, 22
remove_team: FAILURE
get_ith_pointless_ability: SUCCESS, 16
play_match: FAILURE
num_played_games_for_player: SUCCESS, 22
buy_team: SUCCESS
add_team: FAILURE
add_player: FAILURE
add_player: FAILURE
add_player: FAILURE
num_played_games_for_player: SUCCESS, 22
num_played_games_for_player: SUCCESS, 22
add_player: FAILURE
add_team: FAILURE
get_partial_spirit: FAILURE
buy_team: SUCCESS
play_match: SUCCESS, 1
get_ith_pointless_ability: SUCCESS, 40
add_team: FAILURE
add_player: FAILURE
add_player: FAILURE
add_player: FAILURE
get_player_cards: SUCCESS, 71
add_team: FAILURE
get_ith_pointless_ability: SUCCESS, 10
add_player: FAILURE
add_team: FAILURE
play_match: FAILURE
num_played_games_for_player: SUCCESS, 22
remove_team: FAILURE
get_player_cards: SUCCESS, 229
remove_team: FAILURE
get_partial_spirit: SUCCESS, 1,2,3,4,5
get_partial_spirit: SUCCESS, 4,5,3,1,2
get_player_cards: SUCCESS, 56
add_player: FAILURE
buy_team: SUCCESS
get_ith_pointless_ability: SUCCESS, 47
get_player_cards: SUCCESS, 123
add_player: FAILURE
get_team_points: SUCCESS, 0
get_team_points: FAILURE
get_player_cards: SUCCESS, 113
num_played_games_for_player: SUCCESS, 22
add_team: FAILURE
play_match: FAILURE
play_match: FAILURE
add_player: FAILURE
add_player: FAILURE
num_played_games_for_player: SUCCESS, 22
get_team_points: FAILURE
num_played_games_for_player: SUCCESS, 22
num_played_games_for_player: SUCCESS, 22
play_match: FAILURE
get_partial_spirit: SUCCESS, 4,3,5,1,2
play_match: FAILURE
add_player: FAILURE
get_team_points: FAILURE
get_team_points: SUCCESS, 0
add_player: FAILURE
add_player_cards: SUCCESS
get_player_cards: SUCCESS, 11
get_player_cards: SUCCESS, 550
add_player: FAILURE
num_played_games_for_player: SUCCESS, 22
add_player_cards: FAILURE
play_match: FAILURE
get_ith_pointless_ability: SUCCESS, 10
buy_team: SUCCESS
remove_team: FAILURE
remove_team: FAILURE
add_player: FAILURE
add_player: FAILURE
num_played_games_for_player: SUCCESS, 22
get_partial_spirit: FAILURE
get_team_points: FAILURE
play_match: FAILURE
get_team_points: SUCCESS, 0
add_player: FAILURE
get_player_cards: SUCCESS, 275
num_played_games_for_player: SUCCESS, 22
add_team: FAILURE
buy_team: SUCCESS
add_player: FAILURE
buy_team: SUCCESS
add_player: FAILURE
add_player_cards: SUCCESS
num_played_games_for_player: SUCCESS, 22
num_played_games_for_player: SUCCESS, 22
remove_team: FAILURE
add_player: FAILURE
add_player: FAILURE
play_match: FAILURE
get_ith_pointless_ability: FAILURE
add_player: FAILURE
add_player: FAILURE
get_team_points: SUCCESS, 3
add_team: FAILURE
add_player: FAILURE
add_player: FAILURE
add_player: FAILURE
num_played_games_for_player: SUCCESS, 22
get_ith_pointless_ability: SUCCESS, 73
buy_team: SUCCESS
add_player_cards: SUCCESS
num_played_games_for_player: SUCCESS, 22
play_match: FAILURE
get_team_points: SUCCESS, 0
add_player: FAILURE
remove_team: FAILURE
add_player_cards: FAILURE
get_partial_spirit: SUCCESS, 4,1,3,2,5
get_partial_spirit: FAILURE
play_match: SUCCESS, 1
remove_team: FAILURE
play_match: FAILURE
add_player: FAILURE
add_player: FAILURE
add_player: FAILURE
get_ith_pointless_ability: SUCCESS, 87
add_player: FAILURE
remove_team: FAILURE
get_player_cards: SUCCESS, 67
get_team_points: SUCCESS, 3
add_player: FAILURE
add_player: FAILURE
remove_team: FAILURE
get_ith_pointless_ability: FAILURE
add_player: FAILURE
play_match: FAILURE
add_player_cards: FAILURE
add_player_cards: SUCCESS
add_team: FAILURE
get_team_points: SUCCESS, 0
add_team: FAILURE
get_ith_pointless_ability: FAILURE
add_player: FAILURE
remove_team: FAILURE
add_player: FAILURE
remove_team: FAILURE
add_player: FAILURE
add_player: FAILURE
get_ith_pointless_ability: SUCCESS, 39
add_player: FAILURE
add_player_cards: SUCCESS
remove_team: FAILURE
add_player_cards: SUCCESS
get_player_cards: SUCCESS, 172
get_ith_pointless_ability: SUCCESS, 69
buy_team: SUCCESS
add_player: FAILURE
buy_team: SUCCESS
num_played_games_for_player: SUCCESS, 22
get_partial_spirit: FAILURE
play_match: FAILURE
add_player_cards: SUCCESS
add_player: FAILURE
play_match: FAILURE
remove_team: FAILURE
get_player_cards: SUCCESS, 478
get_partial_spirit: SUCCESS, 3,5,4,2,1
get_team_points: SUCCESS, 3
remove_team: FAILURE
get_partial_spirit: SUCCESS, 1,2,3,4,5
add_player: FAILURE
get_ith_pointless_ability: SUCCESS, 59
remove_team: FAILURE
get_player_cards: SUCCESS, 272
get_partial_spirit: SUCCESS, 4,5,3,1,2
get_player_cards: SUCCESS, 137
add_player: FAILURE
play_match: FAILURE
buy_team: SUCCESS
add_team: FAILURE
buy_team: SUCCESS
add_player: FAILURE
add_player: FAILURE
get_ith_pointless_ability: FAILURE
num_played_games_for_player: SUCCESS, 22
get_player_cards: SUCCESS, 123
get_ith_pointless_ability: FAILURE
get_player_cards: SUCCESS, 101
add_player_cards: SUCCESS
get_team_points: SUCCESS, 0
remove_team: FAILURE
remove_team: FAILURE
get_player_cards: SUCCESS, 294
buy_team: SUCCESS
add_player: FAILURE
remove_team: FAILURE
add_player_cards: SUCCESS
add_player: FAILURE
play_match: FAILURE
add_team: FAILURE
add_team: FAILURE
add_team: FAILURE
get_player_cards: SUCCESS, 287
remove_team: FAILURE
get_player_cards: SUCCESS, 335
add_player: FAILURE
play_match: FAILURE
buy_team: SUCCESS
remove_team: FAILURE
get_player_cards: SUCCESS, 101
buy_team: SUCCESS
remove_team: FAILURE
remove_team: FAILURE
get_partial_spirit: FAILURE
buy_team: SUCCESS
get_ith_pointless_ability: FAILURE
play_match: FAILURE
add_team: FAILURE
get_ith_pointless_ability: SUCCESS, 40
get_team_points: SUCCESS, 0
num_played_games_for_player: SUCCESS, 22
play_match: FAILURE
num_played_games_for_player: SUCCESS, 22
add_player: FAILURE
buy_team: SUCCESS
get_player_cards: SUCCESS, 192
add_player: FAILURE
get_partial_spirit: SUCCESS, 5,2,1,4,3
add_player: FAILURE
get_partial_spirit: FAILURE
add_team: FAILURE
add_player: FAILURE
remove_team: FAILURE
play_match: FAILURE
get_player_cards: SUCCESS, 366
get_ith_pointless_ability: SUCCESS, 97
buy_team: SUCCESS
get_team_points: FAILURE
buy_team: SUCCESS
get_partial_spirit: SUCCESS, 1,2,3,4,5
num_played_games_for_player: SUCCESS, 22
buy_team: SUCCESS
get_ith_pointless_ability: FAILURE
get_team_points: SUCCESS, 0
add_team: FAILURE
add_player_cards: FAILURE
get_team_points: FAILURE
add_player: FAILURE
get_ith_pointless_ability: SUCCESS, 39
add_player: FAILURE
add_player_cards: SUCCESS
add_player: FAILURE
get_team_points: FAILURE
buy_team: SUCCESS
add_player_cards: FAILURE
get_player_cards: SUCCESS, 179
remove_team: FAILURE
add_team: FAILURE
add_player: FAILURE
num_played_games_for_player: SUCCESS, 22
remove_team: FAILURE
get_partial_spirit: FAILURE
add_player: FAILURE
add_team: FAILURE
add_player_cards: FAILURE
get_partial_spirit: SUCCESS, 1,2,3,4,5
get_ith_pointless_ability: SUCCESS, 78
get_player_cards: SUCCESS, 67
get_team_points: FAILURE
add_team: FAILURE
remove_team: FAILURE
remove_team: FAILURE
get_ith_pointless_ability: SUCCESS, 42
add_player_cards: SUCCESS
add_player: FAILURE
get_team_points: SUCCESS, 0
num_played_games_for_player: SUCCESS, 22
remove_team: FAILURE
get_partial_spirit: FAILURE
add_player: FAILURE
get_player_cards: SUCCESS, 417
play_match: FAILURE
add_team: FAILURE
add_player: FAILURE
get_player_cards: SUCCESS, 164
remove_team: FAILURE
add_player: FAILURE
add_player_cards: SUCCESS
add_player: FAILURE
buy_team: SUCCESS
get_ith_pointless_ability: FAILURE
get_team_points: SUCCESS, 6
play_match: FAILURE
remove_team: FAILURE
add_player: FAILURE
play_match: FAILURE
remove_team: FAILURE
buy_team: SUCCESS
get_team_points: FAILURE
buy_team: SUCCESS
add_team: FAILURE
add_player: FAILURE
add_team: FAILURE
get_player_cards: SUCCESS, 216
get_ith_pointless_ability: FAILURE
get_player_cards: SUCCESS, 294
buy_team: SUCCESS
remove_team: FAILURE
add_player_cards: FAILURE
get_ith_pointless_ability: FAILURE
add_player_cards: FAILURE
num_played_games_for_player: SUCCESS, 22
add_team: FAILURE
play_match: SUCCESS, 3
get_team_points: SUCCESS, 0
buy_team: SUCCESS
buy_team: SUCCESS
add_team: FAILURE
get_partial_spirit: SUCCESS, 4,1,3,2,5
add_player_cards: SUCCESS
num_played_games_for_player: SUCCESS, 22
play_match: FAILURE
buy_team: SUCCESS
add_team: FAILURE
add_player: FAILURE
get_partial_spirit: FAILURE
add_player: FAILURE
play_match: FAILURE
add_player: FAILURE
get_ith_pointless_ability: SUCCESS, 72
num_played_games_for_player: SUCCESS, 22
add_player: FAILURE
get_partial_spirit: SUCCESS, 4,5,3,1,2
get_player_cards: SUCCESS, 216
add_player_cards: SUCCESS
num_played_games_for_player: SUCCESS, 22
remove_team: FAILURE
get_partial_spirit: SUCCESS, 4,5,2,1,3
add_player_cards: SUCCESS
add_player: FAILURE
get_player_cards: SUCCESS, 638
add_player_cards: SUCCESS
add_player: FAILURE
add_team: FAILURE
remove_team: FAILURE
buy_team: SUCCESS
play_match: FAILURE
play_match: FAILURE
add_player: FAILURE
add_player: FAILURE
add_player: FAILURE
