add_team: SUCCESS
add_team: SUCCESS
add_team: SUCCESS
add_team: SUCCESS
add_team: SUCCESS
add_team: SUCCESS
add_team: SUCCESS
add_team: SUCCESS
add_team: SUCCESS
add_team: SUCCESS
add_team: SUCCESS
add_team: SUCCESS
add_team: SUCCESS
add_team: SUCCESS
add_team: SUCCESS
add_team: SUCCESS
add_team: SUCCESS
add_team: SUCCESS
add_team: SUCCESS
add_team: SUCCESS
add_team: SUCCESS
add_team: SUCCESS
add_team: SUCCESS
add_team: SUCCESS
add_team: SUCCESS
add_team: SUCCESS
add_team: SUCCESS
add_team: SUCCESS
add_team: SUCCESS
add_team: SUCCESS
add_team: SUCCESS
add_team: SUCCESS
add_team: SUCCESS
add_team: SUCCESS
add_team: SUCCESS
add_team: SUCCESS
add_team: SUCCESS
add_team: SUCCESS
add_team: SUCCESS
add_team: SUCCESS
add_team: SUCCESS
add_team: SUCCESS
add_team: SUCCESS
add_team: SUCCESS
add_team: SUCCESS
add_team: SUCCESS
add_team: SUCCESS
add_team: SUCCESS
add_team: SUCCESS
add_team: SUCCESS
add_team: SUCCESS
add_team: SUCCESS
add_team: SUCCESS
add_team: SUCCESS
add_team: SUCCESS
add_team: SUCCESS
add_team: SUCCESS
add_team: SUCCESS
add_team: SUCCESS
add_team: SUCCESS
add_team: SUCCESS
add_team: SUCCESS
add_team: SUCCESS
add_team: SUCCESS
add_team: SUCCESS
add_team: SUCCESS
add_team: SUCCESS
add_team: SUCCESS
add_team: SUCCESS
add_team: SUCCESS
add_team: SUCCESS
add_team: SUCCESS
add_team: SUCCESS
add_team: SUCCESS
add_team: SUCCESS
add_team: SUCCESS
add_team: SUCCESS
add_team: SUCCESS
add_team: SUCCESS
add_team: SUCCESS
add_team: SUCCESS
add_team: SUCCESS
add_team: SUCCESS
add_team: SUCCESS
add_team: SUCCESS
add_team: SUCCESS
add_team: SUCCESS
add_team: SUCCESS
add_team: SUCCESS
add_team: SUCCESS
add_team: SUCCESS
add_team: SUCCESS
add_team: SUCCESS
add_team: SUCCESS
add_team: SUCCESS
add_team: SUCCESS
add_team: SUCCESS
add_team: SUCCESS
add_team: SUCCESS
add_team: SUCCESS
add_player: SUCCESS
add_player: SUCCESS
add_player: SUCCESS
add_player: SUCCESS
add_player: SUCCESS
add_player: SUCCESS
add_player: SUCCESS
add_player: SUCCESS
add_player: SUCCESS
add_player: SUCCESS
add_player: SUCCESS
add_player: SUCCESS
add_player: SUCCESS
add_player: SUCCESS
add_player: SUCCESS
add_player: SUCCESS
add_player: SUCCESS
add_player: SUCCESS
add_player: SUCCESS
add_player: SUCCESS
add_player: SUCCESS
add_player: SUCCESS
add_player: SUCCESS
add_player: SUCCESS
add_player: SUCCESS
add_player: SUCCESS
add_player: SUCCESS
add_player: SUCCESS
add_player: SUCCESS
add_player: SUCCESS
add_player: SUCCESS
add_player: SUCCESS
add_player: SUCCESS
add_player: SUCCESS
add_player: SUCCESS
add_player: SUCCESS
add_player: SUCCESS
add_player: SUCCESS
add_player: SUCCESS
add_player: SUCCESS
add_player: SUCCESS
add_player: SUCCESS
add_player: SUCCESS
add_player: SUCCESS
add_player: SUCCESS
add_player: SUCCESS
add_player: SUCCESS
add_player: SUCCESS
add_player: SUCCESS
add_player: SUCCESS
add_player: SUCCESS
add_player: SUCCESS
add_player: SUCCESS
add_player: SUCCESS
add_player: SUCCESS
add_player: SUCCESS
add_player: SUCCESS
add_player: SUCCESS
add_player: SUCCESS
add_player: SUCCESS
add_player: SUCCESS
add_player: SUCCESS
add_player: SUCCESS
add_player: SUCCESS
add_player: SUCCESS
add_player: SUCCESS
add_player: SUCCESS
add_player: SUCCESS
add_player: SUCCESS
add_player: SUCCESS
add_player: SUCCESS
add_player: SUCCESS
add_player: SUCCESS
add_player: SUCCESS
add_player: SUCCESS
add_player: SUCCESS
add_player: SUCCESS
add_player: SUCCESS
add_player: SUCCESS
add_player: SUCCESS
add_player: SUCCESS
add_player: SUCCESS
add_player: SUCCESS
add_player: SUCCESS
add_player: SUCCESS
add_player: SUCCESS
add_player: SUCCESS
add_player: SUCCESS
add_player: SUCCESS
add_player: SUCCESS
add_player: SUCCESS
add_player: SUCCESS
add_player: SUCCESS
add_player: SUCCESS
add_player: SUCCESS
add_player: SUCCESS
add_player: SUCCESS
add_player: SUCCESS
add_player: SUCCESS
add_player: SUCCESS
play_match: FAILURE
get_ith_pointless_ability: FAILURE
get_partial_spirit: SUCCESS, 1,2,3,4,5
add_player: SUCCESS
get_ith_pointless_ability: SUCCESS, 87
add_player_cards: SUCCESS
get_team_points: SUCCESS, 0
num_played_games_for_player: SUCCESS, 22
buy_team: SUCCESS
get_partial_spirit: SUCCESS, 1,2,3,4,5
add_team: SUCCESS
add_player_cards: SUCCESS
remove_team: FAILURE
add_player: SUCCESS
remove_team: FAILURE
get_team_points: SUCCESS, 0
get_partial_spirit: SUCCESS, 2,4,1,3,5
remove_team: FAILURE
add_player_cards: SUCCESS
add_player_cards: SUCCESS
get_team_points: SUCCESS, 0
get_partial_spirit: SUCCESS, 1,2,5,4,3
add_team: FAILURE
buy_team: SUCCESS
get_ith_pointless_ability: FAILURE
get_player_cards: SUCCESS, 223
get_player_cards: SUCCESS, 133
remove_team: FAILURE
play_match: FAILURE
add_team: FAILURE
get_team_points: SUCCESS, 0
get_team_points: SUCCESS, 0
add_player: SUCCESS
add_player: SUCCESS
add_player_cards: SUCCESS
add_player_cards: SUCCESS
remove_team: FAILURE
add_player_cards: SUCCESS
add_player: SUCCESS
add_player: SUCCESS
play_match: FAILURE
num_played_games_for_player: SUCCESS, 22
remove_team: FAILURE
add_player: SUCCESS
get_ith_pointless_ability: FAILURE
get_ith_pointless_ability: FAILURE
get_ith_pointless_ability: FAILURE
add_player: SUCCESS
get_partial_spirit: SUCCESS, 1,2,3,4,5
add_player_cards: SUCCESS
get_team_points: SUCCESS, 0
get_ith_pointless_ability: FAILURE
add_player: SUCCESS
num_played_games_for_player: SUCCESS, 22
add_player: SUCCESS
add_player: SUCCESS
add_player: FAILURE
add_player_cards: SUCCESS
num_played_games_for_player: SUCCESS, 22
add_player: SUCCESS
add_player: SUCCESS
add_team: FAILURE
add_player: SUCCESS
num_played_games_for_player: SUCCESS, 22
add_player: SUCCESS
buy_team: SUCCESS
add_player: SUCCESS
get_ith_pointless_ability: SUCCESS, 51
get_team_points: SUCCESS, 0
buy_team: SUCCESS
get_player_cards: SUCCESS, 237
remove_team: FAILURE
get_partial_spirit: SUCCESS, 1,2,3,4,5
num_played_games_for_player: SUCCESS, 22
remove_team: FAILURE
get_player_cards: SUCCESS, 144
add_team: FAILURE
get_partial_spirit: SUCCESS, 1,2,3,4,5
add_player: SUCCESS
add_player: SUCCESS
get_ith_pointless_ability: SUCCESS, 52
add_player: SUCCESS
play_match: FAILURE
add_player: SUCCESS
get_partial_spirit: SUCCESS, 1,2,3,4,5
add_player: FAILURE
add_player: SUCCESS
get_team_points: SUCCESS, 0
add_team: FAILURE
get_partial_spirit: SUCCESS, 1,2,3,4,5
get_partial_spirit: SUCCESS, 4,2,5,3,1
buy_team: SUCCESS
play_match: FAILURE
get_team_points: SUCCESS, 0
get_player_cards: SUCCESS, 31
add_player: SUCCESS
buy_team: SUCCESS
add_player: SUCCESS
add_player: SUCCESS
add_player: FAILURE
get_team_points: SUCCESS, 0
add_player: SUCCESS
play_match: FAILURE
get_ith_pointless_ability: SUCCESS, 4
add_player_cards: SUCCESS
remove_team: FAILURE
num_played_games_for_player: SUCCESS, 22
get_player_cards: SUCCESS, 238
get_team_points: SUCCESS, 0
num_played_games_for_player: SUCCESS, 22
buy_team: SUCCESS
add_player: SUCCESS
num_played_games_for_player: SUCCESS, 22
add_player: SUCCESS
remove_team: FAILURE
add_team: FAILURE
num_played_games_for_player: SUCCESS, 22
add_team: FAILURE
add_player: SUCCESS
buy_team: SUCCESS
get_team_points: SUCCESS, 0
get_player_cards: SUCCESS, 76
play_match: FAILURE
add_player_cards: SUCCESS
get_ith_pointless_ability: SUCCESS, 70
get_player_cards: SUCCESS, 171
add_player: SUCCESS
get_partial_spirit: SUCCESS, 2,4,1,3,5
get_partial_spirit: SUCCESS, 1,2,3,4,5
buy_team: SUCCESS
get_partial_spirit: SUCCESS, 1,3,4,5,2
get_player_cards: SUCCESS, 159
num_played_games_for_player: SUCCESS, 22
get_partial_spirit: SUCCESS, 3,5,1,2,4
get_player_cards: SUCCESS, 199
num_played_games_for_player: SUCCESS, 22
add_team: FAILURE
add_player: SUCCESS
get_partial_spirit: SUCCESS, 5,3,1,2,4
add_player: SUCCESS
add_player: SUCCESS
add_player: SUCCESS
add_player: SUCCESS
add_player: SUCCESS
get_team_points: SUCCESS, 0
add_player: SUCCESS
get_ith_pointless_ability: SUCCESS, 25
play_match: FAILURE
add_player: SUCCESS
add_team: FAILURE
get_ith_pointless_ability: FAILURE
add_player: SUCCESS
get_team_points: SUCCESS, 0
play_match: SUCCESS, 1
add_player: SUCCESS
add_player: SUCCESS
add_player: SUCCESS
num_played_games_for_player: SUCCESS, 22
add_player: SUCCESS
num_played_games_for_player: SUCCESS, 22
add_team: FAILURE
num_played_games_for_player: SUCCESS, 22
get_team_points: SUCCESS, 0
get_partial_spirit: SUCCESS, 1,2,3,4,5
add_player: SUCCESS
add_team: FAILURE
play_match: FAILURE
add_player_cards: SUCCESS
add_player: SUCCESS
remove_team: FAILURE
add_player_cards: SUCCESS
get_partial_spirit: SUCCESS, 4,3,1,2,5
add_player_cards: SUCCESS
num_played_games_for_player: SUCCESS, 22
get_partial_spirit: SUCCESS, 1,4,2,3,5
add_player: SUCCESS
get_partial_spirit: SUCCESS, 4,2,1,3,5
get_partial_spirit: SUCCESS, 3,5,1,2,4
get_player_cards: SUCCESS, 274
get_team_points: SUCCESS, 0
add_player: SUCCESS
num_played_games_for_player: SUCCESS, 22
remove_team: FAILURE
get_player_cards: SUCCESS, 144
get_player_cards: SUCCESS, 274
buy_team: SUCCESS
add_player: SUCCESS
num_played_games_for_player: SUCCESS, 22
get_partial_spirit: SUCCESS, 1,2,3,4,5
add_team: FAILURE
remove_team: FAILURE
num_played_games_for_player: SUCCESS, 22
get_partial_spirit: SUCCESS, 5,4,2,3,1
num_played_games_for_player: SUCCESS, 22
add_player_cards: SUCCESS
add_player_cards: SUCCESS
add_player: SUCCESS
num_played_games_for_player: SUCCESS, 22
add_team: FAILURE
get_player_cards: SUCCESS, 152
add_player_cards: SUCCESS
add_player_cards: SUCCESS
get_player_cards: SUCCESS, 157
add_player: SUCCESS
buy_team: SUCCESS
add_team: FAILURE
num_played_games_for_player: SUCCESS, 22
get_partial_spirit: SUCCESS, 1,2,3,4,5
add_player: SUCCESS
get_ith_pointless_ability: SUCCESS, 33
get_partial_spirit: SUCCESS, 1,2,3,4,5
get_player_cards: SUCCESS, 139
get_player_cards: SUCCESS, 31
add_player_cards: SUCCESS
add_player: SUCCESS
get_ith_pointless_ability: FAILURE
add_team: FAILURE
get_ith_pointless_ability: SUCCESS, 52
add_team: FAILURE
get_ith_pointless_ability: FAILURE
add_player_cards: SUCCESS
add_player: FAILURE
buy_team: SUCCESS
add_team: FAILURE
add_player: SUCCESS
get_partial_spirit: SUCCESS, 5,3,1,2,4
play_match: SUCCESS, 1
add_player: SUCCESS
num_played_games_for_player: SUCCESS, 22
add_player: SUCCESS
play_match: SUCCESS, 1
buy_team: SUCCESS
num_played_games_for_player: SUCCESS, 22
get_ith_pointless_ability: SUCCESS, 78
num_played_games_for_player: SUCCESS, 22
add_player: SUCCESS
add_player: SUCCESS
add_team: FAILURE
get_ith_pointless_ability: SUCCESS, 27
add_player_cards: SUCCESS
add_player_cards: SUCCESS
buy_team: SUCCESS
buy_team: SUCCESS
add_team: FAILURE
get_team_points: SUCCESS, 0
get_team_points: SUCCESS, 0
get_player_cards: SUCCESS, 372
buy_team: SUCCESS
add_player: SUCCESS
add_player: SUCCESS
get_partial_spirit: SUCCESS, 1,2,3,4,5
get_partial_spirit: SUCCESS, 4,3,1,5,2
get_partial_spirit: SUCCESS, 4,3,2,5,1
remove_team: FAILURE
get_partial_spirit: SUCCESS, 1,2,3,4,5
add_player: SUCCESS
add_player: SUCCESS
add_player: SUCCESS
add_player: SUCCESS
add_player: FAILURE
add_player_cards: SUCCESS
buy_team: SUCCESS
add_team: FAILURE
get_partial_spirit: SUCCESS, 1,2,3,4,5
get_team_points: SUCCESS, 0
add_player_cards: SUCCESS
play_match: FAILURE
buy_team: SUCCESS
add_player: SUCCESS
play_match: FAILURE
get_player_cards: SUCCESS, 275
play_match: FAILURE
add_player: SUCCESS
get_team_points: SUCCESS, 3
add_player_cards: SUCCESS
get_partial_spirit: SUCCESS, 5,2,1,4,3
add_team: FAILURE
get_ith_pointless_ability: SUCCESS, 39
add_player: SUCCESS
num_played_games_for_player: SUCCESS, 22
add_player: SUCCESS
add_player: SUCCESS
get_team_points: SUCCESS, 0
add_player_cards: SUCCESS
add_player: SUCCESS
get_team_points: SUCCESS, 0
add_player: FAILURE
play_match: FAILURE
add_player: SUCCESS
add_player_cards: SUCCESS
remove_team: FAILURE
remove_team: FAILURE
get_player_cards: SUCCESS, 54
get_player_cards: SUCCESS, 171
play_match: SUCCESS, 3
get_player_cards: SUCCESS, 139
add_team: FAILURE
play_match: SUCCESS, 3
get_player_cards: SUCCESS, 208
remove_team: FAILURE
add_player: SUCCESS
play_match: FAILURE
add_player: SUCCESS
add_player_cards: SUCCESS
add_team: FAILURE
add_player: SUCCESS
buy_team: SUCCESS
get_ith_pointless_ability: FAILURE
get_team_points: SUCCESS, 0
add_team: FAILURE
num_played_games_for_player: SUCCESS, 22
remove_team: FAILURE
add_player: SUCCESS
get_player_cards: SUCCESS, 174
get_partial_spirit: SUCCESS, 1,2,5,4,3
add_player: SUCCESS
buy_team: SUCCESS
get_player_cards: SUCCESS, 128
get_team_points: SUCCESS, 0
buy_team: SUCCESS
num_played_games_for_player: SUCCESS, 22
get_ith_pointless_ability: SUCCESS, 33
num_played_games_for_player: SUCCESS, 22
add_player: SUCCESS
add_team: FAILURE
get_partial_spirit: SUCCESS, 1,2,3,4,5
add_player_cards: SUCCESS
remove_team: FAILURE
remove_team: FAILURE
get_partial_spirit: SUCCESS, 4,3,1,2,5
add_player: FAILURE
get_team_points: SUCCESS, 0
play_match: FAILURE
get_player_cards: SUCCESS, 104
add_player: FAILURE
remove_team: FAILURE
add_player_cards: SUCCESS
remove_team: FAILURE
get_player_cards: SUCCESS, 91
num_played_games_for_player: SUCCESS, 22
play_match: SUCCESS, 1
add_team: FAILURE
get_team_points: SUCCESS, 0
remove_team: FAILURE
add_player_cards: SUCCESS
play_match: SUCCESS, 3
get_ith_pointless_ability: FAILURE
buy_team: SUCCESS
get_player_cards: SUCCESS, 114
get_team_points: SUCCESS, 0
add_player: FAILURE
buy_team: SUCCESS
add_team: FAILURE
get_ith_pointless_ability: SUCCESS, 100
add_player: FAILURE
get_player_cards: SUCCESS, 184
get_team_points: SUCCESS, 0
num_played_games_for_player: SUCCESS, 22
add_player: FAILURE
add_team: FAILURE
add_player: FAILURE
add_team: FAILURE
num_played_games_for_player: SUCCESS, 22
add_player: FAILURE
play_match: FAILURE
get_player_cards: SUCCESS, 225
get_player_cards: SUCCESS, 16
get_player_cards: SUCCESS, 189
get_team_points: SUCCESS, 0
add_player_cards: SUCCESS
get_ith_pointless_ability: SUCCESS, 6
add_player: FAILURE
get_team_points: SUCCESS, 0
num_played_games_for_player: SUCCESS, 22
add_team: FAILURE
buy_team: SUCCESS
remove_team: FAILURE
get_player_cards: SUCCESS, 220
get_ith_pointless_ability: SUCCESS, 64
get_partial_spirit: SUCCESS, 3,1,5,4,2
get_player_cards: SUCCESS, 152
add_player_cards: SUCCESS
add_player: FAILURE
add_player: FAILURE
buy_team: SUCCESS
get_team_points: SUCCESS, 0
remove_team: FAILURE
add_team: FAILURE
get_player_cards: SUCCESS, 225
get_team_points: SUCCESS, 0
add_player: FAILURE
buy_team: SUCCESS
get_player_cards: SUCCESS, 174
get_team_points: SUCCESS, 0
get_team_points: SUCCESS, 0
add_player: FAILURE
add_player: FAILURE
add_player: FAILURE
get_ith_pointless_ability: FAILURE
get_partial_spirit: SUCCESS, 5,4,1,3,2
play_match: FAILURE
get_player_cards: SUCCESS, 114
get_player_cards: SUCCESS, 51
buy_team: SUCCESS
remove_team: FAILURE
remove_team: FAILURE
add_player: FAILURE
num_played_games_for_player: SUCCESS, 22
add_player: FAILURE
add_player: FAILURE
add_player_cards: SUCCESS
num_played_games_for_player: SUCCESS, 22
add_player: FAILURE
num_played_games_for_player: SUCCESS, 22
play_match: SUCCESS, 3
buy_team: SUCCESS
add_team: FAILURE
get_ith_pointless_ability: SUCCESS, 91
num_played_games_for_player: SUCCESS, 22
get_player_cards: SUCCESS, 275
get_team_points: SUCCESS, 0
get_partial_spirit: SUCCESS, 1,2,3,4,5
add_team: FAILURE
get_team_points: SUCCESS, 0
add_player_cards: SUCCESS
add_team: FAILURE
add_player_cards: SUCCESS
get_partial_spirit: SUCCESS, 5,4,3,1,2
add_player_cards: SUCCESS
buy_team: SUCCESS
play_match: SUCCESS, 2
play_match: FAILURE
get_ith_pointless_ability: SUCCESS, 77
get_team_points: SUCCESS, 0
add_player_cards: SUCCESS
buy_team: SUCCESS
get_team_points: SUCCESS, 0
add_player_cards: SUCCESS
buy_team: SUCCESS
add_player_cards: SUCCESS
get_partial_spirit: SUCCESS, 1,2,3,4,5
buy_team: SUCCESS
add_player: FAILURE
add_team: FAILURE
num_played_games_for_player: SUCCESS, 22
num_played_games_for_player: SUCCESS, 22
get_ith_pointless_ability: SUCCESS, 38
get_player_cards: SUCCESS, 309
num_played_games_for_player: SUCCESS, 22
add_player_cards: SUCCESS
get_partial_spirit: SUCCESS, 1,2,3,4,5
buy_team: SUCCESS
play_match: SUCCESS, 3
get_ith_pointless_ability: SUCCESS, 9
num_played_games_for_player: SUCCESS, 22
get_player_cards: SUCCESS, 32
get_team_points: SUCCESS, 3
num_played_games_for_player: SUCCESS, 22
get_team_points: SUCCESS, 0
add_player: FAILURE
add_player: FAILURE
buy_team: SUCCESS
get_team_points: SUCCESS, 3
get_ith_pointless_ability: SUCCESS, 74
play_match: FAILURE
get_ith_pointless_ability: SUCCESS, 42
get_ith_pointless_ability: FAILURE
add_player: FAILURE
num_played_games_for_player: SUCCESS, 22
buy_team: SUCCESS
play_match: FAILURE
get_player_cards: SUCCESS, 90
add_team: FAILURE
num_played_games_for_player: SUCCESS, 22
buy_team: SUCCESS
get_partial_spirit: SUCCESS, 4,3,1,2,5
add_player: FAILURE
buy_team: SUCCESS
add_player: FAILURE
get_team_points: SUCCESS, 0
add_player: FAILURE
get_partial_spirit: SUCCESS, 1,2,3,4,5
num_played_games_for_player: SUCCESS, 22
add_player_cards: SUCCESS
add_player: FAILURE
get_team_points: SUCCESS, 0
remove_team: FAILURE
add_player: FAILURE
buy_team: SUCCESS
add_player_cards: SUCCESS
add_player: FAILURE
get_partial_spirit: FAILURE
get_partial_spirit: SUCCESS, 3,2,1,4,5
get_ith_pointless_ability: SUCCESS, 92
add_team: FAILURE
add_player: FAILURE
remove_team: FAILURE
num_played_games_for_player: SUCCESS, 22
get_partial_spirit: SUCCESS, 1,2,3,4,5
add_player: FAILURE
buy_team: SUCCESS
play_match: FAILURE
num_played_games_for_player: SUCCESS, 22
add_player: FAILURE
get_team_points: FAILURE
buy_team: SUCCESS
add_player: FAILURE
num_played_games_for_player: SUCCESS, 22
get_ith_pointless_ability: SUCCESS, 84
add_team: FAILURE
get_ith_pointless_ability: FAILURE
add_player: FAILURE
play_match: FAILURE
buy_team: SUCCESS
add_player: FAILURE
get_team_points: SUCCESS, 3
add_player: FAILURE
add_player_cards: SUCCESS
get_partial_spirit: SUCCESS, 4,3,2,5,1
get_partial_spirit: SUCCESS, 5,4,1,2,3
get_player_cards: SUCCESS, 241
add_player: FAILURE
get_ith_pointless_ability: SUCCESS, 40
add_player: FAILURE
get_ith_pointless_ability: SUCCESS, 95
add_player: FAILURE
get_team_points: SUCCESS, 0
remove_team: FAILURE
add_team: FAILURE
add_player: FAILURE
add_team: FAILURE
buy_team: SUCCESS
add_player: FAILURE
get_team_points: SUCCESS, 0
get_team_points: SUCCESS, 3
add_player: FAILURE
num_played_games_for_player: SUCCESS, 22
get_player_cards: SUCCESS, 104
get_ith_pointless_ability: SUCCESS, 61
get_partial_spirit: SUCCESS, 2,4,1,3,5
num_played_games_for_player: SUCCESS, 22
add_player_cards: SUCCESS
add_player_cards: SUCCESS
remove_team: FAILURE
buy_team: SUCCESS
buy_team: SUCCESS
get_partial_spirit: SUCCESS, 4,3,1,2,5
buy_team: SUCCESS
get_partial_spirit: SUCCESS, 2,5,3,4,1
buy_team: SUCCESS
play_match: FAILURE
buy_team: SUCCESS
add_team: FAILURE
add_player: FAILURE
add_player: FAILURE
get_team_points: FAILURE
get_player_cards: SUCCESS, 177
buy_team: SUCCESS
play_match: FAILURE
num_played_games_for_player: SUCCESS, 22
get_ith_pointless_ability: SUCCESS, 46
add_player: FAILURE
add_team: FAILURE
add_player_cards: SUCCESS
add_player: FAILURE
get_player_cards: SUCCESS, 191
get_player_cards: SUCCESS, 241
add_player_cards: SUCCESS
play_match: FAILURE
add_player_cards: SUCCESS
play_match: SUCCESS, 3
buy_team: SUCCESS
add_player: FAILURE
get_team_points: FAILURE
num_played_games_for_player: SUCCESS, 22
get_partial_spirit: FAILURE
play_match: FAILURE
add_team: FAILURE
get_team_points: SUCCESS, 0
play_match: SUCCESS, 3
get_partial_spirit: FAILURE
get_partial_spirit: SUCCESS, 1,2,3,4,5
get_partial_spirit: SUCCESS, 2,4,5,3,1
remove_team: FAILURE
add_player: FAILURE
add_team: FAILURE
get_player_cards: SUCCESS, 35
play_match: FAILURE
add_player_cards: SUCCESS
add_player_cards: SUCCESS
add_player: FAILURE
remove_team: FAILURE
add_team: FAILURE
play_match: SUCCESS, 1
get_ith_pointless_ability: SUCCESS, 17
add_player_cards: SUCCESS
get_player_cards: SUCCESS, 347
add_player: FAILURE
buy_team: SUCCESS
play_match: SUCCESS, 3
play_match: SUCCESS, 3
add_player: FAILURE
add_player: FAILURE
add_player: FAILURE
get_player_cards: SUCCESS, 295
get_team_points: SUCCESS, 0
add_team: FAILURE
add_team: FAILURE
get_player_cards: SUCCESS, 220
get_player_cards: SUCCESS, 226
add_player_cards: FAILURE
add_player: FAILURE
remove_team: FAILURE
add_player: FAILURE
add_team: FAILURE
get_team_points: SUCCESS, 0
remove_team: FAILURE
add_player: FAILURE
get_player_cards: SUCCESS, 197
get_partial_spirit: SUCCESS, 1,2,3,4,5
add_player: FAILURE
get_player_cards: SUCCESS, 201
add_team: FAILURE
add_player_cards: SUCCESS
get_team_points: SUCCESS, 0
remove_team: FAILURE
remove_team: FAILURE
get_partial_spirit: SUCCESS, 2,4,5,3,1
play_match: SUCCESS, 3
get_team_points: SUCCESS, 0
get_team_points: SUCCESS, 0
add_player: FAILURE
add_player: FAILURE
play_match: FAILURE
num_played_games_for_player: SUCCESS, 22
add_player_cards: SUCCESS
num_played_games_for_player: SUCCESS, 22
get_team_points: SUCCESS, 0
add_player: FAILURE
add_player_cards: SUCCESS
play_match: SUCCESS, 1
get_ith_pointless_ability: SUCCESS, 100
get_team_points: SUCCESS, 6
add_team: FAILURE
add_team: FAILURE
num_played_games_for_player: SUCCESS, 22
remove_team: FAILURE
remove_team: FAILURE
buy_team: SUCCESS
add_player: FAILURE
get_team_points: SUCCESS, 0
num_played_games_for_player: SUCCESS, 22
get_player_cards: SUCCESS, 256
get_player_cards: SUCCESS, 208
play_match: FAILURE
get_team_points: FAILURE
add_player: FAILURE
remove_team: FAILURE
buy_team: SUCCESS
add_player_cards: SUCCESS
get_team_points: SUCCESS, 6
add_player: FAILURE
add_team: FAILURE
play_match: FAILURE
add_player: FAILURE
add_player_cards: SUCCESS
add_team: FAILURE
get_partial_spirit: FAILURE
get_player_cards: SUCCESS, 251
add_player: FAILURE
get_ith_pointless_ability: SUCCESS, 77
add_player: FAILURE
remove_team: FAILURE
add_player: FAILURE
get_ith_pointless_ability: FAILURE
add_player: FAILURE
get_player_cards: SUCCESS, 251
get_team_points: FAILURE
buy_team: SUCCESS
add_player: FAILURE
add_player: FAILURE
get_ith_pointless_ability: SUCCESS, 84
get_team_points: SUCCESS, 0
get_player_cards: SUCCESS, 61
add_player: FAILURE
get_player_cards: SUCCESS, 133
add_player: FAILURE
get_team_points: FAILURE
get_player_cards: SUCCESS, 258
add_team: FAILURE
num_played_games_for_player: SUCCESS, 22
num_played_games_for_player: SUCCESS, 22
get_partial_spirit: SUCCESS, 1,2,3,4,5
remove_team: FAILURE
get_team_points: SUCCESS, 0
play_match: FAILURE
get_team_points: SUCCESS, 0
add_player_cards: FAILURE
get_partial_spirit: SUCCESS, 4,5,1,2,3
add_player: FAILURE
add_player: FAILURE
add_player: FAILURE
remove_team: FAILURE
get_partial_spirit: SUCCESS, 1,3,5,2,4
get_player_cards: SUCCESS, 101
add_player: FAILURE
get_player_cards: SUCCESS, 485
buy_team: SUCCESS
add_player_cards: SUCCESS
get_ith_pointless_ability: SUCCESS, 100
num_played_games_for_player: SUCCESS, 22
remove_team: FAILURE
add_team: FAILURE
play_match: SUCCESS, 1
add_player: FAILURE
get_player_cards: SUCCESS, 114
get_partial_spirit: SUCCESS, 2,1,5,4,3
play_match: FAILURE
remove_team: FAILURE
add_player_cards: FAILURE
add_player: FAILURE
add_player: FAILURE
num_played_games_for_player: SUCCESS, 22
get_partial_spirit: FAILURE
add_team: FAILURE
add_player: FAILURE
remove_team: FAILURE
get_partial_spirit: SUCCESS, 1,2,3,4,5
add_player: FAILURE
get_team_points: FAILURE
get_partial_spirit: SUCCESS, 3,2,1,4,5
get_team_points: SUCCESS, 0
num_played_games_for_player: SUCCESS, 22
get_team_points: SUCCESS, 3
add_player: FAILURE
get_partial_spirit: SUCCESS, 1,2,3,4,5
get_team_points: SUCCESS, 3
play_match: FAILURE
add_player: FAILURE
add_player_cards: SUCCESS
get_player_cards: SUCCESS, 269
add_player: FAILURE
get_player_cards: SUCCESS, 163
add_player: FAILURE
get_team_points: SUCCESS, 0
add_player: FAILURE
buy_team: SUCCESS
remove_team: FAILURE
play_match: FAILURE
get_ith_pointless_ability: FAILURE
num_played_games_for_player: SUCCESS, 22
add_team: FAILURE
add_team: FAILURE
add_team: FAILURE
buy_team: SUCCESS
play_match: FAILURE
add_player: FAILURE
get_ith_pointless_ability: FAILURE
add_player: FAILURE
buy_team: SUCCESS
get_ith_pointless_ability: SUCCESS, 27
add_player: FAILURE
add_team: FAILURE
add_player: FAILURE
add_player: FAILURE
num_played_games_for_player: SUCCESS, 22
add_player_cards: FAILURE
buy_team: SUCCESS
add_team: FAILURE
remove_team: FAILURE
add_player: FAILURE
remove_team: FAILURE
play_match: FAILURE
get_team_points: SUCCESS, 6
play_match: SUCCESS, 1
add_player: FAILURE
buy_team: SUCCESS
remove_team: FAILURE
add_team: FAILURE
get_team_points: FAILURE
buy_team: SUCCESS
play_match: FAILURE
add_player: FAILURE
play_match: SUCCESS, 1
add_team: FAILURE
get_ith_pointless_ability: SUCCESS, 2
play_match: SUCCESS, 3
get_team_points: SUCCESS, 0
remove_team: FAILURE
add_team: FAILURE
get_player_cards: SUCCESS, 200
buy_team: SUCCESS
get_team_points: SUCCESS, 0
remove_team: FAILURE
play_match: SUCCESS, 3
add_player_cards: SUCCESS
play_match: SUCCESS, 1
add_player_cards: SUCCESS
remove_team: FAILURE
get_player_cards: SUCCESS, 387
add_team: FAILURE
add_player: FAILURE
remove_team: FAILURE
get_team_points: SUCCESS, 0
add_team: FAILURE
add_team: FAILURE
add_player: FAILURE
remove_team: FAILURE
remove_team: FAILURE
remove_team: FAILURE
add_player_cards: FAILURE
get_team_points: SUCCESS, 0
add_team: FAILURE
add_player: FAILURE
get_ith_pointless_ability: FAILURE
add_player: FAILURE
get_partial_spirit: SUCCESS, 1,2,3,4,5
play_match: FAILURE
num_played_games_for_player: SUCCESS, 22
buy_team: SUCCESS
add_player_cards: SUCCESS
get_team_points: SUCCESS, 3
add_player_cards: SUCCESS
add_player: FAILURE
play_match: SUCCESS, 1
add_team: FAILURE
buy_team: SUCCESS
add_player: FAILURE
num_played_games_for_player: SUCCESS, 22
add_player_cards: SUCCESS
get_player_cards: SUCCESS, 200
add_team: FAILURE
add_player: FAILURE
get_ith_pointless_ability: FAILURE
add_player_cards: FAILURE
get_ith_pointless_ability: SUCCESS, 93
play_match: FAILURE
add_player: FAILURE
get_ith_pointless_ability: SUCCESS, 71
get_team_points: SUCCESS, 0
add_player: FAILURE
get_partial_spirit: SUCCESS, 1,2,3,4,5
add_player_cards: FAILURE
add_player: FAILURE
add_player: FAILURE
add_team: FAILURE
num_played_games_for_player: SUCCESS, 22
add_player_cards: SUCCESS
add_player: FAILURE
add_player_cards: SUCCESS
get_ith_pointless_ability: SUCCESS, 71
get_player_cards: SUCCESS, 144
buy_team: SUCCESS
get_partial_spirit: FAILURE
add_team: FAILURE
add_player: FAILURE
add_player: FAILURE
get_team_points: SUCCESS, 6
buy_team: SUCCESS
num_played_games_for_player: SUCCESS, 22
add_team: FAILURE
remove_team: FAILURE
add_player_cards: SUCCESS
play_match: FAILURE
add_player: FAILURE
play_match: FAILURE
add_team: FAILURE
add_player: FAILURE
remove_team: FAILURE
get_team_points: SUCCESS, 0
get_player_cards: SUCCESS, 163
get_player_cards: SUCCESS, 6
get_ith_pointless_ability: FAILURE
add_player: FAILURE
get_player_cards: SUCCESS, 512
add_player: FAILURE
add_player: FAILURE
get_partial_spirit: SUCCESS, 4,2,1,3,5
get_ith_pointless_ability: FAILURE
add_player: FAILURE
num_played_games_for_player: SUCCESS, 22
add_player: FAILURE
buy_team: SUCCESS
get_partial_spirit: SUCCESS, 1,2,3,4,5
add_team: FAILURE
add_player_cards: SUCCESS
get_player_cards: SUCCESS, 244
add_player_cards: SUCCESS
add_player: FAILURE
num_played_games_for_player: SUCCESS, 22
add_player: FAILURE
add_player: FAILURE
add_team: FAILURE
add_player_cards: FAILURE
get_ith_pointless_ability: SUCCESS, 77
remove_team: FAILURE
get_team_points: FAILURE
add_player_cards: SUCCESS
remove_team: FAILURE
add_player_cards: SUCCESS
add_player: FAILURE
get_partial_spirit: SUCCESS, 5,3,1,4,2
add_player: FAILURE
remove_team: FAILURE
get_team_points: SUCCESS, 0
get_partial_spirit: SUCCESS, 1,2,3,4,5
get_player_cards: SUCCESS, 219
get_team_points: SUCCESS, 0
get_player_cards: SUCCESS, 240
add_player_cards: FAILURE
remove_team: FAILURE
play_match: SUCCESS, 3
add_player: FAILURE
play_match: FAILURE
add_player: FAILURE
get_team_points: SUCCESS, 0
add_player_cards: SUCCESS
play_match: FAILURE
add_player: FAILURE
add_player: FAILURE
remove_team: FAILURE
add_player: FAILURE
add_player_cards: SUCCESS
get_partial_spirit: SUCCESS, 4,3,2,5,1
remove_team: FAILURE
add_player: FAILURE
get_ith_pointless_ability: SUCCESS, 84
add_player: FAILURE
add_player_cards: SUCCESS
remove_team: FAILURE
remove_team: FAILURE
get_player_cards: SUCCESS, 765
add_team: FAILURE
play_match: SUCCESS, 3
add_team: FAILURE
get_team_points: SUCCESS, 0
get_player_cards: SUCCESS, 208
add_player: FAILURE
get_partial_spirit: SUCCESS, 2,5,3,4,1
add_player: FAILURE
buy_team: SUCCESS
add_player: FAILURE
get_partial_spirit: SUCCESS, 4,3,2,5,1
num_played_games_for_player: SUCCESS, 22
get_team_points: SUCCESS, 6
get_partial_spirit: SUCCESS, 1,2,3,4,5
get_team_points: SUCCESS, 0
add_player: FAILURE
play_match: SUCCESS, 1
add_player: FAILURE
add_player: FAILURE
get_ith_pointless_ability: SUCCESS, 74
get_ith_pointless_ability: SUCCESS, 6
get_player_cards: SUCCESS, 189
add_player_cards: SUCCESS
add_team: FAILURE
play_match: FAILURE
num_played_games_for_player: SUCCESS, 22
buy_team: SUCCESS
add_player_cards: SUCCESS
get_player_cards: SUCCESS, 76
add_player: FAILURE
add_player: FAILURE
add_player: FAILURE
add_team: FAILURE
get_player_cards: SUCCESS, 139
add_player_cards: SUCCESS
buy_team: SUCCESS
play_match: FAILURE
get_team_points: SUCCESS, 0
add_player_cards: SUCCESS
add_team: FAILURE
get_ith_pointless_ability: SUCCESS, 84
num_played_games_for_player: SUCCESS, 22
add_player: FAILURE
get_player_cards: SUCCESS, 80
get_team_points: SUCCESS, 9
get_ith_pointless_ability: SUCCESS, 1
play_match: FAILURE
remove_team: FAILURE
add_player: FAILURE
add_player_cards: FAILURE
add_player_cards: SUCCESS
add_team: FAILURE
add_player: FAILURE
add_player: FAILURE
get_player_cards: SUCCESS, 216
add_player: FAILURE
get_player_cards: SUCCESS, 293
add_player: FAILURE
add_player: FAILURE
num_played_games_for_player: SUCCESS, 22
remove_team: FAILURE
remove_team: FAILURE
get_ith_pointless_ability: SUCCESS, 74
num_played_games_for_player: SUCCESS, 22
get_player_cards: SUCCESS, 10
add_player: FAILURE
add_player_cards: SUCCESS
add_player: FAILURE
