add_team: SUCCESS
add_team: SUCCESS
add_team: SUCCESS
add_team: SUCCESS
add_team: SUCCESS
add_team: SUCCESS
add_team: SUCCESS
add_team: SUCCESS
add_team: SUCCESS
add_team: SUCCESS
add_team: SUCCESS
add_team: SUCCESS
add_team: SUCCESS
add_team: SUCCESS
add_team: SUCCESS
add_team: SUCCESS
add_team: SUCCESS
add_team: SUCCESS
add_team: SUCCESS
add_team: SUCCESS
add_team: SUCCESS
add_team: SUCCESS
add_team: SUCCESS
add_team: SUCCESS
add_team: SUCCESS
add_team: SUCCESS
add_team: SUCCESS
add_team: SUCCESS
add_team: SUCCESS
add_team: SUCCESS
add_team: SUCCESS
add_team: SUCCESS
add_team: SUCCESS
add_team: SUCCESS
add_team: SUCCESS
add_team: SUCCESS
add_team: SUCCESS
add_team: SUCCESS
add_team: SUCCESS
add_team: SUCCESS
add_team: SUCCESS
add_team: SUCCESS
add_team: SUCCESS
add_team: SUCCESS
add_team: SUCCESS
add_team: SUCCESS
add_team: SUCCESS
add_team: SUCCESS
add_team: SUCCESS
add_team: SUCCESS
add_team: SUCCESS
add_team: SUCCESS
add_team: SUCCESS
add_team: SUCCESS
add_team: SUCCESS
add_team: SUCCESS
add_team: SUCCESS
add_team: SUCCESS
add_team: SUCCESS
add_team: SUCCESS
add_team: SUCCESS
add_team: SUCCESS
add_team: SUCCESS
add_team: SUCCESS
add_team: SUCCESS
add_team: SUCCESS
add_team: SUCCESS
add_team: SUCCESS
add_team: SUCCESS
add_team: SUCCESS
add_team: SUCCESS
add_team: SUCCESS
add_team: SUCCESS
add_team: SUCCESS
add_team: SUCCESS
add_team: SUCCESS
add_team: SUCCESS
add_team: SUCCESS
add_team: SUCCESS
add_team: SUCCESS
add_team: SUCCESS
add_team: SUCCESS
add_team: SUCCESS
add_team: SUCCESS
add_team: SUCCESS
add_team: SUCCESS
add_team: SUCCESS
add_team: SUCCESS
add_team: SUCCESS
add_team: SUCCESS
add_team: SUCCESS
add_team: SUCCESS
add_team: SUCCESS
add_team: SUCCESS
add_team: SUCCESS
add_team: SUCCESS
add_team: SUCCESS
add_team: SUCCESS
add_team: SUCCESS
add_team: SUCCESS
add_player: SUCCESS
add_player: SUCCESS
add_player: SUCCESS
add_player: SUCCESS
add_player: SUCCESS
add_player: SUCCESS
add_player: SUCCESS
add_player: SUCCESS
add_player: SUCCESS
add_player: SUCCESS
add_player: SUCCESS
add_player: SUCCESS
add_player: SUCCESS
add_player: SUCCESS
add_player: SUCCESS
add_player: SUCCESS
add_player: SUCCESS
add_player: SUCCESS
add_player: SUCCESS
add_player: SUCCESS
add_player: SUCCESS
add_player: SUCCESS
add_player: SUCCESS
add_player: SUCCESS
add_player: SUCCESS
add_player: SUCCESS
add_player: SUCCESS
add_player: SUCCESS
add_player: SUCCESS
add_player: SUCCESS
add_player: SUCCESS
add_player: SUCCESS
add_player: SUCCESS
add_player: SUCCESS
add_player: SUCCESS
add_player: SUCCESS
add_player: SUCCESS
add_player: SUCCESS
add_player: SUCCESS
add_player: SUCCESS
add_player: SUCCESS
add_player: SUCCESS
add_player: SUCCESS
add_player: SUCCESS
add_player: SUCCESS
add_player: SUCCESS
add_player: SUCCESS
add_player: SUCCESS
add_player: SUCCESS
add_player: SUCCESS
add_player: SUCCESS
add_player: SUCCESS
add_player: SUCCESS
add_player: SUCCESS
add_player: SUCCESS
add_player: SUCCESS
add_player: SUCCESS
add_player: SUCCESS
add_player: SUCCESS
add_player: SUCCESS
add_player: SUCCESS
add_player: SUCCESS
add_player: SUCCESS
add_player: SUCCESS
add_player: SUCCESS
add_player: SUCCESS
add_player: SUCCESS
add_player: SUCCESS
add_player: SUCCESS
add_player: SUCCESS
add_player: SUCCESS
add_player: SUCCESS
add_player: SUCCESS
add_player: SUCCESS
add_player: SUCCESS
add_player: SUCCESS
add_player: SUCCESS
add_player: SUCCESS
add_player: SUCCESS
add_player: SUCCESS
add_player: SUCCESS
add_player: SUCCESS
add_player: SUCCESS
add_player: SUCCESS
add_player: SUCCESS
add_player: SUCCESS
add_player: SUCCESS
add_player: SUCCESS
add_player: SUCCESS
add_player: SUCCESS
add_player: SUCCESS
add_player: SUCCESS
add_player: SUCCESS
add_player: SUCCESS
add_player: SUCCESS
add_player: SUCCESS
add_player: SUCCESS
add_player: SUCCESS
add_player: SUCCESS
add_player: SUCCESS
play_match: FAILURE
add_player: SUCCESS
play_match: FAILURE
remove_team: FAILURE
num_played_games_for_player: SUCCESS, 22
add_player_cards: SUCCESS
buy_team: SUCCESS
play_match: FAILURE
add_player: SUCCESS
add_team: SUCCESS
play_match: FAILURE
get_ith_pointless_ability: FAILURE
add_player_cards: SUCCESS
get_partial_spirit: SUCCESS, 1,2,3,4,5
add_player: SUCCESS
buy_team: SUCCESS
add_player: SUCCESS
get_team_points: SUCCESS, 0
get_team_points: SUCCESS, 0
num_played_games_for_player: SUCCESS, 22
add_player: SUCCESS
play_match: SUCCESS, 1
play_match: SUCCESS, 3
play_match: FAILURE
add_team: FAILURE
add_player: SUCCESS
get_ith_pointless_ability: FAILURE
get_player_cards: SUCCESS, 281
get_team_points: SUCCESS, 0
buy_team: SUCCESS
remove_team: FAILURE
play_match: FAILURE
get_team_points: SUCCESS, 0
num_played_games_for_player: SUCCESS, 22
play_match: FAILURE
add_player: SUCCESS
add_player: FAILURE
get_ith_pointless_ability: FAILURE
get_ith_pointless_ability: FAILURE
get_player_cards: SUCCESS, 48
get_partial_spirit: SUCCESS, 1,2,3,4,5
get_partial_spirit: SUCCESS, 1,2,3,4,5
add_player: SUCCESS
get_player_cards: SUCCESS, 240
get_partial_spirit: SUCCESS, 1,4,5,2,3
num_played_games_for_player: SUCCESS, 22
add_team: FAILURE
add_player: SUCCESS
num_played_games_for_player: SUCCESS, 22
get_player_cards: SUCCESS, 192
add_player: SUCCESS
add_player: SUCCESS
add_player: SUCCESS
get_ith_pointless_ability: SUCCESS, 89
add_player: SUCCESS
remove_team: FAILURE
num_played_games_for_player: SUCCESS, 22
get_player_cards: SUCCESS, 216
buy_team: SUCCESS
add_team: FAILURE
add_player: SUCCESS
add_player_cards: SUCCESS
remove_team: FAILURE
add_player: SUCCESS
add_player_cards: SUCCESS
remove_team: FAILURE
buy_team: SUCCESS
add_player: SUCCESS
remove_team: FAILURE
get_team_points: SUCCESS, 0
get_player_cards: SUCCESS, 85
add_player: SUCCESS
remove_team: FAILURE
add_player: SUCCESS
get_partial_spirit: SUCCESS, 4,2,1,3,5
num_played_games_for_player: SUCCESS, 22
add_player_cards: SUCCESS
get_team_points: SUCCESS, 0
add_player: SUCCESS
num_played_games_for_player: SUCCESS, 22
add_player_cards: SUCCESS
add_player_cards: SUCCESS
remove_team: FAILURE
add_player_cards: SUCCESS
num_played_games_for_player: SUCCESS, 22
add_player_cards: SUCCESS
remove_team: FAILURE
remove_team: FAILURE
get_ith_pointless_ability: SUCCESS, 18
get_player_cards: SUCCESS, 204
remove_team: FAILURE
add_player: SUCCESS
get_partial_spirit: SUCCESS, 5,1,3,4,2
add_player: SUCCESS
add_team: FAILURE
get_team_points: SUCCESS, 0
get_partial_spirit: SUCCESS, 1,2,3,4,5
get_ith_pointless_ability: FAILURE
play_match: FAILURE
add_player: SUCCESS
num_played_games_for_player: SUCCESS, 22
get_player_cards: SUCCESS, 281
get_ith_pointless_ability: SUCCESS, 23
get_team_points: SUCCESS, 0
get_team_points: SUCCESS, 0
play_match: FAILURE
get_partial_spirit: SUCCESS, 1,2,3,4,5
add_player: SUCCESS
num_played_games_for_player: SUCCESS, 22
play_match: FAILURE
buy_team: SUCCESS
play_match: FAILURE
num_played_games_for_player: SUCCESS, 22
add_player: SUCCESS
remove_team: FAILURE
get_team_points: SUCCESS, 0
get_player_cards: SUCCESS, 297
get_ith_pointless_ability: FAILURE
get_team_points: SUCCESS, 0
get_team_points: SUCCESS, 0
get_ith_pointless_ability: FAILURE
add_team: FAILURE
add_team: FAILURE
add_team: FAILURE
play_match: SUCCESS, 1
add_player: SUCCESS
num_played_games_for_player: SUCCESS, 22
get_team_points: SUCCESS, 0
num_played_games_for_player: SUCCESS, 22
get_partial_spirit: SUCCESS, 4,1,5,3,2
get_player_cards: SUCCESS, 192
get_partial_spirit: SUCCESS, 4,3,1,2,5
get_team_points: SUCCESS, 0
remove_team: FAILURE
add_player_cards: SUCCESS
get_ith_pointless_ability: FAILURE
play_match: FAILURE
get_partial_spirit: SUCCESS, 5,2,4,3,1
num_played_games_for_player: SUCCESS, 22
play_match: FAILURE
get_player_cards: SUCCESS, 240
add_player_cards: SUCCESS
buy_team: SUCCESS
get_ith_pointless_ability: FAILURE
add_player_cards: SUCCESS
add_team: FAILURE
get_team_points: SUCCESS, 0
get_team_points: SUCCESS, 0
play_match: FAILURE
remove_team: FAILURE
add_player: SUCCESS
get_player_cards: SUCCESS, 69
get_player_cards: SUCCESS, 124
add_player: SUCCESS
get_player_cards: SUCCESS, 237
add_player: SUCCESS
add_team: FAILURE
add_player_cards: SUCCESS
play_match: FAILURE
get_team_points: SUCCESS, 0
buy_team: SUCCESS
remove_team: FAILURE
add_player: SUCCESS
buy_team: SUCCESS
get_team_points: SUCCESS, 0
get_player_cards: SUCCESS, 87
add_player: FAILURE
remove_team: FAILURE
add_player: SUCCESS
add_player: SUCCESS
get_player_cards: SUCCESS, 87
play_match: FAILURE
get_player_cards: SUCCESS, 160
play_match: FAILURE
get_team_points: SUCCESS, 0
add_team: FAILURE
get_ith_pointless_ability: FAILURE
get_player_cards: SUCCESS, 192
num_played_games_for_player: SUCCESS, 22
add_team: FAILURE
get_ith_pointless_ability: FAILURE
add_player_cards: SUCCESS
buy_team: SUCCESS
add_player: SUCCESS
get_ith_pointless_ability: FAILURE
buy_team: SUCCESS
add_team: FAILURE
add_player_cards: SUCCESS
add_player_cards: SUCCESS
add_team: FAILURE
buy_team: SUCCESS
buy_team: SUCCESS
get_partial_spirit: SUCCESS, 4,1,3,5,2
add_player: SUCCESS
num_played_games_for_player: SUCCESS, 22
get_partial_spirit: SUCCESS, 1,2,3,4,5
buy_team: SUCCESS
get_player_cards: SUCCESS, 494
add_player: SUCCESS
num_played_games_for_player: SUCCESS, 22
get_team_points: SUCCESS, 0
get_partial_spirit: SUCCESS, 4,1,5,3,2
get_partial_spirit: SUCCESS, 3,2,1,4,5
num_played_games_for_player: SUCCESS, 22
add_player: SUCCESS
get_player_cards: SUCCESS, 2
add_player: SUCCESS
remove_team: FAILURE
add_team: FAILURE
get_partial_spirit: SUCCESS, 1,3,4,5,2
buy_team: SUCCESS
num_played_games_for_player: SUCCESS, 22
num_played_games_for_player: SUCCESS, 22
add_player_cards: SUCCESS
get_player_cards: SUCCESS, 62
add_player: SUCCESS
get_partial_spirit: SUCCESS, 1,2,3,4,5
add_player_cards: SUCCESS
get_player_cards: SUCCESS, 85
get_partial_spirit: SUCCESS, 1,2,3,4,5
play_match: FAILURE
get_player_cards: SUCCESS, 128
add_team: FAILURE
play_match: FAILURE
add_team: FAILURE
remove_team: FAILURE
add_player: SUCCESS
get_player_cards: SUCCESS, 255
add_player: SUCCESS
num_played_games_for_player: SUCCESS, 22
num_played_games_for_player: SUCCESS, 22
get_partial_spirit: SUCCESS, 5,3,4,1,2
add_team: FAILURE
remove_team: FAILURE
play_match: FAILURE
get_player_cards: SUCCESS, 91
get_team_points: SUCCESS, 0
add_team: FAILURE
get_player_cards: SUCCESS, 157
get_partial_spirit: SUCCESS, 2,1,4,5,3
remove_team: FAILURE
get_ith_pointless_ability: FAILURE
get_partial_spirit: SUCCESS, 1,2,3,4,5
get_partial_spirit: SUCCESS, 5,1,4,3,2
num_played_games_for_player: SUCCESS, 22
get_player_cards: SUCCESS, 135
play_match: FAILURE
add_player: SUCCESS
play_match: FAILURE
add_player_cards: SUCCESS
buy_team: SUCCESS
add_player: SUCCESS
get_team_points: SUCCESS, 0
add_player_cards: SUCCESS
get_player_cards: SUCCESS, 289
get_team_points: SUCCESS, 0
add_player: FAILURE
get_ith_pointless_ability: FAILURE
add_player: SUCCESS
get_ith_pointless_ability: SUCCESS, 10
remove_team: FAILURE
get_ith_pointless_ability: SUCCESS, 71
buy_team: SUCCESS
add_player_cards: SUCCESS
buy_team: SUCCESS
add_player: SUCCESS
add_player: SUCCESS
get_team_points: SUCCESS, 0
add_player_cards: SUCCESS
add_player: FAILURE
add_player_cards: SUCCESS
add_team: FAILURE
get_team_points: SUCCESS, 3
add_player: SUCCESS
add_player: SUCCESS
remove_team: FAILURE
buy_team: SUCCESS
add_player_cards: SUCCESS
add_player: SUCCESS
add_player: SUCCESS
get_ith_pointless_ability: FAILURE
remove_team: FAILURE
get_team_points: SUCCESS, 0
play_match: FAILURE
play_match: FAILURE
add_player: SUCCESS
remove_team: FAILURE
num_played_games_for_player: SUCCESS, 22
add_player: SUCCESS
get_ith_pointless_ability: SUCCESS, 89
remove_team: FAILURE
add_player_cards: SUCCESS
play_match: FAILURE
num_played_games_for_player: SUCCESS, 22
get_team_points: SUCCESS, 0
buy_team: SUCCESS
get_player_cards: SUCCESS, 188
num_played_games_for_player: SUCCESS, 22
get_partial_spirit: SUCCESS, 1,2,3,4,5
num_played_games_for_player: SUCCESS, 22
add_team: SUCCESS
buy_team: SUCCESS
play_match: FAILURE
add_player: SUCCESS
get_player_cards: SUCCESS, 205
add_team: FAILURE
num_played_games_for_player: SUCCESS, 22
num_played_games_for_player: SUCCESS, 22
add_team: FAILURE
add_player_cards: SUCCESS
add_team: FAILURE
get_ith_pointless_ability: FAILURE
get_team_points: SUCCESS, 0
get_team_points: SUCCESS, 0
play_match: FAILURE
num_played_games_for_player: SUCCESS, 22
buy_team: SUCCESS
get_partial_spirit: SUCCESS, 1,2,3,4,5
add_team: FAILURE
get_player_cards: SUCCESS, 229
add_player: SUCCESS
buy_team: SUCCESS
get_partial_spirit: SUCCESS, 1,2,3,4,5
remove_team: FAILURE
add_player: FAILURE
add_player: SUCCESS
add_team: FAILURE
get_ith_pointless_ability: FAILURE
add_player: FAILURE
remove_team: FAILURE
add_team: FAILURE
remove_team: FAILURE
get_ith_pointless_ability: SUCCESS, 57
add_player: FAILURE
get_ith_pointless_ability: SUCCESS, 56
add_player: SUCCESS
remove_team: FAILURE
num_played_games_for_player: SUCCESS, 22
add_player: FAILURE
add_player_cards: SUCCESS
buy_team: SUCCESS
get_partial_spirit: SUCCESS, 3,2,5,4,1
add_player: SUCCESS
remove_team: FAILURE
get_ith_pointless_ability: FAILURE
remove_team: FAILURE
play_match: FAILURE
buy_team: SUCCESS
add_player: SUCCESS
add_player: FAILURE
remove_team: FAILURE
buy_team: SUCCESS
buy_team: SUCCESS
add_team: FAILURE
add_player: FAILURE
get_partial_spirit: SUCCESS, 1,5,3,2,4
num_played_games_for_player: SUCCESS, 22
get_player_cards: SUCCESS, 145
add_player: FAILURE
add_player_cards: SUCCESS
add_player: FAILURE
get_team_points: SUCCESS, 0
add_player: SUCCESS
remove_team: FAILURE
add_player: SUCCESS
remove_team: FAILURE
num_played_games_for_player: SUCCESS, 22
add_player_cards: SUCCESS
get_team_points: SUCCESS, 0
get_ith_pointless_ability: SUCCESS, 47
num_played_games_for_player: SUCCESS, 22
add_player: SUCCESS
get_partial_spirit: SUCCESS, 2,1,4,5,3
get_partial_spirit: SUCCESS, 1,2,3,4,5
get_ith_pointless_ability: SUCCESS, 50
add_player_cards: SUCCESS
add_player: SUCCESS
get_ith_pointless_ability: FAILURE
get_partial_spirit: SUCCESS, 1,2,3,4,5
play_match: SUCCESS, 1
get_partial_spirit: SUCCESS, 3,4,2,1,5
num_played_games_for_player: SUCCESS, 22
get_partial_spirit: FAILURE
get_partial_spirit: SUCCESS, 1,2,3,4,5
remove_team: FAILURE
get_player_cards: SUCCESS, 107
add_player: FAILURE
add_player: SUCCESS
get_partial_spirit: SUCCESS, 1,2,3,4,5
get_player_cards: SUCCESS, 70
add_player: FAILURE
get_player_cards: SUCCESS, 289
play_match: FAILURE
get_player_cards: SUCCESS, 288
get_team_points: SUCCESS, 0
add_player_cards: SUCCESS
add_player: SUCCESS
add_player: SUCCESS
num_played_games_for_player: SUCCESS, 22
remove_team: FAILURE
buy_team: SUCCESS
add_team: FAILURE
get_team_points: SUCCESS, 0
get_partial_spirit: SUCCESS, 5,2,3,4,1
get_ith_pointless_ability: SUCCESS, 35
get_team_points: SUCCESS, 0
add_player: SUCCESS
num_played_games_for_player: SUCCESS, 22
add_player: SUCCESS
add_player_cards: SUCCESS
add_player: FAILURE
play_match: FAILURE
get_ith_pointless_ability: SUCCESS, 25
add_player: SUCCESS
num_played_games_for_player: SUCCESS, 22
buy_team: SUCCESS
remove_team: FAILURE
num_played_games_for_player: SUCCESS, 22
play_match: FAILURE
get_ith_pointless_ability: SUCCESS, 48
add_player: FAILURE
get_player_cards: SUCCESS, 188
add_player: SUCCESS
get_player_cards: SUCCESS, 238
num_played_games_for_player: SUCCESS, 22
play_match: FAILURE
buy_team: SUCCESS
get_ith_pointless_ability: FAILURE
add_player: SUCCESS
add_player: SUCCESS
get_ith_pointless_ability: FAILURE
play_match: FAILURE
buy_team: SUCCESS
remove_team: FAILURE
add_player: SUCCESS
add_player: FAILURE
buy_team: SUCCESS
add_player: FAILURE
remove_team: FAILURE
add_player: SUCCESS
get_team_points: SUCCESS, 0
buy_team: SUCCESS
add_player: FAILURE
get_team_points: SUCCESS, 0
num_played_games_for_player: SUCCESS, 22
get_player_cards: SUCCESS, 5
remove_team: FAILURE
num_played_games_for_player: SUCCESS, 22
get_ith_pointless_ability: SUCCESS, 61
add_player: SUCCESS
get_player_cards: SUCCESS, 205
get_ith_pointless_ability: FAILURE
buy_team: SUCCESS
get_team_points: SUCCESS, 0
remove_team: FAILURE
add_player: SUCCESS
num_played_games_for_player: SUCCESS, 22
add_team: FAILURE
add_player_cards: SUCCESS
get_player_cards: SUCCESS, 69
get_team_points: SUCCESS, 0
add_player: SUCCESS
add_team: FAILURE
num_played_games_for_player: SUCCESS, 22
get_partial_spirit: SUCCESS, 1,2,4,5,3
get_ith_pointless_ability: SUCCESS, 59
add_player: FAILURE
add_player: FAILURE
get_player_cards: SUCCESS, 46
add_player: FAILURE
add_player: FAILURE
add_team: FAILURE
play_match: FAILURE
remove_team: FAILURE
num_played_games_for_player: SUCCESS, 22
remove_team: FAILURE
get_ith_pointless_ability: FAILURE
add_player_cards: SUCCESS
get_team_points: SUCCESS, 0
add_player: SUCCESS
get_partial_spirit: SUCCESS, 1,2,3,4,5
num_played_games_for_player: SUCCESS, 22
add_player: SUCCESS
get_ith_pointless_ability: SUCCESS, 89
play_match: FAILURE
add_player_cards: SUCCESS
get_player_cards: SUCCESS, 240
add_player_cards: SUCCESS
play_match: SUCCESS, 3
remove_team: FAILURE
remove_team: FAILURE
get_ith_pointless_ability: FAILURE
add_player: FAILURE
get_team_points: SUCCESS, 0
buy_team: SUCCESS
get_ith_pointless_ability: SUCCESS, 65
add_team: FAILURE
get_player_cards: SUCCESS, 188
add_player: SUCCESS
buy_team: SUCCESS
add_player: SUCCESS
num_played_games_for_player: SUCCESS, 22
get_ith_pointless_ability: SUCCESS, 56
play_match: FAILURE
add_player: SUCCESS
buy_team: SUCCESS
add_player_cards: SUCCESS
buy_team: SUCCESS
add_team: FAILURE
remove_team: FAILURE
add_player_cards: SUCCESS
add_player: SUCCESS
buy_team: SUCCESS
num_played_games_for_player: SUCCESS, 22
add_team: FAILURE
add_player: SUCCESS
buy_team: SUCCESS
buy_team: SUCCESS
get_player_cards: SUCCESS, 14
play_match: FAILURE
play_match: FAILURE
get_player_cards: SUCCESS, 141
add_player: SUCCESS
get_team_points: SUCCESS, 0
num_played_games_for_player: SUCCESS, 22
get_ith_pointless_ability: SUCCESS, 40
add_player: FAILURE
add_team: FAILURE
add_player: SUCCESS
get_player_cards: SUCCESS, 281
get_player_cards: SUCCESS, 170
add_player_cards: SUCCESS
add_player: SUCCESS
get_team_points: SUCCESS, 0
buy_team: SUCCESS
remove_team: FAILURE
add_player: FAILURE
get_partial_spirit: SUCCESS, 5,1,4,2,3
add_team: FAILURE
get_ith_pointless_ability: SUCCESS, 28
get_partial_spirit: SUCCESS, 5,3,2,1,4
get_ith_pointless_ability: FAILURE
add_player: SUCCESS
add_player: FAILURE
remove_team: FAILURE
remove_team: FAILURE
play_match: SUCCESS, 1
get_player_cards: SUCCESS, 278
play_match: FAILURE
get_ith_pointless_ability: FAILURE
buy_team: SUCCESS
add_player: FAILURE
remove_team: FAILURE
get_team_points: SUCCESS, 3
num_played_games_for_player: SUCCESS, 22
get_player_cards: SUCCESS, 124
get_player_cards: SUCCESS, 188
remove_team: FAILURE
get_team_points: FAILURE
remove_team: FAILURE
get_player_cards: SUCCESS, 135
get_player_cards: SUCCESS, 141
get_team_points: SUCCESS, 0
play_match: FAILURE
get_partial_spirit: FAILURE
add_player: SUCCESS
get_partial_spirit: SUCCESS, 3,1,4,5,2
get_ith_pointless_ability: SUCCESS, 92
add_player: SUCCESS
add_player: SUCCESS
get_partial_spirit: SUCCESS, 1,2,3,4,5
add_player: FAILURE
add_player: FAILURE
get_partial_spirit: SUCCESS, 1,2,3,4,5
get_partial_spirit: SUCCESS, 1,2,3,4,5
get_team_points: SUCCESS, 0
remove_team: FAILURE
add_player: FAILURE
add_player: SUCCESS
get_ith_pointless_ability: FAILURE
remove_team: FAILURE
remove_team: FAILURE
remove_team: FAILURE
add_player: FAILURE
get_partial_spirit: FAILURE
add_player_cards: SUCCESS
add_player: SUCCESS
add_player: FAILURE
add_player: SUCCESS
add_player: SUCCESS
remove_team: FAILURE
add_player: FAILURE
buy_team: SUCCESS
add_player_cards: FAILURE
buy_team: SUCCESS
add_player_cards: SUCCESS
get_ith_pointless_ability: SUCCESS, 59
buy_team: SUCCESS
add_player_cards: SUCCESS
add_player_cards: SUCCESS
get_partial_spirit: SUCCESS, 1,4,3,2,5
get_player_cards: SUCCESS, 278
get_team_points: SUCCESS, 0
add_player_cards: SUCCESS
add_player_cards: SUCCESS
get_partial_spirit: SUCCESS, 5,3,4,2,1
play_match: SUCCESS, 3
get_player_cards: SUCCESS, 12
remove_team: FAILURE
add_player: SUCCESS
add_player: SUCCESS
get_team_points: SUCCESS, 0
get_team_points: SUCCESS, 0
get_partial_spirit: SUCCESS, 1,2,3,4,5
add_player: FAILURE
add_player_cards: SUCCESS
get_partial_spirit: SUCCESS, 3,2,4,1,5
get_player_cards: SUCCESS, 229
add_player: SUCCESS
remove_team: FAILURE
get_team_points: SUCCESS, 3
num_played_games_for_player: SUCCESS, 22
remove_team: FAILURE
get_player_cards: SUCCESS, 176
add_player: SUCCESS
add_player: FAILURE
play_match: FAILURE
add_player_cards: SUCCESS
num_played_games_for_player: SUCCESS, 22
get_player_cards: SUCCESS, 43
get_ith_pointless_ability: SUCCESS, 52
add_player: SUCCESS
num_played_games_for_player: SUCCESS, 22
get_ith_pointless_ability: SUCCESS, 61
add_player_cards: SUCCESS
get_team_points: SUCCESS, 0
play_match: FAILURE
add_player: SUCCESS
get_ith_pointless_ability: SUCCESS, 56
add_player_cards: SUCCESS
play_match: FAILURE
buy_team: SUCCESS
get_player_cards: SUCCESS, 34
remove_team: FAILURE
remove_team: FAILURE
get_partial_spirit: SUCCESS, 1,2,3,4,5
num_played_games_for_player: SUCCESS, 22
add_player: FAILURE
buy_team: SUCCESS
get_ith_pointless_ability: SUCCESS, 71
add_player_cards: SUCCESS
get_ith_pointless_ability: SUCCESS, 67
add_team: FAILURE
buy_team: SUCCESS
buy_team: SUCCESS
num_played_games_for_player: SUCCESS, 22
get_player_cards: SUCCESS, 49
get_team_points: SUCCESS, 0
get_ith_pointless_ability: SUCCESS, 48
num_played_games_for_player: SUCCESS, 22
add_player: FAILURE
add_player: FAILURE
add_player: SUCCESS
add_player: SUCCESS
num_played_games_for_player: SUCCESS, 22
add_team: FAILURE
add_player: SUCCESS
remove_team: FAILURE
add_player: FAILURE
get_player_cards: SUCCESS, 218
remove_team: FAILURE
buy_team: SUCCESS
get_team_points: FAILURE
get_team_points: SUCCESS, 0
add_team: FAILURE
get_ith_pointless_ability: SUCCESS, 49
get_player_cards: SUCCESS, 288
get_team_points: SUCCESS, 0
buy_team: SUCCESS
remove_team: FAILURE
get_ith_pointless_ability: SUCCESS, 67
buy_team: SUCCESS
num_played_games_for_player: SUCCESS, 22
remove_team: FAILURE
get_team_points: SUCCESS, 0
add_team: FAILURE
add_player: FAILURE
play_match: FAILURE
add_player: FAILURE
add_player_cards: SUCCESS
add_player: FAILURE
get_partial_spirit: SUCCESS, 2,1,4,5,3
add_player_cards: FAILURE
buy_team: SUCCESS
add_player_cards: SUCCESS
remove_team: FAILURE
add_player: FAILURE
add_team: FAILURE
remove_team: FAILURE
num_played_games_for_player: SUCCESS, 22
get_ith_pointless_ability: SUCCESS, 13
remove_team: FAILURE
remove_team: FAILURE
get_ith_pointless_ability: SUCCESS, 45
get_ith_pointless_ability: SUCCESS, 37
buy_team: SUCCESS
get_ith_pointless_ability: FAILURE
add_player: FAILURE
num_played_games_for_player: SUCCESS, 22
num_played_games_for_player: SUCCESS, 22
get_partial_spirit: FAILURE
add_player: FAILURE
num_played_games_for_player: SUCCESS, 22
buy_team: SUCCESS
add_player: FAILURE
get_team_points: SUCCESS, 0
add_team: FAILURE
remove_team: FAILURE
play_match: SUCCESS, 1
add_player_cards: SUCCESS
add_player: FAILURE
add_team: FAILURE
play_match: FAILURE
add_player_cards: FAILURE
add_player: FAILURE
remove_team: FAILURE
add_player: SUCCESS
get_player_cards: SUCCESS, 10
add_team: FAILURE
add_player: FAILURE
add_player: SUCCESS
get_player_cards: SUCCESS, 287
add_player: FAILURE
add_team: FAILURE
num_played_games_for_player: SUCCESS, 22
play_match: FAILURE
buy_team: SUCCESS
add_player_cards: FAILURE
add_player: FAILURE
get_team_points: SUCCESS, 0
get_player_cards: SUCCESS, 10
play_match: FAILURE
add_player_cards: SUCCESS
get_ith_pointless_ability: SUCCESS, 24
get_player_cards: SUCCESS, 933
add_player_cards: SUCCESS
add_player: SUCCESS
add_player: SUCCESS
get_partial_spirit: SUCCESS, 1,2,4,5,3
add_player: FAILURE
add_player: FAILURE
add_player: FAILURE
num_played_games_for_player: SUCCESS, 22
get_ith_pointless_ability: SUCCESS, 48
get_ith_pointless_ability: SUCCESS, 26
add_player: FAILURE
add_player: FAILURE
buy_team: SUCCESS
play_match: FAILURE
get_team_points: SUCCESS, 0
add_player_cards: FAILURE
add_player_cards: SUCCESS
get_team_points: SUCCESS, 0
play_match: FAILURE
play_match: SUCCESS, 3
get_partial_spirit: SUCCESS, 2,3,5,4,1
get_team_points: SUCCESS, 0
add_player_cards: FAILURE
get_player_cards: SUCCESS, 193
get_team_points: SUCCESS, 0
get_team_points: FAILURE
add_player_cards: SUCCESS
add_player: FAILURE
get_partial_spirit: SUCCESS, 1,2,4,5,3
play_match: FAILURE
get_ith_pointless_ability: SUCCESS, 61
add_player: SUCCESS
get_partial_spirit: SUCCESS, 5,3,4,2,1
get_team_points: SUCCESS, 0
add_player: SUCCESS
buy_team: SUCCESS
add_player_cards: FAILURE
remove_team: FAILURE
get_team_points: SUCCESS, 0
play_match: FAILURE
add_player: FAILURE
get_player_cards: SUCCESS, 48
play_match: FAILURE
remove_team: FAILURE
get_partial_spirit: SUCCESS, 1,2,3,4,5
remove_team: FAILURE
add_player_cards: FAILURE
add_player_cards: FAILURE
add_player: FAILURE
num_played_games_for_player: SUCCESS, 22
add_player: FAILURE
add_player: SUCCESS
add_player: FAILURE
get_partial_spirit: SUCCESS, 1,4,3,2,5
num_played_games_for_player: SUCCESS, 22
get_player_cards: SUCCESS, 288
add_player: SUCCESS
add_player: SUCCESS
add_player: FAILURE
add_player: SUCCESS
get_player_cards: SUCCESS, 131
play_match: FAILURE
buy_team: SUCCESS
num_played_games_for_player: SUCCESS, 22
num_played_games_for_player: SUCCESS, 22
add_player: FAILURE
get_partial_spirit: SUCCESS, 4,1,2,3,5
add_player: FAILURE
add_team: FAILURE
add_team: FAILURE
buy_team: SUCCESS
add_team: FAILURE
add_player_cards: FAILURE
num_played_games_for_player: SUCCESS, 22
buy_team: SUCCESS
add_player: FAILURE
get_player_cards: SUCCESS, 278
get_team_points: SUCCESS, 3
num_played_games_for_player: SUCCESS, 22
num_played_games_for_player: SUCCESS, 22
get_player_cards: SUCCESS, 86
get_player_cards: SUCCESS, 249
play_match: SUCCESS, 1
play_match: SUCCESS, 3
add_player_cards: FAILURE
remove_team: FAILURE
play_match: FAILURE
get_ith_pointless_ability: SUCCESS, 75
add_player_cards: SUCCESS
play_match: FAILURE
get_ith_pointless_ability: SUCCESS, 2
add_team: FAILURE
remove_team: FAILURE
num_played_games_for_player: SUCCESS, 22
remove_team: FAILURE
get_partial_spirit: SUCCESS, 1,2,4,3,5
buy_team: SUCCESS
play_match: SUCCESS, 3
play_match: FAILURE
play_match: SUCCESS, 3
play_match: FAILURE
get_partial_spirit: SUCCESS, 1,2,3,4,5
add_team: FAILURE
buy_team: SUCCESS
add_player: SUCCESS
add_player_cards: SUCCESS
add_player: FAILURE
get_team_points: FAILURE
play_match: FAILURE
add_player: FAILURE
get_ith_pointless_ability: FAILURE
get_ith_pointless_ability: SUCCESS, 48
get_player_cards: SUCCESS, 10
add_player_cards: SUCCESS
play_match: FAILURE
play_match: SUCCESS, 3
add_player_cards: SUCCESS
get_partial_spirit: SUCCESS, 5,3,2,1,4
add_player: FAILURE
get_partial_spirit: FAILURE
add_team: FAILURE
play_match: FAILURE
get_team_points: FAILURE
add_player_cards: FAILURE
remove_team: FAILURE
get_ith_pointless_ability: SUCCESS, 41
get_partial_spirit: SUCCESS, 4,1,2,3,5
buy_team: SUCCESS
add_player: FAILURE
buy_team: SUCCESS
get_ith_pointless_ability: SUCCESS, 42
add_player: SUCCESS
remove_team: FAILURE
buy_team: SUCCESS
add_player: FAILURE
add_player: FAILURE
add_team: FAILURE
add_player: FAILURE
get_team_points: SUCCESS, 0
add_player: FAILURE
add_team: FAILURE
add_player: FAILURE
add_player: SUCCESS
num_played_games_for_player: SUCCESS, 22
get_player_cards: SUCCESS, 7
buy_team: SUCCESS
get_partial_spirit: SUCCESS, 1,2,3,4,5
add_player: SUCCESS
get_partial_spirit: FAILURE
add_player: FAILURE
buy_team: SUCCESS
get_ith_pointless_ability: SUCCESS, 18
buy_team: SUCCESS
add_player: FAILURE
add_team: FAILURE
add_player: FAILURE
buy_team: SUCCESS
add_player: SUCCESS
get_ith_pointless_ability: FAILURE
play_match: FAILURE
remove_team: FAILURE
get_partial_spirit: FAILURE
get_ith_pointless_ability: SUCCESS, 18
add_player: FAILURE
get_player_cards: SUCCESS, 293
add_player_cards: SUCCESS
num_played_games_for_player: SUCCESS, 22
add_player: SUCCESS
add_player: FAILURE
get_player_cards: SUCCESS, 533
add_player: SUCCESS
buy_team: SUCCESS
add_player: SUCCESS
add_player: SUCCESS
get_partial_spirit: FAILURE
add_player_cards: SUCCESS
num_played_games_for_player: SUCCESS, 22
get_partial_spirit: SUCCESS, 1,2,3,4,5
num_played_games_for_player: SUCCESS, 22
play_match: FAILURE
add_player: SUCCESS
buy_team: SUCCESS
buy_team: SUCCESS
get_player_cards: SUCCESS, 202
remove_team: FAILURE
buy_team: SUCCESS
get_partial_spirit: SUCCESS, 1,2,3,4,5
add_player: FAILURE
add_team: FAILURE
add_team: FAILURE
remove_team: FAILURE
play_match: FAILURE
get_team_points: SUCCESS, 3
get_partial_spirit: SUCCESS, 1,3,5,4,2
play_match: FAILURE
add_player: SUCCESS
get_player_cards: SUCCESS, 315
num_played_games_for_player: SUCCESS, 22
get_partial_spirit: SUCCESS, 1,2,3,4,5
remove_team: FAILURE
get_partial_spirit: SUCCESS, 1,2,3,4,5
add_team: FAILURE
get_ith_pointless_ability: FAILURE
num_played_games_for_player: SUCCESS, 22
add_team: FAILURE
get_player_cards: SUCCESS, 42
play_match: FAILURE
get_ith_pointless_ability: FAILURE
add_player_cards: FAILURE
buy_team: SUCCESS
get_team_points: SUCCESS, 0
add_player: FAILURE
get_player_cards: SUCCESS, 70
add_player_cards: FAILURE
get_team_points: SUCCESS, 0
get_partial_spirit: FAILURE
add_player: FAILURE
add_player: SUCCESS
get_team_points: SUCCESS, 0
get_partial_spirit: FAILURE
add_player_cards: FAILURE
add_player: FAILURE
add_player: FAILURE
add_player: SUCCESS
get_team_points: FAILURE
get_team_points: SUCCESS, 0
get_ith_pointless_ability: SUCCESS, 22
get_team_points: SUCCESS, 0
add_player: SUCCESS
get_player_cards: SUCCESS, 203
add_player_cards: SUCCESS
buy_team: SUCCESS
num_played_games_for_player: SUCCESS, 22
add_player: FAILURE
get_partial_spirit: SUCCESS, 5,1,2,4,3
get_ith_pointless_ability: SUCCESS, 35
num_played_games_for_player: SUCCESS, 22
add_player: SUCCESS
add_player: FAILURE
add_team: FAILURE
get_ith_pointless_ability: SUCCESS, 65
get_team_points: SUCCESS, 0
get_team_points: FAILURE
add_player_cards: SUCCESS
get_player_cards: SUCCESS, 501
add_player: FAILURE
play_match: FAILURE
add_player: FAILURE
add_player: FAILURE
get_player_cards: SUCCESS, 781
get_partial_spirit: SUCCESS, 5,4,2,3,1
get_ith_pointless_ability: SUCCESS, 42
add_player: FAILURE
get_ith_pointless_ability: SUCCESS, 13
get_ith_pointless_ability: SUCCESS, 92
