add_team: SUCCESS
add_team: SUCCESS
add_team: SUCCESS
add_team: SUCCESS
add_team: SUCCESS
add_team: SUCCESS
add_team: SUCCESS
add_team: SUCCESS
add_team: SUCCESS
add_team: SUCCESS
add_team: SUCCESS
add_team: SUCCESS
add_team: SUCCESS
add_team: SUCCESS
add_team: SUCCESS
add_team: SUCCESS
add_team: SUCCESS
add_team: SUCCESS
add_team: SUCCESS
add_team: SUCCESS
add_team: SUCCESS
add_team: SUCCESS
add_team: SUCCESS
add_team: SUCCESS
add_team: SUCCESS
add_team: SUCCESS
add_team: SUCCESS
add_team: SUCCESS
add_team: SUCCESS
add_team: SUCCESS
add_team: SUCCESS
add_team: SUCCESS
add_team: SUCCESS
add_team: SUCCESS
add_team: SUCCESS
add_team: SUCCESS
add_team: SUCCESS
add_team: SUCCESS
add_team: SUCCESS
add_team: SUCCESS
add_team: SUCCESS
add_team: SUCCESS
add_team: SUCCESS
add_team: SUCCESS
add_team: SUCCESS
add_team: SUCCESS
add_team: SUCCESS
add_team: SUCCESS
add_team: SUCCESS
add_team: SUCCESS
add_team: SUCCESS
add_team: SUCCESS
add_team: SUCCESS
add_team: SUCCESS
add_team: SUCCESS
add_team: SUCCESS
add_team: SUCCESS
add_team: SUCCESS
add_team: SUCCESS
add_team: SUCCESS
add_team: SUCCESS
add_team: SUCCESS
add_team: SUCCESS
add_team: SUCCESS
add_team: SUCCESS
add_team: SUCCESS
add_team: SUCCESS
add_team: SUCCESS
add_team: SUCCESS
add_team: SUCCESS
add_team: SUCCESS
add_team: SUCCESS
add_team: SUCCESS
add_team: SUCCESS
add_team: SUCCESS
add_team: SUCCESS
add_team: SUCCESS
add_team: SUCCESS
add_team: SUCCESS
add_team: SUCCESS
add_team: SUCCESS
add_team: SUCCESS
add_team: SUCCESS
add_team: SUCCESS
add_team: SUCCESS
add_team: SUCCESS
add_team: SUCCESS
add_team: SUCCESS
add_team: SUCCESS
add_team: SUCCESS
add_team: SUCCESS
add_team: SUCCESS
add_team: SUCCESS
add_team: SUCCESS
add_team: SUCCESS
add_team: SUCCESS
add_team: SUCCESS
add_team: SUCCESS
add_team: SUCCESS
add_team: SUCCESS
add_player: SUCCESS
add_player: SUCCESS
add_player: SUCCESS
add_player: SUCCESS
add_player: SUCCESS
add_player: SUCCESS
add_player: SUCCESS
add_player: SUCCESS
add_player: SUCCESS
add_player: SUCCESS
add_player: SUCCESS
add_player: SUCCESS
add_player: SUCCESS
add_player: SUCCESS
add_player: SUCCESS
add_player: SUCCESS
add_player: SUCCESS
add_player: SUCCESS
add_player: SUCCESS
add_player: SUCCESS
add_player: SUCCESS
add_player: SUCCESS
add_player: SUCCESS
add_player: SUCCESS
add_player: SUCCESS
add_player: SUCCESS
add_player: SUCCESS
add_player: SUCCESS
add_player: SUCCESS
add_player: SUCCESS
add_player: SUCCESS
add_player: SUCCESS
add_player: SUCCESS
add_player: SUCCESS
add_player: SUCCESS
add_player: SUCCESS
add_player: SUCCESS
add_player: SUCCESS
add_player: SUCCESS
add_player: SUCCESS
add_player: SUCCESS
add_player: SUCCESS
add_player: SUCCESS
add_player: SUCCESS
add_player: SUCCESS
add_player: SUCCESS
add_player: SUCCESS
add_player: SUCCESS
add_player: SUCCESS
add_player: SUCCESS
add_player: SUCCESS
add_player: SUCCESS
add_player: SUCCESS
add_player: SUCCESS
add_player: SUCCESS
add_player: SUCCESS
add_player: SUCCESS
add_player: SUCCESS
add_player: SUCCESS
add_player: SUCCESS
add_player: SUCCESS
add_player: SUCCESS
add_player: SUCCESS
add_player: SUCCESS
add_player: SUCCESS
add_player: SUCCESS
add_player: SUCCESS
add_player: SUCCESS
add_player: SUCCESS
add_player: SUCCESS
add_player: SUCCESS
add_player: SUCCESS
add_player: SUCCESS
add_player: SUCCESS
add_player: SUCCESS
add_player: SUCCESS
add_player: SUCCESS
add_player: SUCCESS
add_player: SUCCESS
add_player: SUCCESS
add_player: SUCCESS
add_player: SUCCESS
add_player: SUCCESS
add_player: SUCCESS
add_player: SUCCESS
add_player: SUCCESS
add_player: SUCCESS
add_player: SUCCESS
add_player: SUCCESS
add_player: SUCCESS
add_player: SUCCESS
add_player: SUCCESS
add_player: SUCCESS
add_player: SUCCESS
add_player: SUCCESS
add_player: SUCCESS
add_player: SUCCESS
add_player: SUCCESS
add_player: SUCCESS
add_player: SUCCESS
add_team: SUCCESS
play_match: FAILURE
add_team: FAILURE
play_match: FAILURE
get_player_cards: SUCCESS, 280
add_player: SUCCESS
num_played_games_for_player: SUCCESS, 22
play_match: FAILURE
add_player: SUCCESS
add_player_cards: SUCCESS
play_match: SUCCESS, 1
add_player_cards: SUCCESS
get_team_points: SUCCESS, 0
add_player: SUCCESS
add_player_cards: SUCCESS
remove_team: FAILURE
add_team: FAILURE
get_team_points: SUCCESS, 0
add_player: SUCCESS
num_played_games_for_player: SUCCESS, 22
get_ith_pointless_ability: FAILURE
add_player: SUCCESS
add_player: SUCCESS
get_ith_pointless_ability: SUCCESS, 75
add_player: SUCCESS
add_player: SUCCESS
add_team: FAILURE
add_player: SUCCESS
add_player_cards: SUCCESS
get_ith_pointless_ability: FAILURE
add_player: SUCCESS
remove_team: FAILURE
buy_team: SUCCESS
get_player_cards: SUCCESS, 197
add_player_cards: SUCCESS
num_played_games_for_player: SUCCESS, 22
get_player_cards: SUCCESS, 12
add_player: SUCCESS
add_team: FAILURE
buy_team: SUCCESS
buy_team: SUCCESS
get_team_points: SUCCESS, 0
get_partial_spirit: SUCCESS, 3,2,1,4,5
add_player: SUCCESS
get_partial_spirit: SUCCESS, 4,3,2,1,5
get_partial_spirit: SUCCESS, 1,2,3,4,5
add_player: SUCCESS
remove_team: FAILURE
add_player: SUCCESS
get_team_points: SUCCESS, 3
add_team: FAILURE
add_player: SUCCESS
get_partial_spirit: SUCCESS, 2,5,1,4,3
add_player: SUCCESS
add_player: SUCCESS
num_played_games_for_player: SUCCESS, 22
add_team: FAILURE
get_ith_pointless_ability: FAILURE
add_player: SUCCESS
add_player_cards: SUCCESS
get_ith_pointless_ability: FAILURE
add_player: SUCCESS
get_partial_spirit: SUCCESS, 5,1,4,3,2
add_player: FAILURE
add_player_cards: SUCCESS
add_player: SUCCESS
buy_team: SUCCESS
get_partial_spirit: SUCCESS, 1,2,3,4,5
remove_team: FAILURE
get_partial_spirit: SUCCESS, 1,2,3,4,5
get_ith_pointless_ability: FAILURE
get_ith_pointless_ability: FAILURE
add_player: SUCCESS
get_team_points: SUCCESS, 0
num_played_games_for_player: SUCCESS, 22
get_ith_pointless_ability: SUCCESS, 60
remove_team: FAILURE
add_team: FAILURE
get_team_points: SUCCESS, 0
add_player: SUCCESS
get_ith_pointless_ability: FAILURE
num_played_games_for_player: SUCCESS, 22
add_player: SUCCESS
buy_team: SUCCESS
get_ith_pointless_ability: SUCCESS, 80
add_team: FAILURE
add_player: SUCCESS
get_player_cards: SUCCESS, 249
add_player: SUCCESS
add_player: SUCCESS
buy_team: SUCCESS
remove_team: FAILURE
play_match: FAILURE
get_player_cards: SUCCESS, 170
get_team_points: SUCCESS, 0
add_player_cards: SUCCESS
remove_team: FAILURE
add_player_cards: SUCCESS
buy_team: SUCCESS
play_match: SUCCESS, 1
buy_team: SUCCESS
add_player: SUCCESS
get_player_cards: SUCCESS, 36
buy_team: SUCCESS
get_player_cards: SUCCESS, 152
get_player_cards: SUCCESS, 268
add_player: SUCCESS
num_played_games_for_player: SUCCESS, 22
add_player: SUCCESS
num_played_games_for_player: SUCCESS, 22
add_player_cards: SUCCESS
add_player: FAILURE
remove_team: FAILURE
get_ith_pointless_ability: FAILURE
remove_team: FAILURE
get_player_cards: SUCCESS, 171
get_player_cards: SUCCESS, 131
add_player: SUCCESS
num_played_games_for_player: SUCCESS, 22
buy_team: SUCCESS
play_match: SUCCESS, 1
add_player: SUCCESS
add_team: FAILURE
add_team: FAILURE
play_match: FAILURE
buy_team: SUCCESS
buy_team: SUCCESS
add_player: SUCCESS
get_team_points: SUCCESS, 0
add_player: SUCCESS
get_team_points: SUCCESS, 0
add_player: SUCCESS
add_player: SUCCESS
add_player_cards: SUCCESS
get_team_points: SUCCESS, 0
play_match: FAILURE
get_team_points: SUCCESS, 0
add_player: SUCCESS
add_player: SUCCESS
get_team_points: SUCCESS, 0
add_player: SUCCESS
add_player: SUCCESS
buy_team: SUCCESS
get_ith_pointless_ability: FAILURE
add_team: FAILURE
add_player: FAILURE
add_player: SUCCESS
get_partial_spirit: SUCCESS, 1,2,3,4,5
play_match: SUCCESS, 1
get_partial_spirit: SUCCESS, 2,5,1,4,3
add_player: SUCCESS
add_player: SUCCESS
add_player: SUCCESS
get_partial_spirit: SUCCESS, 1,2,3,4,5
get_player_cards: SUCCESS, 299
num_played_games_for_player: SUCCESS, 22
get_partial_spirit: SUCCESS, 1,2,3,4,5
buy_team: SUCCESS
add_player: SUCCESS
num_played_games_for_player: SUCCESS, 22
play_match: FAILURE
add_team: FAILURE
get_ith_pointless_ability: FAILURE
add_player_cards: SUCCESS
add_player: SUCCESS
add_player: SUCCESS
get_team_points: SUCCESS, 0
add_player: SUCCESS
get_team_points: SUCCESS, 0
play_match: FAILURE
add_player: SUCCESS
remove_team: FAILURE
remove_team: FAILURE
get_partial_spirit: SUCCESS, 1,2,3,4,5
add_player: SUCCESS
remove_team: FAILURE
add_player_cards: SUCCESS
add_player: SUCCESS
buy_team: SUCCESS
buy_team: SUCCESS
buy_team: SUCCESS
buy_team: SUCCESS
add_player: SUCCESS
add_player: SUCCESS
get_ith_pointless_ability: FAILURE
add_player: SUCCESS
add_team: FAILURE
add_player_cards: SUCCESS
get_partial_spirit: SUCCESS, 1,4,5,2,3
remove_team: FAILURE
get_partial_spirit: SUCCESS, 1,2,3,4,5
buy_team: SUCCESS
play_match: FAILURE
add_player: SUCCESS
add_team: FAILURE
buy_team: SUCCESS
play_match: FAILURE
add_player: SUCCESS
add_player: FAILURE
play_match: FAILURE
play_match: SUCCESS, 1
remove_team: FAILURE
num_played_games_for_player: SUCCESS, 22
play_match: FAILURE
get_ith_pointless_ability: SUCCESS, 98
add_player_cards: SUCCESS
get_ith_pointless_ability: FAILURE
add_player: SUCCESS
num_played_games_for_player: SUCCESS, 22
add_player: SUCCESS
get_ith_pointless_ability: SUCCESS, 55
play_match: SUCCESS, 1
add_player: FAILURE
add_player: SUCCESS
add_player: FAILURE
get_partial_spirit: SUCCESS, 5,3,4,1,2
add_player: SUCCESS
get_team_points: SUCCESS, 0
add_player: SUCCESS
add_player: SUCCESS
add_player: SUCCESS
buy_team: SUCCESS
add_player: SUCCESS
add_team: FAILURE
add_player: FAILURE
get_ith_pointless_ability: FAILURE
add_player_cards: SUCCESS
get_partial_spirit: SUCCESS, 1,2,3,4,5
buy_team: SUCCESS
add_player: SUCCESS
get_player_cards: SUCCESS, 12
add_player: SUCCESS
play_match: FAILURE
get_player_cards: SUCCESS, 132
get_player_cards: SUCCESS, 92
add_team: FAILURE
add_team: FAILURE
add_player: SUCCESS
add_player: SUCCESS
get_player_cards: SUCCESS, 95
remove_team: FAILURE
get_team_points: SUCCESS, 0
get_partial_spirit: SUCCESS, 1,4,5,2,3
play_match: FAILURE
get_partial_spirit: SUCCESS, 1,2,3,4,5
add_player_cards: FAILURE
get_player_cards: SUCCESS, 162
num_played_games_for_player: SUCCESS, 22
add_team: FAILURE
get_partial_spirit: SUCCESS, 1,3,2,4,5
add_player: SUCCESS
buy_team: SUCCESS
get_team_points: SUCCESS, 0
remove_team: FAILURE
get_player_cards: SUCCESS, 209
num_played_games_for_player: SUCCESS, 22
get_partial_spirit: SUCCESS, 5,3,2,4,1
get_player_cards: SUCCESS, 144
remove_team: FAILURE
num_played_games_for_player: SUCCESS, 22
add_team: FAILURE
add_team: FAILURE
add_player_cards: SUCCESS
remove_team: FAILURE
buy_team: SUCCESS
add_team: FAILURE
get_ith_pointless_ability: SUCCESS, 53
add_player: SUCCESS
get_partial_spirit: SUCCESS, 5,1,3,2,4
add_team: FAILURE
add_player: SUCCESS
get_partial_spirit: SUCCESS, 1,2,3,4,5
add_player: SUCCESS
get_ith_pointless_ability: SUCCESS, 46
remove_team: FAILURE
add_player: SUCCESS
add_team: FAILURE
get_ith_pointless_ability: SUCCESS, 39
get_player_cards: SUCCESS, 162
remove_team: FAILURE
get_team_points: SUCCESS, 3
get_ith_pointless_ability: SUCCESS, 48
add_player_cards: SUCCESS
add_player: SUCCESS
get_player_cards: SUCCESS, 290
num_played_games_for_player: SUCCESS, 22
add_team: FAILURE
add_player: SUCCESS
remove_team: FAILURE
remove_team: FAILURE
play_match: FAILURE
remove_team: FAILURE
get_team_points: SUCCESS, 0
add_player: FAILURE
add_player: SUCCESS
get_team_points: SUCCESS, 0
add_player: SUCCESS
get_partial_spirit: SUCCESS, 1,2,3,4,5
add_player_cards: SUCCESS
buy_team: SUCCESS
remove_team: FAILURE
add_player: SUCCESS
add_player: FAILURE
add_player: SUCCESS
get_team_points: SUCCESS, 0
add_player: SUCCESS
add_team: FAILURE
add_player_cards: SUCCESS
add_player: SUCCESS
add_player: SUCCESS
add_player: SUCCESS
get_partial_spirit: SUCCESS, 1,3,4,2,5
add_player: SUCCESS
add_team: FAILURE
get_partial_spirit: SUCCESS, 4,2,3,1,5
num_played_games_for_player: SUCCESS, 22
get_partial_spirit: SUCCESS, 1,2,3,4,5
add_player: FAILURE
remove_team: FAILURE
add_player: SUCCESS
get_partial_spirit: SUCCESS, 1,2,3,4,5
remove_team: FAILURE
buy_team: SUCCESS
add_player: FAILURE
add_player_cards: SUCCESS
get_partial_spirit: SUCCESS, 1,2,3,4,5
add_player: SUCCESS
get_team_points: SUCCESS, 0
add_player: SUCCESS
get_player_cards: SUCCESS, 48
get_player_cards: SUCCESS, 176
add_team: FAILURE
buy_team: SUCCESS
add_player_cards: SUCCESS
get_player_cards: SUCCESS, 226
add_player: SUCCESS
play_match: FAILURE
num_played_games_for_player: SUCCESS, 22
num_played_games_for_player: SUCCESS, 22
add_player: FAILURE
add_player: SUCCESS
num_played_games_for_player: SUCCESS, 22
get_ith_pointless_ability: FAILURE
remove_team: FAILURE
get_team_points: SUCCESS, 0
play_match: SUCCESS, 1
add_player: SUCCESS
get_partial_spirit: SUCCESS, 1,3,2,4,5
add_player: FAILURE
get_player_cards: SUCCESS, 217
add_player: SUCCESS
add_player: FAILURE
get_ith_pointless_ability: SUCCESS, 71
get_player_cards: SUCCESS, 134
play_match: SUCCESS, 3
play_match: FAILURE
get_partial_spirit: SUCCESS, 1,2,3,4,5
get_team_points: SUCCESS, 3
get_partial_spirit: SUCCESS, 5,1,4,3,2
get_ith_pointless_ability: SUCCESS, 39
play_match: SUCCESS, 1
get_ith_pointless_ability: FAILURE
get_player_cards: SUCCESS, 188
num_played_games_for_player: SUCCESS, 22
buy_team: SUCCESS
get_partial_spirit: SUCCESS, 1,2,3,4,5
add_player_cards: SUCCESS
get_player_cards: SUCCESS, 142
get_ith_pointless_ability: SUCCESS, 2
get_ith_pointless_ability: FAILURE
num_played_games_for_player: SUCCESS, 22
get_partial_spirit: SUCCESS, 3,1,2,5,4
remove_team: FAILURE
add_player_cards: SUCCESS
add_team: FAILURE
add_player_cards: SUCCESS
add_player_cards: SUCCESS
add_player_cards: SUCCESS
add_team: FAILURE
add_team: FAILURE
get_team_points: SUCCESS, 0
buy_team: SUCCESS
add_player: SUCCESS
add_player: SUCCESS
get_ith_pointless_ability: SUCCESS, 75
remove_team: FAILURE
remove_team: FAILURE
add_player: FAILURE
get_team_points: SUCCESS, 3
num_played_games_for_player: SUCCESS, 22
add_player: SUCCESS
play_match: FAILURE
get_team_points: SUCCESS, 0
add_team: FAILURE
remove_team: FAILURE
get_player_cards: SUCCESS, 296
add_player: SUCCESS
add_team: FAILURE
get_player_cards: SUCCESS, 62
add_player: FAILURE
get_player_cards: SUCCESS, 207
remove_team: FAILURE
add_player_cards: SUCCESS
buy_team: SUCCESS
remove_team: FAILURE
get_player_cards: SUCCESS, 113
add_player: FAILURE
num_played_games_for_player: SUCCESS, 22
add_player: SUCCESS
num_played_games_for_player: SUCCESS, 22
buy_team: SUCCESS
get_ith_pointless_ability: FAILURE
get_ith_pointless_ability: SUCCESS, 6
num_played_games_for_player: SUCCESS, 22
add_player: SUCCESS
add_team: FAILURE
add_team: FAILURE
add_player: FAILURE
add_team: FAILURE
get_ith_pointless_ability: SUCCESS, 21
add_team: FAILURE
add_player: SUCCESS
add_player: SUCCESS
play_match: SUCCESS, 3
add_player_cards: SUCCESS
add_player: SUCCESS
get_partial_spirit: SUCCESS, 1,2,3,4,5
get_partial_spirit: SUCCESS, 1,2,3,4,5
get_team_points: SUCCESS, 0
play_match: FAILURE
get_team_points: SUCCESS, 0
add_player: SUCCESS
get_partial_spirit: SUCCESS, 1,2,3,4,5
add_player_cards: SUCCESS
num_played_games_for_player: SUCCESS, 22
get_player_cards: SUCCESS, 75
get_player_cards: SUCCESS, 40
buy_team: SUCCESS
get_ith_pointless_ability: FAILURE
add_player: SUCCESS
get_partial_spirit: FAILURE
get_team_points: FAILURE
buy_team: SUCCESS
get_ith_pointless_ability: SUCCESS, 67
num_played_games_for_player: SUCCESS, 22
add_player: SUCCESS
get_player_cards: SUCCESS, 183
add_team: FAILURE
num_played_games_for_player: SUCCESS, 22
play_match: SUCCESS, 1
get_team_points: SUCCESS, 0
remove_team: FAILURE
num_played_games_for_player: SUCCESS, 22
buy_team: SUCCESS
add_player_cards: SUCCESS
add_player_cards: SUCCESS
num_played_games_for_player: SUCCESS, 22
buy_team: SUCCESS
get_ith_pointless_ability: SUCCESS, 73
num_played_games_for_player: SUCCESS, 22
remove_team: FAILURE
buy_team: SUCCESS
add_player: SUCCESS
add_team: FAILURE
num_played_games_for_player: SUCCESS, 22
num_played_games_for_player: SUCCESS, 22
buy_team: SUCCESS
get_partial_spirit: SUCCESS, 1,2,3,4,5
add_player_cards: SUCCESS
get_ith_pointless_ability: FAILURE
get_player_cards: SUCCESS, 230
num_played_games_for_player: SUCCESS, 22
get_ith_pointless_ability: SUCCESS, 18
add_player: SUCCESS
add_player: SUCCESS
add_player: SUCCESS
add_player: SUCCESS
play_match: FAILURE
get_partial_spirit: SUCCESS, 1,3,2,4,5
buy_team: SUCCESS
get_player_cards: SUCCESS, 209
play_match: FAILURE
play_match: SUCCESS, 1
buy_team: SUCCESS
add_team: FAILURE
get_partial_spirit: SUCCESS, 2,4,1,5,3
get_player_cards: SUCCESS, 299
buy_team: SUCCESS
add_player: SUCCESS
get_partial_spirit: SUCCESS, 1,2,3,4,5
get_ith_pointless_ability: SUCCESS, 94
play_match: SUCCESS, 1
add_team: FAILURE
get_team_points: SUCCESS, 0
remove_team: FAILURE
num_played_games_for_player: SUCCESS, 22
get_team_points: SUCCESS, 0
get_partial_spirit: SUCCESS, 1,2,3,4,5
add_player: SUCCESS
remove_team: FAILURE
add_player: FAILURE
play_match: FAILURE
get_ith_pointless_ability: SUCCESS, 90
add_player_cards: FAILURE
get_partial_spirit: SUCCESS, 1,2,3,4,5
num_played_games_for_player: SUCCESS, 22
get_team_points: SUCCESS, 0
num_played_games_for_player: SUCCESS, 22
get_partial_spirit: SUCCESS, 5,2,3,1,4
get_ith_pointless_ability: SUCCESS, 87
get_player_cards: SUCCESS, 249
add_player: SUCCESS
buy_team: SUCCESS
add_player: SUCCESS
get_partial_spirit: SUCCESS, 1,2,3,4,5
play_match: FAILURE
add_team: FAILURE
get_player_cards: SUCCESS, 12
num_played_games_for_player: SUCCESS, 22
get_team_points: SUCCESS, 3
play_match: FAILURE
play_match: FAILURE
add_player: SUCCESS
get_partial_spirit: SUCCESS, 1,2,3,4,5
remove_team: FAILURE
add_team: FAILURE
add_player: FAILURE
get_ith_pointless_ability: SUCCESS, 6
buy_team: SUCCESS
add_player: SUCCESS
add_player: FAILURE
get_ith_pointless_ability: FAILURE
get_ith_pointless_ability: SUCCESS, 15
get_ith_pointless_ability: FAILURE
get_player_cards: SUCCESS, 212
add_player: SUCCESS
add_player: FAILURE
add_player: SUCCESS
add_player_cards: SUCCESS
add_player: SUCCESS
play_match: FAILURE
play_match: FAILURE
get_partial_spirit: SUCCESS, 4,3,1,5,2
get_ith_pointless_ability: SUCCESS, 83
get_ith_pointless_ability: SUCCESS, 26
add_team: FAILURE
add_player_cards: SUCCESS
play_match: FAILURE
add_player: FAILURE
add_player: SUCCESS
buy_team: SUCCESS
get_player_cards: SUCCESS, 62
buy_team: SUCCESS
get_ith_pointless_ability: SUCCESS, 70
buy_team: SUCCESS
get_partial_spirit: SUCCESS, 1,3,4,2,5
play_match: FAILURE
get_team_points: SUCCESS, 0
play_match: FAILURE
buy_team: SUCCESS
add_player_cards: SUCCESS
remove_team: FAILURE
remove_team: FAILURE
add_player: SUCCESS
num_played_games_for_player: SUCCESS, 22
add_player: SUCCESS
buy_team: SUCCESS
add_player_cards: SUCCESS
add_player: SUCCESS
num_played_games_for_player: SUCCESS, 22
get_player_cards: SUCCESS, 170
get_team_points: FAILURE
remove_team: FAILURE
get_player_cards: SUCCESS, 107
num_played_games_for_player: SUCCESS, 22
get_player_cards: SUCCESS, 269
add_player: SUCCESS
get_ith_pointless_ability: SUCCESS, 71
remove_team: FAILURE
buy_team: SUCCESS
remove_team: FAILURE
buy_team: SUCCESS
buy_team: SUCCESS
get_partial_spirit: FAILURE
play_match: SUCCESS, 3
remove_team: FAILURE
play_match: FAILURE
add_team: FAILURE
play_match: FAILURE
add_player: SUCCESS
remove_team: FAILURE
num_played_games_for_player: SUCCESS, 22
add_player: SUCCESS
get_ith_pointless_ability: SUCCESS, 15
get_ith_pointless_ability: SUCCESS, 98
remove_team: FAILURE
get_player_cards: SUCCESS, 330
play_match: FAILURE
get_partial_spirit: SUCCESS, 4,2,1,5,3
buy_team: SUCCESS
get_player_cards: SUCCESS, 102
add_player_cards: SUCCESS
get_team_points: SUCCESS, 0
add_player: SUCCESS
get_partial_spirit: SUCCESS, 1,3,2,4,5
remove_team: FAILURE
get_team_points: SUCCESS, 0
num_played_games_for_player: SUCCESS, 22
add_team: FAILURE
get_player_cards: SUCCESS, 95
get_partial_spirit: FAILURE
buy_team: SUCCESS
get_ith_pointless_ability: SUCCESS, 95
add_player: FAILURE
add_player: FAILURE
remove_team: FAILURE
add_team: FAILURE
get_ith_pointless_ability: FAILURE
remove_team: FAILURE
add_team: FAILURE
get_partial_spirit: SUCCESS, 4,2,5,3,1
get_team_points: SUCCESS, 0
add_player_cards: FAILURE
get_team_points: SUCCESS, 0
add_player: FAILURE
get_team_points: SUCCESS, 0
get_partial_spirit: SUCCESS, 5,1,3,4,2
add_player: SUCCESS
add_team: FAILURE
add_player: FAILURE
add_player: FAILURE
get_ith_pointless_ability: FAILURE
get_player_cards: SUCCESS, 83
buy_team: SUCCESS
add_player: FAILURE
add_player: SUCCESS
get_partial_spirit: FAILURE
get_player_cards: SUCCESS, 128
get_player_cards: SUCCESS, 117
get_partial_spirit: SUCCESS, 1,2,3,4,5
get_partial_spirit: SUCCESS, 1,2,3,4,5
get_team_points: SUCCESS, 0
num_played_games_for_player: SUCCESS, 22
get_team_points: SUCCESS, 0
add_player: SUCCESS
get_player_cards: SUCCESS, 292
buy_team: SUCCESS
remove_team: FAILURE
add_player: FAILURE
play_match: FAILURE
remove_team: FAILURE
add_player: SUCCESS
get_partial_spirit: SUCCESS, 4,2,3,5,1
get_player_cards: SUCCESS, 226
get_ith_pointless_ability: FAILURE
get_ith_pointless_ability: SUCCESS, 74
add_player: SUCCESS
get_partial_spirit: FAILURE
num_played_games_for_player: SUCCESS, 22
get_player_cards: SUCCESS, 98
add_player: FAILURE
get_player_cards: SUCCESS, 148
add_player: SUCCESS
get_team_points: SUCCESS, 0
add_player_cards: SUCCESS
get_partial_spirit: FAILURE
get_ith_pointless_ability: SUCCESS, 60
add_player_cards: SUCCESS
add_player: FAILURE
add_player: SUCCESS
remove_team: FAILURE
add_player_cards: SUCCESS
get_ith_pointless_ability: SUCCESS, 71
add_player_cards: SUCCESS
get_player_cards: SUCCESS, 67
add_player: SUCCESS
add_player: SUCCESS
add_team: FAILURE
add_player: SUCCESS
play_match: FAILURE
get_ith_pointless_ability: SUCCESS, 72
add_player: SUCCESS
get_player_cards: SUCCESS, 131
add_player: FAILURE
get_player_cards: SUCCESS, 249
play_match: FAILURE
buy_team: SUCCESS
get_player_cards: SUCCESS, 129
num_played_games_for_player: SUCCESS, 22
add_player: FAILURE
add_player: SUCCESS
play_match: FAILURE
remove_team: FAILURE
remove_team: FAILURE
add_player_cards: SUCCESS
add_player: SUCCESS
add_player: SUCCESS
get_player_cards: SUCCESS, 87
add_player_cards: SUCCESS
add_team: FAILURE
get_ith_pointless_ability: SUCCESS, 48
play_match: SUCCESS, 1
play_match: SUCCESS, 1
add_player: FAILURE
add_player: FAILURE
get_player_cards: SUCCESS, 102
get_partial_spirit: SUCCESS, 1,2,3,4,5
num_played_games_for_player: SUCCESS, 22
buy_team: SUCCESS
get_team_points: FAILURE
add_player: SUCCESS
num_played_games_for_player: SUCCESS, 22
get_team_points: SUCCESS, 0
add_player_cards: SUCCESS
num_played_games_for_player: SUCCESS, 22
remove_team: FAILURE
get_ith_pointless_ability: SUCCESS, 92
get_ith_pointless_ability: SUCCESS, 96
add_player: SUCCESS
play_match: SUCCESS, 1
remove_team: FAILURE
get_player_cards: SUCCESS, 4
add_player_cards: SUCCESS
num_played_games_for_player: SUCCESS, 22
remove_team: FAILURE
get_partial_spirit: SUCCESS, 1,2,3,4,5
get_ith_pointless_ability: FAILURE
add_player: FAILURE
play_match: SUCCESS, 1
get_ith_pointless_ability: SUCCESS, 18
remove_team: FAILURE
get_team_points: SUCCESS, 0
num_played_games_for_player: SUCCESS, 22
add_team: FAILURE
add_team: FAILURE
num_played_games_for_player: SUCCESS, 22
num_played_games_for_player: SUCCESS, 22
num_played_games_for_player: SUCCESS, 22
num_played_games_for_player: SUCCESS, 22
play_match: FAILURE
add_player: SUCCESS
num_played_games_for_player: SUCCESS, 22
remove_team: FAILURE
add_player_cards: SUCCESS
add_player_cards: SUCCESS
play_match: FAILURE
num_played_games_for_player: SUCCESS, 22
buy_team: SUCCESS
remove_team: FAILURE
buy_team: SUCCESS
add_player: SUCCESS
add_team: FAILURE
remove_team: FAILURE
add_team: FAILURE
get_ith_pointless_ability: FAILURE
add_player: FAILURE
num_played_games_for_player: SUCCESS, 22
play_match: FAILURE
get_ith_pointless_ability: SUCCESS, 71
add_player: FAILURE
buy_team: SUCCESS
add_team: FAILURE
get_player_cards: SUCCESS, 43
remove_team: FAILURE
play_match: SUCCESS, 3
add_player: SUCCESS
get_player_cards: SUCCESS, 292
get_partial_spirit: SUCCESS, 1,2,3,4,5
buy_team: SUCCESS
play_match: SUCCESS, 1
get_team_points: SUCCESS, 0
get_team_points: SUCCESS, 0
remove_team: FAILURE
add_player: SUCCESS
play_match: FAILURE
add_player: SUCCESS
add_team: FAILURE
play_match: FAILURE
add_player: SUCCESS
buy_team: SUCCESS
get_ith_pointless_ability: SUCCESS, 26
num_played_games_for_player: SUCCESS, 22
add_player_cards: SUCCESS
add_player_cards: SUCCESS
add_team: FAILURE
num_played_games_for_player: SUCCESS, 22
add_player: FAILURE
buy_team: SUCCESS
remove_team: FAILURE
add_player_cards: SUCCESS
remove_team: FAILURE
get_team_points: FAILURE
play_match: SUCCESS, 1
buy_team: SUCCESS
remove_team: FAILURE
add_player_cards: SUCCESS
get_team_points: SUCCESS, 0
add_player: SUCCESS
get_partial_spirit: FAILURE
add_player: SUCCESS
add_player: SUCCESS
add_player: FAILURE
get_partial_spirit: SUCCESS, 4,5,2,1,3
add_player_cards: SUCCESS
get_partial_spirit: SUCCESS, 1,5,4,3,2
add_player: FAILURE
add_player_cards: SUCCESS
add_player_cards: SUCCESS
add_player_cards: SUCCESS
get_team_points: FAILURE
remove_team: FAILURE
buy_team: SUCCESS
get_partial_spirit: SUCCESS, 1,2,3,4,5
get_player_cards: SUCCESS, 176
get_ith_pointless_ability: FAILURE
add_player: SUCCESS
add_player_cards: SUCCESS
buy_team: SUCCESS
num_played_games_for_player: SUCCESS, 22
buy_team: SUCCESS
buy_team: SUCCESS
add_player_cards: SUCCESS
add_player: FAILURE
remove_team: FAILURE
add_player: FAILURE
buy_team: SUCCESS
play_match: SUCCESS, 3
buy_team: SUCCESS
num_played_games_for_player: SUCCESS, 22
add_player_cards: SUCCESS
get_team_points: SUCCESS, 0
add_player: FAILURE
get_team_points: SUCCESS, 0
add_player: FAILURE
get_ith_pointless_ability: SUCCESS, 34
get_player_cards: SUCCESS, 188
add_team: FAILURE
play_match: FAILURE
get_partial_spirit: FAILURE
add_player: FAILURE
add_player: FAILURE
buy_team: SUCCESS
remove_team: FAILURE
get_ith_pointless_ability: SUCCESS, 72
add_player_cards: SUCCESS
buy_team: SUCCESS
num_played_games_for_player: SUCCESS, 22
get_player_cards: SUCCESS, 129
buy_team: SUCCESS
add_player_cards: SUCCESS
buy_team: SUCCESS
add_player: FAILURE
add_player: FAILURE
add_player: FAILURE
add_player: SUCCESS
add_team: FAILURE
add_team: FAILURE
num_played_games_for_player: SUCCESS, 22
play_match: FAILURE
num_played_games_for_player: SUCCESS, 22
add_player: SUCCESS
add_team: FAILURE
get_player_cards: SUCCESS, 170
play_match: SUCCESS, 1
add_player_cards: SUCCESS
buy_team: SUCCESS
num_played_games_for_player: SUCCESS, 22
add_player: SUCCESS
buy_team: SUCCESS
add_player_cards: SUCCESS
add_player_cards: FAILURE
add_player_cards: SUCCESS
get_player_cards: SUCCESS, 107
num_played_games_for_player: SUCCESS, 22
buy_team: SUCCESS
play_match: SUCCESS, 3
get_team_points: FAILURE
remove_team: FAILURE
remove_team: FAILURE
add_player: FAILURE
remove_team: FAILURE
num_played_games_for_player: SUCCESS, 22
get_ith_pointless_ability: FAILURE
num_played_games_for_player: SUCCESS, 22
add_player: SUCCESS
buy_team: SUCCESS
get_player_cards: SUCCESS, 131
get_ith_pointless_ability: SUCCESS, 3
play_match: FAILURE
play_match: FAILURE
get_player_cards: SUCCESS, 480
get_player_cards: SUCCESS, 44
add_player: FAILURE
remove_team: FAILURE
get_ith_pointless_ability: SUCCESS, 72
buy_team: SUCCESS
get_player_cards: SUCCESS, 75
play_match: SUCCESS, 3
buy_team: SUCCESS
get_player_cards: SUCCESS, 131
add_player: FAILURE
add_team: FAILURE
add_team: FAILURE
add_team: FAILURE
add_player: SUCCESS
add_player: FAILURE
add_team: FAILURE
buy_team: SUCCESS
add_player: FAILURE
add_player: FAILURE
add_team: FAILURE
add_player: SUCCESS
buy_team: SUCCESS
get_ith_pointless_ability: SUCCESS, 67
add_player_cards: SUCCESS
get_player_cards: SUCCESS, 58
get_player_cards: SUCCESS, 282
play_match: FAILURE
add_player: SUCCESS
get_partial_spirit: SUCCESS, 4,2,3,1,5
play_match: SUCCESS, 1
get_team_points: SUCCESS, 0
num_played_games_for_player: SUCCESS, 22
get_ith_pointless_ability: SUCCESS, 61
add_player: SUCCESS
add_player: FAILURE
get_ith_pointless_ability: FAILURE
add_team: FAILURE
get_player_cards: SUCCESS, 252
add_player_cards: SUCCESS
remove_team: FAILURE
add_player: SUCCESS
add_player: FAILURE
add_team: FAILURE
add_player_cards: SUCCESS
get_player_cards: SUCCESS, 119
add_player: FAILURE
play_match: FAILURE
num_played_games_for_player: SUCCESS, 22
get_player_cards: SUCCESS, 102
buy_team: SUCCESS
num_played_games_for_player: SUCCESS, 22
add_player_cards: SUCCESS
num_played_games_for_player: SUCCESS, 22
get_partial_spirit: SUCCESS, 1,2,3,4,5
add_player_cards: SUCCESS
add_player: SUCCESS
get_team_points: SUCCESS, 9
get_team_points: SUCCESS, 0
get_team_points: SUCCESS, 0
num_played_games_for_player: SUCCESS, 22
get_team_points: SUCCESS, 3
add_team: FAILURE
num_played_games_for_player: SUCCESS, 22
add_player: SUCCESS
play_match: FAILURE
play_match: FAILURE
add_team: FAILURE
get_team_points: FAILURE
add_player: FAILURE
play_match: FAILURE
get_team_points: SUCCESS, 9
add_player: FAILURE
get_player_cards: SUCCESS, 36
get_team_points: FAILURE
get_player_cards: SUCCESS, 18
get_player_cards: SUCCESS, 19
get_player_cards: SUCCESS, 241
add_player: FAILURE
get_team_points: SUCCESS, 0
add_player_cards: SUCCESS
get_partial_spirit: SUCCESS, 2,4,3,5,1
add_player_cards: FAILURE
play_match: SUCCESS, 1
get_partial_spirit: SUCCESS, 5,3,4,2,1
add_player: FAILURE
play_match: FAILURE
get_partial_spirit: SUCCESS, 2,4,1,5,3
play_match: FAILURE
get_team_points: FAILURE
get_ith_pointless_ability: SUCCESS, 75
add_team: FAILURE
get_ith_pointless_ability: SUCCESS, 48
get_player_cards: SUCCESS, 352
add_player: SUCCESS
add_team: FAILURE
num_played_games_for_player: SUCCESS, 22
add_player: SUCCESS
get_partial_spirit: FAILURE
add_player: FAILURE
get_ith_pointless_ability: SUCCESS, 93
remove_team: FAILURE
get_player_cards: SUCCESS, 252
add_player: FAILURE
get_player_cards: SUCCESS, 36
add_player_cards: SUCCESS
add_player_cards: SUCCESS
buy_team: SUCCESS
get_team_points: SUCCESS, 0
get_player_cards: SUCCESS, 268
