add_team: SUCCESS
add_team: SUCCESS
add_team: SUCCESS
add_team: SUCCESS
add_team: SUCCESS
add_team: SUCCESS
add_team: SUCCESS
add_team: SUCCESS
add_team: SUCCESS
add_team: SUCCESS
add_team: SUCCESS
add_team: SUCCESS
add_team: SUCCESS
add_team: SUCCESS
add_team: SUCCESS
add_team: SUCCESS
add_team: SUCCESS
add_team: SUCCESS
add_team: SUCCESS
add_team: SUCCESS
add_team: SUCCESS
add_team: SUCCESS
add_team: SUCCESS
add_team: SUCCESS
add_team: SUCCESS
add_team: SUCCESS
add_team: SUCCESS
add_team: SUCCESS
add_team: SUCCESS
add_team: SUCCESS
add_team: SUCCESS
add_team: SUCCESS
add_team: SUCCESS
add_team: SUCCESS
add_team: SUCCESS
add_team: SUCCESS
add_team: SUCCESS
add_team: SUCCESS
add_team: SUCCESS
add_team: SUCCESS
add_team: SUCCESS
add_team: SUCCESS
add_team: SUCCESS
add_team: SUCCESS
add_team: SUCCESS
add_team: SUCCESS
add_team: SUCCESS
add_team: SUCCESS
add_team: SUCCESS
add_team: SUCCESS
add_team: SUCCESS
add_team: SUCCESS
add_team: SUCCESS
add_team: SUCCESS
add_team: SUCCESS
add_team: SUCCESS
add_team: SUCCESS
add_team: SUCCESS
add_team: SUCCESS
add_team: SUCCESS
add_team: SUCCESS
add_team: SUCCESS
add_team: SUCCESS
add_team: SUCCESS
add_team: SUCCESS
add_team: SUCCESS
add_team: SUCCESS
add_team: SUCCESS
add_team: SUCCESS
add_team: SUCCESS
add_team: SUCCESS
add_team: SUCCESS
add_team: SUCCESS
add_team: SUCCESS
add_team: SUCCESS
add_team: SUCCESS
add_team: SUCCESS
add_team: SUCCESS
add_team: SUCCESS
add_team: SUCCESS
add_team: SUCCESS
add_team: SUCCESS
add_team: SUCCESS
add_team: SUCCESS
add_team: SUCCESS
add_team: SUCCESS
add_team: SUCCESS
add_team: SUCCESS
add_team: SUCCESS
add_team: SUCCESS
add_team: SUCCESS
add_team: SUCCESS
add_team: SUCCESS
add_team: SUCCESS
add_team: SUCCESS
add_team: SUCCESS
add_team: SUCCESS
add_team: SUCCESS
add_team: SUCCESS
add_team: SUCCESS
add_player: SUCCESS
add_player: SUCCESS
add_player: SUCCESS
add_player: SUCCESS
add_player: SUCCESS
add_player: SUCCESS
add_player: SUCCESS
add_player: SUCCESS
add_player: SUCCESS
add_player: SUCCESS
add_player: SUCCESS
add_player: SUCCESS
add_player: SUCCESS
add_player: SUCCESS
add_player: SUCCESS
add_player: SUCCESS
add_player: SUCCESS
add_player: SUCCESS
add_player: SUCCESS
add_player: SUCCESS
add_player: SUCCESS
add_player: SUCCESS
add_player: SUCCESS
add_player: SUCCESS
add_player: SUCCESS
add_player: SUCCESS
add_player: SUCCESS
add_player: SUCCESS
add_player: SUCCESS
add_player: SUCCESS
add_player: SUCCESS
add_player: SUCCESS
add_player: SUCCESS
add_player: SUCCESS
add_player: SUCCESS
add_player: SUCCESS
add_player: SUCCESS
add_player: SUCCESS
add_player: SUCCESS
add_player: SUCCESS
add_player: SUCCESS
add_player: SUCCESS
add_player: SUCCESS
add_player: SUCCESS
add_player: SUCCESS
add_player: SUCCESS
add_player: SUCCESS
add_player: SUCCESS
add_player: SUCCESS
add_player: SUCCESS
add_player: SUCCESS
add_player: SUCCESS
add_player: SUCCESS
add_player: SUCCESS
add_player: SUCCESS
add_player: SUCCESS
add_player: SUCCESS
add_player: SUCCESS
add_player: SUCCESS
add_player: SUCCESS
add_player: SUCCESS
add_player: SUCCESS
add_player: SUCCESS
add_player: SUCCESS
add_player: SUCCESS
add_player: SUCCESS
add_player: SUCCESS
add_player: SUCCESS
add_player: SUCCESS
add_player: SUCCESS
add_player: SUCCESS
add_player: SUCCESS
add_player: SUCCESS
add_player: SUCCESS
add_player: SUCCESS
add_player: SUCCESS
add_player: SUCCESS
add_player: SUCCESS
add_player: SUCCESS
add_player: SUCCESS
add_player: SUCCESS
add_player: SUCCESS
add_player: SUCCESS
add_player: SUCCESS
add_player: SUCCESS
add_player: SUCCESS
add_player: SUCCESS
add_player: SUCCESS
add_player: SUCCESS
add_player: SUCCESS
add_player: SUCCESS
add_player: SUCCESS
add_player: SUCCESS
add_player: SUCCESS
add_player: SUCCESS
add_player: SUCCESS
add_player: SUCCESS
add_player: SUCCESS
add_player: SUCCESS
add_player: SUCCESS
add_player: SUCCESS
play_match: FAILURE
add_player: SUCCESS
add_player: SUCCESS
remove_team: FAILURE
remove_team: FAILURE
add_player_cards: SUCCESS
remove_team: FAILURE
remove_team: FAILURE
add_player: SUCCESS
add_player: SUCCESS
add_player: SUCCESS
add_player: SUCCESS
add_player: SUCCESS
get_team_points: SUCCESS, 0
remove_team: FAILURE
num_played_games_for_player: SUCCESS, 22
add_team: SUCCESS
add_player: SUCCESS
get_ith_pointless_ability: FAILURE
get_partial_spirit: SUCCESS, 1,2,3,4,5
add_player: SUCCESS
play_match: FAILURE
buy_team: SUCCESS
add_player: SUCCESS
get_player_cards: SUCCESS, 149
get_partial_spirit: SUCCESS, 1,2,3,4,5
buy_team: SUCCESS
play_match: FAILURE
add_player: SUCCESS
get_ith_pointless_ability: FAILURE
add_team: FAILURE
add_team: FAILURE
add_player: SUCCESS
play_match: SUCCESS, 1
get_player_cards: SUCCESS, 206
add_player_cards: SUCCESS
add_player: SUCCESS
num_played_games_for_player: SUCCESS, 22
add_player_cards: SUCCESS
remove_team: FAILURE
add_player: SUCCESS
remove_team: FAILURE
play_match: FAILURE
get_partial_spirit: SUCCESS, 3,2,1,4,5
remove_team: FAILURE
add_player: SUCCESS
remove_team: FAILURE
get_team_points: SUCCESS, 0
play_match: FAILURE
get_player_cards: SUCCESS, 203
buy_team: SUCCESS
num_played_games_for_player: SUCCESS, 22
get_ith_pointless_ability: SUCCESS, 44
add_team: FAILURE
num_played_games_for_player: SUCCESS, 22
get_ith_pointless_ability: FAILURE
get_player_cards: SUCCESS, 80
add_player: SUCCESS
add_player: SUCCESS
add_player_cards: SUCCESS
num_played_games_for_player: SUCCESS, 22
add_team: FAILURE
add_player_cards: SUCCESS
buy_team: SUCCESS
add_player: SUCCESS
buy_team: SUCCESS
num_played_games_for_player: SUCCESS, 22
buy_team: SUCCESS
num_played_games_for_player: SUCCESS, 22
play_match: FAILURE
add_player: SUCCESS
num_played_games_for_player: SUCCESS, 22
add_player: SUCCESS
play_match: SUCCESS, 1
play_match: FAILURE
add_team: FAILURE
add_player: SUCCESS
add_team: FAILURE
get_partial_spirit: SUCCESS, 1,2,3,4,5
add_team: FAILURE
add_player_cards: SUCCESS
add_player: SUCCESS
add_player_cards: SUCCESS
num_played_games_for_player: SUCCESS, 22
add_team: FAILURE
get_partial_spirit: SUCCESS, 1,2,3,4,5
add_player: SUCCESS
add_player_cards: SUCCESS
get_partial_spirit: SUCCESS, 4,1,2,5,3
add_player: SUCCESS
get_ith_pointless_ability: SUCCESS, 68
buy_team: SUCCESS
num_played_games_for_player: SUCCESS, 22
add_player: SUCCESS
get_ith_pointless_ability: FAILURE
get_partial_spirit: SUCCESS, 1,2,3,4,5
get_ith_pointless_ability: SUCCESS, 84
buy_team: SUCCESS
add_player: SUCCESS
remove_team: FAILURE
add_player: SUCCESS
add_player: SUCCESS
get_player_cards: SUCCESS, 224
play_match: SUCCESS, 1
get_player_cards: SUCCESS, 108
get_ith_pointless_ability: SUCCESS, 30
add_player_cards: SUCCESS
add_team: FAILURE
get_team_points: SUCCESS, 0
buy_team: SUCCESS
add_player: SUCCESS
buy_team: SUCCESS
get_team_points: SUCCESS, 0
get_partial_spirit: SUCCESS, 1,2,3,4,5
add_player: FAILURE
get_partial_spirit: SUCCESS, 1,2,3,4,5
add_player: FAILURE
remove_team: FAILURE
add_player: SUCCESS
get_partial_spirit: SUCCESS, 1,2,3,4,5
add_player_cards: SUCCESS
add_team: FAILURE
get_partial_spirit: SUCCESS, 1,2,3,4,5
add_player_cards: SUCCESS
remove_team: FAILURE
add_player_cards: SUCCESS
num_played_games_for_player: SUCCESS, 22
add_player: SUCCESS
add_player: SUCCESS
add_player: SUCCESS
get_team_points: SUCCESS, 0
add_player_cards: SUCCESS
add_player_cards: SUCCESS
add_player: SUCCESS
get_player_cards: SUCCESS, 227
get_partial_spirit: SUCCESS, 1,2,3,4,5
num_played_games_for_player: SUCCESS, 22
num_played_games_for_player: SUCCESS, 22
get_ith_pointless_ability: FAILURE
add_player: SUCCESS
add_team: FAILURE
get_partial_spirit: SUCCESS, 2,5,1,3,4
play_match: FAILURE
get_team_points: SUCCESS, 0
add_player: SUCCESS
add_player: SUCCESS
get_team_points: SUCCESS, 3
buy_team: SUCCESS
add_player: FAILURE
add_player: SUCCESS
num_played_games_for_player: SUCCESS, 22
add_player: SUCCESS
remove_team: FAILURE
num_played_games_for_player: SUCCESS, 22
buy_team: SUCCESS
get_ith_pointless_ability: FAILURE
get_player_cards: SUCCESS, 96
get_partial_spirit: SUCCESS, 1,2,3,4,5
add_player: SUCCESS
add_team: FAILURE
add_team: FAILURE
get_ith_pointless_ability: FAILURE
play_match: FAILURE
add_player: SUCCESS
get_ith_pointless_ability: SUCCESS, 44
add_player: SUCCESS
get_player_cards: SUCCESS, 12
remove_team: FAILURE
num_played_games_for_player: SUCCESS, 22
add_player_cards: SUCCESS
add_player: SUCCESS
get_ith_pointless_ability: FAILURE
add_team: FAILURE
get_ith_pointless_ability: FAILURE
get_player_cards: SUCCESS, 108
add_player: SUCCESS
get_team_points: SUCCESS, 0
remove_team: FAILURE
add_player: SUCCESS
get_player_cards: SUCCESS, 134
add_player_cards: SUCCESS
get_team_points: SUCCESS, 0
remove_team: FAILURE
add_player: SUCCESS
buy_team: SUCCESS
get_team_points: SUCCESS, 0
add_player_cards: SUCCESS
get_ith_pointless_ability: SUCCESS, 47
add_player: SUCCESS
add_player: SUCCESS
add_player_cards: SUCCESS
play_match: FAILURE
add_player: SUCCESS
get_partial_spirit: SUCCESS, 4,1,2,3,5
get_ith_pointless_ability: SUCCESS, 26
remove_team: FAILURE
remove_team: FAILURE
get_partial_spirit: SUCCESS, 1,2,3,4,5
get_player_cards: SUCCESS, 94
add_player: SUCCESS
get_partial_spirit: SUCCESS, 1,2,3,4,5
get_team_points: SUCCESS, 0
get_team_points: SUCCESS, 0
add_team: FAILURE
add_player: SUCCESS
get_ith_pointless_ability: SUCCESS, 30
add_player: FAILURE
add_team: FAILURE
buy_team: SUCCESS
play_match: SUCCESS, 1
get_partial_spirit: SUCCESS, 5,3,2,4,1
remove_team: FAILURE
buy_team: SUCCESS
get_ith_pointless_ability: SUCCESS, 100
get_team_points: SUCCESS, 0
get_player_cards: SUCCESS, 297
get_team_points: SUCCESS, 0
get_partial_spirit: SUCCESS, 1,2,3,4,5
add_team: FAILURE
add_player: SUCCESS
buy_team: SUCCESS
buy_team: SUCCESS
get_partial_spirit: SUCCESS, 1,2,3,4,5
num_played_games_for_player: SUCCESS, 22
add_player: SUCCESS
remove_team: FAILURE
get_player_cards: SUCCESS, 279
add_player: SUCCESS
play_match: FAILURE
add_player: FAILURE
add_player_cards: SUCCESS
remove_team: FAILURE
get_player_cards: SUCCESS, 240
num_played_games_for_player: SUCCESS, 22
add_player: SUCCESS
add_player: SUCCESS
get_partial_spirit: SUCCESS, 1,2,3,4,5
add_player_cards: SUCCESS
buy_team: SUCCESS
remove_team: FAILURE
num_played_games_for_player: SUCCESS, 22
num_played_games_for_player: SUCCESS, 22
add_player: SUCCESS
add_player: SUCCESS
remove_team: FAILURE
get_ith_pointless_ability: SUCCESS, 66
get_partial_spirit: SUCCESS, 1,2,3,4,5
get_player_cards: SUCCESS, 221
get_partial_spirit: SUCCESS, 3,1,5,2,4
add_player: FAILURE
get_team_points: SUCCESS, 0
play_match: FAILURE
remove_team: FAILURE
add_player: SUCCESS
buy_team: SUCCESS
get_partial_spirit: SUCCESS, 5,3,1,2,4
get_ith_pointless_ability: FAILURE
get_team_points: SUCCESS, 0
add_player: SUCCESS
num_played_games_for_player: SUCCESS, 22
get_player_cards: SUCCESS, 162
add_player_cards: SUCCESS
num_played_games_for_player: SUCCESS, 22
get_ith_pointless_ability: FAILURE
buy_team: SUCCESS
add_team: FAILURE
get_ith_pointless_ability: SUCCESS, 48
get_ith_pointless_ability: FAILURE
get_partial_spirit: SUCCESS, 4,2,5,3,1
buy_team: SUCCESS
play_match: FAILURE
num_played_games_for_player: SUCCESS, 22
buy_team: SUCCESS
get_ith_pointless_ability: FAILURE
buy_team: SUCCESS
num_played_games_for_player: SUCCESS, 22
num_played_games_for_player: SUCCESS, 22
get_partial_spirit: SUCCESS, 5,3,1,2,4
add_team: FAILURE
add_player: FAILURE
add_player: SUCCESS
get_player_cards: SUCCESS, 134
add_team: FAILURE
get_partial_spirit: SUCCESS, 1,2,3,4,5
add_player: FAILURE
get_player_cards: SUCCESS, 13
add_player: SUCCESS
buy_team: SUCCESS
remove_team: FAILURE
add_player: SUCCESS
remove_team: FAILURE
add_player: SUCCESS
get_player_cards: SUCCESS, 134
num_played_games_for_player: SUCCESS, 22
add_player: SUCCESS
get_partial_spirit: SUCCESS, 3,5,2,1,4
get_team_points: SUCCESS, 0
add_player: SUCCESS
get_team_points: SUCCESS, 0
get_team_points: SUCCESS, 0
add_team: FAILURE
buy_team: SUCCESS
add_player_cards: SUCCESS
add_player: SUCCESS
add_player_cards: FAILURE
get_team_points: SUCCESS, 0
get_team_points: SUCCESS, 0
play_match: FAILURE
add_player: SUCCESS
get_player_cards: SUCCESS, 210
get_partial_spirit: SUCCESS, 5,3,2,1,4
buy_team: SUCCESS
get_ith_pointless_ability: SUCCESS, 61
num_played_games_for_player: SUCCESS, 22
add_player: FAILURE
get_player_cards: SUCCESS, 206
add_team: FAILURE
add_player: SUCCESS
get_player_cards: SUCCESS, 274
buy_team: SUCCESS
buy_team: SUCCESS
get_team_points: SUCCESS, 0
add_player_cards: SUCCESS
buy_team: SUCCESS
add_player: SUCCESS
add_player: SUCCESS
add_player: SUCCESS
add_player: SUCCESS
get_team_points: SUCCESS, 0
num_played_games_for_player: SUCCESS, 22
get_partial_spirit: SUCCESS, 3,1,2,4,5
add_team: FAILURE
play_match: FAILURE
play_match: FAILURE
add_player_cards: SUCCESS
add_player: SUCCESS
add_player: FAILURE
buy_team: SUCCESS
add_player: SUCCESS
add_player: FAILURE
get_team_points: SUCCESS, 0
get_partial_spirit: SUCCESS, 5,4,3,1,2
get_player_cards: SUCCESS, 207
get_ith_pointless_ability: FAILURE
add_player: SUCCESS
play_match: FAILURE
add_player: SUCCESS
get_ith_pointless_ability: SUCCESS, 32
get_team_points: SUCCESS, 0
num_played_games_for_player: SUCCESS, 22
add_player: FAILURE
add_player: SUCCESS
add_team: FAILURE
add_player: SUCCESS
add_player_cards: SUCCESS
get_team_points: SUCCESS, 0
add_player: SUCCESS
add_team: FAILURE
get_partial_spirit: SUCCESS, 1,4,5,3,2
add_player: SUCCESS
num_played_games_for_player: SUCCESS, 22
get_ith_pointless_ability: FAILURE
add_team: FAILURE
get_player_cards: SUCCESS, 162
add_team: FAILURE
add_player: SUCCESS
remove_team: FAILURE
play_match: FAILURE
get_player_cards: SUCCESS, 189
add_team: FAILURE
add_player: SUCCESS
get_partial_spirit: SUCCESS, 5,1,2,4,3
add_player: SUCCESS
buy_team: SUCCESS
add_team: FAILURE
get_player_cards: SUCCESS, 293
add_player: SUCCESS
buy_team: SUCCESS
add_player: SUCCESS
add_player: SUCCESS
buy_team: SUCCESS
add_player: FAILURE
add_player_cards: SUCCESS
add_player: SUCCESS
get_partial_spirit: SUCCESS, 3,1,2,4,5
get_partial_spirit: SUCCESS, 1,3,2,4,5
get_team_points: SUCCESS, 0
buy_team: SUCCESS
remove_team: FAILURE
play_match: SUCCESS, 3
get_player_cards: SUCCESS, 139
add_player: FAILURE
remove_team: FAILURE
add_team: FAILURE
add_team: FAILURE
buy_team: SUCCESS
get_ith_pointless_ability: SUCCESS, 32
get_team_points: SUCCESS, 0
add_player_cards: SUCCESS
add_team: FAILURE
play_match: FAILURE
get_player_cards: SUCCESS, 94
remove_team: FAILURE
play_match: SUCCESS, 1
get_player_cards: SUCCESS, 58
add_player: SUCCESS
get_ith_pointless_ability: SUCCESS, 51
play_match: FAILURE
buy_team: SUCCESS
get_ith_pointless_ability: SUCCESS, 65
add_player: SUCCESS
add_player: SUCCESS
add_team: FAILURE
add_player_cards: SUCCESS
play_match: FAILURE
buy_team: SUCCESS
get_partial_spirit: SUCCESS, 5,4,2,3,1
add_player: SUCCESS
num_played_games_for_player: SUCCESS, 22
remove_team: FAILURE
get_player_cards: SUCCESS, 139
add_player: SUCCESS
add_player: FAILURE
add_team: FAILURE
remove_team: FAILURE
add_player: SUCCESS
add_team: FAILURE
get_team_points: SUCCESS, 0
get_player_cards: SUCCESS, 79
get_partial_spirit: SUCCESS, 5,1,2,4,3
add_player_cards: SUCCESS
get_partial_spirit: SUCCESS, 1,2,3,4,5
add_team: FAILURE
get_partial_spirit: SUCCESS, 4,2,5,1,3
add_player: SUCCESS
add_player: SUCCESS
get_ith_pointless_ability: SUCCESS, 74
add_team: FAILURE
play_match: FAILURE
get_partial_spirit: SUCCESS, 2,4,5,1,3
remove_team: FAILURE
num_played_games_for_player: SUCCESS, 22
get_partial_spirit: SUCCESS, 1,2,3,4,5
get_team_points: SUCCESS, 0
add_player: FAILURE
add_team: FAILURE
get_partial_spirit: SUCCESS, 1,2,3,4,5
add_player: SUCCESS
num_played_games_for_player: SUCCESS, 22
num_played_games_for_player: SUCCESS, 22
add_player_cards: SUCCESS
add_team: FAILURE
buy_team: SUCCESS
num_played_games_for_player: SUCCESS, 22
play_match: FAILURE
add_player: SUCCESS
get_player_cards: SUCCESS, 187
get_ith_pointless_ability: SUCCESS, 48
play_match: FAILURE
remove_team: FAILURE
get_partial_spirit: SUCCESS, 5,3,1,2,4
get_partial_spirit: SUCCESS, 2,1,3,4,5
get_partial_spirit: SUCCESS, 1,2,3,4,5
get_player_cards: SUCCESS, 326
remove_team: FAILURE
add_player: SUCCESS
get_ith_pointless_ability: SUCCESS, 85
remove_team: FAILURE
num_played_games_for_player: SUCCESS, 22
get_partial_spirit: SUCCESS, 1,2,3,4,5
add_team: FAILURE
buy_team: SUCCESS
get_ith_pointless_ability: SUCCESS, 71
add_player_cards: SUCCESS
add_player: FAILURE
remove_team: FAILURE
num_played_games_for_player: SUCCESS, 22
play_match: SUCCESS, 3
add_player: FAILURE
get_ith_pointless_ability: SUCCESS, 5
buy_team: SUCCESS
remove_team: FAILURE
get_player_cards: SUCCESS, 171
buy_team: SUCCESS
remove_team: FAILURE
remove_team: FAILURE
num_played_games_for_player: SUCCESS, 22
get_player_cards: SUCCESS, 139
buy_team: SUCCESS
add_player_cards: SUCCESS
buy_team: SUCCESS
add_player: FAILURE
add_player_cards: SUCCESS
add_player: SUCCESS
remove_team: FAILURE
play_match: SUCCESS, 1
add_player_cards: SUCCESS
buy_team: SUCCESS
get_player_cards: SUCCESS, 287
get_partial_spirit: SUCCESS, 1,2,3,4,5
remove_team: FAILURE
add_player: SUCCESS
add_player: SUCCESS
play_match: FAILURE
get_team_points: SUCCESS, 0
add_player: SUCCESS
get_team_points: SUCCESS, 0
get_player_cards: SUCCESS, 425
get_ith_pointless_ability: FAILURE
add_player: FAILURE
add_player: FAILURE
remove_team: FAILURE
add_player: SUCCESS
add_player_cards: SUCCESS
add_team: FAILURE
buy_team: SUCCESS
add_player: SUCCESS
get_team_points: SUCCESS, 0
get_partial_spirit: SUCCESS, 2,1,4,3,5
get_ith_pointless_ability: SUCCESS, 25
remove_team: FAILURE
play_match: FAILURE
buy_team: SUCCESS
get_team_points: SUCCESS, 0
play_match: SUCCESS, 1
get_partial_spirit: FAILURE
buy_team: SUCCESS
buy_team: SUCCESS
get_team_points: SUCCESS, 0
play_match: SUCCESS, 3
play_match: FAILURE
add_player: SUCCESS
add_player: SUCCESS
num_played_games_for_player: SUCCESS, 22
get_player_cards: SUCCESS, 151
remove_team: FAILURE
num_played_games_for_player: SUCCESS, 22
add_player: FAILURE
get_ith_pointless_ability: SUCCESS, 83
get_team_points: SUCCESS, 0
add_player_cards: FAILURE
buy_team: SUCCESS
add_player: SUCCESS
play_match: FAILURE
add_team: FAILURE
buy_team: SUCCESS
get_team_points: SUCCESS, 0
get_team_points: SUCCESS, 0
num_played_games_for_player: SUCCESS, 22
add_team: FAILURE
get_player_cards: SUCCESS, 211
buy_team: SUCCESS
num_played_games_for_player: SUCCESS, 22
get_team_points: SUCCESS, 0
remove_team: FAILURE
get_team_points: SUCCESS, 0
add_player_cards: SUCCESS
num_played_games_for_player: SUCCESS, 22
add_player: FAILURE
buy_team: SUCCESS
add_player: SUCCESS
add_player: SUCCESS
get_ith_pointless_ability: FAILURE
get_team_points: SUCCESS, 0
get_team_points: SUCCESS, 0
add_player_cards: SUCCESS
add_player_cards: SUCCESS
add_player_cards: SUCCESS
get_team_points: SUCCESS, 0
add_player: SUCCESS
get_team_points: SUCCESS, 0
add_player_cards: SUCCESS
buy_team: SUCCESS
get_ith_pointless_ability: FAILURE
get_team_points: SUCCESS, 0
get_partial_spirit: SUCCESS, 5,4,2,3,1
add_player: SUCCESS
buy_team: SUCCESS
get_team_points: FAILURE
add_team: FAILURE
num_played_games_for_player: SUCCESS, 22
get_team_points: SUCCESS, 3
add_player: FAILURE
get_player_cards: SUCCESS, 75
play_match: SUCCESS, 3
get_team_points: SUCCESS, 0
get_player_cards: SUCCESS, 134
get_player_cards: SUCCESS, 83
get_ith_pointless_ability: SUCCESS, 85
get_partial_spirit: SUCCESS, 2,3,1,4,5
add_team: FAILURE
add_team: FAILURE
add_player: FAILURE
add_player: FAILURE
buy_team: SUCCESS
add_player: SUCCESS
buy_team: SUCCESS
add_player: FAILURE
get_partial_spirit: FAILURE
get_partial_spirit: SUCCESS, 5,4,3,1,2
get_team_points: SUCCESS, 3
get_player_cards: SUCCESS, 183
get_partial_spirit: SUCCESS, 4,5,2,1,3
add_player: SUCCESS
add_team: FAILURE
add_player: SUCCESS
add_player: FAILURE
add_player: SUCCESS
num_played_games_for_player: SUCCESS, 22
remove_team: FAILURE
get_partial_spirit: SUCCESS, 1,2,3,4,5
add_player: FAILURE
play_match: SUCCESS, 1
add_player: FAILURE
add_team: FAILURE
get_player_cards: SUCCESS, 280
add_player: SUCCESS
buy_team: SUCCESS
num_played_games_for_player: SUCCESS, 22
buy_team: SUCCESS
get_ith_pointless_ability: SUCCESS, 71
get_player_cards: SUCCESS, 227
play_match: FAILURE
num_played_games_for_player: SUCCESS, 22
get_partial_spirit: SUCCESS, 5,3,2,4,1
add_team: FAILURE
get_player_cards: SUCCESS, 292
num_played_games_for_player: SUCCESS, 22
get_ith_pointless_ability: SUCCESS, 19
num_played_games_for_player: SUCCESS, 22
get_partial_spirit: SUCCESS, 5,3,4,1,2
add_player: SUCCESS
get_ith_pointless_ability: SUCCESS, 38
add_player_cards: SUCCESS
add_player: FAILURE
get_player_cards: SUCCESS, 294
buy_team: SUCCESS
add_player_cards: SUCCESS
buy_team: SUCCESS
buy_team: SUCCESS
get_ith_pointless_ability: SUCCESS, 92
play_match: FAILURE
get_ith_pointless_ability: FAILURE
get_ith_pointless_ability: FAILURE
play_match: SUCCESS, 3
get_partial_spirit: SUCCESS, 1,5,4,3,2
add_team: FAILURE
buy_team: SUCCESS
get_player_cards: SUCCESS, 226
add_player: SUCCESS
play_match: FAILURE
remove_team: FAILURE
add_team: FAILURE
add_player: FAILURE
get_ith_pointless_ability: SUCCESS, 27
add_team: FAILURE
get_ith_pointless_ability: FAILURE
add_player: SUCCESS
get_team_points: SUCCESS, 0
add_player: SUCCESS
get_partial_spirit: SUCCESS, 2,4,5,1,3
num_played_games_for_player: SUCCESS, 22
get_ith_pointless_ability: FAILURE
add_player: FAILURE
remove_team: FAILURE
remove_team: FAILURE
add_player: SUCCESS
get_partial_spirit: FAILURE
add_player: FAILURE
get_team_points: SUCCESS, 3
add_player: SUCCESS
add_player: FAILURE
buy_team: SUCCESS
get_ith_pointless_ability: SUCCESS, 26
add_player: SUCCESS
buy_team: SUCCESS
add_player: SUCCESS
get_partial_spirit: SUCCESS, 3,5,1,4,2
add_team: FAILURE
add_player: FAILURE
get_ith_pointless_ability: SUCCESS, 93
get_ith_pointless_ability: SUCCESS, 49
add_player: SUCCESS
add_player: FAILURE
get_partial_spirit: SUCCESS, 3,5,2,4,1
add_player_cards: FAILURE
get_ith_pointless_ability: SUCCESS, 35
add_player: FAILURE
num_played_games_for_player: SUCCESS, 22
get_player_cards: SUCCESS, 124
add_player_cards: SUCCESS
get_partial_spirit: SUCCESS, 1,2,3,4,5
buy_team: SUCCESS
get_team_points: SUCCESS, 0
get_partial_spirit: FAILURE
get_team_points: SUCCESS, 0
get_player_cards: SUCCESS, 292
play_match: SUCCESS, 3
play_match: FAILURE
get_partial_spirit: SUCCESS, 2,4,5,3,1
get_ith_pointless_ability: SUCCESS, 49
add_player: FAILURE
buy_team: SUCCESS
play_match: FAILURE
get_partial_spirit: SUCCESS, 1,2,3,4,5
add_player: SUCCESS
add_player: FAILURE
add_team: FAILURE
play_match: SUCCESS, 1
add_player: FAILURE
get_ith_pointless_ability: SUCCESS, 91
get_team_points: SUCCESS, 3
get_ith_pointless_ability: SUCCESS, 59
get_partial_spirit: FAILURE
num_played_games_for_player: SUCCESS, 22
buy_team: SUCCESS
play_match: FAILURE
num_played_games_for_player: SUCCESS, 22
get_ith_pointless_ability: SUCCESS, 71
get_partial_spirit: SUCCESS, 1,2,3,4,5
get_partial_spirit: SUCCESS, 2,5,1,4,3
get_player_cards: SUCCESS, 293
add_player: FAILURE
buy_team: SUCCESS
get_team_points: SUCCESS, 0
add_player_cards: SUCCESS
get_ith_pointless_ability: FAILURE
get_player_cards: SUCCESS, 59
buy_team: SUCCESS
add_player: FAILURE
add_player_cards: FAILURE
add_player: SUCCESS
buy_team: SUCCESS
add_player: FAILURE
get_partial_spirit: SUCCESS, 1,3,5,4,2
add_player: FAILURE
add_player: FAILURE
add_player: FAILURE
play_match: SUCCESS, 1
add_team: FAILURE
get_ith_pointless_ability: FAILURE
num_played_games_for_player: SUCCESS, 22
add_player: SUCCESS
add_player: SUCCESS
add_team: FAILURE
get_partial_spirit: SUCCESS, 1,4,5,3,2
get_team_points: FAILURE
add_player_cards: FAILURE
remove_team: FAILURE
num_played_games_for_player: SUCCESS, 22
add_player_cards: SUCCESS
add_player: SUCCESS
add_team: FAILURE
play_match: FAILURE
add_player: FAILURE
add_player: FAILURE
add_team: FAILURE
get_partial_spirit: SUCCESS, 1,2,3,4,5
get_ith_pointless_ability: SUCCESS, 10
num_played_games_for_player: SUCCESS, 22
buy_team: SUCCESS
num_played_games_for_player: SUCCESS, 22
get_player_cards: SUCCESS, 227
remove_team: FAILURE
get_player_cards: SUCCESS, 235
buy_team: SUCCESS
get_ith_pointless_ability: FAILURE
get_player_cards: SUCCESS, 269
get_player_cards: SUCCESS, 12
add_player: SUCCESS
play_match: FAILURE
get_partial_spirit: SUCCESS, 1,2,3,4,5
get_team_points: SUCCESS, 0
buy_team: SUCCESS
num_played_games_for_player: SUCCESS, 22
buy_team: SUCCESS
add_team: FAILURE
add_player: SUCCESS
play_match: SUCCESS, 1
get_partial_spirit: SUCCESS, 1,4,5,2,3
add_team: FAILURE
add_player_cards: SUCCESS
play_match: FAILURE
add_player: FAILURE
add_player_cards: SUCCESS
remove_team: FAILURE
buy_team: SUCCESS
get_ith_pointless_ability: SUCCESS, 51
num_played_games_for_player: SUCCESS, 22
get_player_cards: SUCCESS, 271
remove_team: FAILURE
get_team_points: FAILURE
play_match: FAILURE
get_partial_spirit: SUCCESS, 3,5,1,2,4
add_player_cards: FAILURE
get_partial_spirit: SUCCESS, 2,5,4,1,3
get_partial_spirit: SUCCESS, 1,2,3,4,5
num_played_games_for_player: SUCCESS, 22
get_player_cards: SUCCESS, 243
get_partial_spirit: SUCCESS, 5,1,2,3,4
get_partial_spirit: SUCCESS, 4,5,2,3,1
add_player_cards: SUCCESS
remove_team: FAILURE
remove_team: FAILURE
num_played_games_for_player: SUCCESS, 22
add_player: SUCCESS
add_player: FAILURE
get_ith_pointless_ability: SUCCESS, 76
add_player_cards: SUCCESS
add_player: SUCCESS
add_player_cards: SUCCESS
get_ith_pointless_ability: SUCCESS, 31
add_player: SUCCESS
add_player_cards: SUCCESS
add_player: FAILURE
get_ith_pointless_ability: SUCCESS, 33
add_player: FAILURE
get_team_points: SUCCESS, 0
buy_team: SUCCESS
add_player: SUCCESS
get_player_cards: SUCCESS, 158
add_player: FAILURE
play_match: FAILURE
add_team: FAILURE
buy_team: SUCCESS
get_player_cards: SUCCESS, 287
get_ith_pointless_ability: SUCCESS, 92
add_player: SUCCESS
get_player_cards: SUCCESS, 297
get_team_points: SUCCESS, 0
buy_team: SUCCESS
add_player_cards: SUCCESS
add_player: SUCCESS
num_played_games_for_player: SUCCESS, 22
get_team_points: SUCCESS, 3
add_team: FAILURE
get_player_cards: SUCCESS, 10
add_player: FAILURE
add_team: FAILURE
get_player_cards: SUCCESS, 121
add_team: FAILURE
play_match: FAILURE
num_played_games_for_player: SUCCESS, 22
get_ith_pointless_ability: SUCCESS, 52
get_player_cards: SUCCESS, 292
remove_team: FAILURE
num_played_games_for_player: SUCCESS, 22
add_player_cards: SUCCESS
get_partial_spirit: SUCCESS, 2,5,4,1,3
add_player_cards: SUCCESS
add_team: FAILURE
play_match: FAILURE
remove_team: FAILURE
remove_team: FAILURE
add_team: FAILURE
add_player: FAILURE
add_player: SUCCESS
remove_team: FAILURE
get_ith_pointless_ability: SUCCESS, 87
buy_team: SUCCESS
get_partial_spirit: FAILURE
buy_team: SUCCESS
buy_team: SUCCESS
get_partial_spirit: FAILURE
remove_team: FAILURE
add_player: SUCCESS
add_player_cards: SUCCESS
get_ith_pointless_ability: SUCCESS, 59
add_player: FAILURE
play_match: SUCCESS, 1
get_partial_spirit: SUCCESS, 1,2,3,4,5
num_played_games_for_player: SUCCESS, 22
buy_team: SUCCESS
play_match: FAILURE
add_player: FAILURE
add_player_cards: SUCCESS
add_player: FAILURE
add_player_cards: SUCCESS
remove_team: FAILURE
buy_team: SUCCESS
add_player: FAILURE
get_ith_pointless_ability: SUCCESS, 45
num_played_games_for_player: SUCCESS, 22
add_player_cards: FAILURE
play_match: FAILURE
get_player_cards: SUCCESS, 83
num_played_games_for_player: SUCCESS, 22
add_team: FAILURE
num_played_games_for_player: SUCCESS, 22
get_player_cards: SUCCESS, 12
add_player: SUCCESS
get_ith_pointless_ability: SUCCESS, 92
add_player: SUCCESS
add_player: FAILURE
add_player: FAILURE
buy_team: SUCCESS
play_match: FAILURE
add_player: FAILURE
add_team: FAILURE
get_ith_pointless_ability: SUCCESS, 33
add_player: FAILURE
num_played_games_for_player: SUCCESS, 22
play_match: SUCCESS, 3
buy_team: SUCCESS
remove_team: FAILURE
get_ith_pointless_ability: SUCCESS, 23
add_player: FAILURE
add_player: FAILURE
play_match: FAILURE
add_player: SUCCESS
num_played_games_for_player: SUCCESS, 22
play_match: SUCCESS, 1
get_partial_spirit: SUCCESS, 1,2,3,4,5
get_player_cards: SUCCESS, 408
get_player_cards: SUCCESS, 290
get_team_points: SUCCESS, 3
get_player_cards: SUCCESS, 248
add_team: FAILURE
add_player: SUCCESS
buy_team: SUCCESS
num_played_games_for_player: SUCCESS, 22
add_player: FAILURE
get_team_points: FAILURE
add_player: SUCCESS
add_player: FAILURE
add_player: SUCCESS
remove_team: FAILURE
play_match: FAILURE
add_player_cards: SUCCESS
get_ith_pointless_ability: FAILURE
num_played_games_for_player: SUCCESS, 22
get_player_cards: SUCCESS, 131
add_team: FAILURE
get_partial_spirit: SUCCESS, 1,2,3,4,5
get_player_cards: SUCCESS, 166
add_team: FAILURE
remove_team: FAILURE
buy_team: SUCCESS
add_player: SUCCESS
add_team: FAILURE
remove_team: FAILURE
get_player_cards: SUCCESS, 216
get_team_points: FAILURE
remove_team: FAILURE
remove_team: FAILURE
add_player: SUCCESS
add_player: FAILURE
play_match: FAILURE
get_team_points: SUCCESS, 0
add_player: SUCCESS
remove_team: FAILURE
add_player_cards: SUCCESS
get_player_cards: SUCCESS, 272
get_player_cards: SUCCESS, 255
remove_team: FAILURE
add_team: SUCCESS
get_partial_spirit: FAILURE
play_match: FAILURE
get_team_points: FAILURE
get_partial_spirit: FAILURE
num_played_games_for_player: SUCCESS, 22
get_partial_spirit: SUCCESS, 1,2,3,4,5
play_match: FAILURE
add_player: FAILURE
play_match: FAILURE
buy_team: SUCCESS
get_player_cards: SUCCESS, 206
get_partial_spirit: FAILURE
play_match: FAILURE
add_team: FAILURE
add_player: FAILURE
get_team_points: SUCCESS, 0
add_player: FAILURE
get_partial_spirit: SUCCESS, 1,2,3,4,5
add_player: FAILURE
get_team_points: FAILURE
get_team_points: SUCCESS, 3
get_partial_spirit: SUCCESS, 2,1,3,5,4
add_player: FAILURE
get_ith_pointless_ability: FAILURE
add_team: FAILURE
play_match: FAILURE
num_played_games_for_player: SUCCESS, 22
get_partial_spirit: FAILURE
play_match: FAILURE
get_player_cards: SUCCESS, 216
add_player: FAILURE
get_player_cards: SUCCESS, 211
remove_team: FAILURE
play_match: SUCCESS, 3
add_player: FAILURE
add_player: SUCCESS
get_partial_spirit: SUCCESS, 1,5,4,2,3
buy_team: SUCCESS
get_partial_spirit: SUCCESS, 1,3,5,4,2
add_player_cards: SUCCESS
get_player_cards: SUCCESS, 73
add_player: FAILURE
add_team: FAILURE
