add_team: SUCCESS
add_team: SUCCESS
add_team: SUCCESS
add_team: SUCCESS
add_team: SUCCESS
add_team: SUCCESS
add_team: SUCCESS
add_team: SUCCESS
add_team: SUCCESS
add_team: SUCCESS
add_team: SUCCESS
add_team: SUCCESS
add_team: SUCCESS
add_team: SUCCESS
add_team: SUCCESS
add_team: SUCCESS
add_team: SUCCESS
add_team: SUCCESS
add_team: SUCCESS
add_team: SUCCESS
add_team: SUCCESS
add_team: SUCCESS
add_team: SUCCESS
add_team: SUCCESS
add_team: SUCCESS
add_team: SUCCESS
add_team: SUCCESS
add_team: SUCCESS
add_team: SUCCESS
add_team: SUCCESS
add_team: SUCCESS
add_team: SUCCESS
add_team: SUCCESS
add_team: SUCCESS
add_team: SUCCESS
add_team: SUCCESS
add_team: SUCCESS
add_team: SUCCESS
add_team: SUCCESS
add_team: SUCCESS
add_team: SUCCESS
add_team: SUCCESS
add_team: SUCCESS
add_team: SUCCESS
add_team: SUCCESS
add_team: SUCCESS
add_team: SUCCESS
add_team: SUCCESS
add_team: SUCCESS
add_team: SUCCESS
add_team: SUCCESS
add_team: SUCCESS
add_team: SUCCESS
add_team: SUCCESS
add_team: SUCCESS
add_team: SUCCESS
add_team: SUCCESS
add_team: SUCCESS
add_team: SUCCESS
add_team: SUCCESS
add_team: SUCCESS
add_team: SUCCESS
add_team: SUCCESS
add_team: SUCCESS
add_team: SUCCESS
add_team: SUCCESS
add_team: SUCCESS
add_team: SUCCESS
add_team: SUCCESS
add_team: SUCCESS
add_team: SUCCESS
add_team: SUCCESS
add_team: SUCCESS
add_team: SUCCESS
add_team: SUCCESS
add_team: SUCCESS
add_team: SUCCESS
add_team: SUCCESS
add_team: SUCCESS
add_team: SUCCESS
add_team: SUCCESS
add_team: SUCCESS
add_team: SUCCESS
add_team: SUCCESS
add_team: SUCCESS
add_team: SUCCESS
add_team: SUCCESS
add_team: SUCCESS
add_team: SUCCESS
add_team: SUCCESS
add_team: SUCCESS
add_team: SUCCESS
add_team: SUCCESS
add_team: SUCCESS
add_team: SUCCESS
add_team: SUCCESS
add_team: SUCCESS
add_team: SUCCESS
add_team: SUCCESS
add_team: SUCCESS
add_player: SUCCESS
add_player: SUCCESS
add_player: SUCCESS
add_player: SUCCESS
add_player: SUCCESS
add_player: SUCCESS
add_player: SUCCESS
add_player: SUCCESS
add_player: SUCCESS
add_player: SUCCESS
add_player: SUCCESS
add_player: SUCCESS
add_player: SUCCESS
add_player: SUCCESS
add_player: SUCCESS
add_player: SUCCESS
add_player: SUCCESS
add_player: SUCCESS
add_player: SUCCESS
add_player: SUCCESS
add_player: SUCCESS
add_player: SUCCESS
add_player: SUCCESS
add_player: SUCCESS
add_player: SUCCESS
add_player: SUCCESS
add_player: SUCCESS
add_player: SUCCESS
add_player: SUCCESS
add_player: SUCCESS
add_player: SUCCESS
add_player: SUCCESS
add_player: SUCCESS
add_player: SUCCESS
add_player: SUCCESS
add_player: SUCCESS
add_player: SUCCESS
add_player: SUCCESS
add_player: SUCCESS
add_player: SUCCESS
add_player: SUCCESS
add_player: SUCCESS
add_player: SUCCESS
add_player: SUCCESS
add_player: SUCCESS
add_player: SUCCESS
add_player: SUCCESS
add_player: SUCCESS
add_player: SUCCESS
add_player: SUCCESS
add_player: SUCCESS
add_player: SUCCESS
add_player: SUCCESS
add_player: SUCCESS
add_player: SUCCESS
add_player: SUCCESS
add_player: SUCCESS
add_player: SUCCESS
add_player: SUCCESS
add_player: SUCCESS
add_player: SUCCESS
add_player: SUCCESS
add_player: SUCCESS
add_player: SUCCESS
add_player: SUCCESS
add_player: SUCCESS
add_player: SUCCESS
add_player: SUCCESS
add_player: SUCCESS
add_player: SUCCESS
add_player: SUCCESS
add_player: SUCCESS
add_player: SUCCESS
add_player: SUCCESS
add_player: SUCCESS
add_player: SUCCESS
add_player: SUCCESS
add_player: SUCCESS
add_player: SUCCESS
add_player: SUCCESS
add_player: SUCCESS
add_player: SUCCESS
add_player: SUCCESS
add_player: SUCCESS
add_player: SUCCESS
add_player: SUCCESS
add_player: SUCCESS
add_player: SUCCESS
add_player: SUCCESS
add_player: SUCCESS
add_player: SUCCESS
add_player: SUCCESS
add_player: SUCCESS
add_player: SUCCESS
add_player: SUCCESS
add_player: SUCCESS
add_player: SUCCESS
add_player: SUCCESS
add_player: SUCCESS
add_player: SUCCESS
buy_team: SUCCESS
num_played_games_for_player: SUCCESS, 22
get_team_points: SUCCESS, 0
add_player: SUCCESS
get_ith_pointless_ability: FAILURE
buy_team: SUCCESS
add_player: SUCCESS
add_player: SUCCESS
add_player: SUCCESS
add_player: SUCCESS
play_match: FAILURE
add_player: SUCCESS
buy_team: SUCCESS
get_team_points: SUCCESS, 0
remove_team: FAILURE
get_player_cards: SUCCESS, 292
add_team: SUCCESS
get_player_cards: SUCCESS, 56
add_player: SUCCESS
get_partial_spirit: SUCCESS, 1,2,3,4,5
get_player_cards: SUCCESS, 260
add_player: SUCCESS
add_player: SUCCESS
play_match: SUCCESS, 1
play_match: FAILURE
add_team: FAILURE
add_player_cards: SUCCESS
play_match: FAILURE
remove_team: FAILURE
get_partial_spirit: SUCCESS, 1,2,3,4,5
buy_team: SUCCESS
buy_team: SUCCESS
buy_team: SUCCESS
remove_team: FAILURE
get_player_cards: SUCCESS, 216
add_player: SUCCESS
get_partial_spirit: SUCCESS, 1,4,5,3,2
remove_team: FAILURE
get_partial_spirit: SUCCESS, 2,3,1,4,5
add_player: SUCCESS
add_player: FAILURE
add_player: FAILURE
add_player: SUCCESS
get_ith_pointless_ability: FAILURE
add_player_cards: SUCCESS
get_ith_pointless_ability: FAILURE
add_player: SUCCESS
add_player: SUCCESS
get_player_cards: SUCCESS, 242
get_team_points: SUCCESS, 0
play_match: FAILURE
get_partial_spirit: SUCCESS, 4,2,1,3,5
get_ith_pointless_ability: SUCCESS, 58
buy_team: SUCCESS
remove_team: FAILURE
add_player: SUCCESS
add_player: SUCCESS
add_player_cards: SUCCESS
play_match: FAILURE
buy_team: SUCCESS
num_played_games_for_player: SUCCESS, 22
buy_team: SUCCESS
add_player: SUCCESS
play_match: FAILURE
get_ith_pointless_ability: SUCCESS, 10
get_ith_pointless_ability: SUCCESS, 5
add_player: SUCCESS
remove_team: FAILURE
add_player: SUCCESS
remove_team: FAILURE
remove_team: FAILURE
add_team: FAILURE
get_partial_spirit: SUCCESS, 5,1,3,4,2
get_ith_pointless_ability: FAILURE
remove_team: FAILURE
add_player: SUCCESS
get_ith_pointless_ability: FAILURE
add_player: SUCCESS
add_player: SUCCESS
num_played_games_for_player: SUCCESS, 22
get_partial_spirit: SUCCESS, 1,2,3,4,5
num_played_games_for_player: SUCCESS, 22
add_player: SUCCESS
num_played_games_for_player: SUCCESS, 22
num_played_games_for_player: SUCCESS, 22
get_player_cards: SUCCESS, 468
add_player: SUCCESS
get_partial_spirit: SUCCESS, 4,5,1,3,2
add_player: SUCCESS
buy_team: SUCCESS
get_player_cards: SUCCESS, 247
add_player: SUCCESS
add_player: SUCCESS
get_team_points: SUCCESS, 0
num_played_games_for_player: SUCCESS, 22
add_team: FAILURE
num_played_games_for_player: SUCCESS, 22
add_player_cards: SUCCESS
get_ith_pointless_ability: FAILURE
get_team_points: SUCCESS, 0
remove_team: FAILURE
play_match: FAILURE
add_player: SUCCESS
add_player: SUCCESS
add_player_cards: SUCCESS
get_player_cards: SUCCESS, 118
add_player: SUCCESS
add_player: SUCCESS
remove_team: FAILURE
get_partial_spirit: SUCCESS, 1,4,5,3,2
add_player: SUCCESS
remove_team: FAILURE
get_team_points: SUCCESS, 0
remove_team: FAILURE
play_match: SUCCESS, 3
add_team: FAILURE
play_match: SUCCESS, 1
play_match: SUCCESS, 3
get_player_cards: SUCCESS, 210
get_ith_pointless_ability: FAILURE
num_played_games_for_player: SUCCESS, 22
get_partial_spirit: SUCCESS, 1,5,2,4,3
buy_team: SUCCESS
play_match: FAILURE
remove_team: FAILURE
add_player: SUCCESS
add_player_cards: SUCCESS
get_team_points: SUCCESS, 0
buy_team: SUCCESS
add_player: SUCCESS
add_player_cards: SUCCESS
get_team_points: SUCCESS, 0
get_team_points: SUCCESS, 0
add_player: SUCCESS
remove_team: FAILURE
add_team: FAILURE
add_team: FAILURE
get_team_points: SUCCESS, 0
get_partial_spirit: SUCCESS, 1,2,3,4,5
num_played_games_for_player: SUCCESS, 22
add_team: FAILURE
get_team_points: SUCCESS, 0
buy_team: SUCCESS
add_player: SUCCESS
add_player: SUCCESS
add_player_cards: SUCCESS
add_player: SUCCESS
get_partial_spirit: SUCCESS, 1,2,5,3,4
buy_team: SUCCESS
get_player_cards: SUCCESS, 78
buy_team: SUCCESS
add_player: SUCCESS
buy_team: SUCCESS
get_player_cards: SUCCESS, 56
add_player_cards: SUCCESS
add_player: SUCCESS
add_player: FAILURE
remove_team: FAILURE
play_match: FAILURE
add_player: FAILURE
play_match: FAILURE
num_played_games_for_player: SUCCESS, 22
add_player: FAILURE
get_team_points: SUCCESS, 0
add_team: FAILURE
num_played_games_for_player: SUCCESS, 22
play_match: FAILURE
add_player: FAILURE
get_player_cards: SUCCESS, 18
get_ith_pointless_ability: SUCCESS, 10
get_player_cards: SUCCESS, 300
get_ith_pointless_ability: SUCCESS, 50
buy_team: SUCCESS
buy_team: SUCCESS
get_team_points: SUCCESS, 0
add_player: FAILURE
get_team_points: SUCCESS, 0
add_team: FAILURE
add_team: FAILURE
add_player_cards: SUCCESS
get_ith_pointless_ability: SUCCESS, 69
add_player_cards: SUCCESS
add_player: FAILURE
add_player: FAILURE
play_match: FAILURE
get_partial_spirit: SUCCESS, 1,2,3,4,5
get_player_cards: SUCCESS, 24
add_player: FAILURE
get_ith_pointless_ability: SUCCESS, 47
play_match: FAILURE
num_played_games_for_player: SUCCESS, 22
add_player: FAILURE
add_team: FAILURE
add_player: FAILURE
remove_team: FAILURE
get_ith_pointless_ability: SUCCESS, 94
add_player_cards: SUCCESS
add_team: FAILURE
num_played_games_for_player: SUCCESS, 22
get_partial_spirit: SUCCESS, 1,2,3,4,5
get_team_points: SUCCESS, 0
add_team: FAILURE
get_partial_spirit: SUCCESS, 1,2,3,4,5
add_player: FAILURE
play_match: FAILURE
add_player: FAILURE
get_player_cards: SUCCESS, 242
get_player_cards: SUCCESS, 169
add_player: FAILURE
buy_team: SUCCESS
add_team: FAILURE
remove_team: FAILURE
get_team_points: SUCCESS, 0
add_player_cards: SUCCESS
add_player_cards: SUCCESS
get_partial_spirit: SUCCESS, 1,5,4,3,2
get_team_points: SUCCESS, 0
get_partial_spirit: SUCCESS, 1,2,3,5,4
get_ith_pointless_ability: SUCCESS, 81
play_match: FAILURE
remove_team: FAILURE
add_player_cards: SUCCESS
play_match: FAILURE
add_player: FAILURE
get_ith_pointless_ability: SUCCESS, 99
remove_team: FAILURE
add_player: FAILURE
get_partial_spirit: SUCCESS, 1,2,3,4,5
get_player_cards: SUCCESS, 35
get_partial_spirit: SUCCESS, 2,3,4,5,1
add_player: FAILURE
num_played_games_for_player: SUCCESS, 22
add_player: FAILURE
get_ith_pointless_ability: FAILURE
num_played_games_for_player: SUCCESS, 22
get_team_points: SUCCESS, 0
num_played_games_for_player: SUCCESS, 22
buy_team: SUCCESS
add_player: FAILURE
num_played_games_for_player: SUCCESS, 22
play_match: FAILURE
add_player: FAILURE
get_partial_spirit: SUCCESS, 1,4,2,3,5
add_player_cards: SUCCESS
remove_team: FAILURE
add_player: FAILURE
add_player: FAILURE
play_match: FAILURE
num_played_games_for_player: SUCCESS, 22
get_player_cards: SUCCESS, 133
add_player: FAILURE
get_partial_spirit: SUCCESS, 5,1,2,4,3
get_player_cards: SUCCESS, 125
get_team_points: SUCCESS, 0
get_player_cards: SUCCESS, 39
add_player_cards: SUCCESS
add_team: FAILURE
add_player: FAILURE
get_ith_pointless_ability: SUCCESS, 48
get_team_points: SUCCESS, 0
get_ith_pointless_ability: SUCCESS, 74
get_player_cards: SUCCESS, 98
remove_team: FAILURE
add_player: FAILURE
get_ith_pointless_ability: SUCCESS, 74
get_partial_spirit: SUCCESS, 2,4,1,3,5
add_player: FAILURE
get_player_cards: SUCCESS, 113
get_player_cards: SUCCESS, 97
buy_team: SUCCESS
add_player_cards: SUCCESS
play_match: SUCCESS, 3
get_partial_spirit: SUCCESS, 3,2,4,1,5
play_match: FAILURE
add_player_cards: SUCCESS
play_match: FAILURE
add_player: FAILURE
num_played_games_for_player: SUCCESS, 22
get_partial_spirit: SUCCESS, 1,2,3,4,5
buy_team: SUCCESS
add_player: FAILURE
add_player_cards: SUCCESS
add_player_cards: SUCCESS
get_partial_spirit: SUCCESS, 1,3,4,2,5
get_partial_spirit: SUCCESS, 1,2,3,4,5
get_partial_spirit: SUCCESS, 2,3,4,5,1
get_team_points: SUCCESS, 0
add_player: FAILURE
num_played_games_for_player: SUCCESS, 22
add_team: FAILURE
get_ith_pointless_ability: SUCCESS, 88
remove_team: FAILURE
get_player_cards: SUCCESS, 289
num_played_games_for_player: SUCCESS, 22
num_played_games_for_player: SUCCESS, 22
add_player: FAILURE
get_team_points: SUCCESS, 0
num_played_games_for_player: SUCCESS, 22
remove_team: FAILURE
get_partial_spirit: SUCCESS, 1,2,3,4,5
get_player_cards: SUCCESS, 162
add_player: FAILURE
remove_team: FAILURE
num_played_games_for_player: SUCCESS, 22
add_player: FAILURE
get_player_cards: SUCCESS, 21
remove_team: FAILURE
add_player: FAILURE
num_played_games_for_player: SUCCESS, 22
get_ith_pointless_ability: SUCCESS, 14
remove_team: FAILURE
get_player_cards: SUCCESS, 184
get_player_cards: SUCCESS, 143
add_player_cards: SUCCESS
remove_team: FAILURE
buy_team: SUCCESS
add_team: FAILURE
get_ith_pointless_ability: FAILURE
add_player_cards: SUCCESS
get_ith_pointless_ability: FAILURE
get_player_cards: SUCCESS, 542
num_played_games_for_player: SUCCESS, 22
buy_team: SUCCESS
add_team: FAILURE
add_team: FAILURE
add_player: FAILURE
get_partial_spirit: SUCCESS, 1,2,3,4,5
get_ith_pointless_ability: SUCCESS, 94
add_player: FAILURE
add_player: FAILURE
get_player_cards: SUCCESS, 198
add_team: FAILURE
get_ith_pointless_ability: SUCCESS, 65
remove_team: FAILURE
remove_team: FAILURE
add_player_cards: SUCCESS
get_player_cards: SUCCESS, 3
remove_team: FAILURE
get_partial_spirit: SUCCESS, 1,3,5,4,2
num_played_games_for_player: SUCCESS, 22
add_team: FAILURE
add_player: FAILURE
get_partial_spirit: SUCCESS, 1,2,3,4,5
get_team_points: SUCCESS, 0
get_team_points: SUCCESS, 0
num_played_games_for_player: SUCCESS, 22
buy_team: SUCCESS
add_player: FAILURE
get_player_cards: SUCCESS, 214
add_player: FAILURE
buy_team: SUCCESS
get_partial_spirit: SUCCESS, 1,3,4,2,5
play_match: SUCCESS, 3
get_team_points: SUCCESS, 0
get_ith_pointless_ability: SUCCESS, 50
add_team: FAILURE
play_match: SUCCESS, 1
play_match: SUCCESS, 3
add_team: FAILURE
buy_team: SUCCESS
remove_team: FAILURE
add_player: FAILURE
add_player: FAILURE
play_match: SUCCESS, 3
get_partial_spirit: SUCCESS, 1,2,3,4,5
add_team: FAILURE
get_partial_spirit: SUCCESS, 5,1,3,4,2
get_team_points: SUCCESS, 0
get_player_cards: SUCCESS, 385
get_ith_pointless_ability: FAILURE
get_team_points: SUCCESS, 0
remove_team: FAILURE
num_played_games_for_player: SUCCESS, 22
add_player_cards: SUCCESS
get_ith_pointless_ability: SUCCESS, 8
add_player: FAILURE
buy_team: SUCCESS
add_player: FAILURE
get_ith_pointless_ability: FAILURE
add_player: FAILURE
get_ith_pointless_ability: FAILURE
get_team_points: SUCCESS, 0
play_match: FAILURE
play_match: FAILURE
add_player: FAILURE
add_player: FAILURE
get_partial_spirit: SUCCESS, 1,2,3,4,5
add_player_cards: FAILURE
buy_team: SUCCESS
add_player_cards: SUCCESS
num_played_games_for_player: SUCCESS, 22
add_player: FAILURE
add_team: FAILURE
num_played_games_for_player: SUCCESS, 22
buy_team: SUCCESS
get_partial_spirit: SUCCESS, 1,2,3,4,5
get_partial_spirit: SUCCESS, 1,2,3,4,5
get_ith_pointless_ability: SUCCESS, 14
remove_team: FAILURE
buy_team: SUCCESS
get_ith_pointless_ability: FAILURE
add_player: FAILURE
add_player: FAILURE
play_match: SUCCESS, 3
add_player_cards: SUCCESS
get_partial_spirit: SUCCESS, 1,2,3,4,5
play_match: FAILURE
remove_team: FAILURE
get_player_cards: SUCCESS, 232
play_match: FAILURE
get_team_points: SUCCESS, 0
buy_team: SUCCESS
num_played_games_for_player: SUCCESS, 22
buy_team: SUCCESS
remove_team: FAILURE
get_partial_spirit: SUCCESS, 1,2,3,4,5
buy_team: SUCCESS
buy_team: SUCCESS
buy_team: SUCCESS
add_player: FAILURE
remove_team: FAILURE
add_player_cards: SUCCESS
get_player_cards: SUCCESS, 134
add_player: FAILURE
add_player: FAILURE
get_ith_pointless_ability: FAILURE
remove_team: FAILURE
buy_team: SUCCESS
get_partial_spirit: SUCCESS, 1,2,3,4,5
buy_team: SUCCESS
get_ith_pointless_ability: FAILURE
add_player: FAILURE
buy_team: SUCCESS
add_team: FAILURE
add_player: FAILURE
add_player: FAILURE
remove_team: FAILURE
add_player: FAILURE
buy_team: SUCCESS
buy_team: SUCCESS
play_match: SUCCESS, 3
add_player: FAILURE
add_player: FAILURE
remove_team: FAILURE
remove_team: FAILURE
add_player: FAILURE
get_team_points: SUCCESS, 0
add_player: FAILURE
get_team_points: SUCCESS, 0
play_match: FAILURE
add_player_cards: SUCCESS
buy_team: SUCCESS
play_match: FAILURE
add_player: FAILURE
get_team_points: SUCCESS, 0
add_player: FAILURE
get_ith_pointless_ability: FAILURE
get_partial_spirit: SUCCESS, 1,2,3,4,5
add_player_cards: SUCCESS
add_player: FAILURE
add_player: FAILURE
remove_team: FAILURE
num_played_games_for_player: SUCCESS, 22
buy_team: SUCCESS
add_player_cards: SUCCESS
get_partial_spirit: SUCCESS, 2,1,5,4,3
play_match: FAILURE
get_player_cards: SUCCESS, 192
add_player: FAILURE
get_player_cards: SUCCESS, 468
buy_team: SUCCESS
get_ith_pointless_ability: SUCCESS, 88
add_player: FAILURE
num_played_games_for_player: SUCCESS, 22
add_player: FAILURE
get_partial_spirit: SUCCESS, 1,2,3,4,5
num_played_games_for_player: SUCCESS, 22
add_team: FAILURE
num_played_games_for_player: SUCCESS, 22
get_partial_spirit: SUCCESS, 1,2,3,4,5
remove_team: FAILURE
add_player: FAILURE
add_player: FAILURE
add_player: FAILURE
get_ith_pointless_ability: FAILURE
get_player_cards: SUCCESS, 189
play_match: FAILURE
remove_team: FAILURE
get_player_cards: SUCCESS, 214
get_ith_pointless_ability: SUCCESS, 33
get_team_points: SUCCESS, 0
add_player: FAILURE
get_partial_spirit: FAILURE
get_ith_pointless_ability: SUCCESS, 48
add_player_cards: SUCCESS
get_team_points: SUCCESS, 0
num_played_games_for_player: SUCCESS, 22
add_player: FAILURE
get_ith_pointless_ability: FAILURE
play_match: FAILURE
add_player: FAILURE
get_partial_spirit: SUCCESS, 1,2,3,4,5
get_partial_spirit: SUCCESS, 4,5,3,1,2
add_player_cards: SUCCESS
buy_team: SUCCESS
get_team_points: SUCCESS, 0
add_player: FAILURE
num_played_games_for_player: SUCCESS, 22
add_player: FAILURE
get_team_points: SUCCESS, 0
remove_team: FAILURE
get_team_points: SUCCESS, 0
add_player: FAILURE
get_player_cards: SUCCESS, 60
get_ith_pointless_ability: SUCCESS, 52
add_player_cards: SUCCESS
add_player: FAILURE
add_team: FAILURE
add_team: FAILURE
buy_team: SUCCESS
get_player_cards: SUCCESS, 242
add_player: FAILURE
get_player_cards: SUCCESS, 134
get_partial_spirit: SUCCESS, 4,1,2,5,3
add_player: FAILURE
get_player_cards: SUCCESS, 113
get_partial_spirit: SUCCESS, 1,2,3,4,5
add_team: FAILURE
play_match: FAILURE
get_player_cards: SUCCESS, 161
add_player_cards: SUCCESS
add_team: FAILURE
num_played_games_for_player: SUCCESS, 22
add_team: FAILURE
buy_team: SUCCESS
add_player: FAILURE
remove_team: FAILURE
num_played_games_for_player: SUCCESS, 22
add_player: FAILURE
remove_team: FAILURE
buy_team: SUCCESS
remove_team: FAILURE
buy_team: SUCCESS
play_match: FAILURE
get_partial_spirit: SUCCESS, 1,2,3,4,5
add_player: FAILURE
add_team: FAILURE
remove_team: FAILURE
add_player_cards: SUCCESS
add_player: FAILURE
get_ith_pointless_ability: SUCCESS, 43
play_match: FAILURE
add_player: FAILURE
get_partial_spirit: SUCCESS, 1,2,3,4,5
add_player_cards: SUCCESS
add_player: FAILURE
remove_team: FAILURE
add_player_cards: SUCCESS
add_player_cards: FAILURE
add_player: FAILURE
get_team_points: SUCCESS, 0
add_player: FAILURE
get_ith_pointless_ability: FAILURE
add_player: FAILURE
buy_team: SUCCESS
num_played_games_for_player: SUCCESS, 22
add_team: FAILURE
get_partial_spirit: SUCCESS, 1,4,5,3,2
add_player: FAILURE
add_player: FAILURE
add_player: FAILURE
get_team_points: SUCCESS, 0
play_match: FAILURE
add_player_cards: SUCCESS
get_team_points: FAILURE
add_player_cards: SUCCESS
add_player: FAILURE
play_match: FAILURE
add_player: FAILURE
buy_team: SUCCESS
play_match: SUCCESS, 1
play_match: FAILURE
get_team_points: SUCCESS, 0
get_team_points: SUCCESS, 3
get_partial_spirit: SUCCESS, 1,2,3,4,5
add_player: FAILURE
num_played_games_for_player: SUCCESS, 22
get_ith_pointless_ability: SUCCESS, 94
num_played_games_for_player: SUCCESS, 22
get_ith_pointless_ability: SUCCESS, 94
add_team: FAILURE
add_player_cards: SUCCESS
get_team_points: SUCCESS, 0
num_played_games_for_player: SUCCESS, 22
remove_team: FAILURE
add_player_cards: SUCCESS
add_player: FAILURE
get_ith_pointless_ability: FAILURE
add_player: FAILURE
get_player_cards: SUCCESS, 23
get_player_cards: SUCCESS, 110
add_player: FAILURE
play_match: FAILURE
get_ith_pointless_ability: FAILURE
add_player_cards: SUCCESS
get_partial_spirit: SUCCESS, 5,4,2,1,3
remove_team: FAILURE
play_match: FAILURE
add_player: FAILURE
add_player: FAILURE
get_player_cards: SUCCESS, 440
get_player_cards: SUCCESS, 184
add_player_cards: SUCCESS
add_team: FAILURE
get_partial_spirit: SUCCESS, 4,3,1,5,2
play_match: SUCCESS, 3
add_player: FAILURE
add_player: FAILURE
add_player: FAILURE
remove_team: FAILURE
add_team: FAILURE
add_team: FAILURE
add_player: FAILURE
get_ith_pointless_ability: SUCCESS, 67
add_player: FAILURE
add_team: FAILURE
get_team_points: SUCCESS, 0
add_player: FAILURE
add_player: FAILURE
num_played_games_for_player: SUCCESS, 22
add_player: FAILURE
add_team: FAILURE
get_team_points: SUCCESS, 0
remove_team: FAILURE
play_match: FAILURE
get_partial_spirit: SUCCESS, 1,2,5,3,4
add_player_cards: SUCCESS
add_player: FAILURE
add_player_cards: SUCCESS
get_player_cards: SUCCESS, 205
get_partial_spirit: SUCCESS, 1,2,5,3,4
add_player_cards: SUCCESS
add_player: FAILURE
get_player_cards: SUCCESS, 463
get_team_points: FAILURE
get_team_points: SUCCESS, 0
get_ith_pointless_ability: SUCCESS, 43
get_player_cards: SUCCESS, 232
add_player: FAILURE
get_player_cards: SUCCESS, 149
add_player_cards: SUCCESS
get_partial_spirit: SUCCESS, 5,2,1,3,4
get_partial_spirit: SUCCESS, 1,5,2,4,3
play_match: FAILURE
add_player: FAILURE
add_player: FAILURE
add_player: FAILURE
add_player_cards: SUCCESS
get_team_points: SUCCESS, 0
add_player: FAILURE
buy_team: SUCCESS
get_player_cards: SUCCESS, 463
num_played_games_for_player: SUCCESS, 22
add_player: FAILURE
add_player: FAILURE
add_player_cards: SUCCESS
get_player_cards: SUCCESS, 259
play_match: FAILURE
add_player: FAILURE
add_player: FAILURE
add_team: FAILURE
get_partial_spirit: SUCCESS, 4,5,1,3,2
num_played_games_for_player: SUCCESS, 22
num_played_games_for_player: SUCCESS, 22
add_player: FAILURE
add_player: FAILURE
add_player: FAILURE
num_played_games_for_player: SUCCESS, 22
get_ith_pointless_ability: FAILURE
play_match: FAILURE
get_player_cards: SUCCESS, 220
buy_team: SUCCESS
get_partial_spirit: SUCCESS, 2,1,4,5,3
remove_team: FAILURE
get_ith_pointless_ability: SUCCESS, 22
add_team: FAILURE
num_played_games_for_player: SUCCESS, 22
get_player_cards: SUCCESS, 24
add_team: FAILURE
add_player_cards: SUCCESS
get_player_cards: SUCCESS, 135
get_player_cards: SUCCESS, 202
add_team: FAILURE
add_player: FAILURE
play_match: FAILURE
add_player_cards: SUCCESS
remove_team: FAILURE
play_match: FAILURE
get_ith_pointless_ability: SUCCESS, 93
play_match: FAILURE
play_match: SUCCESS, 3
add_player: FAILURE
add_player: FAILURE
remove_team: FAILURE
num_played_games_for_player: SUCCESS, 22
buy_team: SUCCESS
buy_team: SUCCESS
play_match: FAILURE
add_player_cards: SUCCESS
play_match: FAILURE
add_player: FAILURE
remove_team: FAILURE
num_played_games_for_player: SUCCESS, 22
get_partial_spirit: SUCCESS, 1,2,3,4,5
add_player: FAILURE
get_partial_spirit: SUCCESS, 1,2,3,4,5
play_match: SUCCESS, 1
buy_team: SUCCESS
add_player: FAILURE
get_ith_pointless_ability: SUCCESS, 5
remove_team: FAILURE
play_match: FAILURE
get_player_cards: SUCCESS, 202
add_player: FAILURE
remove_team: FAILURE
get_team_points: SUCCESS, 0
get_player_cards: SUCCESS, 241
add_player: FAILURE
add_player_cards: SUCCESS
get_partial_spirit: SUCCESS, 1,3,5,4,2
play_match: FAILURE
add_player_cards: SUCCESS
add_player: FAILURE
add_player: FAILURE
num_played_games_for_player: SUCCESS, 22
add_team: FAILURE
get_team_points: SUCCESS, 0
num_played_games_for_player: SUCCESS, 22
get_player_cards: SUCCESS, 98
play_match: FAILURE
add_player: FAILURE
get_partial_spirit: SUCCESS, 1,5,4,3,2
remove_team: FAILURE
add_player_cards: FAILURE
add_player_cards: SUCCESS
remove_team: FAILURE
add_team: FAILURE
get_partial_spirit: FAILURE
buy_team: SUCCESS
get_team_points: SUCCESS, 0
buy_team: SUCCESS
add_player: FAILURE
get_team_points: SUCCESS, 0
add_player: FAILURE
num_played_games_for_player: SUCCESS, 22
get_player_cards: SUCCESS, 482
buy_team: SUCCESS
add_player_cards: SUCCESS
buy_team: SUCCESS
add_player_cards: SUCCESS
remove_team: FAILURE
get_partial_spirit: SUCCESS, 1,2,3,4,5
get_player_cards: SUCCESS, 162
num_played_games_for_player: SUCCESS, 22
add_team: FAILURE
get_player_cards: SUCCESS, 59
num_played_games_for_player: SUCCESS, 22
add_team: FAILURE
add_player: FAILURE
add_team: FAILURE
add_player: FAILURE
get_team_points: SUCCESS, 6
num_played_games_for_player: SUCCESS, 22
play_match: FAILURE
get_partial_spirit: SUCCESS, 5,4,3,1,2
add_player_cards: SUCCESS
add_player: FAILURE
buy_team: SUCCESS
add_player_cards: SUCCESS
add_player: FAILURE
add_player_cards: SUCCESS
add_player: FAILURE
play_match: FAILURE
get_team_points: SUCCESS, 0
buy_team: SUCCESS
play_match: FAILURE
get_team_points: FAILURE
num_played_games_for_player: SUCCESS, 22
remove_team: FAILURE
add_player: FAILURE
get_partial_spirit: SUCCESS, 1,5,4,3,2
add_team: FAILURE
get_ith_pointless_ability: FAILURE
get_team_points: SUCCESS, 0
add_player: FAILURE
add_team: FAILURE
buy_team: SUCCESS
add_player_cards: FAILURE
remove_team: FAILURE
add_team: FAILURE
buy_team: SUCCESS
remove_team: FAILURE
add_player: FAILURE
add_player: FAILURE
get_ith_pointless_ability: FAILURE
remove_team: FAILURE
buy_team: SUCCESS
remove_team: FAILURE
get_partial_spirit: SUCCESS, 3,5,4,2,1
add_player: FAILURE
remove_team: FAILURE
get_player_cards: SUCCESS, 459
add_player_cards: FAILURE
play_match: FAILURE
num_played_games_for_player: SUCCESS, 22
play_match: FAILURE
remove_team: FAILURE
num_played_games_for_player: SUCCESS, 22
get_player_cards: SUCCESS, 420
add_player: FAILURE
add_player_cards: SUCCESS
get_ith_pointless_ability: FAILURE
remove_team: FAILURE
play_match: FAILURE
add_team: FAILURE
buy_team: SUCCESS
add_player: FAILURE
remove_team: FAILURE
play_match: SUCCESS, 3
add_team: FAILURE
remove_team: FAILURE
add_player: FAILURE
num_played_games_for_player: SUCCESS, 22
get_team_points: SUCCESS, 0
get_partial_spirit: FAILURE
get_ith_pointless_ability: SUCCESS, 6
get_team_points: SUCCESS, 0
remove_team: FAILURE
play_match: FAILURE
add_player_cards: SUCCESS
remove_team: FAILURE
get_partial_spirit: SUCCESS, 4,5,1,3,2
get_partial_spirit: SUCCESS, 1,5,2,4,3
play_match: FAILURE
play_match: FAILURE
add_team: FAILURE
add_team: FAILURE
add_player: FAILURE
add_player: FAILURE
add_team: FAILURE
get_team_points: SUCCESS, 0
add_player: FAILURE
add_player: FAILURE
add_team: FAILURE
num_played_games_for_player: SUCCESS, 22
add_player: FAILURE
add_player: FAILURE
play_match: FAILURE
get_player_cards: SUCCESS, 135
add_player: FAILURE
add_team: FAILURE
play_match: FAILURE
get_player_cards: SUCCESS, 184
play_match: FAILURE
add_team: FAILURE
num_played_games_for_player: SUCCESS, 22
add_player_cards: SUCCESS
add_player: FAILURE
buy_team: SUCCESS
remove_team: FAILURE
add_player: FAILURE
num_played_games_for_player: SUCCESS, 22
add_player: FAILURE
get_player_cards: SUCCESS, 162
get_ith_pointless_ability: SUCCESS, 69
get_player_cards: SUCCESS, 96
add_team: FAILURE
add_player_cards: SUCCESS
add_player: FAILURE
add_team: FAILURE
get_player_cards: SUCCESS, 107
buy_team: SUCCESS
add_player: FAILURE
add_player: FAILURE
get_partial_spirit: SUCCESS, 1,5,4,3,2
add_player: FAILURE
add_player: FAILURE
add_player: FAILURE
num_played_games_for_player: SUCCESS, 22
play_match: FAILURE
get_ith_pointless_ability: SUCCESS, 10
add_player: FAILURE
add_player_cards: FAILURE
num_played_games_for_player: SUCCESS, 22
play_match: FAILURE
add_player_cards: SUCCESS
buy_team: SUCCESS
add_player: FAILURE
num_played_games_for_player: SUCCESS, 22
add_team: FAILURE
add_player: FAILURE
get_ith_pointless_ability: SUCCESS, 50
add_player: FAILURE
add_player_cards: FAILURE
get_team_points: SUCCESS, 0
remove_team: FAILURE
get_team_points: FAILURE
play_match: FAILURE
add_player: FAILURE
add_player: FAILURE
add_player: FAILURE
remove_team: FAILURE
play_match: FAILURE
num_played_games_for_player: SUCCESS, 22
get_team_points: SUCCESS, 0
add_player: FAILURE
add_player: FAILURE
add_player: FAILURE
get_partial_spirit: SUCCESS, 1,2,3,4,5
remove_team: FAILURE
get_partial_spirit: FAILURE
get_player_cards: SUCCESS, 60
get_team_points: SUCCESS, 0
get_ith_pointless_ability: FAILURE
num_played_games_for_player: SUCCESS, 22
num_played_games_for_player: SUCCESS, 22
get_player_cards: SUCCESS, 203
add_player: FAILURE
add_player: FAILURE
add_player: FAILURE
add_player: FAILURE
get_partial_spirit: SUCCESS, 1,2,3,4,5
add_team: FAILURE
get_player_cards: SUCCESS, 189
get_partial_spirit: SUCCESS, 4,2,5,1,3
remove_team: FAILURE
add_player: FAILURE
remove_team: FAILURE
add_player: FAILURE
buy_team: SUCCESS
add_player_cards: FAILURE
add_team: FAILURE
add_team: FAILURE
add_player: FAILURE
add_player_cards: SUCCESS
add_player_cards: SUCCESS
get_team_points: FAILURE
add_player: FAILURE
remove_team: FAILURE
get_team_points: SUCCESS, 0
get_player_cards: SUCCESS, 466
get_partial_spirit: FAILURE
get_team_points: FAILURE
get_team_points: SUCCESS, 0
add_player_cards: SUCCESS
add_player: FAILURE
add_player: FAILURE
get_partial_spirit: SUCCESS, 1,2,3,4,5
add_player: FAILURE
add_player: FAILURE
get_player_cards: SUCCESS, 94
add_player: FAILURE
add_player: FAILURE
play_match: FAILURE
add_player_cards: SUCCESS
get_ith_pointless_ability: SUCCESS, 54
add_player: FAILURE
add_team: FAILURE
add_player: FAILURE
get_player_cards: SUCCESS, 189
get_team_points: SUCCESS, 0
add_player: FAILURE
get_ith_pointless_ability: FAILURE
remove_team: FAILURE
play_match: SUCCESS, 3
buy_team: SUCCESS
num_played_games_for_player: SUCCESS, 22
add_player: FAILURE
add_player: FAILURE
add_player: FAILURE
play_match: FAILURE
add_player_cards: SUCCESS
buy_team: SUCCESS
add_player: FAILURE
add_player: FAILURE
get_player_cards: SUCCESS, 240
buy_team: SUCCESS
get_ith_pointless_ability: SUCCESS, 50
buy_team: SUCCESS
get_ith_pointless_ability: FAILURE
add_player: FAILURE
add_player_cards: SUCCESS
add_player: FAILURE
play_match: FAILURE
add_player: FAILURE
get_team_points: SUCCESS, 0
add_team: FAILURE
num_played_games_for_player: SUCCESS, 22
get_team_points: SUCCESS, 0
get_partial_spirit: SUCCESS, 1,5,4,3,2
