add_team: SUCCESS
add_team: SUCCESS
add_team: SUCCESS
add_team: SUCCESS
add_team: SUCCESS
add_team: SUCCESS
add_team: SUCCESS
add_team: SUCCESS
add_team: SUCCESS
add_team: SUCCESS
add_team: SUCCESS
add_team: SUCCESS
add_team: SUCCESS
add_team: SUCCESS
add_team: SUCCESS
add_team: SUCCESS
add_team: SUCCESS
add_team: SUCCESS
add_team: SUCCESS
add_team: SUCCESS
add_team: SUCCESS
add_team: SUCCESS
add_team: SUCCESS
add_team: SUCCESS
add_team: SUCCESS
add_team: SUCCESS
add_team: SUCCESS
add_team: SUCCESS
add_team: SUCCESS
add_team: SUCCESS
add_team: SUCCESS
add_team: SUCCESS
add_team: SUCCESS
add_team: SUCCESS
add_team: SUCCESS
add_team: SUCCESS
add_team: SUCCESS
add_team: SUCCESS
add_team: SUCCESS
add_team: SUCCESS
add_team: SUCCESS
add_team: SUCCESS
add_team: SUCCESS
add_team: SUCCESS
add_team: SUCCESS
add_team: SUCCESS
add_team: SUCCESS
add_team: SUCCESS
add_team: SUCCESS
add_team: SUCCESS
add_team: SUCCESS
add_team: SUCCESS
add_team: SUCCESS
add_team: SUCCESS
add_team: SUCCESS
add_team: SUCCESS
add_team: SUCCESS
add_team: SUCCESS
add_team: SUCCESS
add_team: SUCCESS
add_team: SUCCESS
add_team: SUCCESS
add_team: SUCCESS
add_team: SUCCESS
add_team: SUCCESS
add_team: SUCCESS
add_team: SUCCESS
add_team: SUCCESS
add_team: SUCCESS
add_team: SUCCESS
add_team: SUCCESS
add_team: SUCCESS
add_team: SUCCESS
add_team: SUCCESS
add_team: SUCCESS
add_team: SUCCESS
add_team: SUCCESS
add_team: SUCCESS
add_team: SUCCESS
add_team: SUCCESS
add_team: SUCCESS
add_team: SUCCESS
add_team: SUCCESS
add_team: SUCCESS
add_team: SUCCESS
add_team: SUCCESS
add_team: SUCCESS
add_team: SUCCESS
add_team: SUCCESS
add_team: SUCCESS
add_team: SUCCESS
add_team: SUCCESS
add_team: SUCCESS
add_team: SUCCESS
add_team: SUCCESS
add_team: SUCCESS
add_team: SUCCESS
add_team: SUCCESS
add_team: SUCCESS
add_team: SUCCESS
add_player: SUCCESS
add_player: SUCCESS
add_player: SUCCESS
add_player: SUCCESS
add_player: SUCCESS
add_player: SUCCESS
add_player: SUCCESS
add_player: SUCCESS
add_player: SUCCESS
add_player: SUCCESS
add_player: SUCCESS
add_player: SUCCESS
add_player: SUCCESS
add_player: SUCCESS
add_player: SUCCESS
add_player: SUCCESS
add_player: SUCCESS
add_player: SUCCESS
add_player: SUCCESS
add_player: SUCCESS
add_player: SUCCESS
add_player: SUCCESS
add_player: SUCCESS
add_player: SUCCESS
add_player: SUCCESS
add_player: SUCCESS
add_player: SUCCESS
add_player: SUCCESS
add_player: SUCCESS
add_player: SUCCESS
add_player: SUCCESS
add_player: SUCCESS
add_player: SUCCESS
add_player: SUCCESS
add_player: SUCCESS
add_player: SUCCESS
add_player: SUCCESS
add_player: SUCCESS
add_player: SUCCESS
add_player: SUCCESS
add_player: SUCCESS
add_player: SUCCESS
add_player: SUCCESS
add_player: SUCCESS
add_player: SUCCESS
add_player: SUCCESS
add_player: SUCCESS
add_player: SUCCESS
add_player: SUCCESS
add_player: SUCCESS
add_player: SUCCESS
add_player: SUCCESS
add_player: SUCCESS
add_player: SUCCESS
add_player: SUCCESS
add_player: SUCCESS
add_player: SUCCESS
add_player: SUCCESS
add_player: SUCCESS
add_player: SUCCESS
add_player: SUCCESS
add_player: SUCCESS
add_player: SUCCESS
add_player: SUCCESS
add_player: SUCCESS
add_player: SUCCESS
add_player: SUCCESS
add_player: SUCCESS
add_player: SUCCESS
add_player: SUCCESS
add_player: SUCCESS
add_player: SUCCESS
add_player: SUCCESS
add_player: SUCCESS
add_player: SUCCESS
add_player: SUCCESS
add_player: SUCCESS
add_player: SUCCESS
add_player: SUCCESS
add_player: SUCCESS
add_player: SUCCESS
add_player: SUCCESS
add_player: SUCCESS
add_player: SUCCESS
add_player: SUCCESS
add_player: SUCCESS
add_player: SUCCESS
add_player: SUCCESS
add_player: SUCCESS
add_player: SUCCESS
add_player: SUCCESS
add_player: SUCCESS
add_player: SUCCESS
add_player: SUCCESS
add_player: SUCCESS
add_player: SUCCESS
add_player: SUCCESS
add_player: SUCCESS
add_player: SUCCESS
add_player: SUCCESS
get_player_cards: SUCCESS, 21
add_team: SUCCESS
get_team_points: SUCCESS, 0
get_player_cards: SUCCESS, 215
play_match: FAILURE
get_player_cards: SUCCESS, 202
get_partial_spirit: SUCCESS, 1,2,3,4,5
add_player_cards: SUCCESS
play_match: FAILURE
get_player_cards: SUCCESS, 136
add_team: FAILURE
get_team_points: SUCCESS, 0
add_team: FAILURE
add_player: SUCCESS
add_player: SUCCESS
get_partial_spirit: SUCCESS, 1,2,3,4,5
get_partial_spirit: SUCCESS, 3,4,1,2,5
buy_team: SUCCESS
add_player_cards: SUCCESS
get_ith_pointless_ability: FAILURE
get_player_cards: SUCCESS, 23
add_player: SUCCESS
get_ith_pointless_ability: FAILURE
add_player: SUCCESS
get_player_cards: SUCCESS, 290
add_player: SUCCESS
add_player: SUCCESS
get_ith_pointless_ability: FAILURE
buy_team: SUCCESS
play_match: FAILURE
play_match: FAILURE
get_player_cards: SUCCESS, 72
add_player: SUCCESS
get_player_cards: SUCCESS, 233
get_team_points: SUCCESS, 0
add_player: SUCCESS
num_played_games_for_player: SUCCESS, 22
get_ith_pointless_ability: FAILURE
remove_team: FAILURE
add_player: SUCCESS
add_player: SUCCESS
add_player_cards: SUCCESS
add_player_cards: SUCCESS
add_player: SUCCESS
add_player: SUCCESS
add_player: SUCCESS
remove_team: FAILURE
get_ith_pointless_ability: SUCCESS, 39
add_player: SUCCESS
add_player: SUCCESS
get_player_cards: SUCCESS, 126
get_team_points: SUCCESS, 0
add_player: SUCCESS
get_team_points: SUCCESS, 0
add_team: FAILURE
get_player_cards: SUCCESS, 78
remove_team: FAILURE
add_player: SUCCESS
add_team: FAILURE
num_played_games_for_player: SUCCESS, 22
add_team: FAILURE
remove_team: FAILURE
add_player: SUCCESS
play_match: FAILURE
get_partial_spirit: SUCCESS, 1,2,3,4,5
get_team_points: SUCCESS, 0
remove_team: FAILURE
remove_team: FAILURE
add_team: FAILURE
add_player: SUCCESS
get_team_points: SUCCESS, 0
add_team: FAILURE
get_ith_pointless_ability: SUCCESS, 9
get_player_cards: SUCCESS, 34
get_partial_spirit: SUCCESS, 1,2,3,4,5
get_partial_spirit: SUCCESS, 1,2,3,4,5
add_player_cards: SUCCESS
add_player: SUCCESS
add_team: FAILURE
num_played_games_for_player: SUCCESS, 22
remove_team: FAILURE
buy_team: SUCCESS
play_match: FAILURE
num_played_games_for_player: SUCCESS, 22
get_partial_spirit: SUCCESS, 1,2,3,4,5
add_player_cards: SUCCESS
buy_team: SUCCESS
get_player_cards: SUCCESS, 233
num_played_games_for_player: SUCCESS, 22
get_team_points: SUCCESS, 0
add_player: SUCCESS
num_played_games_for_player: SUCCESS, 22
add_player: SUCCESS
add_player: SUCCESS
get_partial_spirit: SUCCESS, 2,3,5,1,4
get_player_cards: SUCCESS, 1
get_team_points: SUCCESS, 0
add_player: SUCCESS
get_player_cards: SUCCESS, 145
get_partial_spirit: SUCCESS, 1,2,3,4,5
buy_team: SUCCESS
add_player: SUCCESS
get_team_points: SUCCESS, 0
play_match: SUCCESS, 3
get_partial_spirit: SUCCESS, 1,4,3,5,2
num_played_games_for_player: SUCCESS, 22
num_played_games_for_player: SUCCESS, 22
get_partial_spirit: SUCCESS, 1,2,3,4,5
add_player: SUCCESS
get_player_cards: SUCCESS, 182
get_team_points: SUCCESS, 0
remove_team: FAILURE
get_ith_pointless_ability: SUCCESS, 43
add_team: FAILURE
add_player_cards: SUCCESS
num_played_games_for_player: SUCCESS, 22
get_ith_pointless_ability: FAILURE
add_player_cards: SUCCESS
num_played_games_for_player: SUCCESS, 22
add_player: SUCCESS
add_player: SUCCESS
get_ith_pointless_ability: SUCCESS, 18
add_player: SUCCESS
remove_team: FAILURE
add_player: SUCCESS
num_played_games_for_player: SUCCESS, 22
add_player_cards: SUCCESS
add_team: FAILURE
add_player: SUCCESS
remove_team: FAILURE
get_team_points: SUCCESS, 0
remove_team: FAILURE
add_player: SUCCESS
add_player: SUCCESS
get_team_points: SUCCESS, 0
play_match: SUCCESS, 1
get_partial_spirit: SUCCESS, 1,2,3,4,5
add_player: SUCCESS
add_team: FAILURE
get_partial_spirit: SUCCESS, 5,1,2,4,3
get_team_points: SUCCESS, 0
add_player: SUCCESS
add_player: SUCCESS
add_player: SUCCESS
get_ith_pointless_ability: SUCCESS, 80
get_team_points: SUCCESS, 0
add_player_cards: SUCCESS
add_player_cards: SUCCESS
get_partial_spirit: SUCCESS, 1,2,3,4,5
remove_team: FAILURE
add_player: SUCCESS
add_player_cards: SUCCESS
add_player: SUCCESS
get_partial_spirit: SUCCESS, 1,2,3,4,5
get_partial_spirit: SUCCESS, 1,2,3,4,5
add_player: SUCCESS
add_player_cards: SUCCESS
get_team_points: SUCCESS, 0
remove_team: FAILURE
get_player_cards: SUCCESS, 239
get_team_points: SUCCESS, 0
add_player_cards: SUCCESS
add_player: SUCCESS
add_player: SUCCESS
remove_team: FAILURE
play_match: SUCCESS, 3
add_player: SUCCESS
num_played_games_for_player: SUCCESS, 22
add_player: SUCCESS
get_player_cards: SUCCESS, 110
add_player: SUCCESS
play_match: FAILURE
num_played_games_for_player: SUCCESS, 22
get_team_points: SUCCESS, 0
num_played_games_for_player: SUCCESS, 22
buy_team: SUCCESS
get_ith_pointless_ability: SUCCESS, 18
play_match: FAILURE
add_player: SUCCESS
num_played_games_for_player: SUCCESS, 22
play_match: FAILURE
add_player: SUCCESS
get_player_cards: SUCCESS, 31
buy_team: SUCCESS
get_team_points: SUCCESS, 0
get_ith_pointless_ability: FAILURE
buy_team: SUCCESS
get_partial_spirit: SUCCESS, 1,2,3,4,5
buy_team: SUCCESS
add_player: SUCCESS
num_played_games_for_player: SUCCESS, 22
add_player: SUCCESS
remove_team: FAILURE
get_partial_spirit: SUCCESS, 1,2,3,4,5
get_player_cards: SUCCESS, 153
add_player: FAILURE
add_player: FAILURE
add_player: FAILURE
num_played_games_for_player: SUCCESS, 22
buy_team: SUCCESS
add_player: FAILURE
add_player: FAILURE
get_player_cards: SUCCESS, 46
add_player_cards: SUCCESS
add_team: FAILURE
buy_team: SUCCESS
add_player: FAILURE
get_player_cards: SUCCESS, 243
play_match: FAILURE
add_player: FAILURE
get_partial_spirit: SUCCESS, 5,2,3,1,4
add_player: FAILURE
buy_team: SUCCESS
add_player_cards: SUCCESS
get_team_points: SUCCESS, 0
get_partial_spirit: SUCCESS, 3,1,5,2,4
add_team: FAILURE
add_player_cards: SUCCESS
play_match: FAILURE
get_player_cards: SUCCESS, 22
add_player_cards: SUCCESS
get_player_cards: SUCCESS, 90
add_player: FAILURE
remove_team: FAILURE
num_played_games_for_player: SUCCESS, 22
num_played_games_for_player: SUCCESS, 22
num_played_games_for_player: SUCCESS, 22
add_player: FAILURE
remove_team: FAILURE
play_match: SUCCESS, 1
play_match: FAILURE
buy_team: SUCCESS
get_partial_spirit: SUCCESS, 1,2,3,4,5
add_player: FAILURE
get_player_cards: SUCCESS, 298
add_player: FAILURE
get_player_cards: SUCCESS, 235
remove_team: FAILURE
add_player: FAILURE
play_match: SUCCESS, 3
buy_team: SUCCESS
remove_team: FAILURE
get_player_cards: SUCCESS, 23
get_player_cards: SUCCESS, 233
buy_team: SUCCESS
add_team: FAILURE
add_player_cards: SUCCESS
add_team: FAILURE
get_ith_pointless_ability: SUCCESS, 19
num_played_games_for_player: SUCCESS, 22
remove_team: FAILURE
num_played_games_for_player: SUCCESS, 22
add_player_cards: SUCCESS
buy_team: SUCCESS
get_ith_pointless_ability: SUCCESS, 89
add_player: FAILURE
play_match: FAILURE
add_player_cards: SUCCESS
add_player: FAILURE
num_played_games_for_player: SUCCESS, 22
get_ith_pointless_ability: SUCCESS, 23
play_match: SUCCESS, 3
play_match: FAILURE
buy_team: SUCCESS
get_player_cards: SUCCESS, 201
get_ith_pointless_ability: SUCCESS, 53
add_player: FAILURE
add_player_cards: SUCCESS
add_player: FAILURE
buy_team: SUCCESS
add_player: FAILURE
play_match: FAILURE
get_partial_spirit: SUCCESS, 1,2,3,5,4
add_player: FAILURE
add_team: FAILURE
num_played_games_for_player: SUCCESS, 22
add_player: FAILURE
get_partial_spirit: SUCCESS, 2,1,3,5,4
remove_team: FAILURE
add_player: FAILURE
get_ith_pointless_ability: FAILURE
play_match: FAILURE
get_player_cards: SUCCESS, 26
buy_team: SUCCESS
get_team_points: SUCCESS, 0
add_team: FAILURE
play_match: FAILURE
add_player: FAILURE
get_team_points: SUCCESS, 0
get_team_points: SUCCESS, 0
get_partial_spirit: SUCCESS, 1,3,2,5,4
add_player: FAILURE
remove_team: FAILURE
buy_team: SUCCESS
get_ith_pointless_ability: FAILURE
add_player_cards: SUCCESS
get_partial_spirit: SUCCESS, 5,1,2,3,4
remove_team: FAILURE
get_player_cards: SUCCESS, 29
add_player: FAILURE
get_ith_pointless_ability: SUCCESS, 47
buy_team: SUCCESS
get_player_cards: SUCCESS, 346
remove_team: FAILURE
add_player: FAILURE
get_ith_pointless_ability: FAILURE
add_player: FAILURE
add_player_cards: SUCCESS
get_ith_pointless_ability: SUCCESS, 52
play_match: SUCCESS, 3
remove_team: FAILURE
play_match: FAILURE
add_team: FAILURE
remove_team: FAILURE
get_player_cards: SUCCESS, 201
get_team_points: SUCCESS, 0
buy_team: SUCCESS
add_player: FAILURE
remove_team: FAILURE
add_player: FAILURE
get_ith_pointless_ability: FAILURE
add_player: FAILURE
get_ith_pointless_ability: SUCCESS, 53
add_player: FAILURE
add_team: FAILURE
get_partial_spirit: SUCCESS, 1,2,3,4,5
remove_team: FAILURE
get_player_cards: SUCCESS, 115
get_partial_spirit: SUCCESS, 1,2,3,4,5
add_team: FAILURE
get_team_points: SUCCESS, 0
get_team_points: SUCCESS, 3
get_ith_pointless_ability: SUCCESS, 8
get_partial_spirit: SUCCESS, 1,2,3,4,5
num_played_games_for_player: SUCCESS, 22
remove_team: FAILURE
remove_team: FAILURE
add_player: FAILURE
get_partial_spirit: SUCCESS, 1,2,3,4,5
get_player_cards: SUCCESS, 230
remove_team: FAILURE
get_ith_pointless_ability: SUCCESS, 66
buy_team: SUCCESS
add_player: FAILURE
get_ith_pointless_ability: SUCCESS, 55
get_team_points: SUCCESS, 0
get_player_cards: SUCCESS, 356
get_partial_spirit: SUCCESS, 1,2,3,4,5
get_team_points: SUCCESS, 0
get_player_cards: SUCCESS, 269
add_team: FAILURE
add_player: FAILURE
get_ith_pointless_ability: SUCCESS, 31
add_player: FAILURE
get_partial_spirit: SUCCESS, 4,3,2,5,1
play_match: FAILURE
get_partial_spirit: SUCCESS, 1,2,3,4,5
play_match: FAILURE
add_player: FAILURE
get_partial_spirit: SUCCESS, 5,2,4,1,3
get_team_points: SUCCESS, 0
get_player_cards: SUCCESS, 22
num_played_games_for_player: SUCCESS, 22
add_player: FAILURE
buy_team: SUCCESS
num_played_games_for_player: SUCCESS, 22
num_played_games_for_player: SUCCESS, 22
remove_team: FAILURE
add_player: FAILURE
buy_team: SUCCESS
add_player: FAILURE
add_player: FAILURE
play_match: SUCCESS, 3
buy_team: SUCCESS
add_player: FAILURE
num_played_games_for_player: SUCCESS, 22
get_partial_spirit: SUCCESS, 1,2,3,4,5
play_match: FAILURE
get_player_cards: SUCCESS, 73
add_player_cards: SUCCESS
add_player: FAILURE
buy_team: SUCCESS
get_player_cards: SUCCESS, 157
add_player: FAILURE
num_played_games_for_player: SUCCESS, 22
add_player_cards: SUCCESS
remove_team: FAILURE
num_played_games_for_player: SUCCESS, 22
add_player: FAILURE
get_team_points: SUCCESS, 0
add_player: FAILURE
add_player: FAILURE
add_player: FAILURE
num_played_games_for_player: SUCCESS, 22
get_ith_pointless_ability: SUCCESS, 56
buy_team: SUCCESS
num_played_games_for_player: SUCCESS, 22
remove_team: FAILURE
add_player_cards: SUCCESS
get_team_points: SUCCESS, 0
add_team: FAILURE
num_played_games_for_player: SUCCESS, 22
add_player: FAILURE
get_partial_spirit: SUCCESS, 1,2,3,4,5
remove_team: FAILURE
remove_team: FAILURE
add_team: FAILURE
remove_team: FAILURE
remove_team: FAILURE
add_team: FAILURE
num_played_games_for_player: SUCCESS, 22
play_match: FAILURE
add_player: FAILURE
get_player_cards: SUCCESS, 136
add_player_cards: FAILURE
add_player: FAILURE
add_team: FAILURE
add_player: FAILURE
add_team: FAILURE
add_player_cards: SUCCESS
get_player_cards: SUCCESS, 239
get_ith_pointless_ability: SUCCESS, 37
buy_team: SUCCESS
get_partial_spirit: SUCCESS, 2,5,3,1,4
buy_team: SUCCESS
play_match: FAILURE
add_player: FAILURE
buy_team: SUCCESS
remove_team: FAILURE
add_player: FAILURE
add_player: FAILURE
play_match: SUCCESS, 3
add_team: FAILURE
add_team: FAILURE
buy_team: SUCCESS
get_ith_pointless_ability: FAILURE
play_match: SUCCESS, 1
play_match: FAILURE
add_team: FAILURE
add_player: FAILURE
add_player_cards: SUCCESS
get_player_cards: SUCCESS, 140
remove_team: FAILURE
get_partial_spirit: SUCCESS, 5,1,4,2,3
add_player: FAILURE
play_match: FAILURE
add_player: FAILURE
num_played_games_for_player: SUCCESS, 22
get_partial_spirit: SUCCESS, 3,5,4,2,1
add_player: FAILURE
add_player: FAILURE
buy_team: SUCCESS
play_match: FAILURE
remove_team: FAILURE
get_ith_pointless_ability: FAILURE
get_player_cards: SUCCESS, 23
get_partial_spirit: SUCCESS, 1,2,3,4,5
add_player_cards: SUCCESS
remove_team: FAILURE
get_partial_spirit: SUCCESS, 5,2,4,1,3
add_player: FAILURE
add_team: FAILURE
get_player_cards: SUCCESS, 228
get_ith_pointless_ability: SUCCESS, 20
buy_team: SUCCESS
add_player: FAILURE
get_partial_spirit: SUCCESS, 1,2,3,4,5
play_match: SUCCESS, 1
get_team_points: SUCCESS, 0
add_player: FAILURE
add_player: FAILURE
add_player: FAILURE
add_player: FAILURE
remove_team: FAILURE
add_player: FAILURE
remove_team: FAILURE
add_team: SUCCESS
buy_team: SUCCESS
add_player: FAILURE
buy_team: SUCCESS
add_player: FAILURE
buy_team: SUCCESS
buy_team: SUCCESS
buy_team: SUCCESS
add_team: FAILURE
add_player: FAILURE
get_player_cards: SUCCESS, 157
add_player: FAILURE
add_player: FAILURE
add_player: FAILURE
get_team_points: FAILURE
add_player: FAILURE
get_ith_pointless_ability: SUCCESS, 47
buy_team: SUCCESS
get_partial_spirit: SUCCESS, 3,5,4,2,1
add_player: FAILURE
get_ith_pointless_ability: FAILURE
remove_team: FAILURE
add_player_cards: SUCCESS
get_partial_spirit: SUCCESS, 5,1,4,2,3
add_player: FAILURE
buy_team: SUCCESS
add_player: FAILURE
get_partial_spirit: FAILURE
buy_team: SUCCESS
add_player: FAILURE
add_team: FAILURE
play_match: FAILURE
buy_team: SUCCESS
add_player: FAILURE
add_team: FAILURE
get_team_points: SUCCESS, 0
remove_team: FAILURE
add_player_cards: SUCCESS
get_partial_spirit: SUCCESS, 1,4,5,3,2
add_player: FAILURE
play_match: FAILURE
add_player_cards: FAILURE
get_ith_pointless_ability: SUCCESS, 56
add_player: FAILURE
buy_team: SUCCESS
get_ith_pointless_ability: FAILURE
buy_team: SUCCESS
add_player: FAILURE
add_team: FAILURE
add_team: FAILURE
add_player_cards: SUCCESS
get_team_points: SUCCESS, 0
add_player: FAILURE
get_ith_pointless_ability: FAILURE
remove_team: FAILURE
get_team_points: SUCCESS, 0
get_partial_spirit: SUCCESS, 3,1,5,2,4
get_ith_pointless_ability: FAILURE
add_team: FAILURE
add_team: FAILURE
get_team_points: SUCCESS, 0
add_player: FAILURE
buy_team: SUCCESS
remove_team: FAILURE
add_player: FAILURE
add_player_cards: SUCCESS
play_match: SUCCESS, 1
remove_team: FAILURE
buy_team: SUCCESS
add_team: FAILURE
get_partial_spirit: SUCCESS, 2,3,4,1,5
add_team: FAILURE
num_played_games_for_player: SUCCESS, 22
add_player: FAILURE
get_ith_pointless_ability: SUCCESS, 28
add_player: FAILURE
add_player: FAILURE
add_player_cards: SUCCESS
play_match: SUCCESS, 1
add_player_cards: SUCCESS
add_team: FAILURE
add_player: FAILURE
get_ith_pointless_ability: FAILURE
add_team: FAILURE
add_player_cards: SUCCESS
buy_team: SUCCESS
get_team_points: SUCCESS, 0
add_player_cards: FAILURE
get_team_points: SUCCESS, 0
add_player: FAILURE
add_player: FAILURE
add_player: FAILURE
get_team_points: SUCCESS, 0
get_team_points: SUCCESS, 0
get_player_cards: SUCCESS, 4
add_player_cards: FAILURE
get_ith_pointless_ability: FAILURE
get_ith_pointless_ability: FAILURE
get_team_points: SUCCESS, 0
get_team_points: SUCCESS, 0
add_player: FAILURE
buy_team: SUCCESS
num_played_games_for_player: SUCCESS, 22
add_player_cards: SUCCESS
get_ith_pointless_ability: FAILURE
get_player_cards: SUCCESS, 443
remove_team: FAILURE
buy_team: SUCCESS
remove_team: FAILURE
add_player: FAILURE
add_player_cards: SUCCESS
get_partial_spirit: SUCCESS, 1,2,3,4,5
add_player: FAILURE
get_player_cards: SUCCESS, 269
buy_team: SUCCESS
add_player: FAILURE
buy_team: SUCCESS
add_player: FAILURE
get_player_cards: SUCCESS, 290
play_match: SUCCESS, 3
play_match: FAILURE
remove_team: FAILURE
num_played_games_for_player: SUCCESS, 22
get_player_cards: SUCCESS, 138
add_player: FAILURE
get_player_cards: SUCCESS, 294
num_played_games_for_player: SUCCESS, 22
get_ith_pointless_ability: SUCCESS, 66
get_team_points: SUCCESS, 0
num_played_games_for_player: SUCCESS, 22
get_ith_pointless_ability: FAILURE
buy_team: SUCCESS
get_player_cards: SUCCESS, 122
get_player_cards: SUCCESS, 115
get_partial_spirit: SUCCESS, 1,2,3,4,5
get_player_cards: SUCCESS, 361
remove_team: FAILURE
add_player: FAILURE
get_partial_spirit: SUCCESS, 1,2,3,4,5
get_player_cards: SUCCESS, 15
get_player_cards: SUCCESS, 103
play_match: FAILURE
add_player_cards: SUCCESS
get_team_points: SUCCESS, 0
get_player_cards: SUCCESS, 316
add_team: FAILURE
buy_team: SUCCESS
get_partial_spirit: SUCCESS, 1,2,3,4,5
get_ith_pointless_ability: SUCCESS, 47
play_match: FAILURE
add_team: FAILURE
add_player_cards: SUCCESS
play_match: SUCCESS, 3
add_player: FAILURE
play_match: SUCCESS, 1
get_partial_spirit: SUCCESS, 5,4,3,1,2
add_team: FAILURE
add_player: FAILURE
get_partial_spirit: FAILURE
add_player: FAILURE
get_team_points: SUCCESS, 0
get_ith_pointless_ability: SUCCESS, 66
remove_team: FAILURE
add_player_cards: SUCCESS
num_played_games_for_player: SUCCESS, 22
get_ith_pointless_ability: SUCCESS, 34
add_player: FAILURE
get_ith_pointless_ability: FAILURE
add_player: FAILURE
add_player_cards: SUCCESS
buy_team: SUCCESS
add_player: FAILURE
add_player: FAILURE
get_ith_pointless_ability: SUCCESS, 65
add_team: FAILURE
add_player: FAILURE
buy_team: SUCCESS
get_player_cards: SUCCESS, 141
get_player_cards: SUCCESS, 411
add_player: FAILURE
add_player_cards: SUCCESS
add_player: FAILURE
get_team_points: SUCCESS, 0
get_player_cards: SUCCESS, 264
add_player: FAILURE
add_player: FAILURE
get_partial_spirit: SUCCESS, 1,2,3,4,5
buy_team: SUCCESS
get_team_points: SUCCESS, 0
add_player: FAILURE
buy_team: SUCCESS
num_played_games_for_player: SUCCESS, 22
add_team: FAILURE
remove_team: FAILURE
add_team: FAILURE
play_match: FAILURE
add_player: FAILURE
get_player_cards: SUCCESS, 408
remove_team: FAILURE
add_player: FAILURE
get_player_cards: SUCCESS, 141
add_player_cards: SUCCESS
remove_team: FAILURE
add_player: FAILURE
remove_team: FAILURE
remove_team: FAILURE
add_player: FAILURE
buy_team: SUCCESS
add_player: FAILURE
buy_team: SUCCESS
add_player: FAILURE
get_player_cards: SUCCESS, 4
get_ith_pointless_ability: SUCCESS, 83
add_player: FAILURE
get_partial_spirit: FAILURE
num_played_games_for_player: SUCCESS, 22
add_player_cards: FAILURE
add_player: FAILURE
add_player: FAILURE
num_played_games_for_player: SUCCESS, 22
get_team_points: SUCCESS, 0
get_player_cards: SUCCESS, 134
get_partial_spirit: FAILURE
get_partial_spirit: SUCCESS, 4,1,2,5,3
play_match: FAILURE
add_player: FAILURE
buy_team: SUCCESS
add_player_cards: SUCCESS
get_team_points: SUCCESS, 0
add_team: FAILURE
add_player_cards: SUCCESS
get_team_points: SUCCESS, 0
num_played_games_for_player: SUCCESS, 22
get_team_points: SUCCESS, 0
get_ith_pointless_ability: SUCCESS, 71
add_player_cards: FAILURE
num_played_games_for_player: SUCCESS, 22
remove_team: FAILURE
add_player_cards: SUCCESS
add_team: FAILURE
add_player_cards: SUCCESS
add_player: FAILURE
add_player: FAILURE
add_team: FAILURE
buy_team: SUCCESS
play_match: FAILURE
get_player_cards: SUCCESS, 362
add_player: FAILURE
add_team: FAILURE
num_played_games_for_player: SUCCESS, 22
get_player_cards: SUCCESS, 272
add_player: FAILURE
add_player_cards: SUCCESS
buy_team: SUCCESS
add_player: FAILURE
get_player_cards: SUCCESS, 61
remove_team: FAILURE
add_player: FAILURE
add_player_cards: SUCCESS
get_team_points: FAILURE
num_played_games_for_player: SUCCESS, 22
add_player: FAILURE
get_player_cards: SUCCESS, 139
get_team_points: FAILURE
get_player_cards: SUCCESS, 202
add_player: FAILURE
remove_team: FAILURE
get_ith_pointless_ability: SUCCESS, 9
add_team: FAILURE
get_partial_spirit: SUCCESS, 1,2,3,4,5
get_player_cards: SUCCESS, 648
buy_team: SUCCESS
get_player_cards: SUCCESS, 118
add_player: FAILURE
play_match: SUCCESS, 1
get_ith_pointless_ability: FAILURE
num_played_games_for_player: SUCCESS, 22
get_ith_pointless_ability: SUCCESS, 66
play_match: FAILURE
get_partial_spirit: SUCCESS, 1,2,3,4,5
get_partial_spirit: SUCCESS, 1,2,3,4,5
get_player_cards: SUCCESS, 272
add_player: FAILURE
num_played_games_for_player: SUCCESS, 22
get_team_points: SUCCESS, 3
add_player_cards: SUCCESS
add_player: FAILURE
remove_team: FAILURE
remove_team: FAILURE
add_player: FAILURE
buy_team: SUCCESS
remove_team: FAILURE
add_player: FAILURE
add_player: FAILURE
buy_team: SUCCESS
add_team: FAILURE
remove_team: FAILURE
remove_team: FAILURE
get_team_points: SUCCESS, 0
buy_team: SUCCESS
buy_team: SUCCESS
play_match: FAILURE
add_player_cards: FAILURE
play_match: FAILURE
add_player: FAILURE
num_played_games_for_player: SUCCESS, 22
add_player: FAILURE
get_partial_spirit: SUCCESS, 1,2,3,4,5
get_ith_pointless_ability: SUCCESS, 1
buy_team: SUCCESS
get_player_cards: SUCCESS, 408
get_team_points: SUCCESS, 0
remove_team: FAILURE
add_player: FAILURE
add_team: FAILURE
get_team_points: FAILURE
get_player_cards: SUCCESS, 22
add_player: FAILURE
buy_team: SUCCESS
get_team_points: SUCCESS, 3
get_ith_pointless_ability: SUCCESS, 92
add_player: FAILURE
get_ith_pointless_ability: SUCCESS, 88
add_player: FAILURE
remove_team: FAILURE
buy_team: SUCCESS
num_played_games_for_player: SUCCESS, 22
get_team_points: FAILURE
remove_team: FAILURE
get_partial_spirit: SUCCESS, 1,2,3,4,5
play_match: FAILURE
add_team: FAILURE
get_player_cards: SUCCESS, 345
remove_team: FAILURE
add_player: FAILURE
get_partial_spirit: FAILURE
add_team: FAILURE
add_team: FAILURE
add_player_cards: SUCCESS
add_team: FAILURE
add_player_cards: SUCCESS
add_player: FAILURE
add_team: FAILURE
get_team_points: SUCCESS, 0
add_player: FAILURE
num_played_games_for_player: SUCCESS, 22
num_played_games_for_player: SUCCESS, 22
get_team_points: FAILURE
buy_team: SUCCESS
add_player_cards: SUCCESS
buy_team: SUCCESS
add_player: FAILURE
add_player: FAILURE
add_player: FAILURE
get_team_points: SUCCESS, 0
add_player: FAILURE
play_match: FAILURE
play_match: FAILURE
get_partial_spirit: FAILURE
add_player: FAILURE
buy_team: SUCCESS
get_player_cards: SUCCESS, 232
remove_team: FAILURE
get_ith_pointless_ability: FAILURE
add_player: FAILURE
play_match: FAILURE
add_player: FAILURE
get_ith_pointless_ability: SUCCESS, 66
get_ith_pointless_ability: SUCCESS, 88
add_team: FAILURE
add_team: FAILURE
get_team_points: FAILURE
add_player: FAILURE
get_player_cards: SUCCESS, 430
get_team_points: SUCCESS, 0
remove_team: FAILURE
add_player_cards: SUCCESS
add_team: FAILURE
add_player: FAILURE
get_team_points: SUCCESS, 3
get_partial_spirit: SUCCESS, 4,3,2,5,1
add_team: FAILURE
add_player: FAILURE
add_player_cards: SUCCESS
get_player_cards: SUCCESS, 78
play_match: SUCCESS, 1
add_player: FAILURE
play_match: FAILURE
get_team_points: SUCCESS, 0
buy_team: SUCCESS
get_partial_spirit: SUCCESS, 1,2,3,4,5
buy_team: SUCCESS
add_player: FAILURE
get_ith_pointless_ability: FAILURE
get_ith_pointless_ability: FAILURE
get_team_points: SUCCESS, 0
remove_team: FAILURE
add_player: FAILURE
get_team_points: SUCCESS, 6
num_played_games_for_player: SUCCESS, 22
add_player_cards: SUCCESS
play_match: FAILURE
get_team_points: FAILURE
get_partial_spirit: FAILURE
add_player: FAILURE
add_player_cards: FAILURE
play_match: FAILURE
get_partial_spirit: SUCCESS, 1,2,3,4,5
get_partial_spirit: FAILURE
num_played_games_for_player: SUCCESS, 22
remove_team: FAILURE
get_player_cards: SUCCESS, 116
play_match: FAILURE
add_player: FAILURE
add_player_cards: FAILURE
play_match: FAILURE
num_played_games_for_player: SUCCESS, 22
remove_team: FAILURE
buy_team: SUCCESS
add_player_cards: SUCCESS
add_player: FAILURE
add_player_cards: SUCCESS
num_played_games_for_player: SUCCESS, 22
num_played_games_for_player: SUCCESS, 22
add_player: FAILURE
play_match: FAILURE
get_team_points: SUCCESS, 0
add_team: FAILURE
num_played_games_for_player: SUCCESS, 22
add_player: FAILURE
add_player: FAILURE
add_player: FAILURE
add_player: FAILURE
add_player: FAILURE
num_played_games_for_player: SUCCESS, 22
get_team_points: SUCCESS, 3
get_player_cards: SUCCESS, 170
add_player: FAILURE
get_partial_spirit: FAILURE
remove_team: FAILURE
num_played_games_for_player: SUCCESS, 22
add_player: FAILURE
add_player: FAILURE
get_team_points: SUCCESS, 0
add_player_cards: SUCCESS
play_match: FAILURE
add_player: FAILURE
get_player_cards: SUCCESS, 298
add_team: FAILURE
add_player: FAILURE
add_player: FAILURE
get_partial_spirit: SUCCESS, 4,3,2,5,1
remove_team: FAILURE
play_match: FAILURE
add_player_cards: SUCCESS
add_player_cards: SUCCESS
get_player_cards: SUCCESS, 15
add_player_cards: SUCCESS
get_team_points: SUCCESS, 3
add_player: FAILURE
add_player_cards: SUCCESS
add_player: FAILURE
play_match: FAILURE
get_player_cards: SUCCESS, 360
buy_team: SUCCESS
add_player_cards: SUCCESS
remove_team: FAILURE
play_match: FAILURE
add_player: FAILURE
remove_team: FAILURE
num_played_games_for_player: SUCCESS, 22
get_partial_spirit: SUCCESS, 2,1,3,5,4
add_player: FAILURE
get_team_points: SUCCESS, 3
add_player_cards: SUCCESS
play_match: FAILURE
num_played_games_for_player: SUCCESS, 22
get_ith_pointless_ability: SUCCESS, 48
num_played_games_for_player: SUCCESS, 22
add_player: FAILURE
get_partial_spirit: SUCCESS, 1,3,4,5,2
get_ith_pointless_ability: SUCCESS, 80
add_team: FAILURE
get_team_points: FAILURE
num_played_games_for_player: SUCCESS, 22
remove_team: FAILURE
get_player_cards: SUCCESS, 192
play_match: FAILURE
get_partial_spirit: FAILURE
get_team_points: SUCCESS, 0
get_ith_pointless_ability: FAILURE
add_player_cards: SUCCESS
get_team_points: SUCCESS, 0
num_played_games_for_player: SUCCESS, 22
get_partial_spirit: SUCCESS, 1,2,3,4,5
add_team: FAILURE
add_player: FAILURE
add_player_cards: FAILURE
buy_team: SUCCESS
num_played_games_for_player: SUCCESS, 22
remove_team: FAILURE
add_player: FAILURE
add_team: FAILURE
remove_team: FAILURE
num_played_games_for_player: SUCCESS, 22
add_player: FAILURE
get_partial_spirit: FAILURE
get_ith_pointless_ability: SUCCESS, 84
buy_team: SUCCESS
get_player_cards: SUCCESS, 118
get_team_points: FAILURE
remove_team: FAILURE
get_partial_spirit: SUCCESS, 1,2,3,4,5
add_team: FAILURE
get_ith_pointless_ability: SUCCESS, 56
add_player: FAILURE
add_team: FAILURE
add_team: FAILURE
add_player_cards: SUCCESS
add_player: FAILURE
get_player_cards: SUCCESS, 300
add_team: FAILURE
buy_team: SUCCESS
buy_team: SUCCESS
