add_team: SUCCESS
add_team: SUCCESS
add_team: SUCCESS
add_team: SUCCESS
add_team: SUCCESS
add_team: SUCCESS
add_team: SUCCESS
add_team: SUCCESS
add_team: SUCCESS
add_team: SUCCESS
add_team: SUCCESS
add_team: SUCCESS
add_team: SUCCESS
add_team: SUCCESS
add_team: SUCCESS
add_team: SUCCESS
add_team: SUCCESS
add_team: SUCCESS
add_team: SUCCESS
add_team: SUCCESS
add_team: SUCCESS
add_team: SUCCESS
add_team: SUCCESS
add_team: SUCCESS
add_team: SUCCESS
add_team: SUCCESS
add_team: SUCCESS
add_team: SUCCESS
add_team: SUCCESS
add_team: SUCCESS
add_team: SUCCESS
add_team: SUCCESS
add_team: SUCCESS
add_team: SUCCESS
add_team: SUCCESS
add_team: SUCCESS
add_team: SUCCESS
add_team: SUCCESS
add_team: SUCCESS
add_team: SUCCESS
add_team: SUCCESS
add_team: SUCCESS
add_team: SUCCESS
add_team: SUCCESS
add_team: SUCCESS
add_team: SUCCESS
add_team: SUCCESS
add_team: SUCCESS
add_team: SUCCESS
add_team: SUCCESS
add_team: SUCCESS
add_team: SUCCESS
add_team: SUCCESS
add_team: SUCCESS
add_team: SUCCESS
add_team: SUCCESS
add_team: SUCCESS
add_team: SUCCESS
add_team: SUCCESS
add_team: SUCCESS
add_team: SUCCESS
add_team: SUCCESS
add_team: SUCCESS
add_team: SUCCESS
add_team: SUCCESS
add_team: SUCCESS
add_team: SUCCESS
add_team: SUCCESS
add_team: SUCCESS
add_team: SUCCESS
add_team: SUCCESS
add_team: SUCCESS
add_team: SUCCESS
add_team: SUCCESS
add_team: SUCCESS
add_team: SUCCESS
add_team: SUCCESS
add_team: SUCCESS
add_team: SUCCESS
add_team: SUCCESS
add_team: SUCCESS
add_team: SUCCESS
add_team: SUCCESS
add_team: SUCCESS
add_team: SUCCESS
add_team: SUCCESS
add_team: SUCCESS
add_team: SUCCESS
add_team: SUCCESS
add_team: SUCCESS
add_team: SUCCESS
add_team: SUCCESS
add_team: SUCCESS
add_team: SUCCESS
add_team: SUCCESS
add_team: SUCCESS
add_team: SUCCESS
add_team: SUCCESS
add_team: SUCCESS
add_team: SUCCESS
add_player: SUCCESS
add_player: SUCCESS
add_player: SUCCESS
add_player: SUCCESS
add_player: SUCCESS
add_player: SUCCESS
add_player: SUCCESS
add_player: SUCCESS
add_player: SUCCESS
add_player: SUCCESS
add_player: SUCCESS
add_player: SUCCESS
add_player: SUCCESS
add_player: SUCCESS
add_player: SUCCESS
add_player: SUCCESS
add_player: SUCCESS
add_player: SUCCESS
add_player: SUCCESS
add_player: SUCCESS
add_player: SUCCESS
add_player: SUCCESS
add_player: SUCCESS
add_player: SUCCESS
add_player: SUCCESS
add_player: SUCCESS
add_player: SUCCESS
add_player: SUCCESS
add_player: SUCCESS
add_player: SUCCESS
add_player: SUCCESS
add_player: SUCCESS
add_player: SUCCESS
add_player: SUCCESS
add_player: SUCCESS
add_player: SUCCESS
add_player: SUCCESS
add_player: SUCCESS
add_player: SUCCESS
add_player: SUCCESS
add_player: SUCCESS
add_player: SUCCESS
add_player: SUCCESS
add_player: SUCCESS
add_player: SUCCESS
add_player: SUCCESS
add_player: SUCCESS
add_player: SUCCESS
add_player: SUCCESS
add_player: SUCCESS
add_player: SUCCESS
add_player: SUCCESS
add_player: SUCCESS
add_player: SUCCESS
add_player: SUCCESS
add_player: SUCCESS
add_player: SUCCESS
add_player: SUCCESS
add_player: SUCCESS
add_player: SUCCESS
add_player: SUCCESS
add_player: SUCCESS
add_player: SUCCESS
add_player: SUCCESS
add_player: SUCCESS
add_player: SUCCESS
add_player: SUCCESS
add_player: SUCCESS
add_player: SUCCESS
add_player: SUCCESS
add_player: SUCCESS
add_player: SUCCESS
add_player: SUCCESS
add_player: SUCCESS
add_player: SUCCESS
add_player: SUCCESS
add_player: SUCCESS
add_player: SUCCESS
add_player: SUCCESS
add_player: SUCCESS
add_player: SUCCESS
add_player: SUCCESS
add_player: SUCCESS
add_player: SUCCESS
add_player: SUCCESS
add_player: SUCCESS
add_player: SUCCESS
add_player: SUCCESS
add_player: SUCCESS
add_player: SUCCESS
add_player: SUCCESS
add_player: SUCCESS
add_player: SUCCESS
add_player: SUCCESS
add_player: SUCCESS
add_player: SUCCESS
add_player: SUCCESS
add_player: SUCCESS
add_player: SUCCESS
add_player: SUCCESS
get_team_points: SUCCESS, 0
play_match: FAILURE
add_player: SUCCESS
buy_team: SUCCESS
add_team: SUCCESS
buy_team: SUCCESS
add_player: SUCCESS
get_partial_spirit: SUCCESS, 5,4,1,2,3
remove_team: FAILURE
play_match: FAILURE
remove_team: FAILURE
buy_team: SUCCESS
play_match: SUCCESS, 3
add_player: SUCCESS
add_team: FAILURE
get_partial_spirit: SUCCESS, 5,2,4,1,3
get_partial_spirit: SUCCESS, 1,2,3,4,5
add_player: SUCCESS
get_team_points: SUCCESS, 0
get_player_cards: SUCCESS, 178
add_player: SUCCESS
get_ith_pointless_ability: SUCCESS, 15
remove_team: FAILURE
get_partial_spirit: SUCCESS, 1,2,3,4,5
play_match: FAILURE
add_player: SUCCESS
get_player_cards: SUCCESS, 7
add_player: SUCCESS
play_match: FAILURE
get_partial_spirit: SUCCESS, 2,5,1,4,3
buy_team: SUCCESS
num_played_games_for_player: SUCCESS, 22
num_played_games_for_player: SUCCESS, 22
get_team_points: SUCCESS, 0
remove_team: FAILURE
get_player_cards: SUCCESS, 9
remove_team: FAILURE
add_player_cards: SUCCESS
buy_team: SUCCESS
get_player_cards: SUCCESS, 193
get_partial_spirit: SUCCESS, 1,2,3,4,5
remove_team: FAILURE
get_team_points: SUCCESS, 0
remove_team: FAILURE
add_player: SUCCESS
add_player_cards: SUCCESS
get_ith_pointless_ability: SUCCESS, 58
add_player: SUCCESS
get_team_points: SUCCESS, 0
get_partial_spirit: SUCCESS, 1,2,3,4,5
add_team: FAILURE
get_team_points: SUCCESS, 0
add_player: SUCCESS
buy_team: SUCCESS
get_ith_pointless_ability: FAILURE
remove_team: FAILURE
get_team_points: SUCCESS, 0
get_team_points: SUCCESS, 0
play_match: FAILURE
get_ith_pointless_ability: FAILURE
add_team: FAILURE
add_team: FAILURE
get_partial_spirit: SUCCESS, 2,5,1,4,3
get_player_cards: SUCCESS, 84
get_team_points: SUCCESS, 0
get_team_points: SUCCESS, 0
get_player_cards: SUCCESS, 134
num_played_games_for_player: SUCCESS, 22
add_player: SUCCESS
add_player: SUCCESS
add_player_cards: SUCCESS
add_player: SUCCESS
add_team: FAILURE
buy_team: SUCCESS
num_played_games_for_player: SUCCESS, 22
get_player_cards: SUCCESS, 6
add_player: SUCCESS
get_team_points: SUCCESS, 0
get_player_cards: SUCCESS, 246
get_ith_pointless_ability: SUCCESS, 87
get_player_cards: SUCCESS, 186
add_player: SUCCESS
add_player: SUCCESS
get_partial_spirit: SUCCESS, 1,2,3,4,5
play_match: FAILURE
get_ith_pointless_ability: SUCCESS, 18
get_team_points: SUCCESS, 0
play_match: FAILURE
add_team: FAILURE
remove_team: FAILURE
get_partial_spirit: SUCCESS, 1,2,3,4,5
add_player_cards: SUCCESS
add_player_cards: SUCCESS
remove_team: FAILURE
get_ith_pointless_ability: SUCCESS, 66
get_ith_pointless_ability: SUCCESS, 53
add_team: FAILURE
add_player_cards: SUCCESS
buy_team: SUCCESS
get_partial_spirit: SUCCESS, 5,4,2,3,1
add_player: SUCCESS
buy_team: SUCCESS
play_match: FAILURE
get_player_cards: SUCCESS, 53
num_played_games_for_player: SUCCESS, 22
get_ith_pointless_ability: SUCCESS, 9
remove_team: FAILURE
get_player_cards: SUCCESS, 234
get_partial_spirit: SUCCESS, 1,2,3,4,5
get_player_cards: SUCCESS, 85
add_player: SUCCESS
buy_team: SUCCESS
get_ith_pointless_ability: SUCCESS, 45
buy_team: SUCCESS
play_match: SUCCESS, 3
add_player_cards: SUCCESS
remove_team: FAILURE
remove_team: FAILURE
get_player_cards: SUCCESS, 113
add_player: FAILURE
play_match: FAILURE
play_match: FAILURE
add_team: FAILURE
get_ith_pointless_ability: FAILURE
buy_team: SUCCESS
play_match: FAILURE
get_ith_pointless_ability: SUCCESS, 21
buy_team: SUCCESS
remove_team: FAILURE
add_player: SUCCESS
add_team: FAILURE
get_player_cards: SUCCESS, 165
play_match: FAILURE
get_player_cards: SUCCESS, 186
get_player_cards: SUCCESS, 68
add_player: SUCCESS
add_player: SUCCESS
play_match: FAILURE
get_partial_spirit: SUCCESS, 3,2,5,4,1
add_player_cards: SUCCESS
add_player_cards: SUCCESS
play_match: FAILURE
remove_team: FAILURE
add_player: SUCCESS
get_player_cards: SUCCESS, 83
get_team_points: SUCCESS, 0
num_played_games_for_player: SUCCESS, 22
remove_team: FAILURE
get_partial_spirit: SUCCESS, 4,1,5,3,2
play_match: FAILURE
get_partial_spirit: SUCCESS, 1,2,3,4,5
add_player: SUCCESS
add_player_cards: SUCCESS
add_player: SUCCESS
add_player: SUCCESS
add_team: FAILURE
add_player: SUCCESS
add_team: FAILURE
add_player: FAILURE
buy_team: SUCCESS
add_player: SUCCESS
remove_team: FAILURE
get_ith_pointless_ability: FAILURE
num_played_games_for_player: SUCCESS, 22
get_player_cards: SUCCESS, 177
add_player: SUCCESS
remove_team: FAILURE
get_partial_spirit: SUCCESS, 4,2,5,3,1
num_played_games_for_player: SUCCESS, 22
play_match: FAILURE
buy_team: SUCCESS
buy_team: SUCCESS
add_player: SUCCESS
num_played_games_for_player: SUCCESS, 22
add_player: SUCCESS
play_match: FAILURE
add_player: SUCCESS
add_player: SUCCESS
num_played_games_for_player: SUCCESS, 22
add_team: FAILURE
get_player_cards: SUCCESS, 5
add_player: SUCCESS
get_ith_pointless_ability: SUCCESS, 49
add_team: FAILURE
num_played_games_for_player: SUCCESS, 22
add_player: SUCCESS
get_team_points: SUCCESS, 0
get_partial_spirit: FAILURE
get_partial_spirit: SUCCESS, 1,2,3,4,5
add_player_cards: SUCCESS
add_player_cards: SUCCESS
add_player: SUCCESS
add_player: SUCCESS
buy_team: SUCCESS
get_partial_spirit: SUCCESS, 1,2,3,4,5
buy_team: SUCCESS
add_player: SUCCESS
get_player_cards: SUCCESS, 202
get_ith_pointless_ability: SUCCESS, 99
play_match: FAILURE
get_player_cards: SUCCESS, 263
get_player_cards: SUCCESS, 298
add_player: FAILURE
add_player: SUCCESS
buy_team: SUCCESS
buy_team: SUCCESS
get_ith_pointless_ability: FAILURE
add_player_cards: SUCCESS
num_played_games_for_player: SUCCESS, 22
add_player: SUCCESS
add_player: SUCCESS
get_ith_pointless_ability: FAILURE
add_player: SUCCESS
get_player_cards: SUCCESS, 20
get_player_cards: SUCCESS, 295
remove_team: FAILURE
get_team_points: SUCCESS, 0
add_player_cards: SUCCESS
play_match: FAILURE
add_player: SUCCESS
get_team_points: SUCCESS, 0
add_team: FAILURE
get_player_cards: SUCCESS, 183
num_played_games_for_player: SUCCESS, 22
add_player_cards: SUCCESS
get_partial_spirit: SUCCESS, 1,2,3,4,5
add_player: SUCCESS
play_match: FAILURE
add_player_cards: SUCCESS
get_team_points: SUCCESS, 0
add_player_cards: SUCCESS
play_match: FAILURE
get_team_points: SUCCESS, 0
remove_team: FAILURE
get_team_points: SUCCESS, 0
get_partial_spirit: SUCCESS, 4,1,3,2,5
add_player: SUCCESS
num_played_games_for_player: SUCCESS, 22
add_player: SUCCESS
add_player_cards: SUCCESS
num_played_games_for_player: SUCCESS, 22
add_team: FAILURE
add_team: FAILURE
get_partial_spirit: SUCCESS, 1,2,3,4,5
get_partial_spirit: SUCCESS, 1,2,3,4,5
add_player: SUCCESS
add_player: FAILURE
add_team: FAILURE
add_player: SUCCESS
get_ith_pointless_ability: SUCCESS, 42
add_player: SUCCESS
get_ith_pointless_ability: SUCCESS, 79
get_team_points: SUCCESS, 0
add_player: FAILURE
buy_team: SUCCESS
add_player: FAILURE
num_played_games_for_player: SUCCESS, 22
buy_team: SUCCESS
play_match: SUCCESS, 3
add_player: FAILURE
add_player: SUCCESS
add_player: SUCCESS
add_player: FAILURE
add_team: FAILURE
add_player: SUCCESS
add_player: SUCCESS
get_ith_pointless_ability: FAILURE
get_player_cards: SUCCESS, 192
add_player_cards: SUCCESS
num_played_games_for_player: SUCCESS, 22
remove_team: FAILURE
get_partial_spirit: SUCCESS, 1,2,3,4,5
add_player: SUCCESS
get_ith_pointless_ability: SUCCESS, 37
get_team_points: SUCCESS, 0
num_played_games_for_player: SUCCESS, 22
get_player_cards: SUCCESS, 90
add_team: FAILURE
add_player: SUCCESS
get_team_points: SUCCESS, 0
get_ith_pointless_ability: SUCCESS, 66
add_player_cards: SUCCESS
get_ith_pointless_ability: SUCCESS, 99
add_player_cards: SUCCESS
get_team_points: SUCCESS, 0
get_player_cards: SUCCESS, 228
num_played_games_for_player: SUCCESS, 22
add_team: FAILURE
get_partial_spirit: SUCCESS, 5,1,3,4,2
add_team: FAILURE
get_player_cards: SUCCESS, 138
get_team_points: SUCCESS, 0
play_match: FAILURE
add_team: FAILURE
add_player: SUCCESS
buy_team: SUCCESS
get_team_points: SUCCESS, 0
add_team: FAILURE
add_team: FAILURE
add_team: FAILURE
num_played_games_for_player: SUCCESS, 22
get_partial_spirit: SUCCESS, 1,2,3,4,5
play_match: FAILURE
add_player: SUCCESS
add_player: SUCCESS
add_player_cards: SUCCESS
get_player_cards: SUCCESS, 210
num_played_games_for_player: SUCCESS, 22
remove_team: FAILURE
get_team_points: SUCCESS, 0
add_player: SUCCESS
add_player: SUCCESS
add_player: SUCCESS
play_match: FAILURE
num_played_games_for_player: SUCCESS, 22
add_team: FAILURE
add_player: SUCCESS
remove_team: FAILURE
buy_team: SUCCESS
buy_team: SUCCESS
get_team_points: SUCCESS, 0
play_match: FAILURE
play_match: FAILURE
get_team_points: SUCCESS, 0
num_played_games_for_player: SUCCESS, 22
num_played_games_for_player: SUCCESS, 22
add_team: FAILURE
add_team: FAILURE
add_team: FAILURE
get_partial_spirit: SUCCESS, 4,1,5,3,2
num_played_games_for_player: SUCCESS, 22
add_player: SUCCESS
get_partial_spirit: SUCCESS, 4,5,1,3,2
add_player: SUCCESS
get_partial_spirit: SUCCESS, 1,2,3,4,5
add_team: FAILURE
num_played_games_for_player: SUCCESS, 22
get_ith_pointless_ability: SUCCESS, 84
get_partial_spirit: SUCCESS, 1,2,3,4,5
add_team: FAILURE
get_team_points: SUCCESS, 0
buy_team: SUCCESS
get_player_cards: SUCCESS, 226
remove_team: FAILURE
add_player_cards: SUCCESS
add_player: FAILURE
get_team_points: SUCCESS, 0
add_player_cards: SUCCESS
buy_team: SUCCESS
num_played_games_for_player: SUCCESS, 22
get_player_cards: SUCCESS, 183
num_played_games_for_player: SUCCESS, 22
get_player_cards: SUCCESS, 280
remove_team: FAILURE
buy_team: SUCCESS
add_player: FAILURE
add_player: FAILURE
get_player_cards: SUCCESS, 228
buy_team: SUCCESS
buy_team: SUCCESS
add_team: FAILURE
get_ith_pointless_ability: SUCCESS, 13
add_player: SUCCESS
get_ith_pointless_ability: SUCCESS, 39
buy_team: SUCCESS
play_match: FAILURE
remove_team: FAILURE
get_partial_spirit: SUCCESS, 1,2,3,4,5
add_player: SUCCESS
num_played_games_for_player: SUCCESS, 22
play_match: FAILURE
num_played_games_for_player: SUCCESS, 22
add_team: FAILURE
add_player: SUCCESS
add_team: FAILURE
get_ith_pointless_ability: SUCCESS, 87
get_partial_spirit: SUCCESS, 1,2,3,4,5
num_played_games_for_player: SUCCESS, 22
add_player: SUCCESS
add_player: SUCCESS
add_player: SUCCESS
add_player: FAILURE
get_player_cards: SUCCESS, 202
get_partial_spirit: SUCCESS, 1,3,4,2,5
add_player: FAILURE
add_player_cards: SUCCESS
get_partial_spirit: SUCCESS, 1,2,3,4,5
get_player_cards: SUCCESS, 171
num_played_games_for_player: SUCCESS, 22
add_player: FAILURE
add_player_cards: SUCCESS
get_partial_spirit: SUCCESS, 3,1,5,4,2
add_player: FAILURE
add_player_cards: SUCCESS
play_match: FAILURE
get_player_cards: SUCCESS, 84
play_match: FAILURE
buy_team: SUCCESS
get_team_points: SUCCESS, 0
get_player_cards: SUCCESS, 237
add_player: FAILURE
get_partial_spirit: SUCCESS, 5,1,2,4,3
buy_team: SUCCESS
get_ith_pointless_ability: SUCCESS, 55
add_player: SUCCESS
get_team_points: SUCCESS, 0
get_ith_pointless_ability: SUCCESS, 64
get_partial_spirit: SUCCESS, 1,2,3,4,5
get_team_points: SUCCESS, 0
num_played_games_for_player: SUCCESS, 22
add_team: FAILURE
num_played_games_for_player: SUCCESS, 22
num_played_games_for_player: SUCCESS, 22
play_match: FAILURE
add_team: FAILURE
get_ith_pointless_ability: SUCCESS, 46
play_match: SUCCESS, 1
get_partial_spirit: SUCCESS, 2,5,3,1,4
buy_team: SUCCESS
add_player: FAILURE
get_team_points: SUCCESS, 0
add_player: SUCCESS
get_player_cards: SUCCESS, 142
get_ith_pointless_ability: SUCCESS, 93
add_player_cards: SUCCESS
num_played_games_for_player: SUCCESS, 22
get_player_cards: SUCCESS, 127
add_player: SUCCESS
add_player_cards: SUCCESS
add_player: FAILURE
get_team_points: SUCCESS, 0
add_player: SUCCESS
add_player: FAILURE
get_partial_spirit: SUCCESS, 1,2,3,4,5
remove_team: FAILURE
add_team: FAILURE
add_team: FAILURE
buy_team: SUCCESS
add_player: SUCCESS
add_player: FAILURE
add_team: FAILURE
get_ith_pointless_ability: SUCCESS, 87
add_player_cards: SUCCESS
remove_team: FAILURE
add_player: SUCCESS
add_team: FAILURE
play_match: SUCCESS, 3
num_played_games_for_player: SUCCESS, 22
get_player_cards: SUCCESS, 43
get_partial_spirit: SUCCESS, 2,1,5,4,3
get_player_cards: SUCCESS, 68
get_partial_spirit: SUCCESS, 1,3,2,5,4
get_ith_pointless_ability: SUCCESS, 69
get_team_points: SUCCESS, 0
add_player_cards: SUCCESS
num_played_games_for_player: SUCCESS, 22
remove_team: FAILURE
play_match: SUCCESS, 3
num_played_games_for_player: SUCCESS, 22
get_ith_pointless_ability: SUCCESS, 34
get_partial_spirit: SUCCESS, 3,2,5,4,1
buy_team: SUCCESS
add_team: FAILURE
get_partial_spirit: SUCCESS, 5,4,2,3,1
num_played_games_for_player: SUCCESS, 22
get_partial_spirit: SUCCESS, 1,2,3,4,5
add_player: SUCCESS
add_player_cards: SUCCESS
get_player_cards: SUCCESS, 295
buy_team: SUCCESS
add_player: SUCCESS
add_player: SUCCESS
buy_team: SUCCESS
get_ith_pointless_ability: SUCCESS, 88
get_ith_pointless_ability: SUCCESS, 55
get_player_cards: SUCCESS, 260
play_match: SUCCESS, 1
get_ith_pointless_ability: SUCCESS, 55
add_team: FAILURE
get_player_cards: SUCCESS, 67
num_played_games_for_player: SUCCESS, 22
play_match: FAILURE
add_player: SUCCESS
remove_team: FAILURE
get_ith_pointless_ability: SUCCESS, 84
buy_team: SUCCESS
num_played_games_for_player: SUCCESS, 22
num_played_games_for_player: SUCCESS, 22
add_player: FAILURE
add_player: SUCCESS
play_match: FAILURE
get_player_cards: SUCCESS, 302
add_team: FAILURE
get_team_points: SUCCESS, 0
get_partial_spirit: SUCCESS, 3,4,5,2,1
remove_team: FAILURE
remove_team: FAILURE
get_partial_spirit: SUCCESS, 2,5,1,4,3
get_ith_pointless_ability: SUCCESS, 34
get_team_points: SUCCESS, 0
add_player_cards: SUCCESS
get_partial_spirit: SUCCESS, 5,2,4,1,3
add_player_cards: SUCCESS
get_ith_pointless_ability: SUCCESS, 55
get_partial_spirit: SUCCESS, 5,1,2,4,3
num_played_games_for_player: SUCCESS, 22
get_partial_spirit: SUCCESS, 1,2,3,4,5
add_player_cards: SUCCESS
get_team_points: SUCCESS, 0
get_partial_spirit: SUCCESS, 4,2,5,3,1
buy_team: SUCCESS
get_partial_spirit: SUCCESS, 1,2,3,4,5
buy_team: SUCCESS
get_player_cards: SUCCESS, 135
play_match: SUCCESS, 1
add_player: FAILURE
add_player: SUCCESS
buy_team: SUCCESS
add_player: SUCCESS
get_player_cards: SUCCESS, 113
remove_team: FAILURE
num_played_games_for_player: SUCCESS, 22
add_team: FAILURE
add_player_cards: SUCCESS
buy_team: SUCCESS
get_team_points: SUCCESS, 0
add_team: FAILURE
play_match: FAILURE
add_player: SUCCESS
buy_team: SUCCESS
add_player: SUCCESS
num_played_games_for_player: SUCCESS, 22
buy_team: SUCCESS
get_partial_spirit: SUCCESS, 1,2,3,4,5
get_ith_pointless_ability: SUCCESS, 77
add_player: SUCCESS
get_player_cards: SUCCESS, 319
num_played_games_for_player: SUCCESS, 22
remove_team: FAILURE
remove_team: FAILURE
get_ith_pointless_ability: FAILURE
add_player_cards: SUCCESS
get_partial_spirit: SUCCESS, 1,5,4,2,3
get_ith_pointless_ability: SUCCESS, 37
buy_team: SUCCESS
add_player: SUCCESS
buy_team: SUCCESS
add_player_cards: FAILURE
add_player_cards: SUCCESS
add_player: FAILURE
get_ith_pointless_ability: SUCCESS, 19
add_player: SUCCESS
play_match: FAILURE
add_player: FAILURE
num_played_games_for_player: SUCCESS, 22
remove_team: FAILURE
num_played_games_for_player: SUCCESS, 22
add_player: SUCCESS
add_player: SUCCESS
add_player: SUCCESS
buy_team: SUCCESS
get_player_cards: SUCCESS, 296
add_team: FAILURE
get_ith_pointless_ability: SUCCESS, 96
add_player: SUCCESS
get_player_cards: SUCCESS, 295
remove_team: FAILURE
add_team: FAILURE
add_player: SUCCESS
buy_team: SUCCESS
buy_team: SUCCESS
buy_team: SUCCESS
get_team_points: SUCCESS, 0
buy_team: SUCCESS
add_player: FAILURE
get_ith_pointless_ability: SUCCESS, 72
get_team_points: SUCCESS, 0
add_player: FAILURE
get_team_points: SUCCESS, 6
remove_team: FAILURE
add_player: FAILURE
play_match: FAILURE
get_ith_pointless_ability: SUCCESS, 16
add_player: FAILURE
add_team: FAILURE
play_match: SUCCESS, 1
num_played_games_for_player: SUCCESS, 22
add_player: SUCCESS
add_team: FAILURE
get_ith_pointless_ability: SUCCESS, 96
num_played_games_for_player: SUCCESS, 22
get_player_cards: SUCCESS, 49
num_played_games_for_player: SUCCESS, 22
remove_team: FAILURE
add_player: SUCCESS
num_played_games_for_player: SUCCESS, 22
add_team: FAILURE
get_partial_spirit: SUCCESS, 1,2,3,4,5
get_ith_pointless_ability: SUCCESS, 91
get_ith_pointless_ability: SUCCESS, 75
remove_team: FAILURE
get_partial_spirit: SUCCESS, 1,2,3,4,5
add_player: FAILURE
play_match: FAILURE
get_ith_pointless_ability: SUCCESS, 100
add_player: SUCCESS
add_player: SUCCESS
add_player: SUCCESS
add_player: SUCCESS
add_player: FAILURE
remove_team: FAILURE
play_match: FAILURE
remove_team: FAILURE
buy_team: SUCCESS
play_match: FAILURE
get_ith_pointless_ability: SUCCESS, 91
num_played_games_for_player: SUCCESS, 22
remove_team: FAILURE
add_player: FAILURE
remove_team: FAILURE
get_team_points: SUCCESS, 0
add_player_cards: SUCCESS
add_player: FAILURE
remove_team: FAILURE
get_partial_spirit: FAILURE
add_player: SUCCESS
add_player: SUCCESS
num_played_games_for_player: SUCCESS, 22
get_player_cards: SUCCESS, 149
play_match: FAILURE
buy_team: SUCCESS
add_player_cards: SUCCESS
play_match: SUCCESS, 1
add_player_cards: SUCCESS
add_player_cards: SUCCESS
add_team: FAILURE
add_player: SUCCESS
buy_team: SUCCESS
num_played_games_for_player: SUCCESS, 22
get_ith_pointless_ability: SUCCESS, 39
add_player: FAILURE
add_player: FAILURE
buy_team: SUCCESS
add_player: SUCCESS
add_player_cards: FAILURE
buy_team: SUCCESS
get_partial_spirit: SUCCESS, 1,2,3,4,5
add_team: FAILURE
num_played_games_for_player: SUCCESS, 22
get_team_points: SUCCESS, 0
num_played_games_for_player: SUCCESS, 22
play_match: SUCCESS, 3
add_team: FAILURE
buy_team: SUCCESS
add_player: SUCCESS
remove_team: FAILURE
add_team: FAILURE
add_team: FAILURE
get_ith_pointless_ability: SUCCESS, 53
add_player: FAILURE
get_player_cards: SUCCESS, 187
remove_team: FAILURE
add_player: SUCCESS
num_played_games_for_player: SUCCESS, 22
get_team_points: SUCCESS, 0
add_player_cards: SUCCESS
add_player: SUCCESS
add_player: FAILURE
remove_team: FAILURE
get_partial_spirit: SUCCESS, 5,1,3,4,2
buy_team: SUCCESS
get_ith_pointless_ability: SUCCESS, 55
get_team_points: SUCCESS, 0
remove_team: FAILURE
play_match: FAILURE
get_player_cards: SUCCESS, 43
add_player: SUCCESS
get_team_points: SUCCESS, 0
add_team: FAILURE
num_played_games_for_player: SUCCESS, 22
add_player_cards: SUCCESS
add_team: FAILURE
remove_team: FAILURE
add_team: FAILURE
get_team_points: SUCCESS, 0
get_partial_spirit: SUCCESS, 1,3,2,5,4
get_player_cards: SUCCESS, 75
add_player: SUCCESS
add_player: SUCCESS
add_player: SUCCESS
add_player_cards: SUCCESS
add_player: SUCCESS
get_player_cards: SUCCESS, 91
get_ith_pointless_ability: SUCCESS, 15
play_match: FAILURE
get_partial_spirit: SUCCESS, 3,5,4,2,1
buy_team: SUCCESS
get_team_points: SUCCESS, 0
get_partial_spirit: SUCCESS, 4,2,5,3,1
get_ith_pointless_ability: SUCCESS, 34
get_team_points: SUCCESS, 0
add_team: FAILURE
add_player: SUCCESS
add_player: FAILURE
add_player: FAILURE
num_played_games_for_player: SUCCESS, 22
get_team_points: FAILURE
num_played_games_for_player: SUCCESS, 22
buy_team: SUCCESS
play_match: SUCCESS, 3
buy_team: SUCCESS
num_played_games_for_player: SUCCESS, 22
add_player: SUCCESS
get_team_points: SUCCESS, 0
add_player: SUCCESS
add_team: FAILURE
play_match: FAILURE
add_player: SUCCESS
add_player: SUCCESS
add_player: FAILURE
get_team_points: SUCCESS, 3
get_ith_pointless_ability: FAILURE
get_team_points: FAILURE
buy_team: SUCCESS
remove_team: FAILURE
play_match: SUCCESS, 3
get_partial_spirit: SUCCESS, 1,2,3,4,5
add_player: FAILURE
add_player_cards: SUCCESS
get_player_cards: SUCCESS, 251
add_team: FAILURE
add_player_cards: SUCCESS
play_match: FAILURE
get_partial_spirit: SUCCESS, 1,2,3,4,5
get_partial_spirit: SUCCESS, 1,2,3,4,5
add_player: SUCCESS
play_match: FAILURE
add_team: FAILURE
play_match: SUCCESS, 1
add_player: FAILURE
num_played_games_for_player: SUCCESS, 22
add_team: FAILURE
get_team_points: SUCCESS, 0
get_partial_spirit: SUCCESS, 5,1,2,4,3
get_player_cards: SUCCESS, 77
get_player_cards: SUCCESS, 53
add_player_cards: SUCCESS
buy_team: SUCCESS
get_ith_pointless_ability: SUCCESS, 39
add_player_cards: SUCCESS
get_player_cards: SUCCESS, 242
get_player_cards: SUCCESS, 133
add_player: SUCCESS
play_match: SUCCESS, 3
get_partial_spirit: SUCCESS, 1,2,3,4,5
add_player_cards: SUCCESS
add_team: FAILURE
add_player: SUCCESS
add_player: SUCCESS
add_player_cards: SUCCESS
get_partial_spirit: SUCCESS, 4,1,3,5,2
buy_team: SUCCESS
get_team_points: SUCCESS, 0
num_played_games_for_player: SUCCESS, 22
get_team_points: SUCCESS, 0
get_ith_pointless_ability: SUCCESS, 84
get_partial_spirit: SUCCESS, 1,2,3,4,5
buy_team: SUCCESS
get_ith_pointless_ability: FAILURE
get_team_points: SUCCESS, 0
buy_team: SUCCESS
get_ith_pointless_ability: SUCCESS, 85
add_player: SUCCESS
add_team: FAILURE
add_player: SUCCESS
add_team: FAILURE
get_team_points: SUCCESS, 0
remove_team: FAILURE
remove_team: FAILURE
add_team: FAILURE
add_player_cards: SUCCESS
add_team: FAILURE
get_team_points: SUCCESS, 0
add_player: SUCCESS
num_played_games_for_player: SUCCESS, 22
play_match: SUCCESS, 1
add_player_cards: SUCCESS
add_player: FAILURE
remove_team: FAILURE
get_player_cards: SUCCESS, 298
add_player: FAILURE
num_played_games_for_player: SUCCESS, 22
get_ith_pointless_ability: FAILURE
add_player: FAILURE
add_player_cards: FAILURE
buy_team: SUCCESS
num_played_games_for_player: SUCCESS, 22
remove_team: FAILURE
add_team: FAILURE
num_played_games_for_player: SUCCESS, 22
get_ith_pointless_ability: SUCCESS, 50
add_player: FAILURE
add_team: FAILURE
add_player: FAILURE
get_team_points: SUCCESS, 0
add_player: SUCCESS
num_played_games_for_player: SUCCESS, 22
get_ith_pointless_ability: SUCCESS, 91
get_team_points: SUCCESS, 0
get_partial_spirit: SUCCESS, 3,1,2,5,4
get_team_points: SUCCESS, 3
get_ith_pointless_ability: FAILURE
get_team_points: FAILURE
get_player_cards: SUCCESS, 27
add_team: FAILURE
add_player_cards: SUCCESS
add_team: FAILURE
add_player: SUCCESS
add_player: FAILURE
add_player: FAILURE
buy_team: SUCCESS
add_player: FAILURE
play_match: FAILURE
add_player: SUCCESS
get_player_cards: SUCCESS, 240
add_player: SUCCESS
add_player: SUCCESS
remove_team: FAILURE
add_player_cards: SUCCESS
remove_team: FAILURE
get_partial_spirit: SUCCESS, 1,2,3,4,5
add_player: SUCCESS
num_played_games_for_player: SUCCESS, 22
get_partial_spirit: SUCCESS, 3,1,5,4,2
add_player: FAILURE
get_partial_spirit: SUCCESS, 4,5,1,3,2
add_player: FAILURE
get_ith_pointless_ability: SUCCESS, 100
get_partial_spirit: SUCCESS, 4,2,5,1,3
add_player: FAILURE
add_team: FAILURE
buy_team: SUCCESS
add_player: FAILURE
buy_team: SUCCESS
add_player_cards: SUCCESS
add_player: FAILURE
play_match: FAILURE
get_player_cards: SUCCESS, 365
get_player_cards: SUCCESS, 139
remove_team: FAILURE
get_partial_spirit: FAILURE
get_team_points: SUCCESS, 3
num_played_games_for_player: SUCCESS, 22
num_played_games_for_player: SUCCESS, 22
add_player: SUCCESS
play_match: FAILURE
add_player: FAILURE
num_played_games_for_player: SUCCESS, 22
get_ith_pointless_ability: SUCCESS, 37
add_player_cards: FAILURE
add_player: FAILURE
play_match: SUCCESS, 1
get_ith_pointless_ability: SUCCESS, 39
num_played_games_for_player: SUCCESS, 22
add_player: SUCCESS
get_ith_pointless_ability: FAILURE
add_player: SUCCESS
add_player_cards: SUCCESS
add_player: FAILURE
add_player: FAILURE
add_team: FAILURE
add_team: FAILURE
num_played_games_for_player: SUCCESS, 22
num_played_games_for_player: SUCCESS, 22
play_match: SUCCESS, 3
buy_team: SUCCESS
remove_team: FAILURE
add_team: FAILURE
get_team_points: SUCCESS, 0
get_team_points: SUCCESS, 0
get_team_points: SUCCESS, 0
get_partial_spirit: SUCCESS, 3,1,5,4,2
remove_team: FAILURE
play_match: SUCCESS, 3
add_player: SUCCESS
get_partial_spirit: SUCCESS, 1,2,3,4,5
add_player: SUCCESS
add_player: FAILURE
add_player: FAILURE
buy_team: SUCCESS
num_played_games_for_player: SUCCESS, 22
remove_team: FAILURE
get_partial_spirit: SUCCESS, 1,2,3,4,5
num_played_games_for_player: SUCCESS, 22
get_player_cards: SUCCESS, 25
buy_team: SUCCESS
get_team_points: SUCCESS, 3
remove_team: FAILURE
play_match: SUCCESS, 1
add_team: FAILURE
get_ith_pointless_ability: SUCCESS, 2
get_partial_spirit: FAILURE
get_partial_spirit: SUCCESS, 1,2,3,4,5
add_player: FAILURE
num_played_games_for_player: SUCCESS, 22
get_partial_spirit: SUCCESS, 2,1,3,5,4
add_player: SUCCESS
get_partial_spirit: SUCCESS, 4,5,2,3,1
add_player: SUCCESS
get_team_points: SUCCESS, 6
remove_team: FAILURE
get_partial_spirit: SUCCESS, 3,1,5,2,4
add_team: FAILURE
add_player: FAILURE
get_partial_spirit: SUCCESS, 1,2,3,4,5
get_ith_pointless_ability: FAILURE
get_player_cards: SUCCESS, 263
get_ith_pointless_ability: SUCCESS, 19
get_ith_pointless_ability: FAILURE
num_played_games_for_player: SUCCESS, 22
add_team: FAILURE
get_team_points: SUCCESS, 3
add_player: SUCCESS
get_player_cards: SUCCESS, 7
add_player: FAILURE
add_player_cards: SUCCESS
get_player_cards: SUCCESS, 149
add_player_cards: SUCCESS
add_player: SUCCESS
add_player_cards: SUCCESS
get_partial_spirit: SUCCESS, 3,1,5,4,2
add_team: FAILURE
get_team_points: FAILURE
remove_team: FAILURE
add_player_cards: SUCCESS
get_ith_pointless_ability: SUCCESS, 91
add_player: SUCCESS
add_player_cards: SUCCESS
remove_team: FAILURE
add_player: FAILURE
get_partial_spirit: SUCCESS, 3,5,4,1,2
get_player_cards: SUCCESS, 75
get_team_points: SUCCESS, 6
add_team: FAILURE
get_player_cards: SUCCESS, 177
add_player: SUCCESS
get_team_points: FAILURE
num_played_games_for_player: SUCCESS, 22
remove_team: FAILURE
add_player: FAILURE
get_team_points: FAILURE
add_player: FAILURE
add_player_cards: FAILURE
get_team_points: SUCCESS, 0
add_player_cards: SUCCESS
add_player: SUCCESS
add_player: FAILURE
add_player_cards: FAILURE
play_match: FAILURE
get_player_cards: SUCCESS, 73
add_player: FAILURE
add_team: FAILURE
get_partial_spirit: FAILURE
add_player: FAILURE
play_match: SUCCESS, 1
add_player: FAILURE
get_partial_spirit: SUCCESS, 1,2,3,4,5
add_player: FAILURE
add_player_cards: FAILURE
add_player_cards: SUCCESS
play_match: SUCCESS, 1
get_ith_pointless_ability: SUCCESS, 87
num_played_games_for_player: SUCCESS, 22
add_player: FAILURE
num_played_games_for_player: SUCCESS, 22
get_team_points: FAILURE
get_partial_spirit: SUCCESS, 5,3,1,2,4
add_player_cards: FAILURE
buy_team: SUCCESS
add_player: SUCCESS
get_team_points: SUCCESS, 0
get_player_cards: SUCCESS, 73
get_ith_pointless_ability: FAILURE
add_player: SUCCESS
add_player: SUCCESS
add_player: FAILURE
remove_team: FAILURE
get_team_points: SUCCESS, 9
add_player: FAILURE
add_player: SUCCESS
add_team: FAILURE
get_ith_pointless_ability: FAILURE
play_match: SUCCESS, 1
add_player: FAILURE
add_player_cards: SUCCESS
add_player: FAILURE
play_match: SUCCESS, 3
get_ith_pointless_ability: SUCCESS, 61
play_match: FAILURE
add_player_cards: SUCCESS
