add_team: SUCCESS
add_team: SUCCESS
add_team: SUCCESS
add_team: SUCCESS
add_team: SUCCESS
add_team: SUCCESS
add_team: SUCCESS
add_team: SUCCESS
add_team: SUCCESS
add_team: SUCCESS
add_team: SUCCESS
add_team: SUCCESS
add_team: SUCCESS
add_team: SUCCESS
add_team: SUCCESS
add_team: SUCCESS
add_team: SUCCESS
add_team: SUCCESS
add_team: SUCCESS
add_team: SUCCESS
add_team: SUCCESS
add_team: SUCCESS
add_team: SUCCESS
add_team: SUCCESS
add_team: SUCCESS
add_team: SUCCESS
add_team: SUCCESS
add_team: SUCCESS
add_team: SUCCESS
add_team: SUCCESS
add_team: SUCCESS
add_team: SUCCESS
add_team: SUCCESS
add_team: SUCCESS
add_team: SUCCESS
add_team: SUCCESS
add_team: SUCCESS
add_team: SUCCESS
add_team: SUCCESS
add_team: SUCCESS
add_team: SUCCESS
add_team: SUCCESS
add_team: SUCCESS
add_team: SUCCESS
add_team: SUCCESS
add_team: SUCCESS
add_team: SUCCESS
add_team: SUCCESS
add_team: SUCCESS
add_team: SUCCESS
add_team: SUCCESS
add_team: SUCCESS
add_team: SUCCESS
add_team: SUCCESS
add_team: SUCCESS
add_team: SUCCESS
add_team: SUCCESS
add_team: SUCCESS
add_team: SUCCESS
add_team: SUCCESS
add_team: SUCCESS
add_team: SUCCESS
add_team: SUCCESS
add_team: SUCCESS
add_team: SUCCESS
add_team: SUCCESS
add_team: SUCCESS
add_team: SUCCESS
add_team: SUCCESS
add_team: SUCCESS
add_team: SUCCESS
add_team: SUCCESS
add_team: SUCCESS
add_team: SUCCESS
add_team: SUCCESS
add_team: SUCCESS
add_team: SUCCESS
add_team: SUCCESS
add_team: SUCCESS
add_team: SUCCESS
add_team: SUCCESS
add_team: SUCCESS
add_team: SUCCESS
add_team: SUCCESS
add_team: SUCCESS
add_team: SUCCESS
add_team: SUCCESS
add_team: SUCCESS
add_team: SUCCESS
add_team: SUCCESS
add_team: SUCCESS
add_team: SUCCESS
add_team: SUCCESS
add_team: SUCCESS
add_team: SUCCESS
add_team: SUCCESS
add_team: SUCCESS
add_team: SUCCESS
add_team: SUCCESS
add_team: SUCCESS
add_player: SUCCESS
add_player: SUCCESS
add_player: SUCCESS
add_player: SUCCESS
add_player: SUCCESS
add_player: SUCCESS
add_player: SUCCESS
add_player: SUCCESS
add_player: SUCCESS
add_player: SUCCESS
add_player: SUCCESS
add_player: SUCCESS
add_player: SUCCESS
add_player: SUCCESS
add_player: SUCCESS
add_player: SUCCESS
add_player: SUCCESS
add_player: SUCCESS
add_player: SUCCESS
add_player: SUCCESS
add_player: SUCCESS
add_player: SUCCESS
add_player: SUCCESS
add_player: SUCCESS
add_player: SUCCESS
add_player: SUCCESS
add_player: SUCCESS
add_player: SUCCESS
add_player: SUCCESS
add_player: SUCCESS
add_player: SUCCESS
add_player: SUCCESS
add_player: SUCCESS
add_player: SUCCESS
add_player: SUCCESS
add_player: SUCCESS
add_player: SUCCESS
add_player: SUCCESS
add_player: SUCCESS
add_player: SUCCESS
add_player: SUCCESS
add_player: SUCCESS
add_player: SUCCESS
add_player: SUCCESS
add_player: SUCCESS
add_player: SUCCESS
add_player: SUCCESS
add_player: SUCCESS
add_player: SUCCESS
add_player: SUCCESS
add_player: SUCCESS
add_player: SUCCESS
add_player: SUCCESS
add_player: SUCCESS
add_player: SUCCESS
add_player: SUCCESS
add_player: SUCCESS
add_player: SUCCESS
add_player: SUCCESS
add_player: SUCCESS
add_player: SUCCESS
add_player: SUCCESS
add_player: SUCCESS
add_player: SUCCESS
add_player: SUCCESS
add_player: SUCCESS
add_player: SUCCESS
add_player: SUCCESS
add_player: SUCCESS
add_player: SUCCESS
add_player: SUCCESS
add_player: SUCCESS
add_player: SUCCESS
add_player: SUCCESS
add_player: SUCCESS
add_player: SUCCESS
add_player: SUCCESS
add_player: SUCCESS
add_player: SUCCESS
add_player: SUCCESS
add_player: SUCCESS
add_player: SUCCESS
add_player: SUCCESS
add_player: SUCCESS
add_player: SUCCESS
add_player: SUCCESS
add_player: SUCCESS
add_player: SUCCESS
add_player: SUCCESS
add_player: SUCCESS
add_player: SUCCESS
add_player: SUCCESS
add_player: SUCCESS
add_player: SUCCESS
add_player: SUCCESS
add_player: SUCCESS
add_player: SUCCESS
add_player: SUCCESS
add_player: SUCCESS
add_player: SUCCESS
get_partial_spirit: SUCCESS, 1,2,3,4,5
get_partial_spirit: SUCCESS, 5,4,3,2,1
add_team: SUCCESS
add_player: SUCCESS
add_player: SUCCESS
get_partial_spirit: SUCCESS, 3,2,4,1,5
play_match: FAILURE
play_match: FAILURE
add_player: SUCCESS
num_played_games_for_player: SUCCESS, 22
add_player_cards: SUCCESS
play_match: FAILURE
get_partial_spirit: SUCCESS, 2,1,5,4,3
add_team: FAILURE
play_match: FAILURE
get_player_cards: SUCCESS, 40
get_player_cards: SUCCESS, 27
get_team_points: SUCCESS, 0
get_partial_spirit: SUCCESS, 1,2,3,4,5
buy_team: SUCCESS
get_team_points: SUCCESS, 0
add_player_cards: SUCCESS
play_match: FAILURE
get_partial_spirit: SUCCESS, 1,2,3,4,5
add_player: SUCCESS
get_team_points: SUCCESS, 0
play_match: SUCCESS, 1
num_played_games_for_player: SUCCESS, 22
get_team_points: SUCCESS, 0
num_played_games_for_player: SUCCESS, 22
get_ith_pointless_ability: SUCCESS, 43
add_team: FAILURE
num_played_games_for_player: SUCCESS, 22
get_ith_pointless_ability: FAILURE
add_player: SUCCESS
get_player_cards: SUCCESS, 19
num_played_games_for_player: SUCCESS, 22
remove_team: FAILURE
get_partial_spirit: SUCCESS, 4,5,3,1,2
add_player: SUCCESS
get_team_points: SUCCESS, 0
play_match: FAILURE
add_player_cards: SUCCESS
add_player: SUCCESS
get_ith_pointless_ability: SUCCESS, 17
get_ith_pointless_ability: FAILURE
add_player_cards: SUCCESS
num_played_games_for_player: SUCCESS, 22
num_played_games_for_player: SUCCESS, 22
add_player: SUCCESS
add_player: SUCCESS
add_player: SUCCESS
get_team_points: SUCCESS, 0
get_partial_spirit: SUCCESS, 1,2,3,4,5
remove_team: FAILURE
add_player: SUCCESS
add_player: SUCCESS
get_ith_pointless_ability: SUCCESS, 18
get_ith_pointless_ability: SUCCESS, 58
num_played_games_for_player: SUCCESS, 22
get_ith_pointless_ability: SUCCESS, 77
add_team: FAILURE
add_player_cards: SUCCESS
get_ith_pointless_ability: FAILURE
buy_team: SUCCESS
remove_team: FAILURE
get_team_points: SUCCESS, 0
add_player: SUCCESS
add_player: SUCCESS
add_player: SUCCESS
add_player: SUCCESS
buy_team: SUCCESS
add_player: SUCCESS
get_team_points: SUCCESS, 0
get_team_points: SUCCESS, 0
remove_team: FAILURE
buy_team: SUCCESS
add_player: SUCCESS
get_partial_spirit: SUCCESS, 2,3,4,5,1
buy_team: SUCCESS
get_player_cards: SUCCESS, 83
add_team: FAILURE
num_played_games_for_player: SUCCESS, 22
get_ith_pointless_ability: SUCCESS, 44
add_team: FAILURE
add_player_cards: SUCCESS
remove_team: FAILURE
get_ith_pointless_ability: FAILURE
add_player: SUCCESS
buy_team: SUCCESS
buy_team: SUCCESS
remove_team: FAILURE
get_team_points: SUCCESS, 0
add_player: SUCCESS
get_team_points: SUCCESS, 0
get_team_points: SUCCESS, 0
get_ith_pointless_ability: FAILURE
get_team_points: SUCCESS, 0
play_match: FAILURE
buy_team: SUCCESS
add_player: SUCCESS
get_partial_spirit: SUCCESS, 1,3,2,5,4
add_player: SUCCESS
add_player: SUCCESS
add_team: FAILURE
get_partial_spirit: SUCCESS, 1,2,3,4,5
add_player: SUCCESS
num_played_games_for_player: SUCCESS, 22
num_played_games_for_player: SUCCESS, 22
get_player_cards: SUCCESS, 20
add_player: SUCCESS
buy_team: SUCCESS
remove_team: FAILURE
get_player_cards: SUCCESS, 167
num_played_games_for_player: SUCCESS, 22
play_match: SUCCESS, 1
add_player_cards: SUCCESS
add_player: SUCCESS
get_player_cards: SUCCESS, 128
add_team: FAILURE
add_player: SUCCESS
num_played_games_for_player: SUCCESS, 22
add_player: SUCCESS
add_player: SUCCESS
buy_team: SUCCESS
add_player: SUCCESS
add_player: SUCCESS
num_played_games_for_player: SUCCESS, 22
add_team: FAILURE
add_player: SUCCESS
play_match: FAILURE
add_player: FAILURE
buy_team: SUCCESS
num_played_games_for_player: SUCCESS, 22
get_team_points: SUCCESS, 0
get_player_cards: SUCCESS, 118
num_played_games_for_player: SUCCESS, 22
add_team: FAILURE
get_team_points: SUCCESS, 0
add_team: FAILURE
add_player: SUCCESS
get_player_cards: SUCCESS, 19
num_played_games_for_player: SUCCESS, 22
add_player_cards: SUCCESS
add_player: SUCCESS
play_match: FAILURE
get_player_cards: SUCCESS, 231
add_team: FAILURE
add_player: SUCCESS
add_player: FAILURE
get_team_points: SUCCESS, 0
get_partial_spirit: SUCCESS, 2,1,3,4,5
add_player: FAILURE
get_player_cards: SUCCESS, 274
add_player: SUCCESS
add_player: SUCCESS
get_ith_pointless_ability: FAILURE
add_team: FAILURE
get_partial_spirit: SUCCESS, 1,2,3,4,5
get_ith_pointless_ability: FAILURE
add_player: SUCCESS
get_partial_spirit: SUCCESS, 4,2,1,5,3
add_player: SUCCESS
add_player: SUCCESS
num_played_games_for_player: SUCCESS, 22
play_match: FAILURE
get_ith_pointless_ability: SUCCESS, 47
add_player: FAILURE
buy_team: SUCCESS
play_match: FAILURE
get_partial_spirit: SUCCESS, 3,1,5,4,2
remove_team: FAILURE
get_player_cards: SUCCESS, 125
add_player: SUCCESS
get_partial_spirit: SUCCESS, 1,2,3,4,5
add_player: SUCCESS
get_ith_pointless_ability: FAILURE
num_played_games_for_player: SUCCESS, 22
add_player_cards: SUCCESS
add_player: SUCCESS
remove_team: FAILURE
add_player_cards: SUCCESS
get_ith_pointless_ability: SUCCESS, 66
get_ith_pointless_ability: FAILURE
get_team_points: SUCCESS, 0
get_team_points: SUCCESS, 0
add_player: SUCCESS
add_player_cards: SUCCESS
play_match: FAILURE
add_player_cards: SUCCESS
add_player: FAILURE
get_ith_pointless_ability: SUCCESS, 52
add_team: FAILURE
remove_team: FAILURE
get_ith_pointless_ability: SUCCESS, 32
get_partial_spirit: SUCCESS, 2,4,5,1,3
play_match: FAILURE
num_played_games_for_player: SUCCESS, 22
play_match: SUCCESS, 1
add_player: SUCCESS
get_team_points: SUCCESS, 0
add_player_cards: SUCCESS
add_team: FAILURE
get_team_points: SUCCESS, 0
add_team: FAILURE
add_player: SUCCESS
add_team: FAILURE
get_team_points: SUCCESS, 0
add_player: SUCCESS
get_partial_spirit: SUCCESS, 1,2,3,4,5
add_player_cards: SUCCESS
get_team_points: SUCCESS, 0
add_player: SUCCESS
get_team_points: SUCCESS, 0
add_team: FAILURE
get_ith_pointless_ability: FAILURE
get_team_points: SUCCESS, 0
remove_team: FAILURE
add_player: SUCCESS
remove_team: FAILURE
get_ith_pointless_ability: SUCCESS, 77
add_player: SUCCESS
get_ith_pointless_ability: FAILURE
get_partial_spirit: SUCCESS, 1,2,3,4,5
add_team: FAILURE
num_played_games_for_player: SUCCESS, 22
add_player_cards: SUCCESS
add_team: FAILURE
buy_team: SUCCESS
get_player_cards: SUCCESS, 230
add_player_cards: SUCCESS
add_player_cards: SUCCESS
get_team_points: SUCCESS, 0
get_player_cards: SUCCESS, 114
add_player: SUCCESS
buy_team: SUCCESS
add_player: SUCCESS
add_team: FAILURE
get_ith_pointless_ability: SUCCESS, 67
get_ith_pointless_ability: SUCCESS, 90
get_ith_pointless_ability: SUCCESS, 88
get_partial_spirit: SUCCESS, 1,2,3,4,5
get_partial_spirit: SUCCESS, 1,2,3,4,5
get_ith_pointless_ability: SUCCESS, 81
play_match: SUCCESS, 3
get_player_cards: SUCCESS, 93
get_player_cards: SUCCESS, 527
get_ith_pointless_ability: SUCCESS, 92
add_player_cards: SUCCESS
add_team: FAILURE
add_player: SUCCESS
add_player: SUCCESS
remove_team: FAILURE
add_team: FAILURE
add_player: SUCCESS
num_played_games_for_player: SUCCESS, 22
buy_team: SUCCESS
get_player_cards: SUCCESS, 291
add_player: SUCCESS
buy_team: SUCCESS
remove_team: FAILURE
play_match: FAILURE
add_player: SUCCESS
add_player: FAILURE
add_player: SUCCESS
buy_team: SUCCESS
add_player: SUCCESS
play_match: FAILURE
add_player: SUCCESS
remove_team: FAILURE
add_player: FAILURE
remove_team: FAILURE
add_team: FAILURE
get_player_cards: SUCCESS, 130
add_player_cards: SUCCESS
add_player_cards: SUCCESS
get_partial_spirit: SUCCESS, 1,5,4,3,2
add_team: FAILURE
get_partial_spirit: SUCCESS, 1,4,5,3,2
get_player_cards: SUCCESS, 89
buy_team: SUCCESS
get_team_points: SUCCESS, 0
add_player: SUCCESS
remove_team: FAILURE
get_team_points: SUCCESS, 0
get_player_cards: SUCCESS, 309
add_player: SUCCESS
add_team: FAILURE
get_partial_spirit: SUCCESS, 3,5,1,2,4
add_player: SUCCESS
num_played_games_for_player: SUCCESS, 22
get_team_points: SUCCESS, 0
get_team_points: SUCCESS, 0
add_team: FAILURE
play_match: FAILURE
add_player_cards: SUCCESS
get_partial_spirit: SUCCESS, 1,2,3,4,5
get_partial_spirit: SUCCESS, 2,5,4,1,3
add_team: FAILURE
add_player: SUCCESS
add_player: FAILURE
get_partial_spirit: SUCCESS, 1,2,3,4,5
add_player: SUCCESS
add_player_cards: SUCCESS
get_team_points: SUCCESS, 0
get_player_cards: SUCCESS, 115
add_player: SUCCESS
get_player_cards: SUCCESS, 59
add_player_cards: SUCCESS
add_player: FAILURE
num_played_games_for_player: SUCCESS, 22
get_player_cards: SUCCESS, 285
play_match: FAILURE
remove_team: FAILURE
play_match: FAILURE
get_team_points: SUCCESS, 0
get_ith_pointless_ability: SUCCESS, 52
get_ith_pointless_ability: SUCCESS, 71
buy_team: SUCCESS
add_player_cards: SUCCESS
get_partial_spirit: SUCCESS, 5,2,1,4,3
buy_team: SUCCESS
get_team_points: SUCCESS, 0
buy_team: SUCCESS
add_player_cards: SUCCESS
play_match: FAILURE
add_player_cards: SUCCESS
add_player: FAILURE
add_player_cards: SUCCESS
remove_team: FAILURE
add_player_cards: SUCCESS
get_team_points: SUCCESS, 0
add_player: SUCCESS
get_player_cards: SUCCESS, 60
get_partial_spirit: SUCCESS, 4,2,3,5,1
get_partial_spirit: SUCCESS, 4,3,1,2,5
get_partial_spirit: SUCCESS, 1,2,3,4,5
get_player_cards: SUCCESS, 259
num_played_games_for_player: SUCCESS, 22
get_ith_pointless_ability: FAILURE
add_player: FAILURE
add_team: FAILURE
get_player_cards: SUCCESS, 75
add_team: FAILURE
add_player: SUCCESS
get_partial_spirit: SUCCESS, 1,2,3,4,5
get_partial_spirit: SUCCESS, 1,3,4,2,5
add_player: SUCCESS
add_player: SUCCESS
add_team: FAILURE
add_player: SUCCESS
add_player: SUCCESS
play_match: FAILURE
add_player_cards: SUCCESS
get_partial_spirit: SUCCESS, 4,1,3,5,2
get_player_cards: SUCCESS, 274
add_player: SUCCESS
get_partial_spirit: SUCCESS, 4,1,3,2,5
get_team_points: SUCCESS, 0
get_ith_pointless_ability: SUCCESS, 53
get_partial_spirit: SUCCESS, 1,2,3,4,5
get_player_cards: SUCCESS, 276
num_played_games_for_player: SUCCESS, 22
add_player: SUCCESS
remove_team: FAILURE
add_team: FAILURE
add_player: SUCCESS
get_player_cards: SUCCESS, 27
add_player: SUCCESS
get_partial_spirit: SUCCESS, 4,3,1,2,5
get_team_points: SUCCESS, 0
buy_team: SUCCESS
buy_team: SUCCESS
remove_team: FAILURE
remove_team: FAILURE
get_player_cards: SUCCESS, 100
add_player: SUCCESS
get_partial_spirit: SUCCESS, 1,2,3,4,5
remove_team: FAILURE
num_played_games_for_player: SUCCESS, 22
get_team_points: FAILURE
get_partial_spirit: SUCCESS, 1,2,3,4,5
play_match: FAILURE
remove_team: FAILURE
get_partial_spirit: SUCCESS, 1,2,3,4,5
add_player_cards: SUCCESS
get_ith_pointless_ability: FAILURE
add_player: SUCCESS
get_player_cards: SUCCESS, 150
get_ith_pointless_ability: SUCCESS, 6
get_ith_pointless_ability: FAILURE
play_match: FAILURE
add_team: FAILURE
num_played_games_for_player: SUCCESS, 22
get_ith_pointless_ability: SUCCESS, 53
add_player: SUCCESS
remove_team: FAILURE
add_team: FAILURE
remove_team: FAILURE
add_team: FAILURE
get_player_cards: SUCCESS, 436
buy_team: SUCCESS
add_team: FAILURE
get_player_cards: SUCCESS, 36
add_player_cards: SUCCESS
num_played_games_for_player: SUCCESS, 22
add_player: SUCCESS
get_partial_spirit: SUCCESS, 1,2,3,4,5
get_partial_spirit: SUCCESS, 2,5,4,1,3
play_match: FAILURE
add_player_cards: SUCCESS
add_player: FAILURE
add_player: SUCCESS
num_played_games_for_player: SUCCESS, 22
add_player: SUCCESS
get_partial_spirit: SUCCESS, 1,3,2,5,4
num_played_games_for_player: SUCCESS, 22
get_team_points: SUCCESS, 3
add_player: SUCCESS
add_player_cards: SUCCESS
get_ith_pointless_ability: FAILURE
num_played_games_for_player: SUCCESS, 22
add_player: SUCCESS
add_player_cards: SUCCESS
get_partial_spirit: SUCCESS, 2,3,4,1,5
get_player_cards: SUCCESS, 216
add_player: SUCCESS
get_ith_pointless_ability: SUCCESS, 97
add_player: SUCCESS
add_player: SUCCESS
get_team_points: SUCCESS, 0
add_player: FAILURE
add_player: SUCCESS
add_player: FAILURE
add_player: FAILURE
get_ith_pointless_ability: SUCCESS, 32
add_player: SUCCESS
add_player: SUCCESS
get_partial_spirit: SUCCESS, 1,2,3,4,5
play_match: FAILURE
get_ith_pointless_ability: FAILURE
get_player_cards: SUCCESS, 197
get_player_cards: SUCCESS, 34
get_ith_pointless_ability: SUCCESS, 94
get_partial_spirit: SUCCESS, 2,5,4,3,1
remove_team: FAILURE
add_player: FAILURE
play_match: SUCCESS, 1
add_player: FAILURE
add_player: SUCCESS
add_player: FAILURE
add_player: SUCCESS
add_player_cards: SUCCESS
add_player: SUCCESS
buy_team: SUCCESS
play_match: SUCCESS, 1
get_team_points: SUCCESS, 0
play_match: SUCCESS, 1
add_player: FAILURE
buy_team: SUCCESS
add_team: FAILURE
get_team_points: SUCCESS, 0
add_player_cards: SUCCESS
remove_team: FAILURE
add_player: FAILURE
get_player_cards: SUCCESS, 14
get_team_points: SUCCESS, 0
get_partial_spirit: SUCCESS, 2,4,5,1,3
buy_team: SUCCESS
add_player: SUCCESS
get_player_cards: SUCCESS, 64
add_team: FAILURE
add_player: FAILURE
add_player: SUCCESS
get_player_cards: SUCCESS, 436
add_player: SUCCESS
get_ith_pointless_ability: SUCCESS, 55
get_ith_pointless_ability: SUCCESS, 100
get_team_points: SUCCESS, 0
add_player: SUCCESS
add_team: FAILURE
remove_team: FAILURE
remove_team: FAILURE
get_team_points: SUCCESS, 0
num_played_games_for_player: SUCCESS, 22
get_team_points: SUCCESS, 0
add_player_cards: SUCCESS
play_match: FAILURE
add_player_cards: SUCCESS
num_played_games_for_player: SUCCESS, 22
add_player: SUCCESS
add_player: SUCCESS
buy_team: SUCCESS
get_ith_pointless_ability: SUCCESS, 52
remove_team: FAILURE
add_player_cards: SUCCESS
num_played_games_for_player: SUCCESS, 22
add_team: FAILURE
get_team_points: SUCCESS, 0
add_team: FAILURE
add_player: SUCCESS
remove_team: FAILURE
buy_team: SUCCESS
get_team_points: SUCCESS, 0
add_team: FAILURE
add_player: FAILURE
get_player_cards: SUCCESS, 250
add_team: FAILURE
get_player_cards: SUCCESS, 39
get_player_cards: SUCCESS, 592
add_player: SUCCESS
remove_team: FAILURE
play_match: SUCCESS, 3
get_team_points: SUCCESS, 0
play_match: FAILURE
add_player_cards: SUCCESS
play_match: SUCCESS, 1
add_player: FAILURE
get_ith_pointless_ability: SUCCESS, 9
get_ith_pointless_ability: FAILURE
get_player_cards: SUCCESS, 220
get_partial_spirit: SUCCESS, 5,3,2,1,4
num_played_games_for_player: SUCCESS, 22
add_player: FAILURE
get_team_points: SUCCESS, 0
num_played_games_for_player: SUCCESS, 22
add_player: FAILURE
buy_team: SUCCESS
play_match: SUCCESS, 3
add_player: SUCCESS
add_team: FAILURE
get_partial_spirit: SUCCESS, 1,2,3,4,5
add_player: FAILURE
add_player: SUCCESS
num_played_games_for_player: SUCCESS, 22
add_team: FAILURE
get_player_cards: SUCCESS, 84
get_ith_pointless_ability: FAILURE
add_player: SUCCESS
add_player: FAILURE
get_ith_pointless_ability: SUCCESS, 65
get_ith_pointless_ability: SUCCESS, 98
add_player_cards: SUCCESS
get_partial_spirit: SUCCESS, 1,5,4,3,2
add_player_cards: SUCCESS
play_match: FAILURE
add_player: SUCCESS
add_player_cards: SUCCESS
get_player_cards: SUCCESS, 221
get_player_cards: SUCCESS, 186
get_ith_pointless_ability: SUCCESS, 68
add_player: FAILURE
get_partial_spirit: SUCCESS, 1,2,3,4,5
add_team: FAILURE
add_player: SUCCESS
num_played_games_for_player: SUCCESS, 22
get_team_points: SUCCESS, 0
buy_team: SUCCESS
remove_team: FAILURE
get_ith_pointless_ability: FAILURE
play_match: FAILURE
play_match: FAILURE
add_player_cards: SUCCESS
add_player_cards: SUCCESS
add_player: SUCCESS
get_ith_pointless_ability: SUCCESS, 81
get_partial_spirit: SUCCESS, 5,3,2,1,4
get_team_points: SUCCESS, 0
add_team: FAILURE
add_team: FAILURE
num_played_games_for_player: SUCCESS, 22
num_played_games_for_player: SUCCESS, 22
add_player: SUCCESS
remove_team: FAILURE
num_played_games_for_player: SUCCESS, 22
get_partial_spirit: FAILURE
add_player: FAILURE
get_team_points: SUCCESS, 0
get_team_points: SUCCESS, 0
add_player: FAILURE
get_ith_pointless_ability: SUCCESS, 10
remove_team: FAILURE
num_played_games_for_player: SUCCESS, 22
get_partial_spirit: FAILURE
buy_team: SUCCESS
get_ith_pointless_ability: SUCCESS, 98
get_team_points: SUCCESS, 0
get_player_cards: SUCCESS, 137
get_ith_pointless_ability: SUCCESS, 86
num_played_games_for_player: SUCCESS, 22
get_ith_pointless_ability: SUCCESS, 77
get_partial_spirit: SUCCESS, 1,3,4,2,5
add_team: FAILURE
add_player: SUCCESS
num_played_games_for_player: SUCCESS, 22
get_partial_spirit: SUCCESS, 1,2,3,4,5
play_match: SUCCESS, 3
add_player: SUCCESS
get_partial_spirit: SUCCESS, 2,3,4,5,1
get_team_points: SUCCESS, 0
get_ith_pointless_ability: FAILURE
get_player_cards: SUCCESS, 175
remove_team: FAILURE
play_match: FAILURE
remove_team: FAILURE
add_team: FAILURE
add_player: SUCCESS
get_player_cards: SUCCESS, 204
get_ith_pointless_ability: SUCCESS, 56
add_player_cards: SUCCESS
get_team_points: SUCCESS, 0
get_player_cards: SUCCESS, 184
add_player: FAILURE
add_team: FAILURE
add_player: SUCCESS
buy_team: SUCCESS
play_match: FAILURE
add_player: FAILURE
get_partial_spirit: SUCCESS, 1,2,3,4,5
add_player: FAILURE
add_player_cards: SUCCESS
add_player: SUCCESS
get_team_points: FAILURE
get_ith_pointless_ability: FAILURE
get_partial_spirit: SUCCESS, 1,2,3,4,5
get_partial_spirit: SUCCESS, 5,1,4,3,2
get_partial_spirit: FAILURE
num_played_games_for_player: SUCCESS, 22
get_ith_pointless_ability: FAILURE
get_partial_spirit: FAILURE
add_player: SUCCESS
add_team: FAILURE
get_player_cards: SUCCESS, 230
add_player: SUCCESS
add_player_cards: SUCCESS
play_match: FAILURE
get_partial_spirit: SUCCESS, 1,2,3,4,5
remove_team: FAILURE
get_team_points: SUCCESS, 0
num_played_games_for_player: SUCCESS, 22
num_played_games_for_player: SUCCESS, 22
add_team: FAILURE
remove_team: FAILURE
remove_team: FAILURE
add_player: FAILURE
add_player: FAILURE
add_player: FAILURE
get_team_points: SUCCESS, 0
get_ith_pointless_ability: SUCCESS, 20
get_player_cards: SUCCESS, 15
add_player_cards: SUCCESS
add_player: FAILURE
add_team: FAILURE
add_player: SUCCESS
get_team_points: SUCCESS, 0
buy_team: SUCCESS
get_team_points: SUCCESS, 0
add_player: SUCCESS
play_match: FAILURE
get_partial_spirit: SUCCESS, 3,5,2,1,4
get_partial_spirit: SUCCESS, 1,2,3,4,5
buy_team: SUCCESS
add_player: SUCCESS
add_player: FAILURE
num_played_games_for_player: SUCCESS, 22
add_player: SUCCESS
get_team_points: SUCCESS, 0
buy_team: SUCCESS
get_ith_pointless_ability: SUCCESS, 90
get_player_cards: SUCCESS, 280
remove_team: FAILURE
add_player: FAILURE
get_player_cards: SUCCESS, 321
get_player_cards: SUCCESS, 95
get_team_points: SUCCESS, 6
remove_team: FAILURE
buy_team: SUCCESS
add_player: SUCCESS
remove_team: FAILURE
get_partial_spirit: SUCCESS, 2,5,1,4,3
get_team_points: SUCCESS, 0
add_player: FAILURE
add_player: FAILURE
buy_team: SUCCESS
add_team: FAILURE
add_team: FAILURE
add_player: FAILURE
get_player_cards: SUCCESS, 110
get_team_points: SUCCESS, 0
add_player: SUCCESS
add_team: FAILURE
get_team_points: SUCCESS, 3
get_team_points: SUCCESS, 0
get_partial_spirit: SUCCESS, 3,1,5,2,4
get_team_points: SUCCESS, 0
buy_team: SUCCESS
add_team: FAILURE
play_match: SUCCESS, 1
buy_team: SUCCESS
get_partial_spirit: SUCCESS, 1,2,3,4,5
add_team: FAILURE
buy_team: SUCCESS
remove_team: FAILURE
add_player: SUCCESS
num_played_games_for_player: SUCCESS, 22
get_team_points: SUCCESS, 0
play_match: SUCCESS, 1
add_player: SUCCESS
add_team: FAILURE
add_player: SUCCESS
buy_team: SUCCESS
remove_team: FAILURE
add_player: FAILURE
add_team: FAILURE
play_match: SUCCESS, 3
get_player_cards: SUCCESS, 68
remove_team: FAILURE
get_ith_pointless_ability: SUCCESS, 65
get_ith_pointless_ability: SUCCESS, 82
get_ith_pointless_ability: SUCCESS, 14
get_partial_spirit: SUCCESS, 1,5,2,4,3
num_played_games_for_player: SUCCESS, 22
play_match: FAILURE
play_match: FAILURE
add_player: SUCCESS
get_partial_spirit: SUCCESS, 5,1,4,3,2
get_ith_pointless_ability: SUCCESS, 15
add_player: SUCCESS
add_player: SUCCESS
get_partial_spirit: SUCCESS, 1,2,3,4,5
add_player_cards: SUCCESS
remove_team: FAILURE
play_match: FAILURE
play_match: FAILURE
buy_team: SUCCESS
remove_team: FAILURE
get_partial_spirit: FAILURE
add_team: FAILURE
add_player: FAILURE
get_player_cards: SUCCESS, 216
add_team: FAILURE
num_played_games_for_player: SUCCESS, 22
add_player: FAILURE
get_ith_pointless_ability: SUCCESS, 43
add_team: FAILURE
add_player: SUCCESS
get_player_cards: SUCCESS, 188
add_player: SUCCESS
buy_team: SUCCESS
add_team: FAILURE
get_ith_pointless_ability: FAILURE
add_team: FAILURE
get_player_cards: SUCCESS, 200
add_player: SUCCESS
remove_team: FAILURE
remove_team: FAILURE
get_partial_spirit: SUCCESS, 4,3,1,2,5
add_player: SUCCESS
get_player_cards: SUCCESS, 292
remove_team: FAILURE
remove_team: FAILURE
add_player_cards: SUCCESS
get_team_points: SUCCESS, 0
remove_team: FAILURE
buy_team: SUCCESS
add_player: FAILURE
buy_team: SUCCESS
remove_team: FAILURE
get_team_points: SUCCESS, 0
get_team_points: SUCCESS, 3
get_ith_pointless_ability: FAILURE
get_partial_spirit: SUCCESS, 4,2,1,5,3
add_player: FAILURE
add_player_cards: SUCCESS
get_player_cards: SUCCESS, 97
buy_team: SUCCESS
add_player: FAILURE
add_player: FAILURE
num_played_games_for_player: SUCCESS, 22
get_ith_pointless_ability: SUCCESS, 20
play_match: SUCCESS, 3
add_team: FAILURE
add_player: SUCCESS
add_player: SUCCESS
num_played_games_for_player: SUCCESS, 22
get_ith_pointless_ability: SUCCESS, 73
add_team: FAILURE
get_ith_pointless_ability: SUCCESS, 15
get_player_cards: SUCCESS, 234
play_match: SUCCESS, 3
get_player_cards: SUCCESS, 225
get_partial_spirit: SUCCESS, 1,3,2,5,4
get_player_cards: SUCCESS, 396
get_team_points: SUCCESS, 0
add_player_cards: SUCCESS
add_player_cards: SUCCESS
add_player: FAILURE
remove_team: FAILURE
remove_team: FAILURE
get_team_points: FAILURE
add_team: FAILURE
add_team: FAILURE
remove_team: FAILURE
remove_team: FAILURE
add_player: FAILURE
num_played_games_for_player: SUCCESS, 22
get_ith_pointless_ability: SUCCESS, 15
num_played_games_for_player: SUCCESS, 22
num_played_games_for_player: SUCCESS, 22
add_player: FAILURE
get_team_points: SUCCESS, 3
buy_team: SUCCESS
get_team_points: FAILURE
add_player: FAILURE
add_player: FAILURE
add_player: FAILURE
get_partial_spirit: SUCCESS, 1,2,3,4,5
remove_team: FAILURE
get_ith_pointless_ability: SUCCESS, 43
buy_team: SUCCESS
add_player: FAILURE
get_player_cards: SUCCESS, 186
add_player_cards: SUCCESS
add_player: FAILURE
add_player_cards: FAILURE
num_played_games_for_player: SUCCESS, 22
get_team_points: SUCCESS, 0
add_player: FAILURE
get_partial_spirit: SUCCESS, 1,2,3,4,5
get_partial_spirit: SUCCESS, 2,1,4,3,5
get_partial_spirit: SUCCESS, 4,1,5,3,2
get_partial_spirit: SUCCESS, 1,2,3,4,5
buy_team: SUCCESS
get_team_points: SUCCESS, 0
remove_team: FAILURE
play_match: FAILURE
add_player: FAILURE
get_player_cards: SUCCESS, 130
get_ith_pointless_ability: SUCCESS, 88
get_partial_spirit: SUCCESS, 3,1,5,2,4
get_partial_spirit: SUCCESS, 1,2,3,4,5
num_played_games_for_player: SUCCESS, 22
add_player: FAILURE
add_player_cards: FAILURE
add_team: FAILURE
add_player_cards: SUCCESS
num_played_games_for_player: SUCCESS, 22
get_partial_spirit: SUCCESS, 3,2,4,5,1
add_player: FAILURE
get_partial_spirit: SUCCESS, 1,2,3,4,5
get_partial_spirit: SUCCESS, 2,4,5,1,3
get_partial_spirit: SUCCESS, 3,1,5,4,2
remove_team: FAILURE
get_ith_pointless_ability: SUCCESS, 90
get_player_cards: SUCCESS, 84
add_player: FAILURE
get_ith_pointless_ability: FAILURE
get_partial_spirit: SUCCESS, 4,3,1,2,5
add_player: FAILURE
buy_team: SUCCESS
num_played_games_for_player: SUCCESS, 22
get_ith_pointless_ability: SUCCESS, 73
get_ith_pointless_ability: SUCCESS, 19
remove_team: FAILURE
remove_team: FAILURE
add_player: FAILURE
add_player: FAILURE
get_ith_pointless_ability: SUCCESS, 61
get_player_cards: SUCCESS, 151
get_partial_spirit: SUCCESS, 1,2,3,4,5
play_match: SUCCESS, 3
add_player: FAILURE
get_ith_pointless_ability: SUCCESS, 32
add_player: FAILURE
get_partial_spirit: SUCCESS, 2,4,5,1,3
num_played_games_for_player: SUCCESS, 22
get_ith_pointless_ability: SUCCESS, 100
add_player_cards: SUCCESS
num_played_games_for_player: SUCCESS, 22
add_player: FAILURE
add_player: FAILURE
get_partial_spirit: SUCCESS, 4,3,1,2,5
add_player: FAILURE
play_match: FAILURE
add_player_cards: SUCCESS
buy_team: SUCCESS
num_played_games_for_player: SUCCESS, 22
add_player: FAILURE
remove_team: FAILURE
get_ith_pointless_ability: SUCCESS, 14
add_player: FAILURE
num_played_games_for_player: SUCCESS, 22
buy_team: SUCCESS
remove_team: FAILURE
add_player_cards: SUCCESS
get_team_points: SUCCESS, 0
buy_team: SUCCESS
get_ith_pointless_ability: FAILURE
num_played_games_for_player: SUCCESS, 22
play_match: FAILURE
get_partial_spirit: FAILURE
get_partial_spirit: SUCCESS, 1,2,4,5,3
get_player_cards: SUCCESS, 484
buy_team: SUCCESS
get_ith_pointless_ability: SUCCESS, 77
get_player_cards: SUCCESS, 201
get_ith_pointless_ability: SUCCESS, 54
add_player: FAILURE
buy_team: SUCCESS
get_team_points: SUCCESS, 0
get_partial_spirit: SUCCESS, 1,2,3,4,5
play_match: SUCCESS, 1
add_player: FAILURE
get_partial_spirit: FAILURE
add_player: FAILURE
get_player_cards: SUCCESS, 86
get_ith_pointless_ability: SUCCESS, 53
add_team: FAILURE
add_player_cards: SUCCESS
add_team: FAILURE
add_player_cards: SUCCESS
get_player_cards: SUCCESS, 657
add_player_cards: SUCCESS
add_player: FAILURE
add_player: FAILURE
remove_team: FAILURE
num_played_games_for_player: SUCCESS, 22
add_team: FAILURE
buy_team: SUCCESS
add_player: FAILURE
get_ith_pointless_ability: SUCCESS, 71
add_player: FAILURE
remove_team: FAILURE
get_ith_pointless_ability: SUCCESS, 68
play_match: SUCCESS, 1
get_team_points: SUCCESS, 3
get_partial_spirit: SUCCESS, 1,3,2,4,5
add_player_cards: SUCCESS
buy_team: SUCCESS
play_match: FAILURE
remove_team: FAILURE
add_player: FAILURE
add_team: FAILURE
play_match: FAILURE
get_team_points: SUCCESS, 0
get_team_points: FAILURE
get_ith_pointless_ability: SUCCESS, 98
play_match: FAILURE
remove_team: FAILURE
remove_team: FAILURE
num_played_games_for_player: SUCCESS, 22
remove_team: FAILURE
get_ith_pointless_ability: FAILURE
remove_team: FAILURE
play_match: FAILURE
get_partial_spirit: SUCCESS, 5,2,1,3,4
remove_team: FAILURE
add_team: FAILURE
get_player_cards: SUCCESS, 230
play_match: FAILURE
add_player_cards: SUCCESS
get_ith_pointless_ability: FAILURE
get_player_cards: SUCCESS, 37
add_player: FAILURE
buy_team: SUCCESS
add_player: FAILURE
add_team: FAILURE
play_match: SUCCESS, 3
get_partial_spirit: FAILURE
add_player: FAILURE
buy_team: SUCCESS
add_player: FAILURE
play_match: FAILURE
get_team_points: SUCCESS, 0
add_team: FAILURE
get_team_points: SUCCESS, 0
remove_team: FAILURE
get_ith_pointless_ability: SUCCESS, 18
remove_team: FAILURE
get_ith_pointless_ability: FAILURE
num_played_games_for_player: SUCCESS, 22
add_player: FAILURE
add_player: FAILURE
add_player: FAILURE
buy_team: SUCCESS
play_match: FAILURE
add_player: FAILURE
add_team: FAILURE
add_player: FAILURE
add_team: FAILURE
add_player_cards: SUCCESS
get_ith_pointless_ability: SUCCESS, 77
get_ith_pointless_ability: SUCCESS, 92
play_match: SUCCESS, 3
add_player: FAILURE
get_team_points: FAILURE
num_played_games_for_player: SUCCESS, 22
play_match: FAILURE
get_ith_pointless_ability: SUCCESS, 100
num_played_games_for_player: SUCCESS, 22
