add_team: SUCCESS
add_team: SUCCESS
add_team: SUCCESS
add_team: SUCCESS
add_team: SUCCESS
add_team: SUCCESS
add_team: SUCCESS
add_team: SUCCESS
add_team: SUCCESS
add_team: SUCCESS
add_team: SUCCESS
add_team: SUCCESS
add_team: SUCCESS
add_team: SUCCESS
add_team: SUCCESS
add_team: SUCCESS
add_team: SUCCESS
add_team: SUCCESS
add_team: SUCCESS
add_team: SUCCESS
add_team: SUCCESS
add_team: SUCCESS
add_team: SUCCESS
add_team: SUCCESS
add_team: SUCCESS
add_team: SUCCESS
add_team: SUCCESS
add_team: SUCCESS
add_team: SUCCESS
add_team: SUCCESS
add_team: SUCCESS
add_team: SUCCESS
add_team: SUCCESS
add_team: SUCCESS
add_team: SUCCESS
add_team: SUCCESS
add_team: SUCCESS
add_team: SUCCESS
add_team: SUCCESS
add_team: SUCCESS
add_team: SUCCESS
add_team: SUCCESS
add_team: SUCCESS
add_team: SUCCESS
add_team: SUCCESS
add_team: SUCCESS
add_team: SUCCESS
add_team: SUCCESS
add_team: SUCCESS
add_team: SUCCESS
add_team: SUCCESS
add_team: SUCCESS
add_team: SUCCESS
add_team: SUCCESS
add_team: SUCCESS
add_team: SUCCESS
add_team: SUCCESS
add_team: SUCCESS
add_team: SUCCESS
add_team: SUCCESS
add_team: SUCCESS
add_team: SUCCESS
add_team: SUCCESS
add_team: SUCCESS
add_team: SUCCESS
add_team: SUCCESS
add_team: SUCCESS
add_team: SUCCESS
add_team: SUCCESS
add_team: SUCCESS
add_team: SUCCESS
add_team: SUCCESS
add_team: SUCCESS
add_team: SUCCESS
add_team: SUCCESS
add_team: SUCCESS
add_team: SUCCESS
add_team: SUCCESS
add_team: SUCCESS
add_team: SUCCESS
add_team: SUCCESS
add_team: SUCCESS
add_team: SUCCESS
add_team: SUCCESS
add_team: SUCCESS
add_team: SUCCESS
add_team: SUCCESS
add_team: SUCCESS
add_team: SUCCESS
add_team: SUCCESS
add_team: SUCCESS
add_team: SUCCESS
add_team: SUCCESS
add_team: SUCCESS
add_team: SUCCESS
add_team: SUCCESS
add_team: SUCCESS
add_team: SUCCESS
add_team: SUCCESS
add_team: SUCCESS
add_player: SUCCESS
add_player: SUCCESS
add_player: SUCCESS
add_player: SUCCESS
add_player: SUCCESS
add_player: SUCCESS
add_player: SUCCESS
add_player: SUCCESS
add_player: SUCCESS
add_player: SUCCESS
add_player: SUCCESS
add_player: SUCCESS
add_player: SUCCESS
add_player: SUCCESS
add_player: SUCCESS
add_player: SUCCESS
add_player: SUCCESS
add_player: SUCCESS
add_player: SUCCESS
add_player: SUCCESS
add_player: SUCCESS
add_player: SUCCESS
add_player: SUCCESS
add_player: SUCCESS
add_player: SUCCESS
add_player: SUCCESS
add_player: SUCCESS
add_player: SUCCESS
add_player: SUCCESS
add_player: SUCCESS
add_player: SUCCESS
add_player: SUCCESS
add_player: SUCCESS
add_player: SUCCESS
add_player: SUCCESS
add_player: SUCCESS
add_player: SUCCESS
add_player: SUCCESS
add_player: SUCCESS
add_player: SUCCESS
add_player: SUCCESS
add_player: SUCCESS
add_player: SUCCESS
add_player: SUCCESS
add_player: SUCCESS
add_player: SUCCESS
add_player: SUCCESS
add_player: SUCCESS
add_player: SUCCESS
add_player: SUCCESS
add_player: SUCCESS
add_player: SUCCESS
add_player: SUCCESS
add_player: SUCCESS
add_player: SUCCESS
add_player: SUCCESS
add_player: SUCCESS
add_player: SUCCESS
add_player: SUCCESS
add_player: SUCCESS
add_player: SUCCESS
add_player: SUCCESS
add_player: SUCCESS
add_player: SUCCESS
add_player: SUCCESS
add_player: SUCCESS
add_player: SUCCESS
add_player: SUCCESS
add_player: SUCCESS
add_player: SUCCESS
add_player: SUCCESS
add_player: SUCCESS
add_player: SUCCESS
add_player: SUCCESS
add_player: SUCCESS
add_player: SUCCESS
add_player: SUCCESS
add_player: SUCCESS
add_player: SUCCESS
add_player: SUCCESS
add_player: SUCCESS
add_player: SUCCESS
add_player: SUCCESS
add_player: SUCCESS
add_player: SUCCESS
add_player: SUCCESS
add_player: SUCCESS
add_player: SUCCESS
add_player: SUCCESS
add_player: SUCCESS
add_player: SUCCESS
add_player: SUCCESS
add_player: SUCCESS
add_player: SUCCESS
add_player: SUCCESS
add_player: SUCCESS
add_player: SUCCESS
add_player: SUCCESS
add_player: SUCCESS
add_player: SUCCESS
get_partial_spirit: SUCCESS, 1,2,3,4,5
add_team: SUCCESS
add_player: SUCCESS
get_team_points: SUCCESS, 0
num_played_games_for_player: SUCCESS, 22
add_team: FAILURE
get_team_points: SUCCESS, 0
get_ith_pointless_ability: SUCCESS, 55
add_player: SUCCESS
add_team: FAILURE
play_match: FAILURE
add_team: FAILURE
remove_team: FAILURE
get_ith_pointless_ability: SUCCESS, 20
remove_team: FAILURE
add_team: FAILURE
remove_team: FAILURE
get_ith_pointless_ability: FAILURE
get_team_points: SUCCESS, 0
add_player: SUCCESS
buy_team: SUCCESS
add_player: SUCCESS
add_player_cards: SUCCESS
get_player_cards: SUCCESS, 187
num_played_games_for_player: SUCCESS, 22
add_team: FAILURE
get_ith_pointless_ability: SUCCESS, 78
get_ith_pointless_ability: FAILURE
num_played_games_for_player: SUCCESS, 22
add_player: SUCCESS
get_team_points: SUCCESS, 0
remove_team: FAILURE
add_player_cards: SUCCESS
add_player: SUCCESS
add_player_cards: SUCCESS
remove_team: FAILURE
get_ith_pointless_ability: SUCCESS, 49
add_player: SUCCESS
num_played_games_for_player: SUCCESS, 22
buy_team: SUCCESS
get_partial_spirit: SUCCESS, 1,2,3,4,5
get_player_cards: SUCCESS, 173
get_team_points: SUCCESS, 0
num_played_games_for_player: SUCCESS, 22
get_ith_pointless_ability: FAILURE
get_team_points: SUCCESS, 0
get_ith_pointless_ability: FAILURE
add_player: SUCCESS
buy_team: SUCCESS
play_match: FAILURE
remove_team: FAILURE
num_played_games_for_player: SUCCESS, 22
get_ith_pointless_ability: FAILURE
add_player: SUCCESS
add_team: FAILURE
add_player: SUCCESS
remove_team: FAILURE
add_player: SUCCESS
buy_team: SUCCESS
get_team_points: SUCCESS, 0
add_player: SUCCESS
get_partial_spirit: SUCCESS, 1,2,3,4,5
get_player_cards: SUCCESS, 240
add_player_cards: SUCCESS
get_player_cards: SUCCESS, 255
play_match: FAILURE
add_player_cards: SUCCESS
num_played_games_for_player: SUCCESS, 22
remove_team: FAILURE
play_match: FAILURE
get_ith_pointless_ability: SUCCESS, 14
add_player_cards: SUCCESS
get_player_cards: SUCCESS, 48
play_match: FAILURE
add_player_cards: SUCCESS
buy_team: SUCCESS
play_match: FAILURE
buy_team: SUCCESS
add_player: FAILURE
get_team_points: SUCCESS, 0
add_player_cards: SUCCESS
add_team: FAILURE
add_player_cards: SUCCESS
remove_team: FAILURE
get_player_cards: SUCCESS, 186
add_player_cards: SUCCESS
buy_team: SUCCESS
add_player: SUCCESS
add_player: SUCCESS
get_partial_spirit: SUCCESS, 1,4,3,2,5
remove_team: FAILURE
add_player_cards: SUCCESS
add_player_cards: SUCCESS
get_ith_pointless_ability: FAILURE
add_player: SUCCESS
add_player: SUCCESS
num_played_games_for_player: SUCCESS, 22
add_player_cards: SUCCESS
add_player: SUCCESS
add_player: FAILURE
num_played_games_for_player: SUCCESS, 22
get_partial_spirit: SUCCESS, 3,4,5,2,1
add_player_cards: SUCCESS
get_ith_pointless_ability: FAILURE
add_player_cards: SUCCESS
add_player: SUCCESS
add_player: SUCCESS
num_played_games_for_player: SUCCESS, 22
add_player: SUCCESS
add_player: SUCCESS
remove_team: FAILURE
add_player: SUCCESS
add_player_cards: SUCCESS
buy_team: SUCCESS
add_player: SUCCESS
add_player: SUCCESS
get_player_cards: SUCCESS, 182
get_partial_spirit: SUCCESS, 2,1,5,3,4
add_player_cards: SUCCESS
get_partial_spirit: SUCCESS, 1,2,3,4,5
remove_team: FAILURE
add_player_cards: SUCCESS
buy_team: SUCCESS
add_team: FAILURE
play_match: FAILURE
get_player_cards: SUCCESS, 138
get_team_points: SUCCESS, 0
num_played_games_for_player: SUCCESS, 22
play_match: FAILURE
play_match: FAILURE
add_player: SUCCESS
play_match: FAILURE
remove_team: FAILURE
add_player_cards: SUCCESS
get_ith_pointless_ability: SUCCESS, 40
play_match: SUCCESS, 1
add_player: FAILURE
add_player_cards: SUCCESS
get_ith_pointless_ability: SUCCESS, 83
get_player_cards: SUCCESS, 15
add_player_cards: SUCCESS
get_player_cards: SUCCESS, 186
play_match: FAILURE
play_match: FAILURE
add_player: SUCCESS
add_player_cards: SUCCESS
get_team_points: SUCCESS, 0
get_partial_spirit: SUCCESS, 1,5,4,2,3
add_player: SUCCESS
get_team_points: SUCCESS, 0
play_match: FAILURE
get_ith_pointless_ability: SUCCESS, 42
play_match: FAILURE
add_player_cards: SUCCESS
get_ith_pointless_ability: FAILURE
add_player: SUCCESS
get_ith_pointless_ability: FAILURE
get_player_cards: SUCCESS, 549
buy_team: SUCCESS
remove_team: FAILURE
add_player: SUCCESS
add_player: SUCCESS
add_team: FAILURE
add_player: FAILURE
add_player: SUCCESS
get_team_points: SUCCESS, 0
add_player: SUCCESS
buy_team: SUCCESS
num_played_games_for_player: SUCCESS, 22
remove_team: FAILURE
play_match: FAILURE
get_ith_pointless_ability: SUCCESS, 4
add_player: SUCCESS
play_match: SUCCESS, 3
get_partial_spirit: SUCCESS, 1,2,3,4,5
num_played_games_for_player: SUCCESS, 22
num_played_games_for_player: SUCCESS, 22
remove_team: FAILURE
add_player: SUCCESS
num_played_games_for_player: SUCCESS, 22
add_player: SUCCESS
add_player: FAILURE
get_player_cards: SUCCESS, 166
play_match: FAILURE
get_ith_pointless_ability: FAILURE
buy_team: SUCCESS
add_player: SUCCESS
add_player: SUCCESS
add_team: FAILURE
add_team: FAILURE
add_team: FAILURE
remove_team: FAILURE
play_match: FAILURE
get_team_points: SUCCESS, 0
get_team_points: SUCCESS, 0
add_player_cards: SUCCESS
get_ith_pointless_ability: SUCCESS, 27
remove_team: FAILURE
get_ith_pointless_ability: SUCCESS, 54
add_team: FAILURE
add_player: FAILURE
add_team: FAILURE
add_player: FAILURE
add_player: SUCCESS
add_player: SUCCESS
add_player: SUCCESS
get_team_points: SUCCESS, 0
remove_team: FAILURE
get_team_points: SUCCESS, 0
get_player_cards: SUCCESS, 438
buy_team: SUCCESS
get_partial_spirit: FAILURE
get_player_cards: SUCCESS, 232
add_player: SUCCESS
buy_team: SUCCESS
add_player: SUCCESS
add_player: FAILURE
get_ith_pointless_ability: FAILURE
add_player: SUCCESS
get_player_cards: SUCCESS, 221
buy_team: SUCCESS
play_match: SUCCESS, 1
num_played_games_for_player: SUCCESS, 22
buy_team: SUCCESS
get_player_cards: SUCCESS, 12
buy_team: SUCCESS
get_ith_pointless_ability: SUCCESS, 93
get_ith_pointless_ability: SUCCESS, 34
get_player_cards: SUCCESS, 254
add_team: FAILURE
num_played_games_for_player: SUCCESS, 22
add_player_cards: SUCCESS
remove_team: FAILURE
num_played_games_for_player: SUCCESS, 22
get_ith_pointless_ability: SUCCESS, 12
add_player: FAILURE
add_player: SUCCESS
buy_team: SUCCESS
remove_team: FAILURE
add_player: SUCCESS
add_player_cards: SUCCESS
play_match: FAILURE
num_played_games_for_player: SUCCESS, 22
add_player_cards: SUCCESS
add_player: SUCCESS
add_player: SUCCESS
add_player: SUCCESS
get_team_points: FAILURE
remove_team: FAILURE
add_player: SUCCESS
buy_team: SUCCESS
add_player: SUCCESS
add_player_cards: SUCCESS
add_player_cards: SUCCESS
remove_team: FAILURE
play_match: SUCCESS, 1
add_player: SUCCESS
remove_team: FAILURE
num_played_games_for_player: SUCCESS, 22
remove_team: FAILURE
get_team_points: SUCCESS, 0
add_team: FAILURE
add_player: SUCCESS
get_partial_spirit: SUCCESS, 1,2,3,4,5
add_player: SUCCESS
buy_team: SUCCESS
get_player_cards: SUCCESS, 119
add_player: SUCCESS
get_partial_spirit: SUCCESS, 1,3,5,2,4
get_ith_pointless_ability: FAILURE
get_partial_spirit: SUCCESS, 1,2,3,4,5
add_player_cards: SUCCESS
get_ith_pointless_ability: FAILURE
buy_team: SUCCESS
add_player: SUCCESS
remove_team: FAILURE
num_played_games_for_player: SUCCESS, 22
add_team: FAILURE
remove_team: FAILURE
get_ith_pointless_ability: FAILURE
add_player: SUCCESS
buy_team: SUCCESS
get_ith_pointless_ability: FAILURE
get_player_cards: SUCCESS, 46
num_played_games_for_player: SUCCESS, 22
add_team: FAILURE
add_player_cards: SUCCESS
add_team: FAILURE
get_partial_spirit: SUCCESS, 1,2,3,4,5
get_ith_pointless_ability: SUCCESS, 32
add_player: SUCCESS
add_player: SUCCESS
add_player: FAILURE
get_player_cards: SUCCESS, 216
add_player: SUCCESS
add_player: SUCCESS
add_player: SUCCESS
buy_team: SUCCESS
add_player: SUCCESS
play_match: FAILURE
add_player_cards: SUCCESS
add_player_cards: SUCCESS
get_player_cards: SUCCESS, 234
get_player_cards: SUCCESS, 12
get_partial_spirit: SUCCESS, 1,3,2,4,5
add_player: SUCCESS
remove_team: FAILURE
add_player: FAILURE
buy_team: SUCCESS
add_player_cards: FAILURE
get_partial_spirit: SUCCESS, 1,3,5,2,4
get_player_cards: SUCCESS, 6
play_match: FAILURE
get_ith_pointless_ability: FAILURE
buy_team: SUCCESS
buy_team: SUCCESS
get_player_cards: SUCCESS, 30
get_player_cards: SUCCESS, 169
play_match: FAILURE
add_player: SUCCESS
add_player: SUCCESS
remove_team: FAILURE
add_player: SUCCESS
get_player_cards: SUCCESS, 69
add_player: FAILURE
get_ith_pointless_ability: SUCCESS, 14
play_match: FAILURE
get_team_points: SUCCESS, 0
remove_team: FAILURE
add_player: FAILURE
add_player_cards: SUCCESS
remove_team: FAILURE
add_team: FAILURE
add_player_cards: SUCCESS
remove_team: FAILURE
get_partial_spirit: SUCCESS, 3,5,4,1,2
num_played_games_for_player: SUCCESS, 22
add_player_cards: SUCCESS
add_player_cards: SUCCESS
num_played_games_for_player: SUCCESS, 22
get_player_cards: SUCCESS, 378
get_partial_spirit: SUCCESS, 2,4,5,3,1
play_match: SUCCESS, 1
get_partial_spirit: SUCCESS, 5,1,2,4,3
add_player: SUCCESS
get_team_points: SUCCESS, 0
get_partial_spirit: SUCCESS, 1,2,3,4,5
get_player_cards: SUCCESS, 190
add_team: FAILURE
num_played_games_for_player: SUCCESS, 22
add_player: SUCCESS
get_ith_pointless_ability: FAILURE
play_match: SUCCESS, 3
remove_team: FAILURE
add_team: FAILURE
get_ith_pointless_ability: SUCCESS, 42
get_team_points: SUCCESS, 0
get_player_cards: SUCCESS, 289
num_played_games_for_player: SUCCESS, 22
add_player: SUCCESS
add_player: SUCCESS
get_partial_spirit: SUCCESS, 1,2,3,4,5
play_match: FAILURE
remove_team: FAILURE
play_match: SUCCESS, 1
add_player: FAILURE
add_player: FAILURE
get_player_cards: SUCCESS, 216
add_team: FAILURE
play_match: SUCCESS, 3
get_ith_pointless_ability: SUCCESS, 49
get_player_cards: SUCCESS, 289
play_match: FAILURE
get_player_cards: SUCCESS, 111
add_player: SUCCESS
num_played_games_for_player: SUCCESS, 22
num_played_games_for_player: SUCCESS, 22
add_player: SUCCESS
remove_team: FAILURE
num_played_games_for_player: SUCCESS, 22
buy_team: SUCCESS
get_partial_spirit: SUCCESS, 2,1,3,5,4
get_team_points: SUCCESS, 0
get_ith_pointless_ability: SUCCESS, 85
add_player: SUCCESS
get_team_points: SUCCESS, 0
get_team_points: SUCCESS, 0
play_match: FAILURE
add_team: FAILURE
buy_team: SUCCESS
get_team_points: SUCCESS, 0
get_team_points: SUCCESS, 3
add_player: SUCCESS
add_player: FAILURE
buy_team: SUCCESS
add_player: SUCCESS
get_ith_pointless_ability: SUCCESS, 53
add_player_cards: SUCCESS
add_player: SUCCESS
add_player: FAILURE
add_team: FAILURE
add_player: FAILURE
add_player_cards: SUCCESS
add_team: FAILURE
num_played_games_for_player: SUCCESS, 22
add_team: FAILURE
remove_team: FAILURE
add_team: FAILURE
get_player_cards: SUCCESS, 88
get_player_cards: SUCCESS, 46
num_played_games_for_player: SUCCESS, 22
get_team_points: SUCCESS, 3
add_player_cards: SUCCESS
add_player: FAILURE
get_team_points: SUCCESS, 0
get_ith_pointless_ability: SUCCESS, 62
get_team_points: SUCCESS, 0
add_player_cards: SUCCESS
add_player_cards: SUCCESS
add_player: SUCCESS
remove_team: FAILURE
get_team_points: SUCCESS, 0
add_team: FAILURE
add_player: SUCCESS
buy_team: SUCCESS
buy_team: SUCCESS
get_ith_pointless_ability: SUCCESS, 38
add_player_cards: SUCCESS
add_player: SUCCESS
get_team_points: SUCCESS, 0
add_player_cards: SUCCESS
get_team_points: SUCCESS, 0
add_team: FAILURE
add_player: SUCCESS
add_player: FAILURE
remove_team: FAILURE
get_partial_spirit: SUCCESS, 4,1,5,2,3
get_ith_pointless_ability: SUCCESS, 40
get_partial_spirit: SUCCESS, 1,3,2,4,5
get_partial_spirit: SUCCESS, 1,2,3,4,5
buy_team: SUCCESS
add_player: FAILURE
num_played_games_for_player: SUCCESS, 22
get_player_cards: SUCCESS, 409
get_partial_spirit: SUCCESS, 1,2,3,4,5
add_player: SUCCESS
add_team: FAILURE
play_match: SUCCESS, 1
add_player: SUCCESS
remove_team: FAILURE
get_ith_pointless_ability: FAILURE
num_played_games_for_player: SUCCESS, 22
num_played_games_for_player: SUCCESS, 22
get_partial_spirit: SUCCESS, 3,5,4,2,1
add_player_cards: SUCCESS
add_player: SUCCESS
get_partial_spirit: SUCCESS, 1,2,3,4,5
add_player: SUCCESS
get_ith_pointless_ability: SUCCESS, 19
add_player: SUCCESS
get_ith_pointless_ability: SUCCESS, 54
add_player: FAILURE
get_ith_pointless_ability: SUCCESS, 57
get_ith_pointless_ability: SUCCESS, 26
add_team: FAILURE
get_team_points: SUCCESS, 0
get_partial_spirit: SUCCESS, 1,5,3,2,4
num_played_games_for_player: SUCCESS, 22
get_team_points: SUCCESS, 0
get_player_cards: SUCCESS, 54
add_player: FAILURE
get_player_cards: SUCCESS, 127
add_player: SUCCESS
add_player: SUCCESS
remove_team: FAILURE
add_player: SUCCESS
get_ith_pointless_ability: SUCCESS, 98
add_player: SUCCESS
add_player: SUCCESS
add_team: FAILURE
get_partial_spirit: SUCCESS, 2,5,3,4,1
remove_team: FAILURE
num_played_games_for_player: SUCCESS, 22
get_team_points: SUCCESS, 0
play_match: SUCCESS, 3
play_match: SUCCESS, 3
add_player_cards: FAILURE
get_partial_spirit: SUCCESS, 1,2,4,5,3
add_player: SUCCESS
add_player: FAILURE
get_ith_pointless_ability: SUCCESS, 22
get_ith_pointless_ability: SUCCESS, 46
add_player: SUCCESS
buy_team: SUCCESS
num_played_games_for_player: SUCCESS, 22
add_player: SUCCESS
add_team: FAILURE
get_player_cards: SUCCESS, 118
get_team_points: SUCCESS, 0
get_player_cards: SUCCESS, 177
remove_team: FAILURE
add_player: FAILURE
get_ith_pointless_ability: SUCCESS, 42
get_player_cards: SUCCESS, 426
get_player_cards: SUCCESS, 54
add_player: SUCCESS
remove_team: FAILURE
add_player_cards: SUCCESS
get_team_points: SUCCESS, 0
buy_team: SUCCESS
remove_team: FAILURE
play_match: SUCCESS, 1
play_match: SUCCESS, 1
get_team_points: FAILURE
remove_team: FAILURE
play_match: FAILURE
add_player: FAILURE
add_player: SUCCESS
add_player_cards: FAILURE
add_player: SUCCESS
get_team_points: SUCCESS, 3
play_match: FAILURE
remove_team: FAILURE
get_partial_spirit: SUCCESS, 1,2,3,4,5
add_team: FAILURE
remove_team: FAILURE
add_player: FAILURE
play_match: FAILURE
buy_team: SUCCESS
add_team: FAILURE
get_player_cards: SUCCESS, 25
add_team: FAILURE
add_player_cards: SUCCESS
add_player: SUCCESS
num_played_games_for_player: SUCCESS, 22
num_played_games_for_player: SUCCESS, 22
play_match: FAILURE
add_player: SUCCESS
buy_team: SUCCESS
buy_team: SUCCESS
add_player: SUCCESS
get_ith_pointless_ability: SUCCESS, 64
play_match: SUCCESS, 3
add_team: FAILURE
add_player: FAILURE
buy_team: SUCCESS
buy_team: SUCCESS
add_player: SUCCESS
add_player_cards: SUCCESS
add_team: FAILURE
get_team_points: SUCCESS, 0
add_team: FAILURE
add_player: FAILURE
buy_team: SUCCESS
add_player_cards: SUCCESS
add_team: FAILURE
remove_team: FAILURE
buy_team: SUCCESS
num_played_games_for_player: SUCCESS, 22
add_player: SUCCESS
add_player_cards: SUCCESS
add_player: SUCCESS
add_team: FAILURE
add_player: FAILURE
buy_team: SUCCESS
buy_team: SUCCESS
get_ith_pointless_ability: SUCCESS, 53
get_player_cards: SUCCESS, 283
get_partial_spirit: SUCCESS, 5,1,4,3,2
add_player: SUCCESS
add_player: FAILURE
num_played_games_for_player: SUCCESS, 22
add_player: SUCCESS
add_team: FAILURE
get_ith_pointless_ability: SUCCESS, 73
add_team: FAILURE
add_player_cards: SUCCESS
num_played_games_for_player: SUCCESS, 22
get_ith_pointless_ability: SUCCESS, 11
remove_team: FAILURE
play_match: FAILURE
add_player_cards: SUCCESS
get_partial_spirit: SUCCESS, 5,2,3,4,1
num_played_games_for_player: SUCCESS, 22
add_player: SUCCESS
add_player: SUCCESS
add_player: SUCCESS
get_ith_pointless_ability: SUCCESS, 34
play_match: FAILURE
add_player: FAILURE
add_player: FAILURE
add_player_cards: SUCCESS
get_player_cards: SUCCESS, 6
get_team_points: SUCCESS, 0
add_team: FAILURE
get_ith_pointless_ability: SUCCESS, 39
add_player: SUCCESS
num_played_games_for_player: SUCCESS, 22
get_ith_pointless_ability: SUCCESS, 84
remove_team: FAILURE
buy_team: SUCCESS
play_match: SUCCESS, 1
add_player: SUCCESS
play_match: FAILURE
get_ith_pointless_ability: SUCCESS, 73
get_team_points: SUCCESS, 0
add_player: SUCCESS
add_player: SUCCESS
get_team_points: SUCCESS, 0
get_player_cards: SUCCESS, 267
remove_team: FAILURE
add_player: SUCCESS
add_player: SUCCESS
get_partial_spirit: SUCCESS, 5,3,2,1,4
add_team: FAILURE
get_ith_pointless_ability: SUCCESS, 39
add_player: FAILURE
play_match: SUCCESS, 3
get_player_cards: SUCCESS, 78
add_player: FAILURE
get_team_points: SUCCESS, 6
get_partial_spirit: SUCCESS, 2,3,1,4,5
add_player: FAILURE
add_team: FAILURE
buy_team: SUCCESS
get_partial_spirit: SUCCESS, 4,3,2,1,5
add_player: SUCCESS
get_team_points: SUCCESS, 0
play_match: FAILURE
add_player_cards: FAILURE
add_player: FAILURE
num_played_games_for_player: SUCCESS, 22
get_player_cards: SUCCESS, 256
get_ith_pointless_ability: SUCCESS, 92
add_player: SUCCESS
get_player_cards: SUCCESS, 154
get_ith_pointless_ability: SUCCESS, 19
play_match: SUCCESS, 1
add_team: FAILURE
add_player: FAILURE
add_player: FAILURE
add_player_cards: SUCCESS
get_partial_spirit: SUCCESS, 2,1,3,5,4
add_player: SUCCESS
get_player_cards: SUCCESS, 71
get_ith_pointless_ability: SUCCESS, 12
add_player: SUCCESS
remove_team: FAILURE
add_player: FAILURE
add_player: FAILURE
get_team_points: SUCCESS, 0
remove_team: FAILURE
get_ith_pointless_ability: FAILURE
remove_team: FAILURE
num_played_games_for_player: SUCCESS, 22
add_player: FAILURE
get_partial_spirit: FAILURE
get_player_cards: SUCCESS, 206
get_partial_spirit: SUCCESS, 5,2,3,4,1
add_player: SUCCESS
play_match: SUCCESS, 3
remove_team: FAILURE
add_player_cards: SUCCESS
add_player: SUCCESS
add_player: SUCCESS
get_team_points: FAILURE
num_played_games_for_player: SUCCESS, 22
num_played_games_for_player: SUCCESS, 22
num_played_games_for_player: SUCCESS, 22
get_ith_pointless_ability: SUCCESS, 19
add_player: FAILURE
get_player_cards: SUCCESS, 208
get_team_points: SUCCESS, 0
add_player: SUCCESS
add_player: SUCCESS
add_player: SUCCESS
get_player_cards: SUCCESS, 272
remove_team: FAILURE
get_team_points: SUCCESS, 0
remove_team: FAILURE
get_team_points: FAILURE
play_match: FAILURE
get_team_points: SUCCESS, 0
remove_team: FAILURE
add_player_cards: FAILURE
buy_team: SUCCESS
add_player_cards: SUCCESS
add_player_cards: FAILURE
num_played_games_for_player: SUCCESS, 22
num_played_games_for_player: SUCCESS, 22
add_team: FAILURE
get_ith_pointless_ability: SUCCESS, 80
num_played_games_for_player: SUCCESS, 22
buy_team: SUCCESS
add_player: SUCCESS
buy_team: SUCCESS
num_played_games_for_player: SUCCESS, 22
add_player: FAILURE
get_partial_spirit: SUCCESS, 5,1,4,2,3
num_played_games_for_player: SUCCESS, 22
buy_team: SUCCESS
buy_team: SUCCESS
add_player: FAILURE
get_team_points: FAILURE
add_team: FAILURE
add_team: FAILURE
get_ith_pointless_ability: FAILURE
add_player_cards: SUCCESS
num_played_games_for_player: SUCCESS, 22
get_team_points: FAILURE
add_team: FAILURE
add_player: FAILURE
num_played_games_for_player: SUCCESS, 22
add_player: SUCCESS
get_team_points: SUCCESS, 0
num_played_games_for_player: SUCCESS, 22
add_team: FAILURE
add_player: FAILURE
play_match: SUCCESS, 1
get_partial_spirit: SUCCESS, 1,2,3,4,5
add_team: FAILURE
add_player_cards: FAILURE
get_partial_spirit: SUCCESS, 1,4,3,2,5
add_team: FAILURE
get_team_points: FAILURE
get_team_points: SUCCESS, 0
get_partial_spirit: SUCCESS, 3,4,5,2,1
add_player: SUCCESS
get_ith_pointless_ability: SUCCESS, 57
add_player: FAILURE
add_player: FAILURE
add_player: FAILURE
add_player: SUCCESS
add_player: FAILURE
get_ith_pointless_ability: FAILURE
get_team_points: SUCCESS, 0
get_player_cards: SUCCESS, 211
remove_team: FAILURE
add_player: SUCCESS
get_team_points: FAILURE
get_partial_spirit: FAILURE
add_player: SUCCESS
play_match: FAILURE
add_team: FAILURE
get_team_points: SUCCESS, 6
get_partial_spirit: SUCCESS, 1,2,4,3,5
add_team: FAILURE
add_team: FAILURE
get_ith_pointless_ability: SUCCESS, 57
get_player_cards: SUCCESS, 122
get_partial_spirit: SUCCESS, 1,2,3,4,5
add_player: FAILURE
add_player: FAILURE
play_match: SUCCESS, 3
remove_team: FAILURE
add_player: SUCCESS
get_partial_spirit: SUCCESS, 1,2,3,4,5
add_player_cards: SUCCESS
get_player_cards: SUCCESS, 59
add_team: FAILURE
add_player: FAILURE
add_player_cards: SUCCESS
add_player_cards: SUCCESS
num_played_games_for_player: SUCCESS, 22
buy_team: SUCCESS
get_partial_spirit: FAILURE
add_player: SUCCESS
buy_team: SUCCESS
add_player: SUCCESS
add_team: FAILURE
get_ith_pointless_ability: SUCCESS, 40
add_player: FAILURE
get_partial_spirit: SUCCESS, 1,2,3,4,5
buy_team: SUCCESS
remove_team: FAILURE
add_team: FAILURE
play_match: FAILURE
get_ith_pointless_ability: SUCCESS, 19
remove_team: FAILURE
add_player_cards: SUCCESS
add_player_cards: FAILURE
add_player: SUCCESS
play_match: FAILURE
remove_team: FAILURE
add_player_cards: SUCCESS
add_player: FAILURE
get_player_cards: SUCCESS, 270
remove_team: FAILURE
num_played_games_for_player: SUCCESS, 22
get_ith_pointless_ability: SUCCESS, 100
num_played_games_for_player: SUCCESS, 22
buy_team: SUCCESS
play_match: SUCCESS, 3
buy_team: SUCCESS
get_player_cards: SUCCESS, 179
add_player: SUCCESS
add_player_cards: SUCCESS
buy_team: SUCCESS
get_team_points: SUCCESS, 0
get_ith_pointless_ability: SUCCESS, 56
buy_team: SUCCESS
get_partial_spirit: SUCCESS, 1,2,3,4,5
get_ith_pointless_ability: SUCCESS, 11
buy_team: SUCCESS
num_played_games_for_player: SUCCESS, 22
add_player: FAILURE
buy_team: SUCCESS
add_player: FAILURE
add_player: SUCCESS
add_team: FAILURE
add_player: FAILURE
add_player: FAILURE
add_player: SUCCESS
add_player: SUCCESS
get_player_cards: SUCCESS, 66
add_team: FAILURE
add_player: FAILURE
get_partial_spirit: FAILURE
get_team_points: SUCCESS, 0
add_player_cards: FAILURE
buy_team: SUCCESS
remove_team: FAILURE
add_player: FAILURE
add_player: FAILURE
add_team: FAILURE
get_partial_spirit: SUCCESS, 2,4,1,3,5
add_player: FAILURE
remove_team: FAILURE
buy_team: SUCCESS
add_team: FAILURE
add_player: FAILURE
get_team_points: SUCCESS, 0
add_team: FAILURE
get_player_cards: SUCCESS, 155
num_played_games_for_player: SUCCESS, 22
buy_team: SUCCESS
add_team: FAILURE
add_player: FAILURE
remove_team: FAILURE
get_team_points: SUCCESS, 3
buy_team: SUCCESS
get_team_points: FAILURE
add_player: FAILURE
get_team_points: FAILURE
get_partial_spirit: SUCCESS, 5,1,4,2,3
get_team_points: SUCCESS, 0
num_played_games_for_player: SUCCESS, 22
num_played_games_for_player: SUCCESS, 22
play_match: FAILURE
add_player: FAILURE
get_partial_spirit: SUCCESS, 4,2,3,5,1
remove_team: FAILURE
buy_team: SUCCESS
get_ith_pointless_ability: SUCCESS, 20
add_player: FAILURE
add_player_cards: FAILURE
get_partial_spirit: SUCCESS, 5,4,1,2,3
get_partial_spirit: SUCCESS, 3,1,2,4,5
num_played_games_for_player: SUCCESS, 22
add_player: FAILURE
add_player: FAILURE
add_player: FAILURE
add_player: FAILURE
remove_team: FAILURE
play_match: SUCCESS, 3
add_player: FAILURE
num_played_games_for_player: SUCCESS, 22
get_player_cards: SUCCESS, 6
get_team_points: SUCCESS, 0
get_team_points: SUCCESS, 0
get_player_cards: SUCCESS, 260
num_played_games_for_player: SUCCESS, 22
get_partial_spirit: FAILURE
get_ith_pointless_ability: SUCCESS, 48
add_player_cards: SUCCESS
num_played_games_for_player: SUCCESS, 22
add_player: FAILURE
remove_team: FAILURE
buy_team: SUCCESS
play_match: FAILURE
get_player_cards: SUCCESS, 164
add_player: FAILURE
get_player_cards: SUCCESS, 311
add_player: FAILURE
play_match: SUCCESS, 3
play_match: FAILURE
buy_team: SUCCESS
num_played_games_for_player: SUCCESS, 22
add_player_cards: SUCCESS
get_player_cards: SUCCESS, 289
add_player: FAILURE
get_player_cards: SUCCESS, 169
get_partial_spirit: FAILURE
play_match: FAILURE
add_player: FAILURE
add_player: FAILURE
play_match: FAILURE
add_player: FAILURE
remove_team: FAILURE
buy_team: SUCCESS
buy_team: SUCCESS
add_player: FAILURE
add_player: FAILURE
play_match: SUCCESS, 2
play_match: SUCCESS, 3
add_player_cards: SUCCESS
buy_team: SUCCESS
get_player_cards: SUCCESS, 61
add_player: FAILURE
get_ith_pointless_ability: SUCCESS, 11
play_match: SUCCESS, 1
num_played_games_for_player: SUCCESS, 22
remove_team: FAILURE
get_team_points: SUCCESS, 0
add_player: FAILURE
buy_team: SUCCESS
add_team: FAILURE
remove_team: FAILURE
get_player_cards: SUCCESS, 549
add_player_cards: SUCCESS
get_team_points: SUCCESS, 0
get_player_cards: SUCCESS, 176
add_player: FAILURE
add_player_cards: SUCCESS
get_team_points: SUCCESS, 0
get_ith_pointless_ability: SUCCESS, 90
get_partial_spirit: SUCCESS, 4,5,3,1,2
get_partial_spirit: FAILURE
remove_team: FAILURE
get_partial_spirit: SUCCESS, 3,1,5,4,2
add_player: FAILURE
add_player_cards: FAILURE
add_player: FAILURE
buy_team: SUCCESS
add_player: FAILURE
add_player: FAILURE
get_player_cards: SUCCESS, 72
add_player: FAILURE
num_played_games_for_player: SUCCESS, 22
num_played_games_for_player: SUCCESS, 22
get_ith_pointless_ability: SUCCESS, 57
buy_team: SUCCESS
add_team: FAILURE
get_team_points: FAILURE
add_player_cards: SUCCESS
get_team_points: SUCCESS, 0
get_partial_spirit: FAILURE
get_player_cards: SUCCESS, 122
get_player_cards: SUCCESS, 191
num_played_games_for_player: SUCCESS, 22
buy_team: SUCCESS
num_played_games_for_player: SUCCESS, 22
get_team_points: SUCCESS, 0
add_player: FAILURE
get_team_points: SUCCESS, 0
add_player_cards: SUCCESS
get_partial_spirit: SUCCESS, 1,2,3,4,5
get_team_points: SUCCESS, 3
remove_team: FAILURE
add_player_cards: SUCCESS
get_team_points: SUCCESS, 3
get_team_points: SUCCESS, 0
get_player_cards: SUCCESS, 260
add_player: FAILURE
remove_team: FAILURE
remove_team: FAILURE
add_player_cards: SUCCESS
add_team: FAILURE
get_player_cards: SUCCESS, 166
get_player_cards: SUCCESS, 187
buy_team: SUCCESS
play_match: FAILURE
add_player: FAILURE
get_team_points: SUCCESS, 0
remove_team: FAILURE
add_player: FAILURE
get_player_cards: SUCCESS, 151
add_team: FAILURE
get_ith_pointless_ability: SUCCESS, 39
get_ith_pointless_ability: SUCCESS, 80
get_partial_spirit: FAILURE
remove_team: FAILURE
add_player: FAILURE
num_played_games_for_player: SUCCESS, 22
get_ith_pointless_ability: SUCCESS, 78
num_played_games_for_player: SUCCESS, 22
add_player: FAILURE
get_ith_pointless_ability: FAILURE
play_match: FAILURE
add_player_cards: SUCCESS
add_player_cards: FAILURE
add_player: FAILURE
remove_team: FAILURE
get_team_points: FAILURE
get_partial_spirit: SUCCESS, 2,4,5,1,3
get_partial_spirit: SUCCESS, 2,1,3,5,4
get_player_cards: SUCCESS, 231
num_played_games_for_player: SUCCESS, 22
add_player: FAILURE
add_team: FAILURE
