add_team: SUCCESS
add_team: SUCCESS
add_team: SUCCESS
add_team: SUCCESS
add_team: SUCCESS
add_team: SUCCESS
add_team: SUCCESS
add_team: SUCCESS
add_team: SUCCESS
add_team: SUCCESS
add_team: SUCCESS
add_team: SUCCESS
add_team: SUCCESS
add_team: SUCCESS
add_team: SUCCESS
add_team: SUCCESS
add_team: SUCCESS
add_team: SUCCESS
add_team: SUCCESS
add_team: SUCCESS
add_team: SUCCESS
add_team: SUCCESS
add_team: SUCCESS
add_team: SUCCESS
add_team: SUCCESS
add_team: SUCCESS
add_team: SUCCESS
add_team: SUCCESS
add_team: SUCCESS
add_team: SUCCESS
add_team: SUCCESS
add_team: SUCCESS
add_team: SUCCESS
add_team: SUCCESS
add_team: SUCCESS
add_team: SUCCESS
add_team: SUCCESS
add_team: SUCCESS
add_team: SUCCESS
add_team: SUCCESS
add_team: SUCCESS
add_team: SUCCESS
add_team: SUCCESS
add_team: SUCCESS
add_team: SUCCESS
add_team: SUCCESS
add_team: SUCCESS
add_team: SUCCESS
add_team: SUCCESS
add_team: SUCCESS
add_team: SUCCESS
add_team: SUCCESS
add_team: SUCCESS
add_team: SUCCESS
add_team: SUCCESS
add_team: SUCCESS
add_team: SUCCESS
add_team: SUCCESS
add_team: SUCCESS
add_team: SUCCESS
add_team: SUCCESS
add_team: SUCCESS
add_team: SUCCESS
add_team: SUCCESS
add_team: SUCCESS
add_team: SUCCESS
add_team: SUCCESS
add_team: SUCCESS
add_team: SUCCESS
add_team: SUCCESS
add_team: SUCCESS
add_team: SUCCESS
add_team: SUCCESS
add_team: SUCCESS
add_team: SUCCESS
add_team: SUCCESS
add_team: SUCCESS
add_team: SUCCESS
add_team: SUCCESS
add_team: SUCCESS
add_team: SUCCESS
add_team: SUCCESS
add_team: SUCCESS
add_team: SUCCESS
add_team: SUCCESS
add_team: SUCCESS
add_team: SUCCESS
add_team: SUCCESS
add_team: SUCCESS
add_team: SUCCESS
add_team: SUCCESS
add_team: SUCCESS
add_team: SUCCESS
add_team: SUCCESS
add_team: SUCCESS
add_team: SUCCESS
add_team: SUCCESS
add_team: SUCCESS
add_team: SUCCESS
add_team: SUCCESS
add_player: SUCCESS
add_player: SUCCESS
add_player: SUCCESS
add_player: SUCCESS
add_player: SUCCESS
add_player: SUCCESS
add_player: SUCCESS
add_player: SUCCESS
add_player: SUCCESS
add_player: SUCCESS
add_player: SUCCESS
add_player: SUCCESS
add_player: SUCCESS
add_player: SUCCESS
add_player: SUCCESS
add_player: SUCCESS
add_player: SUCCESS
add_player: SUCCESS
add_player: SUCCESS
add_player: SUCCESS
add_player: SUCCESS
add_player: SUCCESS
add_player: SUCCESS
add_player: SUCCESS
add_player: SUCCESS
add_player: SUCCESS
add_player: SUCCESS
add_player: SUCCESS
add_player: SUCCESS
add_player: SUCCESS
add_player: SUCCESS
add_player: SUCCESS
add_player: SUCCESS
add_player: SUCCESS
add_player: SUCCESS
add_player: SUCCESS
add_player: SUCCESS
add_player: SUCCESS
add_player: SUCCESS
add_player: SUCCESS
add_player: SUCCESS
add_player: SUCCESS
add_player: SUCCESS
add_player: SUCCESS
add_player: SUCCESS
add_player: SUCCESS
add_player: SUCCESS
add_player: SUCCESS
add_player: SUCCESS
add_player: SUCCESS
add_player: SUCCESS
add_player: SUCCESS
add_player: SUCCESS
add_player: SUCCESS
add_player: SUCCESS
add_player: SUCCESS
add_player: SUCCESS
add_player: SUCCESS
add_player: SUCCESS
add_player: SUCCESS
add_player: SUCCESS
add_player: SUCCESS
add_player: SUCCESS
add_player: SUCCESS
add_player: SUCCESS
add_player: SUCCESS
add_player: SUCCESS
add_player: SUCCESS
add_player: SUCCESS
add_player: SUCCESS
add_player: SUCCESS
add_player: SUCCESS
add_player: SUCCESS
add_player: SUCCESS
add_player: SUCCESS
add_player: SUCCESS
add_player: SUCCESS
add_player: SUCCESS
add_player: SUCCESS
add_player: SUCCESS
add_player: SUCCESS
add_player: SUCCESS
add_player: SUCCESS
add_player: SUCCESS
add_player: SUCCESS
add_player: SUCCESS
add_player: SUCCESS
add_player: SUCCESS
add_player: SUCCESS
add_player: SUCCESS
add_player: SUCCESS
add_player: SUCCESS
add_player: SUCCESS
add_player: SUCCESS
add_player: SUCCESS
add_player: SUCCESS
add_player: SUCCESS
add_player: SUCCESS
add_player: SUCCESS
add_player: SUCCESS
buy_team: SUCCESS
get_partial_spirit: SUCCESS, 4,3,2,1,5
add_player: SUCCESS
play_match: SUCCESS, 1
remove_team: FAILURE
buy_team: SUCCESS
add_player: SUCCESS
get_player_cards: SUCCESS, 130
add_player: SUCCESS
get_team_points: SUCCESS, 0
get_player_cards: SUCCESS, 180
remove_team: FAILURE
add_player: SUCCESS
add_player: SUCCESS
play_match: FAILURE
buy_team: SUCCESS
add_player_cards: SUCCESS
remove_team: FAILURE
add_player_cards: SUCCESS
get_ith_pointless_ability: SUCCESS, 70
get_player_cards: SUCCESS, 235
num_played_games_for_player: SUCCESS, 22
get_ith_pointless_ability: SUCCESS, 93
num_played_games_for_player: SUCCESS, 22
add_team: SUCCESS
add_player: SUCCESS
get_team_points: SUCCESS, 0
get_team_points: SUCCESS, 0
add_player: SUCCESS
get_ith_pointless_ability: FAILURE
get_player_cards: SUCCESS, 150
get_partial_spirit: SUCCESS, 1,2,3,4,5
buy_team: SUCCESS
get_partial_spirit: SUCCESS, 1,2,3,4,5
add_player_cards: SUCCESS
add_player: SUCCESS
add_player: SUCCESS
add_player_cards: SUCCESS
add_player: SUCCESS
remove_team: FAILURE
get_partial_spirit: SUCCESS, 1,2,3,4,5
get_partial_spirit: SUCCESS, 1,2,3,4,5
get_partial_spirit: SUCCESS, 4,3,1,5,2
add_player: SUCCESS
num_played_games_for_player: SUCCESS, 22
remove_team: FAILURE
get_ith_pointless_ability: FAILURE
get_player_cards: SUCCESS, 237
play_match: SUCCESS, 1
get_team_points: SUCCESS, 0
get_team_points: SUCCESS, 0
add_player: SUCCESS
get_partial_spirit: SUCCESS, 1,2,3,4,5
add_player_cards: SUCCESS
get_partial_spirit: SUCCESS, 1,2,3,4,5
get_player_cards: SUCCESS, 246
get_player_cards: SUCCESS, 17
get_ith_pointless_ability: SUCCESS, 97
add_player: SUCCESS
get_team_points: SUCCESS, 3
remove_team: FAILURE
add_player: SUCCESS
add_player_cards: SUCCESS
add_player: SUCCESS
add_player: SUCCESS
add_player: SUCCESS
add_team: FAILURE
get_ith_pointless_ability: FAILURE
add_player: SUCCESS
get_ith_pointless_ability: FAILURE
get_team_points: SUCCESS, 0
add_team: FAILURE
add_player: SUCCESS
buy_team: SUCCESS
add_player: SUCCESS
add_team: FAILURE
num_played_games_for_player: SUCCESS, 22
num_played_games_for_player: SUCCESS, 22
play_match: FAILURE
get_partial_spirit: SUCCESS, 1,2,3,4,5
add_player: SUCCESS
get_ith_pointless_ability: FAILURE
get_ith_pointless_ability: SUCCESS, 3
remove_team: FAILURE
get_team_points: SUCCESS, 0
get_player_cards: SUCCESS, 109
get_ith_pointless_ability: FAILURE
add_player_cards: SUCCESS
add_player: SUCCESS
get_ith_pointless_ability: SUCCESS, 63
num_played_games_for_player: SUCCESS, 22
get_player_cards: SUCCESS, 101
get_ith_pointless_ability: FAILURE
get_partial_spirit: SUCCESS, 1,2,3,4,5
add_team: FAILURE
add_player: SUCCESS
add_player: SUCCESS
add_player: SUCCESS
get_partial_spirit: SUCCESS, 1,2,3,4,5
get_player_cards: SUCCESS, 140
add_player: SUCCESS
get_player_cards: SUCCESS, 150
add_player: SUCCESS
get_player_cards: SUCCESS, 235
remove_team: FAILURE
get_player_cards: SUCCESS, 70
add_player: SUCCESS
add_player: SUCCESS
get_partial_spirit: SUCCESS, 5,3,1,4,2
get_partial_spirit: SUCCESS, 1,2,3,4,5
remove_team: FAILURE
remove_team: FAILURE
add_team: FAILURE
get_player_cards: SUCCESS, 282
get_ith_pointless_ability: SUCCESS, 3
get_team_points: SUCCESS, 0
remove_team: FAILURE
add_player: SUCCESS
add_player: SUCCESS
add_player: SUCCESS
add_player: SUCCESS
get_partial_spirit: SUCCESS, 1,2,3,4,5
add_team: FAILURE
add_player: SUCCESS
get_partial_spirit: SUCCESS, 1,2,3,4,5
get_partial_spirit: SUCCESS, 1,2,3,4,5
add_player: SUCCESS
add_player: SUCCESS
get_team_points: SUCCESS, 0
add_team: FAILURE
add_team: FAILURE
get_player_cards: SUCCESS, 17
buy_team: SUCCESS
remove_team: FAILURE
buy_team: SUCCESS
add_player: SUCCESS
buy_team: SUCCESS
add_player: SUCCESS
add_team: FAILURE
get_player_cards: SUCCESS, 247
add_player: SUCCESS
add_team: FAILURE
get_team_points: SUCCESS, 0
add_player_cards: SUCCESS
num_played_games_for_player: SUCCESS, 22
buy_team: SUCCESS
add_player_cards: SUCCESS
add_player: SUCCESS
get_player_cards: SUCCESS, 273
remove_team: FAILURE
play_match: FAILURE
add_team: FAILURE
get_player_cards: SUCCESS, 100
buy_team: SUCCESS
play_match: FAILURE
add_player_cards: SUCCESS
add_team: FAILURE
add_player: SUCCESS
add_team: FAILURE
add_player_cards: SUCCESS
get_team_points: SUCCESS, 0
add_player_cards: SUCCESS
add_player: SUCCESS
get_partial_spirit: SUCCESS, 1,5,4,2,3
get_ith_pointless_ability: SUCCESS, 59
get_partial_spirit: SUCCESS, 3,2,5,4,1
get_team_points: SUCCESS, 0
get_partial_spirit: SUCCESS, 1,2,3,4,5
get_team_points: SUCCESS, 0
add_player: FAILURE
get_ith_pointless_ability: SUCCESS, 26
get_team_points: SUCCESS, 0
add_player: SUCCESS
get_player_cards: SUCCESS, 213
buy_team: SUCCESS
add_player: SUCCESS
remove_team: FAILURE
play_match: FAILURE
add_player: SUCCESS
play_match: FAILURE
play_match: SUCCESS, 3
add_team: FAILURE
add_player: SUCCESS
get_partial_spirit: SUCCESS, 1,2,3,4,5
get_ith_pointless_ability: FAILURE
get_partial_spirit: SUCCESS, 5,3,1,2,4
get_player_cards: SUCCESS, 138
add_player_cards: SUCCESS
add_player: SUCCESS
num_played_games_for_player: SUCCESS, 22
get_team_points: SUCCESS, 0
get_player_cards: SUCCESS, 83
get_partial_spirit: SUCCESS, 3,4,1,2,5
buy_team: SUCCESS
add_team: FAILURE
add_team: FAILURE
add_player: SUCCESS
get_ith_pointless_ability: SUCCESS, 41
get_partial_spirit: SUCCESS, 5,3,2,1,4
get_partial_spirit: SUCCESS, 2,1,5,4,3
get_ith_pointless_ability: SUCCESS, 62
get_partial_spirit: SUCCESS, 3,2,5,4,1
add_player: FAILURE
add_player_cards: SUCCESS
get_team_points: SUCCESS, 0
get_team_points: SUCCESS, 0
get_player_cards: SUCCESS, 171
play_match: FAILURE
remove_team: FAILURE
num_played_games_for_player: SUCCESS, 22
add_player: SUCCESS
add_player: SUCCESS
buy_team: SUCCESS
add_team: FAILURE
add_player: SUCCESS
buy_team: SUCCESS
add_player: SUCCESS
add_player: SUCCESS
num_played_games_for_player: SUCCESS, 22
num_played_games_for_player: SUCCESS, 22
num_played_games_for_player: SUCCESS, 22
add_team: FAILURE
add_team: FAILURE
get_ith_pointless_ability: SUCCESS, 44
add_player: SUCCESS
add_player: SUCCESS
play_match: SUCCESS, 3
get_team_points: SUCCESS, 0
add_team: FAILURE
num_played_games_for_player: SUCCESS, 22
add_player: SUCCESS
get_player_cards: SUCCESS, 273
add_team: FAILURE
get_player_cards: SUCCESS, 153
add_player: SUCCESS
buy_team: SUCCESS
add_team: FAILURE
get_partial_spirit: SUCCESS, 1,2,3,4,5
add_player: SUCCESS
get_team_points: SUCCESS, 0
play_match: FAILURE
add_player_cards: SUCCESS
add_player: SUCCESS
buy_team: SUCCESS
get_partial_spirit: SUCCESS, 1,2,3,4,5
add_player: SUCCESS
num_played_games_for_player: SUCCESS, 22
add_player_cards: SUCCESS
get_partial_spirit: SUCCESS, 1,5,4,2,3
add_player: SUCCESS
buy_team: SUCCESS
add_team: FAILURE
buy_team: SUCCESS
add_team: FAILURE
add_player: SUCCESS
add_player_cards: SUCCESS
add_team: FAILURE
get_ith_pointless_ability: FAILURE
add_player_cards: SUCCESS
num_played_games_for_player: SUCCESS, 22
add_player: SUCCESS
add_player: SUCCESS
play_match: SUCCESS, 1
add_player: SUCCESS
add_team: FAILURE
add_team: FAILURE
get_player_cards: SUCCESS, 235
num_played_games_for_player: SUCCESS, 22
get_partial_spirit: SUCCESS, 1,2,3,4,5
get_partial_spirit: SUCCESS, 1,2,3,4,5
add_team: FAILURE
get_partial_spirit: SUCCESS, 1,2,3,4,5
add_player: SUCCESS
get_partial_spirit: SUCCESS, 2,5,3,1,4
add_player_cards: SUCCESS
get_team_points: SUCCESS, 0
play_match: FAILURE
num_played_games_for_player: SUCCESS, 22
remove_team: FAILURE
add_player: SUCCESS
buy_team: SUCCESS
get_ith_pointless_ability: SUCCESS, 68
buy_team: SUCCESS
add_team: FAILURE
add_player_cards: SUCCESS
get_team_points: SUCCESS, 3
play_match: SUCCESS, 1
get_ith_pointless_ability: SUCCESS, 93
get_player_cards: SUCCESS, 433
add_player: SUCCESS
buy_team: SUCCESS
buy_team: SUCCESS
remove_team: FAILURE
remove_team: FAILURE
get_ith_pointless_ability: SUCCESS, 29
play_match: FAILURE
get_ith_pointless_ability: SUCCESS, 13
get_ith_pointless_ability: SUCCESS, 95
add_team: FAILURE
buy_team: SUCCESS
get_team_points: SUCCESS, 0
play_match: FAILURE
add_player: SUCCESS
get_team_points: SUCCESS, 0
add_team: FAILURE
num_played_games_for_player: SUCCESS, 22
get_team_points: SUCCESS, 0
buy_team: SUCCESS
buy_team: SUCCESS
play_match: FAILURE
get_player_cards: SUCCESS, 539
get_player_cards: SUCCESS, 165
get_ith_pointless_ability: SUCCESS, 59
add_team: FAILURE
remove_team: FAILURE
add_player_cards: SUCCESS
add_player: SUCCESS
get_ith_pointless_ability: FAILURE
add_player: FAILURE
add_player: FAILURE
add_team: FAILURE
get_ith_pointless_ability: SUCCESS, 13
play_match: FAILURE
add_player: FAILURE
remove_team: FAILURE
remove_team: FAILURE
add_player: SUCCESS
get_team_points: SUCCESS, 0
get_partial_spirit: SUCCESS, 3,2,4,5,1
get_partial_spirit: SUCCESS, 1,2,3,4,5
add_player: SUCCESS
add_player_cards: SUCCESS
add_player: SUCCESS
play_match: SUCCESS, 3
add_team: FAILURE
add_player: SUCCESS
add_player: SUCCESS
play_match: FAILURE
get_partial_spirit: SUCCESS, 3,4,2,1,5
add_player_cards: FAILURE
play_match: FAILURE
get_partial_spirit: SUCCESS, 5,1,4,3,2
get_player_cards: SUCCESS, 164
get_ith_pointless_ability: FAILURE
get_partial_spirit: SUCCESS, 1,5,4,2,3
add_player: SUCCESS
add_team: FAILURE
add_player_cards: SUCCESS
get_ith_pointless_ability: FAILURE
add_player: SUCCESS
remove_team: FAILURE
get_team_points: SUCCESS, 0
add_team: FAILURE
add_team: FAILURE
add_team: FAILURE
buy_team: SUCCESS
get_ith_pointless_ability: FAILURE
num_played_games_for_player: SUCCESS, 22
get_partial_spirit: SUCCESS, 1,2,3,4,5
add_player_cards: SUCCESS
add_player: SUCCESS
get_team_points: SUCCESS, 0
play_match: SUCCESS, 1
num_played_games_for_player: SUCCESS, 22
num_played_games_for_player: SUCCESS, 22
remove_team: FAILURE
add_player: SUCCESS
add_player: FAILURE
get_player_cards: SUCCESS, 57
num_played_games_for_player: SUCCESS, 22
get_partial_spirit: SUCCESS, 1,2,3,4,5
get_team_points: SUCCESS, 6
get_team_points: SUCCESS, 0
get_ith_pointless_ability: SUCCESS, 44
get_ith_pointless_ability: SUCCESS, 80
remove_team: FAILURE
get_team_points: SUCCESS, 0
get_ith_pointless_ability: SUCCESS, 36
num_played_games_for_player: SUCCESS, 22
add_player_cards: SUCCESS
add_player: SUCCESS
add_player_cards: SUCCESS
buy_team: SUCCESS
add_player: SUCCESS
num_played_games_for_player: SUCCESS, 22
add_team: FAILURE
add_player: SUCCESS
num_played_games_for_player: SUCCESS, 22
add_player: SUCCESS
add_team: FAILURE
get_player_cards: SUCCESS, 274
get_player_cards: SUCCESS, 203
play_match: FAILURE
add_team: FAILURE
add_team: FAILURE
play_match: FAILURE
remove_team: FAILURE
add_player: FAILURE
add_player: SUCCESS
get_team_points: SUCCESS, 0
get_player_cards: SUCCESS, 299
get_player_cards: SUCCESS, 107
add_player: SUCCESS
remove_team: FAILURE
buy_team: SUCCESS
get_ith_pointless_ability: FAILURE
get_ith_pointless_ability: FAILURE
add_player: SUCCESS
add_player: SUCCESS
get_team_points: SUCCESS, 0
get_player_cards: SUCCESS, 220
num_played_games_for_player: SUCCESS, 22
add_player: FAILURE
add_team: FAILURE
get_player_cards: SUCCESS, 257
get_team_points: SUCCESS, 0
get_team_points: SUCCESS, 0
add_player: SUCCESS
play_match: FAILURE
add_player: SUCCESS
num_played_games_for_player: SUCCESS, 22
add_player_cards: SUCCESS
remove_team: FAILURE
get_ith_pointless_ability: FAILURE
add_team: FAILURE
buy_team: SUCCESS
buy_team: SUCCESS
get_team_points: SUCCESS, 0
remove_team: FAILURE
add_player_cards: SUCCESS
add_player: SUCCESS
get_partial_spirit: SUCCESS, 1,5,4,2,3
buy_team: SUCCESS
get_partial_spirit: SUCCESS, 5,3,2,1,4
get_player_cards: SUCCESS, 174
remove_team: FAILURE
play_match: FAILURE
add_player_cards: SUCCESS
get_partial_spirit: SUCCESS, 1,2,3,4,5
add_player: SUCCESS
get_player_cards: SUCCESS, 64
add_player: SUCCESS
buy_team: SUCCESS
get_team_points: SUCCESS, 0
get_partial_spirit: SUCCESS, 2,5,3,1,4
add_player: SUCCESS
get_partial_spirit: SUCCESS, 2,5,1,3,4
play_match: SUCCESS, 3
add_player: FAILURE
add_player_cards: SUCCESS
play_match: FAILURE
get_player_cards: SUCCESS, 203
get_ith_pointless_ability: FAILURE
add_player: SUCCESS
add_team: FAILURE
add_team: FAILURE
add_player_cards: SUCCESS
add_team: FAILURE
add_player: FAILURE
add_player_cards: SUCCESS
get_ith_pointless_ability: SUCCESS, 35
remove_team: FAILURE
add_player: SUCCESS
add_team: FAILURE
add_player_cards: SUCCESS
add_team: FAILURE
add_player_cards: SUCCESS
buy_team: SUCCESS
add_team: FAILURE
get_team_points: SUCCESS, 0
add_player_cards: SUCCESS
add_player_cards: SUCCESS
add_player_cards: SUCCESS
add_player: FAILURE
add_player: FAILURE
add_player: SUCCESS
add_player: SUCCESS
add_player_cards: SUCCESS
add_player: SUCCESS
get_player_cards: SUCCESS, 168
play_match: FAILURE
get_partial_spirit: SUCCESS, 4,1,3,2,5
get_partial_spirit: SUCCESS, 1,2,3,4,5
add_player: SUCCESS
get_ith_pointless_ability: SUCCESS, 26
add_team: FAILURE
get_player_cards: SUCCESS, 116
get_partial_spirit: SUCCESS, 1,2,3,4,5
get_ith_pointless_ability: SUCCESS, 62
remove_team: FAILURE
get_ith_pointless_ability: SUCCESS, 65
add_player_cards: SUCCESS
get_player_cards: SUCCESS, 164
buy_team: SUCCESS
get_partial_spirit: SUCCESS, 1,2,3,4,5
buy_team: SUCCESS
remove_team: FAILURE
buy_team: SUCCESS
add_team: FAILURE
add_player: SUCCESS
add_player_cards: SUCCESS
add_player: SUCCESS
add_team: FAILURE
get_partial_spirit: SUCCESS, 1,4,5,2,3
buy_team: SUCCESS
get_player_cards: SUCCESS, 123
remove_team: FAILURE
add_player: FAILURE
num_played_games_for_player: SUCCESS, 22
add_player_cards: SUCCESS
get_partial_spirit: SUCCESS, 4,5,3,2,1
get_player_cards: SUCCESS, 202
get_team_points: SUCCESS, 0
add_team: FAILURE
play_match: FAILURE
get_team_points: SUCCESS, 0
get_team_points: SUCCESS, 0
get_ith_pointless_ability: SUCCESS, 8
num_played_games_for_player: SUCCESS, 22
add_player: SUCCESS
remove_team: FAILURE
get_partial_spirit: SUCCESS, 1,5,4,3,2
get_player_cards: SUCCESS, 111
get_ith_pointless_ability: SUCCESS, 13
num_played_games_for_player: SUCCESS, 22
add_player_cards: FAILURE
play_match: FAILURE
add_player: SUCCESS
remove_team: FAILURE
buy_team: SUCCESS
buy_team: SUCCESS
get_partial_spirit: SUCCESS, 1,2,3,4,5
get_partial_spirit: SUCCESS, 1,2,3,4,5
remove_team: FAILURE
add_player: SUCCESS
get_partial_spirit: SUCCESS, 1,2,3,4,5
remove_team: FAILURE
add_team: FAILURE
add_player_cards: SUCCESS
get_partial_spirit: SUCCESS, 1,2,3,4,5
get_team_points: SUCCESS, 0
get_player_cards: SUCCESS, 230
add_player_cards: SUCCESS
get_team_points: SUCCESS, 0
get_player_cards: SUCCESS, 291
num_played_games_for_player: SUCCESS, 22
get_partial_spirit: SUCCESS, 3,5,4,2,1
add_team: FAILURE
add_player: SUCCESS
get_team_points: SUCCESS, 0
buy_team: SUCCESS
get_partial_spirit: SUCCESS, 5,1,4,3,2
add_player: FAILURE
get_player_cards: SUCCESS, 103
buy_team: SUCCESS
remove_team: FAILURE
add_player: FAILURE
add_player_cards: SUCCESS
add_player_cards: SUCCESS
get_partial_spirit: SUCCESS, 1,2,3,4,5
add_team: FAILURE
add_player_cards: SUCCESS
get_ith_pointless_ability: SUCCESS, 37
get_partial_spirit: SUCCESS, 2,1,4,3,5
add_player: SUCCESS
get_player_cards: SUCCESS, 64
play_match: FAILURE
get_player_cards: SUCCESS, 171
get_player_cards: SUCCESS, 511
num_played_games_for_player: SUCCESS, 22
remove_team: FAILURE
add_player: FAILURE
add_player: SUCCESS
num_played_games_for_player: SUCCESS, 22
add_player: FAILURE
buy_team: SUCCESS
get_partial_spirit: SUCCESS, 3,1,5,4,2
add_player: SUCCESS
get_team_points: SUCCESS, 0
add_player: SUCCESS
add_player_cards: SUCCESS
play_match: FAILURE
get_team_points: SUCCESS, 0
play_match: FAILURE
add_player: FAILURE
get_team_points: SUCCESS, 0
buy_team: SUCCESS
add_player: FAILURE
add_player: SUCCESS
add_player: SUCCESS
get_player_cards: SUCCESS, 481
buy_team: SUCCESS
add_player_cards: FAILURE
add_player_cards: SUCCESS
add_player: SUCCESS
remove_team: FAILURE
num_played_games_for_player: SUCCESS, 22
get_partial_spirit: SUCCESS, 3,5,4,2,1
add_team: FAILURE
num_played_games_for_player: SUCCESS, 22
buy_team: SUCCESS
add_player: SUCCESS
play_match: FAILURE
get_team_points: SUCCESS, 0
get_team_points: SUCCESS, 0
play_match: SUCCESS, 3
add_player: SUCCESS
add_player: FAILURE
get_team_points: SUCCESS, 0
buy_team: SUCCESS
add_team: FAILURE
add_player: FAILURE
add_player: FAILURE
get_ith_pointless_ability: SUCCESS, 63
get_ith_pointless_ability: SUCCESS, 42
get_partial_spirit: SUCCESS, 3,4,2,5,1
add_player: FAILURE
get_ith_pointless_ability: FAILURE
get_ith_pointless_ability: SUCCESS, 40
get_partial_spirit: SUCCESS, 1,2,3,4,5
buy_team: SUCCESS
remove_team: FAILURE
add_team: FAILURE
get_player_cards: SUCCESS, 16
add_player: SUCCESS
add_player: SUCCESS
add_player: SUCCESS
add_player: SUCCESS
remove_team: FAILURE
add_player: FAILURE
get_team_points: SUCCESS, 0
buy_team: SUCCESS
play_match: FAILURE
add_player: SUCCESS
add_player: FAILURE
add_player: SUCCESS
get_ith_pointless_ability: SUCCESS, 64
get_ith_pointless_ability: SUCCESS, 65
add_player_cards: SUCCESS
remove_team: FAILURE
add_player: FAILURE
add_player: SUCCESS
num_played_games_for_player: SUCCESS, 22
add_player_cards: SUCCESS
add_player_cards: SUCCESS
get_team_points: SUCCESS, 0
remove_team: FAILURE
get_player_cards: SUCCESS, 148
get_player_cards: SUCCESS, 57
get_team_points: SUCCESS, 0
buy_team: SUCCESS
get_partial_spirit: SUCCESS, 1,2,3,4,5
get_team_points: SUCCESS, 0
play_match: FAILURE
add_player: SUCCESS
add_team: FAILURE
get_team_points: FAILURE
add_team: FAILURE
add_team: FAILURE
get_partial_spirit: SUCCESS, 2,3,4,1,5
get_partial_spirit: SUCCESS, 4,2,1,5,3
get_team_points: SUCCESS, 0
add_player_cards: SUCCESS
add_team: FAILURE
get_ith_pointless_ability: FAILURE
get_ith_pointless_ability: SUCCESS, 60
add_player_cards: SUCCESS
play_match: SUCCESS, 1
play_match: FAILURE
add_player: FAILURE
get_partial_spirit: SUCCESS, 1,2,3,4,5
remove_team: FAILURE
remove_team: FAILURE
get_partial_spirit: FAILURE
add_player: SUCCESS
play_match: FAILURE
remove_team: FAILURE
add_team: FAILURE
get_team_points: FAILURE
play_match: FAILURE
buy_team: SUCCESS
add_player_cards: FAILURE
num_played_games_for_player: SUCCESS, 22
add_player: FAILURE
add_team: FAILURE
get_partial_spirit: SUCCESS, 1,2,3,4,5
add_team: FAILURE
add_team: FAILURE
get_player_cards: SUCCESS, 112
remove_team: FAILURE
add_player: FAILURE
get_ith_pointless_ability: SUCCESS, 68
buy_team: SUCCESS
add_player: FAILURE
get_ith_pointless_ability: SUCCESS, 35
get_partial_spirit: SUCCESS, 1,4,5,2,3
add_player: SUCCESS
get_partial_spirit: SUCCESS, 1,2,3,4,5
add_team: FAILURE
add_player: SUCCESS
play_match: FAILURE
buy_team: SUCCESS
buy_team: SUCCESS
get_team_points: SUCCESS, 0
add_player: SUCCESS
add_player: FAILURE
add_player_cards: SUCCESS
num_played_games_for_player: SUCCESS, 22
remove_team: FAILURE
add_team: FAILURE
get_player_cards: SUCCESS, 490
add_player: FAILURE
buy_team: SUCCESS
add_team: FAILURE
add_player: FAILURE
buy_team: SUCCESS
buy_team: SUCCESS
add_player: SUCCESS
get_ith_pointless_ability: SUCCESS, 85
add_player: FAILURE
get_team_points: SUCCESS, 0
get_partial_spirit: SUCCESS, 3,5,2,1,4
add_player: SUCCESS
get_player_cards: SUCCESS, 275
remove_team: FAILURE
get_player_cards: SUCCESS, 393
get_team_points: SUCCESS, 0
add_player: SUCCESS
num_played_games_for_player: SUCCESS, 22
num_played_games_for_player: SUCCESS, 22
buy_team: SUCCESS
add_player_cards: SUCCESS
add_player: FAILURE
add_team: FAILURE
play_match: SUCCESS, 3
add_player: FAILURE
add_team: FAILURE
num_played_games_for_player: SUCCESS, 22
add_player: SUCCESS
add_team: FAILURE
num_played_games_for_player: SUCCESS, 22
add_player_cards: FAILURE
add_team: FAILURE
get_team_points: SUCCESS, 0
add_player: FAILURE
add_player: SUCCESS
add_player: FAILURE
add_player: FAILURE
add_player: SUCCESS
buy_team: SUCCESS
get_team_points: SUCCESS, 0
buy_team: SUCCESS
add_player: FAILURE
get_player_cards: SUCCESS, 299
add_player: SUCCESS
get_team_points: FAILURE
buy_team: SUCCESS
add_player: FAILURE
add_player: SUCCESS
get_team_points: SUCCESS, 0
get_ith_pointless_ability: SUCCESS, 72
get_team_points: SUCCESS, 6
get_ith_pointless_ability: FAILURE
add_player: SUCCESS
buy_team: SUCCESS
add_player: FAILURE
add_player_cards: SUCCESS
play_match: FAILURE
get_ith_pointless_ability: SUCCESS, 19
get_player_cards: SUCCESS, 137
get_team_points: SUCCESS, 0
get_ith_pointless_ability: SUCCESS, 23
add_player: SUCCESS
num_played_games_for_player: SUCCESS, 22
add_player: SUCCESS
buy_team: SUCCESS
get_team_points: SUCCESS, 0
add_player_cards: SUCCESS
get_team_points: FAILURE
buy_team: SUCCESS
get_team_points: SUCCESS, 0
get_team_points: SUCCESS, 0
add_player: FAILURE
num_played_games_for_player: SUCCESS, 22
add_player: FAILURE
add_player: FAILURE
buy_team: SUCCESS
get_player_cards: SUCCESS, 16
add_player: SUCCESS
get_partial_spirit: FAILURE
add_player: SUCCESS
add_player: SUCCESS
get_ith_pointless_ability: FAILURE
play_match: FAILURE
get_partial_spirit: SUCCESS, 1,2,3,4,5
remove_team: FAILURE
get_partial_spirit: FAILURE
num_played_games_for_player: SUCCESS, 22
remove_team: FAILURE
get_player_cards: SUCCESS, 255
add_player: FAILURE
remove_team: FAILURE
get_player_cards: SUCCESS, 99
get_ith_pointless_ability: FAILURE
num_played_games_for_player: SUCCESS, 22
add_player: FAILURE
num_played_games_for_player: SUCCESS, 22
get_team_points: SUCCESS, 0
get_team_points: SUCCESS, 0
buy_team: SUCCESS
add_team: FAILURE
play_match: FAILURE
add_player_cards: SUCCESS
add_team: FAILURE
add_team: FAILURE
get_player_cards: SUCCESS, 228
add_player: FAILURE
add_player_cards: SUCCESS
add_player_cards: FAILURE
add_player: FAILURE
get_player_cards: SUCCESS, 181
get_ith_pointless_ability: SUCCESS, 26
get_player_cards: SUCCESS, 137
num_played_games_for_player: SUCCESS, 22
get_partial_spirit: SUCCESS, 1,2,3,4,5
add_player: SUCCESS
remove_team: FAILURE
buy_team: SUCCESS
get_partial_spirit: FAILURE
num_played_games_for_player: SUCCESS, 22
buy_team: SUCCESS
buy_team: SUCCESS
get_partial_spirit: FAILURE
get_partial_spirit: FAILURE
get_ith_pointless_ability: SUCCESS, 29
get_ith_pointless_ability: SUCCESS, 23
remove_team: FAILURE
buy_team: SUCCESS
add_team: FAILURE
add_player: SUCCESS
get_partial_spirit: SUCCESS, 1,4,3,5,2
add_player_cards: SUCCESS
add_player: SUCCESS
get_player_cards: SUCCESS, 145
buy_team: SUCCESS
add_player: SUCCESS
add_player_cards: SUCCESS
add_player: FAILURE
buy_team: SUCCESS
get_partial_spirit: SUCCESS, 1,2,3,4,5
get_ith_pointless_ability: SUCCESS, 35
add_player_cards: SUCCESS
get_player_cards: SUCCESS, 319
get_team_points: FAILURE
get_partial_spirit: FAILURE
get_player_cards: SUCCESS, 255
add_player: SUCCESS
get_ith_pointless_ability: FAILURE
add_team: FAILURE
add_player: FAILURE
add_player: FAILURE
play_match: SUCCESS, 3
get_ith_pointless_ability: SUCCESS, 35
buy_team: SUCCESS
num_played_games_for_player: SUCCESS, 22
add_player_cards: SUCCESS
add_player: FAILURE
add_player: SUCCESS
get_team_points: FAILURE
add_player: SUCCESS
get_partial_spirit: SUCCESS, 5,3,2,4,1
add_player_cards: FAILURE
num_played_games_for_player: SUCCESS, 22
add_team: FAILURE
remove_team: FAILURE
buy_team: SUCCESS
remove_team: FAILURE
add_team: FAILURE
add_team: FAILURE
buy_team: SUCCESS
add_player_cards: FAILURE
remove_team: FAILURE
add_player: FAILURE
add_player: SUCCESS
add_player: FAILURE
num_played_games_for_player: SUCCESS, 22
get_ith_pointless_ability: SUCCESS, 44
get_ith_pointless_ability: FAILURE
add_player: SUCCESS
add_team: FAILURE
get_team_points: SUCCESS, 0
get_partial_spirit: SUCCESS, 2,3,1,4,5
add_player: FAILURE
get_player_cards: SUCCESS, 156
add_player_cards: SUCCESS
play_match: FAILURE
add_player_cards: SUCCESS
play_match: SUCCESS, 1
add_player: FAILURE
remove_team: FAILURE
add_player: SUCCESS
get_partial_spirit: SUCCESS, 2,1,4,5,3
buy_team: SUCCESS
num_played_games_for_player: SUCCESS, 22
get_ith_pointless_ability: SUCCESS, 34
add_player: FAILURE
get_partial_spirit: SUCCESS, 4,1,5,3,2
add_player_cards: SUCCESS
num_played_games_for_player: SUCCESS, 22
add_player_cards: SUCCESS
get_partial_spirit: FAILURE
add_player: FAILURE
remove_team: FAILURE
add_player_cards: SUCCESS
num_played_games_for_player: SUCCESS, 22
get_player_cards: SUCCESS, 96
add_team: FAILURE
num_played_games_for_player: SUCCESS, 22
add_player: SUCCESS
add_player: FAILURE
buy_team: SUCCESS
get_team_points: SUCCESS, 0
get_player_cards: SUCCESS, 438
num_played_games_for_player: SUCCESS, 22
get_ith_pointless_ability: SUCCESS, 63
get_player_cards: SUCCESS, 146
add_player: SUCCESS
add_player_cards: SUCCESS
add_player: SUCCESS
add_player: FAILURE
get_player_cards: SUCCESS, 172
add_team: FAILURE
remove_team: FAILURE
buy_team: SUCCESS
get_player_cards: SUCCESS, 156
remove_team: FAILURE
get_ith_pointless_ability: SUCCESS, 63
get_player_cards: SUCCESS, 508
play_match: SUCCESS, 1
num_played_games_for_player: SUCCESS, 22
get_ith_pointless_ability: SUCCESS, 96
get_ith_pointless_ability: SUCCESS, 35
remove_team: FAILURE
get_partial_spirit: SUCCESS, 1,2,3,4,5
get_partial_spirit: SUCCESS, 1,3,5,2,4
get_partial_spirit: SUCCESS, 5,3,4,2,1
add_player: FAILURE
get_player_cards: SUCCESS, 130
add_player_cards: FAILURE
buy_team: SUCCESS
add_player_cards: SUCCESS
get_partial_spirit: SUCCESS, 3,2,4,5,1
add_player: FAILURE
add_player: FAILURE
add_player_cards: FAILURE
remove_team: FAILURE
get_ith_pointless_ability: SUCCESS, 30
add_player_cards: SUCCESS
get_player_cards: SUCCESS, 250
add_player: SUCCESS
num_played_games_for_player: SUCCESS, 22
play_match: SUCCESS, 1
add_player_cards: SUCCESS
get_ith_pointless_ability: SUCCESS, 47
add_player_cards: SUCCESS
buy_team: SUCCESS
add_player: SUCCESS
play_match: FAILURE
get_ith_pointless_ability: SUCCESS, 80
add_player: SUCCESS
add_player: FAILURE
add_team: FAILURE
add_player: SUCCESS
get_ith_pointless_ability: SUCCESS, 70
get_partial_spirit: SUCCESS, 1,2,3,4,5
play_match: SUCCESS, 1
add_player: SUCCESS
get_team_points: FAILURE
remove_team: FAILURE
add_player: FAILURE
add_player: FAILURE
play_match: FAILURE
play_match: FAILURE
play_match: SUCCESS, 1
num_played_games_for_player: SUCCESS, 22
add_team: FAILURE
remove_team: FAILURE
add_player: SUCCESS
add_player_cards: FAILURE
add_team: FAILURE
play_match: FAILURE
get_ith_pointless_ability: SUCCESS, 91
num_played_games_for_player: SUCCESS, 22
get_ith_pointless_ability: SUCCESS, 26
get_team_points: FAILURE
get_player_cards: SUCCESS, 23
get_partial_spirit: SUCCESS, 1,2,3,4,5
get_ith_pointless_ability: FAILURE
num_played_games_for_player: SUCCESS, 22
get_player_cards: SUCCESS, 228
