add_team: SUCCESS
add_team: SUCCESS
add_team: SUCCESS
add_team: SUCCESS
add_team: SUCCESS
add_team: SUCCESS
add_team: SUCCESS
add_team: SUCCESS
add_team: SUCCESS
add_team: SUCCESS
add_team: SUCCESS
add_team: SUCCESS
add_team: SUCCESS
add_team: SUCCESS
add_team: SUCCESS
add_team: SUCCESS
add_team: SUCCESS
add_team: SUCCESS
add_team: SUCCESS
add_team: SUCCESS
add_team: SUCCESS
add_team: SUCCESS
add_team: SUCCESS
add_team: SUCCESS
add_team: SUCCESS
add_team: SUCCESS
add_team: SUCCESS
add_team: SUCCESS
add_team: SUCCESS
add_team: SUCCESS
add_team: SUCCESS
add_team: SUCCESS
add_team: SUCCESS
add_team: SUCCESS
add_team: SUCCESS
add_team: SUCCESS
add_team: SUCCESS
add_team: SUCCESS
add_team: SUCCESS
add_team: SUCCESS
add_team: SUCCESS
add_team: SUCCESS
add_team: SUCCESS
add_team: SUCCESS
add_team: SUCCESS
add_team: SUCCESS
add_team: SUCCESS
add_team: SUCCESS
add_team: SUCCESS
add_team: SUCCESS
add_team: SUCCESS
add_team: SUCCESS
add_team: SUCCESS
add_team: SUCCESS
add_team: SUCCESS
add_team: SUCCESS
add_team: SUCCESS
add_team: SUCCESS
add_team: SUCCESS
add_team: SUCCESS
add_team: SUCCESS
add_team: SUCCESS
add_team: SUCCESS
add_team: SUCCESS
add_team: SUCCESS
add_team: SUCCESS
add_team: SUCCESS
add_team: SUCCESS
add_team: SUCCESS
add_team: SUCCESS
add_team: SUCCESS
add_team: SUCCESS
add_team: SUCCESS
add_team: SUCCESS
add_team: SUCCESS
add_team: SUCCESS
add_team: SUCCESS
add_team: SUCCESS
add_team: SUCCESS
add_team: SUCCESS
add_team: SUCCESS
add_team: SUCCESS
add_team: SUCCESS
add_team: SUCCESS
add_team: SUCCESS
add_team: SUCCESS
add_team: SUCCESS
add_team: SUCCESS
add_team: SUCCESS
add_team: SUCCESS
add_team: SUCCESS
add_team: SUCCESS
add_team: SUCCESS
add_team: SUCCESS
add_team: SUCCESS
add_team: SUCCESS
add_team: SUCCESS
add_team: SUCCESS
add_team: SUCCESS
add_team: SUCCESS
add_player: SUCCESS
add_player: SUCCESS
add_player: SUCCESS
add_player: SUCCESS
add_player: SUCCESS
add_player: SUCCESS
add_player: SUCCESS
add_player: SUCCESS
add_player: SUCCESS
add_player: SUCCESS
add_player: SUCCESS
add_player: SUCCESS
add_player: SUCCESS
add_player: SUCCESS
add_player: SUCCESS
add_player: SUCCESS
add_player: SUCCESS
add_player: SUCCESS
add_player: SUCCESS
add_player: SUCCESS
add_player: SUCCESS
add_player: SUCCESS
add_player: SUCCESS
add_player: SUCCESS
add_player: SUCCESS
add_player: SUCCESS
add_player: SUCCESS
add_player: SUCCESS
add_player: SUCCESS
add_player: SUCCESS
add_player: SUCCESS
add_player: SUCCESS
add_player: SUCCESS
add_player: SUCCESS
add_player: SUCCESS
add_player: SUCCESS
add_player: SUCCESS
add_player: SUCCESS
add_player: SUCCESS
add_player: SUCCESS
add_player: SUCCESS
add_player: SUCCESS
add_player: SUCCESS
add_player: SUCCESS
add_player: SUCCESS
add_player: SUCCESS
add_player: SUCCESS
add_player: SUCCESS
add_player: SUCCESS
add_player: SUCCESS
add_player: SUCCESS
add_player: SUCCESS
add_player: SUCCESS
add_player: SUCCESS
add_player: SUCCESS
add_player: SUCCESS
add_player: SUCCESS
add_player: SUCCESS
add_player: SUCCESS
add_player: SUCCESS
add_player: SUCCESS
add_player: SUCCESS
add_player: SUCCESS
add_player: SUCCESS
add_player: SUCCESS
add_player: SUCCESS
add_player: SUCCESS
add_player: SUCCESS
add_player: SUCCESS
add_player: SUCCESS
add_player: SUCCESS
add_player: SUCCESS
add_player: SUCCESS
add_player: SUCCESS
add_player: SUCCESS
add_player: SUCCESS
add_player: SUCCESS
add_player: SUCCESS
add_player: SUCCESS
add_player: SUCCESS
add_player: SUCCESS
add_player: SUCCESS
add_player: SUCCESS
add_player: SUCCESS
add_player: SUCCESS
add_player: SUCCESS
add_player: SUCCESS
add_player: SUCCESS
add_player: SUCCESS
add_player: SUCCESS
add_player: SUCCESS
add_player: SUCCESS
add_player: SUCCESS
add_player: SUCCESS
add_player: SUCCESS
add_player: SUCCESS
add_player: SUCCESS
add_player: SUCCESS
add_player: SUCCESS
add_player: SUCCESS
get_team_points: SUCCESS, 0
add_player: SUCCESS
add_team: SUCCESS
add_team: FAILURE
add_player: SUCCESS
num_played_games_for_player: SUCCESS, 22
add_team: FAILURE
remove_team: FAILURE
add_player: SUCCESS
add_player: SUCCESS
add_team: FAILURE
add_player: SUCCESS
get_partial_spirit: SUCCESS, 1,2,3,4,5
add_player_cards: SUCCESS
add_player: SUCCESS
buy_team: SUCCESS
buy_team: SUCCESS
add_team: FAILURE
add_player: SUCCESS
add_player_cards: SUCCESS
buy_team: SUCCESS
get_ith_pointless_ability: SUCCESS, 31
get_player_cards: SUCCESS, 79
add_player: SUCCESS
add_player: SUCCESS
get_ith_pointless_ability: FAILURE
get_team_points: SUCCESS, 0
add_team: FAILURE
get_team_points: SUCCESS, 0
play_match: FAILURE
add_player_cards: SUCCESS
remove_team: FAILURE
add_player: SUCCESS
get_partial_spirit: SUCCESS, 2,4,1,5,3
get_partial_spirit: SUCCESS, 2,4,5,1,3
add_player: SUCCESS
add_player_cards: SUCCESS
get_ith_pointless_ability: SUCCESS, 28
add_player: SUCCESS
add_team: FAILURE
add_team: FAILURE
play_match: FAILURE
buy_team: SUCCESS
add_team: FAILURE
get_player_cards: SUCCESS, 244
add_team: FAILURE
add_player: SUCCESS
get_player_cards: SUCCESS, 59
play_match: FAILURE
get_ith_pointless_ability: SUCCESS, 15
get_ith_pointless_ability: FAILURE
num_played_games_for_player: SUCCESS, 22
add_player: SUCCESS
play_match: FAILURE
play_match: FAILURE
buy_team: SUCCESS
remove_team: FAILURE
get_player_cards: SUCCESS, 172
add_team: FAILURE
buy_team: SUCCESS
get_partial_spirit: SUCCESS, 2,4,5,1,3
add_team: FAILURE
add_player: SUCCESS
add_player: SUCCESS
get_ith_pointless_ability: SUCCESS, 54
add_team: FAILURE
add_player: SUCCESS
remove_team: FAILURE
remove_team: FAILURE
get_partial_spirit: SUCCESS, 1,2,3,4,5
remove_team: FAILURE
add_player: SUCCESS
add_player: SUCCESS
add_player: FAILURE
num_played_games_for_player: SUCCESS, 22
num_played_games_for_player: SUCCESS, 22
get_ith_pointless_ability: SUCCESS, 60
get_player_cards: SUCCESS, 4
add_team: FAILURE
play_match: FAILURE
buy_team: SUCCESS
add_team: FAILURE
get_player_cards: SUCCESS, 222
get_ith_pointless_ability: SUCCESS, 77
add_player: SUCCESS
play_match: FAILURE
buy_team: SUCCESS
add_player: SUCCESS
play_match: FAILURE
add_player_cards: SUCCESS
play_match: FAILURE
remove_team: FAILURE
get_partial_spirit: SUCCESS, 5,2,4,1,3
get_ith_pointless_ability: FAILURE
add_player_cards: SUCCESS
get_player_cards: SUCCESS, 2
add_team: FAILURE
add_player: SUCCESS
add_player: SUCCESS
num_played_games_for_player: SUCCESS, 22
get_player_cards: SUCCESS, 40
buy_team: SUCCESS
add_player: SUCCESS
remove_team: FAILURE
buy_team: SUCCESS
add_player: SUCCESS
add_player_cards: SUCCESS
get_ith_pointless_ability: FAILURE
get_player_cards: SUCCESS, 48
remove_team: FAILURE
add_player: SUCCESS
add_player: SUCCESS
buy_team: SUCCESS
add_player: SUCCESS
num_played_games_for_player: SUCCESS, 22
get_team_points: SUCCESS, 0
add_player: SUCCESS
get_team_points: SUCCESS, 0
remove_team: FAILURE
remove_team: FAILURE
num_played_games_for_player: SUCCESS, 22
add_player_cards: SUCCESS
add_player: SUCCESS
get_player_cards: SUCCESS, 4
buy_team: SUCCESS
add_player: SUCCESS
buy_team: SUCCESS
play_match: FAILURE
add_player_cards: SUCCESS
add_player: SUCCESS
add_player_cards: SUCCESS
buy_team: SUCCESS
buy_team: SUCCESS
get_ith_pointless_ability: SUCCESS, 23
play_match: FAILURE
get_player_cards: SUCCESS, 265
play_match: FAILURE
buy_team: SUCCESS
get_ith_pointless_ability: SUCCESS, 71
add_team: FAILURE
num_played_games_for_player: SUCCESS, 22
get_ith_pointless_ability: SUCCESS, 81
get_ith_pointless_ability: SUCCESS, 77
add_player_cards: SUCCESS
remove_team: FAILURE
play_match: SUCCESS, 1
buy_team: SUCCESS
buy_team: SUCCESS
get_ith_pointless_ability: SUCCESS, 73
get_partial_spirit: SUCCESS, 3,2,5,1,4
get_player_cards: SUCCESS, 264
get_player_cards: SUCCESS, 91
play_match: FAILURE
num_played_games_for_player: SUCCESS, 22
get_partial_spirit: SUCCESS, 2,1,4,3,5
add_player_cards: SUCCESS
add_team: FAILURE
play_match: FAILURE
num_played_games_for_player: SUCCESS, 22
get_partial_spirit: SUCCESS, 1,2,3,4,5
add_player: SUCCESS
add_player: SUCCESS
num_played_games_for_player: SUCCESS, 22
get_ith_pointless_ability: SUCCESS, 27
add_player: SUCCESS
get_player_cards: SUCCESS, 129
remove_team: FAILURE
add_player_cards: SUCCESS
buy_team: SUCCESS
add_player: SUCCESS
remove_team: FAILURE
add_player: SUCCESS
get_player_cards: SUCCESS, 254
play_match: SUCCESS, 3
add_player: SUCCESS
remove_team: FAILURE
get_ith_pointless_ability: SUCCESS, 91
num_played_games_for_player: SUCCESS, 22
buy_team: SUCCESS
num_played_games_for_player: SUCCESS, 22
add_team: FAILURE
add_player_cards: SUCCESS
get_partial_spirit: SUCCESS, 1,2,3,4,5
play_match: SUCCESS, 1
get_team_points: SUCCESS, 0
add_player: SUCCESS
num_played_games_for_player: SUCCESS, 22
add_player: SUCCESS
get_partial_spirit: SUCCESS, 1,2,3,4,5
get_ith_pointless_ability: FAILURE
buy_team: SUCCESS
get_partial_spirit: SUCCESS, 5,2,1,3,4
play_match: FAILURE
add_player: SUCCESS
add_player: SUCCESS
add_player: FAILURE
add_player: SUCCESS
get_player_cards: SUCCESS, 59
get_partial_spirit: SUCCESS, 1,2,3,4,5
add_player: FAILURE
get_team_points: SUCCESS, 0
get_player_cards: SUCCESS, 182
get_partial_spirit: SUCCESS, 1,2,4,5,3
buy_team: SUCCESS
add_player: SUCCESS
play_match: FAILURE
add_player: SUCCESS
num_played_games_for_player: SUCCESS, 22
get_player_cards: SUCCESS, 254
get_ith_pointless_ability: FAILURE
num_played_games_for_player: SUCCESS, 22
add_player: SUCCESS
get_player_cards: SUCCESS, 1
add_player: FAILURE
add_team: FAILURE
add_player_cards: SUCCESS
get_player_cards: SUCCESS, 70
play_match: FAILURE
add_player: SUCCESS
get_team_points: SUCCESS, 0
add_player: SUCCESS
add_player: FAILURE
add_player: SUCCESS
get_ith_pointless_ability: SUCCESS, 89
add_player: SUCCESS
add_player: SUCCESS
num_played_games_for_player: SUCCESS, 22
get_ith_pointless_ability: SUCCESS, 27
add_player: SUCCESS
remove_team: FAILURE
add_player_cards: SUCCESS
get_team_points: SUCCESS, 0
buy_team: SUCCESS
add_player: SUCCESS
add_player: SUCCESS
remove_team: FAILURE
num_played_games_for_player: SUCCESS, 22
num_played_games_for_player: SUCCESS, 22
num_played_games_for_player: SUCCESS, 22
get_partial_spirit: SUCCESS, 1,2,3,4,5
add_player: SUCCESS
remove_team: FAILURE
remove_team: FAILURE
play_match: FAILURE
add_player: SUCCESS
get_partial_spirit: SUCCESS, 3,2,1,4,5
get_team_points: SUCCESS, 3
add_player: FAILURE
add_player: FAILURE
get_partial_spirit: SUCCESS, 1,2,3,4,5
play_match: SUCCESS, 3
add_player_cards: SUCCESS
get_partial_spirit: SUCCESS, 1,2,3,4,5
get_partial_spirit: SUCCESS, 1,2,3,4,5
get_player_cards: SUCCESS, 295
get_ith_pointless_ability: FAILURE
add_player: SUCCESS
num_played_games_for_player: SUCCESS, 22
remove_team: FAILURE
buy_team: SUCCESS
add_player: SUCCESS
play_match: FAILURE
play_match: FAILURE
get_player_cards: SUCCESS, 79
num_played_games_for_player: SUCCESS, 22
add_team: FAILURE
add_player: SUCCESS
get_ith_pointless_ability: FAILURE
get_player_cards: SUCCESS, 132
play_match: FAILURE
get_player_cards: SUCCESS, 92
play_match: SUCCESS, 1
add_player: SUCCESS
add_player_cards: SUCCESS
buy_team: SUCCESS
num_played_games_for_player: SUCCESS, 22
add_player_cards: SUCCESS
buy_team: SUCCESS
get_partial_spirit: SUCCESS, 1,2,3,4,5
remove_team: FAILURE
add_player: SUCCESS
add_player: FAILURE
num_played_games_for_player: SUCCESS, 22
add_team: FAILURE
play_match: FAILURE
num_played_games_for_player: SUCCESS, 22
add_player: FAILURE
add_team: FAILURE
get_ith_pointless_ability: FAILURE
get_player_cards: SUCCESS, 120
add_player: SUCCESS
add_player: FAILURE
add_team: FAILURE
get_partial_spirit: SUCCESS, 1,2,3,4,5
get_partial_spirit: SUCCESS, 1,2,3,4,5
add_player: SUCCESS
add_player: SUCCESS
get_partial_spirit: SUCCESS, 4,2,1,5,3
add_player_cards: SUCCESS
get_partial_spirit: SUCCESS, 4,2,5,3,1
buy_team: SUCCESS
add_player_cards: SUCCESS
add_team: FAILURE
get_partial_spirit: SUCCESS, 1,2,3,4,5
add_player: FAILURE
add_player: FAILURE
get_ith_pointless_ability: SUCCESS, 81
add_player: SUCCESS
add_player: SUCCESS
add_player: SUCCESS
get_partial_spirit: SUCCESS, 5,2,3,1,4
add_player: SUCCESS
add_player: SUCCESS
get_team_points: SUCCESS, 3
remove_team: FAILURE
get_player_cards: SUCCESS, 7
add_player: SUCCESS
play_match: FAILURE
add_player: SUCCESS
buy_team: SUCCESS
buy_team: SUCCESS
add_player: FAILURE
num_played_games_for_player: SUCCESS, 22
play_match: FAILURE
add_player_cards: SUCCESS
get_player_cards: SUCCESS, 260
num_played_games_for_player: SUCCESS, 22
remove_team: FAILURE
add_player: SUCCESS
get_partial_spirit: SUCCESS, 1,2,3,4,5
remove_team: FAILURE
num_played_games_for_player: SUCCESS, 22
play_match: FAILURE
play_match: FAILURE
buy_team: SUCCESS
add_team: FAILURE
remove_team: FAILURE
add_team: FAILURE
play_match: FAILURE
get_ith_pointless_ability: FAILURE
get_partial_spirit: SUCCESS, 5,3,2,4,1
get_partial_spirit: SUCCESS, 1,2,3,4,5
add_team: FAILURE
remove_team: FAILURE
add_player_cards: SUCCESS
add_team: FAILURE
get_ith_pointless_ability: SUCCESS, 77
get_team_points: SUCCESS, 0
add_player: SUCCESS
add_player: FAILURE
get_partial_spirit: SUCCESS, 2,4,5,3,1
get_team_points: SUCCESS, 0
buy_team: SUCCESS
remove_team: FAILURE
play_match: SUCCESS, 1
buy_team: SUCCESS
get_partial_spirit: SUCCESS, 3,5,4,2,1
play_match: FAILURE
get_partial_spirit: SUCCESS, 1,2,3,4,5
buy_team: SUCCESS
add_player: SUCCESS
get_ith_pointless_ability: SUCCESS, 94
add_player: SUCCESS
add_team: FAILURE
add_player_cards: SUCCESS
add_player: SUCCESS
add_player: SUCCESS
remove_team: FAILURE
get_team_points: SUCCESS, 0
add_player: SUCCESS
add_team: FAILURE
get_team_points: SUCCESS, 0
get_player_cards: SUCCESS, 62
get_partial_spirit: SUCCESS, 1,2,3,4,5
num_played_games_for_player: SUCCESS, 22
get_partial_spirit: SUCCESS, 1,2,3,4,5
add_team: FAILURE
get_team_points: SUCCESS, 0
get_player_cards: SUCCESS, 226
add_player_cards: SUCCESS
add_player: SUCCESS
get_ith_pointless_ability: SUCCESS, 96
add_team: FAILURE
add_team: FAILURE
add_team: FAILURE
buy_team: SUCCESS
add_player_cards: SUCCESS
add_player: SUCCESS
get_team_points: SUCCESS, 0
play_match: SUCCESS, 3
play_match: SUCCESS, 3
get_player_cards: SUCCESS, 292
add_player: SUCCESS
add_player: FAILURE
get_team_points: SUCCESS, 0
remove_team: FAILURE
add_player: SUCCESS
num_played_games_for_player: SUCCESS, 22
play_match: FAILURE
get_team_points: SUCCESS, 0
get_partial_spirit: SUCCESS, 1,2,3,4,5
buy_team: SUCCESS
add_player: FAILURE
add_player: FAILURE
get_partial_spirit: SUCCESS, 1,2,3,4,5
add_team: FAILURE
get_ith_pointless_ability: SUCCESS, 10
add_player: FAILURE
remove_team: FAILURE
get_ith_pointless_ability: SUCCESS, 23
num_played_games_for_player: SUCCESS, 22
add_player: FAILURE
get_partial_spirit: SUCCESS, 4,2,5,3,1
add_player: SUCCESS
add_player: SUCCESS
add_player: SUCCESS
add_player: SUCCESS
add_player_cards: SUCCESS
add_player: SUCCESS
play_match: SUCCESS, 1
num_played_games_for_player: SUCCESS, 22
num_played_games_for_player: SUCCESS, 22
add_player: FAILURE
get_player_cards: SUCCESS, 158
get_ith_pointless_ability: SUCCESS, 19
add_team: FAILURE
add_player: SUCCESS
remove_team: FAILURE
get_team_points: SUCCESS, 0
get_ith_pointless_ability: SUCCESS, 46
remove_team: FAILURE
add_player: SUCCESS
buy_team: SUCCESS
play_match: FAILURE
add_player: SUCCESS
add_player: SUCCESS
buy_team: SUCCESS
get_ith_pointless_ability: SUCCESS, 72
remove_team: FAILURE
add_player: SUCCESS
add_player: SUCCESS
add_team: FAILURE
get_partial_spirit: SUCCESS, 1,5,3,4,2
get_ith_pointless_ability: SUCCESS, 95
get_team_points: SUCCESS, 3
get_player_cards: SUCCESS, 96
add_team: FAILURE
get_team_points: SUCCESS, 0
add_player: FAILURE
add_player_cards: SUCCESS
play_match: SUCCESS, 3
add_player: SUCCESS
add_team: FAILURE
get_ith_pointless_ability: SUCCESS, 71
add_player: SUCCESS
add_team: FAILURE
buy_team: SUCCESS
buy_team: SUCCESS
add_player: FAILURE
get_ith_pointless_ability: SUCCESS, 14
get_partial_spirit: SUCCESS, 2,4,5,3,1
add_player: SUCCESS
add_player_cards: SUCCESS
get_ith_pointless_ability: SUCCESS, 94
add_player: SUCCESS
play_match: FAILURE
add_player: SUCCESS
remove_team: FAILURE
get_ith_pointless_ability: SUCCESS, 6
get_team_points: SUCCESS, 0
add_player: FAILURE
add_player: SUCCESS
get_team_points: SUCCESS, 0
get_player_cards: SUCCESS, 85
get_ith_pointless_ability: SUCCESS, 43
remove_team: FAILURE
play_match: FAILURE
buy_team: SUCCESS
num_played_games_for_player: SUCCESS, 22
get_player_cards: SUCCESS, 149
get_player_cards: SUCCESS, 23
get_player_cards: SUCCESS, 198
add_player: SUCCESS
add_player: SUCCESS
num_played_games_for_player: SUCCESS, 22
get_partial_spirit: SUCCESS, 1,2,3,4,5
play_match: SUCCESS, 1
get_ith_pointless_ability: FAILURE
get_team_points: SUCCESS, 0
remove_team: FAILURE
buy_team: SUCCESS
add_player: SUCCESS
play_match: SUCCESS, 1
add_player: SUCCESS
get_ith_pointless_ability: SUCCESS, 94
add_player: FAILURE
add_player: SUCCESS
add_team: FAILURE
get_team_points: SUCCESS, 0
play_match: SUCCESS, 1
add_player_cards: SUCCESS
get_partial_spirit: SUCCESS, 1,2,3,4,5
add_player_cards: SUCCESS
get_ith_pointless_ability: FAILURE
add_player: FAILURE
add_player: FAILURE
play_match: SUCCESS, 1
buy_team: SUCCESS
num_played_games_for_player: SUCCESS, 22
buy_team: SUCCESS
play_match: SUCCESS, 1
buy_team: SUCCESS
add_team: FAILURE
remove_team: FAILURE
add_player: SUCCESS
buy_team: SUCCESS
get_team_points: SUCCESS, 0
get_ith_pointless_ability: SUCCESS, 67
add_player: SUCCESS
num_played_games_for_player: SUCCESS, 22
add_player: SUCCESS
num_played_games_for_player: SUCCESS, 22
add_player: FAILURE
num_played_games_for_player: SUCCESS, 22
add_team: FAILURE
get_team_points: SUCCESS, 0
add_player: SUCCESS
buy_team: SUCCESS
get_team_points: SUCCESS, 0
get_player_cards: SUCCESS, 253
num_played_games_for_player: SUCCESS, 22
add_player: SUCCESS
get_ith_pointless_ability: SUCCESS, 75
add_player_cards: SUCCESS
add_player: SUCCESS
add_player: FAILURE
add_player: SUCCESS
num_played_games_for_player: SUCCESS, 22
get_partial_spirit: SUCCESS, 5,3,2,4,1
buy_team: SUCCESS
add_player: SUCCESS
remove_team: FAILURE
buy_team: SUCCESS
remove_team: FAILURE
play_match: SUCCESS, 1
add_player: FAILURE
get_player_cards: SUCCESS, 31
remove_team: FAILURE
buy_team: SUCCESS
remove_team: FAILURE
add_player: SUCCESS
get_partial_spirit: SUCCESS, 1,2,3,4,5
get_player_cards: SUCCESS, 209
add_player: FAILURE
num_played_games_for_player: SUCCESS, 22
play_match: FAILURE
get_team_points: SUCCESS, 0
add_team: FAILURE
add_player: SUCCESS
get_team_points: SUCCESS, 6
get_team_points: SUCCESS, 0
get_team_points: SUCCESS, 0
add_player: SUCCESS
get_ith_pointless_ability: FAILURE
add_player: SUCCESS
get_ith_pointless_ability: SUCCESS, 45
num_played_games_for_player: SUCCESS, 22
add_player_cards: SUCCESS
get_team_points: SUCCESS, 0
num_played_games_for_player: SUCCESS, 22
buy_team: SUCCESS
add_player: SUCCESS
add_player: FAILURE
num_played_games_for_player: SUCCESS, 22
add_player_cards: SUCCESS
play_match: SUCCESS, 1
buy_team: SUCCESS
add_player: SUCCESS
add_player: FAILURE
add_player: FAILURE
play_match: FAILURE
add_player: SUCCESS
add_team: FAILURE
get_team_points: SUCCESS, 6
add_player: FAILURE
add_player: FAILURE
num_played_games_for_player: SUCCESS, 22
get_partial_spirit: SUCCESS, 3,5,2,1,4
get_partial_spirit: SUCCESS, 5,2,3,1,4
get_partial_spirit: SUCCESS, 1,2,3,4,5
num_played_games_for_player: SUCCESS, 22
add_player_cards: SUCCESS
add_player: FAILURE
get_team_points: SUCCESS, 3
add_player: SUCCESS
get_partial_spirit: FAILURE
get_ith_pointless_ability: FAILURE
play_match: FAILURE
get_team_points: SUCCESS, 0
play_match: SUCCESS, 3
add_player_cards: SUCCESS
add_player: SUCCESS
add_player: FAILURE
remove_team: FAILURE
get_player_cards: SUCCESS, 218
add_player: FAILURE
add_player_cards: SUCCESS
add_player_cards: SUCCESS
add_team: FAILURE
add_player: FAILURE
remove_team: FAILURE
get_team_points: SUCCESS, 0
get_player_cards: SUCCESS, 62
get_player_cards: SUCCESS, 259
add_player: SUCCESS
get_ith_pointless_ability: SUCCESS, 70
get_partial_spirit: SUCCESS, 1,3,5,2,4
add_player: FAILURE
get_partial_spirit: SUCCESS, 4,3,5,2,1
add_player_cards: SUCCESS
add_player: FAILURE
buy_team: SUCCESS
remove_team: FAILURE
add_team: FAILURE
get_partial_spirit: SUCCESS, 4,5,2,1,3
buy_team: SUCCESS
get_partial_spirit: SUCCESS, 3,5,4,1,2
add_player: FAILURE
add_team: FAILURE
get_ith_pointless_ability: SUCCESS, 46
add_team: FAILURE
add_player_cards: SUCCESS
get_team_points: SUCCESS, 3
remove_team: FAILURE
add_player: SUCCESS
play_match: SUCCESS, 1
add_player: FAILURE
num_played_games_for_player: SUCCESS, 22
add_player: FAILURE
add_player_cards: SUCCESS
add_player: FAILURE
add_player: FAILURE
remove_team: FAILURE
add_team: FAILURE
get_partial_spirit: SUCCESS, 4,3,1,2,5
num_played_games_for_player: SUCCESS, 22
get_team_points: SUCCESS, 3
add_team: FAILURE
get_ith_pointless_ability: SUCCESS, 43
remove_team: FAILURE
get_partial_spirit: SUCCESS, 2,5,4,3,1
get_partial_spirit: SUCCESS, 1,3,4,2,5
play_match: FAILURE
add_player: SUCCESS
buy_team: SUCCESS
add_team: FAILURE
get_partial_spirit: SUCCESS, 5,2,3,4,1
add_player_cards: SUCCESS
remove_team: FAILURE
buy_team: SUCCESS
add_player: SUCCESS
remove_team: FAILURE
num_played_games_for_player: SUCCESS, 22
play_match: FAILURE
get_player_cards: SUCCESS, 244
get_team_points: SUCCESS, 3
get_partial_spirit: SUCCESS, 1,2,3,4,5
add_team: FAILURE
get_partial_spirit: SUCCESS, 5,2,1,4,3
add_player_cards: SUCCESS
num_played_games_for_player: SUCCESS, 22
add_player_cards: SUCCESS
num_played_games_for_player: SUCCESS, 22
get_team_points: SUCCESS, 0
add_player_cards: SUCCESS
add_player: FAILURE
add_player_cards: SUCCESS
remove_team: FAILURE
get_team_points: SUCCESS, 0
add_player: FAILURE
play_match: FAILURE
add_player: FAILURE
get_team_points: SUCCESS, 0
play_match: FAILURE
add_player: SUCCESS
add_player_cards: SUCCESS
get_player_cards: SUCCESS, 217
get_partial_spirit: SUCCESS, 1,2,3,4,5
add_team: FAILURE
add_team: FAILURE
add_player: FAILURE
add_player: SUCCESS
get_ith_pointless_ability: SUCCESS, 23
get_team_points: SUCCESS, 3
add_player: FAILURE
add_player: SUCCESS
get_ith_pointless_ability: SUCCESS, 45
add_team: FAILURE
add_player_cards: SUCCESS
add_player: SUCCESS
add_player: SUCCESS
get_player_cards: SUCCESS, 279
add_player: SUCCESS
num_played_games_for_player: SUCCESS, 22
get_partial_spirit: SUCCESS, 5,3,2,4,1
add_player: FAILURE
num_played_games_for_player: SUCCESS, 22
add_player_cards: SUCCESS
get_ith_pointless_ability: SUCCESS, 70
buy_team: SUCCESS
get_team_points: SUCCESS, 0
add_player: FAILURE
add_team: FAILURE
play_match: FAILURE
add_team: FAILURE
add_player_cards: SUCCESS
get_partial_spirit: SUCCESS, 5,4,1,3,2
num_played_games_for_player: SUCCESS, 22
add_player: SUCCESS
get_team_points: SUCCESS, 6
get_player_cards: SUCCESS, 88
play_match: SUCCESS, 1
remove_team: FAILURE
get_partial_spirit: FAILURE
add_player: FAILURE
get_team_points: SUCCESS, 0
remove_team: FAILURE
add_player_cards: SUCCESS
add_player_cards: SUCCESS
get_team_points: SUCCESS, 3
get_ith_pointless_ability: SUCCESS, 78
get_team_points: SUCCESS, 0
num_played_games_for_player: SUCCESS, 22
add_player: FAILURE
play_match: FAILURE
get_team_points: SUCCESS, 0
play_match: SUCCESS, 3
get_player_cards: SUCCESS, 455
play_match: SUCCESS, 1
remove_team: FAILURE
add_player: FAILURE
buy_team: SUCCESS
get_ith_pointless_ability: SUCCESS, 14
add_player_cards: SUCCESS
num_played_games_for_player: SUCCESS, 22
add_player: FAILURE
remove_team: FAILURE
get_team_points: SUCCESS, 3
add_player: FAILURE
get_ith_pointless_ability: SUCCESS, 60
get_team_points: SUCCESS, 0
add_team: FAILURE
play_match: SUCCESS, 1
get_player_cards: SUCCESS, 225
add_player: SUCCESS
remove_team: FAILURE
get_ith_pointless_ability: SUCCESS, 96
get_partial_spirit: SUCCESS, 5,2,4,3,1
get_player_cards: SUCCESS, 286
add_player: FAILURE
get_team_points: FAILURE
get_player_cards: SUCCESS, 68
buy_team: SUCCESS
buy_team: SUCCESS
add_player: FAILURE
get_team_points: FAILURE
add_team: FAILURE
remove_team: FAILURE
add_player_cards: SUCCESS
add_team: FAILURE
get_ith_pointless_ability: FAILURE
buy_team: SUCCESS
add_player: FAILURE
get_ith_pointless_ability: SUCCESS, 93
buy_team: SUCCESS
num_played_games_for_player: SUCCESS, 22
get_ith_pointless_ability: SUCCESS, 94
add_team: FAILURE
buy_team: SUCCESS
play_match: SUCCESS, 1
add_team: FAILURE
add_team: FAILURE
get_ith_pointless_ability: SUCCESS, 77
add_player: FAILURE
get_ith_pointless_ability: SUCCESS, 47
add_player: FAILURE
remove_team: FAILURE
add_player: FAILURE
get_player_cards: SUCCESS, 181
get_partial_spirit: FAILURE
add_player: FAILURE
add_player: FAILURE
add_player: FAILURE
add_player: SUCCESS
add_team: FAILURE
play_match: FAILURE
add_player: FAILURE
play_match: SUCCESS, 3
add_player_cards: SUCCESS
get_team_points: FAILURE
remove_team: FAILURE
get_team_points: SUCCESS, 0
add_team: FAILURE
get_ith_pointless_ability: SUCCESS, 86
get_partial_spirit: FAILURE
num_played_games_for_player: SUCCESS, 22
play_match: FAILURE
play_match: SUCCESS, 3
add_player: FAILURE
add_player: SUCCESS
add_player_cards: SUCCESS
add_player: FAILURE
buy_team: SUCCESS
get_team_points: SUCCESS, 3
remove_team: FAILURE
add_team: FAILURE
add_team: FAILURE
num_played_games_for_player: SUCCESS, 22
remove_team: FAILURE
num_played_games_for_player: SUCCESS, 22
add_player_cards: SUCCESS
remove_team: FAILURE
remove_team: FAILURE
get_partial_spirit: SUCCESS, 2,4,3,5,1
get_player_cards: SUCCESS, 266
add_team: FAILURE
add_player: FAILURE
add_player: FAILURE
buy_team: SUCCESS
add_player: SUCCESS
get_partial_spirit: SUCCESS, 1,2,3,4,5
get_partial_spirit: SUCCESS, 1,2,5,3,4
add_player: FAILURE
get_player_cards: SUCCESS, 304
get_partial_spirit: SUCCESS, 5,2,4,3,1
add_player: FAILURE
add_player: FAILURE
get_player_cards: SUCCESS, 198
get_team_points: SUCCESS, 0
add_team: FAILURE
add_player: SUCCESS
get_team_points: SUCCESS, 6
add_player: FAILURE
get_team_points: FAILURE
get_ith_pointless_ability: SUCCESS, 10
get_partial_spirit: SUCCESS, 1,2,5,3,4
add_player: FAILURE
get_partial_spirit: SUCCESS, 3,1,4,5,2
get_player_cards: SUCCESS, 209
add_team: FAILURE
add_player: FAILURE
remove_team: FAILURE
get_partial_spirit: FAILURE
add_player: FAILURE
get_player_cards: SUCCESS, 61
add_player_cards: SUCCESS
buy_team: SUCCESS
add_team: FAILURE
add_player: FAILURE
get_ith_pointless_ability: FAILURE
add_player: FAILURE
add_player: FAILURE
buy_team: SUCCESS
get_team_points: FAILURE
buy_team: SUCCESS
remove_team: FAILURE
remove_team: FAILURE
add_team: FAILURE
add_player: SUCCESS
get_player_cards: SUCCESS, 88
num_played_games_for_player: SUCCESS, 22
add_team: FAILURE
add_player: SUCCESS
get_team_points: SUCCESS, 0
get_team_points: SUCCESS, 0
buy_team: SUCCESS
remove_team: FAILURE
add_player_cards: SUCCESS
get_player_cards: SUCCESS, 148
play_match: SUCCESS, 1
get_ith_pointless_ability: SUCCESS, 1
add_player_cards: SUCCESS
play_match: FAILURE
num_played_games_for_player: SUCCESS, 22
get_team_points: SUCCESS, 6
add_player: SUCCESS
add_team: FAILURE
add_team: FAILURE
add_team: FAILURE
get_team_points: SUCCESS, 3
num_played_games_for_player: SUCCESS, 22
get_team_points: SUCCESS, 0
add_player: FAILURE
play_match: FAILURE
add_player: FAILURE
add_team: FAILURE
num_played_games_for_player: SUCCESS, 22
num_played_games_for_player: SUCCESS, 22
get_team_points: FAILURE
buy_team: SUCCESS
get_player_cards: SUCCESS, 268
get_player_cards: SUCCESS, 162
add_player: SUCCESS
remove_team: FAILURE
num_played_games_for_player: SUCCESS, 22
add_player: FAILURE
get_team_points: FAILURE
add_player: FAILURE
play_match: FAILURE
add_player: FAILURE
add_player: SUCCESS
get_team_points: SUCCESS, 3
get_partial_spirit: SUCCESS, 1,2,3,4,5
play_match: FAILURE
get_ith_pointless_ability: SUCCESS, 23
add_player: FAILURE
get_partial_spirit: SUCCESS, 1,2,3,4,5
add_team: FAILURE
buy_team: SUCCESS
num_played_games_for_player: SUCCESS, 22
add_player: SUCCESS
add_player: FAILURE
add_player: SUCCESS
add_player: FAILURE
get_team_points: SUCCESS, 3
get_player_cards: SUCCESS, 22
add_player: FAILURE
add_player: SUCCESS
add_player: SUCCESS
remove_team: FAILURE
get_player_cards: SUCCESS, 24
add_player_cards: SUCCESS
get_partial_spirit: SUCCESS, 3,5,2,4,1
num_played_games_for_player: SUCCESS, 22
play_match: FAILURE
play_match: SUCCESS, 3
num_played_games_for_player: SUCCESS, 22
add_player: SUCCESS
add_player: SUCCESS
remove_team: FAILURE
add_player: FAILURE
get_ith_pointless_ability: FAILURE
get_ith_pointless_ability: FAILURE
get_partial_spirit: SUCCESS, 1,3,2,5,4
remove_team: FAILURE
add_player: FAILURE
buy_team: SUCCESS
add_team: FAILURE
buy_team: SUCCESS
add_team: FAILURE
buy_team: SUCCESS
buy_team: SUCCESS
get_player_cards: SUCCESS, 145
get_team_points: SUCCESS, 3
num_played_games_for_player: SUCCESS, 22
add_player_cards: SUCCESS
get_ith_pointless_ability: SUCCESS, 8
add_player: FAILURE
get_ith_pointless_ability: SUCCESS, 43
num_played_games_for_player: SUCCESS, 22
buy_team: SUCCESS
get_player_cards: SUCCESS, 107
add_player: FAILURE
add_player_cards: SUCCESS
play_match: FAILURE
get_player_cards: SUCCESS, 237
num_played_games_for_player: SUCCESS, 22
get_ith_pointless_ability: SUCCESS, 9
num_played_games_for_player: SUCCESS, 22
get_player_cards: SUCCESS, 458
get_partial_spirit: SUCCESS, 3,5,1,2,4
get_ith_pointless_ability: SUCCESS, 5
get_partial_spirit: FAILURE
add_player: SUCCESS
get_player_cards: SUCCESS, 276
get_team_points: FAILURE
add_player_cards: SUCCESS
add_team: FAILURE
get_partial_spirit: SUCCESS, 5,1,4,3,2
buy_team: SUCCESS
add_team: FAILURE
get_partial_spirit: SUCCESS, 1,3,5,4,2
add_team: FAILURE
get_ith_pointless_ability: SUCCESS, 47
add_player: FAILURE
add_player: FAILURE
get_player_cards: SUCCESS, 231
get_ith_pointless_ability: FAILURE
num_played_games_for_player: SUCCESS, 22
num_played_games_for_player: SUCCESS, 22
add_team: FAILURE
add_player: FAILURE
add_player: FAILURE
get_ith_pointless_ability: SUCCESS, 81
get_player_cards: SUCCESS, 218
add_player: SUCCESS
add_player: FAILURE
play_match: FAILURE
add_player: SUCCESS
add_player: FAILURE
