add_team: SUCCESS
add_team: SUCCESS
add_team: SUCCESS
add_team: SUCCESS
add_team: SUCCESS
add_team: SUCCESS
add_team: SUCCESS
add_team: SUCCESS
add_team: SUCCESS
add_team: SUCCESS
add_team: SUCCESS
add_team: SUCCESS
add_team: SUCCESS
add_team: SUCCESS
add_team: SUCCESS
add_team: SUCCESS
add_team: SUCCESS
add_team: SUCCESS
add_team: SUCCESS
add_team: SUCCESS
add_team: SUCCESS
add_team: SUCCESS
add_team: SUCCESS
add_team: SUCCESS
add_team: SUCCESS
add_team: SUCCESS
add_team: SUCCESS
add_team: SUCCESS
add_team: SUCCESS
add_team: SUCCESS
add_team: SUCCESS
add_team: SUCCESS
add_team: SUCCESS
add_team: SUCCESS
add_team: SUCCESS
add_team: SUCCESS
add_team: SUCCESS
add_team: SUCCESS
add_team: SUCCESS
add_team: SUCCESS
add_team: SUCCESS
add_team: SUCCESS
add_team: SUCCESS
add_team: SUCCESS
add_team: SUCCESS
add_team: SUCCESS
add_team: SUCCESS
add_team: SUCCESS
add_team: SUCCESS
add_team: SUCCESS
add_team: SUCCESS
add_team: SUCCESS
add_team: SUCCESS
add_team: SUCCESS
add_team: SUCCESS
add_team: SUCCESS
add_team: SUCCESS
add_team: SUCCESS
add_team: SUCCESS
add_team: SUCCESS
add_team: SUCCESS
add_team: SUCCESS
add_team: SUCCESS
add_team: SUCCESS
add_team: SUCCESS
add_team: SUCCESS
add_team: SUCCESS
add_team: SUCCESS
add_team: SUCCESS
add_team: SUCCESS
add_team: SUCCESS
add_team: SUCCESS
add_team: SUCCESS
add_team: SUCCESS
add_team: SUCCESS
add_team: SUCCESS
add_team: SUCCESS
add_team: SUCCESS
add_team: SUCCESS
add_team: SUCCESS
add_team: SUCCESS
add_team: SUCCESS
add_team: SUCCESS
add_team: SUCCESS
add_team: SUCCESS
add_team: SUCCESS
add_team: SUCCESS
add_team: SUCCESS
add_team: SUCCESS
add_team: SUCCESS
add_team: SUCCESS
add_team: SUCCESS
add_team: SUCCESS
add_team: SUCCESS
add_team: SUCCESS
add_team: SUCCESS
add_team: SUCCESS
add_team: SUCCESS
add_team: SUCCESS
add_team: SUCCESS
add_player: SUCCESS
add_player: SUCCESS
add_player: SUCCESS
add_player: SUCCESS
add_player: SUCCESS
add_player: SUCCESS
add_player: SUCCESS
add_player: SUCCESS
add_player: SUCCESS
add_player: SUCCESS
add_player: SUCCESS
add_player: SUCCESS
add_player: SUCCESS
add_player: SUCCESS
add_player: SUCCESS
add_player: SUCCESS
add_player: SUCCESS
add_player: SUCCESS
add_player: SUCCESS
add_player: SUCCESS
add_player: SUCCESS
add_player: SUCCESS
add_player: SUCCESS
add_player: SUCCESS
add_player: SUCCESS
add_player: SUCCESS
add_player: SUCCESS
add_player: SUCCESS
add_player: SUCCESS
add_player: SUCCESS
add_player: SUCCESS
add_player: SUCCESS
add_player: SUCCESS
add_player: SUCCESS
add_player: SUCCESS
add_player: SUCCESS
add_player: SUCCESS
add_player: SUCCESS
add_player: SUCCESS
add_player: SUCCESS
add_player: SUCCESS
add_player: SUCCESS
add_player: SUCCESS
add_player: SUCCESS
add_player: SUCCESS
add_player: SUCCESS
add_player: SUCCESS
add_player: SUCCESS
add_player: SUCCESS
add_player: SUCCESS
add_player: SUCCESS
add_player: SUCCESS
add_player: SUCCESS
add_player: SUCCESS
add_player: SUCCESS
add_player: SUCCESS
add_player: SUCCESS
add_player: SUCCESS
add_player: SUCCESS
add_player: SUCCESS
add_player: SUCCESS
add_player: SUCCESS
add_player: SUCCESS
add_player: SUCCESS
add_player: SUCCESS
add_player: SUCCESS
add_player: SUCCESS
add_player: SUCCESS
add_player: SUCCESS
add_player: SUCCESS
add_player: SUCCESS
add_player: SUCCESS
add_player: SUCCESS
add_player: SUCCESS
add_player: SUCCESS
add_player: SUCCESS
add_player: SUCCESS
add_player: SUCCESS
add_player: SUCCESS
add_player: SUCCESS
add_player: SUCCESS
add_player: SUCCESS
add_player: SUCCESS
add_player: SUCCESS
add_player: SUCCESS
add_player: SUCCESS
add_player: SUCCESS
add_player: SUCCESS
add_player: SUCCESS
add_player: SUCCESS
add_player: SUCCESS
add_player: SUCCESS
add_player: SUCCESS
add_player: SUCCESS
add_player: SUCCESS
add_player: SUCCESS
add_player: SUCCESS
add_player: SUCCESS
add_player: SUCCESS
add_player: SUCCESS
get_player_cards: SUCCESS, 269
buy_team: SUCCESS
add_player: SUCCESS
add_player: SUCCESS
get_player_cards: SUCCESS, 271
play_match: FAILURE
add_player_cards: SUCCESS
get_ith_pointless_ability: FAILURE
num_played_games_for_player: SUCCESS, 22
add_player: SUCCESS
get_ith_pointless_ability: FAILURE
add_team: SUCCESS
add_player: SUCCESS
add_team: FAILURE
get_team_points: SUCCESS, 0
get_player_cards: SUCCESS, 57
buy_team: SUCCESS
remove_team: FAILURE
get_team_points: SUCCESS, 0
get_team_points: SUCCESS, 0
add_player: SUCCESS
add_player: SUCCESS
num_played_games_for_player: SUCCESS, 22
get_player_cards: SUCCESS, 252
add_team: FAILURE
num_played_games_for_player: SUCCESS, 22
get_player_cards: SUCCESS, 159
play_match: FAILURE
get_team_points: SUCCESS, 0
add_player_cards: SUCCESS
get_partial_spirit: SUCCESS, 1,2,3,4,5
add_player: SUCCESS
num_played_games_for_player: SUCCESS, 22
add_team: FAILURE
get_player_cards: SUCCESS, 142
get_ith_pointless_ability: SUCCESS, 14
get_team_points: SUCCESS, 0
get_ith_pointless_ability: FAILURE
num_played_games_for_player: SUCCESS, 22
add_player: SUCCESS
add_player: SUCCESS
num_played_games_for_player: SUCCESS, 22
add_team: FAILURE
buy_team: SUCCESS
add_player: SUCCESS
add_player: SUCCESS
add_player: SUCCESS
remove_team: FAILURE
add_player: SUCCESS
get_player_cards: SUCCESS, 219
get_partial_spirit: SUCCESS, 1,2,3,4,5
add_player: SUCCESS
add_player: SUCCESS
remove_team: FAILURE
get_team_points: SUCCESS, 0
add_team: FAILURE
buy_team: SUCCESS
add_player: SUCCESS
get_ith_pointless_ability: SUCCESS, 35
num_played_games_for_player: SUCCESS, 22
get_ith_pointless_ability: SUCCESS, 9
play_match: SUCCESS, 3
add_player: SUCCESS
add_player: SUCCESS
buy_team: SUCCESS
get_partial_spirit: SUCCESS, 1,2,3,4,5
get_team_points: SUCCESS, 0
remove_team: FAILURE
add_player_cards: SUCCESS
get_ith_pointless_ability: SUCCESS, 74
add_player: SUCCESS
add_player: SUCCESS
add_player: SUCCESS
add_player_cards: SUCCESS
get_partial_spirit: SUCCESS, 5,3,4,1,2
play_match: FAILURE
add_player_cards: SUCCESS
add_player: SUCCESS
get_ith_pointless_ability: FAILURE
get_player_cards: SUCCESS, 200
add_player: SUCCESS
add_team: FAILURE
add_player: SUCCESS
get_partial_spirit: SUCCESS, 1,2,3,4,5
add_player: SUCCESS
remove_team: FAILURE
get_player_cards: SUCCESS, 182
get_ith_pointless_ability: FAILURE
play_match: FAILURE
add_player: SUCCESS
get_ith_pointless_ability: FAILURE
buy_team: SUCCESS
get_player_cards: SUCCESS, 14
remove_team: FAILURE
play_match: FAILURE
add_player: SUCCESS
remove_team: FAILURE
buy_team: SUCCESS
get_team_points: SUCCESS, 0
num_played_games_for_player: SUCCESS, 22
get_player_cards: SUCCESS, 272
add_player: SUCCESS
play_match: SUCCESS, 1
get_team_points: SUCCESS, 0
add_player: SUCCESS
add_player: SUCCESS
add_player_cards: SUCCESS
get_team_points: SUCCESS, 0
get_partial_spirit: SUCCESS, 5,3,1,2,4
add_team: FAILURE
add_player: SUCCESS
add_player_cards: SUCCESS
add_player: SUCCESS
add_player: SUCCESS
get_partial_spirit: SUCCESS, 5,4,1,2,3
add_player: SUCCESS
add_player: SUCCESS
add_player: SUCCESS
get_team_points: SUCCESS, 0
add_player: SUCCESS
add_team: FAILURE
add_team: FAILURE
play_match: FAILURE
add_player: SUCCESS
get_partial_spirit: SUCCESS, 1,2,3,4,5
add_player: FAILURE
add_player: SUCCESS
add_player: SUCCESS
remove_team: FAILURE
add_team: FAILURE
get_player_cards: SUCCESS, 296
get_partial_spirit: SUCCESS, 5,3,1,2,4
num_played_games_for_player: SUCCESS, 22
add_team: FAILURE
add_team: FAILURE
buy_team: SUCCESS
buy_team: SUCCESS
remove_team: FAILURE
add_team: FAILURE
add_team: FAILURE
get_partial_spirit: SUCCESS, 1,2,3,4,5
add_team: FAILURE
play_match: FAILURE
get_partial_spirit: SUCCESS, 4,1,5,2,3
add_player: SUCCESS
add_player: SUCCESS
add_player: SUCCESS
add_player: SUCCESS
remove_team: FAILURE
buy_team: SUCCESS
add_player: SUCCESS
buy_team: SUCCESS
get_ith_pointless_ability: SUCCESS, 20
buy_team: SUCCESS
get_ith_pointless_ability: FAILURE
get_team_points: SUCCESS, 0
get_ith_pointless_ability: FAILURE
add_team: FAILURE
buy_team: SUCCESS
get_team_points: SUCCESS, 0
get_ith_pointless_ability: SUCCESS, 58
get_ith_pointless_ability: FAILURE
get_partial_spirit: SUCCESS, 1,2,3,4,5
num_played_games_for_player: SUCCESS, 22
add_player: SUCCESS
num_played_games_for_player: SUCCESS, 22
add_team: FAILURE
get_player_cards: SUCCESS, 202
buy_team: SUCCESS
get_player_cards: SUCCESS, 129
add_player: SUCCESS
buy_team: SUCCESS
play_match: SUCCESS, 1
add_player: SUCCESS
buy_team: SUCCESS
add_player: SUCCESS
add_player: SUCCESS
get_ith_pointless_ability: FAILURE
remove_team: FAILURE
play_match: SUCCESS, 3
get_team_points: SUCCESS, 0
num_played_games_for_player: SUCCESS, 22
get_team_points: SUCCESS, 0
add_player: SUCCESS
get_partial_spirit: SUCCESS, 1,2,3,4,5
remove_team: FAILURE
num_played_games_for_player: SUCCESS, 22
add_team: FAILURE
play_match: FAILURE
add_player: FAILURE
get_player_cards: SUCCESS, 200
get_ith_pointless_ability: SUCCESS, 13
add_player: SUCCESS
num_played_games_for_player: SUCCESS, 22
add_player: SUCCESS
add_player_cards: SUCCESS
get_partial_spirit: SUCCESS, 4,3,1,5,2
get_partial_spirit: SUCCESS, 1,2,3,4,5
add_player_cards: SUCCESS
add_player: SUCCESS
play_match: FAILURE
remove_team: FAILURE
buy_team: SUCCESS
buy_team: SUCCESS
buy_team: SUCCESS
num_played_games_for_player: SUCCESS, 22
add_team: FAILURE
add_team: FAILURE
get_player_cards: SUCCESS, 212
buy_team: SUCCESS
remove_team: FAILURE
get_ith_pointless_ability: SUCCESS, 67
get_team_points: SUCCESS, 0
add_player_cards: SUCCESS
get_player_cards: SUCCESS, 209
get_partial_spirit: SUCCESS, 1,2,3,4,5
add_player: FAILURE
remove_team: FAILURE
play_match: FAILURE
get_player_cards: SUCCESS, 277
get_team_points: SUCCESS, 0
get_partial_spirit: SUCCESS, 1,2,3,4,5
add_team: FAILURE
add_player: SUCCESS
get_player_cards: SUCCESS, 34
get_team_points: SUCCESS, 0
add_player: SUCCESS
get_player_cards: SUCCESS, 284
get_ith_pointless_ability: SUCCESS, 46
play_match: FAILURE
play_match: FAILURE
get_player_cards: SUCCESS, 142
add_player_cards: SUCCESS
add_player: FAILURE
remove_team: FAILURE
get_team_points: SUCCESS, 0
get_ith_pointless_ability: SUCCESS, 92
add_player: SUCCESS
get_team_points: SUCCESS, 3
num_played_games_for_player: SUCCESS, 22
get_ith_pointless_ability: FAILURE
add_player: SUCCESS
buy_team: SUCCESS
remove_team: FAILURE
get_ith_pointless_ability: SUCCESS, 49
play_match: SUCCESS, 3
add_player: FAILURE
add_team: FAILURE
play_match: FAILURE
play_match: SUCCESS, 3
play_match: FAILURE
get_partial_spirit: SUCCESS, 2,5,3,1,4
add_player_cards: SUCCESS
play_match: SUCCESS, 1
remove_team: FAILURE
add_player: FAILURE
add_player: FAILURE
get_player_cards: SUCCESS, 185
play_match: FAILURE
get_ith_pointless_ability: SUCCESS, 12
add_player: FAILURE
get_partial_spirit: SUCCESS, 1,2,3,4,5
add_team: FAILURE
add_player: FAILURE
remove_team: FAILURE
add_player: FAILURE
add_player_cards: SUCCESS
play_match: FAILURE
get_ith_pointless_ability: SUCCESS, 41
get_ith_pointless_ability: SUCCESS, 73
num_played_games_for_player: SUCCESS, 22
add_team: FAILURE
add_team: FAILURE
get_player_cards: SUCCESS, 143
get_player_cards: SUCCESS, 274
add_player: FAILURE
buy_team: SUCCESS
remove_team: FAILURE
get_partial_spirit: SUCCESS, 1,2,3,4,5
get_team_points: SUCCESS, 0
get_player_cards: SUCCESS, 294
get_partial_spirit: SUCCESS, 1,2,3,4,5
get_partial_spirit: SUCCESS, 2,3,4,5,1
remove_team: FAILURE
add_player: FAILURE
add_player: FAILURE
get_player_cards: SUCCESS, 74
remove_team: FAILURE
get_ith_pointless_ability: SUCCESS, 60
add_player_cards: SUCCESS
add_player_cards: SUCCESS
add_team: FAILURE
num_played_games_for_player: SUCCESS, 22
get_partial_spirit: SUCCESS, 1,2,3,4,5
buy_team: SUCCESS
play_match: FAILURE
get_partial_spirit: SUCCESS, 1,2,3,4,5
add_player: FAILURE
buy_team: SUCCESS
add_player: FAILURE
get_partial_spirit: SUCCESS, 4,2,1,5,3
add_player: FAILURE
get_player_cards: SUCCESS, 29
get_ith_pointless_ability: FAILURE
get_ith_pointless_ability: FAILURE
remove_team: FAILURE
num_played_games_for_player: SUCCESS, 22
add_player: FAILURE
remove_team: FAILURE
get_player_cards: SUCCESS, 104
get_partial_spirit: SUCCESS, 1,2,3,4,5
get_partial_spirit: SUCCESS, 1,2,3,4,5
get_player_cards: SUCCESS, 294
buy_team: SUCCESS
buy_team: SUCCESS
play_match: FAILURE
add_player: FAILURE
add_player: FAILURE
add_player_cards: SUCCESS
get_player_cards: SUCCESS, 104
add_player_cards: SUCCESS
buy_team: SUCCESS
add_team: FAILURE
remove_team: FAILURE
get_ith_pointless_ability: FAILURE
num_played_games_for_player: SUCCESS, 22
add_player: FAILURE
get_partial_spirit: SUCCESS, 1,2,3,4,5
num_played_games_for_player: SUCCESS, 22
add_player_cards: SUCCESS
num_played_games_for_player: SUCCESS, 22
buy_team: SUCCESS
add_team: FAILURE
get_team_points: SUCCESS, 0
num_played_games_for_player: SUCCESS, 22
get_player_cards: SUCCESS, 182
add_player_cards: SUCCESS
get_team_points: FAILURE
get_ith_pointless_ability: SUCCESS, 74
buy_team: SUCCESS
add_player: FAILURE
play_match: FAILURE
get_ith_pointless_ability: SUCCESS, 35
remove_team: FAILURE
get_team_points: SUCCESS, 3
add_player: FAILURE
buy_team: SUCCESS
get_ith_pointless_ability: FAILURE
remove_team: FAILURE
buy_team: SUCCESS
get_player_cards: SUCCESS, 259
get_ith_pointless_ability: SUCCESS, 71
add_player: FAILURE
remove_team: FAILURE
buy_team: SUCCESS
get_player_cards: SUCCESS, 209
add_player: FAILURE
play_match: SUCCESS, 3
buy_team: SUCCESS
get_ith_pointless_ability: SUCCESS, 21
add_player_cards: FAILURE
add_player_cards: SUCCESS
num_played_games_for_player: SUCCESS, 22
get_team_points: SUCCESS, 0
play_match: FAILURE
get_team_points: SUCCESS, 0
add_player: FAILURE
get_partial_spirit: SUCCESS, 1,2,3,4,5
get_partial_spirit: SUCCESS, 1,3,5,4,2
get_ith_pointless_ability: SUCCESS, 69
add_player: FAILURE
add_player: FAILURE
add_player: FAILURE
buy_team: SUCCESS
buy_team: SUCCESS
get_ith_pointless_ability: SUCCESS, 4
remove_team: FAILURE
num_played_games_for_player: SUCCESS, 22
add_team: FAILURE
get_partial_spirit: SUCCESS, 1,2,3,4,5
remove_team: FAILURE
get_team_points: FAILURE
buy_team: SUCCESS
buy_team: SUCCESS
add_player: FAILURE
get_player_cards: SUCCESS, 107
add_player: FAILURE
add_player: FAILURE
get_partial_spirit: SUCCESS, 1,2,3,4,5
get_partial_spirit: SUCCESS, 1,2,3,4,5
get_ith_pointless_ability: SUCCESS, 38
get_partial_spirit: SUCCESS, 1,2,3,4,5
add_player_cards: SUCCESS
remove_team: FAILURE
play_match: FAILURE
get_player_cards: SUCCESS, 36
buy_team: SUCCESS
add_player: FAILURE
add_player_cards: SUCCESS
get_partial_spirit: SUCCESS, 2,5,3,1,4
get_player_cards: SUCCESS, 219
get_player_cards: SUCCESS, 142
add_team: FAILURE
remove_team: FAILURE
buy_team: SUCCESS
remove_team: FAILURE
add_team: FAILURE
add_team: FAILURE
num_played_games_for_player: SUCCESS, 22
get_partial_spirit: SUCCESS, 1,4,3,2,5
add_player: FAILURE
add_player: FAILURE
get_ith_pointless_ability: SUCCESS, 46
add_player: FAILURE
get_partial_spirit: SUCCESS, 1,2,3,4,5
remove_team: FAILURE
get_partial_spirit: SUCCESS, 1,2,3,4,5
add_player_cards: SUCCESS
add_player_cards: SUCCESS
add_player_cards: SUCCESS
add_player_cards: SUCCESS
get_team_points: FAILURE
add_team: FAILURE
add_player: FAILURE
add_player: FAILURE
get_ith_pointless_ability: FAILURE
add_player: FAILURE
get_partial_spirit: SUCCESS, 3,1,2,5,4
add_team: FAILURE
get_ith_pointless_ability: FAILURE
buy_team: SUCCESS
get_player_cards: SUCCESS, 75
add_team: FAILURE
num_played_games_for_player: SUCCESS, 22
remove_team: FAILURE
add_player: FAILURE
remove_team: FAILURE
buy_team: SUCCESS
add_team: FAILURE
get_partial_spirit: SUCCESS, 1,2,3,4,5
get_player_cards: SUCCESS, 284
add_team: FAILURE
num_played_games_for_player: SUCCESS, 22
get_ith_pointless_ability: SUCCESS, 45
add_player: FAILURE
remove_team: FAILURE
add_player: FAILURE
add_player_cards: SUCCESS
add_player_cards: SUCCESS
buy_team: SUCCESS
buy_team: SUCCESS
get_partial_spirit: SUCCESS, 3,5,4,2,1
get_team_points: SUCCESS, 0
add_player: FAILURE
get_ith_pointless_ability: SUCCESS, 43
add_player: FAILURE
get_player_cards: SUCCESS, 69
add_player: FAILURE
get_team_points: SUCCESS, 0
add_player_cards: SUCCESS
play_match: FAILURE
play_match: FAILURE
add_player_cards: FAILURE
add_player: FAILURE
play_match: SUCCESS, 3
get_player_cards: SUCCESS, 107
add_player: FAILURE
add_player: FAILURE
play_match: SUCCESS, 3
add_player: FAILURE
get_partial_spirit: SUCCESS, 2,1,5,3,4
get_team_points: SUCCESS, 0
play_match: SUCCESS, 1
get_ith_pointless_ability: SUCCESS, 15
add_player: FAILURE
add_player: FAILURE
add_player: FAILURE
num_played_games_for_player: SUCCESS, 22
add_player: FAILURE
add_player: FAILURE
play_match: FAILURE
add_player: FAILURE
get_ith_pointless_ability: SUCCESS, 89
add_team: FAILURE
add_player_cards: FAILURE
num_played_games_for_player: SUCCESS, 22
buy_team: SUCCESS
remove_team: FAILURE
add_player: FAILURE
add_player: FAILURE
remove_team: FAILURE
add_player: FAILURE
add_player: FAILURE
num_played_games_for_player: SUCCESS, 22
get_ith_pointless_ability: FAILURE
add_player: FAILURE
add_player: FAILURE
remove_team: FAILURE
add_player_cards: FAILURE
add_player: FAILURE
buy_team: SUCCESS
play_match: FAILURE
buy_team: SUCCESS
num_played_games_for_player: SUCCESS, 22
remove_team: FAILURE
add_player_cards: SUCCESS
remove_team: FAILURE
get_team_points: SUCCESS, 0
add_player: FAILURE
add_player: FAILURE
add_player: FAILURE
buy_team: SUCCESS
add_player_cards: FAILURE
add_team: FAILURE
num_played_games_for_player: SUCCESS, 22
get_partial_spirit: SUCCESS, 1,2,3,4,5
get_ith_pointless_ability: SUCCESS, 35
add_player: FAILURE
buy_team: SUCCESS
remove_team: FAILURE
buy_team: SUCCESS
add_player: FAILURE
add_team: FAILURE
add_player: FAILURE
add_player: FAILURE
add_team: FAILURE
add_team: FAILURE
num_played_games_for_player: SUCCESS, 22
get_player_cards: SUCCESS, 163
remove_team: FAILURE
buy_team: SUCCESS
play_match: FAILURE
add_player: FAILURE
add_player: FAILURE
add_team: FAILURE
get_ith_pointless_ability: SUCCESS, 14
add_team: FAILURE
add_player_cards: FAILURE
add_player: FAILURE
remove_team: FAILURE
get_team_points: SUCCESS, 3
add_team: FAILURE
buy_team: SUCCESS
get_player_cards: SUCCESS, 149
add_team: FAILURE
get_team_points: SUCCESS, 0
add_player: FAILURE
num_played_games_for_player: SUCCESS, 22
get_player_cards: SUCCESS, 494
add_player: FAILURE
get_team_points: SUCCESS, 0
buy_team: SUCCESS
get_partial_spirit: SUCCESS, 1,2,3,4,5
get_team_points: SUCCESS, 0
num_played_games_for_player: SUCCESS, 22
get_player_cards: SUCCESS, 41
get_team_points: SUCCESS, 0
remove_team: FAILURE
add_team: FAILURE
buy_team: SUCCESS
get_ith_pointless_ability: SUCCESS, 12
remove_team: FAILURE
add_player: FAILURE
add_player: FAILURE
get_team_points: SUCCESS, 0
remove_team: FAILURE
get_player_cards: SUCCESS, 205
play_match: FAILURE
add_player: FAILURE
get_ith_pointless_ability: FAILURE
add_player: FAILURE
add_player: FAILURE
add_team: FAILURE
buy_team: SUCCESS
add_team: FAILURE
add_player_cards: SUCCESS
get_partial_spirit: FAILURE
get_ith_pointless_ability: FAILURE
add_player_cards: SUCCESS
add_team: FAILURE
add_player: FAILURE
play_match: FAILURE
get_player_cards: SUCCESS, 209
get_team_points: SUCCESS, 0
add_player: FAILURE
remove_team: FAILURE
get_player_cards: SUCCESS, 102
get_player_cards: SUCCESS, 121
get_partial_spirit: SUCCESS, 5,1,4,2,3
play_match: SUCCESS, 3
num_played_games_for_player: SUCCESS, 22
remove_team: FAILURE
add_player: FAILURE
add_player: FAILURE
buy_team: SUCCESS
get_player_cards: SUCCESS, 36
add_team: FAILURE
get_player_cards: SUCCESS, 125
add_player: FAILURE
num_played_games_for_player: SUCCESS, 22
get_ith_pointless_ability: SUCCESS, 65
add_player: FAILURE
num_played_games_for_player: SUCCESS, 22
add_team: FAILURE
get_player_cards: SUCCESS, 102
get_team_points: SUCCESS, 0
add_team: FAILURE
add_player_cards: SUCCESS
num_played_games_for_player: SUCCESS, 22
num_played_games_for_player: SUCCESS, 22
add_player_cards: FAILURE
add_team: FAILURE
add_team: FAILURE
get_team_points: FAILURE
add_player: FAILURE
buy_team: SUCCESS
play_match: SUCCESS, 1
add_player_cards: SUCCESS
buy_team: SUCCESS
remove_team: FAILURE
add_team: FAILURE
get_player_cards: SUCCESS, 102
get_team_points: FAILURE
add_team: FAILURE
add_player: FAILURE
add_player: FAILURE
add_player: FAILURE
add_player: FAILURE
add_player_cards: SUCCESS
get_team_points: SUCCESS, 0
get_team_points: SUCCESS, 3
add_player_cards: SUCCESS
add_player: FAILURE
get_ith_pointless_ability: SUCCESS, 92
play_match: FAILURE
add_team: FAILURE
add_player: FAILURE
get_partial_spirit: SUCCESS, 1,2,3,4,5
buy_team: SUCCESS
get_partial_spirit: SUCCESS, 1,2,3,4,5
add_team: FAILURE
get_player_cards: SUCCESS, 27
remove_team: FAILURE
get_player_cards: SUCCESS, 185
get_team_points: FAILURE
buy_team: SUCCESS
remove_team: FAILURE
add_player: FAILURE
add_player_cards: SUCCESS
get_partial_spirit: SUCCESS, 4,2,1,3,5
get_partial_spirit: FAILURE
get_player_cards: SUCCESS, 236
remove_team: FAILURE
add_player: FAILURE
get_partial_spirit: FAILURE
add_player: FAILURE
buy_team: SUCCESS
add_player_cards: SUCCESS
get_player_cards: SUCCESS, 293
buy_team: SUCCESS
buy_team: SUCCESS
play_match: SUCCESS, 3
add_player: FAILURE
add_player_cards: FAILURE
add_player_cards: SUCCESS
get_ith_pointless_ability: SUCCESS, 72
add_player_cards: SUCCESS
get_partial_spirit: SUCCESS, 1,2,3,4,5
get_partial_spirit: SUCCESS, 1,2,3,4,5
get_team_points: SUCCESS, 0
remove_team: FAILURE
add_player: FAILURE
get_ith_pointless_ability: SUCCESS, 98
num_played_games_for_player: SUCCESS, 22
get_ith_pointless_ability: FAILURE
get_ith_pointless_ability: SUCCESS, 38
remove_team: FAILURE
add_player: FAILURE
add_player: FAILURE
add_player: FAILURE
get_team_points: SUCCESS, 0
buy_team: SUCCESS
add_player_cards: SUCCESS
get_team_points: SUCCESS, 0
add_player: FAILURE
add_team: FAILURE
add_player: FAILURE
get_team_points: SUCCESS, 0
get_partial_spirit: SUCCESS, 1,2,3,4,5
add_player: FAILURE
add_player: FAILURE
get_player_cards: SUCCESS, 222
get_partial_spirit: FAILURE
add_player_cards: FAILURE
get_ith_pointless_ability: SUCCESS, 77
remove_team: FAILURE
get_player_cards: SUCCESS, 52
add_player: FAILURE
play_match: FAILURE
buy_team: SUCCESS
play_match: FAILURE
add_player: FAILURE
num_played_games_for_player: SUCCESS, 22
get_player_cards: SUCCESS, 74
get_ith_pointless_ability: FAILURE
get_ith_pointless_ability: FAILURE
get_team_points: SUCCESS, 3
add_player: FAILURE
add_team: FAILURE
add_player: FAILURE
get_team_points: SUCCESS, 3
add_player: FAILURE
add_player: FAILURE
add_team: FAILURE
get_ith_pointless_ability: SUCCESS, 7
add_player: FAILURE
add_player: FAILURE
play_match: FAILURE
get_player_cards: SUCCESS, 68
remove_team: FAILURE
add_player: FAILURE
get_ith_pointless_ability: SUCCESS, 58
num_played_games_for_player: SUCCESS, 22
get_partial_spirit: FAILURE
remove_team: FAILURE
play_match: SUCCESS, 1
add_player_cards: FAILURE
remove_team: FAILURE
add_player_cards: FAILURE
get_team_points: SUCCESS, 0
get_team_points: SUCCESS, 0
remove_team: FAILURE
get_player_cards: SUCCESS, 165
num_played_games_for_player: SUCCESS, 22
play_match: FAILURE
add_player: FAILURE
num_played_games_for_player: SUCCESS, 22
get_ith_pointless_ability: FAILURE
add_player: FAILURE
get_player_cards: SUCCESS, 69
remove_team: FAILURE
get_ith_pointless_ability: SUCCESS, 74
add_player: FAILURE
add_player: FAILURE
get_player_cards: SUCCESS, 195
add_player_cards: SUCCESS
add_player: FAILURE
remove_team: FAILURE
get_team_points: SUCCESS, 0
get_team_points: SUCCESS, 0
buy_team: SUCCESS
get_partial_spirit: FAILURE
remove_team: FAILURE
remove_team: FAILURE
play_match: FAILURE
num_played_games_for_player: SUCCESS, 22
add_player: FAILURE
add_player_cards: SUCCESS
num_played_games_for_player: SUCCESS, 22
num_played_games_for_player: SUCCESS, 22
add_player: FAILURE
get_ith_pointless_ability: FAILURE
buy_team: SUCCESS
add_player: FAILURE
add_player: FAILURE
add_team: FAILURE
get_ith_pointless_ability: FAILURE
get_player_cards: SUCCESS, 272
play_match: FAILURE
num_played_games_for_player: SUCCESS, 22
add_player_cards: SUCCESS
add_player: FAILURE
get_partial_spirit: SUCCESS, 5,4,3,2,1
num_played_games_for_player: SUCCESS, 22
get_partial_spirit: SUCCESS, 1,2,3,4,5
add_player: FAILURE
get_player_cards: SUCCESS, 29
add_player: FAILURE
get_player_cards: SUCCESS, 183
play_match: SUCCESS, 1
add_player: FAILURE
remove_team: FAILURE
remove_team: FAILURE
get_ith_pointless_ability: SUCCESS, 1
get_player_cards: SUCCESS, 79
add_player: FAILURE
get_partial_spirit: FAILURE
num_played_games_for_player: SUCCESS, 22
play_match: FAILURE
play_match: SUCCESS, 1
remove_team: FAILURE
get_team_points: SUCCESS, 0
get_player_cards: SUCCESS, 193
remove_team: FAILURE
get_ith_pointless_ability: SUCCESS, 6
get_team_points: FAILURE
add_team: FAILURE
get_partial_spirit: SUCCESS, 1,2,3,4,5
buy_team: SUCCESS
get_player_cards: SUCCESS, 200
remove_team: FAILURE
get_player_cards: SUCCESS, 90
add_player: FAILURE
add_player_cards: SUCCESS
num_played_games_for_player: SUCCESS, 22
add_player: FAILURE
num_played_games_for_player: SUCCESS, 22
num_played_games_for_player: SUCCESS, 22
add_player: FAILURE
get_player_cards: SUCCESS, 125
add_player_cards: FAILURE
play_match: FAILURE
get_partial_spirit: SUCCESS, 1,2,3,4,5
add_team: FAILURE
num_played_games_for_player: SUCCESS, 22
remove_team: FAILURE
add_player: FAILURE
add_player: FAILURE
num_played_games_for_player: SUCCESS, 22
add_team: FAILURE
get_player_cards: SUCCESS, 183
buy_team: SUCCESS
add_player: FAILURE
play_match: FAILURE
buy_team: SUCCESS
play_match: FAILURE
get_player_cards: SUCCESS, 294
add_player: FAILURE
add_team: FAILURE
get_player_cards: SUCCESS, 280
get_team_points: SUCCESS, 0
get_team_points: SUCCESS, 0
num_played_games_for_player: SUCCESS, 22
add_player: FAILURE
get_player_cards: SUCCESS, 294
get_partial_spirit: SUCCESS, 1,2,3,4,5
num_played_games_for_player: SUCCESS, 22
add_team: FAILURE
add_player: FAILURE
add_player: FAILURE
get_team_points: SUCCESS, 3
get_ith_pointless_ability: FAILURE
add_player_cards: FAILURE
get_team_points: SUCCESS, 0
add_player: FAILURE
add_player: FAILURE
buy_team: SUCCESS
add_team: FAILURE
get_partial_spirit: FAILURE
add_player: FAILURE
get_partial_spirit: SUCCESS, 1,2,3,4,5
add_player: FAILURE
play_match: FAILURE
get_partial_spirit: SUCCESS, 1,2,3,4,5
get_team_points: FAILURE
num_played_games_for_player: SUCCESS, 22
get_team_points: SUCCESS, 0
add_team: FAILURE
add_team: FAILURE
get_partial_spirit: SUCCESS, 1,2,3,4,5
get_player_cards: SUCCESS, 237
add_team: FAILURE
add_player_cards: SUCCESS
play_match: FAILURE
add_player: FAILURE
add_team: FAILURE
get_ith_pointless_ability: FAILURE
add_player_cards: FAILURE
add_player: FAILURE
get_partial_spirit: SUCCESS, 1,2,3,4,5
get_team_points: SUCCESS, 0
add_player: FAILURE
num_played_games_for_player: SUCCESS, 22
remove_team: FAILURE
num_played_games_for_player: SUCCESS, 22
num_played_games_for_player: SUCCESS, 22
get_ith_pointless_ability: SUCCESS, 77
add_player: FAILURE
play_match: FAILURE
add_player: FAILURE
get_team_points: SUCCESS, 0
get_ith_pointless_ability: SUCCESS, 53
add_player: FAILURE
remove_team: FAILURE
play_match: FAILURE
get_player_cards: SUCCESS, 163
num_played_games_for_player: SUCCESS, 22
get_ith_pointless_ability: FAILURE
get_partial_spirit: FAILURE
buy_team: SUCCESS
remove_team: FAILURE
remove_team: FAILURE
get_team_points: SUCCESS, 3
remove_team: FAILURE
add_team: FAILURE
add_player: FAILURE
add_player: FAILURE
num_played_games_for_player: SUCCESS, 22
remove_team: FAILURE
add_player: FAILURE
add_team: FAILURE
remove_team: FAILURE
add_player_cards: FAILURE
play_match: FAILURE
add_team: FAILURE
get_partial_spirit: FAILURE
remove_team: FAILURE
buy_team: SUCCESS
get_partial_spirit: FAILURE
play_match: SUCCESS, 1
get_ith_pointless_ability: SUCCESS, 53
add_player: FAILURE
num_played_games_for_player: SUCCESS, 22
get_ith_pointless_ability: FAILURE
add_team: FAILURE
get_team_points: SUCCESS, 0
num_played_games_for_player: SUCCESS, 22
add_player: FAILURE
add_player: FAILURE
remove_team: FAILURE
num_played_games_for_player: SUCCESS, 22
get_team_points: FAILURE
remove_team: FAILURE
remove_team: FAILURE
add_player: FAILURE
get_partial_spirit: SUCCESS, 1,2,3,4,5
get_player_cards: SUCCESS, 389
add_player_cards: FAILURE
get_player_cards: SUCCESS, 149
get_player_cards: SUCCESS, 231
get_team_points: SUCCESS, 0
remove_team: FAILURE
add_player_cards: FAILURE
num_played_games_for_player: SUCCESS, 22
buy_team: SUCCESS
add_player: FAILURE
num_played_games_for_player: SUCCESS, 22
add_player: FAILURE
add_player_cards: FAILURE
get_ith_pointless_ability: SUCCESS, 71
add_player_cards: SUCCESS
buy_team: SUCCESS
add_player_cards: SUCCESS
buy_team: SUCCESS
play_match: FAILURE
add_player: FAILURE
remove_team: FAILURE
buy_team: SUCCESS
buy_team: SUCCESS
get_player_cards: SUCCESS, 281
get_team_points: SUCCESS, 0
add_player_cards: FAILURE
add_player: FAILURE
play_match: FAILURE
remove_team: FAILURE
add_player_cards: SUCCESS
get_player_cards: SUCCESS, 130
add_player: FAILURE
play_match: FAILURE
get_team_points: FAILURE
add_player: FAILURE
play_match: SUCCESS, 1
get_player_cards: SUCCESS, 219
get_player_cards: SUCCESS, 292
get_partial_spirit: SUCCESS, 5,3,4,2,1
buy_team: SUCCESS
get_player_cards: SUCCESS, 52
add_player: FAILURE
get_team_points: FAILURE
add_player: FAILURE
get_player_cards: SUCCESS, 117
buy_team: SUCCESS
add_player: FAILURE
buy_team: SUCCESS
add_team: FAILURE
play_match: FAILURE
get_ith_pointless_ability: FAILURE
get_team_points: SUCCESS, 0
add_player_cards: FAILURE
get_player_cards: SUCCESS, 287
get_player_cards: SUCCESS, 271
num_played_games_for_player: SUCCESS, 22
get_player_cards: SUCCESS, 9
get_player_cards: SUCCESS, 127
add_player: FAILURE
get_partial_spirit: FAILURE
num_played_games_for_player: SUCCESS, 22
get_player_cards: SUCCESS, 283
buy_team: SUCCESS
buy_team: SUCCESS
get_team_points: SUCCESS, 0
play_match: FAILURE
num_played_games_for_player: SUCCESS, 22
add_team: FAILURE
add_player: FAILURE
add_team: FAILURE
get_player_cards: SUCCESS, 222
buy_team: SUCCESS
get_team_points: FAILURE
get_partial_spirit: FAILURE
