add_team: SUCCESS
add_team: SUCCESS
add_team: SUCCESS
add_team: SUCCESS
add_team: SUCCESS
add_team: SUCCESS
add_team: SUCCESS
add_team: SUCCESS
add_team: SUCCESS
add_team: SUCCESS
add_team: SUCCESS
add_team: SUCCESS
add_team: SUCCESS
add_team: SUCCESS
add_team: SUCCESS
add_team: SUCCESS
add_team: SUCCESS
add_team: SUCCESS
add_team: SUCCESS
add_team: SUCCESS
add_team: SUCCESS
add_team: SUCCESS
add_team: SUCCESS
add_team: SUCCESS
add_team: SUCCESS
add_team: SUCCESS
add_team: SUCCESS
add_team: SUCCESS
add_team: SUCCESS
add_team: SUCCESS
add_team: SUCCESS
add_team: SUCCESS
add_team: SUCCESS
add_team: SUCCESS
add_team: SUCCESS
add_team: SUCCESS
add_team: SUCCESS
add_team: SUCCESS
add_team: SUCCESS
add_team: SUCCESS
add_team: SUCCESS
add_team: SUCCESS
add_team: SUCCESS
add_team: SUCCESS
add_team: SUCCESS
add_team: SUCCESS
add_team: SUCCESS
add_team: SUCCESS
add_team: SUCCESS
add_team: SUCCESS
add_team: SUCCESS
add_team: SUCCESS
add_team: SUCCESS
add_team: SUCCESS
add_team: SUCCESS
add_team: SUCCESS
add_team: SUCCESS
add_team: SUCCESS
add_team: SUCCESS
add_team: SUCCESS
add_team: SUCCESS
add_team: SUCCESS
add_team: SUCCESS
add_team: SUCCESS
add_team: SUCCESS
add_team: SUCCESS
add_team: SUCCESS
add_team: SUCCESS
add_team: SUCCESS
add_team: SUCCESS
add_team: SUCCESS
add_team: SUCCESS
add_team: SUCCESS
add_team: SUCCESS
add_team: SUCCESS
add_team: SUCCESS
add_team: SUCCESS
add_team: SUCCESS
add_team: SUCCESS
add_team: SUCCESS
add_team: SUCCESS
add_team: SUCCESS
add_team: SUCCESS
add_team: SUCCESS
add_team: SUCCESS
add_team: SUCCESS
add_team: SUCCESS
add_team: SUCCESS
add_team: SUCCESS
add_team: SUCCESS
add_team: SUCCESS
add_team: SUCCESS
add_team: SUCCESS
add_team: SUCCESS
add_team: SUCCESS
add_team: SUCCESS
add_team: SUCCESS
add_team: SUCCESS
add_team: SUCCESS
add_team: SUCCESS
add_player: SUCCESS
add_player: SUCCESS
add_player: SUCCESS
add_player: SUCCESS
add_player: SUCCESS
add_player: SUCCESS
add_player: SUCCESS
add_player: SUCCESS
add_player: SUCCESS
add_player: SUCCESS
add_player: SUCCESS
add_player: SUCCESS
add_player: SUCCESS
add_player: SUCCESS
add_player: SUCCESS
add_player: SUCCESS
add_player: SUCCESS
add_player: SUCCESS
add_player: SUCCESS
add_player: SUCCESS
add_player: SUCCESS
add_player: SUCCESS
add_player: SUCCESS
add_player: SUCCESS
add_player: SUCCESS
add_player: SUCCESS
add_player: SUCCESS
add_player: SUCCESS
add_player: SUCCESS
add_player: SUCCESS
add_player: SUCCESS
add_player: SUCCESS
add_player: SUCCESS
add_player: SUCCESS
add_player: SUCCESS
add_player: SUCCESS
add_player: SUCCESS
add_player: SUCCESS
add_player: SUCCESS
add_player: SUCCESS
add_player: SUCCESS
add_player: SUCCESS
add_player: SUCCESS
add_player: SUCCESS
add_player: SUCCESS
add_player: SUCCESS
add_player: SUCCESS
add_player: SUCCESS
add_player: SUCCESS
add_player: SUCCESS
add_player: SUCCESS
add_player: SUCCESS
add_player: SUCCESS
add_player: SUCCESS
add_player: SUCCESS
add_player: SUCCESS
add_player: SUCCESS
add_player: SUCCESS
add_player: SUCCESS
add_player: SUCCESS
add_player: SUCCESS
add_player: SUCCESS
add_player: SUCCESS
add_player: SUCCESS
add_player: SUCCESS
add_player: SUCCESS
add_player: SUCCESS
add_player: SUCCESS
add_player: SUCCESS
add_player: SUCCESS
add_player: SUCCESS
add_player: SUCCESS
add_player: SUCCESS
add_player: SUCCESS
add_player: SUCCESS
add_player: SUCCESS
add_player: SUCCESS
add_player: SUCCESS
add_player: SUCCESS
add_player: SUCCESS
add_player: SUCCESS
add_player: SUCCESS
add_player: SUCCESS
add_player: SUCCESS
add_player: SUCCESS
add_player: SUCCESS
add_player: SUCCESS
add_player: SUCCESS
add_player: SUCCESS
add_player: SUCCESS
add_player: SUCCESS
add_player: SUCCESS
add_player: SUCCESS
add_player: SUCCESS
add_player: SUCCESS
add_player: SUCCESS
add_player: SUCCESS
add_player: SUCCESS
add_player: SUCCESS
add_player: SUCCESS
buy_team: SUCCESS
add_team: SUCCESS
add_player: SUCCESS
play_match: FAILURE
remove_team: FAILURE
buy_team: SUCCESS
add_player: SUCCESS
add_player: SUCCESS
get_ith_pointless_ability: FAILURE
add_player: SUCCESS
add_player: SUCCESS
play_match: FAILURE
get_ith_pointless_ability: SUCCESS, 94
add_team: FAILURE
add_player: SUCCESS
add_player: SUCCESS
remove_team: FAILURE
add_player_cards: SUCCESS
add_player_cards: SUCCESS
add_player: SUCCESS
num_played_games_for_player: SUCCESS, 22
add_player_cards: SUCCESS
remove_team: FAILURE
play_match: FAILURE
add_player: SUCCESS
add_player: SUCCESS
get_ith_pointless_ability: SUCCESS, 52
get_team_points: SUCCESS, 0
buy_team: SUCCESS
remove_team: FAILURE
add_player_cards: SUCCESS
get_player_cards: SUCCESS, 11
play_match: FAILURE
remove_team: FAILURE
add_player_cards: SUCCESS
get_partial_spirit: SUCCESS, 4,5,3,2,1
add_team: FAILURE
add_player: SUCCESS
buy_team: SUCCESS
remove_team: FAILURE
add_player: FAILURE
get_player_cards: SUCCESS, 299
play_match: FAILURE
get_partial_spirit: SUCCESS, 1,2,3,4,5
num_played_games_for_player: SUCCESS, 22
play_match: FAILURE
get_team_points: SUCCESS, 0
get_team_points: SUCCESS, 0
add_player: SUCCESS
play_match: FAILURE
add_player: SUCCESS
num_played_games_for_player: SUCCESS, 22
buy_team: SUCCESS
buy_team: SUCCESS
add_player_cards: SUCCESS
add_player: SUCCESS
add_player: SUCCESS
play_match: SUCCESS, 1
buy_team: SUCCESS
get_ith_pointless_ability: SUCCESS, 50
add_player_cards: SUCCESS
buy_team: SUCCESS
add_player: SUCCESS
buy_team: SUCCESS
add_player: SUCCESS
add_player: SUCCESS
num_played_games_for_player: SUCCESS, 22
add_team: FAILURE
add_player_cards: SUCCESS
num_played_games_for_player: SUCCESS, 22
play_match: FAILURE
add_player: SUCCESS
play_match: FAILURE
get_ith_pointless_ability: FAILURE
get_partial_spirit: SUCCESS, 1,2,3,4,5
add_player: SUCCESS
add_player: SUCCESS
get_partial_spirit: SUCCESS, 4,1,5,3,2
add_player: SUCCESS
add_player: SUCCESS
get_player_cards: SUCCESS, 270
buy_team: SUCCESS
get_player_cards: SUCCESS, 219
get_player_cards: SUCCESS, 117
buy_team: SUCCESS
num_played_games_for_player: SUCCESS, 22
get_player_cards: SUCCESS, 188
num_played_games_for_player: SUCCESS, 22
get_player_cards: SUCCESS, 13
get_partial_spirit: SUCCESS, 5,2,1,4,3
get_team_points: SUCCESS, 0
get_ith_pointless_ability: FAILURE
add_player: SUCCESS
get_team_points: SUCCESS, 0
remove_team: FAILURE
get_player_cards: SUCCESS, 230
add_player: FAILURE
get_player_cards: SUCCESS, 79
add_player: FAILURE
get_team_points: SUCCESS, 0
add_player: FAILURE
get_team_points: SUCCESS, 0
add_team: FAILURE
get_player_cards: SUCCESS, 239
add_player_cards: SUCCESS
buy_team: SUCCESS
get_partial_spirit: SUCCESS, 1,2,3,4,5
add_player: FAILURE
add_player: FAILURE
num_played_games_for_player: SUCCESS, 22
num_played_games_for_player: SUCCESS, 22
buy_team: SUCCESS
add_player_cards: SUCCESS
get_ith_pointless_ability: FAILURE
get_player_cards: SUCCESS, 294
get_team_points: SUCCESS, 0
add_player_cards: SUCCESS
get_partial_spirit: SUCCESS, 1,2,3,4,5
add_team: FAILURE
add_player: FAILURE
add_team: FAILURE
buy_team: SUCCESS
get_partial_spirit: SUCCESS, 1,2,3,4,5
get_partial_spirit: SUCCESS, 1,2,3,4,5
get_team_points: SUCCESS, 0
get_team_points: SUCCESS, 0
get_partial_spirit: SUCCESS, 5,1,3,2,4
play_match: FAILURE
add_player_cards: SUCCESS
get_player_cards: SUCCESS, 27
play_match: SUCCESS, 1
get_team_points: SUCCESS, 0
get_ith_pointless_ability: SUCCESS, 21
add_player: FAILURE
add_player: FAILURE
remove_team: FAILURE
add_player: FAILURE
add_player_cards: SUCCESS
remove_team: FAILURE
remove_team: FAILURE
add_team: FAILURE
get_team_points: SUCCESS, 0
add_team: FAILURE
add_player: FAILURE
remove_team: FAILURE
add_player: FAILURE
num_played_games_for_player: SUCCESS, 22
add_team: SUCCESS
add_player: FAILURE
add_team: FAILURE
add_player_cards: SUCCESS
get_player_cards: SUCCESS, 268
add_player_cards: SUCCESS
add_player: FAILURE
remove_team: FAILURE
add_player: FAILURE
add_player_cards: SUCCESS
buy_team: SUCCESS
add_player: FAILURE
remove_team: FAILURE
add_player: FAILURE
get_ith_pointless_ability: SUCCESS, 95
buy_team: SUCCESS
remove_team: FAILURE
add_player: FAILURE
add_player: FAILURE
get_team_points: SUCCESS, 0
num_played_games_for_player: SUCCESS, 22
get_player_cards: SUCCESS, 43
play_match: FAILURE
add_player_cards: SUCCESS
remove_team: FAILURE
play_match: FAILURE
get_team_points: SUCCESS, 0
buy_team: SUCCESS
get_partial_spirit: SUCCESS, 1,2,3,4,5
buy_team: SUCCESS
add_player: FAILURE
buy_team: SUCCESS
num_played_games_for_player: SUCCESS, 22
get_partial_spirit: SUCCESS, 4,1,3,5,2
buy_team: SUCCESS
get_partial_spirit: SUCCESS, 5,2,1,4,3
get_player_cards: SUCCESS, 213
add_player: FAILURE
add_player_cards: SUCCESS
remove_team: FAILURE
add_player: FAILURE
buy_team: SUCCESS
buy_team: SUCCESS
add_player: FAILURE
add_player_cards: SUCCESS
get_player_cards: SUCCESS, 400
get_player_cards: SUCCESS, 74
buy_team: SUCCESS
get_player_cards: SUCCESS, 178
add_player: FAILURE
add_team: FAILURE
play_match: FAILURE
play_match: FAILURE
buy_team: SUCCESS
add_team: FAILURE
play_match: SUCCESS, 3
get_ith_pointless_ability: SUCCESS, 91
get_team_points: SUCCESS, 0
add_player: FAILURE
add_team: FAILURE
play_match: FAILURE
get_ith_pointless_ability: SUCCESS, 53
add_player_cards: SUCCESS
buy_team: SUCCESS
get_ith_pointless_ability: FAILURE
add_player: FAILURE
add_player: FAILURE
add_player_cards: SUCCESS
get_player_cards: SUCCESS, 41
buy_team: SUCCESS
remove_team: FAILURE
get_player_cards: SUCCESS, 204
add_player: FAILURE
remove_team: FAILURE
add_team: FAILURE
remove_team: FAILURE
get_ith_pointless_ability: FAILURE
get_player_cards: SUCCESS, 270
buy_team: SUCCESS
get_ith_pointless_ability: SUCCESS, 42
play_match: FAILURE
remove_team: FAILURE
get_team_points: SUCCESS, 0
add_player: FAILURE
play_match: FAILURE
get_partial_spirit: SUCCESS, 1,2,3,4,5
add_player: FAILURE
get_player_cards: SUCCESS, 190
add_player: FAILURE
buy_team: SUCCESS
get_team_points: SUCCESS, 0
add_player_cards: SUCCESS
add_player: FAILURE
num_played_games_for_player: SUCCESS, 22
add_player: FAILURE
add_team: FAILURE
get_partial_spirit: SUCCESS, 3,4,1,5,2
get_ith_pointless_ability: SUCCESS, 46
get_player_cards: SUCCESS, 265
buy_team: SUCCESS
buy_team: SUCCESS
num_played_games_for_player: SUCCESS, 22
get_ith_pointless_ability: SUCCESS, 50
get_ith_pointless_ability: SUCCESS, 88
add_player: FAILURE
get_player_cards: SUCCESS, 20
get_team_points: SUCCESS, 0
add_team: FAILURE
add_player: FAILURE
add_player_cards: SUCCESS
add_player: FAILURE
add_player: FAILURE
get_team_points: SUCCESS, 0
num_played_games_for_player: SUCCESS, 22
add_player: FAILURE
add_player: FAILURE
add_player: FAILURE
play_match: FAILURE
add_player: FAILURE
get_partial_spirit: SUCCESS, 1,2,3,4,5
add_player_cards: SUCCESS
get_player_cards: SUCCESS, 400
get_ith_pointless_ability: FAILURE
remove_team: FAILURE
add_player: FAILURE
remove_team: FAILURE
get_team_points: SUCCESS, 0
get_partial_spirit: SUCCESS, 3,5,1,2,4
get_team_points: SUCCESS, 0
buy_team: SUCCESS
get_ith_pointless_ability: FAILURE
add_team: FAILURE
add_player_cards: SUCCESS
num_played_games_for_player: SUCCESS, 22
get_team_points: FAILURE
get_partial_spirit: SUCCESS, 1,2,5,4,3
get_team_points: SUCCESS, 0
get_team_points: SUCCESS, 0
play_match: FAILURE
add_player: FAILURE
add_team: FAILURE
num_played_games_for_player: SUCCESS, 22
buy_team: SUCCESS
add_player: FAILURE
buy_team: SUCCESS
remove_team: FAILURE
add_player_cards: SUCCESS
add_player_cards: SUCCESS
get_team_points: SUCCESS, 0
get_player_cards: SUCCESS, 462
get_partial_spirit: SUCCESS, 1,2,3,4,5
num_played_games_for_player: SUCCESS, 22
buy_team: SUCCESS
remove_team: FAILURE
add_player: FAILURE
get_player_cards: SUCCESS, 192
remove_team: FAILURE
add_player_cards: SUCCESS
get_player_cards: SUCCESS, 105
play_match: SUCCESS, 1
get_player_cards: SUCCESS, 262
num_played_games_for_player: SUCCESS, 22
add_player: FAILURE
remove_team: FAILURE
add_player: FAILURE
get_player_cards: SUCCESS, 290
add_team: FAILURE
remove_team: FAILURE
get_partial_spirit: SUCCESS, 1,2,3,4,5
get_partial_spirit: SUCCESS, 1,3,4,2,5
get_team_points: SUCCESS, 0
play_match: SUCCESS, 3
remove_team: FAILURE
get_ith_pointless_ability: FAILURE
get_ith_pointless_ability: SUCCESS, 17
buy_team: SUCCESS
get_player_cards: SUCCESS, 236
add_player: FAILURE
get_ith_pointless_ability: FAILURE
num_played_games_for_player: SUCCESS, 22
num_played_games_for_player: SUCCESS, 22
get_partial_spirit: SUCCESS, 4,2,5,3,1
buy_team: SUCCESS
remove_team: FAILURE
get_player_cards: SUCCESS, 293
get_player_cards: SUCCESS, 48
add_player: FAILURE
get_ith_pointless_ability: SUCCESS, 58
num_played_games_for_player: SUCCESS, 22
get_team_points: SUCCESS, 0
add_player: FAILURE
add_player: FAILURE
num_played_games_for_player: SUCCESS, 22
get_ith_pointless_ability: SUCCESS, 53
add_player_cards: SUCCESS
get_partial_spirit: SUCCESS, 5,4,1,2,3
buy_team: SUCCESS
add_player: FAILURE
play_match: SUCCESS, 1
remove_team: FAILURE
get_partial_spirit: SUCCESS, 1,2,3,4,5
add_team: FAILURE
add_team: FAILURE
add_player: FAILURE
num_played_games_for_player: SUCCESS, 22
add_player: FAILURE
num_played_games_for_player: SUCCESS, 22
buy_team: SUCCESS
buy_team: SUCCESS
add_team: FAILURE
play_match: FAILURE
add_team: FAILURE
get_partial_spirit: SUCCESS, 5,1,3,4,2
add_team: FAILURE
num_played_games_for_player: SUCCESS, 22
add_team: FAILURE
get_player_cards: SUCCESS, 175
get_player_cards: SUCCESS, 239
add_player: FAILURE
add_player: FAILURE
add_player: FAILURE
play_match: SUCCESS, 1
add_player_cards: SUCCESS
add_player: FAILURE
get_partial_spirit: SUCCESS, 3,4,1,5,2
buy_team: SUCCESS
add_player: FAILURE
add_player: FAILURE
get_ith_pointless_ability: FAILURE
play_match: FAILURE
add_team: FAILURE
add_player: FAILURE
add_player: FAILURE
add_team: FAILURE
add_team: FAILURE
buy_team: SUCCESS
add_player: FAILURE
get_ith_pointless_ability: FAILURE
get_team_points: SUCCESS, 0
play_match: FAILURE
get_player_cards: SUCCESS, 107
add_player: FAILURE
add_player: FAILURE
get_player_cards: SUCCESS, 107
add_player: FAILURE
get_partial_spirit: SUCCESS, 1,2,3,4,5
play_match: SUCCESS, 1
add_player: FAILURE
add_team: FAILURE
buy_team: SUCCESS
add_player: FAILURE
add_player: FAILURE
get_player_cards: SUCCESS, 163
get_team_points: SUCCESS, 3
add_player_cards: SUCCESS
get_ith_pointless_ability: SUCCESS, 62
get_ith_pointless_ability: FAILURE
num_played_games_for_player: SUCCESS, 22
num_played_games_for_player: SUCCESS, 22
buy_team: SUCCESS
remove_team: FAILURE
remove_team: FAILURE
add_player: FAILURE
get_partial_spirit: SUCCESS, 2,4,3,1,5
add_player: FAILURE
add_player: FAILURE
remove_team: FAILURE
get_team_points: SUCCESS, 0
remove_team: FAILURE
get_player_cards: SUCCESS, 208
num_played_games_for_player: SUCCESS, 22
get_partial_spirit: SUCCESS, 5,1,3,4,2
get_player_cards: SUCCESS, 230
get_team_points: SUCCESS, 3
add_player: FAILURE
add_player_cards: SUCCESS
remove_team: FAILURE
add_player: FAILURE
add_player: FAILURE
buy_team: SUCCESS
get_ith_pointless_ability: SUCCESS, 79
get_ith_pointless_ability: SUCCESS, 27
get_ith_pointless_ability: FAILURE
add_player: FAILURE
get_partial_spirit: SUCCESS, 3,1,2,4,5
add_player_cards: SUCCESS
add_player: FAILURE
add_player_cards: SUCCESS
buy_team: SUCCESS
play_match: SUCCESS, 3
add_team: FAILURE
add_team: FAILURE
remove_team: FAILURE
add_player_cards: SUCCESS
get_player_cards: SUCCESS, 226
get_team_points: SUCCESS, 0
get_team_points: SUCCESS, 0
remove_team: FAILURE
get_ith_pointless_ability: SUCCESS, 46
add_player: FAILURE
add_player: FAILURE
get_partial_spirit: SUCCESS, 3,4,1,5,2
num_played_games_for_player: SUCCESS, 22
add_team: FAILURE
get_player_cards: SUCCESS, 163
buy_team: SUCCESS
add_player: FAILURE
add_player: FAILURE
get_partial_spirit: SUCCESS, 1,2,3,4,5
buy_team: SUCCESS
num_played_games_for_player: SUCCESS, 22
num_played_games_for_player: SUCCESS, 22
add_player: FAILURE
get_ith_pointless_ability: SUCCESS, 42
get_ith_pointless_ability: FAILURE
get_partial_spirit: FAILURE
add_player_cards: SUCCESS
get_player_cards: SUCCESS, 67
get_ith_pointless_ability: FAILURE
play_match: FAILURE
add_team: FAILURE
add_player: FAILURE
get_player_cards: SUCCESS, 104
get_player_cards: SUCCESS, 406
get_team_points: SUCCESS, 0
add_player_cards: SUCCESS
add_player: FAILURE
add_player: FAILURE
get_player_cards: SUCCESS, 149
get_player_cards: SUCCESS, 437
num_played_games_for_player: SUCCESS, 22
buy_team: SUCCESS
remove_team: FAILURE
add_player: FAILURE
remove_team: FAILURE
get_partial_spirit: SUCCESS, 1,2,3,4,5
get_player_cards: SUCCESS, 412
add_player: FAILURE
buy_team: SUCCESS
get_player_cards: SUCCESS, 274
get_ith_pointless_ability: FAILURE
buy_team: SUCCESS
get_team_points: SUCCESS, 0
add_player: FAILURE
add_player: FAILURE
play_match: FAILURE
add_player: FAILURE
num_played_games_for_player: SUCCESS, 22
get_player_cards: SUCCESS, 239
play_match: FAILURE
get_ith_pointless_ability: SUCCESS, 71
add_player: FAILURE
add_player: FAILURE
add_player_cards: FAILURE
num_played_games_for_player: SUCCESS, 22
num_played_games_for_player: SUCCESS, 22
get_partial_spirit: SUCCESS, 1,2,3,4,5
add_player: FAILURE
add_player_cards: SUCCESS
buy_team: SUCCESS
num_played_games_for_player: SUCCESS, 22
play_match: FAILURE
add_player: FAILURE
add_player: FAILURE
remove_team: FAILURE
remove_team: FAILURE
num_played_games_for_player: SUCCESS, 22
add_player: FAILURE
add_player: FAILURE
add_player: FAILURE
add_player_cards: SUCCESS
add_player: FAILURE
num_played_games_for_player: SUCCESS, 22
add_player: FAILURE
num_played_games_for_player: SUCCESS, 22
add_player: FAILURE
play_match: SUCCESS, 1
get_player_cards: SUCCESS, 94
add_player: FAILURE
get_ith_pointless_ability: SUCCESS, 9
get_partial_spirit: SUCCESS, 1,2,3,4,5
add_team: FAILURE
play_match: FAILURE
buy_team: SUCCESS
get_ith_pointless_ability: SUCCESS, 50
add_team: FAILURE
num_played_games_for_player: SUCCESS, 22
add_player_cards: SUCCESS
add_player: FAILURE
add_player: FAILURE
play_match: FAILURE
add_player: FAILURE
get_player_cards: SUCCESS, 623
get_ith_pointless_ability: SUCCESS, 53
buy_team: SUCCESS
play_match: FAILURE
add_player: FAILURE
add_player: FAILURE
get_team_points: FAILURE
buy_team: SUCCESS
buy_team: SUCCESS
get_partial_spirit: FAILURE
get_partial_spirit: SUCCESS, 2,1,4,5,3
play_match: FAILURE
num_played_games_for_player: SUCCESS, 22
get_player_cards: SUCCESS, 226
add_player: FAILURE
get_partial_spirit: SUCCESS, 1,2,3,4,5
num_played_games_for_player: SUCCESS, 22
buy_team: SUCCESS
get_ith_pointless_ability: SUCCESS, 32
get_ith_pointless_ability: SUCCESS, 98
get_ith_pointless_ability: SUCCESS, 50
play_match: FAILURE
get_ith_pointless_ability: FAILURE
add_player: FAILURE
num_played_games_for_player: SUCCESS, 22
add_player_cards: FAILURE
remove_team: FAILURE
num_played_games_for_player: SUCCESS, 22
remove_team: FAILURE
remove_team: FAILURE
add_team: FAILURE
num_played_games_for_player: SUCCESS, 22
add_team: FAILURE
get_ith_pointless_ability: FAILURE
num_played_games_for_player: SUCCESS, 22
get_partial_spirit: SUCCESS, 1,2,3,4,5
buy_team: SUCCESS
get_team_points: SUCCESS, 3
play_match: SUCCESS, 3
add_player: FAILURE
get_partial_spirit: SUCCESS, 1,2,3,4,5
get_team_points: SUCCESS, 0
add_player: FAILURE
buy_team: SUCCESS
add_player_cards: SUCCESS
add_team: FAILURE
add_player: FAILURE
num_played_games_for_player: SUCCESS, 22
get_ith_pointless_ability: FAILURE
add_team: FAILURE
add_player: FAILURE
add_player_cards: FAILURE
get_team_points: SUCCESS, 0
get_ith_pointless_ability: FAILURE
get_team_points: SUCCESS, 0
add_player_cards: SUCCESS
num_played_games_for_player: SUCCESS, 22
num_played_games_for_player: SUCCESS, 22
get_player_cards: SUCCESS, 48
get_ith_pointless_ability: SUCCESS, 13
add_team: FAILURE
get_partial_spirit: FAILURE
add_player: FAILURE
get_partial_spirit: FAILURE
remove_team: FAILURE
get_player_cards: SUCCESS, 262
add_player: FAILURE
add_player_cards: SUCCESS
get_player_cards: SUCCESS, 80
num_played_games_for_player: SUCCESS, 22
get_player_cards: SUCCESS, 166
get_ith_pointless_ability: SUCCESS, 44
add_player: FAILURE
remove_team: FAILURE
buy_team: SUCCESS
add_player: FAILURE
add_player: FAILURE
play_match: FAILURE
get_partial_spirit: SUCCESS, 1,2,3,4,5
play_match: FAILURE
add_player: FAILURE
get_partial_spirit: SUCCESS, 1,2,3,4,5
add_player: FAILURE
add_player: FAILURE
remove_team: FAILURE
add_team: FAILURE
get_ith_pointless_ability: SUCCESS, 50
get_player_cards: SUCCESS, 195
add_player: FAILURE
get_ith_pointless_ability: SUCCESS, 20
buy_team: SUCCESS
add_player: FAILURE
get_ith_pointless_ability: SUCCESS, 25
remove_team: FAILURE
buy_team: SUCCESS
add_team: FAILURE
play_match: FAILURE
num_played_games_for_player: SUCCESS, 22
get_team_points: SUCCESS, 0
get_partial_spirit: SUCCESS, 1,2,3,4,5
get_player_cards: SUCCESS, 293
get_partial_spirit: SUCCESS, 1,2,3,4,5
add_team: FAILURE
get_ith_pointless_ability: FAILURE
remove_team: FAILURE
buy_team: SUCCESS
remove_team: FAILURE
add_player: FAILURE
get_player_cards: SUCCESS, 123
add_player_cards: SUCCESS
remove_team: FAILURE
add_player: FAILURE
add_player_cards: SUCCESS
add_player_cards: FAILURE
add_player: FAILURE
play_match: SUCCESS, 3
get_team_points: SUCCESS, 0
add_player: FAILURE
play_match: FAILURE
get_ith_pointless_ability: SUCCESS, 25
get_ith_pointless_ability: FAILURE
play_match: SUCCESS, 1
play_match: FAILURE
add_player: FAILURE
remove_team: FAILURE
remove_team: FAILURE
get_partial_spirit: FAILURE
add_player: FAILURE
add_player_cards: SUCCESS
add_player: FAILURE
add_player: FAILURE
num_played_games_for_player: SUCCESS, 22
add_team: FAILURE
add_team: FAILURE
add_player: FAILURE
play_match: FAILURE
get_player_cards: SUCCESS, 232
add_player: FAILURE
num_played_games_for_player: SUCCESS, 22
get_team_points: FAILURE
get_ith_pointless_ability: FAILURE
get_team_points: SUCCESS, 0
get_ith_pointless_ability: FAILURE
get_team_points: FAILURE
play_match: FAILURE
get_player_cards: SUCCESS, 190
get_team_points: SUCCESS, 0
add_team: FAILURE
get_partial_spirit: FAILURE
play_match: FAILURE
add_team: FAILURE
get_ith_pointless_ability: SUCCESS, 51
add_team: FAILURE
remove_team: FAILURE
add_team: FAILURE
add_player: FAILURE
remove_team: FAILURE
add_player: FAILURE
get_partial_spirit: SUCCESS, 1,2,3,4,5
add_player: FAILURE
get_partial_spirit: FAILURE
get_partial_spirit: FAILURE
play_match: FAILURE
add_team: FAILURE
num_played_games_for_player: SUCCESS, 22
get_team_points: FAILURE
remove_team: FAILURE
add_player: FAILURE
add_player: FAILURE
play_match: SUCCESS, 1
add_player: FAILURE
get_partial_spirit: SUCCESS, 4,3,1,5,2
add_player: FAILURE
add_player: FAILURE
get_player_cards: SUCCESS, 291
get_ith_pointless_ability: SUCCESS, 70
remove_team: FAILURE
get_team_points: SUCCESS, 3
buy_team: SUCCESS
remove_team: FAILURE
add_player: FAILURE
play_match: FAILURE
add_team: FAILURE
add_player_cards: SUCCESS
num_played_games_for_player: SUCCESS, 22
add_player: FAILURE
get_player_cards: SUCCESS, 133
add_player: FAILURE
get_player_cards: SUCCESS, 226
get_team_points: SUCCESS, 0
get_team_points: FAILURE
get_partial_spirit: SUCCESS, 1,2,3,4,5
add_player: FAILURE
get_player_cards: SUCCESS, 10
add_player: FAILURE
add_player: FAILURE
get_ith_pointless_ability: FAILURE
buy_team: SUCCESS
remove_team: FAILURE
get_player_cards: SUCCESS, 180
get_partial_spirit: FAILURE
add_player_cards: FAILURE
get_team_points: SUCCESS, 3
add_player: FAILURE
add_player: FAILURE
add_player: FAILURE
add_player: FAILURE
add_player: FAILURE
get_ith_pointless_ability: FAILURE
num_played_games_for_player: SUCCESS, 22
get_player_cards: SUCCESS, 24
add_player_cards: FAILURE
add_player: FAILURE
add_player: FAILURE
add_player: FAILURE
get_ith_pointless_ability: SUCCESS, 27
get_team_points: FAILURE
add_player: FAILURE
get_player_cards: SUCCESS, 30
get_player_cards: SUCCESS, 175
get_player_cards: SUCCESS, 179
get_partial_spirit: FAILURE
add_player: FAILURE
add_player: FAILURE
num_played_games_for_player: SUCCESS, 22
add_player: FAILURE
add_player: FAILURE
play_match: FAILURE
get_partial_spirit: FAILURE
get_partial_spirit: SUCCESS, 2,1,3,4,5
add_player_cards: SUCCESS
get_partial_spirit: SUCCESS, 1,2,3,4,5
add_player_cards: FAILURE
get_team_points: SUCCESS, 0
get_partial_spirit: SUCCESS, 1,2,3,4,5
add_player: FAILURE
add_player_cards: SUCCESS
add_team: FAILURE
add_player_cards: SUCCESS
add_player: FAILURE
get_player_cards: SUCCESS, 274
add_player: FAILURE
add_player: FAILURE
add_player_cards: FAILURE
add_player: FAILURE
add_team: FAILURE
remove_team: FAILURE
add_player: FAILURE
get_player_cards: SUCCESS, 115
remove_team: FAILURE
remove_team: FAILURE
get_team_points: SUCCESS, 0
add_player: FAILURE
num_played_games_for_player: SUCCESS, 22
add_player_cards: SUCCESS
add_player: FAILURE
get_ith_pointless_ability: FAILURE
get_player_cards: SUCCESS, 285
get_team_points: SUCCESS, 0
get_team_points: FAILURE
num_played_games_for_player: SUCCESS, 22
add_team: FAILURE
add_player_cards: SUCCESS
add_player: FAILURE
add_player: FAILURE
play_match: FAILURE
remove_team: FAILURE
remove_team: FAILURE
get_player_cards: SUCCESS, 119
add_player: FAILURE
add_player: FAILURE
add_player_cards: SUCCESS
get_team_points: SUCCESS, 0
play_match: FAILURE
add_player: FAILURE
get_ith_pointless_ability: SUCCESS, 78
get_partial_spirit: SUCCESS, 1,2,3,4,5
get_player_cards: SUCCESS, 10
get_player_cards: SUCCESS, 262
add_player: FAILURE
num_played_games_for_player: SUCCESS, 22
add_player: FAILURE
get_partial_spirit: FAILURE
get_player_cards: SUCCESS, 220
buy_team: SUCCESS
add_player: FAILURE
get_player_cards: SUCCESS, 220
add_player: FAILURE
get_partial_spirit: FAILURE
num_played_games_for_player: SUCCESS, 22
add_team: FAILURE
get_partial_spirit: SUCCESS, 1,2,5,4,3
add_player: FAILURE
get_ith_pointless_ability: SUCCESS, 21
get_team_points: SUCCESS, 0
remove_team: FAILURE
play_match: FAILURE
remove_team: FAILURE
num_played_games_for_player: SUCCESS, 22
add_player: FAILURE
play_match: FAILURE
get_partial_spirit: SUCCESS, 1,2,3,4,5
add_player: FAILURE
remove_team: FAILURE
get_team_points: FAILURE
add_player: FAILURE
remove_team: FAILURE
num_played_games_for_player: SUCCESS, 22
add_player: FAILURE
add_player: FAILURE
get_player_cards: SUCCESS, 552
play_match: FAILURE
add_team: FAILURE
get_team_points: FAILURE
get_player_cards: SUCCESS, 402
add_player: FAILURE
buy_team: SUCCESS
buy_team: SUCCESS
play_match: FAILURE
get_ith_pointless_ability: FAILURE
get_ith_pointless_ability: FAILURE
get_team_points: SUCCESS, 3
play_match: FAILURE
get_team_points: SUCCESS, 0
add_player: FAILURE
add_player: FAILURE
add_team: FAILURE
num_played_games_for_player: SUCCESS, 22
get_player_cards: SUCCESS, 258
remove_team: FAILURE
get_player_cards: SUCCESS, 400
add_player: FAILURE
play_match: SUCCESS, 3
add_team: FAILURE
num_played_games_for_player: SUCCESS, 22
get_player_cards: SUCCESS, 19
num_played_games_for_player: SUCCESS, 22
get_partial_spirit: SUCCESS, 5,4,2,1,3
add_player: FAILURE
add_player: FAILURE
buy_team: SUCCESS
get_ith_pointless_ability: FAILURE
remove_team: FAILURE
add_player_cards: SUCCESS
num_played_games_for_player: SUCCESS, 22
get_partial_spirit: SUCCESS, 1,2,3,4,5
add_team: FAILURE
play_match: SUCCESS, 3
get_team_points: SUCCESS, 3
get_player_cards: SUCCESS, 115
get_team_points: SUCCESS, 3
get_partial_spirit: FAILURE
play_match: FAILURE
get_player_cards: SUCCESS, 274
play_match: FAILURE
get_team_points: FAILURE
add_player: FAILURE
add_player: FAILURE
num_played_games_for_player: SUCCESS, 22
add_player: FAILURE
get_team_points: FAILURE
get_ith_pointless_ability: SUCCESS, 48
add_player: FAILURE
add_player_cards: FAILURE
add_player: FAILURE
play_match: FAILURE
play_match: FAILURE
add_team: FAILURE
add_player: FAILURE
get_player_cards: SUCCESS, 192
get_partial_spirit: FAILURE
play_match: FAILURE
num_played_games_for_player: SUCCESS, 22
add_player: FAILURE
play_match: FAILURE
play_match: SUCCESS, 1
num_played_games_for_player: SUCCESS, 22
play_match: FAILURE
remove_team: FAILURE
remove_team: FAILURE
add_team: FAILURE
add_player: FAILURE
add_player_cards: SUCCESS
get_player_cards: SUCCESS, 79
remove_team: FAILURE
get_ith_pointless_ability: FAILURE
add_player_cards: SUCCESS
get_player_cards: SUCCESS, 636
buy_team: SUCCESS
get_ith_pointless_ability: SUCCESS, 95
get_ith_pointless_ability: SUCCESS, 88
play_match: FAILURE
get_partial_spirit: SUCCESS, 1,2,3,4,5
add_player: FAILURE
get_team_points: SUCCESS, 0
add_player: FAILURE
add_player: FAILURE
get_team_points: SUCCESS, 0
get_partial_spirit: SUCCESS, 2,4,1,3,5
add_team: FAILURE
buy_team: SUCCESS
play_match: FAILURE
add_player: FAILURE
add_player_cards: SUCCESS
get_ith_pointless_ability: FAILURE
add_player: FAILURE
buy_team: SUCCESS
add_player: FAILURE
add_player: FAILURE
get_partial_spirit: SUCCESS, 1,2,3,4,5
get_ith_pointless_ability: FAILURE
buy_team: SUCCESS
add_team: FAILURE
get_partial_spirit: FAILURE
play_match: FAILURE
play_match: FAILURE
get_partial_spirit: FAILURE
play_match: SUCCESS, 1
play_match: FAILURE
add_player: FAILURE
get_ith_pointless_ability: FAILURE
add_player: FAILURE
get_team_points: FAILURE
add_player: FAILURE
get_ith_pointless_ability: SUCCESS, 13
remove_team: FAILURE
get_partial_spirit: SUCCESS, 1,2,3,4,5
add_player: FAILURE
add_team: FAILURE
add_player: FAILURE
get_ith_pointless_ability: SUCCESS, 29
add_player_cards: SUCCESS
add_player: FAILURE
add_player: FAILURE
get_ith_pointless_ability: FAILURE
add_player: FAILURE
buy_team: SUCCESS
add_player: FAILURE
get_team_points: FAILURE
remove_team: FAILURE
get_player_cards: SUCCESS, 274
add_player: FAILURE
get_ith_pointless_ability: FAILURE
add_player: FAILURE
get_player_cards: SUCCESS, 255
add_team: FAILURE
get_player_cards: SUCCESS, 321
get_partial_spirit: SUCCESS, 3,4,1,5,2
buy_team: SUCCESS
add_team: FAILURE
remove_team: FAILURE
add_player: FAILURE
buy_team: SUCCESS
get_team_points: FAILURE
remove_team: FAILURE
get_team_points: FAILURE
get_team_points: FAILURE
get_ith_pointless_ability: SUCCESS, 95
get_player_cards: SUCCESS, 230
get_partial_spirit: FAILURE
num_played_games_for_player: SUCCESS, 22
