add_team: SUCCESS
add_team: SUCCESS
add_team: SUCCESS
add_team: SUCCESS
add_team: SUCCESS
add_team: SUCCESS
add_team: SUCCESS
add_team: SUCCESS
add_team: SUCCESS
add_team: SUCCESS
add_team: SUCCESS
add_team: SUCCESS
add_team: SUCCESS
add_team: SUCCESS
add_team: SUCCESS
add_team: SUCCESS
add_team: SUCCESS
add_team: SUCCESS
add_team: SUCCESS
add_team: SUCCESS
add_team: SUCCESS
add_team: SUCCESS
add_team: SUCCESS
add_team: SUCCESS
add_team: SUCCESS
add_team: SUCCESS
add_team: SUCCESS
add_team: SUCCESS
add_team: SUCCESS
add_team: SUCCESS
add_team: SUCCESS
add_team: SUCCESS
add_team: SUCCESS
add_team: SUCCESS
add_team: SUCCESS
add_team: SUCCESS
add_team: SUCCESS
add_team: SUCCESS
add_team: SUCCESS
add_team: SUCCESS
add_team: SUCCESS
add_team: SUCCESS
add_team: SUCCESS
add_team: SUCCESS
add_team: SUCCESS
add_team: SUCCESS
add_team: SUCCESS
add_team: SUCCESS
add_team: SUCCESS
add_team: SUCCESS
add_team: SUCCESS
add_team: SUCCESS
add_team: SUCCESS
add_team: SUCCESS
add_team: SUCCESS
add_team: SUCCESS
add_team: SUCCESS
add_team: SUCCESS
add_team: SUCCESS
add_team: SUCCESS
add_team: SUCCESS
add_team: SUCCESS
add_team: SUCCESS
add_team: SUCCESS
add_team: SUCCESS
add_team: SUCCESS
add_team: SUCCESS
add_team: SUCCESS
add_team: SUCCESS
add_team: SUCCESS
add_team: SUCCESS
add_team: SUCCESS
add_team: SUCCESS
add_team: SUCCESS
add_team: SUCCESS
add_team: SUCCESS
add_team: SUCCESS
add_team: SUCCESS
add_team: SUCCESS
add_team: SUCCESS
add_team: SUCCESS
add_team: SUCCESS
add_team: SUCCESS
add_team: SUCCESS
add_team: SUCCESS
add_team: SUCCESS
add_team: SUCCESS
add_team: SUCCESS
add_team: SUCCESS
add_team: SUCCESS
add_team: SUCCESS
add_team: SUCCESS
add_team: SUCCESS
add_team: SUCCESS
add_team: SUCCESS
add_team: SUCCESS
add_team: SUCCESS
add_team: SUCCESS
add_team: SUCCESS
add_team: SUCCESS
add_player: SUCCESS
add_player: SUCCESS
add_player: SUCCESS
add_player: SUCCESS
add_player: SUCCESS
add_player: SUCCESS
add_player: SUCCESS
add_player: SUCCESS
add_player: SUCCESS
add_player: SUCCESS
add_player: SUCCESS
add_player: SUCCESS
add_player: SUCCESS
add_player: SUCCESS
add_player: SUCCESS
add_player: SUCCESS
add_player: SUCCESS
add_player: SUCCESS
add_player: SUCCESS
add_player: SUCCESS
add_player: SUCCESS
add_player: SUCCESS
add_player: SUCCESS
add_player: SUCCESS
add_player: SUCCESS
add_player: SUCCESS
add_player: SUCCESS
add_player: SUCCESS
add_player: SUCCESS
add_player: SUCCESS
add_player: SUCCESS
add_player: SUCCESS
add_player: SUCCESS
add_player: SUCCESS
add_player: SUCCESS
add_player: SUCCESS
add_player: SUCCESS
add_player: SUCCESS
add_player: SUCCESS
add_player: SUCCESS
add_player: SUCCESS
add_player: SUCCESS
add_player: SUCCESS
add_player: SUCCESS
add_player: SUCCESS
add_player: SUCCESS
add_player: SUCCESS
add_player: SUCCESS
add_player: SUCCESS
add_player: SUCCESS
add_player: SUCCESS
add_player: SUCCESS
add_player: SUCCESS
add_player: SUCCESS
add_player: SUCCESS
add_player: SUCCESS
add_player: SUCCESS
add_player: SUCCESS
add_player: SUCCESS
add_player: SUCCESS
add_player: SUCCESS
add_player: SUCCESS
add_player: SUCCESS
add_player: SUCCESS
add_player: SUCCESS
add_player: SUCCESS
add_player: SUCCESS
add_player: SUCCESS
add_player: SUCCESS
add_player: SUCCESS
add_player: SUCCESS
add_player: SUCCESS
add_player: SUCCESS
add_player: SUCCESS
add_player: SUCCESS
add_player: SUCCESS
add_player: SUCCESS
add_player: SUCCESS
add_player: SUCCESS
add_player: SUCCESS
add_player: SUCCESS
add_player: SUCCESS
add_player: SUCCESS
add_player: SUCCESS
add_player: SUCCESS
add_player: SUCCESS
add_player: SUCCESS
add_player: SUCCESS
add_player: SUCCESS
add_player: SUCCESS
add_player: SUCCESS
add_player: SUCCESS
add_player: SUCCESS
add_player: SUCCESS
add_player: SUCCESS
add_player: SUCCESS
add_player: SUCCESS
add_player: SUCCESS
add_player: SUCCESS
add_player: SUCCESS
get_team_points: SUCCESS, 0
num_played_games_for_player: SUCCESS, 22
add_player: SUCCESS
play_match: FAILURE
add_player: SUCCESS
get_partial_spirit: SUCCESS, 1,2,3,4,5
add_player: SUCCESS
add_player: SUCCESS
add_player: SUCCESS
get_team_points: SUCCESS, 0
add_team: SUCCESS
get_team_points: SUCCESS, 0
add_player: SUCCESS
add_team: FAILURE
add_player_cards: SUCCESS
add_player: SUCCESS
num_played_games_for_player: SUCCESS, 22
add_player: SUCCESS
add_team: FAILURE
get_ith_pointless_ability: SUCCESS, 46
buy_team: SUCCESS
buy_team: SUCCESS
add_player: SUCCESS
add_player: SUCCESS
get_player_cards: SUCCESS, 2
num_played_games_for_player: SUCCESS, 22
add_player: SUCCESS
play_match: FAILURE
get_ith_pointless_ability: SUCCESS, 66
remove_team: FAILURE
remove_team: FAILURE
play_match: FAILURE
add_team: FAILURE
add_player: SUCCESS
add_team: FAILURE
remove_team: FAILURE
add_player: SUCCESS
add_team: FAILURE
get_team_points: SUCCESS, 0
buy_team: SUCCESS
add_player_cards: SUCCESS
play_match: SUCCESS, 3
add_player: SUCCESS
remove_team: FAILURE
add_player: SUCCESS
add_player: SUCCESS
add_player: SUCCESS
get_partial_spirit: SUCCESS, 1,2,3,4,5
buy_team: SUCCESS
remove_team: FAILURE
play_match: FAILURE
get_partial_spirit: SUCCESS, 1,2,3,4,5
buy_team: SUCCESS
add_player: SUCCESS
num_played_games_for_player: SUCCESS, 22
get_player_cards: SUCCESS, 2
get_player_cards: SUCCESS, 186
add_team: FAILURE
remove_team: FAILURE
get_player_cards: SUCCESS, 124
get_player_cards: SUCCESS, 291
get_player_cards: SUCCESS, 89
remove_team: FAILURE
add_player: SUCCESS
get_team_points: SUCCESS, 0
play_match: FAILURE
add_player: SUCCESS
add_player_cards: SUCCESS
add_team: FAILURE
remove_team: FAILURE
remove_team: FAILURE
add_player_cards: SUCCESS
remove_team: FAILURE
add_team: FAILURE
add_player: FAILURE
buy_team: SUCCESS
get_partial_spirit: SUCCESS, 1,2,3,4,5
add_player_cards: SUCCESS
get_team_points: SUCCESS, 0
buy_team: SUCCESS
get_ith_pointless_ability: FAILURE
add_team: FAILURE
get_ith_pointless_ability: FAILURE
num_played_games_for_player: SUCCESS, 22
remove_team: FAILURE
num_played_games_for_player: SUCCESS, 22
num_played_games_for_player: SUCCESS, 22
remove_team: FAILURE
get_team_points: SUCCESS, 0
get_ith_pointless_ability: SUCCESS, 13
add_player_cards: SUCCESS
add_player: SUCCESS
play_match: FAILURE
get_team_points: SUCCESS, 0
add_player_cards: SUCCESS
add_player_cards: SUCCESS
buy_team: SUCCESS
get_team_points: SUCCESS, 0
add_player: SUCCESS
play_match: FAILURE
get_team_points: SUCCESS, 0
num_played_games_for_player: SUCCESS, 22
add_player_cards: SUCCESS
play_match: SUCCESS, 1
get_team_points: SUCCESS, 0
get_player_cards: SUCCESS, 124
get_ith_pointless_ability: SUCCESS, 56
get_team_points: SUCCESS, 0
remove_team: FAILURE
get_team_points: SUCCESS, 0
num_played_games_for_player: SUCCESS, 22
add_player: SUCCESS
add_player: SUCCESS
get_partial_spirit: SUCCESS, 1,2,3,4,5
get_partial_spirit: SUCCESS, 5,4,1,2,3
remove_team: FAILURE
get_player_cards: SUCCESS, 198
remove_team: FAILURE
get_player_cards: SUCCESS, 126
play_match: SUCCESS, 1
num_played_games_for_player: SUCCESS, 22
remove_team: FAILURE
get_player_cards: SUCCESS, 217
num_played_games_for_player: SUCCESS, 22
remove_team: FAILURE
remove_team: FAILURE
get_player_cards: SUCCESS, 212
remove_team: FAILURE
get_partial_spirit: SUCCESS, 1,2,3,4,5
get_team_points: SUCCESS, 0
get_ith_pointless_ability: SUCCESS, 26
add_player: SUCCESS
play_match: FAILURE
get_partial_spirit: SUCCESS, 4,2,1,3,5
add_team: FAILURE
add_player: SUCCESS
get_player_cards: SUCCESS, 134
buy_team: SUCCESS
add_player: FAILURE
get_ith_pointless_ability: SUCCESS, 29
add_player: SUCCESS
add_player: SUCCESS
add_player: SUCCESS
remove_team: FAILURE
num_played_games_for_player: SUCCESS, 22
remove_team: FAILURE
get_player_cards: SUCCESS, 299
add_player: SUCCESS
get_team_points: SUCCESS, 0
get_ith_pointless_ability: FAILURE
get_player_cards: SUCCESS, 376
get_partial_spirit: SUCCESS, 1,2,3,4,5
get_team_points: SUCCESS, 0
get_partial_spirit: SUCCESS, 1,2,3,4,5
add_player_cards: SUCCESS
get_team_points: SUCCESS, 0
get_partial_spirit: SUCCESS, 1,2,3,4,5
get_team_points: SUCCESS, 0
add_team: FAILURE
num_played_games_for_player: SUCCESS, 22
remove_team: FAILURE
buy_team: SUCCESS
add_team: FAILURE
get_ith_pointless_ability: SUCCESS, 10
add_player: SUCCESS
add_player: SUCCESS
play_match: SUCCESS, 3
play_match: SUCCESS, 1
play_match: FAILURE
num_played_games_for_player: SUCCESS, 22
add_player: SUCCESS
num_played_games_for_player: SUCCESS, 22
add_player: SUCCESS
play_match: FAILURE
get_ith_pointless_ability: SUCCESS, 3
get_player_cards: SUCCESS, 441
buy_team: SUCCESS
remove_team: FAILURE
add_player: SUCCESS
remove_team: FAILURE
get_ith_pointless_ability: FAILURE
buy_team: SUCCESS
add_player: FAILURE
get_player_cards: SUCCESS, 212
add_team: FAILURE
play_match: FAILURE
add_player: SUCCESS
buy_team: SUCCESS
add_team: FAILURE
play_match: FAILURE
add_player_cards: SUCCESS
get_team_points: SUCCESS, 0
add_player: SUCCESS
get_partial_spirit: SUCCESS, 1,2,3,4,5
get_partial_spirit: SUCCESS, 4,2,1,3,5
buy_team: SUCCESS
get_player_cards: SUCCESS, 151
get_player_cards: SUCCESS, 126
add_team: FAILURE
add_team: FAILURE
add_player: SUCCESS
add_player: SUCCESS
get_partial_spirit: SUCCESS, 1,2,3,4,5
get_partial_spirit: SUCCESS, 5,1,3,2,4
get_player_cards: SUCCESS, 290
get_ith_pointless_ability: FAILURE
add_player: SUCCESS
add_player_cards: SUCCESS
add_team: FAILURE
remove_team: FAILURE
play_match: SUCCESS, 3
num_played_games_for_player: SUCCESS, 22
buy_team: SUCCESS
add_player: FAILURE
num_played_games_for_player: SUCCESS, 22
get_player_cards: SUCCESS, 291
add_player: SUCCESS
remove_team: FAILURE
buy_team: SUCCESS
num_played_games_for_player: SUCCESS, 22
num_played_games_for_player: SUCCESS, 22
add_player: SUCCESS
add_player: FAILURE
remove_team: FAILURE
get_player_cards: SUCCESS, 6
get_player_cards: SUCCESS, 163
add_player: SUCCESS
add_player: SUCCESS
get_player_cards: SUCCESS, 198
add_team: FAILURE
play_match: SUCCESS, 3
get_partial_spirit: FAILURE
get_ith_pointless_ability: SUCCESS, 92
get_team_points: SUCCESS, 0
add_player_cards: SUCCESS
remove_team: FAILURE
add_player: SUCCESS
add_player: SUCCESS
add_team: FAILURE
get_ith_pointless_ability: FAILURE
num_played_games_for_player: SUCCESS, 22
add_player: SUCCESS
add_team: FAILURE
buy_team: SUCCESS
add_player_cards: SUCCESS
get_player_cards: SUCCESS, 151
num_played_games_for_player: SUCCESS, 22
add_team: FAILURE
get_player_cards: SUCCESS, 288
add_team: FAILURE
get_team_points: SUCCESS, 0
get_player_cards: SUCCESS, 471
get_team_points: SUCCESS, 0
get_partial_spirit: SUCCESS, 1,2,3,4,5
remove_team: FAILURE
remove_team: FAILURE
add_player: SUCCESS
play_match: SUCCESS, 3
num_played_games_for_player: SUCCESS, 22
add_player_cards: SUCCESS
add_team: FAILURE
add_player: SUCCESS
add_player_cards: SUCCESS
add_player: SUCCESS
remove_team: FAILURE
get_partial_spirit: SUCCESS, 1,2,3,4,5
add_player: FAILURE
get_player_cards: SUCCESS, 173
add_player: SUCCESS
add_team: FAILURE
add_player: SUCCESS
get_ith_pointless_ability: FAILURE
add_team: FAILURE
add_team: FAILURE
play_match: SUCCESS, 3
get_partial_spirit: SUCCESS, 4,3,5,1,2
add_player: SUCCESS
get_partial_spirit: FAILURE
get_ith_pointless_ability: FAILURE
buy_team: SUCCESS
remove_team: FAILURE
add_player: SUCCESS
get_partial_spirit: SUCCESS, 1,2,3,4,5
add_player: SUCCESS
add_player: SUCCESS
get_partial_spirit: SUCCESS, 1,2,3,4,5
add_player: SUCCESS
num_played_games_for_player: SUCCESS, 22
add_player: SUCCESS
get_team_points: SUCCESS, 0
play_match: SUCCESS, 1
num_played_games_for_player: SUCCESS, 22
get_ith_pointless_ability: FAILURE
remove_team: FAILURE
add_player_cards: SUCCESS
num_played_games_for_player: SUCCESS, 22
num_played_games_for_player: SUCCESS, 22
num_played_games_for_player: SUCCESS, 22
get_ith_pointless_ability: FAILURE
get_ith_pointless_ability: SUCCESS, 50
add_player: SUCCESS
get_ith_pointless_ability: SUCCESS, 90
get_player_cards: SUCCESS, 291
get_player_cards: SUCCESS, 109
num_played_games_for_player: SUCCESS, 22
buy_team: SUCCESS
buy_team: SUCCESS
get_player_cards: SUCCESS, 268
add_team: FAILURE
get_player_cards: SUCCESS, 287
get_player_cards: SUCCESS, 122
buy_team: SUCCESS
get_partial_spirit: SUCCESS, 1,2,3,4,5
add_player: FAILURE
get_ith_pointless_ability: FAILURE
add_player: SUCCESS
get_partial_spirit: SUCCESS, 1,2,4,3,5
get_partial_spirit: SUCCESS, 2,4,5,1,3
add_player: SUCCESS
get_team_points: SUCCESS, 0
get_team_points: SUCCESS, 0
add_player: SUCCESS
add_player: SUCCESS
buy_team: SUCCESS
add_player_cards: SUCCESS
get_team_points: SUCCESS, 0
add_player: SUCCESS
num_played_games_for_player: SUCCESS, 22
add_player: SUCCESS
add_player: SUCCESS
get_ith_pointless_ability: SUCCESS, 45
get_partial_spirit: SUCCESS, 1,2,3,4,5
add_player_cards: SUCCESS
add_player: SUCCESS
num_played_games_for_player: SUCCESS, 22
add_player: SUCCESS
play_match: FAILURE
add_team: FAILURE
add_player: SUCCESS
buy_team: SUCCESS
get_player_cards: SUCCESS, 255
add_player: SUCCESS
buy_team: SUCCESS
buy_team: SUCCESS
add_player: SUCCESS
get_player_cards: SUCCESS, 255
get_partial_spirit: SUCCESS, 1,2,3,4,5
remove_team: FAILURE
add_player: SUCCESS
remove_team: FAILURE
get_player_cards: SUCCESS, 126
play_match: SUCCESS, 3
add_player_cards: SUCCESS
get_ith_pointless_ability: FAILURE
remove_team: FAILURE
play_match: FAILURE
add_team: FAILURE
get_ith_pointless_ability: SUCCESS, 43
get_player_cards: SUCCESS, 128
get_team_points: SUCCESS, 0
buy_team: SUCCESS
add_player: SUCCESS
play_match: FAILURE
buy_team: SUCCESS
buy_team: SUCCESS
add_player_cards: SUCCESS
get_player_cards: SUCCESS, 238
buy_team: SUCCESS
add_team: FAILURE
add_player: SUCCESS
buy_team: SUCCESS
add_player: SUCCESS
add_player: SUCCESS
get_player_cards: SUCCESS, 151
get_partial_spirit: SUCCESS, 3,4,5,1,2
get_player_cards: SUCCESS, 239
buy_team: SUCCESS
add_player_cards: SUCCESS
buy_team: SUCCESS
add_player: SUCCESS
get_partial_spirit: FAILURE
add_player_cards: SUCCESS
num_played_games_for_player: SUCCESS, 22
add_team: FAILURE
play_match: SUCCESS, 1
add_player: SUCCESS
remove_team: FAILURE
get_player_cards: SUCCESS, 68
get_ith_pointless_ability: SUCCESS, 55
get_partial_spirit: SUCCESS, 5,1,3,2,4
add_player: SUCCESS
get_player_cards: SUCCESS, 127
num_played_games_for_player: SUCCESS, 22
buy_team: SUCCESS
add_team: FAILURE
add_player: SUCCESS
get_ith_pointless_ability: SUCCESS, 3
add_player_cards: SUCCESS
buy_team: SUCCESS
add_team: FAILURE
num_played_games_for_player: SUCCESS, 22
add_player: SUCCESS
add_team: FAILURE
get_player_cards: SUCCESS, 90
get_ith_pointless_ability: SUCCESS, 11
num_played_games_for_player: SUCCESS, 22
play_match: FAILURE
get_ith_pointless_ability: SUCCESS, 92
get_ith_pointless_ability: FAILURE
play_match: FAILURE
add_player: SUCCESS
get_player_cards: SUCCESS, 286
add_team: FAILURE
add_player_cards: FAILURE
add_player: SUCCESS
get_ith_pointless_ability: SUCCESS, 33
num_played_games_for_player: SUCCESS, 22
num_played_games_for_player: SUCCESS, 22
add_player: SUCCESS
add_player: FAILURE
buy_team: SUCCESS
get_team_points: SUCCESS, 3
get_player_cards: SUCCESS, 125
num_played_games_for_player: SUCCESS, 22
add_player: SUCCESS
get_team_points: SUCCESS, 0
add_player: FAILURE
get_player_cards: SUCCESS, 387
add_player_cards: SUCCESS
play_match: SUCCESS, 1
buy_team: SUCCESS
remove_team: FAILURE
play_match: FAILURE
add_player_cards: SUCCESS
add_player: SUCCESS
remove_team: FAILURE
get_partial_spirit: SUCCESS, 1,2,3,4,5
play_match: FAILURE
get_partial_spirit: SUCCESS, 1,2,3,4,5
add_team: FAILURE
play_match: SUCCESS, 3
add_player: FAILURE
num_played_games_for_player: SUCCESS, 22
add_player_cards: SUCCESS
get_player_cards: SUCCESS, 206
add_player: FAILURE
remove_team: FAILURE
get_team_points: SUCCESS, 0
get_ith_pointless_ability: SUCCESS, 94
get_team_points: SUCCESS, 0
get_ith_pointless_ability: SUCCESS, 26
buy_team: SUCCESS
add_team: FAILURE
remove_team: FAILURE
play_match: FAILURE
add_player_cards: SUCCESS
get_ith_pointless_ability: FAILURE
get_ith_pointless_ability: FAILURE
num_played_games_for_player: SUCCESS, 22
play_match: SUCCESS, 3
add_player: SUCCESS
remove_team: FAILURE
add_player_cards: SUCCESS
get_player_cards: SUCCESS, 238
get_player_cards: SUCCESS, 284
add_player: SUCCESS
get_player_cards: SUCCESS, 249
buy_team: SUCCESS
num_played_games_for_player: SUCCESS, 22
get_partial_spirit: SUCCESS, 1,2,3,4,5
num_played_games_for_player: SUCCESS, 22
num_played_games_for_player: SUCCESS, 22
get_ith_pointless_ability: SUCCESS, 49
add_player: SUCCESS
add_team: FAILURE
get_team_points: SUCCESS, 0
play_match: FAILURE
remove_team: FAILURE
get_ith_pointless_ability: SUCCESS, 51
get_player_cards: SUCCESS, 287
add_player: FAILURE
get_ith_pointless_ability: SUCCESS, 40
get_team_points: SUCCESS, 0
add_team: FAILURE
get_ith_pointless_ability: SUCCESS, 71
add_player: SUCCESS
get_ith_pointless_ability: SUCCESS, 73
num_played_games_for_player: SUCCESS, 22
num_played_games_for_player: SUCCESS, 22
get_team_points: SUCCESS, 0
add_player_cards: SUCCESS
play_match: FAILURE
buy_team: SUCCESS
get_partial_spirit: FAILURE
add_team: FAILURE
num_played_games_for_player: SUCCESS, 22
remove_team: FAILURE
get_partial_spirit: FAILURE
num_played_games_for_player: SUCCESS, 22
add_team: FAILURE
add_player_cards: SUCCESS
add_player: SUCCESS
get_team_points: SUCCESS, 0
buy_team: SUCCESS
get_partial_spirit: SUCCESS, 1,3,2,5,4
buy_team: SUCCESS
get_player_cards: SUCCESS, 29
add_team: FAILURE
add_player_cards: SUCCESS
play_match: SUCCESS, 3
add_player: FAILURE
num_played_games_for_player: SUCCESS, 22
get_team_points: SUCCESS, 6
get_player_cards: SUCCESS, 124
get_partial_spirit: SUCCESS, 2,5,3,1,4
get_partial_spirit: SUCCESS, 3,2,5,4,1
get_partial_spirit: FAILURE
add_player: FAILURE
get_partial_spirit: SUCCESS, 2,5,3,1,4
add_team: FAILURE
get_team_points: SUCCESS, 0
get_team_points: SUCCESS, 0
add_player_cards: SUCCESS
get_player_cards: SUCCESS, 77
buy_team: SUCCESS
add_player_cards: FAILURE
num_played_games_for_player: SUCCESS, 22
buy_team: SUCCESS
add_player: SUCCESS
add_player: FAILURE
play_match: FAILURE
add_player_cards: SUCCESS
add_player_cards: SUCCESS
add_team: FAILURE
get_partial_spirit: SUCCESS, 3,5,2,4,1
get_player_cards: SUCCESS, 285
num_played_games_for_player: SUCCESS, 22
num_played_games_for_player: SUCCESS, 22
add_player: SUCCESS
get_partial_spirit: SUCCESS, 1,2,3,4,5
add_player_cards: SUCCESS
add_player: FAILURE
add_player: FAILURE
get_partial_spirit: SUCCESS, 5,4,3,1,2
buy_team: SUCCESS
get_team_points: SUCCESS, 0
add_player: SUCCESS
get_partial_spirit: SUCCESS, 1,2,3,4,5
get_partial_spirit: SUCCESS, 4,5,1,2,3
add_player: SUCCESS
get_ith_pointless_ability: SUCCESS, 42
remove_team: FAILURE
add_player: FAILURE
get_player_cards: SUCCESS, 179
get_partial_spirit: SUCCESS, 1,2,3,4,5
add_player: FAILURE
add_player: SUCCESS
add_player: SUCCESS
add_player: FAILURE
get_team_points: SUCCESS, 0
add_player: FAILURE
add_player: FAILURE
add_player: SUCCESS
get_ith_pointless_ability: FAILURE
add_player: SUCCESS
add_player_cards: SUCCESS
num_played_games_for_player: SUCCESS, 22
get_partial_spirit: SUCCESS, 1,2,3,4,5
add_player: FAILURE
add_player: SUCCESS
get_team_points: SUCCESS, 0
add_player: SUCCESS
play_match: FAILURE
remove_team: FAILURE
add_player: SUCCESS
num_played_games_for_player: SUCCESS, 22
add_team: FAILURE
get_team_points: SUCCESS, 0
get_player_cards: SUCCESS, 284
add_team: FAILURE
add_player: FAILURE
play_match: FAILURE
add_player: FAILURE
add_player: FAILURE
remove_team: FAILURE
get_ith_pointless_ability: SUCCESS, 29
play_match: SUCCESS, 1
get_partial_spirit: SUCCESS, 1,2,3,4,5
get_player_cards: SUCCESS, 268
add_team: FAILURE
get_ith_pointless_ability: SUCCESS, 90
add_player_cards: SUCCESS
add_player: FAILURE
add_team: FAILURE
add_player: FAILURE
add_player: SUCCESS
add_player: FAILURE
get_ith_pointless_ability: SUCCESS, 67
add_player_cards: SUCCESS
num_played_games_for_player: SUCCESS, 22
add_player: SUCCESS
get_team_points: SUCCESS, 3
add_player: SUCCESS
get_team_points: SUCCESS, 0
num_played_games_for_player: SUCCESS, 22
get_ith_pointless_ability: SUCCESS, 51
get_player_cards: SUCCESS, 26
get_ith_pointless_ability: SUCCESS, 26
add_player_cards: FAILURE
buy_team: SUCCESS
add_player: SUCCESS
add_player: FAILURE
remove_team: FAILURE
add_player: FAILURE
add_team: FAILURE
buy_team: SUCCESS
add_player: SUCCESS
get_ith_pointless_ability: SUCCESS, 45
buy_team: SUCCESS
get_player_cards: SUCCESS, 202
add_player_cards: SUCCESS
get_partial_spirit: SUCCESS, 5,4,3,1,2
get_team_points: SUCCESS, 0
num_played_games_for_player: SUCCESS, 22
get_team_points: SUCCESS, 3
get_ith_pointless_ability: SUCCESS, 67
add_player: SUCCESS
get_partial_spirit: SUCCESS, 1,2,3,4,5
add_player_cards: SUCCESS
get_team_points: SUCCESS, 0
add_player: FAILURE
buy_team: SUCCESS
add_team: FAILURE
add_player: FAILURE
get_player_cards: SUCCESS, 257
get_team_points: SUCCESS, 3
add_player: SUCCESS
add_player: SUCCESS
add_player_cards: FAILURE
get_player_cards: SUCCESS, 280
get_player_cards: SUCCESS, 49
add_player_cards: SUCCESS
num_played_games_for_player: SUCCESS, 22
add_player: SUCCESS
add_player: SUCCESS
get_team_points: SUCCESS, 0
num_played_games_for_player: SUCCESS, 22
add_player: FAILURE
add_player: SUCCESS
add_player_cards: SUCCESS
get_ith_pointless_ability: SUCCESS, 73
get_ith_pointless_ability: SUCCESS, 45
buy_team: SUCCESS
add_player: SUCCESS
remove_team: FAILURE
add_player: FAILURE
add_player: SUCCESS
buy_team: SUCCESS
get_ith_pointless_ability: SUCCESS, 23
get_player_cards: SUCCESS, 101
get_player_cards: SUCCESS, 60
play_match: SUCCESS, 3
add_team: FAILURE
add_player_cards: SUCCESS
remove_team: FAILURE
remove_team: FAILURE
get_team_points: SUCCESS, 6
add_player: FAILURE
add_player: SUCCESS
remove_team: FAILURE
buy_team: SUCCESS
buy_team: SUCCESS
num_played_games_for_player: SUCCESS, 22
buy_team: SUCCESS
get_team_points: SUCCESS, 3
add_player: SUCCESS
play_match: SUCCESS, 3
remove_team: FAILURE
add_player_cards: SUCCESS
add_player: FAILURE
add_player: FAILURE
add_player: SUCCESS
buy_team: SUCCESS
add_team: FAILURE
add_player: FAILURE
add_player: FAILURE
add_player: FAILURE
add_player: FAILURE
add_player_cards: SUCCESS
play_match: FAILURE
get_partial_spirit: SUCCESS, 1,2,3,4,5
remove_team: FAILURE
add_player: FAILURE
add_team: FAILURE
get_player_cards: SUCCESS, 274
add_player: FAILURE
remove_team: FAILURE
num_played_games_for_player: SUCCESS, 22
add_player: SUCCESS
add_player: FAILURE
remove_team: FAILURE
get_ith_pointless_ability: SUCCESS, 33
get_partial_spirit: SUCCESS, 2,5,1,3,4
add_team: FAILURE
get_player_cards: SUCCESS, 109
add_player_cards: FAILURE
add_player: SUCCESS
add_player_cards: SUCCESS
add_team: FAILURE
remove_team: FAILURE
add_player_cards: SUCCESS
remove_team: FAILURE
add_player: SUCCESS
num_played_games_for_player: SUCCESS, 22
get_ith_pointless_ability: FAILURE
add_player: SUCCESS
remove_team: FAILURE
add_player: SUCCESS
get_team_points: FAILURE
get_team_points: FAILURE
add_player: SUCCESS
get_team_points: SUCCESS, 6
add_team: FAILURE
add_player: FAILURE
add_player: SUCCESS
get_player_cards: SUCCESS, 250
add_player: FAILURE
get_ith_pointless_ability: SUCCESS, 50
add_player: FAILURE
get_team_points: SUCCESS, 0
num_played_games_for_player: SUCCESS, 22
get_ith_pointless_ability: SUCCESS, 89
get_partial_spirit: SUCCESS, 1,2,3,4,5
get_partial_spirit: SUCCESS, 1,2,3,4,5
add_player: SUCCESS
add_player: FAILURE
num_played_games_for_player: SUCCESS, 22
add_player: FAILURE
get_partial_spirit: FAILURE
get_partial_spirit: SUCCESS, 2,4,5,3,1
get_team_points: FAILURE
buy_team: SUCCESS
remove_team: FAILURE
add_player: FAILURE
buy_team: SUCCESS
get_team_points: FAILURE
get_ith_pointless_ability: SUCCESS, 69
remove_team: FAILURE
play_match: SUCCESS, 3
buy_team: SUCCESS
get_team_points: SUCCESS, 6
add_player: SUCCESS
add_player_cards: FAILURE
add_player: FAILURE
get_partial_spirit: SUCCESS, 1,2,3,4,5
get_player_cards: SUCCESS, 291
get_partial_spirit: SUCCESS, 1,2,3,4,5
remove_team: FAILURE
add_player: SUCCESS
play_match: FAILURE
play_match: SUCCESS, 1
add_team: FAILURE
buy_team: SUCCESS
add_player: SUCCESS
add_player: FAILURE
play_match: SUCCESS, 1
add_player: SUCCESS
add_player: SUCCESS
remove_team: FAILURE
get_team_points: SUCCESS, 0
get_partial_spirit: SUCCESS, 1,2,3,4,5
add_player_cards: FAILURE
get_partial_spirit: SUCCESS, 1,2,3,4,5
add_player_cards: SUCCESS
buy_team: SUCCESS
add_player_cards: SUCCESS
play_match: FAILURE
add_player: SUCCESS
remove_team: FAILURE
num_played_games_for_player: SUCCESS, 22
num_played_games_for_player: SUCCESS, 22
get_player_cards: SUCCESS, 65
add_player: FAILURE
get_ith_pointless_ability: FAILURE
add_player_cards: SUCCESS
num_played_games_for_player: SUCCESS, 22
get_partial_spirit: SUCCESS, 1,2,3,4,5
get_ith_pointless_ability: FAILURE
num_played_games_for_player: SUCCESS, 22
add_player: FAILURE
remove_team: FAILURE
remove_team: FAILURE
add_team: FAILURE
add_player: FAILURE
get_team_points: FAILURE
get_partial_spirit: FAILURE
add_player_cards: SUCCESS
add_team: FAILURE
add_player: FAILURE
add_player: FAILURE
play_match: FAILURE
add_player: SUCCESS
get_partial_spirit: SUCCESS, 1,2,4,5,3
get_team_points: SUCCESS, 3
add_player: FAILURE
get_ith_pointless_ability: SUCCESS, 46
remove_team: FAILURE
play_match: FAILURE
num_played_games_for_player: SUCCESS, 22
remove_team: FAILURE
add_player: FAILURE
add_player: FAILURE
add_player: FAILURE
remove_team: FAILURE
get_team_points: FAILURE
play_match: FAILURE
get_ith_pointless_ability: SUCCESS, 33
num_played_games_for_player: SUCCESS, 22
get_player_cards: SUCCESS, 165
get_player_cards: SUCCESS, 28
get_partial_spirit: SUCCESS, 4,5,1,2,3
get_partial_spirit: SUCCESS, 4,3,2,1,5
add_player: FAILURE
buy_team: SUCCESS
get_team_points: FAILURE
remove_team: FAILURE
get_partial_spirit: SUCCESS, 1,2,3,4,5
add_player: SUCCESS
add_player: SUCCESS
buy_team: SUCCESS
num_played_games_for_player: SUCCESS, 22
get_ith_pointless_ability: FAILURE
add_team: FAILURE
play_match: SUCCESS, 3
add_team: FAILURE
add_player: SUCCESS
add_player: FAILURE
get_ith_pointless_ability: SUCCESS, 94
buy_team: SUCCESS
add_team: FAILURE
buy_team: SUCCESS
add_player: FAILURE
add_player: SUCCESS
buy_team: SUCCESS
add_player: FAILURE
get_team_points: FAILURE
play_match: FAILURE
add_player: FAILURE
add_player: FAILURE
add_player: FAILURE
add_player: FAILURE
get_ith_pointless_ability: SUCCESS, 62
num_played_games_for_player: SUCCESS, 22
get_team_points: SUCCESS, 0
add_player_cards: SUCCESS
add_player: SUCCESS
add_player: FAILURE
num_played_games_for_player: SUCCESS, 22
play_match: SUCCESS, 3
get_ith_pointless_ability: SUCCESS, 98
add_team: FAILURE
add_team: FAILURE
get_player_cards: SUCCESS, 206
get_player_cards: SUCCESS, 235
buy_team: SUCCESS
num_played_games_for_player: SUCCESS, 22
num_played_games_for_player: SUCCESS, 22
num_played_games_for_player: SUCCESS, 22
add_team: FAILURE
get_player_cards: SUCCESS, 163
get_team_points: FAILURE
add_player: SUCCESS
add_player: FAILURE
get_team_points: SUCCESS, 3
add_player: SUCCESS
get_partial_spirit: SUCCESS, 5,4,3,2,1
add_player: FAILURE
add_player: FAILURE
get_player_cards: SUCCESS, 33
add_player: FAILURE
get_partial_spirit: SUCCESS, 5,2,4,3,1
play_match: SUCCESS, 1
get_ith_pointless_ability: SUCCESS, 78
get_player_cards: SUCCESS, 53
add_player: SUCCESS
get_ith_pointless_ability: FAILURE
add_player_cards: SUCCESS
add_player: SUCCESS
add_team: FAILURE
get_ith_pointless_ability: FAILURE
add_player_cards: SUCCESS
get_ith_pointless_ability: SUCCESS, 71
get_ith_pointless_ability: SUCCESS, 39
add_team: FAILURE
buy_team: SUCCESS
add_player_cards: SUCCESS
add_team: FAILURE
play_match: FAILURE
add_player: FAILURE
add_team: FAILURE
remove_team: FAILURE
add_player: FAILURE
get_team_points: SUCCESS, 0
buy_team: SUCCESS
add_player: FAILURE
get_team_points: FAILURE
add_player_cards: SUCCESS
get_team_points: SUCCESS, 0
num_played_games_for_player: SUCCESS, 22
remove_team: FAILURE
buy_team: SUCCESS
add_player_cards: FAILURE
buy_team: SUCCESS
add_player_cards: SUCCESS
num_played_games_for_player: SUCCESS, 22
get_player_cards: SUCCESS, 34
get_player_cards: SUCCESS, 202
get_player_cards: SUCCESS, 238
add_player: FAILURE
get_team_points: SUCCESS, 0
get_partial_spirit: SUCCESS, 1,2,3,4,5
add_player_cards: SUCCESS
get_partial_spirit: FAILURE
remove_team: FAILURE
get_partial_spirit: SUCCESS, 1,5,2,3,4
add_player: FAILURE
add_player: FAILURE
add_team: FAILURE
add_team: FAILURE
num_played_games_for_player: SUCCESS, 22
num_played_games_for_player: SUCCESS, 22
remove_team: FAILURE
play_match: FAILURE
buy_team: SUCCESS
add_player: FAILURE
get_partial_spirit: FAILURE
add_team: FAILURE
add_player_cards: FAILURE
add_player_cards: FAILURE
get_team_points: SUCCESS, 6
add_player_cards: FAILURE
buy_team: SUCCESS
play_match: FAILURE
buy_team: SUCCESS
add_player: FAILURE
add_player: FAILURE
get_player_cards: SUCCESS, 516
add_team: FAILURE
add_team: FAILURE
add_player_cards: SUCCESS
get_partial_spirit: SUCCESS, 1,2,3,4,5
add_player: SUCCESS
add_player: FAILURE
get_team_points: SUCCESS, 0
play_match: FAILURE
add_player: FAILURE
get_partial_spirit: SUCCESS, 3,2,5,4,1
add_player: SUCCESS
add_player: FAILURE
add_player: FAILURE
play_match: FAILURE
get_player_cards: SUCCESS, 60
get_partial_spirit: SUCCESS, 1,2,3,4,5
buy_team: SUCCESS
add_player: FAILURE
add_player: FAILURE
add_player: FAILURE
add_team: FAILURE
remove_team: FAILURE
get_partial_spirit: SUCCESS, 4,3,1,2,5
play_match: FAILURE
add_player: FAILURE
get_ith_pointless_ability: SUCCESS, 94
buy_team: SUCCESS
add_team: FAILURE
add_player: FAILURE
get_player_cards: SUCCESS, 238
remove_team: FAILURE
get_partial_spirit: SUCCESS, 1,2,3,4,5
num_played_games_for_player: SUCCESS, 22
get_player_cards: SUCCESS, 114
get_player_cards: SUCCESS, 148
get_team_points: SUCCESS, 0
play_match: FAILURE
buy_team: SUCCESS
buy_team: SUCCESS
add_player_cards: SUCCESS
get_ith_pointless_ability: SUCCESS, 69
play_match: FAILURE
get_ith_pointless_ability: SUCCESS, 70
add_player: FAILURE
add_player: FAILURE
add_player: SUCCESS
add_player: FAILURE
add_player_cards: SUCCESS
add_player_cards: SUCCESS
add_team: FAILURE
remove_team: FAILURE
remove_team: FAILURE
add_player: FAILURE
