add_team: SUCCESS
add_team: SUCCESS
add_team: SUCCESS
add_team: SUCCESS
add_team: SUCCESS
add_team: SUCCESS
add_team: SUCCESS
add_team: SUCCESS
add_team: SUCCESS
add_team: SUCCESS
add_team: SUCCESS
add_team: SUCCESS
add_team: SUCCESS
add_team: SUCCESS
add_team: SUCCESS
add_team: SUCCESS
add_team: SUCCESS
add_team: SUCCESS
add_team: SUCCESS
add_team: SUCCESS
add_team: SUCCESS
add_team: SUCCESS
add_team: SUCCESS
add_team: SUCCESS
add_team: SUCCESS
add_team: SUCCESS
add_team: SUCCESS
add_team: SUCCESS
add_team: SUCCESS
add_team: SUCCESS
add_team: SUCCESS
add_team: SUCCESS
add_team: SUCCESS
add_team: SUCCESS
add_team: SUCCESS
add_team: SUCCESS
add_team: SUCCESS
add_team: SUCCESS
add_team: SUCCESS
add_team: SUCCESS
add_team: SUCCESS
add_team: SUCCESS
add_team: SUCCESS
add_team: SUCCESS
add_team: SUCCESS
add_team: SUCCESS
add_team: SUCCESS
add_team: SUCCESS
add_team: SUCCESS
add_team: SUCCESS
add_team: SUCCESS
add_team: SUCCESS
add_team: SUCCESS
add_team: SUCCESS
add_team: SUCCESS
add_team: SUCCESS
add_team: SUCCESS
add_team: SUCCESS
add_team: SUCCESS
add_team: SUCCESS
add_team: SUCCESS
add_team: SUCCESS
add_team: SUCCESS
add_team: SUCCESS
add_team: SUCCESS
add_team: SUCCESS
add_team: SUCCESS
add_team: SUCCESS
add_team: SUCCESS
add_team: SUCCESS
add_team: SUCCESS
add_team: SUCCESS
add_team: SUCCESS
add_team: SUCCESS
add_team: SUCCESS
add_team: SUCCESS
add_team: SUCCESS
add_team: SUCCESS
add_team: SUCCESS
add_team: SUCCESS
add_team: SUCCESS
add_team: SUCCESS
add_team: SUCCESS
add_team: SUCCESS
add_team: SUCCESS
add_team: SUCCESS
add_team: SUCCESS
add_team: SUCCESS
add_team: SUCCESS
add_team: SUCCESS
add_team: SUCCESS
add_team: SUCCESS
add_team: SUCCESS
add_team: SUCCESS
add_team: SUCCESS
add_team: SUCCESS
add_team: SUCCESS
add_team: SUCCESS
add_team: SUCCESS
add_team: SUCCESS
add_player: SUCCESS
add_player: SUCCESS
add_player: SUCCESS
add_player: SUCCESS
add_player: SUCCESS
add_player: SUCCESS
add_player: SUCCESS
add_player: SUCCESS
add_player: SUCCESS
add_player: SUCCESS
add_player: SUCCESS
add_player: SUCCESS
add_player: SUCCESS
add_player: SUCCESS
add_player: SUCCESS
add_player: SUCCESS
add_player: SUCCESS
add_player: SUCCESS
add_player: SUCCESS
add_player: SUCCESS
add_player: SUCCESS
add_player: SUCCESS
add_player: SUCCESS
add_player: SUCCESS
add_player: SUCCESS
add_player: SUCCESS
add_player: SUCCESS
add_player: SUCCESS
add_player: SUCCESS
add_player: SUCCESS
add_player: SUCCESS
add_player: SUCCESS
add_player: SUCCESS
add_player: SUCCESS
add_player: SUCCESS
add_player: SUCCESS
add_player: SUCCESS
add_player: SUCCESS
add_player: SUCCESS
add_player: SUCCESS
add_player: SUCCESS
add_player: SUCCESS
add_player: SUCCESS
add_player: SUCCESS
add_player: SUCCESS
add_player: SUCCESS
add_player: SUCCESS
add_player: SUCCESS
add_player: SUCCESS
add_player: SUCCESS
add_player: SUCCESS
add_player: SUCCESS
add_player: SUCCESS
add_player: SUCCESS
add_player: SUCCESS
add_player: SUCCESS
add_player: SUCCESS
add_player: SUCCESS
add_player: SUCCESS
add_player: SUCCESS
add_player: SUCCESS
add_player: SUCCESS
add_player: SUCCESS
add_player: SUCCESS
add_player: SUCCESS
add_player: SUCCESS
add_player: SUCCESS
add_player: SUCCESS
add_player: SUCCESS
add_player: SUCCESS
add_player: SUCCESS
add_player: SUCCESS
add_player: SUCCESS
add_player: SUCCESS
add_player: SUCCESS
add_player: SUCCESS
add_player: SUCCESS
add_player: SUCCESS
add_player: SUCCESS
add_player: SUCCESS
add_player: SUCCESS
add_player: SUCCESS
add_player: SUCCESS
add_player: SUCCESS
add_player: SUCCESS
add_player: SUCCESS
add_player: SUCCESS
add_player: SUCCESS
add_player: SUCCESS
add_player: SUCCESS
add_player: SUCCESS
add_player: SUCCESS
add_player: SUCCESS
add_player: SUCCESS
add_player: SUCCESS
add_player: SUCCESS
add_player: SUCCESS
add_player: SUCCESS
add_player: SUCCESS
add_player: SUCCESS
get_partial_spirit: SUCCESS, 1,4,5,2,3
remove_team: FAILURE
add_team: SUCCESS
get_partial_spirit: SUCCESS, 3,5,1,2,4
add_player: SUCCESS
get_partial_spirit: SUCCESS, 5,3,2,4,1
remove_team: FAILURE
num_played_games_for_player: SUCCESS, 22
add_player: SUCCESS
add_player: SUCCESS
buy_team: SUCCESS
num_played_games_for_player: SUCCESS, 22
add_player: SUCCESS
add_team: FAILURE
add_player: SUCCESS
get_player_cards: SUCCESS, 74
play_match: FAILURE
add_player_cards: SUCCESS
get_team_points: SUCCESS, 0
num_played_games_for_player: SUCCESS, 22
add_player: SUCCESS
num_played_games_for_player: SUCCESS, 22
num_played_games_for_player: SUCCESS, 22
buy_team: SUCCESS
remove_team: FAILURE
add_player_cards: SUCCESS
add_player: SUCCESS
add_team: FAILURE
buy_team: SUCCESS
get_team_points: SUCCESS, 0
buy_team: SUCCESS
buy_team: SUCCESS
add_player: SUCCESS
get_ith_pointless_ability: FAILURE
add_player: SUCCESS
get_player_cards: SUCCESS, 27
add_player: SUCCESS
buy_team: SUCCESS
get_player_cards: SUCCESS, 3
num_played_games_for_player: SUCCESS, 22
add_team: FAILURE
get_partial_spirit: SUCCESS, 1,2,3,4,5
play_match: FAILURE
add_team: FAILURE
add_team: FAILURE
play_match: FAILURE
add_team: FAILURE
add_player: SUCCESS
add_player: SUCCESS
num_played_games_for_player: SUCCESS, 22
add_player: SUCCESS
add_player_cards: SUCCESS
get_partial_spirit: SUCCESS, 1,2,3,4,5
add_team: FAILURE
play_match: FAILURE
add_player: SUCCESS
get_player_cards: SUCCESS, 277
play_match: FAILURE
add_player: SUCCESS
add_player: SUCCESS
add_player: FAILURE
get_player_cards: SUCCESS, 297
add_player: SUCCESS
play_match: FAILURE
add_team: FAILURE
add_team: FAILURE
remove_team: FAILURE
add_player: SUCCESS
get_player_cards: SUCCESS, 79
get_player_cards: SUCCESS, 197
play_match: FAILURE
add_team: FAILURE
play_match: FAILURE
play_match: SUCCESS, 1
add_player: SUCCESS
buy_team: SUCCESS
get_player_cards: SUCCESS, 175
add_player: SUCCESS
add_player: SUCCESS
remove_team: FAILURE
add_player: SUCCESS
buy_team: SUCCESS
remove_team: FAILURE
buy_team: SUCCESS
get_player_cards: SUCCESS, 89
add_player: SUCCESS
buy_team: SUCCESS
buy_team: SUCCESS
remove_team: FAILURE
get_team_points: SUCCESS, 0
add_player: SUCCESS
play_match: FAILURE
add_player: SUCCESS
get_partial_spirit: SUCCESS, 3,5,1,2,4
buy_team: SUCCESS
add_player: SUCCESS
add_player: SUCCESS
num_played_games_for_player: SUCCESS, 22
buy_team: SUCCESS
num_played_games_for_player: SUCCESS, 22
get_player_cards: SUCCESS, 3
buy_team: SUCCESS
add_player: SUCCESS
get_partial_spirit: SUCCESS, 1,2,3,4,5
buy_team: SUCCESS
remove_team: FAILURE
play_match: FAILURE
num_played_games_for_player: SUCCESS, 22
get_player_cards: SUCCESS, 185
play_match: FAILURE
get_team_points: SUCCESS, 0
add_team: FAILURE
add_player: SUCCESS
play_match: SUCCESS, 1
add_player: SUCCESS
num_played_games_for_player: SUCCESS, 22
add_team: FAILURE
add_player: SUCCESS
get_partial_spirit: SUCCESS, 4,5,1,2,3
add_player: SUCCESS
add_player: SUCCESS
add_team: FAILURE
add_team: FAILURE
add_player: SUCCESS
add_team: FAILURE
add_player: SUCCESS
get_team_points: SUCCESS, 0
add_team: FAILURE
num_played_games_for_player: SUCCESS, 22
add_team: FAILURE
get_ith_pointless_ability: SUCCESS, 14
remove_team: FAILURE
get_team_points: SUCCESS, 0
add_player: SUCCESS
add_player: SUCCESS
get_ith_pointless_ability: SUCCESS, 27
add_player_cards: SUCCESS
buy_team: SUCCESS
remove_team: FAILURE
buy_team: SUCCESS
play_match: FAILURE
add_player: SUCCESS
num_played_games_for_player: SUCCESS, 22
play_match: FAILURE
add_team: FAILURE
buy_team: SUCCESS
add_player: SUCCESS
add_player: SUCCESS
get_partial_spirit: SUCCESS, 1,2,3,4,5
add_player_cards: SUCCESS
get_ith_pointless_ability: FAILURE
add_player: SUCCESS
add_player: SUCCESS
get_ith_pointless_ability: SUCCESS, 27
play_match: FAILURE
num_played_games_for_player: SUCCESS, 22
get_ith_pointless_ability: FAILURE
add_player: FAILURE
get_team_points: SUCCESS, 0
get_ith_pointless_ability: SUCCESS, 44
play_match: FAILURE
remove_team: FAILURE
add_player_cards: SUCCESS
add_team: FAILURE
remove_team: FAILURE
num_played_games_for_player: SUCCESS, 22
add_team: FAILURE
buy_team: SUCCESS
buy_team: SUCCESS
add_player: SUCCESS
play_match: SUCCESS, 1
get_partial_spirit: SUCCESS, 1,2,3,4,5
add_player_cards: SUCCESS
add_team: FAILURE
play_match: SUCCESS, 1
remove_team: FAILURE
get_team_points: SUCCESS, 0
add_player: SUCCESS
remove_team: FAILURE
add_player: SUCCESS
remove_team: FAILURE
get_player_cards: SUCCESS, 75
num_played_games_for_player: SUCCESS, 22
add_player: FAILURE
get_partial_spirit: SUCCESS, 5,2,1,3,4
num_played_games_for_player: SUCCESS, 22
get_player_cards: SUCCESS, 119
get_ith_pointless_ability: SUCCESS, 20
remove_team: FAILURE
add_player: FAILURE
add_player: FAILURE
buy_team: SUCCESS
buy_team: SUCCESS
num_played_games_for_player: SUCCESS, 22
get_partial_spirit: SUCCESS, 1,2,3,4,5
get_partial_spirit: SUCCESS, 1,4,3,5,2
add_player_cards: SUCCESS
add_player: SUCCESS
add_player: FAILURE
get_partial_spirit: SUCCESS, 1,2,3,4,5
add_player_cards: SUCCESS
buy_team: SUCCESS
add_player: SUCCESS
buy_team: SUCCESS
add_player: SUCCESS
buy_team: SUCCESS
add_player: SUCCESS
num_played_games_for_player: SUCCESS, 22
get_team_points: SUCCESS, 0
get_team_points: SUCCESS, 0
buy_team: SUCCESS
add_player_cards: SUCCESS
buy_team: SUCCESS
add_team: SUCCESS
num_played_games_for_player: SUCCESS, 22
add_player: SUCCESS
add_player: FAILURE
num_played_games_for_player: SUCCESS, 22
add_player: SUCCESS
add_team: FAILURE
buy_team: SUCCESS
add_player: SUCCESS
get_partial_spirit: SUCCESS, 1,2,3,4,5
get_partial_spirit: SUCCESS, 2,3,4,1,5
add_player_cards: SUCCESS
get_team_points: SUCCESS, 0
get_team_points: SUCCESS, 0
add_player_cards: SUCCESS
add_team: FAILURE
get_partial_spirit: SUCCESS, 1,2,3,4,5
add_player: SUCCESS
get_player_cards: SUCCESS, 74
get_partial_spirit: SUCCESS, 1,2,3,4,5
add_player: SUCCESS
num_played_games_for_player: SUCCESS, 22
add_player_cards: SUCCESS
add_player: SUCCESS
get_ith_pointless_ability: SUCCESS, 29
remove_team: FAILURE
add_player: SUCCESS
buy_team: SUCCESS
add_player: FAILURE
play_match: SUCCESS, 1
add_player_cards: SUCCESS
add_player_cards: SUCCESS
buy_team: SUCCESS
add_player: SUCCESS
add_team: FAILURE
add_team: FAILURE
add_player: SUCCESS
buy_team: SUCCESS
add_player: SUCCESS
add_player_cards: SUCCESS
num_played_games_for_player: SUCCESS, 22
add_player_cards: SUCCESS
remove_team: FAILURE
remove_team: FAILURE
get_team_points: SUCCESS, 0
num_played_games_for_player: SUCCESS, 22
get_team_points: SUCCESS, 0
add_player: FAILURE
play_match: SUCCESS, 3
add_player: SUCCESS
add_player: SUCCESS
buy_team: SUCCESS
get_team_points: SUCCESS, 0
num_played_games_for_player: SUCCESS, 22
remove_team: FAILURE
get_partial_spirit: SUCCESS, 2,5,3,4,1
remove_team: FAILURE
play_match: FAILURE
add_player: SUCCESS
add_player: SUCCESS
add_player_cards: SUCCESS
get_partial_spirit: SUCCESS, 1,2,3,4,5
get_player_cards: SUCCESS, 226
add_player: SUCCESS
num_played_games_for_player: SUCCESS, 22
add_player: SUCCESS
remove_team: FAILURE
get_partial_spirit: SUCCESS, 1,2,3,4,5
get_ith_pointless_ability: SUCCESS, 82
add_team: FAILURE
get_player_cards: SUCCESS, 211
get_partial_spirit: SUCCESS, 2,3,4,1,5
add_team: FAILURE
get_partial_spirit: SUCCESS, 1,4,5,3,2
get_team_points: SUCCESS, 0
get_team_points: SUCCESS, 0
add_player_cards: SUCCESS
get_partial_spirit: SUCCESS, 1,2,3,4,5
add_player_cards: SUCCESS
get_player_cards: SUCCESS, 12
add_player: SUCCESS
add_team: FAILURE
get_ith_pointless_ability: FAILURE
buy_team: SUCCESS
get_player_cards: SUCCESS, 129
get_team_points: SUCCESS, 0
add_player: SUCCESS
get_ith_pointless_ability: SUCCESS, 44
get_player_cards: SUCCESS, 177
add_player: FAILURE
add_team: FAILURE
num_played_games_for_player: SUCCESS, 22
get_partial_spirit: SUCCESS, 2,5,1,4,3
play_match: FAILURE
buy_team: SUCCESS
add_player: SUCCESS
num_played_games_for_player: SUCCESS, 22
add_player: FAILURE
get_partial_spirit: SUCCESS, 1,2,3,4,5
play_match: FAILURE
add_player: FAILURE
add_player: SUCCESS
add_player: FAILURE
get_partial_spirit: SUCCESS, 4,3,5,1,2
num_played_games_for_player: SUCCESS, 22
get_player_cards: SUCCESS, 348
remove_team: FAILURE
add_player: SUCCESS
add_player: SUCCESS
get_player_cards: SUCCESS, 217
add_player_cards: SUCCESS
get_ith_pointless_ability: SUCCESS, 75
add_player: SUCCESS
add_player: SUCCESS
num_played_games_for_player: SUCCESS, 22
get_partial_spirit: SUCCESS, 5,4,1,2,3
get_ith_pointless_ability: FAILURE
play_match: SUCCESS, 1
add_player_cards: SUCCESS
play_match: SUCCESS, 1
get_player_cards: SUCCESS, 185
num_played_games_for_player: SUCCESS, 22
buy_team: SUCCESS
get_player_cards: SUCCESS, 22
add_player_cards: SUCCESS
get_team_points: SUCCESS, 0
get_ith_pointless_ability: SUCCESS, 45
play_match: SUCCESS, 1
add_player: SUCCESS
remove_team: FAILURE
get_ith_pointless_ability: FAILURE
get_ith_pointless_ability: FAILURE
buy_team: SUCCESS
add_team: FAILURE
add_player: FAILURE
get_team_points: SUCCESS, 0
get_partial_spirit: SUCCESS, 1,2,3,4,5
get_partial_spirit: SUCCESS, 1,2,3,4,5
play_match: FAILURE
get_ith_pointless_ability: SUCCESS, 8
get_ith_pointless_ability: FAILURE
play_match: SUCCESS, 1
get_player_cards: SUCCESS, 103
add_player: FAILURE
add_player_cards: SUCCESS
play_match: SUCCESS, 3
num_played_games_for_player: SUCCESS, 22
remove_team: FAILURE
get_player_cards: SUCCESS, 79
play_match: FAILURE
buy_team: SUCCESS
get_ith_pointless_ability: FAILURE
add_player: SUCCESS
get_player_cards: SUCCESS, 296
add_player_cards: SUCCESS
num_played_games_for_player: SUCCESS, 22
get_team_points: SUCCESS, 0
buy_team: SUCCESS
get_partial_spirit: SUCCESS, 1,2,3,4,5
get_team_points: SUCCESS, 0
remove_team: FAILURE
add_team: FAILURE
play_match: SUCCESS, 3
get_partial_spirit: SUCCESS, 1,2,3,5,4
remove_team: FAILURE
get_team_points: SUCCESS, 0
add_team: FAILURE
add_player_cards: SUCCESS
buy_team: SUCCESS
buy_team: SUCCESS
get_team_points: SUCCESS, 3
get_team_points: SUCCESS, 0
add_player_cards: FAILURE
add_player: SUCCESS
get_ith_pointless_ability: SUCCESS, 68
buy_team: SUCCESS
get_ith_pointless_ability: SUCCESS, 1
add_team: FAILURE
get_player_cards: SUCCESS, 256
get_player_cards: SUCCESS, 224
buy_team: SUCCESS
buy_team: SUCCESS
buy_team: SUCCESS
add_team: FAILURE
get_partial_spirit: SUCCESS, 2,3,4,1,5
add_player: SUCCESS
play_match: FAILURE
add_player_cards: SUCCESS
add_player_cards: SUCCESS
get_partial_spirit: SUCCESS, 3,4,1,2,5
add_player: SUCCESS
add_player: SUCCESS
buy_team: SUCCESS
add_team: FAILURE
get_player_cards: SUCCESS, 23
num_played_games_for_player: SUCCESS, 22
get_player_cards: SUCCESS, 20
add_player: SUCCESS
get_player_cards: SUCCESS, 262
add_player: FAILURE
add_player: SUCCESS
get_player_cards: SUCCESS, 132
remove_team: FAILURE
play_match: FAILURE
add_player_cards: SUCCESS
add_team: FAILURE
get_ith_pointless_ability: SUCCESS, 68
add_player_cards: SUCCESS
get_ith_pointless_ability: FAILURE
num_played_games_for_player: SUCCESS, 22
add_team: FAILURE
add_player: FAILURE
add_team: FAILURE
num_played_games_for_player: SUCCESS, 22
get_player_cards: SUCCESS, 2
get_player_cards: SUCCESS, 446
add_player: FAILURE
get_partial_spirit: SUCCESS, 1,2,3,4,5
get_partial_spirit: SUCCESS, 1,2,3,4,5
add_team: FAILURE
add_player: FAILURE
add_team: FAILURE
add_player: SUCCESS
get_team_points: SUCCESS, 0
play_match: FAILURE
buy_team: SUCCESS
add_player_cards: SUCCESS
play_match: FAILURE
get_ith_pointless_ability: SUCCESS, 77
buy_team: SUCCESS
add_player: FAILURE
add_player: SUCCESS
add_player: SUCCESS
get_partial_spirit: SUCCESS, 1,4,2,5,3
get_partial_spirit: SUCCESS, 1,2,3,4,5
add_player: FAILURE
remove_team: FAILURE
play_match: FAILURE
num_played_games_for_player: SUCCESS, 22
add_player: SUCCESS
add_team: FAILURE
get_ith_pointless_ability: SUCCESS, 42
add_team: FAILURE
add_team: FAILURE
get_player_cards: SUCCESS, 89
get_player_cards: SUCCESS, 182
add_player: SUCCESS
buy_team: SUCCESS
add_player_cards: SUCCESS
add_team: FAILURE
get_team_points: SUCCESS, 0
add_player_cards: SUCCESS
get_ith_pointless_ability: SUCCESS, 78
get_ith_pointless_ability: SUCCESS, 68
get_partial_spirit: SUCCESS, 1,2,3,4,5
remove_team: FAILURE
play_match: SUCCESS, 1
add_player_cards: SUCCESS
add_player: SUCCESS
num_played_games_for_player: SUCCESS, 22
add_player: FAILURE
remove_team: FAILURE
play_match: FAILURE
add_player: SUCCESS
remove_team: FAILURE
add_player: SUCCESS
play_match: SUCCESS, 1
buy_team: SUCCESS
play_match: SUCCESS, 1
add_player: SUCCESS
get_player_cards: SUCCESS, 510
buy_team: SUCCESS
add_player: FAILURE
add_player: SUCCESS
buy_team: SUCCESS
get_ith_pointless_ability: SUCCESS, 74
add_team: FAILURE
add_team: FAILURE
remove_team: FAILURE
add_player: SUCCESS
add_player: FAILURE
get_ith_pointless_ability: FAILURE
buy_team: SUCCESS
get_team_points: SUCCESS, 3
add_player_cards: FAILURE
add_player_cards: SUCCESS
buy_team: SUCCESS
add_player: SUCCESS
buy_team: SUCCESS
get_ith_pointless_ability: SUCCESS, 48
get_team_points: SUCCESS, 0
add_player_cards: SUCCESS
play_match: FAILURE
get_ith_pointless_ability: SUCCESS, 54
get_partial_spirit: SUCCESS, 1,2,3,4,5
add_player_cards: SUCCESS
get_partial_spirit: FAILURE
buy_team: SUCCESS
get_partial_spirit: SUCCESS, 3,4,5,2,1
play_match: FAILURE
add_player: SUCCESS
add_player: SUCCESS
get_ith_pointless_ability: SUCCESS, 43
add_player_cards: SUCCESS
play_match: FAILURE
buy_team: SUCCESS
buy_team: SUCCESS
add_player: SUCCESS
get_ith_pointless_ability: SUCCESS, 45
add_player: SUCCESS
num_played_games_for_player: SUCCESS, 22
add_player: SUCCESS
remove_team: FAILURE
get_player_cards: SUCCESS, 339
get_player_cards: SUCCESS, 284
get_player_cards: SUCCESS, 240
get_team_points: SUCCESS, 0
buy_team: SUCCESS
add_team: FAILURE
add_player_cards: SUCCESS
get_partial_spirit: SUCCESS, 4,5,1,3,2
add_player: SUCCESS
get_ith_pointless_ability: SUCCESS, 20
get_player_cards: SUCCESS, 66
get_team_points: SUCCESS, 0
buy_team: SUCCESS
play_match: FAILURE
get_ith_pointless_ability: SUCCESS, 16
get_team_points: SUCCESS, 0
add_team: FAILURE
remove_team: FAILURE
play_match: FAILURE
buy_team: SUCCESS
get_team_points: SUCCESS, 0
add_team: FAILURE
play_match: SUCCESS, 3
get_partial_spirit: SUCCESS, 1,2,3,4,5
buy_team: SUCCESS
get_ith_pointless_ability: FAILURE
num_played_games_for_player: SUCCESS, 22
add_team: FAILURE
num_played_games_for_player: SUCCESS, 22
get_player_cards: SUCCESS, 27
get_ith_pointless_ability: FAILURE
get_ith_pointless_ability: SUCCESS, 49
add_player: SUCCESS
add_player_cards: SUCCESS
get_team_points: SUCCESS, 3
add_player: SUCCESS
add_player: FAILURE
add_player: SUCCESS
add_player: SUCCESS
remove_team: FAILURE
get_team_points: SUCCESS, 3
get_partial_spirit: SUCCESS, 1,2,3,4,5
play_match: FAILURE
buy_team: SUCCESS
play_match: SUCCESS, 1
get_player_cards: SUCCESS, 264
add_player_cards: SUCCESS
get_ith_pointless_ability: SUCCESS, 55
get_ith_pointless_ability: FAILURE
add_team: FAILURE
get_partial_spirit: SUCCESS, 1,2,3,4,5
add_player_cards: SUCCESS
remove_team: FAILURE
add_player_cards: SUCCESS
remove_team: FAILURE
add_player: FAILURE
add_player: FAILURE
get_player_cards: SUCCESS, 82
add_team: FAILURE
buy_team: SUCCESS
play_match: FAILURE
add_team: FAILURE
get_team_points: SUCCESS, 0
get_team_points: FAILURE
get_team_points: FAILURE
remove_team: FAILURE
buy_team: SUCCESS
num_played_games_for_player: SUCCESS, 22
num_played_games_for_player: SUCCESS, 22
buy_team: SUCCESS
add_team: FAILURE
add_player: FAILURE
add_player: SUCCESS
play_match: FAILURE
remove_team: FAILURE
buy_team: SUCCESS
play_match: FAILURE
remove_team: FAILURE
get_partial_spirit: SUCCESS, 4,5,2,3,1
add_player: SUCCESS
add_team: FAILURE
remove_team: FAILURE
get_player_cards: SUCCESS, 32
remove_team: FAILURE
add_player: SUCCESS
add_player: SUCCESS
get_ith_pointless_ability: SUCCESS, 77
add_team: FAILURE
add_player: FAILURE
add_player: SUCCESS
remove_team: FAILURE
get_ith_pointless_ability: SUCCESS, 50
get_team_points: SUCCESS, 3
add_player: SUCCESS
get_team_points: FAILURE
get_player_cards: SUCCESS, 126
add_player: FAILURE
remove_team: FAILURE
play_match: SUCCESS, 3
get_team_points: SUCCESS, 0
add_player: FAILURE
add_player: SUCCESS
add_player: FAILURE
get_team_points: FAILURE
get_ith_pointless_ability: SUCCESS, 60
play_match: FAILURE
add_team: FAILURE
add_player_cards: FAILURE
num_played_games_for_player: SUCCESS, 22
get_ith_pointless_ability: SUCCESS, 32
get_player_cards: SUCCESS, 32
num_played_games_for_player: SUCCESS, 22
add_player: SUCCESS
buy_team: SUCCESS
add_player: FAILURE
remove_team: FAILURE
add_player_cards: SUCCESS
add_player: SUCCESS
get_ith_pointless_ability: SUCCESS, 43
num_played_games_for_player: SUCCESS, 22
get_ith_pointless_ability: SUCCESS, 77
get_player_cards: SUCCESS, 241
buy_team: SUCCESS
get_ith_pointless_ability: SUCCESS, 93
get_ith_pointless_ability: SUCCESS, 81
get_partial_spirit: SUCCESS, 1,2,3,4,5
add_player: FAILURE
get_player_cards: SUCCESS, 348
buy_team: SUCCESS
add_team: FAILURE
get_ith_pointless_ability: SUCCESS, 44
get_ith_pointless_ability: SUCCESS, 78
buy_team: SUCCESS
remove_team: FAILURE
add_player: SUCCESS
get_team_points: SUCCESS, 3
num_played_games_for_player: SUCCESS, 22
add_player: FAILURE
add_player: SUCCESS
play_match: FAILURE
buy_team: SUCCESS
add_player: FAILURE
get_player_cards: SUCCESS, 248
add_player: FAILURE
add_player_cards: SUCCESS
get_ith_pointless_ability: SUCCESS, 68
get_partial_spirit: SUCCESS, 1,2,3,4,5
remove_team: FAILURE
get_player_cards: SUCCESS, 176
add_player: FAILURE
add_player_cards: SUCCESS
num_played_games_for_player: SUCCESS, 22
get_team_points: SUCCESS, 0
add_player: FAILURE
add_player: FAILURE
get_player_cards: SUCCESS, 119
add_player: SUCCESS
get_player_cards: SUCCESS, 176
add_player_cards: SUCCESS
get_player_cards: SUCCESS, 268
num_played_games_for_player: SUCCESS, 22
get_player_cards: SUCCESS, 233
add_player: FAILURE
add_player: FAILURE
get_ith_pointless_ability: SUCCESS, 16
add_player: FAILURE
add_player: SUCCESS
buy_team: SUCCESS
num_played_games_for_player: SUCCESS, 22
add_player: SUCCESS
add_player: FAILURE
num_played_games_for_player: SUCCESS, 22
add_player_cards: SUCCESS
num_played_games_for_player: SUCCESS, 22
play_match: FAILURE
get_ith_pointless_ability: SUCCESS, 32
play_match: FAILURE
get_ith_pointless_ability: SUCCESS, 48
play_match: FAILURE
get_partial_spirit: SUCCESS, 1,2,3,5,4
add_player: SUCCESS
play_match: FAILURE
get_ith_pointless_ability: SUCCESS, 85
add_player: SUCCESS
remove_team: FAILURE
remove_team: FAILURE
add_team: FAILURE
get_ith_pointless_ability: FAILURE
get_player_cards: SUCCESS, 145
add_player_cards: SUCCESS
add_player: FAILURE
get_team_points: SUCCESS, 0
play_match: FAILURE
add_player: SUCCESS
get_team_points: FAILURE
add_player: FAILURE
remove_team: FAILURE
add_player: SUCCESS
remove_team: FAILURE
get_player_cards: SUCCESS, 262
num_played_games_for_player: SUCCESS, 22
get_partial_spirit: SUCCESS, 4,5,1,2,3
remove_team: FAILURE
play_match: SUCCESS, 1
num_played_games_for_player: SUCCESS, 22
add_player_cards: SUCCESS
add_player: SUCCESS
play_match: FAILURE
remove_team: FAILURE
add_player: FAILURE
remove_team: FAILURE
get_ith_pointless_ability: SUCCESS, 20
get_partial_spirit: SUCCESS, 1,4,2,5,3
buy_team: SUCCESS
get_player_cards: SUCCESS, 27
add_player_cards: SUCCESS
add_player: SUCCESS
num_played_games_for_player: SUCCESS, 22
add_player_cards: SUCCESS
get_player_cards: SUCCESS, 65
get_team_points: SUCCESS, 0
num_played_games_for_player: SUCCESS, 22
add_player: FAILURE
remove_team: FAILURE
add_player: SUCCESS
add_team: FAILURE
num_played_games_for_player: SUCCESS, 22
get_player_cards: SUCCESS, 32
num_played_games_for_player: SUCCESS, 22
get_partial_spirit: SUCCESS, 4,5,3,2,1
get_team_points: FAILURE
add_player: FAILURE
remove_team: FAILURE
remove_team: FAILURE
play_match: FAILURE
get_team_points: SUCCESS, 3
add_player_cards: SUCCESS
play_match: SUCCESS, 1
get_ith_pointless_ability: SUCCESS, 16
add_player: FAILURE
get_ith_pointless_ability: SUCCESS, 95
play_match: SUCCESS, 3
add_team: FAILURE
get_partial_spirit: SUCCESS, 1,2,3,4,5
add_player: FAILURE
add_team: FAILURE
remove_team: FAILURE
add_player: SUCCESS
remove_team: FAILURE
buy_team: SUCCESS
num_played_games_for_player: SUCCESS, 22
add_player_cards: SUCCESS
remove_team: FAILURE
play_match: FAILURE
add_player: FAILURE
add_player: FAILURE
get_player_cards: SUCCESS, 268
buy_team: SUCCESS
get_team_points: SUCCESS, 0
add_player_cards: SUCCESS
remove_team: FAILURE
add_team: FAILURE
add_player: FAILURE
add_player: SUCCESS
get_partial_spirit: SUCCESS, 1,2,3,4,5
buy_team: SUCCESS
num_played_games_for_player: SUCCESS, 22
add_player_cards: SUCCESS
add_team: FAILURE
add_player: FAILURE
get_partial_spirit: FAILURE
get_player_cards: SUCCESS, 446
add_team: FAILURE
num_played_games_for_player: SUCCESS, 22
get_team_points: SUCCESS, 0
add_team: FAILURE
remove_team: FAILURE
add_team: FAILURE
add_player: FAILURE
get_team_points: SUCCESS, 3
add_player: FAILURE
num_played_games_for_player: SUCCESS, 22
play_match: SUCCESS, 3
get_ith_pointless_ability: FAILURE
add_team: FAILURE
remove_team: FAILURE
play_match: FAILURE
add_player: FAILURE
get_player_cards: SUCCESS, 217
buy_team: SUCCESS
add_player: SUCCESS
get_ith_pointless_ability: SUCCESS, 82
add_player_cards: SUCCESS
play_match: FAILURE
get_player_cards: SUCCESS, 176
add_player_cards: SUCCESS
get_player_cards: SUCCESS, 197
num_played_games_for_player: SUCCESS, 22
add_team: FAILURE
remove_team: FAILURE
add_player_cards: SUCCESS
add_team: FAILURE
num_played_games_for_player: SUCCESS, 22
add_player_cards: FAILURE
remove_team: FAILURE
add_player_cards: SUCCESS
num_played_games_for_player: SUCCESS, 22
add_team: FAILURE
add_player_cards: SUCCESS
play_match: FAILURE
add_player_cards: FAILURE
get_team_points: SUCCESS, 3
buy_team: SUCCESS
get_team_points: SUCCESS, 0
get_team_points: SUCCESS, 0
num_played_games_for_player: SUCCESS, 22
buy_team: SUCCESS
add_player: SUCCESS
add_team: FAILURE
add_player: FAILURE
add_team: FAILURE
remove_team: FAILURE
remove_team: FAILURE
get_ith_pointless_ability: FAILURE
add_player: FAILURE
get_team_points: SUCCESS, 0
add_player_cards: SUCCESS
get_partial_spirit: SUCCESS, 1,2,3,4,5
get_ith_pointless_ability: SUCCESS, 65
add_player_cards: SUCCESS
add_player: FAILURE
num_played_games_for_player: SUCCESS, 22
get_player_cards: SUCCESS, 255
add_player_cards: FAILURE
get_team_points: SUCCESS, 3
add_player_cards: FAILURE
num_played_games_for_player: SUCCESS, 22
buy_team: SUCCESS
remove_team: FAILURE
add_player: FAILURE
num_played_games_for_player: SUCCESS, 22
get_partial_spirit: SUCCESS, 1,4,2,3,5
get_team_points: SUCCESS, 3
remove_team: FAILURE
get_partial_spirit: SUCCESS, 4,3,2,1,5
num_played_games_for_player: SUCCESS, 22
add_team: FAILURE
play_match: FAILURE
play_match: FAILURE
play_match: SUCCESS, 3
get_player_cards: SUCCESS, 96
add_team: FAILURE
get_partial_spirit: FAILURE
play_match: SUCCESS, 3
add_player: FAILURE
buy_team: SUCCESS
get_player_cards: SUCCESS, 277
num_played_games_for_player: SUCCESS, 22
get_player_cards: SUCCESS, 161
add_player: FAILURE
num_played_games_for_player: SUCCESS, 22
buy_team: SUCCESS
add_player: FAILURE
play_match: FAILURE
add_team: FAILURE
get_player_cards: SUCCESS, 317
play_match: FAILURE
add_team: FAILURE
add_player: FAILURE
add_player: FAILURE
get_player_cards: SUCCESS, 348
num_played_games_for_player: SUCCESS, 22
add_team: FAILURE
remove_team: FAILURE
get_player_cards: SUCCESS, 9
get_ith_pointless_ability: FAILURE
get_ith_pointless_ability: SUCCESS, 34
add_player_cards: SUCCESS
add_player: FAILURE
remove_team: FAILURE
add_player: FAILURE
add_player: FAILURE
play_match: SUCCESS, 1
buy_team: SUCCESS
get_partial_spirit: SUCCESS, 1,2,3,4,5
add_player_cards: SUCCESS
add_player_cards: SUCCESS
add_player: FAILURE
add_player: FAILURE
get_player_cards: SUCCESS, 263
add_player: FAILURE
buy_team: SUCCESS
add_player: FAILURE
get_partial_spirit: SUCCESS, 4,5,1,3,2
get_player_cards: SUCCESS, 184
buy_team: SUCCESS
num_played_games_for_player: SUCCESS, 22
add_player: FAILURE
add_player: FAILURE
add_player: FAILURE
get_team_points: FAILURE
add_player: FAILURE
add_player: FAILURE
play_match: FAILURE
add_team: FAILURE
play_match: FAILURE
get_partial_spirit: SUCCESS, 1,2,3,4,5
num_played_games_for_player: SUCCESS, 22
add_team: FAILURE
play_match: FAILURE
add_player: FAILURE
add_player: FAILURE
remove_team: FAILURE
add_player_cards: SUCCESS
play_match: FAILURE
buy_team: SUCCESS
get_player_cards: SUCCESS, 63
get_team_points: SUCCESS, 0
remove_team: FAILURE
get_partial_spirit: SUCCESS, 1,2,3,4,5
add_player: FAILURE
add_player: FAILURE
get_player_cards: SUCCESS, 317
add_team: FAILURE
get_team_points: FAILURE
play_match: FAILURE
add_player: FAILURE
play_match: FAILURE
remove_team: FAILURE
get_ith_pointless_ability: FAILURE
add_player: FAILURE
add_player: FAILURE
add_team: FAILURE
get_player_cards: SUCCESS, 23
num_played_games_for_player: SUCCESS, 22
get_team_points: FAILURE
play_match: SUCCESS, 1
add_player: FAILURE
add_team: FAILURE
add_team: FAILURE
add_player: FAILURE
add_team: FAILURE
add_player: FAILURE
add_player: FAILURE
add_team: FAILURE
add_team: FAILURE
add_player: FAILURE
num_played_games_for_player: SUCCESS, 22
add_team: FAILURE
buy_team: SUCCESS
remove_team: FAILURE
get_player_cards: SUCCESS, 23
add_team: FAILURE
get_partial_spirit: FAILURE
add_team: FAILURE
get_ith_pointless_ability: FAILURE
get_partial_spirit: FAILURE
add_player: FAILURE
get_ith_pointless_ability: FAILURE
play_match: FAILURE
remove_team: FAILURE
add_team: FAILURE
add_team: FAILURE
add_player: FAILURE
buy_team: SUCCESS
buy_team: SUCCESS
get_partial_spirit: FAILURE
remove_team: FAILURE
get_ith_pointless_ability: SUCCESS, 36
add_team: FAILURE
play_match: FAILURE
buy_team: SUCCESS
add_team: FAILURE
get_player_cards: SUCCESS, 164
