add_team: SUCCESS
add_team: SUCCESS
add_team: SUCCESS
add_team: SUCCESS
add_team: SUCCESS
add_team: SUCCESS
add_team: SUCCESS
add_team: SUCCESS
add_team: SUCCESS
add_team: SUCCESS
add_team: SUCCESS
add_team: SUCCESS
add_team: SUCCESS
add_team: SUCCESS
add_team: SUCCESS
add_team: SUCCESS
add_team: SUCCESS
add_team: SUCCESS
add_team: SUCCESS
add_team: SUCCESS
add_team: SUCCESS
add_team: SUCCESS
add_team: SUCCESS
add_team: SUCCESS
add_team: SUCCESS
add_team: SUCCESS
add_team: SUCCESS
add_team: SUCCESS
add_team: SUCCESS
add_team: SUCCESS
add_team: SUCCESS
add_team: SUCCESS
add_team: SUCCESS
add_team: SUCCESS
add_team: SUCCESS
add_team: SUCCESS
add_team: SUCCESS
add_team: SUCCESS
add_team: SUCCESS
add_team: SUCCESS
add_team: SUCCESS
add_team: SUCCESS
add_team: SUCCESS
add_team: SUCCESS
add_team: SUCCESS
add_team: SUCCESS
add_team: SUCCESS
add_team: SUCCESS
add_team: SUCCESS
add_team: SUCCESS
add_team: SUCCESS
add_team: SUCCESS
add_team: SUCCESS
add_team: SUCCESS
add_team: SUCCESS
add_team: SUCCESS
add_team: SUCCESS
add_team: SUCCESS
add_team: SUCCESS
add_team: SUCCESS
add_team: SUCCESS
add_team: SUCCESS
add_team: SUCCESS
add_team: SUCCESS
add_team: SUCCESS
add_team: SUCCESS
add_team: SUCCESS
add_team: SUCCESS
add_team: SUCCESS
add_team: SUCCESS
add_team: SUCCESS
add_team: SUCCESS
add_team: SUCCESS
add_team: SUCCESS
add_team: SUCCESS
add_team: SUCCESS
add_team: SUCCESS
add_team: SUCCESS
add_team: SUCCESS
add_team: SUCCESS
add_team: SUCCESS
add_team: SUCCESS
add_team: SUCCESS
add_team: SUCCESS
add_team: SUCCESS
add_team: SUCCESS
add_team: SUCCESS
add_team: SUCCESS
add_team: SUCCESS
add_team: SUCCESS
add_team: SUCCESS
add_team: SUCCESS
add_team: SUCCESS
add_team: SUCCESS
add_team: SUCCESS
add_team: SUCCESS
add_team: SUCCESS
add_team: SUCCESS
add_team: SUCCESS
add_team: SUCCESS
add_player: SUCCESS
add_player: SUCCESS
add_player: SUCCESS
add_player: SUCCESS
add_player: SUCCESS
add_player: SUCCESS
add_player: SUCCESS
add_player: SUCCESS
add_player: SUCCESS
add_player: SUCCESS
add_player: SUCCESS
add_player: SUCCESS
add_player: SUCCESS
add_player: SUCCESS
add_player: SUCCESS
add_player: SUCCESS
add_player: SUCCESS
add_player: SUCCESS
add_player: SUCCESS
add_player: SUCCESS
add_player: SUCCESS
add_player: SUCCESS
add_player: SUCCESS
add_player: SUCCESS
add_player: SUCCESS
add_player: SUCCESS
add_player: SUCCESS
add_player: SUCCESS
add_player: SUCCESS
add_player: SUCCESS
add_player: SUCCESS
add_player: SUCCESS
add_player: SUCCESS
add_player: SUCCESS
add_player: SUCCESS
add_player: SUCCESS
add_player: SUCCESS
add_player: SUCCESS
add_player: SUCCESS
add_player: SUCCESS
add_player: SUCCESS
add_player: SUCCESS
add_player: SUCCESS
add_player: SUCCESS
add_player: SUCCESS
add_player: SUCCESS
add_player: SUCCESS
add_player: SUCCESS
add_player: SUCCESS
add_player: SUCCESS
add_player: SUCCESS
add_player: SUCCESS
add_player: SUCCESS
add_player: SUCCESS
add_player: SUCCESS
add_player: SUCCESS
add_player: SUCCESS
add_player: SUCCESS
add_player: SUCCESS
add_player: SUCCESS
add_player: SUCCESS
add_player: SUCCESS
add_player: SUCCESS
add_player: SUCCESS
add_player: SUCCESS
add_player: SUCCESS
add_player: SUCCESS
add_player: SUCCESS
add_player: SUCCESS
add_player: SUCCESS
add_player: SUCCESS
add_player: SUCCESS
add_player: SUCCESS
add_player: SUCCESS
add_player: SUCCESS
add_player: SUCCESS
add_player: SUCCESS
add_player: SUCCESS
add_player: SUCCESS
add_player: SUCCESS
add_player: SUCCESS
add_player: SUCCESS
add_player: SUCCESS
add_player: SUCCESS
add_player: SUCCESS
add_player: SUCCESS
add_player: SUCCESS
add_player: SUCCESS
add_player: SUCCESS
add_player: SUCCESS
add_player: SUCCESS
add_player: SUCCESS
add_player: SUCCESS
add_player: SUCCESS
add_player: SUCCESS
add_player: SUCCESS
add_player: SUCCESS
add_player: SUCCESS
add_player: SUCCESS
add_player: SUCCESS
add_player: SUCCESS
num_played_games_for_player: SUCCESS, 22
buy_team: SUCCESS
add_player_cards: SUCCESS
add_player: SUCCESS
add_player_cards: SUCCESS
play_match: FAILURE
play_match: FAILURE
add_team: SUCCESS
add_player_cards: SUCCESS
play_match: FAILURE
buy_team: SUCCESS
add_player: SUCCESS
add_player: SUCCESS
add_player: SUCCESS
play_match: SUCCESS, 1
add_player: SUCCESS
add_player: SUCCESS
remove_team: FAILURE
add_player: SUCCESS
remove_team: FAILURE
buy_team: SUCCESS
get_player_cards: SUCCESS, 361
add_player: SUCCESS
add_player: SUCCESS
add_player: SUCCESS
play_match: SUCCESS, 3
add_player: SUCCESS
add_team: FAILURE
play_match: FAILURE
get_team_points: SUCCESS, 0
buy_team: SUCCESS
play_match: FAILURE
num_played_games_for_player: SUCCESS, 22
buy_team: SUCCESS
add_player: SUCCESS
num_played_games_for_player: SUCCESS, 22
get_player_cards: SUCCESS, 137
remove_team: FAILURE
get_team_points: SUCCESS, 0
get_player_cards: SUCCESS, 217
add_player: SUCCESS
remove_team: FAILURE
remove_team: FAILURE
add_team: FAILURE
get_ith_pointless_ability: FAILURE
add_player_cards: SUCCESS
get_player_cards: SUCCESS, 298
add_player: SUCCESS
add_player: SUCCESS
remove_team: FAILURE
add_team: FAILURE
get_ith_pointless_ability: FAILURE
buy_team: SUCCESS
buy_team: SUCCESS
add_player: SUCCESS
buy_team: SUCCESS
get_player_cards: SUCCESS, 204
add_player: SUCCESS
get_ith_pointless_ability: FAILURE
remove_team: FAILURE
add_player: SUCCESS
buy_team: SUCCESS
add_player_cards: SUCCESS
get_player_cards: SUCCESS, 4
get_player_cards: SUCCESS, 175
get_partial_spirit: SUCCESS, 2,3,1,5,4
add_team: FAILURE
play_match: FAILURE
add_player_cards: SUCCESS
play_match: FAILURE
get_team_points: SUCCESS, 0
buy_team: SUCCESS
add_player: SUCCESS
get_team_points: SUCCESS, 0
add_player: SUCCESS
num_played_games_for_player: SUCCESS, 22
get_partial_spirit: SUCCESS, 1,2,3,4,5
add_player: SUCCESS
add_team: FAILURE
remove_team: FAILURE
add_player: SUCCESS
buy_team: SUCCESS
buy_team: SUCCESS
add_player: SUCCESS
get_ith_pointless_ability: SUCCESS, 22
num_played_games_for_player: SUCCESS, 22
get_team_points: SUCCESS, 0
num_played_games_for_player: SUCCESS, 22
get_player_cards: SUCCESS, 137
get_team_points: SUCCESS, 0
buy_team: SUCCESS
add_team: FAILURE
get_ith_pointless_ability: FAILURE
play_match: FAILURE
add_team: FAILURE
remove_team: FAILURE
add_player: SUCCESS
add_team: FAILURE
add_player: SUCCESS
get_player_cards: SUCCESS, 8
get_team_points: SUCCESS, 0
remove_team: FAILURE
add_team: FAILURE
add_player: SUCCESS
get_team_points: SUCCESS, 0
buy_team: SUCCESS
remove_team: FAILURE
add_player: FAILURE
add_player: SUCCESS
get_player_cards: SUCCESS, 410
play_match: FAILURE
add_player_cards: SUCCESS
get_partial_spirit: FAILURE
add_player: SUCCESS
get_player_cards: SUCCESS, 35
num_played_games_for_player: SUCCESS, 22
add_player: SUCCESS
get_player_cards: SUCCESS, 285
get_player_cards: SUCCESS, 196
add_player: FAILURE
get_partial_spirit: SUCCESS, 1,2,3,4,5
get_partial_spirit: SUCCESS, 1,2,3,4,5
add_player_cards: SUCCESS
add_player: FAILURE
add_player: SUCCESS
add_player: SUCCESS
play_match: SUCCESS, 1
play_match: FAILURE
num_played_games_for_player: SUCCESS, 22
get_ith_pointless_ability: SUCCESS, 93
play_match: FAILURE
add_player_cards: SUCCESS
get_team_points: SUCCESS, 0
get_player_cards: SUCCESS, 291
buy_team: SUCCESS
add_team: FAILURE
get_team_points: SUCCESS, 0
add_player: SUCCESS
get_player_cards: SUCCESS, 298
play_match: SUCCESS, 1
get_ith_pointless_ability: SUCCESS, 92
get_team_points: SUCCESS, 0
add_player: FAILURE
add_player_cards: SUCCESS
num_played_games_for_player: SUCCESS, 22
add_player: SUCCESS
get_ith_pointless_ability: SUCCESS, 77
remove_team: FAILURE
add_player: SUCCESS
add_player: SUCCESS
buy_team: SUCCESS
buy_team: SUCCESS
get_ith_pointless_ability: FAILURE
get_player_cards: SUCCESS, 216
get_partial_spirit: SUCCESS, 5,3,2,1,4
add_player: SUCCESS
get_ith_pointless_ability: FAILURE
add_player: SUCCESS
add_player: SUCCESS
add_player: SUCCESS
remove_team: FAILURE
get_team_points: SUCCESS, 0
add_player: SUCCESS
buy_team: SUCCESS
add_player_cards: SUCCESS
get_player_cards: SUCCESS, 109
add_player_cards: SUCCESS
num_played_games_for_player: SUCCESS, 22
add_player: SUCCESS
add_player: SUCCESS
add_player: SUCCESS
buy_team: SUCCESS
add_player: SUCCESS
add_player: SUCCESS
add_player: SUCCESS
buy_team: SUCCESS
buy_team: SUCCESS
add_player: SUCCESS
get_ith_pointless_ability: SUCCESS, 45
num_played_games_for_player: SUCCESS, 22
get_ith_pointless_ability: FAILURE
remove_team: FAILURE
get_ith_pointless_ability: FAILURE
add_player_cards: SUCCESS
get_partial_spirit: SUCCESS, 1,4,2,5,3
add_player: SUCCESS
add_player: FAILURE
get_ith_pointless_ability: FAILURE
num_played_games_for_player: SUCCESS, 22
add_player: SUCCESS
play_match: SUCCESS, 1
play_match: FAILURE
get_ith_pointless_ability: SUCCESS, 78
add_player: SUCCESS
add_player_cards: SUCCESS
get_player_cards: SUCCESS, 41
num_played_games_for_player: SUCCESS, 22
add_player_cards: SUCCESS
remove_team: FAILURE
get_partial_spirit: SUCCESS, 5,3,2,1,4
add_team: FAILURE
add_player_cards: SUCCESS
add_player: SUCCESS
add_player: SUCCESS
add_player: SUCCESS
get_ith_pointless_ability: FAILURE
num_played_games_for_player: SUCCESS, 22
add_player_cards: SUCCESS
play_match: FAILURE
add_team: FAILURE
get_ith_pointless_ability: FAILURE
get_team_points: SUCCESS, 0
remove_team: FAILURE
get_team_points: SUCCESS, 0
num_played_games_for_player: SUCCESS, 22
num_played_games_for_player: SUCCESS, 22
add_player_cards: SUCCESS
add_player: SUCCESS
get_player_cards: SUCCESS, 283
buy_team: SUCCESS
buy_team: SUCCESS
play_match: FAILURE
add_player: SUCCESS
add_player: SUCCESS
get_ith_pointless_ability: FAILURE
buy_team: SUCCESS
get_player_cards: SUCCESS, 101
add_team: FAILURE
play_match: SUCCESS, 3
add_player_cards: SUCCESS
get_ith_pointless_ability: FAILURE
remove_team: FAILURE
get_player_cards: SUCCESS, 175
add_player: SUCCESS
play_match: FAILURE
add_player: SUCCESS
add_player_cards: SUCCESS
add_player: SUCCESS
remove_team: FAILURE
add_player: FAILURE
add_team: FAILURE
remove_team: FAILURE
get_player_cards: SUCCESS, 293
get_player_cards: SUCCESS, 152
add_player: SUCCESS
num_played_games_for_player: SUCCESS, 22
get_ith_pointless_ability: FAILURE
get_player_cards: SUCCESS, 9
add_team: FAILURE
play_match: FAILURE
remove_team: FAILURE
add_player: FAILURE
add_player: SUCCESS
get_partial_spirit: SUCCESS, 2,1,4,5,3
get_player_cards: SUCCESS, 164
play_match: FAILURE
get_partial_spirit: SUCCESS, 1,2,3,4,5
add_player_cards: SUCCESS
get_player_cards: SUCCESS, 216
add_player: SUCCESS
add_player: SUCCESS
add_player: FAILURE
get_player_cards: SUCCESS, 298
get_player_cards: SUCCESS, 35
num_played_games_for_player: SUCCESS, 22
add_player: SUCCESS
add_player: SUCCESS
remove_team: FAILURE
add_player: SUCCESS
get_ith_pointless_ability: SUCCESS, 88
get_partial_spirit: SUCCESS, 4,5,1,3,2
add_player: SUCCESS
add_player: SUCCESS
get_ith_pointless_ability: SUCCESS, 59
get_player_cards: SUCCESS, 280
get_team_points: SUCCESS, 0
buy_team: SUCCESS
remove_team: FAILURE
get_partial_spirit: SUCCESS, 1,2,3,4,5
get_team_points: SUCCESS, 0
add_team: FAILURE
add_player: SUCCESS
get_team_points: SUCCESS, 0
add_player: SUCCESS
get_ith_pointless_ability: FAILURE
add_team: FAILURE
add_player_cards: SUCCESS
num_played_games_for_player: SUCCESS, 22
remove_team: FAILURE
add_player_cards: SUCCESS
add_player: SUCCESS
buy_team: SUCCESS
get_ith_pointless_ability: SUCCESS, 93
add_player: SUCCESS
add_player: SUCCESS
add_player: FAILURE
add_player: SUCCESS
get_player_cards: SUCCESS, 2
get_team_points: SUCCESS, 0
add_player_cards: SUCCESS
get_partial_spirit: SUCCESS, 1,4,2,3,5
add_player: SUCCESS
add_player: SUCCESS
add_team: FAILURE
get_partial_spirit: SUCCESS, 1,2,3,4,5
add_player: SUCCESS
add_player: SUCCESS
buy_team: SUCCESS
num_played_games_for_player: SUCCESS, 22
add_player_cards: SUCCESS
add_player: SUCCESS
add_player: SUCCESS
num_played_games_for_player: SUCCESS, 22
add_player: SUCCESS
add_player: SUCCESS
get_ith_pointless_ability: SUCCESS, 36
play_match: SUCCESS, 3
num_played_games_for_player: SUCCESS, 22
buy_team: SUCCESS
get_team_points: SUCCESS, 0
get_team_points: SUCCESS, 0
buy_team: SUCCESS
play_match: SUCCESS, 3
play_match: FAILURE
add_player: SUCCESS
add_player_cards: SUCCESS
add_player_cards: SUCCESS
remove_team: FAILURE
num_played_games_for_player: SUCCESS, 22
get_team_points: SUCCESS, 0
num_played_games_for_player: SUCCESS, 22
get_team_points: SUCCESS, 0
buy_team: SUCCESS
get_team_points: SUCCESS, 0
add_player: SUCCESS
get_partial_spirit: SUCCESS, 4,1,5,3,2
add_player: FAILURE
add_player: FAILURE
buy_team: SUCCESS
add_player: FAILURE
play_match: FAILURE
num_played_games_for_player: SUCCESS, 22
add_player_cards: SUCCESS
add_player_cards: SUCCESS
add_team: FAILURE
add_team: FAILURE
get_player_cards: SUCCESS, 75
get_player_cards: SUCCESS, 241
play_match: SUCCESS, 3
buy_team: SUCCESS
add_team: FAILURE
add_team: FAILURE
remove_team: FAILURE
get_player_cards: SUCCESS, 17
buy_team: SUCCESS
play_match: SUCCESS, 3
get_team_points: SUCCESS, 0
add_player: SUCCESS
remove_team: FAILURE
num_played_games_for_player: SUCCESS, 22
get_ith_pointless_ability: FAILURE
remove_team: FAILURE
add_player_cards: SUCCESS
get_team_points: SUCCESS, 0
add_player: SUCCESS
get_player_cards: SUCCESS, 155
num_played_games_for_player: SUCCESS, 22
remove_team: FAILURE
add_player: SUCCESS
remove_team: FAILURE
add_player_cards: SUCCESS
add_player: SUCCESS
get_player_cards: SUCCESS, 157
play_match: FAILURE
get_partial_spirit: SUCCESS, 4,3,5,2,1
buy_team: SUCCESS
get_player_cards: SUCCESS, 36
get_partial_spirit: SUCCESS, 1,2,5,3,4
remove_team: FAILURE
add_team: FAILURE
add_player: FAILURE
add_player_cards: SUCCESS
add_team: FAILURE
add_player: FAILURE
remove_team: FAILURE
add_player: FAILURE
get_partial_spirit: SUCCESS, 1,2,3,4,5
remove_team: FAILURE
add_team: FAILURE
buy_team: SUCCESS
add_player: SUCCESS
add_player: SUCCESS
add_player_cards: SUCCESS
get_partial_spirit: SUCCESS, 1,2,3,4,5
remove_team: FAILURE
add_team: FAILURE
play_match: SUCCESS, 3
add_player: FAILURE
add_team: FAILURE
get_player_cards: SUCCESS, 467
buy_team: SUCCESS
get_player_cards: SUCCESS, 307
add_team: FAILURE
num_played_games_for_player: SUCCESS, 22
add_player: SUCCESS
add_player_cards: SUCCESS
add_player: FAILURE
get_team_points: SUCCESS, 0
play_match: FAILURE
get_team_points: SUCCESS, 0
add_player: SUCCESS
play_match: FAILURE
get_ith_pointless_ability: SUCCESS, 42
get_partial_spirit: SUCCESS, 1,2,3,4,5
add_player_cards: SUCCESS
add_team: FAILURE
remove_team: FAILURE
play_match: FAILURE
buy_team: SUCCESS
add_player: FAILURE
add_player_cards: SUCCESS
num_played_games_for_player: SUCCESS, 22
add_team: FAILURE
get_partial_spirit: SUCCESS, 3,1,4,5,2
get_ith_pointless_ability: SUCCESS, 67
add_team: FAILURE
play_match: SUCCESS, 3
num_played_games_for_player: SUCCESS, 22
add_team: FAILURE
get_ith_pointless_ability: FAILURE
add_player: SUCCESS
play_match: SUCCESS, 3
num_played_games_for_player: SUCCESS, 22
add_team: FAILURE
get_team_points: SUCCESS, 0
get_partial_spirit: SUCCESS, 1,2,3,4,5
buy_team: SUCCESS
get_team_points: SUCCESS, 0
add_player: FAILURE
get_partial_spirit: SUCCESS, 5,3,2,1,4
add_player: SUCCESS
get_player_cards: SUCCESS, 101
get_partial_spirit: SUCCESS, 2,5,3,4,1
add_team: FAILURE
add_player: SUCCESS
buy_team: SUCCESS
play_match: FAILURE
get_partial_spirit: SUCCESS, 1,3,5,4,2
add_player: SUCCESS
get_player_cards: SUCCESS, 211
add_player_cards: SUCCESS
get_team_points: SUCCESS, 0
add_player: SUCCESS
play_match: FAILURE
play_match: FAILURE
buy_team: SUCCESS
add_player: FAILURE
add_player: SUCCESS
add_player: FAILURE
buy_team: SUCCESS
remove_team: FAILURE
get_partial_spirit: SUCCESS, 1,2,3,4,5
add_player_cards: SUCCESS
add_player: SUCCESS
buy_team: SUCCESS
play_match: FAILURE
get_ith_pointless_ability: SUCCESS, 86
remove_team: FAILURE
num_played_games_for_player: SUCCESS, 22
add_player: SUCCESS
get_player_cards: SUCCESS, 88
add_team: SUCCESS
buy_team: SUCCESS
remove_team: FAILURE
add_team: FAILURE
add_player: FAILURE
add_player: FAILURE
add_player_cards: SUCCESS
add_player: SUCCESS
get_ith_pointless_ability: FAILURE
remove_team: FAILURE
get_partial_spirit: SUCCESS, 3,5,4,2,1
get_team_points: SUCCESS, 0
remove_team: FAILURE
add_player: FAILURE
get_team_points: SUCCESS, 0
add_player: FAILURE
add_player: SUCCESS
get_ith_pointless_ability: FAILURE
add_player: SUCCESS
remove_team: FAILURE
add_player: SUCCESS
num_played_games_for_player: SUCCESS, 22
buy_team: SUCCESS
get_player_cards: SUCCESS, 440
get_team_points: SUCCESS, 0
buy_team: SUCCESS
buy_team: SUCCESS
add_player: SUCCESS
get_player_cards: SUCCESS, 173
add_player: FAILURE
num_played_games_for_player: SUCCESS, 22
get_team_points: SUCCESS, 0
add_player: FAILURE
add_player: SUCCESS
add_player: FAILURE
remove_team: FAILURE
add_player: SUCCESS
get_player_cards: SUCCESS, 226
get_team_points: SUCCESS, 0
get_player_cards: SUCCESS, 227
add_player_cards: SUCCESS
remove_team: FAILURE
add_player: SUCCESS
play_match: FAILURE
num_played_games_for_player: SUCCESS, 22
add_player: SUCCESS
get_partial_spirit: SUCCESS, 2,3,1,5,4
remove_team: FAILURE
buy_team: SUCCESS
add_player: FAILURE
get_ith_pointless_ability: SUCCESS, 55
remove_team: FAILURE
get_partial_spirit: SUCCESS, 1,2,3,4,5
buy_team: SUCCESS
add_team: FAILURE
play_match: FAILURE
play_match: FAILURE
num_played_games_for_player: SUCCESS, 22
add_player: FAILURE
add_player: FAILURE
get_player_cards: SUCCESS, 268
get_team_points: FAILURE
add_player_cards: SUCCESS
get_player_cards: SUCCESS, 138
remove_team: FAILURE
add_player: SUCCESS
num_played_games_for_player: SUCCESS, 22
add_player: SUCCESS
add_team: FAILURE
play_match: FAILURE
get_player_cards: SUCCESS, 101
get_ith_pointless_ability: SUCCESS, 52
add_player_cards: SUCCESS
buy_team: SUCCESS
remove_team: FAILURE
num_played_games_for_player: SUCCESS, 22
get_ith_pointless_ability: SUCCESS, 53
num_played_games_for_player: SUCCESS, 22
buy_team: SUCCESS
remove_team: FAILURE
add_player: SUCCESS
num_played_games_for_player: SUCCESS, 22
remove_team: FAILURE
play_match: FAILURE
play_match: FAILURE
add_team: FAILURE
get_player_cards: SUCCESS, 244
num_played_games_for_player: SUCCESS, 22
add_player: SUCCESS
get_player_cards: SUCCESS, 89
get_player_cards: SUCCESS, 260
num_played_games_for_player: SUCCESS, 22
get_team_points: SUCCESS, 0
get_ith_pointless_ability: FAILURE
buy_team: SUCCESS
add_player_cards: FAILURE
buy_team: SUCCESS
num_played_games_for_player: SUCCESS, 22
get_team_points: SUCCESS, 0
add_team: FAILURE
num_played_games_for_player: SUCCESS, 22
get_ith_pointless_ability: SUCCESS, 90
add_player: SUCCESS
play_match: FAILURE
add_team: FAILURE
remove_team: FAILURE
add_player: SUCCESS
add_team: SUCCESS
num_played_games_for_player: SUCCESS, 22
buy_team: SUCCESS
add_team: FAILURE
remove_team: FAILURE
num_played_games_for_player: SUCCESS, 22
add_player_cards: SUCCESS
add_team: FAILURE
remove_team: FAILURE
get_ith_pointless_ability: SUCCESS, 48
add_player_cards: SUCCESS
add_team: FAILURE
add_player: FAILURE
get_player_cards: SUCCESS, 148
num_played_games_for_player: SUCCESS, 22
num_played_games_for_player: SUCCESS, 22
get_player_cards: SUCCESS, 177
num_played_games_for_player: SUCCESS, 22
get_partial_spirit: FAILURE
get_partial_spirit: SUCCESS, 1,4,3,2,5
add_player_cards: SUCCESS
get_ith_pointless_ability: FAILURE
get_partial_spirit: SUCCESS, 4,3,5,1,2
play_match: FAILURE
get_player_cards: SUCCESS, 4
num_played_games_for_player: SUCCESS, 22
get_team_points: SUCCESS, 0
get_player_cards: SUCCESS, 8
add_player_cards: SUCCESS
get_partial_spirit: SUCCESS, 1,2,3,4,5
get_team_points: FAILURE
num_played_games_for_player: SUCCESS, 22
get_partial_spirit: SUCCESS, 5,3,1,4,2
add_team: FAILURE
buy_team: SUCCESS
add_player: SUCCESS
get_partial_spirit: SUCCESS, 1,2,3,4,5
play_match: FAILURE
add_team: FAILURE
num_played_games_for_player: SUCCESS, 22
add_player_cards: FAILURE
add_player: FAILURE
add_player_cards: SUCCESS
add_player: FAILURE
get_ith_pointless_ability: SUCCESS, 86
add_player: SUCCESS
get_team_points: SUCCESS, 0
add_player: FAILURE
get_partial_spirit: SUCCESS, 1,2,3,4,5
add_player_cards: SUCCESS
remove_team: FAILURE
num_played_games_for_player: SUCCESS, 22
get_player_cards: SUCCESS, 61
remove_team: FAILURE
add_player: SUCCESS
add_player: FAILURE
play_match: FAILURE
add_player_cards: SUCCESS
num_played_games_for_player: SUCCESS, 22
add_team: FAILURE
play_match: FAILURE
add_player: SUCCESS
get_partial_spirit: SUCCESS, 1,2,3,4,5
add_player: FAILURE
num_played_games_for_player: SUCCESS, 22
num_played_games_for_player: SUCCESS, 22
add_player: FAILURE
buy_team: SUCCESS
remove_team: FAILURE
num_played_games_for_player: SUCCESS, 22
add_player: SUCCESS
remove_team: FAILURE
add_player: FAILURE
get_ith_pointless_ability: SUCCESS, 33
get_ith_pointless_ability: SUCCESS, 25
get_partial_spirit: SUCCESS, 1,2,3,4,5
get_ith_pointless_ability: FAILURE
get_partial_spirit: SUCCESS, 1,4,2,3,5
add_player_cards: SUCCESS
buy_team: SUCCESS
add_team: FAILURE
get_player_cards: SUCCESS, 61
get_ith_pointless_ability: SUCCESS, 26
get_team_points: SUCCESS, 0
add_player_cards: FAILURE
get_ith_pointless_ability: SUCCESS, 36
remove_team: FAILURE
num_played_games_for_player: SUCCESS, 22
add_player: FAILURE
remove_team: FAILURE
buy_team: SUCCESS
num_played_games_for_player: SUCCESS, 22
add_player: FAILURE
buy_team: SUCCESS
add_player: FAILURE
add_player: FAILURE
add_player: FAILURE
get_partial_spirit: SUCCESS, 2,4,5,1,3
get_team_points: FAILURE
add_player: FAILURE
add_player: FAILURE
num_played_games_for_player: SUCCESS, 22
get_player_cards: SUCCESS, 299
num_played_games_for_player: SUCCESS, 22
remove_team: FAILURE
get_partial_spirit: SUCCESS, 2,5,4,1,3
get_partial_spirit: SUCCESS, 1,2,3,4,5
add_team: FAILURE
add_player_cards: FAILURE
get_team_points: SUCCESS, 0
get_ith_pointless_ability: SUCCESS, 34
get_player_cards: SUCCESS, 603
num_played_games_for_player: SUCCESS, 22
get_team_points: FAILURE
num_played_games_for_player: SUCCESS, 22
remove_team: FAILURE
add_player: FAILURE
get_team_points: SUCCESS, 0
buy_team: SUCCESS
add_player: FAILURE
add_player: FAILURE
num_played_games_for_player: SUCCESS, 22
add_player_cards: FAILURE
buy_team: SUCCESS
buy_team: SUCCESS
get_team_points: SUCCESS, 0
buy_team: SUCCESS
add_player: FAILURE
remove_team: FAILURE
add_player: FAILURE
get_partial_spirit: FAILURE
get_partial_spirit: FAILURE
get_team_points: SUCCESS, 0
play_match: FAILURE
add_player: FAILURE
add_team: FAILURE
get_player_cards: SUCCESS, 280
remove_team: FAILURE
play_match: FAILURE
get_ith_pointless_ability: FAILURE
buy_team: SUCCESS
remove_team: FAILURE
get_player_cards: SUCCESS, 268
play_match: FAILURE
get_team_points: SUCCESS, 0
get_ith_pointless_ability: SUCCESS, 92
play_match: SUCCESS, 3
play_match: FAILURE
buy_team: SUCCESS
add_team: FAILURE
add_player_cards: SUCCESS
add_player_cards: FAILURE
add_player: FAILURE
get_team_points: FAILURE
get_player_cards: SUCCESS, 280
add_player: FAILURE
add_player: FAILURE
get_team_points: SUCCESS, 0
get_partial_spirit: SUCCESS, 1,2,3,4,5
get_player_cards: SUCCESS, 266
get_partial_spirit: SUCCESS, 2,3,5,1,4
play_match: FAILURE
get_player_cards: SUCCESS, 241
buy_team: SUCCESS
play_match: FAILURE
get_player_cards: SUCCESS, 173
get_partial_spirit: SUCCESS, 1,2,3,4,5
get_ith_pointless_ability: FAILURE
add_player: FAILURE
num_played_games_for_player: SUCCESS, 22
num_played_games_for_player: SUCCESS, 22
add_player: FAILURE
add_player: FAILURE
remove_team: FAILURE
add_player: FAILURE
get_ith_pointless_ability: FAILURE
add_player: FAILURE
add_player: FAILURE
add_player: FAILURE
num_played_games_for_player: SUCCESS, 22
get_partial_spirit: FAILURE
get_partial_spirit: SUCCESS, 1,2,3,4,5
add_player: FAILURE
num_played_games_for_player: SUCCESS, 22
remove_team: FAILURE
remove_team: FAILURE
num_played_games_for_player: SUCCESS, 22
add_player: FAILURE
buy_team: SUCCESS
buy_team: SUCCESS
get_partial_spirit: SUCCESS, 1,2,3,4,5
get_ith_pointless_ability: SUCCESS, 1
add_player_cards: FAILURE
num_played_games_for_player: SUCCESS, 22
play_match: FAILURE
get_team_points: SUCCESS, 0
get_team_points: FAILURE
buy_team: SUCCESS
buy_team: SUCCESS
get_team_points: SUCCESS, 0
add_team: FAILURE
buy_team: SUCCESS
add_team: FAILURE
add_player_cards: SUCCESS
get_player_cards: SUCCESS, 411
add_player: FAILURE
add_player: FAILURE
get_team_points: SUCCESS, 0
add_team: FAILURE
add_player_cards: SUCCESS
remove_team: FAILURE
num_played_games_for_player: SUCCESS, 22
add_team: FAILURE
add_player: FAILURE
add_team: FAILURE
add_player: FAILURE
add_player: FAILURE
add_player: FAILURE
play_match: FAILURE
num_played_games_for_player: SUCCESS, 22
buy_team: SUCCESS
remove_team: FAILURE
get_player_cards: SUCCESS, 467
add_player: FAILURE
add_team: FAILURE
remove_team: FAILURE
add_player: FAILURE
get_ith_pointless_ability: SUCCESS, 90
remove_team: FAILURE
get_team_points: FAILURE
add_player: FAILURE
add_player: FAILURE
add_team: FAILURE
get_ith_pointless_ability: SUCCESS, 39
get_team_points: FAILURE
num_played_games_for_player: SUCCESS, 22
add_team: FAILURE
get_team_points: FAILURE
get_partial_spirit: SUCCESS, 2,4,5,3,1
get_partial_spirit: SUCCESS, 1,2,3,4,5
remove_team: FAILURE
get_team_points: SUCCESS, 0
get_player_cards: SUCCESS, 281
get_team_points: FAILURE
get_partial_spirit: FAILURE
buy_team: SUCCESS
add_player: FAILURE
add_player: FAILURE
get_ith_pointless_ability: SUCCESS, 89
add_player: FAILURE
get_team_points: SUCCESS, 0
num_played_games_for_player: SUCCESS, 22
get_ith_pointless_ability: SUCCESS, 74
add_player: FAILURE
add_player: FAILURE
get_ith_pointless_ability: SUCCESS, 93
add_team: FAILURE
get_player_cards: SUCCESS, 49
add_team: FAILURE
get_partial_spirit: FAILURE
play_match: SUCCESS, 1
num_played_games_for_player: SUCCESS, 22
add_team: FAILURE
add_player_cards: SUCCESS
remove_team: FAILURE
get_team_points: SUCCESS, 0
get_ith_pointless_ability: SUCCESS, 70
get_player_cards: SUCCESS, 528
get_player_cards: SUCCESS, 494
add_player_cards: SUCCESS
get_partial_spirit: SUCCESS, 4,2,3,1,5
add_player_cards: SUCCESS
get_partial_spirit: SUCCESS, 1,5,2,3,4
get_partial_spirit: SUCCESS, 3,1,5,4,2
buy_team: SUCCESS
remove_team: FAILURE
add_player: FAILURE
get_player_cards: SUCCESS, 62
add_player: FAILURE
add_player: FAILURE
buy_team: SUCCESS
get_partial_spirit: SUCCESS, 1,2,3,4,5
remove_team: FAILURE
get_player_cards: SUCCESS, 131
buy_team: SUCCESS
num_played_games_for_player: SUCCESS, 22
num_played_games_for_player: SUCCESS, 22
get_player_cards: SUCCESS, 268
get_team_points: FAILURE
add_player_cards: SUCCESS
remove_team: FAILURE
add_team: FAILURE
get_partial_spirit: FAILURE
add_player_cards: SUCCESS
buy_team: SUCCESS
buy_team: SUCCESS
add_player: FAILURE
play_match: FAILURE
get_ith_pointless_ability: SUCCESS, 89
get_player_cards: SUCCESS, 157
add_player: FAILURE
add_team: FAILURE
num_played_games_for_player: SUCCESS, 22
add_player_cards: FAILURE
add_player: FAILURE
add_player: FAILURE
get_partial_spirit: SUCCESS, 1,2,3,4,5
add_player: FAILURE
remove_team: FAILURE
num_played_games_for_player: SUCCESS, 22
num_played_games_for_player: SUCCESS, 22
get_partial_spirit: SUCCESS, 5,2,1,4,3
add_player: FAILURE
play_match: FAILURE
add_player_cards: FAILURE
add_player_cards: FAILURE
add_player: FAILURE
buy_team: SUCCESS
add_player: FAILURE
add_team: FAILURE
add_player: FAILURE
add_team: FAILURE
add_player_cards: SUCCESS
num_played_games_for_player: SUCCESS, 22
add_player_cards: SUCCESS
add_player_cards: SUCCESS
get_player_cards: SUCCESS, 23
num_played_games_for_player: SUCCESS, 22
add_player: FAILURE
get_ith_pointless_ability: SUCCESS, 25
add_player: FAILURE
play_match: FAILURE
play_match: FAILURE
add_player: FAILURE
get_player_cards: SUCCESS, 255
add_player: FAILURE
get_partial_spirit: FAILURE
add_player: FAILURE
get_ith_pointless_ability: SUCCESS, 34
get_partial_spirit: SUCCESS, 4,2,3,1,5
add_team: FAILURE
add_team: FAILURE
add_player: FAILURE
num_played_games_for_player: SUCCESS, 22
add_team: FAILURE
add_player: FAILURE
get_ith_pointless_ability: SUCCESS, 67
get_team_points: FAILURE
get_ith_pointless_ability: SUCCESS, 92
add_player_cards: SUCCESS
add_player_cards: SUCCESS
get_ith_pointless_ability: FAILURE
get_team_points: SUCCESS, 0
add_team: FAILURE
add_team: FAILURE
add_player: FAILURE
num_played_games_for_player: SUCCESS, 22
add_team: FAILURE
play_match: SUCCESS, 1
get_player_cards: SUCCESS, 34
buy_team: SUCCESS
num_played_games_for_player: SUCCESS, 22
get_team_points: SUCCESS, 9
add_player: FAILURE
add_player: FAILURE
get_ith_pointless_ability: SUCCESS, 53
get_ith_pointless_ability: SUCCESS, 91
get_partial_spirit: SUCCESS, 1,3,2,4,5
add_player_cards: FAILURE
play_match: FAILURE
add_player: FAILURE
get_partial_spirit: SUCCESS, 1,2,3,4,5
get_partial_spirit: FAILURE
add_player_cards: SUCCESS
buy_team: SUCCESS
add_player: FAILURE
add_player: FAILURE
add_player_cards: SUCCESS
play_match: FAILURE
get_team_points: SUCCESS, 0
get_partial_spirit: FAILURE
add_player: FAILURE
num_played_games_for_player: SUCCESS, 22
add_player: FAILURE
add_team: FAILURE
add_team: FAILURE
remove_team: FAILURE
get_partial_spirit: SUCCESS, 1,2,3,4,5
get_partial_spirit: SUCCESS, 4,3,2,5,1
add_player_cards: FAILURE
add_player_cards: FAILURE
get_partial_spirit: SUCCESS, 1,2,3,4,5
add_player: FAILURE
get_player_cards: SUCCESS, 148
get_player_cards: SUCCESS, 282
get_partial_spirit: FAILURE
add_player: FAILURE
add_player: FAILURE
add_player: FAILURE
get_ith_pointless_ability: SUCCESS, 89
remove_team: FAILURE
remove_team: FAILURE
add_player: FAILURE
add_player: FAILURE
buy_team: SUCCESS
remove_team: FAILURE
get_ith_pointless_ability: SUCCESS, 55
num_played_games_for_player: SUCCESS, 22
num_played_games_for_player: SUCCESS, 22
play_match: FAILURE
get_player_cards: SUCCESS, 400
add_player: FAILURE
buy_team: SUCCESS
add_player: FAILURE
remove_team: FAILURE
buy_team: SUCCESS
add_player: FAILURE
play_match: FAILURE
add_player: FAILURE
add_team: SUCCESS
add_player: FAILURE
