add_team: SUCCESS
add_team: SUCCESS
add_team: SUCCESS
add_team: SUCCESS
add_team: SUCCESS
add_team: SUCCESS
add_team: SUCCESS
add_team: SUCCESS
add_team: SUCCESS
add_team: SUCCESS
add_team: SUCCESS
add_team: SUCCESS
add_team: SUCCESS
add_team: SUCCESS
add_team: SUCCESS
add_team: SUCCESS
add_team: SUCCESS
add_team: SUCCESS
add_team: SUCCESS
add_team: SUCCESS
add_team: SUCCESS
add_team: SUCCESS
add_team: SUCCESS
add_team: SUCCESS
add_team: SUCCESS
add_team: SUCCESS
add_team: SUCCESS
add_team: SUCCESS
add_team: SUCCESS
add_team: SUCCESS
add_team: SUCCESS
add_team: SUCCESS
add_team: SUCCESS
add_team: SUCCESS
add_team: SUCCESS
add_team: SUCCESS
add_team: SUCCESS
add_team: SUCCESS
add_team: SUCCESS
add_team: SUCCESS
add_team: SUCCESS
add_team: SUCCESS
add_team: SUCCESS
add_team: SUCCESS
add_team: SUCCESS
add_team: SUCCESS
add_team: SUCCESS
add_team: SUCCESS
add_team: SUCCESS
add_team: SUCCESS
add_team: SUCCESS
add_team: SUCCESS
add_team: SUCCESS
add_team: SUCCESS
add_team: SUCCESS
add_team: SUCCESS
add_team: SUCCESS
add_team: SUCCESS
add_team: SUCCESS
add_team: SUCCESS
add_team: SUCCESS
add_team: SUCCESS
add_team: SUCCESS
add_team: SUCCESS
add_team: SUCCESS
add_team: SUCCESS
add_team: SUCCESS
add_team: SUCCESS
add_team: SUCCESS
add_team: SUCCESS
add_team: SUCCESS
add_team: SUCCESS
add_team: SUCCESS
add_team: SUCCESS
add_team: SUCCESS
add_team: SUCCESS
add_team: SUCCESS
add_team: SUCCESS
add_team: SUCCESS
add_team: SUCCESS
add_team: SUCCESS
add_team: SUCCESS
add_team: SUCCESS
add_team: SUCCESS
add_team: SUCCESS
add_team: SUCCESS
add_team: SUCCESS
add_team: SUCCESS
add_team: SUCCESS
add_team: SUCCESS
add_team: SUCCESS
add_team: SUCCESS
add_team: SUCCESS
add_team: SUCCESS
add_team: SUCCESS
add_team: SUCCESS
add_team: SUCCESS
add_team: SUCCESS
add_team: SUCCESS
add_team: SUCCESS
add_player: SUCCESS
add_player: SUCCESS
add_player: SUCCESS
add_player: SUCCESS
add_player: SUCCESS
add_player: SUCCESS
add_player: SUCCESS
add_player: SUCCESS
add_player: SUCCESS
add_player: SUCCESS
add_player: SUCCESS
add_player: SUCCESS
add_player: SUCCESS
add_player: SUCCESS
add_player: SUCCESS
add_player: SUCCESS
add_player: SUCCESS
add_player: SUCCESS
add_player: SUCCESS
add_player: SUCCESS
add_player: SUCCESS
add_player: SUCCESS
add_player: SUCCESS
add_player: SUCCESS
add_player: SUCCESS
add_player: SUCCESS
add_player: SUCCESS
add_player: SUCCESS
add_player: SUCCESS
add_player: SUCCESS
add_player: SUCCESS
add_player: SUCCESS
add_player: SUCCESS
add_player: SUCCESS
add_player: SUCCESS
add_player: SUCCESS
add_player: SUCCESS
add_player: SUCCESS
add_player: SUCCESS
add_player: SUCCESS
add_player: SUCCESS
add_player: SUCCESS
add_player: SUCCESS
add_player: SUCCESS
add_player: SUCCESS
add_player: SUCCESS
add_player: SUCCESS
add_player: SUCCESS
add_player: SUCCESS
add_player: SUCCESS
add_player: SUCCESS
add_player: SUCCESS
add_player: SUCCESS
add_player: SUCCESS
add_player: SUCCESS
add_player: SUCCESS
add_player: SUCCESS
add_player: SUCCESS
add_player: SUCCESS
add_player: SUCCESS
add_player: SUCCESS
add_player: SUCCESS
add_player: SUCCESS
add_player: SUCCESS
add_player: SUCCESS
add_player: SUCCESS
add_player: SUCCESS
add_player: SUCCESS
add_player: SUCCESS
add_player: SUCCESS
add_player: SUCCESS
add_player: SUCCESS
add_player: SUCCESS
add_player: SUCCESS
add_player: SUCCESS
add_player: SUCCESS
add_player: SUCCESS
add_player: SUCCESS
add_player: SUCCESS
add_player: SUCCESS
add_player: SUCCESS
add_player: SUCCESS
add_player: SUCCESS
add_player: SUCCESS
add_player: SUCCESS
add_player: SUCCESS
add_player: SUCCESS
add_player: SUCCESS
add_player: SUCCESS
add_player: SUCCESS
add_player: SUCCESS
add_player: SUCCESS
add_player: SUCCESS
add_player: SUCCESS
add_player: SUCCESS
add_player: SUCCESS
add_player: SUCCESS
add_player: SUCCESS
add_player: SUCCESS
add_player: SUCCESS
remove_team: FAILURE
get_partial_spirit: SUCCESS, 5,3,4,1,2
add_player: SUCCESS
buy_team: SUCCESS
get_partial_spirit: SUCCESS, 1,2,3,4,5
get_player_cards: SUCCESS, 254
buy_team: SUCCESS
buy_team: SUCCESS
get_player_cards: SUCCESS, 185
buy_team: SUCCESS
get_partial_spirit: SUCCESS, 1,2,3,4,5
add_player_cards: SUCCESS
add_player: SUCCESS
get_player_cards: SUCCESS, 284
get_player_cards: SUCCESS, 3
remove_team: FAILURE
num_played_games_for_player: SUCCESS, 22
get_ith_pointless_ability: FAILURE
play_match: FAILURE
num_played_games_for_player: SUCCESS, 22
buy_team: SUCCESS
buy_team: SUCCESS
play_match: FAILURE
add_team: SUCCESS
get_ith_pointless_ability: SUCCESS, 64
add_player: SUCCESS
add_player_cards: SUCCESS
buy_team: SUCCESS
play_match: FAILURE
add_player: SUCCESS
remove_team: FAILURE
add_team: FAILURE
get_player_cards: SUCCESS, 234
add_player: SUCCESS
add_player: SUCCESS
buy_team: SUCCESS
remove_team: FAILURE
add_team: FAILURE
buy_team: SUCCESS
play_match: FAILURE
get_partial_spirit: SUCCESS, 5,1,2,3,4
get_ith_pointless_ability: SUCCESS, 24
remove_team: FAILURE
play_match: FAILURE
remove_team: FAILURE
buy_team: SUCCESS
buy_team: SUCCESS
add_team: FAILURE
get_player_cards: SUCCESS, 290
add_player: SUCCESS
get_team_points: SUCCESS, 0
add_player: SUCCESS
add_player: SUCCESS
remove_team: FAILURE
remove_team: FAILURE
add_player: SUCCESS
add_player: SUCCESS
add_player: SUCCESS
play_match: SUCCESS, 3
buy_team: SUCCESS
add_team: FAILURE
play_match: SUCCESS, 1
add_player: SUCCESS
add_team: FAILURE
get_ith_pointless_ability: SUCCESS, 14
add_player: SUCCESS
buy_team: SUCCESS
play_match: FAILURE
num_played_games_for_player: SUCCESS, 22
num_played_games_for_player: SUCCESS, 22
add_player: SUCCESS
remove_team: FAILURE
buy_team: SUCCESS
get_player_cards: SUCCESS, 184
remove_team: FAILURE
buy_team: SUCCESS
remove_team: FAILURE
remove_team: FAILURE
add_player: SUCCESS
get_player_cards: SUCCESS, 19
add_team: FAILURE
get_team_points: SUCCESS, 0
remove_team: FAILURE
get_ith_pointless_ability: FAILURE
add_player: SUCCESS
add_player: FAILURE
buy_team: SUCCESS
add_player: FAILURE
buy_team: SUCCESS
get_player_cards: SUCCESS, 225
get_player_cards: SUCCESS, 216
add_player: FAILURE
get_partial_spirit: SUCCESS, 3,2,5,1,4
remove_team: FAILURE
remove_team: FAILURE
get_player_cards: SUCCESS, 235
get_partial_spirit: SUCCESS, 1,2,3,4,5
get_player_cards: SUCCESS, 128
get_ith_pointless_ability: FAILURE
add_player: SUCCESS
add_player: SUCCESS
num_played_games_for_player: SUCCESS, 22
get_partial_spirit: SUCCESS, 1,2,3,4,5
add_player: SUCCESS
add_player: SUCCESS
add_player: SUCCESS
add_player: FAILURE
num_played_games_for_player: SUCCESS, 22
buy_team: SUCCESS
play_match: FAILURE
add_player_cards: SUCCESS
get_partial_spirit: SUCCESS, 1,2,3,4,5
get_player_cards: SUCCESS, 119
add_team: FAILURE
add_player: SUCCESS
add_player: FAILURE
get_team_points: SUCCESS, 0
add_team: FAILURE
add_player: SUCCESS
num_played_games_for_player: SUCCESS, 22
add_player: FAILURE
add_player: SUCCESS
remove_team: FAILURE
buy_team: SUCCESS
get_team_points: SUCCESS, 0
remove_team: FAILURE
play_match: FAILURE
get_player_cards: SUCCESS, 77
remove_team: FAILURE
add_player: SUCCESS
add_player_cards: SUCCESS
add_player_cards: SUCCESS
add_team: FAILURE
get_ith_pointless_ability: FAILURE
get_ith_pointless_ability: SUCCESS, 94
add_player_cards: SUCCESS
get_player_cards: SUCCESS, 269
remove_team: FAILURE
add_player: SUCCESS
add_player: SUCCESS
get_player_cards: SUCCESS, 102
get_partial_spirit: SUCCESS, 1,2,3,4,5
add_player: SUCCESS
add_player: SUCCESS
add_player_cards: SUCCESS
get_team_points: SUCCESS, 0
add_player: FAILURE
num_played_games_for_player: SUCCESS, 22
add_player: SUCCESS
remove_team: FAILURE
get_player_cards: SUCCESS, 296
remove_team: FAILURE
get_partial_spirit: SUCCESS, 1,2,3,4,5
get_partial_spirit: SUCCESS, 1,2,3,4,5
add_player: SUCCESS
remove_team: FAILURE
get_partial_spirit: SUCCESS, 5,3,1,2,4
add_player: SUCCESS
add_player: SUCCESS
num_played_games_for_player: SUCCESS, 22
add_player_cards: SUCCESS
get_ith_pointless_ability: SUCCESS, 77
add_team: FAILURE
get_partial_spirit: SUCCESS, 1,2,3,4,5
add_player_cards: SUCCESS
get_ith_pointless_ability: FAILURE
add_player: FAILURE
get_ith_pointless_ability: SUCCESS, 46
add_player: SUCCESS
remove_team: FAILURE
play_match: FAILURE
get_team_points: SUCCESS, 0
get_ith_pointless_ability: FAILURE
buy_team: SUCCESS
get_team_points: SUCCESS, 0
get_team_points: SUCCESS, 0
get_player_cards: SUCCESS, 15
get_ith_pointless_ability: FAILURE
add_player: SUCCESS
add_team: FAILURE
get_team_points: SUCCESS, 0
add_player: SUCCESS
get_ith_pointless_ability: SUCCESS, 24
get_partial_spirit: SUCCESS, 5,3,4,1,2
remove_team: FAILURE
play_match: SUCCESS, 1
get_player_cards: SUCCESS, 185
get_ith_pointless_ability: FAILURE
add_team: FAILURE
get_partial_spirit: SUCCESS, 1,2,3,4,5
add_player: FAILURE
add_player: SUCCESS
add_player: SUCCESS
num_played_games_for_player: SUCCESS, 22
get_ith_pointless_ability: FAILURE
get_partial_spirit: SUCCESS, 1,3,5,2,4
remove_team: FAILURE
remove_team: FAILURE
remove_team: FAILURE
add_player_cards: FAILURE
add_player_cards: SUCCESS
add_player: FAILURE
get_player_cards: SUCCESS, 435
get_partial_spirit: SUCCESS, 4,2,5,3,1
remove_team: FAILURE
add_player_cards: SUCCESS
remove_team: FAILURE
add_player: SUCCESS
remove_team: FAILURE
add_player: SUCCESS
num_played_games_for_player: SUCCESS, 22
get_team_points: SUCCESS, 0
add_player: SUCCESS
add_player_cards: SUCCESS
add_player: SUCCESS
get_ith_pointless_ability: SUCCESS, 27
play_match: FAILURE
add_player: SUCCESS
play_match: FAILURE
add_player: SUCCESS
get_partial_spirit: SUCCESS, 1,2,3,4,5
add_player: SUCCESS
play_match: SUCCESS, 3
num_played_games_for_player: SUCCESS, 22
add_team: FAILURE
add_player: FAILURE
add_team: FAILURE
add_player: SUCCESS
get_team_points: SUCCESS, 0
get_team_points: SUCCESS, 0
add_player: SUCCESS
get_team_points: SUCCESS, 0
get_team_points: SUCCESS, 0
remove_team: FAILURE
get_team_points: SUCCESS, 0
buy_team: SUCCESS
add_player: SUCCESS
add_player: FAILURE
buy_team: SUCCESS
get_partial_spirit: SUCCESS, 2,5,4,1,3
get_partial_spirit: SUCCESS, 1,2,3,4,5
get_partial_spirit: FAILURE
num_played_games_for_player: SUCCESS, 22
add_player: SUCCESS
get_ith_pointless_ability: SUCCESS, 24
add_player: SUCCESS
play_match: FAILURE
get_player_cards: SUCCESS, 235
add_player: SUCCESS
play_match: FAILURE
add_player: SUCCESS
add_player: FAILURE
get_ith_pointless_ability: FAILURE
play_match: SUCCESS, 3
add_player: SUCCESS
num_played_games_for_player: SUCCESS, 22
add_player: SUCCESS
add_player: SUCCESS
remove_team: FAILURE
num_played_games_for_player: SUCCESS, 22
add_player: SUCCESS
add_team: FAILURE
get_team_points: SUCCESS, 3
add_player: FAILURE
add_player: SUCCESS
add_player: FAILURE
remove_team: FAILURE
get_player_cards: SUCCESS, 284
add_player: SUCCESS
add_player: SUCCESS
remove_team: FAILURE
play_match: FAILURE
get_ith_pointless_ability: FAILURE
remove_team: FAILURE
add_player_cards: SUCCESS
play_match: FAILURE
get_player_cards: SUCCESS, 118
add_player: FAILURE
add_player: FAILURE
get_player_cards: SUCCESS, 234
get_team_points: SUCCESS, 3
buy_team: SUCCESS
get_partial_spirit: FAILURE
buy_team: SUCCESS
add_team: FAILURE
num_played_games_for_player: SUCCESS, 22
play_match: FAILURE
add_player: SUCCESS
add_player_cards: SUCCESS
get_player_cards: SUCCESS, 228
add_player_cards: FAILURE
get_team_points: SUCCESS, 0
remove_team: FAILURE
num_played_games_for_player: SUCCESS, 22
num_played_games_for_player: SUCCESS, 22
remove_team: FAILURE
play_match: FAILURE
play_match: FAILURE
add_player_cards: SUCCESS
add_player: SUCCESS
num_played_games_for_player: SUCCESS, 22
add_player: SUCCESS
add_player: SUCCESS
play_match: SUCCESS, 1
add_player: FAILURE
play_match: FAILURE
add_player: SUCCESS
add_player: SUCCESS
get_team_points: SUCCESS, 0
add_team: FAILURE
add_player_cards: SUCCESS
add_player: FAILURE
add_player: SUCCESS
add_player: SUCCESS
add_player: SUCCESS
add_team: FAILURE
remove_team: FAILURE
get_ith_pointless_ability: SUCCESS, 40
add_player: SUCCESS
add_player: SUCCESS
add_player: SUCCESS
buy_team: SUCCESS
add_player: SUCCESS
num_played_games_for_player: SUCCESS, 22
add_player: SUCCESS
remove_team: FAILURE
add_player: SUCCESS
remove_team: FAILURE
num_played_games_for_player: SUCCESS, 22
add_player_cards: SUCCESS
buy_team: SUCCESS
get_team_points: SUCCESS, 0
num_played_games_for_player: SUCCESS, 22
add_team: FAILURE
buy_team: SUCCESS
remove_team: FAILURE
add_player: SUCCESS
get_ith_pointless_ability: SUCCESS, 81
add_team: FAILURE
buy_team: SUCCESS
add_team: FAILURE
add_player: FAILURE
add_player: SUCCESS
add_player: FAILURE
get_ith_pointless_ability: SUCCESS, 40
add_player: SUCCESS
buy_team: SUCCESS
add_player: SUCCESS
add_player: SUCCESS
get_team_points: SUCCESS, 0
remove_team: FAILURE
play_match: FAILURE
add_player: SUCCESS
add_player_cards: FAILURE
play_match: FAILURE
get_partial_spirit: SUCCESS, 1,2,3,4,5
get_partial_spirit: SUCCESS, 1,5,3,4,2
get_ith_pointless_ability: SUCCESS, 78
get_player_cards: SUCCESS, 185
num_played_games_for_player: SUCCESS, 22
get_partial_spirit: SUCCESS, 1,4,2,5,3
add_player: SUCCESS
get_team_points: SUCCESS, 0
add_player: SUCCESS
get_team_points: SUCCESS, 3
add_player_cards: SUCCESS
get_player_cards: SUCCESS, 764
add_team: FAILURE
add_player: SUCCESS
remove_team: FAILURE
add_player_cards: FAILURE
add_player_cards: FAILURE
get_partial_spirit: SUCCESS, 1,2,3,4,5
add_player_cards: SUCCESS
buy_team: SUCCESS
play_match: FAILURE
num_played_games_for_player: SUCCESS, 22
get_team_points: SUCCESS, 0
num_played_games_for_player: SUCCESS, 22
get_team_points: SUCCESS, 0
add_player: FAILURE
remove_team: FAILURE
get_ith_pointless_ability: SUCCESS, 43
play_match: FAILURE
remove_team: FAILURE
add_player: SUCCESS
get_partial_spirit: SUCCESS, 1,2,3,4,5
add_player: FAILURE
get_player_cards: SUCCESS, 75
get_ith_pointless_ability: SUCCESS, 48
get_ith_pointless_ability: SUCCESS, 2
add_player: SUCCESS
get_team_points: SUCCESS, 0
get_player_cards: SUCCESS, 54
num_played_games_for_player: SUCCESS, 22
get_player_cards: SUCCESS, 217
add_team: FAILURE
add_team: FAILURE
add_player: SUCCESS
get_player_cards: SUCCESS, 295
play_match: SUCCESS, 1
add_player: SUCCESS
play_match: FAILURE
num_played_games_for_player: SUCCESS, 22
get_partial_spirit: SUCCESS, 5,4,3,1,2
add_player: SUCCESS
get_player_cards: SUCCESS, 272
add_team: FAILURE
add_team: FAILURE
add_player: SUCCESS
num_played_games_for_player: SUCCESS, 22
remove_team: FAILURE
get_team_points: SUCCESS, 0
add_player: SUCCESS
remove_team: FAILURE
get_ith_pointless_ability: SUCCESS, 94
play_match: SUCCESS, 3
add_player: FAILURE
num_played_games_for_player: SUCCESS, 22
get_partial_spirit: SUCCESS, 5,3,4,2,1
get_ith_pointless_ability: FAILURE
remove_team: FAILURE
add_player: SUCCESS
get_ith_pointless_ability: SUCCESS, 81
add_player: SUCCESS
add_player: SUCCESS
add_player: FAILURE
play_match: SUCCESS, 3
get_partial_spirit: FAILURE
buy_team: SUCCESS
add_player: SUCCESS
add_player: FAILURE
add_player_cards: SUCCESS
get_partial_spirit: SUCCESS, 3,4,1,2,5
add_player: SUCCESS
get_team_points: FAILURE
get_partial_spirit: SUCCESS, 1,2,3,4,5
get_ith_pointless_ability: SUCCESS, 5
remove_team: FAILURE
get_team_points: SUCCESS, 0
play_match: FAILURE
add_player: SUCCESS
remove_team: FAILURE
get_partial_spirit: SUCCESS, 1,4,3,5,2
play_match: SUCCESS, 3
buy_team: SUCCESS
add_player_cards: SUCCESS
get_partial_spirit: SUCCESS, 1,3,2,4,5
remove_team: FAILURE
get_team_points: SUCCESS, 6
get_partial_spirit: SUCCESS, 5,4,1,2,3
add_player: SUCCESS
play_match: FAILURE
add_player: SUCCESS
add_player: FAILURE
get_ith_pointless_ability: SUCCESS, 67
add_player: FAILURE
buy_team: SUCCESS
add_player_cards: SUCCESS
add_player: SUCCESS
remove_team: FAILURE
get_team_points: FAILURE
buy_team: SUCCESS
add_player: SUCCESS
add_player: FAILURE
buy_team: SUCCESS
get_player_cards: SUCCESS, 219
get_ith_pointless_ability: FAILURE
get_player_cards: SUCCESS, 29
add_player: FAILURE
get_partial_spirit: SUCCESS, 1,2,3,4,5
get_player_cards: SUCCESS, 227
add_player: SUCCESS
get_team_points: SUCCESS, 0
get_partial_spirit: SUCCESS, 1,2,3,4,5
add_player: FAILURE
add_player: FAILURE
add_player: FAILURE
num_played_games_for_player: SUCCESS, 22
add_player_cards: SUCCESS
num_played_games_for_player: SUCCESS, 22
add_player_cards: FAILURE
get_ith_pointless_ability: FAILURE
get_player_cards: SUCCESS, 250
get_partial_spirit: SUCCESS, 5,3,1,2,4
play_match: FAILURE
buy_team: SUCCESS
buy_team: SUCCESS
get_team_points: FAILURE
num_played_games_for_player: SUCCESS, 22
buy_team: SUCCESS
get_team_points: SUCCESS, 3
add_player: SUCCESS
play_match: FAILURE
num_played_games_for_player: SUCCESS, 22
get_ith_pointless_ability: SUCCESS, 40
get_ith_pointless_ability: FAILURE
num_played_games_for_player: SUCCESS, 22
get_partial_spirit: FAILURE
add_team: FAILURE
add_player: FAILURE
add_team: FAILURE
add_player: SUCCESS
play_match: FAILURE
play_match: FAILURE
add_player_cards: SUCCESS
add_player_cards: SUCCESS
play_match: FAILURE
add_player_cards: SUCCESS
get_team_points: FAILURE
add_player: FAILURE
add_team: FAILURE
num_played_games_for_player: SUCCESS, 22
add_player: FAILURE
add_player: FAILURE
add_player: SUCCESS
play_match: FAILURE
add_player: SUCCESS
get_partial_spirit: SUCCESS, 4,2,5,3,1
num_played_games_for_player: SUCCESS, 22
play_match: FAILURE
get_ith_pointless_ability: SUCCESS, 67
add_team: FAILURE
remove_team: FAILURE
add_player: SUCCESS
num_played_games_for_player: SUCCESS, 22
play_match: FAILURE
add_player: SUCCESS
get_player_cards: SUCCESS, 225
get_team_points: FAILURE
add_player: SUCCESS
get_ith_pointless_ability: SUCCESS, 85
get_ith_pointless_ability: SUCCESS, 55
get_team_points: FAILURE
add_team: FAILURE
add_player: FAILURE
add_player: SUCCESS
add_team: FAILURE
buy_team: SUCCESS
add_player: SUCCESS
get_player_cards: SUCCESS, 240
num_played_games_for_player: SUCCESS, 22
add_player: SUCCESS
get_partial_spirit: SUCCESS, 5,2,3,4,1
add_player: SUCCESS
add_player: SUCCESS
num_played_games_for_player: SUCCESS, 22
add_player: SUCCESS
get_ith_pointless_ability: SUCCESS, 26
add_team: FAILURE
add_player_cards: FAILURE
get_player_cards: SUCCESS, 113
get_player_cards: SUCCESS, 89
get_player_cards: SUCCESS, 235
add_player: SUCCESS
get_team_points: SUCCESS, 0
get_team_points: SUCCESS, 0
add_team: FAILURE
buy_team: SUCCESS
add_player: SUCCESS
remove_team: FAILURE
add_player: SUCCESS
get_team_points: SUCCESS, 6
add_player: FAILURE
num_played_games_for_player: SUCCESS, 22
num_played_games_for_player: SUCCESS, 22
get_partial_spirit: FAILURE
get_player_cards: SUCCESS, 89
add_player: SUCCESS
get_player_cards: SUCCESS, 67
add_player: SUCCESS
add_player: SUCCESS
num_played_games_for_player: SUCCESS, 22
get_partial_spirit: SUCCESS, 5,4,2,1,3
remove_team: FAILURE
add_team: FAILURE
play_match: FAILURE
add_player: SUCCESS
get_partial_spirit: SUCCESS, 1,2,3,4,5
add_player: FAILURE
num_played_games_for_player: SUCCESS, 22
buy_team: SUCCESS
get_team_points: SUCCESS, 0
play_match: FAILURE
buy_team: SUCCESS
get_ith_pointless_ability: SUCCESS, 46
add_player_cards: SUCCESS
get_ith_pointless_ability: FAILURE
get_player_cards: SUCCESS, 173
get_player_cards: SUCCESS, 198
buy_team: SUCCESS
play_match: FAILURE
add_player_cards: SUCCESS
add_player_cards: SUCCESS
get_player_cards: SUCCESS, 148
num_played_games_for_player: SUCCESS, 22
play_match: FAILURE
remove_team: FAILURE
remove_team: FAILURE
get_team_points: SUCCESS, 0
get_ith_pointless_ability: SUCCESS, 89
get_ith_pointless_ability: SUCCESS, 80
add_player: FAILURE
get_partial_spirit: SUCCESS, 4,5,2,1,3
num_played_games_for_player: SUCCESS, 22
get_team_points: SUCCESS, 0
get_ith_pointless_ability: FAILURE
get_partial_spirit: SUCCESS, 1,2,3,4,5
get_team_points: SUCCESS, 0
add_player: SUCCESS
num_played_games_for_player: SUCCESS, 22
add_player_cards: FAILURE
get_partial_spirit: SUCCESS, 1,2,3,4,5
get_player_cards: SUCCESS, 244
get_team_points: SUCCESS, 0
buy_team: SUCCESS
get_ith_pointless_ability: SUCCESS, 16
get_player_cards: SUCCESS, 257
add_player_cards: SUCCESS
add_team: FAILURE
remove_team: FAILURE
add_team: FAILURE
buy_team: SUCCESS
get_team_points: SUCCESS, 0
add_player: FAILURE
play_match: SUCCESS, 1
add_player: SUCCESS
add_player: SUCCESS
add_team: FAILURE
add_player: SUCCESS
get_team_points: SUCCESS, 0
num_played_games_for_player: SUCCESS, 22
get_partial_spirit: SUCCESS, 5,4,2,1,3
add_player: SUCCESS
play_match: SUCCESS, 3
get_player_cards: SUCCESS, 45
add_player_cards: FAILURE
remove_team: FAILURE
get_player_cards: SUCCESS, 193
get_player_cards: SUCCESS, 67
num_played_games_for_player: SUCCESS, 22
get_player_cards: SUCCESS, 264
add_player: FAILURE
get_ith_pointless_ability: SUCCESS, 46
add_player: SUCCESS
add_player: SUCCESS
add_player: SUCCESS
get_partial_spirit: SUCCESS, 5,1,3,2,4
buy_team: SUCCESS
get_ith_pointless_ability: FAILURE
get_partial_spirit: SUCCESS, 2,5,1,4,3
remove_team: FAILURE
add_team: FAILURE
get_partial_spirit: SUCCESS, 5,4,2,1,3
play_match: FAILURE
add_player_cards: SUCCESS
remove_team: FAILURE
get_team_points: SUCCESS, 3
num_played_games_for_player: SUCCESS, 22
add_player: SUCCESS
get_player_cards: SUCCESS, 94
buy_team: SUCCESS
add_player_cards: SUCCESS
get_partial_spirit: SUCCESS, 5,2,3,1,4
add_player: SUCCESS
buy_team: SUCCESS
add_team: FAILURE
add_player_cards: SUCCESS
get_partial_spirit: SUCCESS, 5,2,3,4,1
get_player_cards: SUCCESS, 94
add_player: FAILURE
num_played_games_for_player: SUCCESS, 22
add_player: FAILURE
num_played_games_for_player: SUCCESS, 22
get_player_cards: SUCCESS, 130
get_partial_spirit: SUCCESS, 1,2,3,4,5
add_player: SUCCESS
get_partial_spirit: SUCCESS, 3,5,1,4,2
get_player_cards: SUCCESS, 108
get_player_cards: SUCCESS, 55
num_played_games_for_player: SUCCESS, 22
get_player_cards: SUCCESS, 235
get_partial_spirit: SUCCESS, 1,2,3,4,5
get_team_points: FAILURE
add_player: SUCCESS
get_ith_pointless_ability: SUCCESS, 77
add_player_cards: SUCCESS
get_player_cards: SUCCESS, 22
get_player_cards: SUCCESS, 44
get_player_cards: SUCCESS, 380
remove_team: FAILURE
get_ith_pointless_ability: SUCCESS, 68
add_team: FAILURE
play_match: FAILURE
num_played_games_for_player: SUCCESS, 22
num_played_games_for_player: SUCCESS, 22
add_player: FAILURE
add_team: FAILURE
remove_team: FAILURE
buy_team: SUCCESS
add_player: FAILURE
remove_team: FAILURE
play_match: SUCCESS, 1
add_player: FAILURE
add_player: SUCCESS
add_player_cards: SUCCESS
remove_team: FAILURE
add_player: FAILURE
add_player: SUCCESS
get_ith_pointless_ability: FAILURE
num_played_games_for_player: SUCCESS, 22
get_team_points: SUCCESS, 0
get_ith_pointless_ability: SUCCESS, 77
add_team: FAILURE
get_ith_pointless_ability: SUCCESS, 45
add_player_cards: SUCCESS
get_team_points: SUCCESS, 0
add_player: SUCCESS
add_player: SUCCESS
get_player_cards: SUCCESS, 204
add_player: SUCCESS
get_partial_spirit: SUCCESS, 1,2,3,4,5
get_player_cards: SUCCESS, 173
remove_team: FAILURE
get_player_cards: SUCCESS, 207
add_player: FAILURE
add_player_cards: SUCCESS
remove_team: FAILURE
get_player_cards: SUCCESS, 287
get_ith_pointless_ability: SUCCESS, 42
add_team: FAILURE
add_player_cards: FAILURE
get_ith_pointless_ability: SUCCESS, 94
buy_team: SUCCESS
buy_team: SUCCESS
add_player_cards: SUCCESS
add_player: FAILURE
add_player: SUCCESS
play_match: SUCCESS, 1
get_partial_spirit: SUCCESS, 5,3,4,1,2
play_match: FAILURE
add_player_cards: FAILURE
get_team_points: SUCCESS, 0
get_team_points: FAILURE
get_partial_spirit: SUCCESS, 2,5,1,4,3
play_match: SUCCESS, 3
play_match: FAILURE
add_player: FAILURE
add_team: FAILURE
add_player: FAILURE
remove_team: FAILURE
get_player_cards: SUCCESS, 47
get_player_cards: SUCCESS, 455
remove_team: FAILURE
get_team_points: SUCCESS, 0
get_player_cards: SUCCESS, 293
add_player: FAILURE
add_player_cards: SUCCESS
num_played_games_for_player: SUCCESS, 22
get_ith_pointless_ability: FAILURE
play_match: FAILURE
add_player: FAILURE
add_team: FAILURE
add_player: SUCCESS
add_player_cards: SUCCESS
get_player_cards: SUCCESS, 154
get_ith_pointless_ability: SUCCESS, 85
add_player: FAILURE
add_player: FAILURE
play_match: FAILURE
get_partial_spirit: FAILURE
add_player: FAILURE
get_player_cards: SUCCESS, 118
get_player_cards: SUCCESS, 146
remove_team: FAILURE
add_player: FAILURE
add_player: SUCCESS
get_partial_spirit: SUCCESS, 2,3,4,1,5
get_team_points: SUCCESS, 0
num_played_games_for_player: SUCCESS, 22
buy_team: SUCCESS
buy_team: SUCCESS
add_player: SUCCESS
get_player_cards: SUCCESS, 184
num_played_games_for_player: SUCCESS, 22
add_player: FAILURE
get_team_points: FAILURE
add_player: FAILURE
get_player_cards: SUCCESS, 108
get_team_points: SUCCESS, 0
get_partial_spirit: SUCCESS, 2,5,3,1,4
add_team: FAILURE
add_team: FAILURE
get_team_points: SUCCESS, 3
get_partial_spirit: SUCCESS, 1,4,2,5,3
buy_team: SUCCESS
add_team: FAILURE
remove_team: FAILURE
get_ith_pointless_ability: SUCCESS, 35
buy_team: SUCCESS
add_player: FAILURE
add_player: FAILURE
add_player_cards: SUCCESS
add_player_cards: FAILURE
num_played_games_for_player: SUCCESS, 22
play_match: FAILURE
get_ith_pointless_ability: FAILURE
add_team: FAILURE
buy_team: SUCCESS
buy_team: SUCCESS
remove_team: FAILURE
play_match: FAILURE
remove_team: FAILURE
buy_team: SUCCESS
buy_team: SUCCESS
buy_team: SUCCESS
add_player: FAILURE
remove_team: FAILURE
buy_team: SUCCESS
add_player_cards: SUCCESS
add_player_cards: FAILURE
add_team: FAILURE
num_played_games_for_player: SUCCESS, 22
add_player: FAILURE
num_played_games_for_player: SUCCESS, 22
add_player: FAILURE
add_player: SUCCESS
add_player: SUCCESS
get_partial_spirit: SUCCESS, 5,3,1,2,4
get_team_points: SUCCESS, 6
add_player: SUCCESS
add_player: SUCCESS
num_played_games_for_player: SUCCESS, 22
get_ith_pointless_ability: SUCCESS, 48
add_team: FAILURE
buy_team: SUCCESS
get_team_points: FAILURE
remove_team: FAILURE
add_player_cards: SUCCESS
remove_team: FAILURE
add_team: FAILURE
add_player_cards: SUCCESS
get_player_cards: SUCCESS, 130
add_player: FAILURE
get_team_points: SUCCESS, 0
get_player_cards: SUCCESS, 179
num_played_games_for_player: SUCCESS, 22
remove_team: FAILURE
get_partial_spirit: SUCCESS, 5,4,1,2,3
buy_team: SUCCESS
get_player_cards: SUCCESS, 214
play_match: SUCCESS, 1
play_match: FAILURE
remove_team: FAILURE
buy_team: SUCCESS
play_match: FAILURE
num_played_games_for_player: SUCCESS, 22
remove_team: FAILURE
play_match: FAILURE
remove_team: FAILURE
remove_team: FAILURE
get_ith_pointless_ability: SUCCESS, 71
buy_team: SUCCESS
add_player: FAILURE
add_team: FAILURE
buy_team: SUCCESS
get_ith_pointless_ability: FAILURE
remove_team: FAILURE
play_match: FAILURE
play_match: FAILURE
remove_team: FAILURE
buy_team: SUCCESS
get_player_cards: SUCCESS, 216
add_player: FAILURE
get_team_points: FAILURE
add_player: FAILURE
remove_team: FAILURE
add_player: FAILURE
add_team: SUCCESS
get_partial_spirit: SUCCESS, 5,4,1,2,3
get_partial_spirit: SUCCESS, 4,1,3,2,5
get_ith_pointless_ability: SUCCESS, 28
get_ith_pointless_ability: FAILURE
add_player_cards: SUCCESS
add_team: FAILURE
get_ith_pointless_ability: SUCCESS, 16
num_played_games_for_player: SUCCESS, 22
get_team_points: SUCCESS, 0
buy_team: SUCCESS
add_player: FAILURE
remove_team: FAILURE
add_player_cards: SUCCESS
add_player_cards: SUCCESS
buy_team: SUCCESS
num_played_games_for_player: SUCCESS, 22
add_player: FAILURE
add_player_cards: SUCCESS
num_played_games_for_player: SUCCESS, 22
get_player_cards: SUCCESS, 74
remove_team: FAILURE
add_player_cards: SUCCESS
play_match: FAILURE
get_team_points: SUCCESS, 0
add_team: FAILURE
add_player: FAILURE
buy_team: SUCCESS
get_player_cards: SUCCESS, 281
buy_team: SUCCESS
play_match: FAILURE
get_partial_spirit: SUCCESS, 3,4,2,1,5
play_match: FAILURE
get_player_cards: SUCCESS, 191
num_played_games_for_player: SUCCESS, 22
num_played_games_for_player: SUCCESS, 22
get_partial_spirit: SUCCESS, 5,1,3,2,4
add_team: FAILURE
get_team_points: FAILURE
add_player: FAILURE
num_played_games_for_player: SUCCESS, 22
get_ith_pointless_ability: SUCCESS, 48
get_ith_pointless_ability: SUCCESS, 39
add_team: FAILURE
remove_team: FAILURE
buy_team: SUCCESS
num_played_games_for_player: SUCCESS, 22
buy_team: SUCCESS
get_team_points: FAILURE
get_team_points: FAILURE
add_player: FAILURE
add_player: FAILURE
add_player: FAILURE
get_ith_pointless_ability: SUCCESS, 29
remove_team: FAILURE
add_team: FAILURE
buy_team: SUCCESS
get_partial_spirit: SUCCESS, 2,3,5,4,1
num_played_games_for_player: SUCCESS, 22
get_team_points: SUCCESS, 0
buy_team: SUCCESS
add_player_cards: SUCCESS
add_player: FAILURE
get_player_cards: SUCCESS, 250
num_played_games_for_player: SUCCESS, 22
get_partial_spirit: SUCCESS, 1,2,3,4,5
num_played_games_for_player: SUCCESS, 22
add_player: FAILURE
get_ith_pointless_ability: FAILURE
add_player: FAILURE
get_partial_spirit: FAILURE
buy_team: SUCCESS
play_match: FAILURE
add_player: FAILURE
add_player: FAILURE
num_played_games_for_player: SUCCESS, 22
get_partial_spirit: FAILURE
remove_team: FAILURE
num_played_games_for_player: SUCCESS, 22
add_player: FAILURE
play_match: FAILURE
add_team: FAILURE
add_player: FAILURE
add_player: FAILURE
get_ith_pointless_ability: SUCCESS, 27
get_ith_pointless_ability: FAILURE
get_ith_pointless_ability: SUCCESS, 24
add_player: FAILURE
get_team_points: FAILURE
play_match: FAILURE
get_partial_spirit: SUCCESS, 2,5,4,1,3
add_team: FAILURE
add_player: FAILURE
remove_team: FAILURE
add_player_cards: SUCCESS
get_partial_spirit: SUCCESS, 4,2,1,5,3
remove_team: FAILURE
add_player: FAILURE
buy_team: SUCCESS
add_player: FAILURE
add_player: FAILURE
add_player: FAILURE
get_partial_spirit: SUCCESS, 1,4,5,3,2
buy_team: SUCCESS
play_match: FAILURE
remove_team: FAILURE
get_partial_spirit: SUCCESS, 4,5,1,3,2
get_player_cards: SUCCESS, 225
add_player: FAILURE
remove_team: FAILURE
buy_team: SUCCESS
add_player: FAILURE
add_player: FAILURE
get_ith_pointless_ability: FAILURE
add_player_cards: SUCCESS
add_player: FAILURE
add_team: FAILURE
buy_team: SUCCESS
get_player_cards: SUCCESS, 125
add_player: FAILURE
num_played_games_for_player: SUCCESS, 22
num_played_games_for_player: SUCCESS, 22
