add_team: SUCCESS
add_team: SUCCESS
add_team: SUCCESS
add_team: SUCCESS
add_team: SUCCESS
add_team: SUCCESS
add_team: SUCCESS
add_team: SUCCESS
add_team: SUCCESS
add_team: SUCCESS
add_team: SUCCESS
add_team: SUCCESS
add_team: SUCCESS
add_team: SUCCESS
add_team: SUCCESS
add_team: SUCCESS
add_team: SUCCESS
add_team: SUCCESS
add_team: SUCCESS
add_team: SUCCESS
add_team: SUCCESS
add_team: SUCCESS
add_team: SUCCESS
add_team: SUCCESS
add_team: SUCCESS
add_team: SUCCESS
add_team: SUCCESS
add_team: SUCCESS
add_team: SUCCESS
add_team: SUCCESS
add_team: SUCCESS
add_team: SUCCESS
add_team: SUCCESS
add_team: SUCCESS
add_team: SUCCESS
add_team: SUCCESS
add_team: SUCCESS
add_team: SUCCESS
add_team: SUCCESS
add_team: SUCCESS
add_team: SUCCESS
add_team: SUCCESS
add_team: SUCCESS
add_team: SUCCESS
add_team: SUCCESS
add_team: SUCCESS
add_team: SUCCESS
add_team: SUCCESS
add_team: SUCCESS
add_team: SUCCESS
add_team: SUCCESS
add_team: SUCCESS
add_team: SUCCESS
add_team: SUCCESS
add_team: SUCCESS
add_team: SUCCESS
add_team: SUCCESS
add_team: SUCCESS
add_team: SUCCESS
add_team: SUCCESS
add_team: SUCCESS
add_team: SUCCESS
add_team: SUCCESS
add_team: SUCCESS
add_team: SUCCESS
add_team: SUCCESS
add_team: SUCCESS
add_team: SUCCESS
add_team: SUCCESS
add_team: SUCCESS
add_team: SUCCESS
add_team: SUCCESS
add_team: SUCCESS
add_team: SUCCESS
add_team: SUCCESS
add_team: SUCCESS
add_team: SUCCESS
add_team: SUCCESS
add_team: SUCCESS
add_team: SUCCESS
add_team: SUCCESS
add_team: SUCCESS
add_team: SUCCESS
add_team: SUCCESS
add_team: SUCCESS
add_team: SUCCESS
add_team: SUCCESS
add_team: SUCCESS
add_team: SUCCESS
add_team: SUCCESS
add_team: SUCCESS
add_team: SUCCESS
add_team: SUCCESS
add_team: SUCCESS
add_team: SUCCESS
add_team: SUCCESS
add_team: SUCCESS
add_team: SUCCESS
add_team: SUCCESS
add_team: SUCCESS
add_player: SUCCESS
add_player: SUCCESS
add_player: SUCCESS
add_player: SUCCESS
add_player: SUCCESS
add_player: SUCCESS
add_player: SUCCESS
add_player: SUCCESS
add_player: SUCCESS
add_player: SUCCESS
add_player: SUCCESS
add_player: SUCCESS
add_player: SUCCESS
add_player: SUCCESS
add_player: SUCCESS
add_player: SUCCESS
add_player: SUCCESS
add_player: SUCCESS
add_player: SUCCESS
add_player: SUCCESS
add_player: SUCCESS
add_player: SUCCESS
add_player: SUCCESS
add_player: SUCCESS
add_player: SUCCESS
add_player: SUCCESS
add_player: SUCCESS
add_player: SUCCESS
add_player: SUCCESS
add_player: SUCCESS
add_player: SUCCESS
add_player: SUCCESS
add_player: SUCCESS
add_player: SUCCESS
add_player: SUCCESS
add_player: SUCCESS
add_player: SUCCESS
add_player: SUCCESS
add_player: SUCCESS
add_player: SUCCESS
add_player: SUCCESS
add_player: SUCCESS
add_player: SUCCESS
add_player: SUCCESS
add_player: SUCCESS
add_player: SUCCESS
add_player: SUCCESS
add_player: SUCCESS
add_player: SUCCESS
add_player: SUCCESS
add_player: SUCCESS
add_player: SUCCESS
add_player: SUCCESS
add_player: SUCCESS
add_player: SUCCESS
add_player: SUCCESS
add_player: SUCCESS
add_player: SUCCESS
add_player: SUCCESS
add_player: SUCCESS
add_player: SUCCESS
add_player: SUCCESS
add_player: SUCCESS
add_player: SUCCESS
add_player: SUCCESS
add_player: SUCCESS
add_player: SUCCESS
add_player: SUCCESS
add_player: SUCCESS
add_player: SUCCESS
add_player: SUCCESS
add_player: SUCCESS
add_player: SUCCESS
add_player: SUCCESS
add_player: SUCCESS
add_player: SUCCESS
add_player: SUCCESS
add_player: SUCCESS
add_player: SUCCESS
add_player: SUCCESS
add_player: SUCCESS
add_player: SUCCESS
add_player: SUCCESS
add_player: SUCCESS
add_player: SUCCESS
add_player: SUCCESS
add_player: SUCCESS
add_player: SUCCESS
add_player: SUCCESS
add_player: SUCCESS
add_player: SUCCESS
add_player: SUCCESS
add_player: SUCCESS
add_player: SUCCESS
add_player: SUCCESS
add_player: SUCCESS
add_player: SUCCESS
add_player: SUCCESS
add_player: SUCCESS
add_player: SUCCESS
add_player: SUCCESS
get_player_cards: SUCCESS, 93
num_played_games_for_player: SUCCESS, 22
get_team_points: SUCCESS, 0
get_player_cards: SUCCESS, 144
play_match: FAILURE
play_match: FAILURE
get_player_cards: SUCCESS, 33
get_team_points: SUCCESS, 0
num_played_games_for_player: SUCCESS, 22
add_player: SUCCESS
add_player: SUCCESS
num_played_games_for_player: SUCCESS, 22
get_ith_pointless_ability: FAILURE
add_player_cards: SUCCESS
add_player: SUCCESS
buy_team: SUCCESS
add_team: SUCCESS
remove_team: FAILURE
num_played_games_for_player: SUCCESS, 22
add_team: FAILURE
num_played_games_for_player: SUCCESS, 22
get_partial_spirit: SUCCESS, 1,2,3,4,5
add_player: SUCCESS
add_player_cards: SUCCESS
add_team: FAILURE
get_ith_pointless_ability: FAILURE
get_team_points: SUCCESS, 0
add_team: FAILURE
add_player: SUCCESS
add_player: SUCCESS
add_player: SUCCESS
play_match: FAILURE
get_ith_pointless_ability: SUCCESS, 34
add_team: FAILURE
remove_team: FAILURE
remove_team: FAILURE
add_player_cards: SUCCESS
get_player_cards: SUCCESS, 258
get_partial_spirit: SUCCESS, 1,2,3,4,5
play_match: FAILURE
add_player: SUCCESS
add_player_cards: SUCCESS
add_player: SUCCESS
add_team: FAILURE
get_player_cards: SUCCESS, 141
add_player_cards: SUCCESS
add_player: SUCCESS
remove_team: FAILURE
add_team: FAILURE
play_match: FAILURE
remove_team: FAILURE
get_ith_pointless_ability: SUCCESS, 69
add_player: SUCCESS
buy_team: SUCCESS
get_partial_spirit: SUCCESS, 1,2,3,4,5
play_match: FAILURE
buy_team: SUCCESS
add_player: SUCCESS
get_partial_spirit: SUCCESS, 1,2,3,4,5
get_ith_pointless_ability: FAILURE
add_player_cards: SUCCESS
play_match: FAILURE
add_player: SUCCESS
get_ith_pointless_ability: FAILURE
get_partial_spirit: SUCCESS, 5,2,4,1,3
remove_team: FAILURE
num_played_games_for_player: SUCCESS, 22
buy_team: SUCCESS
num_played_games_for_player: SUCCESS, 22
get_partial_spirit: SUCCESS, 1,2,3,4,5
get_partial_spirit: SUCCESS, 2,3,1,5,4
add_team: FAILURE
add_player_cards: SUCCESS
get_partial_spirit: SUCCESS, 3,2,5,4,1
num_played_games_for_player: SUCCESS, 22
play_match: FAILURE
add_player: SUCCESS
add_player_cards: SUCCESS
add_player: SUCCESS
buy_team: SUCCESS
get_team_points: SUCCESS, 0
play_match: SUCCESS, 1
get_team_points: SUCCESS, 0
add_player: SUCCESS
add_player: SUCCESS
add_player: SUCCESS
get_ith_pointless_ability: SUCCESS, 96
get_ith_pointless_ability: SUCCESS, 29
add_player_cards: SUCCESS
get_ith_pointless_ability: SUCCESS, 31
num_played_games_for_player: SUCCESS, 22
get_partial_spirit: SUCCESS, 5,2,1,3,4
add_player: SUCCESS
get_partial_spirit: SUCCESS, 3,5,4,1,2
add_player: SUCCESS
add_team: FAILURE
num_played_games_for_player: SUCCESS, 22
buy_team: SUCCESS
get_ith_pointless_ability: FAILURE
get_partial_spirit: SUCCESS, 1,2,3,4,5
buy_team: SUCCESS
get_team_points: SUCCESS, 0
num_played_games_for_player: SUCCESS, 22
add_player: SUCCESS
get_team_points: SUCCESS, 0
get_partial_spirit: SUCCESS, 4,1,2,3,5
get_player_cards: SUCCESS, 146
add_player: SUCCESS
num_played_games_for_player: SUCCESS, 22
add_player: SUCCESS
get_team_points: SUCCESS, 0
get_team_points: SUCCESS, 0
add_player_cards: SUCCESS
add_player_cards: SUCCESS
add_player_cards: SUCCESS
get_ith_pointless_ability: FAILURE
get_partial_spirit: SUCCESS, 4,3,1,5,2
get_team_points: SUCCESS, 0
add_player: SUCCESS
get_ith_pointless_ability: FAILURE
num_played_games_for_player: SUCCESS, 22
add_team: FAILURE
get_player_cards: SUCCESS, 452
add_player: SUCCESS
buy_team: SUCCESS
add_player: SUCCESS
get_team_points: SUCCESS, 0
num_played_games_for_player: SUCCESS, 22
get_player_cards: SUCCESS, 12
num_played_games_for_player: SUCCESS, 22
add_player: SUCCESS
get_ith_pointless_ability: SUCCESS, 53
get_team_points: SUCCESS, 0
remove_team: FAILURE
add_player: SUCCESS
buy_team: SUCCESS
num_played_games_for_player: SUCCESS, 22
num_played_games_for_player: SUCCESS, 22
add_player: SUCCESS
play_match: FAILURE
num_played_games_for_player: SUCCESS, 22
add_player: SUCCESS
remove_team: FAILURE
add_player_cards: SUCCESS
add_player: SUCCESS
add_player: SUCCESS
num_played_games_for_player: SUCCESS, 22
get_partial_spirit: FAILURE
buy_team: SUCCESS
add_player_cards: SUCCESS
get_ith_pointless_ability: SUCCESS, 60
add_player: SUCCESS
buy_team: SUCCESS
add_player: FAILURE
add_player: SUCCESS
buy_team: SUCCESS
play_match: FAILURE
num_played_games_for_player: SUCCESS, 22
get_team_points: SUCCESS, 0
play_match: FAILURE
add_player: FAILURE
get_team_points: SUCCESS, 0
remove_team: FAILURE
get_team_points: SUCCESS, 0
play_match: FAILURE
add_player: SUCCESS
remove_team: FAILURE
buy_team: SUCCESS
get_partial_spirit: SUCCESS, 1,2,3,4,5
remove_team: FAILURE
add_player: SUCCESS
get_ith_pointless_ability: SUCCESS, 29
num_played_games_for_player: SUCCESS, 22
add_player_cards: SUCCESS
add_player_cards: SUCCESS
add_player: SUCCESS
num_played_games_for_player: SUCCESS, 22
add_team: FAILURE
add_team: FAILURE
remove_team: FAILURE
buy_team: SUCCESS
add_player: SUCCESS
get_partial_spirit: SUCCESS, 4,1,5,2,3
play_match: FAILURE
remove_team: FAILURE
get_team_points: SUCCESS, 0
add_player: SUCCESS
add_player_cards: SUCCESS
num_played_games_for_player: SUCCESS, 22
add_player_cards: SUCCESS
add_player: SUCCESS
add_player: SUCCESS
add_player: SUCCESS
get_player_cards: SUCCESS, 139
get_ith_pointless_ability: FAILURE
get_team_points: SUCCESS, 0
get_ith_pointless_ability: FAILURE
add_player: SUCCESS
buy_team: SUCCESS
buy_team: SUCCESS
get_player_cards: SUCCESS, 100
buy_team: SUCCESS
buy_team: SUCCESS
get_partial_spirit: SUCCESS, 1,2,3,4,5
buy_team: SUCCESS
add_player: FAILURE
buy_team: SUCCESS
get_ith_pointless_ability: FAILURE
add_team: FAILURE
add_player: SUCCESS
get_ith_pointless_ability: SUCCESS, 53
play_match: SUCCESS, 1
add_player: SUCCESS
add_player: SUCCESS
num_played_games_for_player: SUCCESS, 22
buy_team: SUCCESS
remove_team: FAILURE
add_player_cards: SUCCESS
add_player: SUCCESS
get_ith_pointless_ability: SUCCESS, 87
add_player_cards: SUCCESS
add_player: SUCCESS
get_partial_spirit: SUCCESS, 4,3,2,5,1
add_player_cards: SUCCESS
add_player_cards: SUCCESS
get_player_cards: SUCCESS, 194
add_player: SUCCESS
get_partial_spirit: SUCCESS, 4,3,5,2,1
get_ith_pointless_ability: FAILURE
get_player_cards: SUCCESS, 69
get_player_cards: SUCCESS, 158
get_team_points: SUCCESS, 0
add_team: FAILURE
add_player_cards: SUCCESS
get_team_points: SUCCESS, 0
add_player: FAILURE
num_played_games_for_player: SUCCESS, 22
get_partial_spirit: SUCCESS, 1,2,3,4,5
remove_team: FAILURE
add_player_cards: SUCCESS
add_player: SUCCESS
buy_team: SUCCESS
add_player_cards: SUCCESS
get_team_points: SUCCESS, 0
add_player: SUCCESS
add_team: FAILURE
add_team: FAILURE
add_team: FAILURE
play_match: FAILURE
num_played_games_for_player: SUCCESS, 22
get_player_cards: SUCCESS, 262
get_partial_spirit: SUCCESS, 4,2,1,5,3
get_partial_spirit: SUCCESS, 5,2,4,1,3
get_ith_pointless_ability: SUCCESS, 98
remove_team: FAILURE
remove_team: FAILURE
play_match: FAILURE
get_ith_pointless_ability: SUCCESS, 92
add_player: SUCCESS
get_team_points: SUCCESS, 0
get_player_cards: SUCCESS, 104
buy_team: SUCCESS
remove_team: FAILURE
add_player_cards: SUCCESS
get_ith_pointless_ability: FAILURE
get_ith_pointless_ability: SUCCESS, 34
add_player: SUCCESS
add_player: SUCCESS
get_partial_spirit: SUCCESS, 1,2,3,4,5
add_player_cards: SUCCESS
get_team_points: SUCCESS, 0
get_partial_spirit: SUCCESS, 1,2,3,4,5
num_played_games_for_player: SUCCESS, 22
play_match: FAILURE
buy_team: SUCCESS
add_player: SUCCESS
add_player: FAILURE
add_player: SUCCESS
play_match: SUCCESS, 1
play_match: SUCCESS, 1
play_match: FAILURE
add_player: SUCCESS
add_player: SUCCESS
add_player_cards: SUCCESS
num_played_games_for_player: SUCCESS, 22
add_player: FAILURE
add_player: SUCCESS
add_player: SUCCESS
num_played_games_for_player: SUCCESS, 22
num_played_games_for_player: SUCCESS, 22
add_player_cards: SUCCESS
get_ith_pointless_ability: SUCCESS, 31
buy_team: SUCCESS
add_player: SUCCESS
get_team_points: SUCCESS, 0
num_played_games_for_player: SUCCESS, 22
num_played_games_for_player: SUCCESS, 22
get_partial_spirit: SUCCESS, 5,1,4,2,3
buy_team: SUCCESS
play_match: SUCCESS, 1
get_ith_pointless_ability: SUCCESS, 53
get_team_points: SUCCESS, 0
add_player: SUCCESS
remove_team: FAILURE
get_ith_pointless_ability: FAILURE
get_team_points: SUCCESS, 0
add_player: FAILURE
add_player: FAILURE
add_player_cards: SUCCESS
play_match: SUCCESS, 3
get_team_points: SUCCESS, 3
add_team: FAILURE
play_match: FAILURE
get_player_cards: SUCCESS, 187
remove_team: FAILURE
add_player_cards: SUCCESS
buy_team: SUCCESS
get_player_cards: SUCCESS, 71
add_player: FAILURE
add_player: SUCCESS
remove_team: FAILURE
get_ith_pointless_ability: SUCCESS, 79
buy_team: SUCCESS
add_player_cards: SUCCESS
add_player: SUCCESS
remove_team: FAILURE
add_player: FAILURE
play_match: SUCCESS, 1
num_played_games_for_player: SUCCESS, 22
remove_team: FAILURE
play_match: SUCCESS, 3
buy_team: SUCCESS
get_partial_spirit: SUCCESS, 1,2,3,4,5
get_team_points: SUCCESS, 0
add_player: SUCCESS
get_ith_pointless_ability: SUCCESS, 34
get_ith_pointless_ability: FAILURE
get_ith_pointless_ability: FAILURE
buy_team: SUCCESS
play_match: FAILURE
get_player_cards: SUCCESS, 236
remove_team: FAILURE
get_player_cards: SUCCESS, 366
add_player: SUCCESS
add_player: SUCCESS
get_partial_spirit: SUCCESS, 1,2,3,4,5
add_player_cards: SUCCESS
add_team: FAILURE
get_ith_pointless_ability: FAILURE
num_played_games_for_player: SUCCESS, 22
add_player: FAILURE
add_team: FAILURE
add_player: SUCCESS
play_match: SUCCESS, 1
get_team_points: SUCCESS, 0
add_player: SUCCESS
num_played_games_for_player: SUCCESS, 22
num_played_games_for_player: SUCCESS, 22
num_played_games_for_player: SUCCESS, 22
play_match: FAILURE
add_player: SUCCESS
remove_team: FAILURE
remove_team: FAILURE
get_player_cards: SUCCESS, 225
buy_team: SUCCESS
add_player_cards: FAILURE
buy_team: SUCCESS
remove_team: FAILURE
get_player_cards: SUCCESS, 137
remove_team: FAILURE
add_player: SUCCESS
add_team: FAILURE
get_team_points: SUCCESS, 0
get_player_cards: SUCCESS, 126
get_team_points: SUCCESS, 3
add_player: SUCCESS
num_played_games_for_player: SUCCESS, 22
get_ith_pointless_ability: SUCCESS, 53
num_played_games_for_player: SUCCESS, 22
get_team_points: SUCCESS, 0
get_partial_spirit: SUCCESS, 1,2,3,4,5
num_played_games_for_player: SUCCESS, 22
buy_team: SUCCESS
num_played_games_for_player: SUCCESS, 22
remove_team: FAILURE
add_player: SUCCESS
remove_team: FAILURE
get_ith_pointless_ability: SUCCESS, 39
add_player_cards: SUCCESS
num_played_games_for_player: SUCCESS, 22
num_played_games_for_player: SUCCESS, 22
add_player: FAILURE
get_partial_spirit: SUCCESS, 1,2,3,4,5
add_team: FAILURE
add_player_cards: SUCCESS
get_team_points: SUCCESS, 0
add_player: SUCCESS
add_player_cards: FAILURE
add_player: SUCCESS
play_match: FAILURE
num_played_games_for_player: SUCCESS, 22
buy_team: SUCCESS
add_team: FAILURE
add_player: SUCCESS
add_team: FAILURE
add_player_cards: SUCCESS
add_player: SUCCESS
remove_team: FAILURE
add_team: FAILURE
add_player: SUCCESS
play_match: FAILURE
add_player: SUCCESS
add_team: FAILURE
add_player: SUCCESS
play_match: SUCCESS, 3
get_player_cards: SUCCESS, 287
play_match: FAILURE
get_ith_pointless_ability: FAILURE
add_team: FAILURE
get_ith_pointless_ability: SUCCESS, 27
add_player: SUCCESS
add_player_cards: SUCCESS
add_player_cards: SUCCESS
add_team: FAILURE
buy_team: SUCCESS
add_player: SUCCESS
buy_team: SUCCESS
num_played_games_for_player: SUCCESS, 22
remove_team: FAILURE
play_match: SUCCESS, 3
add_player_cards: SUCCESS
get_player_cards: SUCCESS, 93
get_player_cards: SUCCESS, 125
get_partial_spirit: SUCCESS, 1,2,3,4,5
play_match: FAILURE
add_team: FAILURE
num_played_games_for_player: SUCCESS, 22
add_player: SUCCESS
add_player: SUCCESS
get_partial_spirit: SUCCESS, 5,1,4,2,3
get_partial_spirit: SUCCESS, 3,1,5,4,2
get_team_points: SUCCESS, 0
add_player: FAILURE
add_player_cards: SUCCESS
add_team: FAILURE
get_ith_pointless_ability: SUCCESS, 65
num_played_games_for_player: SUCCESS, 22
add_player: SUCCESS
add_player: FAILURE
get_ith_pointless_ability: SUCCESS, 1
remove_team: FAILURE
add_team: FAILURE
add_player: FAILURE
add_player_cards: SUCCESS
add_player_cards: SUCCESS
get_partial_spirit: SUCCESS, 1,2,3,4,5
add_player: FAILURE
add_team: FAILURE
get_partial_spirit: SUCCESS, 5,2,4,1,3
add_player: SUCCESS
add_player: SUCCESS
get_player_cards: SUCCESS, 63
num_played_games_for_player: SUCCESS, 22
num_played_games_for_player: SUCCESS, 22
add_team: FAILURE
add_player: SUCCESS
remove_team: FAILURE
add_player: SUCCESS
add_player: SUCCESS
remove_team: FAILURE
get_ith_pointless_ability: SUCCESS, 80
add_player: SUCCESS
get_partial_spirit: SUCCESS, 3,2,4,5,1
buy_team: SUCCESS
get_partial_spirit: SUCCESS, 2,1,4,5,3
add_player_cards: SUCCESS
add_player: SUCCESS
buy_team: SUCCESS
add_player: SUCCESS
num_played_games_for_player: SUCCESS, 22
add_team: FAILURE
play_match: FAILURE
add_player: SUCCESS
add_player: FAILURE
add_team: FAILURE
add_player_cards: SUCCESS
add_player_cards: SUCCESS
buy_team: SUCCESS
get_partial_spirit: SUCCESS, 1,2,3,4,5
add_player_cards: SUCCESS
add_player: SUCCESS
get_team_points: SUCCESS, 0
buy_team: SUCCESS
get_team_points: SUCCESS, 0
play_match: SUCCESS, 3
add_team: FAILURE
get_ith_pointless_ability: SUCCESS, 41
remove_team: FAILURE
add_team: FAILURE
add_team: FAILURE
add_team: FAILURE
buy_team: SUCCESS
num_played_games_for_player: SUCCESS, 22
get_team_points: SUCCESS, 0
add_player: FAILURE
get_ith_pointless_ability: FAILURE
play_match: FAILURE
add_player: SUCCESS
get_team_points: SUCCESS, 0
add_team: FAILURE
remove_team: FAILURE
add_player_cards: SUCCESS
add_player: SUCCESS
get_player_cards: SUCCESS, 46
get_partial_spirit: SUCCESS, 1,2,3,4,5
buy_team: SUCCESS
get_partial_spirit: SUCCESS, 3,1,5,4,2
add_team: FAILURE
num_played_games_for_player: SUCCESS, 22
get_team_points: FAILURE
num_played_games_for_player: SUCCESS, 22
play_match: SUCCESS, 1
add_player: SUCCESS
get_partial_spirit: SUCCESS, 4,3,1,5,2
add_player: FAILURE
add_team: FAILURE
get_team_points: FAILURE
get_team_points: SUCCESS, 0
buy_team: SUCCESS
num_played_games_for_player: SUCCESS, 22
add_player: FAILURE
get_player_cards: SUCCESS, 12
buy_team: SUCCESS
get_player_cards: SUCCESS, 239
get_team_points: SUCCESS, 0
add_player: SUCCESS
add_team: FAILURE
add_player: FAILURE
remove_team: FAILURE
num_played_games_for_player: SUCCESS, 22
get_team_points: SUCCESS, 3
get_ith_pointless_ability: FAILURE
add_player: SUCCESS
get_partial_spirit: SUCCESS, 5,2,4,3,1
get_partial_spirit: SUCCESS, 2,3,5,1,4
add_player_cards: SUCCESS
get_team_points: FAILURE
play_match: SUCCESS, 3
add_player: FAILURE
get_team_points: SUCCESS, 0
add_player: SUCCESS
buy_team: SUCCESS
add_player: FAILURE
get_team_points: SUCCESS, 3
get_team_points: SUCCESS, 0
buy_team: SUCCESS
add_player: SUCCESS
add_player_cards: SUCCESS
get_partial_spirit: SUCCESS, 4,3,2,5,1
buy_team: SUCCESS
buy_team: SUCCESS
add_player: SUCCESS
get_team_points: SUCCESS, 0
add_team: FAILURE
add_player_cards: SUCCESS
add_player_cards: SUCCESS
add_player: FAILURE
get_team_points: SUCCESS, 0
get_ith_pointless_ability: SUCCESS, 52
num_played_games_for_player: SUCCESS, 22
get_ith_pointless_ability: FAILURE
get_player_cards: SUCCESS, 19
buy_team: SUCCESS
add_team: FAILURE
buy_team: SUCCESS
add_player_cards: SUCCESS
add_team: FAILURE
add_player: SUCCESS
get_team_points: SUCCESS, 0
get_team_points: SUCCESS, 3
get_team_points: SUCCESS, 0
num_played_games_for_player: SUCCESS, 22
play_match: FAILURE
add_player: SUCCESS
add_player: SUCCESS
num_played_games_for_player: SUCCESS, 22
add_player: SUCCESS
remove_team: FAILURE
add_player: SUCCESS
add_player: FAILURE
buy_team: SUCCESS
get_partial_spirit: SUCCESS, 1,2,3,4,5
add_player_cards: SUCCESS
buy_team: SUCCESS
add_team: FAILURE
add_team: FAILURE
add_player: SUCCESS
num_played_games_for_player: SUCCESS, 22
get_player_cards: SUCCESS, 284
get_ith_pointless_ability: SUCCESS, 5
get_team_points: SUCCESS, 3
add_player: SUCCESS
add_player: FAILURE
add_team: FAILURE
get_ith_pointless_ability: FAILURE
get_ith_pointless_ability: SUCCESS, 26
get_partial_spirit: SUCCESS, 2,3,1,4,5
remove_team: FAILURE
add_player: SUCCESS
buy_team: SUCCESS
get_ith_pointless_ability: SUCCESS, 26
add_player: FAILURE
add_player_cards: SUCCESS
remove_team: FAILURE
add_player: FAILURE
add_player: SUCCESS
get_ith_pointless_ability: FAILURE
add_player: FAILURE
remove_team: FAILURE
get_team_points: SUCCESS, 0
add_player_cards: SUCCESS
buy_team: SUCCESS
get_ith_pointless_ability: SUCCESS, 5
num_played_games_for_player: SUCCESS, 22
add_player: SUCCESS
buy_team: SUCCESS
add_team: SUCCESS
remove_team: FAILURE
add_player: SUCCESS
get_partial_spirit: SUCCESS, 3,2,5,1,4
add_player_cards: SUCCESS
buy_team: SUCCESS
num_played_games_for_player: SUCCESS, 22
get_team_points: SUCCESS, 3
add_player: SUCCESS
add_player: SUCCESS
add_team: FAILURE
get_partial_spirit: SUCCESS, 1,2,3,4,5
add_player: FAILURE
buy_team: SUCCESS
get_player_cards: SUCCESS, 256
add_player: FAILURE
add_player: FAILURE
remove_team: FAILURE
get_partial_spirit: SUCCESS, 3,4,5,2,1
get_player_cards: SUCCESS, 56
get_ith_pointless_ability: FAILURE
add_team: FAILURE
get_partial_spirit: SUCCESS, 1,2,3,4,5
add_player_cards: FAILURE
add_player: FAILURE
get_team_points: SUCCESS, 0
get_team_points: SUCCESS, 0
buy_team: SUCCESS
add_player_cards: SUCCESS
get_partial_spirit: SUCCESS, 1,2,3,4,5
get_ith_pointless_ability: SUCCESS, 45
play_match: FAILURE
get_team_points: SUCCESS, 0
add_player: SUCCESS
add_team: FAILURE
play_match: FAILURE
buy_team: SUCCESS
num_played_games_for_player: SUCCESS, 22
add_player: FAILURE
add_player_cards: SUCCESS
remove_team: FAILURE
add_player: FAILURE
get_partial_spirit: SUCCESS, 2,5,3,1,4
num_played_games_for_player: SUCCESS, 22
add_player: FAILURE
get_team_points: SUCCESS, 0
remove_team: FAILURE
get_partial_spirit: SUCCESS, 3,2,1,5,4
buy_team: SUCCESS
add_player_cards: SUCCESS
play_match: FAILURE
get_ith_pointless_ability: SUCCESS, 39
add_player: SUCCESS
get_team_points: SUCCESS, 3
get_player_cards: SUCCESS, 182
buy_team: SUCCESS
num_played_games_for_player: SUCCESS, 22
add_player_cards: SUCCESS
add_player: SUCCESS
num_played_games_for_player: SUCCESS, 22
num_played_games_for_player: SUCCESS, 22
remove_team: FAILURE
add_team: FAILURE
add_player: FAILURE
remove_team: FAILURE
remove_team: FAILURE
add_player: SUCCESS
get_partial_spirit: SUCCESS, 1,2,3,4,5
add_team: FAILURE
add_player_cards: SUCCESS
add_team: FAILURE
add_player: SUCCESS
play_match: FAILURE
get_partial_spirit: SUCCESS, 1,2,3,4,5
play_match: SUCCESS, 3
add_player: SUCCESS
remove_team: FAILURE
add_team: FAILURE
play_match: FAILURE
num_played_games_for_player: SUCCESS, 22
add_player: FAILURE
get_player_cards: SUCCESS, 168
add_player: SUCCESS
num_played_games_for_player: SUCCESS, 22
get_partial_spirit: SUCCESS, 2,3,5,1,4
add_player: SUCCESS
remove_team: FAILURE
num_played_games_for_player: SUCCESS, 22
add_team: FAILURE
add_player_cards: SUCCESS
add_player: SUCCESS
add_player: FAILURE
add_player: SUCCESS
buy_team: SUCCESS
buy_team: SUCCESS
play_match: FAILURE
add_player: SUCCESS
play_match: SUCCESS, 1
add_player_cards: SUCCESS
get_partial_spirit: SUCCESS, 1,2,3,4,5
get_team_points: SUCCESS, 0
add_team: FAILURE
add_player: SUCCESS
remove_team: FAILURE
add_team: FAILURE
num_played_games_for_player: SUCCESS, 22
num_played_games_for_player: SUCCESS, 22
get_team_points: FAILURE
get_player_cards: SUCCESS, 262
remove_team: FAILURE
get_partial_spirit: SUCCESS, 1,2,3,4,5
play_match: SUCCESS, 3
num_played_games_for_player: SUCCESS, 22
add_player: FAILURE
play_match: SUCCESS, 3
remove_team: FAILURE
add_player: FAILURE
add_player_cards: SUCCESS
remove_team: FAILURE
add_player: FAILURE
add_player: FAILURE
add_player_cards: SUCCESS
get_team_points: SUCCESS, 3
get_ith_pointless_ability: SUCCESS, 26
buy_team: SUCCESS
add_player: FAILURE
add_player: FAILURE
add_player: FAILURE
add_player: FAILURE
add_player: FAILURE
get_player_cards: SUCCESS, 46
add_team: FAILURE
play_match: FAILURE
add_player: FAILURE
add_player: FAILURE
add_player: FAILURE
add_team: FAILURE
add_team: FAILURE
remove_team: FAILURE
add_player: FAILURE
get_ith_pointless_ability: SUCCESS, 13
get_team_points: SUCCESS, 0
add_team: FAILURE
get_team_points: SUCCESS, 0
add_team: FAILURE
get_player_cards: SUCCESS, 280
get_player_cards: SUCCESS, 160
buy_team: SUCCESS
add_player: FAILURE
add_team: FAILURE
add_team: FAILURE
add_player_cards: SUCCESS
add_team: FAILURE
get_partial_spirit: FAILURE
add_player: FAILURE
get_player_cards: SUCCESS, 61
add_player: FAILURE
add_player: FAILURE
get_ith_pointless_ability: SUCCESS, 97
add_player: FAILURE
get_partial_spirit: SUCCESS, 4,1,2,3,5
play_match: SUCCESS, 3
get_team_points: SUCCESS, 0
get_player_cards: SUCCESS, 140
add_player: FAILURE
add_player: FAILURE
add_player: FAILURE
num_played_games_for_player: SUCCESS, 22
get_team_points: SUCCESS, 3
play_match: SUCCESS, 1
add_player: FAILURE
remove_team: FAILURE
num_played_games_for_player: SUCCESS, 22
get_player_cards: SUCCESS, 553
remove_team: FAILURE
get_ith_pointless_ability: FAILURE
play_match: SUCCESS, 1
add_player: FAILURE
num_played_games_for_player: SUCCESS, 22
add_player: FAILURE
add_player: FAILURE
buy_team: SUCCESS
add_player: FAILURE
get_ith_pointless_ability: SUCCESS, 5
get_player_cards: SUCCESS, 538
add_player: FAILURE
add_team: FAILURE
play_match: SUCCESS, 3
add_player: FAILURE
play_match: FAILURE
play_match: FAILURE
remove_team: FAILURE
remove_team: FAILURE
play_match: FAILURE
add_player: FAILURE
get_player_cards: SUCCESS, 23
buy_team: SUCCESS
get_player_cards: SUCCESS, 309
add_player: FAILURE
add_team: FAILURE
get_player_cards: SUCCESS, 84
num_played_games_for_player: SUCCESS, 22
get_partial_spirit: SUCCESS, 3,5,4,1,2
remove_team: FAILURE
play_match: FAILURE
add_team: FAILURE
add_player_cards: SUCCESS
buy_team: SUCCESS
buy_team: SUCCESS
get_team_points: SUCCESS, 0
buy_team: SUCCESS
add_player: FAILURE
get_player_cards: SUCCESS, 187
remove_team: FAILURE
play_match: FAILURE
get_player_cards: SUCCESS, 253
add_team: FAILURE
play_match: FAILURE
remove_team: FAILURE
get_partial_spirit: SUCCESS, 3,1,5,4,2
get_partial_spirit: SUCCESS, 1,2,3,4,5
get_team_points: SUCCESS, 3
add_player: FAILURE
add_player_cards: FAILURE
add_player: FAILURE
get_ith_pointless_ability: SUCCESS, 60
get_partial_spirit: SUCCESS, 5,1,4,2,3
buy_team: SUCCESS
remove_team: FAILURE
add_player: FAILURE
get_player_cards: SUCCESS, 85
get_ith_pointless_ability: FAILURE
get_partial_spirit: SUCCESS, 5,2,4,1,3
add_player: FAILURE
remove_team: FAILURE
play_match: SUCCESS, 1
add_player: FAILURE
get_ith_pointless_ability: SUCCESS, 31
num_played_games_for_player: SUCCESS, 22
get_player_cards: SUCCESS, 194
num_played_games_for_player: SUCCESS, 22
add_player: FAILURE
add_player_cards: SUCCESS
add_player_cards: SUCCESS
get_ith_pointless_ability: SUCCESS, 65
add_player: FAILURE
add_player: FAILURE
get_ith_pointless_ability: SUCCESS, 35
get_team_points: FAILURE
remove_team: FAILURE
remove_team: FAILURE
num_played_games_for_player: SUCCESS, 22
add_team: FAILURE
get_partial_spirit: SUCCESS, 5,2,3,4,1
get_player_cards: SUCCESS, 44
add_team: FAILURE
num_played_games_for_player: SUCCESS, 22
buy_team: SUCCESS
add_player_cards: FAILURE
get_team_points: SUCCESS, 0
add_player_cards: SUCCESS
buy_team: SUCCESS
remove_team: FAILURE
num_played_games_for_player: SUCCESS, 22
get_partial_spirit: SUCCESS, 2,1,5,3,4
get_player_cards: SUCCESS, 194
play_match: FAILURE
remove_team: FAILURE
add_player: FAILURE
num_played_games_for_player: SUCCESS, 22
num_played_games_for_player: SUCCESS, 22
add_player_cards: FAILURE
buy_team: SUCCESS
num_played_games_for_player: SUCCESS, 22
play_match: FAILURE
buy_team: SUCCESS
add_team: FAILURE
play_match: FAILURE
get_partial_spirit: SUCCESS, 2,4,1,5,3
add_player_cards: FAILURE
get_partial_spirit: SUCCESS, 1,2,3,4,5
play_match: SUCCESS, 1
num_played_games_for_player: SUCCESS, 22
remove_team: FAILURE
play_match: FAILURE
get_partial_spirit: SUCCESS, 1,2,3,4,5
get_player_cards: SUCCESS, 228
add_player_cards: SUCCESS
num_played_games_for_player: SUCCESS, 22
get_ith_pointless_ability: FAILURE
add_player: FAILURE
get_ith_pointless_ability: FAILURE
add_team: SUCCESS
remove_team: FAILURE
get_ith_pointless_ability: SUCCESS, 13
play_match: FAILURE
get_team_points: FAILURE
remove_team: FAILURE
add_team: FAILURE
play_match: FAILURE
add_team: FAILURE
get_player_cards: SUCCESS, 193
num_played_games_for_player: SUCCESS, 22
play_match: FAILURE
add_player: FAILURE
add_player_cards: SUCCESS
add_player_cards: SUCCESS
add_player_cards: SUCCESS
add_team: FAILURE
add_player: FAILURE
buy_team: SUCCESS
add_player: FAILURE
add_player: FAILURE
get_ith_pointless_ability: SUCCESS, 48
add_team: FAILURE
get_team_points: FAILURE
get_ith_pointless_ability: SUCCESS, 5
buy_team: SUCCESS
add_player: FAILURE
add_player: FAILURE
add_player: FAILURE
add_player: FAILURE
add_player_cards: FAILURE
add_player: FAILURE
add_team: FAILURE
add_player: FAILURE
get_ith_pointless_ability: SUCCESS, 46
num_played_games_for_player: SUCCESS, 22
add_player: FAILURE
add_player: FAILURE
get_partial_spirit: SUCCESS, 5,2,4,1,3
add_player: FAILURE
buy_team: SUCCESS
get_partial_spirit: FAILURE
get_team_points: SUCCESS, 3
play_match: FAILURE
get_player_cards: SUCCESS, 138
get_team_points: FAILURE
play_match: FAILURE
buy_team: SUCCESS
num_played_games_for_player: SUCCESS, 22
buy_team: SUCCESS
add_player: FAILURE
add_player: FAILURE
add_player_cards: SUCCESS
add_player: FAILURE
get_ith_pointless_ability: SUCCESS, 97
add_team: FAILURE
get_ith_pointless_ability: SUCCESS, 20
get_team_points: SUCCESS, 0
get_partial_spirit: FAILURE
num_played_games_for_player: SUCCESS, 22
add_team: FAILURE
get_team_points: SUCCESS, 0
buy_team: SUCCESS
add_team: FAILURE
play_match: FAILURE
add_player: FAILURE
play_match: FAILURE
add_player: FAILURE
add_player: FAILURE
get_ith_pointless_ability: FAILURE
add_player: FAILURE
add_player_cards: SUCCESS
add_player: FAILURE
remove_team: FAILURE
num_played_games_for_player: SUCCESS, 22
play_match: FAILURE
add_player_cards: FAILURE
add_player_cards: SUCCESS
add_team: FAILURE
get_team_points: FAILURE
add_player: FAILURE
